using /home/xe-lpt-71/Documents/5stageCompliance/riscof_work/mulhsu-01.S/ref/Reference-sail_c_simulator.signature for test-signature output.
[Sail] Allocating new block 0x80000000
tohost located at 0x80004000
[Sail] Allocating new block 0x0

Running file sail-mulhsu-01.elf.
ELF Entry @ 0x80000000
begin_signature: 0x80005210
end_signature: 0x80005c40
CSR mstatus <- 0x00000000 (input: 0x00000000)
mem[X,0x00001000] -> 0x0297
mem[X,0x00001002] -> 0x0000
[0] [M]: 0x00001000 (0x00000297) auipc t0, 0
x5 <- 0x00001000


mem[X,0x00001004] -> 0x8593
mem[X,0x00001006] -> 0x0202
[1] [M]: 0x00001004 (0x02028593) addi a1, t0, 32
x11 <- 0x00001020


mem[X,0x00001008] -> 0x2573
mem[X,0x0000100A] -> 0xF140
[2] [M]: 0x00001008 (0xF1402573) csrrs a0, mhartid, zero
CSR mhartid -> 0x00000000
x10 <- 0x00000000


mem[X,0x0000100C] -> 0xA283
mem[X,0x0000100E] -> 0x0182
[3] [M]: 0x0000100C (0x0182A283) lw t0, 24(t0)
mem[R,0x00001018] -> 0x80000000
x5 <- 0x80000000


mem[X,0x00001010] -> 0x8067
mem[X,0x00001012] -> 0x0002
[4] [M]: 0x00001010 (0x00028067) jalr zero, t0, 0


mem[X,0x80000000] -> 0xC0B7
mem[X,0x80000002] -> 0xFEED
[5] [M]: 0x80000000 (0xFEEDC0B7) lui ra, 1044188
x1 <- 0xFEEDC000


mem[X,0x80000004] -> 0x8093
mem[X,0x80000006] -> 0xEAD0
[6] [M]: 0x80000004 (0xEAD08093) addi ra, ra, 3757
x1 <- 0xFEEDBEAD


mem[X,0x80000008] -> 0xE137
mem[X,0x8000000A] -> 0xFF76
[7] [M]: 0x80000008 (0xFF76E137) lui sp, 1046382
x2 <- 0xFF76E000


mem[X,0x8000000C] -> 0x0113
mem[X,0x8000000E] -> 0xF561
[8] [M]: 0x8000000C (0xF5610113) addi sp, sp, 3926
x2 <- 0xFF76DF56


mem[X,0x80000010] -> 0x71B7
mem[X,0x80000012] -> 0x7FBB
[9] [M]: 0x80000010 (0x7FBB71B7) lui gp, 523191
x3 <- 0x7FBB7000


mem[X,0x80000014] -> 0x8193
mem[X,0x80000016] -> 0xFAB1
[10] [M]: 0x80000014 (0xFAB18193) addi gp, gp, 4011
x3 <- 0x7FBB6FAB


mem[X,0x80000018] -> 0xB237
mem[X,0x8000001A] -> 0xBFDD
[11] [M]: 0x80000018 (0xBFDDB237) lui tp, 785883
x4 <- 0xBFDDB000


mem[X,0x8000001C] -> 0x0213
mem[X,0x8000001E] -> 0x7D52
[12] [M]: 0x8000001C (0x7D520213) addi tp, tp, 2005
x4 <- 0xBFDDB7D5


mem[X,0x80000020] -> 0x0297
mem[X,0x80000022] -> 0x0000
[13] [M]: 0x80000020 (0x00000297) auipc t0, 0
x5 <- 0x80000020


mem[X,0x80000024] -> 0x8293
mem[X,0x80000026] -> 0x0D82
[14] [M]: 0x80000024 (0x0D828293) addi t0, t0, 216
x5 <- 0x800000F8


mem[X,0x80000028] -> 0x5317
mem[X,0x8000002A] -> 0x0000
[15] [M]: 0x80000028 (0x00005317) auipc t1, 5
x6 <- 0x80005028


mem[X,0x8000002C] -> 0x0313
mem[X,0x8000002E] -> 0xFD83
[16] [M]: 0x8000002C (0xFD830313) addi t1, t1, 4056
x6 <- 0x80005000


mem[X,0x80000030] -> 0xB3B7
mem[X,0x80000032] -> 0xB7FB
[17] [M]: 0x80000030 (0xB7FBB3B7) lui t2, 753595
x7 <- 0xB7FBB000


mem[X,0x80000034] -> 0x8393
mem[X,0x80000036] -> 0x6FA3
[18] [M]: 0x80000034 (0x6FA38393) addi t2, t2, 1786
x7 <- 0xB7FBB6FA


mem[X,0x80000038] -> 0xE437
mem[X,0x8000003A] -> 0x5BFD
[19] [M]: 0x80000038 (0x5BFDE437) lui fp, 376798
x8 <- 0x5BFDE000


mem[X,0x8000003C] -> 0x0413
mem[X,0x8000003E] -> 0xB7D4
[20] [M]: 0x8000003C (0xB7D40413) addi fp, fp, 2941
x8 <- 0x5BFDDB7D


mem[X,0x80000040] -> 0xF4B7
mem[X,0x80000042] -> 0xADFE
[21] [M]: 0x80000040 (0xADFEF4B7) lui s1, 712687
x9 <- 0xADFEF000


mem[X,0x80000044] -> 0x8493
mem[X,0x80000046] -> 0xDBE4
[22] [M]: 0x80000044 (0xDBE48493) addi s1, s1, 3518
x9 <- 0xADFEEDBE


mem[X,0x80000048] -> 0x7537
mem[X,0x8000004A] -> 0x56FF
[23] [M]: 0x80000048 (0x56FF7537) lui a0, 356343
x10 <- 0x56FF7000


mem[X,0x8000004C] -> 0x0513
mem[X,0x8000004E] -> 0x6DF5
[24] [M]: 0x8000004C (0x6DF50513) addi a0, a0, 1759
x10 <- 0x56FF76DF


mem[X,0x80000050] -> 0xC5B7
mem[X,0x80000052] -> 0xAB7F
[25] [M]: 0x80000050 (0xAB7FC5B7) lui a1, 702460
x11 <- 0xAB7FC000


mem[X,0x80000054] -> 0x8593
mem[X,0x80000056] -> 0xB6F5
[26] [M]: 0x80000054 (0xB6F58593) addi a1, a1, 2927
x11 <- 0xAB7FBB6F


mem[X,0x80000058] -> 0xE637
mem[X,0x8000005A] -> 0xD5BF
[27] [M]: 0x80000058 (0xD5BFE637) lui a2, 875518
x12 <- 0xD5BFE000


mem[X,0x8000005C] -> 0x0613
mem[X,0x8000005E] -> 0xDB76
[28] [M]: 0x8000005C (0xDB760613) addi a2, a2, 3511
x12 <- 0xD5BFDDB7


mem[X,0x80000060] -> 0xF6B7
mem[X,0x80000062] -> 0xEADF
[29] [M]: 0x80000060 (0xEADFF6B7) lui a3, 962047
x13 <- 0xEADFF000


mem[X,0x80000064] -> 0x8693
mem[X,0x80000066] -> 0xEDB6
[30] [M]: 0x80000064 (0xEDB68693) addi a3, a3, 3803
x13 <- 0xEADFEEDB


mem[X,0x80000068] -> 0xF737
mem[X,0x8000006A] -> 0xF56F
[31] [M]: 0x80000068 (0xF56FF737) lui a4, 1005311
x14 <- 0xF56FF000


mem[X,0x8000006C] -> 0x0713
mem[X,0x8000006E] -> 0x76D7
[32] [M]: 0x8000006C (0x76D70713) addi a4, a4, 1901
x14 <- 0xF56FF76D


mem[X,0x80000070] -> 0x07B7
mem[X,0x80000072] -> 0xFAB8
[33] [M]: 0x80000070 (0xFAB807B7) lui a5, 1026944
x15 <- 0xFAB80000


mem[X,0x80000074] -> 0x8793
mem[X,0x80000076] -> 0xBB67
[34] [M]: 0x80000074 (0xBB678793) addi a5, a5, 2998
x15 <- 0xFAB7FBB6


mem[X,0x80000078] -> 0x0837
mem[X,0x8000007A] -> 0x7D5C
[35] [M]: 0x80000078 (0x7D5C0837) lui a6, 513472
x16 <- 0x7D5C0000


mem[X,0x8000007C] -> 0x0813
mem[X,0x8000007E] -> 0xDDB8
[36] [M]: 0x8000007C (0xDDB80813) addi a6, a6, 3547
x16 <- 0x7D5BFDDB


mem[X,0x80000080] -> 0x08B7
mem[X,0x80000082] -> 0xBEAE
[37] [M]: 0x80000080 (0xBEAE08B7) lui a7, 781024
x17 <- 0xBEAE0000


mem[X,0x80000084] -> 0x8893
mem[X,0x80000086] -> 0xEED8
[38] [M]: 0x80000084 (0xEED88893) addi a7, a7, 3821
x17 <- 0xBEADFEED


mem[X,0x80000088] -> 0x0937
mem[X,0x8000008A] -> 0xDF57
[39] [M]: 0x80000088 (0xDF570937) lui s2, 914800
x18 <- 0xDF570000


mem[X,0x8000008C] -> 0x0913
mem[X,0x8000008E] -> 0xF769
[40] [M]: 0x8000008C (0xF7690913) addi s2, s2, 3958
x18 <- 0xDF56FF76


mem[X,0x80000090] -> 0x89B7
mem[X,0x80000092] -> 0x6FAB
[41] [M]: 0x80000090 (0x6FAB89B7) lui s3, 457400
x19 <- 0x6FAB8000


mem[X,0x80000094] -> 0x8993
mem[X,0x80000096] -> 0xFBB9
[42] [M]: 0x80000094 (0xFBB98993) addi s3, s3, 4027
x19 <- 0x6FAB7FBB


mem[X,0x80000098] -> 0xCA37
mem[X,0x8000009A] -> 0xB7D5
[43] [M]: 0x80000098 (0xB7D5CA37) lui s4, 752988
x20 <- 0xB7D5C000


mem[X,0x8000009C] -> 0x0A13
mem[X,0x8000009E] -> 0xFDDA
[44] [M]: 0x8000009C (0xFDDA0A13) addi s4, s4, 4061
x20 <- 0xB7D5BFDD


mem[X,0x800000A0] -> 0xEAB7
mem[X,0x800000A2] -> 0xDBEA
[45] [M]: 0x800000A0 (0xDBEAEAB7) lui s5, 900782
x21 <- 0xDBEAE000


mem[X,0x800000A4] -> 0x8A93
mem[X,0x800000A6] -> 0xFEEA
[46] [M]: 0x800000A4 (0xFEEA8A93) addi s5, s5, 4078
x21 <- 0xDBEADFEE


mem[X,0x800000A8] -> 0x7B37
mem[X,0x800000AA] -> 0x6DF5
[47] [M]: 0x800000A8 (0x6DF57B37) lui s6, 450391
x22 <- 0x6DF57000


mem[X,0x800000AC] -> 0x0B13
mem[X,0x800000AE] -> 0xFF7B
[48] [M]: 0x800000AC (0xFF7B0B13) addi s6, s6, 4087
x22 <- 0x6DF56FF7


mem[X,0x800000B0] -> 0xBBB7
mem[X,0x800000B2] -> 0xB6FA
[49] [M]: 0x800000B0 (0xB6FABBB7) lui s7, 749483
x23 <- 0xB6FAB000


mem[X,0x800000B4] -> 0x8B93
mem[X,0x800000B6] -> 0x7FBB
[50] [M]: 0x800000B4 (0x7FBB8B93) addi s7, s7, 2043
x23 <- 0xB6FAB7FB


mem[X,0x800000B8] -> 0x6C37
mem[X,0x800000BA] -> 0xDB7D
[51] [M]: 0x800000B8 (0xDB7D6C37) lui s8, 899030
x24 <- 0xDB7D6000


mem[X,0x800000BC] -> 0x0C13
mem[X,0x800000BE] -> 0xBFDC
[52] [M]: 0x800000BC (0xBFDC0C13) addi s8, s8, 3069
x24 <- 0xDB7D5BFD


mem[X,0x800000C0] -> 0xBCB7
mem[X,0x800000C2] -> 0xEDBE
[53] [M]: 0x800000C0 (0xEDBEBCB7) lui s9, 973803
x25 <- 0xEDBEB000


mem[X,0x800000C4] -> 0x8C93
mem[X,0x800000C6] -> 0xDFEC
[54] [M]: 0x800000C4 (0xDFEC8C93) addi s9, s9, 3582
x25 <- 0xEDBEADFE


mem[X,0x800000C8] -> 0x5D37
mem[X,0x800000CA] -> 0x76DF
[55] [M]: 0x800000C8 (0x76DF5D37) lui s10, 486901
x26 <- 0x76DF5000


mem[X,0x800000CC] -> 0x0D13
mem[X,0x800000CE] -> 0x6FFD
[56] [M]: 0x800000CC (0x6FFD0D13) addi s10, s10, 1791
x26 <- 0x76DF56FF


mem[X,0x800000D0] -> 0xBDB7
mem[X,0x800000D2] -> 0xBB6F
[57] [M]: 0x800000D0 (0xBB6FBDB7) lui s11, 767739
x27 <- 0xBB6FB000


mem[X,0x800000D4] -> 0x8D93
mem[X,0x800000D6] -> 0xB7FD
[58] [M]: 0x800000D4 (0xB7FD8D93) addi s11, s11, 2943
x27 <- 0xBB6FAB7F


mem[X,0x800000D8] -> 0xDE37
mem[X,0x800000DA] -> 0xDDB7
[59] [M]: 0x800000D8 (0xDDB7DE37) lui t3, 908157
x28 <- 0xDDB7D000


mem[X,0x800000DC] -> 0x0E13
mem[X,0x800000DE] -> 0x5BFE
[60] [M]: 0x800000DC (0x5BFE0E13) addi t3, t3, 1471
x28 <- 0xDDB7D5BF


mem[X,0x800000E0] -> 0xFEB7
mem[X,0x800000E2] -> 0xEEDB
[61] [M]: 0x800000E0 (0xEEDBFEB7) lui t4, 978367
x29 <- 0xEEDBF000


mem[X,0x800000E4] -> 0x8E93
mem[X,0x800000E6] -> 0xADFE
[62] [M]: 0x800000E4 (0xADFE8E93) addi t4, t4, 2783
x29 <- 0xEEDBEADF


mem[X,0x800000E8] -> 0xFF37
mem[X,0x800000EA] -> 0xF76D
[63] [M]: 0x800000E8 (0xF76DFF37) lui t5, 1013471
x30 <- 0xF76DF000


mem[X,0x800000EC] -> 0x0F13
mem[X,0x800000EE] -> 0x56FF
[64] [M]: 0x800000EC (0x56FF0F13) addi t5, t5, 1391
x30 <- 0xF76DF56F


mem[X,0x800000F0] -> 0x0FB7
mem[X,0x800000F2] -> 0xFBB7
[65] [M]: 0x800000F0 (0xFBB70FB7) lui t6, 1031024
x31 <- 0xFBB70000


mem[X,0x800000F4] -> 0x8F93
mem[X,0x800000F6] -> 0xAB7F
[66] [M]: 0x800000F4 (0xAB7F8F93) addi t6, t6, 2743
x31 <- 0xFBB6FAB7


mem[X,0x800000F8] -> 0x5897
mem[X,0x800000FA] -> 0x0000
[67] [M]: 0x800000F8 (0x00005897) auipc a7, 5
x17 <- 0x800050F8


mem[X,0x800000FC] -> 0x8893
mem[X,0x800000FE] -> 0x11C8
[68] [M]: 0x800000FC (0x11C88893) addi a7, a7, 284
x17 <- 0x80005214


mem[X,0x80000100] -> 0x0B13
mem[X,0x80000102] -> 0x0040
[69] [M]: 0x80000100 (0x00400B13) addi s6, zero, 4
x22 <- 0x00000004


mem[X,0x80000104] -> 0x0513
mem[X,0x80000106] -> 0x0030
[70] [M]: 0x80000104 (0x00300513) addi a0, zero, 3
x10 <- 0x00000003


mem[X,0x80000108] -> 0x2B33
mem[X,0x8000010A] -> 0x02AB
[71] [M]: 0x80000108 (0x02AB2B33) mulhsu s6, s6, a0
x22 <- 0x00000000


mem[X,0x8000010C] -> 0xA023
mem[X,0x8000010E] -> 0x0168
[72] [M]: 0x8000010C (0x0168A023) sw s6, 0(a7)
mem[0x80005214] <- 0x00000000


mem[X,0x80000110] -> 0x0B93
mem[X,0x80000112] -> 0x0800
[73] [M]: 0x80000110 (0x08000B93) addi s7, zero, 128
x23 <- 0x00000080


mem[X,0x80000114] -> 0x0B93
mem[X,0x80000116] -> 0x0800
[74] [M]: 0x80000114 (0x08000B93) addi s7, zero, 128
x23 <- 0x00000080


mem[X,0x80000118] -> 0xA133
mem[X,0x8000011A] -> 0x037B
[75] [M]: 0x80000118 (0x037BA133) mulhsu sp, s7, s7
x2 <- 0x00000000


mem[X,0x8000011C] -> 0xA223
mem[X,0x8000011E] -> 0x0028
[76] [M]: 0x8000011C (0x0028A223) sw sp, 4(a7)
mem[0x80005218] <- 0x00000000


mem[X,0x80000120] -> 0xB137
mem[X,0x80000122] -> 0x0000
[77] [M]: 0x80000120 (0x0000B137) lui sp, 11
x2 <- 0x0000B000


mem[X,0x80000124] -> 0x0113
mem[X,0x80000126] -> 0x5031
[78] [M]: 0x80000124 (0x50310113) addi sp, sp, 1283
x2 <- 0x0000B503


mem[X,0x80000128] -> 0x0993
mem[X,0x8000012A] -> 0x0000
[79] [M]: 0x80000128 (0x00000993) addi s3, zero, 0
x19 <- 0x00000000


mem[X,0x8000012C] -> 0x29B3
mem[X,0x8000012E] -> 0x0331
[80] [M]: 0x8000012C (0x033129B3) mulhsu s3, sp, s3
x19 <- 0x00000000


mem[X,0x80000130] -> 0xA423
mem[X,0x80000132] -> 0x0138
[81] [M]: 0x80000130 (0x0138A423) sw s3, 8(a7)
mem[0x8000521C] <- 0x00000000


mem[X,0x80000134] -> 0x0C93
mem[X,0x80000136] -> 0x0040
[82] [M]: 0x80000134 (0x00400C93) addi s9, zero, 4
x25 <- 0x00000004


mem[X,0x80000138] -> 0x0493
mem[X,0x8000013A] -> 0xFFF0
[83] [M]: 0x80000138 (0xFFF00493) addi s1, zero, 4095
x9 <- 0xFFFFFFFF


mem[X,0x8000013C] -> 0xA3B3
mem[X,0x8000013E] -> 0x029C
[84] [M]: 0x8000013C (0x029CA3B3) mulhsu t2, s9, s1
x7 <- 0x00000003


mem[X,0x80000140] -> 0xA623
mem[X,0x80000142] -> 0x0078
[85] [M]: 0x80000140 (0x0078A623) sw t2, 12(a7)
mem[0x80005220] <- 0x00000003


mem[X,0x80000144] -> 0x0E37
mem[X,0x80000146] -> 0xE000
[86] [M]: 0x80000144 (0xE0000E37) lui t3, 917504
x28 <- 0xE0000000


mem[X,0x80000148] -> 0x0E13
mem[X,0x8000014A] -> 0xFFFE
[87] [M]: 0x80000148 (0xFFFE0E13) addi t3, t3, 4095
x28 <- 0xDFFFFFFF


mem[X,0x8000014C] -> 0x0E37
mem[X,0x8000014E] -> 0xE000
[88] [M]: 0x8000014C (0xE0000E37) lui t3, 917504
x28 <- 0xE0000000


mem[X,0x80000150] -> 0x0E13
mem[X,0x80000152] -> 0xFFFE
[89] [M]: 0x80000150 (0xFFFE0E13) addi t3, t3, 4095
x28 <- 0xDFFFFFFF


mem[X,0x80000154] -> 0x2E33
mem[X,0x80000156] -> 0x03CE
[90] [M]: 0x80000154 (0x03CE2E33) mulhsu t3, t3, t3
x28 <- 0xE3FFFFFF


mem[X,0x80000158] -> 0xA823
mem[X,0x8000015A] -> 0x01C8
[91] [M]: 0x80000158 (0x01C8A823) sw t3, 16(a7)
mem[0x80005224] <- 0xE3FFFFFF


mem[X,0x8000015C] -> 0x0013
mem[X,0x8000015E] -> 0x0000
[92] [M]: 0x8000015C (0x00000013) addi zero, zero, 0


mem[X,0x80000160] -> 0x0913
mem[X,0x80000162] -> 0xFDF0
[93] [M]: 0x80000160 (0xFDF00913) addi s2, zero, 4063
x18 <- 0xFFFFFFDF


mem[X,0x80000164] -> 0x2433
mem[X,0x80000166] -> 0x0320
[94] [M]: 0x80000164 (0x03202433) mulhsu fp, zero, s2
x8 <- 0x00000000


mem[X,0x80000168] -> 0xAA23
mem[X,0x8000016A] -> 0x0088
[95] [M]: 0x80000168 (0x0088AA23) sw fp, 20(a7)
mem[0x80005228] <- 0x00000000


mem[X,0x8000016C] -> 0x0713
mem[X,0x8000016E] -> 0x0000
[96] [M]: 0x8000016C (0x00000713) addi a4, zero, 0
x14 <- 0x00000000


mem[X,0x80000170] -> 0x0793
mem[X,0x80000172] -> 0x0120
[97] [M]: 0x80000170 (0x01200793) addi a5, zero, 18
x15 <- 0x00000012


mem[X,0x80000174] -> 0x2633
mem[X,0x80000176] -> 0x02F7
[98] [M]: 0x80000174 (0x02F72633) mulhsu a2, a4, a5
x12 <- 0x00000000


mem[X,0x80000178] -> 0xAC23
mem[X,0x8000017A] -> 0x00C8
[99] [M]: 0x80000178 (0x00C8AC23) sw a2, 24(a7)
mem[0x8000522C] <- 0x00000000


clint::tick mtime <- 0x0000000000000001
 clint timer pending at mtime 0x0000000000000001
htif::tick 0x0000000000000000
mem[X,0x8000017C] -> 0x06B7
mem[X,0x8000017E] -> 0x8000
[100] [M]: 0x8000017C (0x800006B7) lui a3, 524288
x13 <- 0x80000000


mem[X,0x80000180] -> 0x8693
mem[X,0x80000182] -> 0xFFF6
[101] [M]: 0x80000180 (0xFFF68693) addi a3, a3, 4095
x13 <- 0x7FFFFFFF


mem[X,0x80000184] -> 0x01B7
mem[X,0x80000186] -> 0xF000
[102] [M]: 0x80000184 (0xF00001B7) lui gp, 983040
x3 <- 0xF0000000


mem[X,0x80000188] -> 0x8193
mem[X,0x8000018A] -> 0xFFF1
[103] [M]: 0x80000188 (0xFFF18193) addi gp, gp, 4095
x3 <- 0xEFFFFFFF


mem[X,0x8000018C] -> 0xA233
mem[X,0x8000018E] -> 0x0236
[104] [M]: 0x8000018C (0x0236A233) mulhsu tp, a3, gp
x4 <- 0x77FFFFFE


mem[X,0x80000190] -> 0xAE23
mem[X,0x80000192] -> 0x0048
[105] [M]: 0x80000190 (0x0048AE23) sw tp, 28(a7)
mem[0x80005230] <- 0x77FFFFFE


mem[X,0x80000194] -> 0x0313
mem[X,0x80000196] -> 0x0010
[106] [M]: 0x80000194 (0x00100313) addi t1, zero, 1
x6 <- 0x00000001


mem[X,0x80000198] -> 0x0813
mem[X,0x8000019A] -> 0x4000
[107] [M]: 0x80000198 (0x40000813) addi a6, zero, 1024
x16 <- 0x00000400


mem[X,0x8000019C] -> 0x2F33
mem[X,0x8000019E] -> 0x0303
[108] [M]: 0x8000019C (0x03032F33) mulhsu t5, t1, a6
x30 <- 0x00000000


mem[X,0x800001A0] -> 0xA023
mem[X,0x800001A2] -> 0x03E8
[109] [M]: 0x800001A0 (0x03E8A023) sw t5, 32(a7)
mem[0x80005234] <- 0x00000000


mem[X,0x800001A4] -> 0x0413
mem[X,0x800001A6] -> 0x0030
[110] [M]: 0x800001A4 (0x00300413) addi fp, zero, 3
x8 <- 0x00000003


mem[X,0x800001A8] -> 0x0293
mem[X,0x800001AA] -> 0x0020
[111] [M]: 0x800001A8 (0x00200293) addi t0, zero, 2
x5 <- 0x00000002


mem[X,0x800001AC] -> 0x20B3
mem[X,0x800001AE] -> 0x0254
[112] [M]: 0x800001AC (0x025420B3) mulhsu ra, fp, t0
x1 <- 0x00000000


mem[X,0x800001B0] -> 0xA223
mem[X,0x800001B2] -> 0x0218
[113] [M]: 0x800001B0 (0x0218A223) sw ra, 36(a7)
mem[0x80005238] <- 0x00000000


mem[X,0x800001B4] -> 0x0593
mem[X,0x800001B6] -> 0x0060
[114] [M]: 0x800001B4 (0x00600593) addi a1, zero, 6
x11 <- 0x00000006


mem[X,0x800001B8] -> 0x0D93
mem[X,0x800001BA] -> 0x0040
[115] [M]: 0x800001B8 (0x00400D93) addi s11, zero, 4
x27 <- 0x00000004


mem[X,0x800001BC] -> 0xA4B3
mem[X,0x800001BE] -> 0x03B5
[116] [M]: 0x800001BC (0x03B5A4B3) mulhsu s1, a1, s11
x9 <- 0x00000000


mem[X,0x800001C0] -> 0xA423
mem[X,0x800001C2] -> 0x0298
[117] [M]: 0x800001C0 (0x0298A423) sw s1, 40(a7)
mem[0x8000523C] <- 0x00000000


mem[X,0x800001C4] -> 0x0DB7
mem[X,0x800001C6] -> 0xC000
[118] [M]: 0x800001C4 (0xC0000DB7) lui s11, 786432
x27 <- 0xC0000000


mem[X,0x800001C8] -> 0x0C93
mem[X,0x800001CA] -> 0x0080
[119] [M]: 0x800001C8 (0x00800C93) addi s9, zero, 8
x25 <- 0x00000008


mem[X,0x800001CC] -> 0xA6B3
mem[X,0x800001CE] -> 0x039D
[120] [M]: 0x800001CC (0x039DA6B3) mulhsu a3, s11, s9
x13 <- 0xFFFFFFFE


mem[X,0x800001D0] -> 0xA623
mem[X,0x800001D2] -> 0x02D8
[121] [M]: 0x800001D0 (0x02D8A623) sw a3, 44(a7)
mem[0x80005240] <- 0xFFFFFFFE


mem[X,0x800001D4] -> 0x0F13
mem[X,0x800001D6] -> 0xFBF0
[122] [M]: 0x800001D4 (0xFBF00F13) addi t5, zero, 4031
x30 <- 0xFFFFFFBF


mem[X,0x800001D8] -> 0x0713
mem[X,0x800001DA] -> 0x0100
[123] [M]: 0x800001D8 (0x01000713) addi a4, zero, 16
x14 <- 0x00000010


mem[X,0x800001DC] -> 0x2833
mem[X,0x800001DE] -> 0x02EF
[124] [M]: 0x800001DC (0x02EF2833) mulhsu a6, t5, a4
x16 <- 0xFFFFFFFF


mem[X,0x800001E0] -> 0xA823
mem[X,0x800001E2] -> 0x0308
[125] [M]: 0x800001E0 (0x0308A823) sw a6, 48(a7)
mem[0x80005244] <- 0xFFFFFFFF


mem[X,0x800001E4] -> 0x0793
mem[X,0x800001E6] -> 0xFFB0
[126] [M]: 0x800001E4 (0xFFB00793) addi a5, zero, 4091
x15 <- 0xFFFFFFFB


mem[X,0x800001E8] -> 0x0B13
mem[X,0x800001EA] -> 0x0200
[127] [M]: 0x800001E8 (0x02000B13) addi s6, zero, 32
x22 <- 0x00000020


mem[X,0x800001EC] -> 0xA5B3
mem[X,0x800001EE] -> 0x0367
[128] [M]: 0x800001EC (0x0367A5B3) mulhsu a1, a5, s6
x11 <- 0xFFFFFFFF


mem[X,0x800001F0] -> 0xAA23
mem[X,0x800001F2] -> 0x02B8
[129] [M]: 0x800001F0 (0x02B8AA23) sw a1, 52(a7)
mem[0x80005248] <- 0xFFFFFFFF


mem[X,0x800001F4] -> 0x0813
mem[X,0x800001F6] -> 0xFBF0
[130] [M]: 0x800001F4 (0xFBF00813) addi a6, zero, 4031
x16 <- 0xFFFFFFBF


mem[X,0x800001F8] -> 0x0213
mem[X,0x800001FA] -> 0x0400
[131] [M]: 0x800001F8 (0x04000213) addi tp, zero, 64
x4 <- 0x00000040


mem[X,0x800001FC] -> 0x2EB3
mem[X,0x800001FE] -> 0x0248
[132] [M]: 0x800001FC (0x02482EB3) mulhsu t4, a6, tp
x29 <- 0xFFFFFFFF


mem[X,0x80000200] -> 0xAC23
mem[X,0x80000202] -> 0x03D8
[133] [M]: 0x80000200 (0x03D8AC23) sw t4, 56(a7)
mem[0x8000524C] <- 0xFFFFFFFF


mem[X,0x80000204] -> 0x0C37
mem[X,0x80000206] -> 0x0800
[134] [M]: 0x80000204 (0x08000C37) lui s8, 32768
x24 <- 0x08000000


mem[X,0x80000208] -> 0x0693
mem[X,0x8000020A] -> 0x1000
[135] [M]: 0x80000208 (0x10000693) addi a3, zero, 256
x13 <- 0x00000100


mem[X,0x8000020C] -> 0x2AB3
mem[X,0x8000020E] -> 0x02DC
[136] [M]: 0x8000020C (0x02DC2AB3) mulhsu s5, s8, a3
x21 <- 0x00000008


mem[X,0x80000210] -> 0xAE23
mem[X,0x80000212] -> 0x0358
[137] [M]: 0x80000210 (0x0358AE23) sw s5, 60(a7)
mem[0x80005250] <- 0x00000008


mem[X,0x80000214] -> 0x0993
mem[X,0x80000216] -> 0xEFF0
[138] [M]: 0x80000214 (0xEFF00993) addi s3, zero, 3839
x19 <- 0xFFFFFEFF


mem[X,0x80000218] -> 0x0313
mem[X,0x8000021A] -> 0x2000
[139] [M]: 0x80000218 (0x20000313) addi t1, zero, 512
x6 <- 0x00000200


mem[X,0x8000021C] -> 0xAD33
mem[X,0x8000021E] -> 0x0269
[140] [M]: 0x8000021C (0x0269AD33) mulhsu s10, s3, t1
x26 <- 0xFFFFFFFF


mem[X,0x80000220] -> 0xA023
mem[X,0x80000222] -> 0x05A8
[141] [M]: 0x80000220 (0x05A8A023) sw s10, 64(a7)
mem[0x80005254] <- 0xFFFFFFFF


mem[X,0x80000224] -> 0x5697
mem[X,0x80000226] -> 0x0000
[142] [M]: 0x80000224 (0x00005697) auipc a3, 5
x13 <- 0x80005224


mem[X,0x80000228] -> 0x8693
mem[X,0x8000022A] -> 0x0346
[143] [M]: 0x80000228 (0x03468693) addi a3, a3, 52
x13 <- 0x80005258


mem[X,0x8000022C] -> 0x34B7
mem[X,0x8000022E] -> 0x3333
[144] [M]: 0x8000022C (0x333334B7) lui s1, 209715
x9 <- 0x33333000


mem[X,0x80000230] -> 0x8493
mem[X,0x80000232] -> 0x3344
[145] [M]: 0x80000230 (0x33448493) addi s1, s1, 820
x9 <- 0x33333334


mem[X,0x80000234] -> 0x1FB7
mem[X,0x80000236] -> 0x0000
[146] [M]: 0x80000234 (0x00001FB7) lui t6, 1
x31 <- 0x00001000


mem[X,0x80000238] -> 0x8F93
mem[X,0x8000023A] -> 0x800F
[147] [M]: 0x80000238 (0x800F8F93) addi t6, t6, 2048
x31 <- 0x00000800


mem[X,0x8000023C] -> 0xA933
mem[X,0x8000023E] -> 0x03F4
[148] [M]: 0x8000023C (0x03F4A933) mulhsu s2, s1, t6
x18 <- 0x00000199


mem[X,0x80000240] -> 0xA023
mem[X,0x80000242] -> 0x0126
[149] [M]: 0x80000240 (0x0126A023) sw s2, 0(a3)
mem[0x80005258] <- 0x00000199


mem[X,0x80000244] -> 0xB2B7
mem[X,0x80000246] -> 0x0000
[150] [M]: 0x80000244 (0x0000B2B7) lui t0, 11
x5 <- 0x0000B000


mem[X,0x80000248] -> 0x8293
mem[X,0x8000024A] -> 0x5042
[151] [M]: 0x80000248 (0x50428293) addi t0, t0, 1284
x5 <- 0x0000B504


mem[X,0x8000024C] -> 0x13B7
mem[X,0x8000024E] -> 0x0000
[152] [M]: 0x8000024C (0x000013B7) lui t2, 1
x7 <- 0x00001000


mem[X,0x80000250] -> 0xACB3
mem[X,0x80000252] -> 0x0272
[153] [M]: 0x80000250 (0x0272ACB3) mulhsu s9, t0, t2
x25 <- 0x00000000


mem[X,0x80000254] -> 0xA223
mem[X,0x80000256] -> 0x0196
[154] [M]: 0x80000254 (0x0196A223) sw s9, 4(a3)
mem[0x8000525C] <- 0x00000000


mem[X,0x80000258] -> 0x0D37
mem[X,0x8000025A] -> 0x0040
[155] [M]: 0x80000258 (0x00400D37) lui s10, 1024
x26 <- 0x00400000


mem[X,0x8000025C] -> 0x28B7
mem[X,0x8000025E] -> 0x0000
[156] [M]: 0x8000025C (0x000028B7) lui a7, 2
x17 <- 0x00002000


mem[X,0x80000260] -> 0x2033
mem[X,0x80000262] -> 0x031D
[157] [M]: 0x80000260 (0x031D2033) mulhsu zero, s10, a7


mem[X,0x80000264] -> 0xA423
mem[X,0x80000266] -> 0x0006
[158] [M]: 0x80000264 (0x0006A423) sw zero, 8(a3)
mem[0x80005260] <- 0x00000000


mem[X,0x80000268] -> 0x0093
mem[X,0x8000026A] -> 0x0200
[159] [M]: 0x80000268 (0x02000093) addi ra, zero, 32
x1 <- 0x00000020


mem[X,0x8000026C] -> 0x4D37
mem[X,0x8000026E] -> 0x0000
[160] [M]: 0x8000026C (0x00004D37) lui s10, 4
x26 <- 0x00004000


mem[X,0x80000270] -> 0xABB3
mem[X,0x80000272] -> 0x03A0
[161] [M]: 0x80000270 (0x03A0ABB3) mulhsu s7, ra, s10
x23 <- 0x00000000


mem[X,0x80000274] -> 0xA623
mem[X,0x80000276] -> 0x0176
[162] [M]: 0x80000274 (0x0176A623) sw s7, 12(a3)
mem[0x80005264] <- 0x00000000


mem[X,0x80000278] -> 0x0A93
mem[X,0x8000027A] -> 0x0000
[163] [M]: 0x80000278 (0x00000A93) addi s5, zero, 0
x21 <- 0x00000000


mem[X,0x8000027C] -> 0x8437
mem[X,0x8000027E] -> 0x0000
[164] [M]: 0x8000027C (0x00008437) lui fp, 8
x8 <- 0x00008000


mem[X,0x80000280] -> 0xA7B3
mem[X,0x80000282] -> 0x028A
[165] [M]: 0x80000280 (0x028AA7B3) mulhsu a5, s5, fp
x15 <- 0x00000000


mem[X,0x80000284] -> 0xA823
mem[X,0x80000286] -> 0x00F6
[166] [M]: 0x80000284 (0x00F6A823) sw a5, 16(a3)
mem[0x80005268] <- 0x00000000


mem[X,0x80000288] -> 0x0F93
mem[X,0x8000028A] -> 0x0080
[167] [M]: 0x80000288 (0x00800F93) addi t6, zero, 8
x31 <- 0x00000008


mem[X,0x8000028C] -> 0x0013
mem[X,0x8000028E] -> 0x0000
[168] [M]: 0x8000028C (0x00000013) addi zero, zero, 0


mem[X,0x80000290] -> 0xAA33
mem[X,0x80000292] -> 0x020F
[169] [M]: 0x80000290 (0x020FAA33) mulhsu s4, t6, zero
x20 <- 0x00000000


mem[X,0x80000294] -> 0xAA23
mem[X,0x80000296] -> 0x0146
[170] [M]: 0x80000294 (0x0146AA23) sw s4, 20(a3)
mem[0x8000526C] <- 0x00000000


mem[X,0x80000298] -> 0x0893
mem[X,0x8000029A] -> 0xFEF0
[171] [M]: 0x80000298 (0xFEF00893) addi a7, zero, 4079
x17 <- 0xFFFFFFEF


mem[X,0x8000029C] -> 0x0C37
mem[X,0x8000029E] -> 0x0002
[172] [M]: 0x8000029C (0x00020C37) lui s8, 32
x24 <- 0x00020000


mem[X,0x800002A0] -> 0xA733
mem[X,0x800002A2] -> 0x0388
[173] [M]: 0x800002A0 (0x0388A733) mulhsu a4, a7, s8
x14 <- 0xFFFFFFFF


mem[X,0x800002A4] -> 0xAC23
mem[X,0x800002A6] -> 0x00E6
[174] [M]: 0x800002A4 (0x00E6AC23) sw a4, 24(a3)
mem[0x80005270] <- 0xFFFFFFFF


mem[X,0x800002A8] -> 0x0237
mem[X,0x800002AA] -> 0x0400
[175] [M]: 0x800002A8 (0x04000237) lui tp, 16384
x4 <- 0x04000000


mem[X,0x800002AC] -> 0x0AB7
mem[X,0x800002AE] -> 0x0004
[176] [M]: 0x800002AC (0x00040AB7) lui s5, 64
x21 <- 0x00040000


mem[X,0x800002B0] -> 0x2C33
mem[X,0x800002B2] -> 0x0352
[177] [M]: 0x800002B0 (0x03522C33) mulhsu s8, tp, s5
x24 <- 0x00001000


mem[X,0x800002B4] -> 0xAE23
mem[X,0x800002B6] -> 0x0186
[178] [M]: 0x800002B4 (0x0186AE23) sw s8, 28(a3)
mem[0x80005274] <- 0x00001000


mem[X,0x800002B8] -> 0x6637
mem[X,0x800002BA] -> 0x6666
[179] [M]: 0x800002B8 (0x66666637) lui a2, 419430
x12 <- 0x66666000


mem[X,0x800002BC] -> 0x0613
mem[X,0x800002BE] -> 0x6666
[180] [M]: 0x800002BC (0x66660613) addi a2, a2, 1638
x12 <- 0x66666666


mem[X,0x800002C0] -> 0x0F37
mem[X,0x800002C2] -> 0x0008
[181] [M]: 0x800002C0 (0x00080F37) lui t5, 128
x30 <- 0x00080000


mem[X,0x800002C4] -> 0x22B3
mem[X,0x800002C6] -> 0x03E6
[182] [M]: 0x800002C4 (0x03E622B3) mulhsu t0, a2, t5
x5 <- 0x00033333


mem[X,0x800002C8] -> 0xA023
mem[X,0x800002CA] -> 0x0256
[183] [M]: 0x800002C8 (0x0256A023) sw t0, 32(a3)
mem[0x80005278] <- 0x00033333


mem[X,0x800002CC] -> 0x13B7
mem[X,0x800002CE] -> 0x0000
[184] [M]: 0x800002CC (0x000013B7) lui t2, 1
x7 <- 0x00001000


mem[X,0x800002D0] -> 0x0A37
mem[X,0x800002D2] -> 0x0010
[185] [M]: 0x800002D0 (0x00100A37) lui s4, 256
x20 <- 0x00100000


mem[X,0x800002D4] -> 0xA333
mem[X,0x800002D6] -> 0x0343
[186] [M]: 0x800002D4 (0x0343A333) mulhsu t1, t2, s4
x6 <- 0x00000001


mem[X,0x800002D8] -> 0xA223
mem[X,0x800002DA] -> 0x0266
[187] [M]: 0x800002D8 (0x0266A223) sw t1, 36(a3)
mem[0x8000527C] <- 0x00000001


mem[X,0x800002DC] -> 0x0913
mem[X,0x800002DE] -> 0x0050
[188] [M]: 0x800002DC (0x00500913) addi s2, zero, 5
x18 <- 0x00000005


mem[X,0x800002E0] -> 0x00B7
mem[X,0x800002E2] -> 0x0020
[189] [M]: 0x800002E0 (0x002000B7) lui ra, 512
x1 <- 0x00200000


mem[X,0x800002E4] -> 0x2FB3
mem[X,0x800002E6] -> 0x0219
[190] [M]: 0x800002E4 (0x02192FB3) mulhsu t6, s2, ra
x31 <- 0x00000000


mem[X,0x800002E8] -> 0xA423
mem[X,0x800002EA] -> 0x03F6
[191] [M]: 0x800002E8 (0x03F6A423) sw t6, 40(a3)
mem[0x80005280] <- 0x00000000


mem[X,0x800002EC] -> 0x0EB7
mem[X,0x800002EE] -> 0xC000
[192] [M]: 0x800002EC (0xC0000EB7) lui t4, 786432
x29 <- 0xC0000000


mem[X,0x800002F0] -> 0x8E93
mem[X,0x800002F2] -> 0xFFFE
[193] [M]: 0x800002F0 (0xFFFE8E93) addi t4, t4, 4095
x29 <- 0xBFFFFFFF


mem[X,0x800002F4] -> 0x0137
mem[X,0x800002F6] -> 0x0040
[194] [M]: 0x800002F4 (0x00400137) lui sp, 1024
x2 <- 0x00400000


mem[X,0x800002F8] -> 0xA533
mem[X,0x800002FA] -> 0x022E
[195] [M]: 0x800002F8 (0x022EA533) mulhsu a0, t4, sp
x10 <- 0xFFEFFFFF


mem[X,0x800002FC] -> 0xA623
mem[X,0x800002FE] -> 0x02A6
[196] [M]: 0x800002FC (0x02A6A623) sw a0, 44(a3)
mem[0x80005284] <- 0xFFEFFFFF


mem[X,0x80000300] -> 0x0193
mem[X,0x80000302] -> 0x2000
[197] [M]: 0x80000300 (0x20000193) addi gp, zero, 512
x3 <- 0x00000200


mem[X,0x80000304] -> 0x0637
mem[X,0x80000306] -> 0x0080
[198] [M]: 0x80000304 (0x00800637) lui a2, 2048
x12 <- 0x00800000


mem[X,0x80000308] -> 0xA8B3
mem[X,0x8000030A] -> 0x02C1
[199] [M]: 0x80000308 (0x02C1A8B3) mulhsu a7, gp, a2
x17 <- 0x00000001


clint::tick mtime <- 0x0000000000000002
 clint timer pending at mtime 0x0000000000000002
htif::tick 0x0000000000000000
mem[X,0x8000030C] -> 0xA823
mem[X,0x8000030E] -> 0x0316
[200] [M]: 0x8000030C (0x0316A823) sw a7, 48(a3)
mem[0x80005288] <- 0x00000001


mem[X,0x80000310] -> 0x0513
mem[X,0x80000312] -> 0x0030
[201] [M]: 0x80000310 (0x00300513) addi a0, zero, 3
x10 <- 0x00000003


mem[X,0x80000314] -> 0x05B7
mem[X,0x80000316] -> 0x0100
[202] [M]: 0x80000314 (0x010005B7) lui a1, 4096
x11 <- 0x01000000


mem[X,0x80000318] -> 0x2DB3
mem[X,0x8000031A] -> 0x02B5
[203] [M]: 0x80000318 (0x02B52DB3) mulhsu s11, a0, a1
x27 <- 0x00000000


mem[X,0x8000031C] -> 0xAA23
mem[X,0x8000031E] -> 0x03B6
[204] [M]: 0x8000031C (0x03B6AA23) sw s11, 52(a3)
mem[0x8000528C] <- 0x00000000


mem[X,0x80000320] -> 0x0A13
mem[X,0x80000322] -> 0xFFA0
[205] [M]: 0x80000320 (0xFFA00A13) addi s4, zero, 4090
x20 <- 0xFFFFFFFA


mem[X,0x80000324] -> 0x0EB7
mem[X,0x80000326] -> 0x0200
[206] [M]: 0x80000324 (0x02000EB7) lui t4, 8192
x29 <- 0x02000000


mem[X,0x80000328] -> 0x21B3
mem[X,0x8000032A] -> 0x03DA
[207] [M]: 0x80000328 (0x03DA21B3) mulhsu gp, s4, t4
x3 <- 0xFFFFFFFF


mem[X,0x8000032C] -> 0xAC23
mem[X,0x8000032E] -> 0x0236
[208] [M]: 0x8000032C (0x0236AC23) sw gp, 56(a3)
mem[0x80005290] <- 0xFFFFFFFF


mem[X,0x80000330] -> 0x0537
mem[X,0x80000332] -> 0x0040
[209] [M]: 0x80000330 (0x00400537) lui a0, 1024
x10 <- 0x00400000


mem[X,0x80000334] -> 0x05B7
mem[X,0x80000336] -> 0x0400
[210] [M]: 0x80000334 (0x040005B7) lui a1, 16384
x11 <- 0x04000000


mem[X,0x80000338] -> 0x2633
mem[X,0x8000033A] -> 0x02B5
[211] [M]: 0x80000338 (0x02B52633) mulhsu a2, a0, a1
x12 <- 0x00010000


mem[X,0x8000033C] -> 0xAE23
mem[X,0x8000033E] -> 0x02C6
[212] [M]: 0x8000033C (0x02C6AE23) sw a2, 60(a3)
mem[0x80005294] <- 0x00010000


mem[X,0x80000340] -> 0x0513
mem[X,0x80000342] -> 0x0060
[213] [M]: 0x80000340 (0x00600513) addi a0, zero, 6
x10 <- 0x00000006


mem[X,0x80000344] -> 0x05B7
mem[X,0x80000346] -> 0x0800
[214] [M]: 0x80000344 (0x080005B7) lui a1, 32768
x11 <- 0x08000000


mem[X,0x80000348] -> 0x2633
mem[X,0x8000034A] -> 0x02B5
[215] [M]: 0x80000348 (0x02B52633) mulhsu a2, a0, a1
x12 <- 0x00000000


mem[X,0x8000034C] -> 0xA023
mem[X,0x8000034E] -> 0x04C6
[216] [M]: 0x8000034C (0x04C6A023) sw a2, 64(a3)
mem[0x80005298] <- 0x00000000


mem[X,0x80000350] -> 0x0513
mem[X,0x80000352] -> 0x0090
[217] [M]: 0x80000350 (0x00900513) addi a0, zero, 9
x10 <- 0x00000009


mem[X,0x80000354] -> 0x05B7
mem[X,0x80000356] -> 0x1000
[218] [M]: 0x80000354 (0x100005B7) lui a1, 65536
x11 <- 0x10000000


mem[X,0x80000358] -> 0x2633
mem[X,0x8000035A] -> 0x02B5
[219] [M]: 0x80000358 (0x02B52633) mulhsu a2, a0, a1
x12 <- 0x00000000


mem[X,0x8000035C] -> 0xA223
mem[X,0x8000035E] -> 0x04C6
[220] [M]: 0x8000035C (0x04C6A223) sw a2, 68(a3)
mem[0x8000529C] <- 0x00000000


mem[X,0x80000360] -> 0x0513
mem[X,0x80000362] -> 0x0800
[221] [M]: 0x80000360 (0x08000513) addi a0, zero, 128
x10 <- 0x00000080


mem[X,0x80000364] -> 0x05B7
mem[X,0x80000366] -> 0x2000
[222] [M]: 0x80000364 (0x200005B7) lui a1, 131072
x11 <- 0x20000000


mem[X,0x80000368] -> 0x2633
mem[X,0x8000036A] -> 0x02B5
[223] [M]: 0x80000368 (0x02B52633) mulhsu a2, a0, a1
x12 <- 0x00000010


mem[X,0x8000036C] -> 0xA423
mem[X,0x8000036E] -> 0x04C6
[224] [M]: 0x8000036C (0x04C6A423) sw a2, 72(a3)
mem[0x800052A0] <- 0x00000010


mem[X,0x80000370] -> 0x0537
mem[X,0x80000372] -> 0x0080
[225] [M]: 0x80000370 (0x00800537) lui a0, 2048
x10 <- 0x00800000


mem[X,0x80000374] -> 0x05B7
mem[X,0x80000376] -> 0x4000
[226] [M]: 0x80000374 (0x400005B7) lui a1, 262144
x11 <- 0x40000000


mem[X,0x80000378] -> 0x2633
mem[X,0x8000037A] -> 0x02B5
[227] [M]: 0x80000378 (0x02B52633) mulhsu a2, a0, a1
x12 <- 0x00200000


mem[X,0x8000037C] -> 0xA623
mem[X,0x8000037E] -> 0x04C6
[228] [M]: 0x8000037C (0x04C6A623) sw a2, 76(a3)
mem[0x800052A4] <- 0x00200000


mem[X,0x80000380] -> 0x1537
mem[X,0x80000382] -> 0x0000
[229] [M]: 0x80000380 (0x00001537) lui a0, 1
x10 <- 0x00001000


mem[X,0x80000384] -> 0x05B7
mem[X,0x80000386] -> 0x8000
[230] [M]: 0x80000384 (0x800005B7) lui a1, 524288
x11 <- 0x80000000


mem[X,0x80000388] -> 0x2633
mem[X,0x8000038A] -> 0x02B5
[231] [M]: 0x80000388 (0x02B52633) mulhsu a2, a0, a1
x12 <- 0x00000800


mem[X,0x8000038C] -> 0xA823
mem[X,0x8000038E] -> 0x04C6
[232] [M]: 0x8000038C (0x04C6A823) sw a2, 80(a3)
mem[0x800052A8] <- 0x00000800


mem[X,0x80000390] -> 0x0513
mem[X,0x80000392] -> 0xFFE0
[233] [M]: 0x80000390 (0xFFE00513) addi a0, zero, 4094
x10 <- 0xFFFFFFFE


mem[X,0x80000394] -> 0x0593
mem[X,0x80000396] -> 0xFFE0
[234] [M]: 0x80000394 (0xFFE00593) addi a1, zero, 4094
x11 <- 0xFFFFFFFE


mem[X,0x80000398] -> 0x2633
mem[X,0x8000039A] -> 0x02B5
[235] [M]: 0x80000398 (0x02B52633) mulhsu a2, a0, a1
x12 <- 0xFFFFFFFE


mem[X,0x8000039C] -> 0xAA23
mem[X,0x8000039E] -> 0x04C6
[236] [M]: 0x8000039C (0x04C6AA23) sw a2, 84(a3)
mem[0x800052AC] <- 0xFFFFFFFE


mem[X,0x800003A0] -> 0x0513
mem[X,0x800003A2] -> 0xBFF0
[237] [M]: 0x800003A0 (0xBFF00513) addi a0, zero, 3071
x10 <- 0xFFFFFBFF


mem[X,0x800003A4] -> 0x0593
mem[X,0x800003A6] -> 0xFFD0
[238] [M]: 0x800003A4 (0xFFD00593) addi a1, zero, 4093
x11 <- 0xFFFFFFFD


mem[X,0x800003A8] -> 0x2633
mem[X,0x800003AA] -> 0x02B5
[239] [M]: 0x800003A8 (0x02B52633) mulhsu a2, a0, a1
x12 <- 0xFFFFFBFF


mem[X,0x800003AC] -> 0xAC23
mem[X,0x800003AE] -> 0x04C6
[240] [M]: 0x800003AC (0x04C6AC23) sw a2, 88(a3)
mem[0x800052B0] <- 0xFFFFFBFF


mem[X,0x800003B0] -> 0x0537
mem[X,0x800003B2] -> 0x0004
[241] [M]: 0x800003B0 (0x00040537) lui a0, 64
x10 <- 0x00040000


mem[X,0x800003B4] -> 0x0593
mem[X,0x800003B6] -> 0xFFB0
[242] [M]: 0x800003B4 (0xFFB00593) addi a1, zero, 4091
x11 <- 0xFFFFFFFB


mem[X,0x800003B8] -> 0x2633
mem[X,0x800003BA] -> 0x02B5
[243] [M]: 0x800003B8 (0x02B52633) mulhsu a2, a0, a1
x12 <- 0x0003FFFF


mem[X,0x800003BC] -> 0xAE23
mem[X,0x800003BE] -> 0x04C6
[244] [M]: 0x800003BC (0x04C6AE23) sw a2, 92(a3)
mem[0x800052B4] <- 0x0003FFFF


mem[X,0x800003C0] -> 0x0537
mem[X,0x800003C2] -> 0x0001
[245] [M]: 0x800003C0 (0x00010537) lui a0, 16
x10 <- 0x00010000


mem[X,0x800003C4] -> 0x0593
mem[X,0x800003C6] -> 0xFF70
[246] [M]: 0x800003C4 (0xFF700593) addi a1, zero, 4087
x11 <- 0xFFFFFFF7


mem[X,0x800003C8] -> 0x2633
mem[X,0x800003CA] -> 0x02B5
[247] [M]: 0x800003C8 (0x02B52633) mulhsu a2, a0, a1
x12 <- 0x0000FFFF


mem[X,0x800003CC] -> 0xA023
mem[X,0x800003CE] -> 0x06C6
[248] [M]: 0x800003CC (0x06C6A023) sw a2, 96(a3)
mem[0x800052B8] <- 0x0000FFFF


mem[X,0x800003D0] -> 0xB537
mem[X,0x800003D2] -> 0x0000
[249] [M]: 0x800003D0 (0x0000B537) lui a0, 11
x10 <- 0x0000B000


mem[X,0x800003D4] -> 0x0513
mem[X,0x800003D6] -> 0x5045
[250] [M]: 0x800003D4 (0x50450513) addi a0, a0, 1284
x10 <- 0x0000B504


mem[X,0x800003D8] -> 0x0593
mem[X,0x800003DA] -> 0xFEF0
[251] [M]: 0x800003D8 (0xFEF00593) addi a1, zero, 4079
x11 <- 0xFFFFFFEF


mem[X,0x800003DC] -> 0x2633
mem[X,0x800003DE] -> 0x02B5
[252] [M]: 0x800003DC (0x02B52633) mulhsu a2, a0, a1
x12 <- 0x0000B503


mem[X,0x800003E0] -> 0xA223
mem[X,0x800003E2] -> 0x06C6
[253] [M]: 0x800003E0 (0x06C6A223) sw a2, 100(a3)
mem[0x800052BC] <- 0x0000B503


mem[X,0x800003E4] -> 0x3537
mem[X,0x800003E6] -> 0x3333
[254] [M]: 0x800003E4 (0x33333537) lui a0, 209715
x10 <- 0x33333000


mem[X,0x800003E8] -> 0x0513
mem[X,0x800003EA] -> 0x3325
[255] [M]: 0x800003E8 (0x33250513) addi a0, a0, 818
x10 <- 0x33333332


mem[X,0x800003EC] -> 0x0593
mem[X,0x800003EE] -> 0xFBF0
[256] [M]: 0x800003EC (0xFBF00593) addi a1, zero, 4031
x11 <- 0xFFFFFFBF


mem[X,0x800003F0] -> 0x2633
mem[X,0x800003F2] -> 0x02B5
[257] [M]: 0x800003F0 (0x02B52633) mulhsu a2, a0, a1
x12 <- 0x33333325


mem[X,0x800003F4] -> 0xA423
mem[X,0x800003F6] -> 0x06C6
[258] [M]: 0x800003F4 (0x06C6A423) sw a2, 104(a3)
mem[0x800052C0] <- 0x33333325


mem[X,0x800003F8] -> 0x0537
mem[X,0x800003FA] -> 0x4000
[259] [M]: 0x800003F8 (0x40000537) lui a0, 262144
x10 <- 0x40000000


mem[X,0x800003FC] -> 0x0593
mem[X,0x800003FE] -> 0xF7F0
[260] [M]: 0x800003FC (0xF7F00593) addi a1, zero, 3967
x11 <- 0xFFFFFF7F


mem[X,0x80000400] -> 0x2633
mem[X,0x80000402] -> 0x02B5
[261] [M]: 0x80000400 (0x02B52633) mulhsu a2, a0, a1
x12 <- 0x3FFFFFDF


mem[X,0x80000404] -> 0xA623
mem[X,0x80000406] -> 0x06C6
[262] [M]: 0x80000404 (0x06C6A623) sw a2, 108(a3)
mem[0x800052C4] <- 0x3FFFFFDF


mem[X,0x80000408] -> 0x8537
mem[X,0x8000040A] -> 0x0000
[263] [M]: 0x80000408 (0x00008537) lui a0, 8
x10 <- 0x00008000


mem[X,0x8000040C] -> 0x0593
mem[X,0x8000040E] -> 0xEFF0
[264] [M]: 0x8000040C (0xEFF00593) addi a1, zero, 3839
x11 <- 0xFFFFFEFF


mem[X,0x80000410] -> 0x2633
mem[X,0x80000412] -> 0x02B5
[265] [M]: 0x80000410 (0x02B52633) mulhsu a2, a0, a1
x12 <- 0x00007FFF


mem[X,0x80000414] -> 0xA823
mem[X,0x80000416] -> 0x06C6
[266] [M]: 0x80000414 (0x06C6A823) sw a2, 112(a3)
mem[0x800052C8] <- 0x00007FFF


mem[X,0x80000418] -> 0x0513
mem[X,0x8000041A] -> 0xFFD0
[267] [M]: 0x80000418 (0xFFD00513) addi a0, zero, 4093
x10 <- 0xFFFFFFFD


mem[X,0x8000041C] -> 0x0593
mem[X,0x8000041E] -> 0xDFF0
[268] [M]: 0x8000041C (0xDFF00593) addi a1, zero, 3583
x11 <- 0xFFFFFDFF


mem[X,0x80000420] -> 0x2633
mem[X,0x80000422] -> 0x02B5
[269] [M]: 0x80000420 (0x02B52633) mulhsu a2, a0, a1
x12 <- 0xFFFFFFFD


mem[X,0x80000424] -> 0xAA23
mem[X,0x80000426] -> 0x06C6
[270] [M]: 0x80000424 (0x06C6AA23) sw a2, 116(a3)
mem[0x800052CC] <- 0xFFFFFFFD


mem[X,0x80000428] -> 0x0513
mem[X,0x8000042A] -> 0x0200
[271] [M]: 0x80000428 (0x02000513) addi a0, zero, 32
x10 <- 0x00000020


mem[X,0x8000042C] -> 0x0593
mem[X,0x8000042E] -> 0xBFF0
[272] [M]: 0x8000042C (0xBFF00593) addi a1, zero, 3071
x11 <- 0xFFFFFBFF


mem[X,0x80000430] -> 0x2633
mem[X,0x80000432] -> 0x02B5
[273] [M]: 0x80000430 (0x02B52633) mulhsu a2, a0, a1
x12 <- 0x0000001F


mem[X,0x80000434] -> 0xAC23
mem[X,0x80000436] -> 0x06C6
[274] [M]: 0x80000434 (0x06C6AC23) sw a2, 120(a3)
mem[0x800052D0] <- 0x0000001F


mem[X,0x80000438] -> 0x0537
mem[X,0x8000043A] -> 0x0010
[275] [M]: 0x80000438 (0x00100537) lui a0, 256
x10 <- 0x00100000


mem[X,0x8000043C] -> 0xF5B7
mem[X,0x8000043E] -> 0xFFFF
[276] [M]: 0x8000043C (0xFFFFF5B7) lui a1, 1048575
x11 <- 0xFFFFF000


mem[X,0x80000440] -> 0x8593
mem[X,0x80000442] -> 0x7FF5
[277] [M]: 0x80000440 (0x7FF58593) addi a1, a1, 2047
x11 <- 0xFFFFF7FF


mem[X,0x80000444] -> 0x2633
mem[X,0x80000446] -> 0x02B5
[278] [M]: 0x80000444 (0x02B52633) mulhsu a2, a0, a1
x12 <- 0x000FFFFF


mem[X,0x80000448] -> 0xAE23
mem[X,0x8000044A] -> 0x06C6
[279] [M]: 0x80000448 (0x06C6AE23) sw a2, 124(a3)
mem[0x800052D4] <- 0x000FFFFF


mem[X,0x8000044C] -> 0xB537
mem[X,0x8000044E] -> 0xAAAA
[280] [M]: 0x8000044C (0xAAAAB537) lui a0, 699051
x10 <- 0xAAAAB000


mem[X,0x80000450] -> 0x0513
mem[X,0x80000452] -> 0xAAA5
[281] [M]: 0x80000450 (0xAAA50513) addi a0, a0, 2730
x10 <- 0xAAAAAAAA


mem[X,0x80000454] -> 0xF5B7
mem[X,0x80000456] -> 0xFFFF
[282] [M]: 0x80000454 (0xFFFFF5B7) lui a1, 1048575
x11 <- 0xFFFFF000


mem[X,0x80000458] -> 0x8593
mem[X,0x8000045A] -> 0xFFF5
[283] [M]: 0x80000458 (0xFFF58593) addi a1, a1, 4095
x11 <- 0xFFFFEFFF


mem[X,0x8000045C] -> 0x2633
mem[X,0x8000045E] -> 0x02B5
[284] [M]: 0x8000045C (0x02B52633) mulhsu a2, a0, a1
x12 <- 0xAAAAAFFF


mem[X,0x80000460] -> 0xA023
mem[X,0x80000462] -> 0x08C6
[285] [M]: 0x80000460 (0x08C6A023) sw a2, 128(a3)
mem[0x800052D8] <- 0xAAAAAFFF


mem[X,0x80000464] -> 0x0513
mem[X,0x80000466] -> 0x0040
[286] [M]: 0x80000464 (0x00400513) addi a0, zero, 4
x10 <- 0x00000004


mem[X,0x80000468] -> 0xE5B7
mem[X,0x8000046A] -> 0xFFFF
[287] [M]: 0x80000468 (0xFFFFE5B7) lui a1, 1048574
x11 <- 0xFFFFE000


mem[X,0x8000046C] -> 0x8593
mem[X,0x8000046E] -> 0xFFF5
[288] [M]: 0x8000046C (0xFFF58593) addi a1, a1, 4095
x11 <- 0xFFFFDFFF


mem[X,0x80000470] -> 0x2633
mem[X,0x80000472] -> 0x02B5
[289] [M]: 0x80000470 (0x02B52633) mulhsu a2, a0, a1
x12 <- 0x00000003


mem[X,0x80000474] -> 0xA223
mem[X,0x80000476] -> 0x08C6
[290] [M]: 0x80000474 (0x08C6A223) sw a2, 132(a3)
mem[0x800052DC] <- 0x00000003


mem[X,0x80000478] -> 0xB537
mem[X,0x8000047A] -> 0xAAAA
[291] [M]: 0x80000478 (0xAAAAB537) lui a0, 699051
x10 <- 0xAAAAB000


mem[X,0x8000047C] -> 0x0513
mem[X,0x8000047E] -> 0xAAA5
[292] [M]: 0x8000047C (0xAAA50513) addi a0, a0, 2730
x10 <- 0xAAAAAAAA


mem[X,0x80000480] -> 0xC5B7
mem[X,0x80000482] -> 0xFFFF
[293] [M]: 0x80000480 (0xFFFFC5B7) lui a1, 1048572
x11 <- 0xFFFFC000


mem[X,0x80000484] -> 0x8593
mem[X,0x80000486] -> 0xFFF5
[294] [M]: 0x80000484 (0xFFF58593) addi a1, a1, 4095
x11 <- 0xFFFFBFFF


mem[X,0x80000488] -> 0x2633
mem[X,0x8000048A] -> 0x02B5
[295] [M]: 0x80000488 (0x02B52633) mulhsu a2, a0, a1
x12 <- 0xAAAABFFF


mem[X,0x8000048C] -> 0xA423
mem[X,0x8000048E] -> 0x08C6
[296] [M]: 0x8000048C (0x08C6A423) sw a2, 136(a3)
mem[0x800052E0] <- 0xAAAABFFF


mem[X,0x80000490] -> 0x1537
mem[X,0x80000492] -> 0x0000
[297] [M]: 0x80000490 (0x00001537) lui a0, 1
x10 <- 0x00001000


mem[X,0x80000494] -> 0x0513
mem[X,0x80000496] -> 0x8005
[298] [M]: 0x80000494 (0x80050513) addi a0, a0, 2048
x10 <- 0x00000800


mem[X,0x80000498] -> 0x85B7
mem[X,0x8000049A] -> 0xFFFF
[299] [M]: 0x80000498 (0xFFFF85B7) lui a1, 1048568
x11 <- 0xFFFF8000


clint::tick mtime <- 0x0000000000000003
 clint timer pending at mtime 0x0000000000000003
htif::tick 0x0000000000000000
mem[X,0x8000049C] -> 0x8593
mem[X,0x8000049E] -> 0xFFF5
[300] [M]: 0x8000049C (0xFFF58593) addi a1, a1, 4095
x11 <- 0xFFFF7FFF


mem[X,0x800004A0] -> 0x2633
mem[X,0x800004A2] -> 0x02B5
[301] [M]: 0x800004A0 (0x02B52633) mulhsu a2, a0, a1
x12 <- 0x000007FF


mem[X,0x800004A4] -> 0xA623
mem[X,0x800004A6] -> 0x08C6
[302] [M]: 0x800004A4 (0x08C6A623) sw a2, 140(a3)
mem[0x800052E4] <- 0x000007FF


mem[X,0x800004A8] -> 0x0537
mem[X,0x800004AA] -> 0x0400
[303] [M]: 0x800004A8 (0x04000537) lui a0, 16384
x10 <- 0x04000000


mem[X,0x800004AC] -> 0x05B7
mem[X,0x800004AE] -> 0xFFFF
[304] [M]: 0x800004AC (0xFFFF05B7) lui a1, 1048560
x11 <- 0xFFFF0000


mem[X,0x800004B0] -> 0x8593
mem[X,0x800004B2] -> 0xFFF5
[305] [M]: 0x800004B0 (0xFFF58593) addi a1, a1, 4095
x11 <- 0xFFFEFFFF


mem[X,0x800004B4] -> 0x2633
mem[X,0x800004B6] -> 0x02B5
[306] [M]: 0x800004B4 (0x02B52633) mulhsu a2, a0, a1
x12 <- 0x03FFFBFF


mem[X,0x800004B8] -> 0xA823
mem[X,0x800004BA] -> 0x08C6
[307] [M]: 0x800004B8 (0x08C6A823) sw a2, 144(a3)
mem[0x800052E8] <- 0x03FFFBFF


mem[X,0x800004BC] -> 0x0537
mem[X,0x800004BE] -> 0xC000
[308] [M]: 0x800004BC (0xC0000537) lui a0, 786432
x10 <- 0xC0000000


mem[X,0x800004C0] -> 0x0513
mem[X,0x800004C2] -> 0xFFF5
[309] [M]: 0x800004C0 (0xFFF50513) addi a0, a0, 4095
x10 <- 0xBFFFFFFF


mem[X,0x800004C4] -> 0x05B7
mem[X,0x800004C6] -> 0xFFFE
[310] [M]: 0x800004C4 (0xFFFE05B7) lui a1, 1048544
x11 <- 0xFFFE0000


mem[X,0x800004C8] -> 0x8593
mem[X,0x800004CA] -> 0xFFF5
[311] [M]: 0x800004C8 (0xFFF58593) addi a1, a1, 4095
x11 <- 0xFFFDFFFF


mem[X,0x800004CC] -> 0x2633
mem[X,0x800004CE] -> 0x02B5
[312] [M]: 0x800004CC (0x02B52633) mulhsu a2, a0, a1
x12 <- 0xC0007FFF


mem[X,0x800004D0] -> 0xAA23
mem[X,0x800004D2] -> 0x08C6
[313] [M]: 0x800004D0 (0x08C6AA23) sw a2, 148(a3)
mem[0x800052EC] <- 0xC0007FFF


mem[X,0x800004D4] -> 0x0513
mem[X,0x800004D6] -> 0x0040
[314] [M]: 0x800004D4 (0x00400513) addi a0, zero, 4
x10 <- 0x00000004


mem[X,0x800004D8] -> 0x05B7
mem[X,0x800004DA] -> 0xFFFC
[315] [M]: 0x800004D8 (0xFFFC05B7) lui a1, 1048512
x11 <- 0xFFFC0000


mem[X,0x800004DC] -> 0x8593
mem[X,0x800004DE] -> 0xFFF5
[316] [M]: 0x800004DC (0xFFF58593) addi a1, a1, 4095
x11 <- 0xFFFBFFFF


mem[X,0x800004E0] -> 0x2633
mem[X,0x800004E2] -> 0x02B5
[317] [M]: 0x800004E0 (0x02B52633) mulhsu a2, a0, a1
x12 <- 0x00000003


mem[X,0x800004E4] -> 0xAC23
mem[X,0x800004E6] -> 0x08C6
[318] [M]: 0x800004E4 (0x08C6AC23) sw a2, 152(a3)
mem[0x800052F0] <- 0x00000003


mem[X,0x800004E8] -> 0x0537
mem[X,0x800004EA] -> 0xFF00
[319] [M]: 0x800004E8 (0xFF000537) lui a0, 1044480
x10 <- 0xFF000000


mem[X,0x800004EC] -> 0x0513
mem[X,0x800004EE] -> 0xFFF5
[320] [M]: 0x800004EC (0xFFF50513) addi a0, a0, 4095
x10 <- 0xFEFFFFFF


mem[X,0x800004F0] -> 0x05B7
mem[X,0x800004F2] -> 0xFFF8
[321] [M]: 0x800004F0 (0xFFF805B7) lui a1, 1048448
x11 <- 0xFFF80000


mem[X,0x800004F4] -> 0x8593
mem[X,0x800004F6] -> 0xFFF5
[322] [M]: 0x800004F4 (0xFFF58593) addi a1, a1, 4095
x11 <- 0xFFF7FFFF


mem[X,0x800004F8] -> 0x2633
mem[X,0x800004FA] -> 0x02B5
[323] [M]: 0x800004F8 (0x02B52633) mulhsu a2, a0, a1
x12 <- 0xFF0007FF


mem[X,0x800004FC] -> 0xAE23
mem[X,0x800004FE] -> 0x08C6
[324] [M]: 0x800004FC (0x08C6AE23) sw a2, 156(a3)
mem[0x800052F4] <- 0xFF0007FF


mem[X,0x80000500] -> 0x0513
mem[X,0x80000502] -> 0x0000
[325] [M]: 0x80000500 (0x00000513) addi a0, zero, 0
x10 <- 0x00000000


mem[X,0x80000504] -> 0x05B7
mem[X,0x80000506] -> 0xFFF0
[326] [M]: 0x80000504 (0xFFF005B7) lui a1, 1048320
x11 <- 0xFFF00000


mem[X,0x80000508] -> 0x8593
mem[X,0x8000050A] -> 0xFFF5
[327] [M]: 0x80000508 (0xFFF58593) addi a1, a1, 4095
x11 <- 0xFFEFFFFF


mem[X,0x8000050C] -> 0x2633
mem[X,0x8000050E] -> 0x02B5
[328] [M]: 0x8000050C (0x02B52633) mulhsu a2, a0, a1
x12 <- 0x00000000


mem[X,0x80000510] -> 0xA023
mem[X,0x80000512] -> 0x0AC6
[329] [M]: 0x80000510 (0x0AC6A023) sw a2, 160(a3)
mem[0x800052F8] <- 0x00000000


mem[X,0x80000514] -> 0x0513
mem[X,0x80000516] -> 0xFFD0
[330] [M]: 0x80000514 (0xFFD00513) addi a0, zero, 4093
x10 <- 0xFFFFFFFD


mem[X,0x80000518] -> 0x05B7
mem[X,0x8000051A] -> 0xFFE0
[331] [M]: 0x80000518 (0xFFE005B7) lui a1, 1048064
x11 <- 0xFFE00000


mem[X,0x8000051C] -> 0x8593
mem[X,0x8000051E] -> 0xFFF5
[332] [M]: 0x8000051C (0xFFF58593) addi a1, a1, 4095
x11 <- 0xFFDFFFFF


mem[X,0x80000520] -> 0x2633
mem[X,0x80000522] -> 0x02B5
[333] [M]: 0x80000520 (0x02B52633) mulhsu a2, a0, a1
x12 <- 0xFFFFFFFD


mem[X,0x80000524] -> 0xA223
mem[X,0x80000526] -> 0x0AC6
[334] [M]: 0x80000524 (0x0AC6A223) sw a2, 164(a3)
mem[0x800052FC] <- 0xFFFFFFFD


mem[X,0x80000528] -> 0x0513
mem[X,0x8000052A] -> 0x0400
[335] [M]: 0x80000528 (0x04000513) addi a0, zero, 64
x10 <- 0x00000040


mem[X,0x8000052C] -> 0x05B7
mem[X,0x8000052E] -> 0xFFC0
[336] [M]: 0x8000052C (0xFFC005B7) lui a1, 1047552
x11 <- 0xFFC00000


mem[X,0x80000530] -> 0x8593
mem[X,0x80000532] -> 0xFFF5
[337] [M]: 0x80000530 (0xFFF58593) addi a1, a1, 4095
x11 <- 0xFFBFFFFF


mem[X,0x80000534] -> 0x2633
mem[X,0x80000536] -> 0x02B5
[338] [M]: 0x80000534 (0x02B52633) mulhsu a2, a0, a1
x12 <- 0x0000003F


mem[X,0x80000538] -> 0xA423
mem[X,0x8000053A] -> 0x0AC6
[339] [M]: 0x80000538 (0x0AC6A423) sw a2, 168(a3)
mem[0x80005300] <- 0x0000003F


mem[X,0x8000053C] -> 0x0513
mem[X,0x8000053E] -> 0xFF80
[340] [M]: 0x8000053C (0xFF800513) addi a0, zero, 4088
x10 <- 0xFFFFFFF8


mem[X,0x80000540] -> 0x05B7
mem[X,0x80000542] -> 0xFF80
[341] [M]: 0x80000540 (0xFF8005B7) lui a1, 1046528
x11 <- 0xFF800000


mem[X,0x80000544] -> 0x8593
mem[X,0x80000546] -> 0xFFF5
[342] [M]: 0x80000544 (0xFFF58593) addi a1, a1, 4095
x11 <- 0xFF7FFFFF


mem[X,0x80000548] -> 0x2633
mem[X,0x8000054A] -> 0x02B5
[343] [M]: 0x80000548 (0x02B52633) mulhsu a2, a0, a1
x12 <- 0xFFFFFFF8


mem[X,0x8000054C] -> 0xA623
mem[X,0x8000054E] -> 0x0AC6
[344] [M]: 0x8000054C (0x0AC6A623) sw a2, 172(a3)
mem[0x80005304] <- 0xFFFFFFF8


mem[X,0x80000550] -> 0xF537
mem[X,0x80000552] -> 0xFFFF
[345] [M]: 0x80000550 (0xFFFFF537) lui a0, 1048575
x10 <- 0xFFFFF000


mem[X,0x80000554] -> 0x0513
mem[X,0x80000556] -> 0xFFF5
[346] [M]: 0x80000554 (0xFFF50513) addi a0, a0, 4095
x10 <- 0xFFFFEFFF


mem[X,0x80000558] -> 0x05B7
mem[X,0x8000055A] -> 0xFF00
[347] [M]: 0x80000558 (0xFF0005B7) lui a1, 1044480
x11 <- 0xFF000000


mem[X,0x8000055C] -> 0x8593
mem[X,0x8000055E] -> 0xFFF5
[348] [M]: 0x8000055C (0xFFF58593) addi a1, a1, 4095
x11 <- 0xFEFFFFFF


mem[X,0x80000560] -> 0x2633
mem[X,0x80000562] -> 0x02B5
[349] [M]: 0x80000560 (0x02B52633) mulhsu a2, a0, a1
x12 <- 0xFFFFF00F


mem[X,0x80000564] -> 0xA823
mem[X,0x80000566] -> 0x0AC6
[350] [M]: 0x80000564 (0x0AC6A823) sw a2, 176(a3)
mem[0x80005308] <- 0xFFFFF00F


mem[X,0x80000568] -> 0x0537
mem[X,0x8000056A] -> 0x0020
[351] [M]: 0x80000568 (0x00200537) lui a0, 512
x10 <- 0x00200000


mem[X,0x8000056C] -> 0x05B7
mem[X,0x8000056E] -> 0xFE00
[352] [M]: 0x8000056C (0xFE0005B7) lui a1, 1040384
x11 <- 0xFE000000


mem[X,0x80000570] -> 0x8593
mem[X,0x80000572] -> 0xFFF5
[353] [M]: 0x80000570 (0xFFF58593) addi a1, a1, 4095
x11 <- 0xFDFFFFFF


mem[X,0x80000574] -> 0x2633
mem[X,0x80000576] -> 0x02B5
[354] [M]: 0x80000574 (0x02B52633) mulhsu a2, a0, a1
x12 <- 0x001FBFFF


mem[X,0x80000578] -> 0xAA23
mem[X,0x8000057A] -> 0x0AC6
[355] [M]: 0x80000578 (0x0AC6AA23) sw a2, 180(a3)
mem[0x8000530C] <- 0x001FBFFF


mem[X,0x8000057C] -> 0x3537
mem[X,0x8000057E] -> 0x3333
[356] [M]: 0x8000057C (0x33333537) lui a0, 209715
x10 <- 0x33333000


mem[X,0x80000580] -> 0x0513
mem[X,0x80000582] -> 0x3345
[357] [M]: 0x80000580 (0x33450513) addi a0, a0, 820
x10 <- 0x33333334


mem[X,0x80000584] -> 0x05B7
mem[X,0x80000586] -> 0xFC00
[358] [M]: 0x80000584 (0xFC0005B7) lui a1, 1032192
x11 <- 0xFC000000


mem[X,0x80000588] -> 0x8593
mem[X,0x8000058A] -> 0xFFF5
[359] [M]: 0x80000588 (0xFFF58593) addi a1, a1, 4095
x11 <- 0xFBFFFFFF


mem[X,0x8000058C] -> 0x2633
mem[X,0x8000058E] -> 0x02B5
[360] [M]: 0x8000058C (0x02B52633) mulhsu a2, a0, a1
x12 <- 0x32666666


mem[X,0x80000590] -> 0xAC23
mem[X,0x80000592] -> 0x0AC6
[361] [M]: 0x80000590 (0x0AC6AC23) sw a2, 184(a3)
mem[0x80005310] <- 0x32666666


mem[X,0x80000594] -> 0x0537
mem[X,0x80000596] -> 0xFFF0
[362] [M]: 0x80000594 (0xFFF00537) lui a0, 1048320
x10 <- 0xFFF00000


mem[X,0x80000598] -> 0x0513
mem[X,0x8000059A] -> 0xFFF5
[363] [M]: 0x80000598 (0xFFF50513) addi a0, a0, 4095
x10 <- 0xFFEFFFFF


mem[X,0x8000059C] -> 0x05B7
mem[X,0x8000059E] -> 0xF800
[364] [M]: 0x8000059C (0xF80005B7) lui a1, 1015808
x11 <- 0xF8000000


mem[X,0x800005A0] -> 0x8593
mem[X,0x800005A2] -> 0xFFF5
[365] [M]: 0x800005A0 (0xFFF58593) addi a1, a1, 4095
x11 <- 0xF7FFFFFF


mem[X,0x800005A4] -> 0x2633
mem[X,0x800005A6] -> 0x02B5
[366] [M]: 0x800005A4 (0x02B52633) mulhsu a2, a0, a1
x12 <- 0xFFF07FFF


mem[X,0x800005A8] -> 0xAE23
mem[X,0x800005AA] -> 0x0AC6
[367] [M]: 0x800005A8 (0x0AC6AE23) sw a2, 188(a3)
mem[0x80005314] <- 0xFFF07FFF


mem[X,0x800005AC] -> 0x0513
mem[X,0x800005AE] -> 0x0080
[368] [M]: 0x800005AC (0x00800513) addi a0, zero, 8
x10 <- 0x00000008


mem[X,0x800005B0] -> 0x05B7
mem[X,0x800005B2] -> 0xE000
[369] [M]: 0x800005B0 (0xE00005B7) lui a1, 917504
x11 <- 0xE0000000


mem[X,0x800005B4] -> 0x8593
mem[X,0x800005B6] -> 0xFFF5
[370] [M]: 0x800005B4 (0xFFF58593) addi a1, a1, 4095
x11 <- 0xDFFFFFFF


mem[X,0x800005B8] -> 0x2633
mem[X,0x800005BA] -> 0x02B5
[371] [M]: 0x800005B8 (0x02B52633) mulhsu a2, a0, a1
x12 <- 0x00000006


mem[X,0x800005BC] -> 0xA023
mem[X,0x800005BE] -> 0x0CC6
[372] [M]: 0x800005BC (0x0CC6A023) sw a2, 192(a3)
mem[0x80005318] <- 0x00000006


mem[X,0x800005C0] -> 0x0513
mem[X,0x800005C2] -> 0xBFF0
[373] [M]: 0x800005C0 (0xBFF00513) addi a0, zero, 3071
x10 <- 0xFFFFFBFF


mem[X,0x800005C4] -> 0x05B7
mem[X,0x800005C6] -> 0xC000
[374] [M]: 0x800005C4 (0xC00005B7) lui a1, 786432
x11 <- 0xC0000000


mem[X,0x800005C8] -> 0x8593
mem[X,0x800005CA] -> 0xFFF5
[375] [M]: 0x800005C8 (0xFFF58593) addi a1, a1, 4095
x11 <- 0xBFFFFFFF


mem[X,0x800005CC] -> 0x2633
mem[X,0x800005CE] -> 0x02B5
[376] [M]: 0x800005CC (0x02B52633) mulhsu a2, a0, a1
x12 <- 0xFFFFFCFF


mem[X,0x800005D0] -> 0xA223
mem[X,0x800005D2] -> 0x0CC6
[377] [M]: 0x800005D0 (0x0CC6A223) sw a2, 196(a3)
mem[0x8000531C] <- 0xFFFFFCFF


mem[X,0x800005D4] -> 0x0513
mem[X,0x800005D6] -> 0x0000
[378] [M]: 0x800005D4 (0x00000513) addi a0, zero, 0
x10 <- 0x00000000


mem[X,0x800005D8] -> 0x05B7
mem[X,0x800005DA] -> 0x8000
[379] [M]: 0x800005D8 (0x800005B7) lui a1, 524288
x11 <- 0x80000000


mem[X,0x800005DC] -> 0x8593
mem[X,0x800005DE] -> 0xFFF5
[380] [M]: 0x800005DC (0xFFF58593) addi a1, a1, 4095
x11 <- 0x7FFFFFFF


mem[X,0x800005E0] -> 0x2633
mem[X,0x800005E2] -> 0x02B5
[381] [M]: 0x800005E0 (0x02B52633) mulhsu a2, a0, a1
x12 <- 0x00000000


mem[X,0x800005E4] -> 0xA423
mem[X,0x800005E6] -> 0x0CC6
[382] [M]: 0x800005E4 (0x0CC6A423) sw a2, 200(a3)
mem[0x80005320] <- 0x00000000


mem[X,0x800005E8] -> 0xB537
mem[X,0x800005EA] -> 0xAAAA
[383] [M]: 0x800005E8 (0xAAAAB537) lui a0, 699051
x10 <- 0xAAAAB000


mem[X,0x800005EC] -> 0x0513
mem[X,0x800005EE] -> 0xAAB5
[384] [M]: 0x800005EC (0xAAB50513) addi a0, a0, 2731
x10 <- 0xAAAAAAAB


mem[X,0x800005F0] -> 0x55B7
mem[X,0x800005F2] -> 0x5555
[385] [M]: 0x800005F0 (0x555555B7) lui a1, 349525
x11 <- 0x55555000


mem[X,0x800005F4] -> 0x8593
mem[X,0x800005F6] -> 0x5555
[386] [M]: 0x800005F4 (0x55558593) addi a1, a1, 1365
x11 <- 0x55555555


mem[X,0x800005F8] -> 0x2633
mem[X,0x800005FA] -> 0x02B5
[387] [M]: 0x800005F8 (0x02B52633) mulhsu a2, a0, a1
x12 <- 0xE38E38E3


mem[X,0x800005FC] -> 0xA623
mem[X,0x800005FE] -> 0x0CC6
[388] [M]: 0x800005FC (0x0CC6A623) sw a2, 204(a3)
mem[0x80005324] <- 0xE38E38E3


mem[X,0x80000600] -> 0x0513
mem[X,0x80000602] -> 0x0050
[389] [M]: 0x80000600 (0x00500513) addi a0, zero, 5
x10 <- 0x00000005


mem[X,0x80000604] -> 0xB5B7
mem[X,0x80000606] -> 0xAAAA
[390] [M]: 0x80000604 (0xAAAAB5B7) lui a1, 699051
x11 <- 0xAAAAB000


mem[X,0x80000608] -> 0x8593
mem[X,0x8000060A] -> 0xAAA5
[391] [M]: 0x80000608 (0xAAA58593) addi a1, a1, 2730
x11 <- 0xAAAAAAAA


mem[X,0x8000060C] -> 0x2633
mem[X,0x8000060E] -> 0x02B5
[392] [M]: 0x8000060C (0x02B52633) mulhsu a2, a0, a1
x12 <- 0x00000003


mem[X,0x80000610] -> 0xA823
mem[X,0x80000612] -> 0x0CC6
[393] [M]: 0x80000610 (0x0CC6A823) sw a2, 208(a3)
mem[0x80005328] <- 0x00000003


mem[X,0x80000614] -> 0x0513
mem[X,0x80000616] -> 0x0020
[394] [M]: 0x80000614 (0x00200513) addi a0, zero, 2
x10 <- 0x00000002


mem[X,0x80000618] -> 0x0593
mem[X,0x8000061A] -> 0x0130
[395] [M]: 0x80000618 (0x01300593) addi a1, zero, 19
x11 <- 0x00000013


mem[X,0x8000061C] -> 0x2633
mem[X,0x8000061E] -> 0x02B5
[396] [M]: 0x8000061C (0x02B52633) mulhsu a2, a0, a1
x12 <- 0x00000000


mem[X,0x80000620] -> 0xAA23
mem[X,0x80000622] -> 0x0CC6
[397] [M]: 0x80000620 (0x0CC6AA23) sw a2, 212(a3)
mem[0x8000532C] <- 0x00000000


mem[X,0x80000624] -> 0x0513
mem[X,0x80000626] -> 0x0100
[398] [M]: 0x80000624 (0x01000513) addi a0, zero, 16
x10 <- 0x00000010


mem[X,0x80000628] -> 0xB5B7
mem[X,0x8000062A] -> 0xAAAA
[399] [M]: 0x80000628 (0xAAAAB5B7) lui a1, 699051
x11 <- 0xAAAAB000


clint::tick mtime <- 0x0000000000000004
 clint timer pending at mtime 0x0000000000000004
htif::tick 0x0000000000000000
mem[X,0x8000062C] -> 0x8593
mem[X,0x8000062E] -> 0xAA95
[400] [M]: 0x8000062C (0xAA958593) addi a1, a1, 2729
x11 <- 0xAAAAAAA9


mem[X,0x80000630] -> 0x2633
mem[X,0x80000632] -> 0x02B5
[401] [M]: 0x80000630 (0x02B52633) mulhsu a2, a0, a1
x12 <- 0x0000000A


mem[X,0x80000634] -> 0xAC23
mem[X,0x80000636] -> 0x0CC6
[402] [M]: 0x80000634 (0x0CC6AC23) sw a2, 216(a3)
mem[0x80005330] <- 0x0000000A


mem[X,0x80000638] -> 0x0513
mem[X,0x8000063A] -> 0x1000
[403] [M]: 0x80000638 (0x10000513) addi a0, zero, 256
x10 <- 0x00000100


mem[X,0x8000063C] -> 0x0593
mem[X,0x8000063E] -> 0x0800
[404] [M]: 0x8000063C (0x08000593) addi a1, zero, 128
x11 <- 0x00000080


mem[X,0x80000640] -> 0x2633
mem[X,0x80000642] -> 0x02B5
[405] [M]: 0x80000640 (0x02B52633) mulhsu a2, a0, a1
x12 <- 0x00000000


mem[X,0x80000644] -> 0xAE23
mem[X,0x80000646] -> 0x0CC6
[406] [M]: 0x80000644 (0x0CC6AE23) sw a2, 220(a3)
mem[0x80005334] <- 0x00000000


mem[X,0x80000648] -> 0x0513
mem[X,0x8000064A] -> 0x4000
[407] [M]: 0x80000648 (0x40000513) addi a0, zero, 1024
x10 <- 0x00000400


mem[X,0x8000064C] -> 0x0593
mem[X,0x8000064E] -> 0xF7F0
[408] [M]: 0x8000064C (0xF7F00593) addi a1, zero, 3967
x11 <- 0xFFFFFF7F


mem[X,0x80000650] -> 0x2633
mem[X,0x80000652] -> 0x02B5
[409] [M]: 0x80000650 (0x02B52633) mulhsu a2, a0, a1
x12 <- 0x000003FF


mem[X,0x80000654] -> 0xA023
mem[X,0x80000656] -> 0x0EC6
[410] [M]: 0x80000654 (0x0EC6A023) sw a2, 224(a3)
mem[0x80005338] <- 0x000003FF


mem[X,0x80000658] -> 0x2537
mem[X,0x8000065A] -> 0x0000
[411] [M]: 0x80000658 (0x00002537) lui a0, 2
x10 <- 0x00002000


mem[X,0x8000065C] -> 0x0593
mem[X,0x8000065E] -> 0x00D0
[412] [M]: 0x8000065C (0x00D00593) addi a1, zero, 13
x11 <- 0x0000000D


mem[X,0x80000660] -> 0x2633
mem[X,0x80000662] -> 0x02B5
[413] [M]: 0x80000660 (0x02B52633) mulhsu a2, a0, a1
x12 <- 0x00000000


mem[X,0x80000664] -> 0xA223
mem[X,0x80000666] -> 0x0EC6
[414] [M]: 0x80000664 (0x0EC6A223) sw a2, 228(a3)
mem[0x8000533C] <- 0x00000000


mem[X,0x80000668] -> 0x4537
mem[X,0x8000066A] -> 0x0000
[415] [M]: 0x80000668 (0x00004537) lui a0, 4
x10 <- 0x00004000


mem[X,0x8000066C] -> 0xB5B7
mem[X,0x8000066E] -> 0x0000
[416] [M]: 0x8000066C (0x0000B5B7) lui a1, 11
x11 <- 0x0000B000


mem[X,0x80000670] -> 0x8593
mem[X,0x80000672] -> 0x5035
[417] [M]: 0x80000670 (0x50358593) addi a1, a1, 1283
x11 <- 0x0000B503


mem[X,0x80000674] -> 0x2633
mem[X,0x80000676] -> 0x02B5
[418] [M]: 0x80000674 (0x02B52633) mulhsu a2, a0, a1
x12 <- 0x00000000


mem[X,0x80000678] -> 0xA423
mem[X,0x8000067A] -> 0x0EC6
[419] [M]: 0x80000678 (0x0EC6A423) sw a2, 232(a3)
mem[0x80005340] <- 0x00000000


mem[X,0x8000067C] -> 0x0537
mem[X,0x8000067E] -> 0x0002
[420] [M]: 0x8000067C (0x00020537) lui a0, 32
x10 <- 0x00020000


mem[X,0x80000680] -> 0x05B7
mem[X,0x80000682] -> 0xFFC0
[421] [M]: 0x80000680 (0xFFC005B7) lui a1, 1047552
x11 <- 0xFFC00000


mem[X,0x80000684] -> 0x8593
mem[X,0x80000686] -> 0xFFF5
[422] [M]: 0x80000684 (0xFFF58593) addi a1, a1, 4095
x11 <- 0xFFBFFFFF


mem[X,0x80000688] -> 0x2633
mem[X,0x8000068A] -> 0x02B5
[423] [M]: 0x80000688 (0x02B52633) mulhsu a2, a0, a1
x12 <- 0x0001FF7F


mem[X,0x8000068C] -> 0xA623
mem[X,0x8000068E] -> 0x0EC6
[424] [M]: 0x8000068C (0x0EC6A623) sw a2, 236(a3)
mem[0x80005344] <- 0x0001FF7F


mem[X,0x80000690] -> 0x0537
mem[X,0x80000692] -> 0x0008
[425] [M]: 0x80000690 (0x00080537) lui a0, 128
x10 <- 0x00080000


mem[X,0x80000694] -> 0xB5B7
mem[X,0x80000696] -> 0x0000
[426] [M]: 0x80000694 (0x0000B5B7) lui a1, 11
x11 <- 0x0000B000


mem[X,0x80000698] -> 0x8593
mem[X,0x8000069A] -> 0x5045
[427] [M]: 0x80000698 (0x50458593) addi a1, a1, 1284
x11 <- 0x0000B504


mem[X,0x8000069C] -> 0x2633
mem[X,0x8000069E] -> 0x02B5
[428] [M]: 0x8000069C (0x02B52633) mulhsu a2, a0, a1
x12 <- 0x00000005


mem[X,0x800006A0] -> 0xA823
mem[X,0x800006A2] -> 0x0EC6
[429] [M]: 0x800006A0 (0x0EC6A823) sw a2, 240(a3)
mem[0x80005348] <- 0x00000005


mem[X,0x800006A4] -> 0x0537
mem[X,0x800006A6] -> 0x0100
[430] [M]: 0x800006A4 (0x01000537) lui a0, 4096
x10 <- 0x01000000


mem[X,0x800006A8] -> 0x0593
mem[X,0x800006AA] -> 0x4000
[431] [M]: 0x800006A8 (0x40000593) addi a1, zero, 1024
x11 <- 0x00000400


mem[X,0x800006AC] -> 0x2633
mem[X,0x800006AE] -> 0x02B5
[432] [M]: 0x800006AC (0x02B52633) mulhsu a2, a0, a1
x12 <- 0x00000004


mem[X,0x800006B0] -> 0xAA23
mem[X,0x800006B2] -> 0x0EC6
[433] [M]: 0x800006B0 (0x0EC6AA23) sw a2, 244(a3)
mem[0x8000534C] <- 0x00000004


mem[X,0x800006B4] -> 0x0537
mem[X,0x800006B6] -> 0x0200
[434] [M]: 0x800006B4 (0x02000537) lui a0, 8192
x10 <- 0x02000000


mem[X,0x800006B8] -> 0x55B7
mem[X,0x800006BA] -> 0x5555
[435] [M]: 0x800006B8 (0x555555B7) lui a1, 349525
x11 <- 0x55555000


mem[X,0x800006BC] -> 0x8593
mem[X,0x800006BE] -> 0x5565
[436] [M]: 0x800006BC (0x55658593) addi a1, a1, 1366
x11 <- 0x55555556


mem[X,0x800006C0] -> 0x2633
mem[X,0x800006C2] -> 0x02B5
[437] [M]: 0x800006C0 (0x02B52633) mulhsu a2, a0, a1
x12 <- 0x00AAAAAA


mem[X,0x800006C4] -> 0xAC23
mem[X,0x800006C6] -> 0x0EC6
[438] [M]: 0x800006C4 (0x0EC6AC23) sw a2, 248(a3)
mem[0x80005350] <- 0x00AAAAAA


mem[X,0x800006C8] -> 0x0537
mem[X,0x800006CA] -> 0x1000
[439] [M]: 0x800006C8 (0x10000537) lui a0, 65536
x10 <- 0x10000000


mem[X,0x800006CC] -> 0x0593
mem[X,0x800006CE] -> 0x0110
[440] [M]: 0x800006CC (0x01100593) addi a1, zero, 17
x11 <- 0x00000011


mem[X,0x800006D0] -> 0x2633
mem[X,0x800006D2] -> 0x02B5
[441] [M]: 0x800006D0 (0x02B52633) mulhsu a2, a0, a1
x12 <- 0x00000001


mem[X,0x800006D4] -> 0xAE23
mem[X,0x800006D6] -> 0x0EC6
[442] [M]: 0x800006D4 (0x0EC6AE23) sw a2, 252(a3)
mem[0x80005354] <- 0x00000001


mem[X,0x800006D8] -> 0x0537
mem[X,0x800006DA] -> 0x2000
[443] [M]: 0x800006D8 (0x20000537) lui a0, 131072
x10 <- 0x20000000


mem[X,0x800006DC] -> 0x0593
mem[X,0x800006DE] -> 0x00C0
[444] [M]: 0x800006DC (0x00C00593) addi a1, zero, 12
x11 <- 0x0000000C


mem[X,0x800006E0] -> 0x2633
mem[X,0x800006E2] -> 0x02B5
[445] [M]: 0x800006E0 (0x02B52633) mulhsu a2, a0, a1
x12 <- 0x00000001


mem[X,0x800006E4] -> 0xA023
mem[X,0x800006E6] -> 0x10C6
[446] [M]: 0x800006E4 (0x10C6A023) sw a2, 256(a3)
mem[0x80005358] <- 0x00000001


mem[X,0x800006E8] -> 0x0513
mem[X,0x800006EA] -> 0xFF70
[447] [M]: 0x800006E8 (0xFF700513) addi a0, zero, 4087
x10 <- 0xFFFFFFF7


mem[X,0x800006EC] -> 0x05B7
mem[X,0x800006EE] -> 0xFF80
[448] [M]: 0x800006EC (0xFF8005B7) lui a1, 1046528
x11 <- 0xFF800000


mem[X,0x800006F0] -> 0x8593
mem[X,0x800006F2] -> 0xFFF5
[449] [M]: 0x800006F0 (0xFFF58593) addi a1, a1, 4095
x11 <- 0xFF7FFFFF


mem[X,0x800006F4] -> 0x2633
mem[X,0x800006F6] -> 0x02B5
[450] [M]: 0x800006F4 (0x02B52633) mulhsu a2, a0, a1
x12 <- 0xFFFFFFF7


mem[X,0x800006F8] -> 0xA223
mem[X,0x800006FA] -> 0x10C6
[451] [M]: 0x800006F8 (0x10C6A223) sw a2, 260(a3)
mem[0x8000535C] <- 0xFFFFFFF7


mem[X,0x800006FC] -> 0x0513
mem[X,0x800006FE] -> 0xFDF0
[452] [M]: 0x800006FC (0xFDF00513) addi a0, zero, 4063
x10 <- 0xFFFFFFDF


mem[X,0x80000700] -> 0x0593
mem[X,0x80000702] -> 0x2000
[453] [M]: 0x80000700 (0x20000593) addi a1, zero, 512
x11 <- 0x00000200


mem[X,0x80000704] -> 0x2633
mem[X,0x80000706] -> 0x02B5
[454] [M]: 0x80000704 (0x02B52633) mulhsu a2, a0, a1
x12 <- 0xFFFFFFFF


mem[X,0x80000708] -> 0xA423
mem[X,0x8000070A] -> 0x10C6
[455] [M]: 0x80000708 (0x10C6A423) sw a2, 264(a3)
mem[0x80005360] <- 0xFFFFFFFF


mem[X,0x8000070C] -> 0x0513
mem[X,0x8000070E] -> 0xF7F0
[456] [M]: 0x8000070C (0xF7F00513) addi a0, zero, 3967
x10 <- 0xFFFFFF7F


mem[X,0x80000710] -> 0x05B7
mem[X,0x80000712] -> 0xFFE0
[457] [M]: 0x80000710 (0xFFE005B7) lui a1, 1048064
x11 <- 0xFFE00000


mem[X,0x80000714] -> 0x8593
mem[X,0x80000716] -> 0xFFF5
[458] [M]: 0x80000714 (0xFFF58593) addi a1, a1, 4095
x11 <- 0xFFDFFFFF


mem[X,0x80000718] -> 0x2633
mem[X,0x8000071A] -> 0x02B5
[459] [M]: 0x80000718 (0x02B52633) mulhsu a2, a0, a1
x12 <- 0xFFFFFF7F


mem[X,0x8000071C] -> 0xA623
mem[X,0x8000071E] -> 0x10C6
[460] [M]: 0x8000071C (0x10C6A623) sw a2, 268(a3)
mem[0x80005364] <- 0xFFFFFF7F


mem[X,0x80000720] -> 0x0513
mem[X,0x80000722] -> 0xDFF0
[461] [M]: 0x80000720 (0xDFF00513) addi a0, zero, 3583
x10 <- 0xFFFFFDFF


mem[X,0x80000724] -> 0x65B7
mem[X,0x80000726] -> 0x6666
[462] [M]: 0x80000724 (0x666665B7) lui a1, 419430
x11 <- 0x66666000


mem[X,0x80000728] -> 0x8593
mem[X,0x8000072A] -> 0x6655
[463] [M]: 0x80000728 (0x66558593) addi a1, a1, 1637
x11 <- 0x66666665


mem[X,0x8000072C] -> 0x2633
mem[X,0x8000072E] -> 0x02B5
[464] [M]: 0x8000072C (0x02B52633) mulhsu a2, a0, a1
x12 <- 0xFFFFFF32


mem[X,0x80000730] -> 0xA823
mem[X,0x80000732] -> 0x10C6
[465] [M]: 0x80000730 (0x10C6A823) sw a2, 272(a3)
mem[0x80005368] <- 0xFFFFFF32


mem[X,0x80000734] -> 0xF537
mem[X,0x80000736] -> 0xFFFF
[466] [M]: 0x80000734 (0xFFFFF537) lui a0, 1048575
x10 <- 0xFFFFF000


mem[X,0x80000738] -> 0x0513
mem[X,0x8000073A] -> 0x7FF5
[467] [M]: 0x80000738 (0x7FF50513) addi a0, a0, 2047
x10 <- 0xFFFFF7FF


mem[X,0x8000073C] -> 0x0593
mem[X,0x8000073E] -> 0x0040
[468] [M]: 0x8000073C (0x00400593) addi a1, zero, 4
x11 <- 0x00000004


mem[X,0x80000740] -> 0x2633
mem[X,0x80000742] -> 0x02B5
[469] [M]: 0x80000740 (0x02B52633) mulhsu a2, a0, a1
x12 <- 0xFFFFFFFF


mem[X,0x80000744] -> 0xAA23
mem[X,0x80000746] -> 0x10C6
[470] [M]: 0x80000744 (0x10C6AA23) sw a2, 276(a3)
mem[0x8000536C] <- 0xFFFFFFFF


mem[X,0x80000748] -> 0xE537
mem[X,0x8000074A] -> 0xFFFF
[471] [M]: 0x80000748 (0xFFFFE537) lui a0, 1048574
x10 <- 0xFFFFE000


mem[X,0x8000074C] -> 0x0513
mem[X,0x8000074E] -> 0xFFF5
[472] [M]: 0x8000074C (0xFFF50513) addi a0, a0, 4095
x10 <- 0xFFFFDFFF


mem[X,0x80000750] -> 0xB5B7
mem[X,0x80000752] -> 0xAAAA
[473] [M]: 0x80000750 (0xAAAAB5B7) lui a1, 699051
x11 <- 0xAAAAB000


mem[X,0x80000754] -> 0x8593
mem[X,0x80000756] -> 0xAAA5
[474] [M]: 0x80000754 (0xAAA58593) addi a1, a1, 2730
x11 <- 0xAAAAAAAA


mem[X,0x80000758] -> 0x2633
mem[X,0x8000075A] -> 0x02B5
[475] [M]: 0x80000758 (0x02B52633) mulhsu a2, a0, a1
x12 <- 0xFFFFEAAA


mem[X,0x8000075C] -> 0xAC23
mem[X,0x8000075E] -> 0x10C6
[476] [M]: 0x8000075C (0x10C6AC23) sw a2, 280(a3)
mem[0x80005370] <- 0xFFFFEAAA


mem[X,0x80000760] -> 0xC537
mem[X,0x80000762] -> 0xFFFF
[477] [M]: 0x80000760 (0xFFFFC537) lui a0, 1048572
x10 <- 0xFFFFC000


mem[X,0x80000764] -> 0x0513
mem[X,0x80000766] -> 0xFFF5
[478] [M]: 0x80000764 (0xFFF50513) addi a0, a0, 4095
x10 <- 0xFFFFBFFF


mem[X,0x80000768] -> 0x0593
mem[X,0x8000076A] -> 0xFDF0
[479] [M]: 0x80000768 (0xFDF00593) addi a1, zero, 4063
x11 <- 0xFFFFFFDF


mem[X,0x8000076C] -> 0x2633
mem[X,0x8000076E] -> 0x02B5
[480] [M]: 0x8000076C (0x02B52633) mulhsu a2, a0, a1
x12 <- 0xFFFFBFFF


mem[X,0x80000770] -> 0xAE23
mem[X,0x80000772] -> 0x10C6
[481] [M]: 0x80000770 (0x10C6AE23) sw a2, 284(a3)
mem[0x80005374] <- 0xFFFFBFFF


mem[X,0x80000774] -> 0x8537
mem[X,0x80000776] -> 0xFFFF
[482] [M]: 0x80000774 (0xFFFF8537) lui a0, 1048568
x10 <- 0xFFFF8000


mem[X,0x80000778] -> 0x0513
mem[X,0x8000077A] -> 0xFFF5
[483] [M]: 0x80000778 (0xFFF50513) addi a0, a0, 4095
x10 <- 0xFFFF7FFF


mem[X,0x8000077C] -> 0x35B7
mem[X,0x8000077E] -> 0x3333
[484] [M]: 0x8000077C (0x333335B7) lui a1, 209715
x11 <- 0x33333000


mem[X,0x80000780] -> 0x8593
mem[X,0x80000782] -> 0x3325
[485] [M]: 0x80000780 (0x33258593) addi a1, a1, 818
x11 <- 0x33333332


mem[X,0x80000784] -> 0x2633
mem[X,0x80000786] -> 0x02B5
[486] [M]: 0x80000784 (0x02B52633) mulhsu a2, a0, a1
x12 <- 0xFFFFE666


mem[X,0x80000788] -> 0xA023
mem[X,0x8000078A] -> 0x12C6
[487] [M]: 0x80000788 (0x12C6A023) sw a2, 288(a3)
mem[0x80005378] <- 0xFFFFE666


mem[X,0x8000078C] -> 0x0537
mem[X,0x8000078E] -> 0xFFFF
[488] [M]: 0x8000078C (0xFFFF0537) lui a0, 1048560
x10 <- 0xFFFF0000


mem[X,0x80000790] -> 0x0513
mem[X,0x80000792] -> 0xFFF5
[489] [M]: 0x80000790 (0xFFF50513) addi a0, a0, 4095
x10 <- 0xFFFEFFFF


mem[X,0x80000794] -> 0x0593
mem[X,0x80000796] -> 0xFFE0
[490] [M]: 0x80000794 (0xFFE00593) addi a1, zero, 4094
x11 <- 0xFFFFFFFE


mem[X,0x80000798] -> 0x2633
mem[X,0x8000079A] -> 0x02B5
[491] [M]: 0x80000798 (0x02B52633) mulhsu a2, a0, a1
x12 <- 0xFFFEFFFF


mem[X,0x8000079C] -> 0xA223
mem[X,0x8000079E] -> 0x12C6
[492] [M]: 0x8000079C (0x12C6A223) sw a2, 292(a3)
mem[0x8000537C] <- 0xFFFEFFFF


mem[X,0x800007A0] -> 0x0537
mem[X,0x800007A2] -> 0xFFFE
[493] [M]: 0x800007A0 (0xFFFE0537) lui a0, 1048544
x10 <- 0xFFFE0000


mem[X,0x800007A4] -> 0x0513
mem[X,0x800007A6] -> 0xFFF5
[494] [M]: 0x800007A4 (0xFFF50513) addi a0, a0, 4095
x10 <- 0xFFFDFFFF


mem[X,0x800007A8] -> 0x0593
mem[X,0x800007AA] -> 0x0040
[495] [M]: 0x800007A8 (0x00400593) addi a1, zero, 4
x11 <- 0x00000004


mem[X,0x800007AC] -> 0x2633
mem[X,0x800007AE] -> 0x02B5
[496] [M]: 0x800007AC (0x02B52633) mulhsu a2, a0, a1
x12 <- 0xFFFFFFFF


mem[X,0x800007B0] -> 0xA423
mem[X,0x800007B2] -> 0x12C6
[497] [M]: 0x800007B0 (0x12C6A423) sw a2, 296(a3)
mem[0x80005380] <- 0xFFFFFFFF


mem[X,0x800007B4] -> 0x0537
mem[X,0x800007B6] -> 0xFFFC
[498] [M]: 0x800007B4 (0xFFFC0537) lui a0, 1048512
x10 <- 0xFFFC0000


mem[X,0x800007B8] -> 0x0513
mem[X,0x800007BA] -> 0xFFF5
[499] [M]: 0x800007B8 (0xFFF50513) addi a0, a0, 4095
x10 <- 0xFFFBFFFF


clint::tick mtime <- 0x0000000000000005
 clint timer pending at mtime 0x0000000000000005
htif::tick 0x0000000000000000
mem[X,0x800007BC] -> 0x0593
mem[X,0x800007BE] -> 0xFEF0
[500] [M]: 0x800007BC (0xFEF00593) addi a1, zero, 4079
x11 <- 0xFFFFFFEF


mem[X,0x800007C0] -> 0x2633
mem[X,0x800007C2] -> 0x02B5
[501] [M]: 0x800007C0 (0x02B52633) mulhsu a2, a0, a1
x12 <- 0xFFFBFFFF


mem[X,0x800007C4] -> 0xA623
mem[X,0x800007C6] -> 0x12C6
[502] [M]: 0x800007C4 (0x12C6A623) sw a2, 300(a3)
mem[0x80005384] <- 0xFFFBFFFF


mem[X,0x800007C8] -> 0x0537
mem[X,0x800007CA] -> 0xFFF8
[503] [M]: 0x800007C8 (0xFFF80537) lui a0, 1048448
x10 <- 0xFFF80000


mem[X,0x800007CC] -> 0x0513
mem[X,0x800007CE] -> 0xFFF5
[504] [M]: 0x800007CC (0xFFF50513) addi a0, a0, 4095
x10 <- 0xFFF7FFFF


mem[X,0x800007D0] -> 0x0593
mem[X,0x800007D2] -> 0xFEF0
[505] [M]: 0x800007D0 (0xFEF00593) addi a1, zero, 4079
x11 <- 0xFFFFFFEF


mem[X,0x800007D4] -> 0x2633
mem[X,0x800007D6] -> 0x02B5
[506] [M]: 0x800007D4 (0x02B52633) mulhsu a2, a0, a1
x12 <- 0xFFF7FFFF


mem[X,0x800007D8] -> 0xA823
mem[X,0x800007DA] -> 0x12C6
[507] [M]: 0x800007D8 (0x12C6A823) sw a2, 304(a3)
mem[0x80005388] <- 0xFFF7FFFF


mem[X,0x800007DC] -> 0x0537
mem[X,0x800007DE] -> 0xFFE0
[508] [M]: 0x800007DC (0xFFE00537) lui a0, 1048064
x10 <- 0xFFE00000


mem[X,0x800007E0] -> 0x0513
mem[X,0x800007E2] -> 0xFFF5
[509] [M]: 0x800007E0 (0xFFF50513) addi a0, a0, 4095
x10 <- 0xFFDFFFFF


mem[X,0x800007E4] -> 0x0593
mem[X,0x800007E6] -> 0x0070
[510] [M]: 0x800007E4 (0x00700593) addi a1, zero, 7
x11 <- 0x00000007


mem[X,0x800007E8] -> 0x2633
mem[X,0x800007EA] -> 0x02B5
[511] [M]: 0x800007E8 (0x02B52633) mulhsu a2, a0, a1
x12 <- 0xFFFFFFFF


mem[X,0x800007EC] -> 0xAA23
mem[X,0x800007EE] -> 0x12C6
[512] [M]: 0x800007EC (0x12C6AA23) sw a2, 308(a3)
mem[0x8000538C] <- 0xFFFFFFFF


mem[X,0x800007F0] -> 0x0537
mem[X,0x800007F2] -> 0xFFC0
[513] [M]: 0x800007F0 (0xFFC00537) lui a0, 1047552
x10 <- 0xFFC00000


mem[X,0x800007F4] -> 0x0513
mem[X,0x800007F6] -> 0xFFF5
[514] [M]: 0x800007F4 (0xFFF50513) addi a0, a0, 4095
x10 <- 0xFFBFFFFF


mem[X,0x800007F8] -> 0x05B7
mem[X,0x800007FA] -> 0x0800
[515] [M]: 0x800007F8 (0x080005B7) lui a1, 32768
x11 <- 0x08000000


mem[X,0x800007FC] -> 0x2633
mem[X,0x800007FE] -> 0x02B5
[516] [M]: 0x800007FC (0x02B52633) mulhsu a2, a0, a1
x12 <- 0xFFFDFFFF


mem[X,0x80000800] -> 0xAC23
mem[X,0x80000802] -> 0x12C6
[517] [M]: 0x80000800 (0x12C6AC23) sw a2, 312(a3)
mem[0x80005390] <- 0xFFFDFFFF


mem[X,0x80000804] -> 0x0537
mem[X,0x80000806] -> 0xFF80
[518] [M]: 0x80000804 (0xFF800537) lui a0, 1046528
x10 <- 0xFF800000


mem[X,0x80000808] -> 0x0513
mem[X,0x8000080A] -> 0xFFF5
[519] [M]: 0x80000808 (0xFFF50513) addi a0, a0, 4095
x10 <- 0xFF7FFFFF


mem[X,0x8000080C] -> 0x05B7
mem[X,0x8000080E] -> 0x1000
[520] [M]: 0x8000080C (0x100005B7) lui a1, 65536
x11 <- 0x10000000


mem[X,0x80000810] -> 0x2633
mem[X,0x80000812] -> 0x02B5
[521] [M]: 0x80000810 (0x02B52633) mulhsu a2, a0, a1
x12 <- 0xFFF7FFFF


mem[X,0x80000814] -> 0xAE23
mem[X,0x80000816] -> 0x12C6
[522] [M]: 0x80000814 (0x12C6AE23) sw a2, 316(a3)
mem[0x80005394] <- 0xFFF7FFFF


mem[X,0x80000818] -> 0x0537
mem[X,0x8000081A] -> 0xFE00
[523] [M]: 0x80000818 (0xFE000537) lui a0, 1040384
x10 <- 0xFE000000


mem[X,0x8000081C] -> 0x0513
mem[X,0x8000081E] -> 0xFFF5
[524] [M]: 0x8000081C (0xFFF50513) addi a0, a0, 4095
x10 <- 0xFDFFFFFF


mem[X,0x80000820] -> 0x55B7
mem[X,0x80000822] -> 0x5555
[525] [M]: 0x80000820 (0x555555B7) lui a1, 349525
x11 <- 0x55555000


mem[X,0x80000824] -> 0x8593
mem[X,0x80000826] -> 0x5565
[526] [M]: 0x80000824 (0x55658593) addi a1, a1, 1366
x11 <- 0x55555556


mem[X,0x80000828] -> 0x2633
mem[X,0x8000082A] -> 0x02B5
[527] [M]: 0x80000828 (0x02B52633) mulhsu a2, a0, a1
x12 <- 0xFF555554


mem[X,0x8000082C] -> 0xA023
mem[X,0x8000082E] -> 0x14C6
[528] [M]: 0x8000082C (0x14C6A023) sw a2, 320(a3)
mem[0x80005398] <- 0xFF555554


mem[X,0x80000830] -> 0x0537
mem[X,0x80000832] -> 0xFC00
[529] [M]: 0x80000830 (0xFC000537) lui a0, 1032192
x10 <- 0xFC000000


mem[X,0x80000834] -> 0x0513
mem[X,0x80000836] -> 0xFFF5
[530] [M]: 0x80000834 (0xFFF50513) addi a0, a0, 4095
x10 <- 0xFBFFFFFF


mem[X,0x80000838] -> 0x35B7
mem[X,0x8000083A] -> 0x3333
[531] [M]: 0x80000838 (0x333335B7) lui a1, 209715
x11 <- 0x33333000


mem[X,0x8000083C] -> 0x8593
mem[X,0x8000083E] -> 0x3345
[532] [M]: 0x8000083C (0x33458593) addi a1, a1, 820
x11 <- 0x33333334


mem[X,0x80000840] -> 0x2633
mem[X,0x80000842] -> 0x02B5
[533] [M]: 0x80000840 (0x02B52633) mulhsu a2, a0, a1
x12 <- 0xFF333332


mem[X,0x80000844] -> 0xA223
mem[X,0x80000846] -> 0x14C6
[534] [M]: 0x80000844 (0x14C6A223) sw a2, 324(a3)
mem[0x8000539C] <- 0xFF333332


mem[X,0x80000848] -> 0x0537
mem[X,0x8000084A] -> 0xF800
[535] [M]: 0x80000848 (0xF8000537) lui a0, 1015808
x10 <- 0xF8000000


mem[X,0x8000084C] -> 0x0513
mem[X,0x8000084E] -> 0xFFF5
[536] [M]: 0x8000084C (0xFFF50513) addi a0, a0, 4095
x10 <- 0xF7FFFFFF


mem[X,0x80000850] -> 0x05B7
mem[X,0x80000852] -> 0xFC00
[537] [M]: 0x80000850 (0xFC0005B7) lui a1, 1032192
x11 <- 0xFC000000


mem[X,0x80000854] -> 0x8593
mem[X,0x80000856] -> 0xFFF5
[538] [M]: 0x80000854 (0xFFF58593) addi a1, a1, 4095
x11 <- 0xFBFFFFFF


mem[X,0x80000858] -> 0x2633
mem[X,0x8000085A] -> 0x02B5
[539] [M]: 0x80000858 (0x02B52633) mulhsu a2, a0, a1
x12 <- 0xF81FFFFF


mem[X,0x8000085C] -> 0xA423
mem[X,0x8000085E] -> 0x14C6
[540] [M]: 0x8000085C (0x14C6A423) sw a2, 328(a3)
mem[0x800053A0] <- 0xF81FFFFF


mem[X,0x80000860] -> 0x0537
mem[X,0x80000862] -> 0xF000
[541] [M]: 0x80000860 (0xF0000537) lui a0, 983040
x10 <- 0xF0000000


mem[X,0x80000864] -> 0x0513
mem[X,0x80000866] -> 0xFFF5
[542] [M]: 0x80000864 (0xFFF50513) addi a0, a0, 4095
x10 <- 0xEFFFFFFF


mem[X,0x80000868] -> 0x0593
mem[X,0x8000086A] -> 0x4000
[543] [M]: 0x80000868 (0x40000593) addi a1, zero, 1024
x11 <- 0x00000400


mem[X,0x8000086C] -> 0x2633
mem[X,0x8000086E] -> 0x02B5
[544] [M]: 0x8000086C (0x02B52633) mulhsu a2, a0, a1
x12 <- 0xFFFFFFBF


mem[X,0x80000870] -> 0xA623
mem[X,0x80000872] -> 0x14C6
[545] [M]: 0x80000870 (0x14C6A623) sw a2, 332(a3)
mem[0x800053A4] <- 0xFFFFFFBF


mem[X,0x80000874] -> 0x5537
mem[X,0x80000876] -> 0x5555
[546] [M]: 0x80000874 (0x55555537) lui a0, 349525
x10 <- 0x55555000


mem[X,0x80000878] -> 0x0513
mem[X,0x8000087A] -> 0x5555
[547] [M]: 0x80000878 (0x55550513) addi a0, a0, 1365
x10 <- 0x55555555


mem[X,0x8000087C] -> 0x55B7
mem[X,0x8000087E] -> 0x5555
[548] [M]: 0x8000087C (0x555555B7) lui a1, 349525
x11 <- 0x55555000


mem[X,0x80000880] -> 0x8593
mem[X,0x80000882] -> 0x5555
[549] [M]: 0x80000880 (0x55558593) addi a1, a1, 1365
x11 <- 0x55555555


mem[X,0x80000884] -> 0x2633
mem[X,0x80000886] -> 0x02B5
[550] [M]: 0x80000884 (0x02B52633) mulhsu a2, a0, a1
x12 <- 0x1C71C71C


mem[X,0x80000888] -> 0xA823
mem[X,0x8000088A] -> 0x14C6
[551] [M]: 0x80000888 (0x14C6A823) sw a2, 336(a3)
mem[0x800053A8] <- 0x1C71C71C


mem[X,0x8000088C] -> 0x0513
mem[X,0x8000088E] -> 0x0030
[552] [M]: 0x8000088C (0x00300513) addi a0, zero, 3
x10 <- 0x00000003


mem[X,0x80000890] -> 0x0593
mem[X,0x80000892] -> 0x0030
[553] [M]: 0x80000890 (0x00300593) addi a1, zero, 3
x11 <- 0x00000003


mem[X,0x80000894] -> 0x2633
mem[X,0x80000896] -> 0x02B5
[554] [M]: 0x80000894 (0x02B52633) mulhsu a2, a0, a1
x12 <- 0x00000000


mem[X,0x80000898] -> 0xAA23
mem[X,0x8000089A] -> 0x14C6
[555] [M]: 0x80000898 (0x14C6AA23) sw a2, 340(a3)
mem[0x800053AC] <- 0x00000000


mem[X,0x8000089C] -> 0x0513
mem[X,0x8000089E] -> 0x0030
[556] [M]: 0x8000089C (0x00300513) addi a0, zero, 3
x10 <- 0x00000003


mem[X,0x800008A0] -> 0x55B7
mem[X,0x800008A2] -> 0x5555
[557] [M]: 0x800008A0 (0x555555B7) lui a1, 349525
x11 <- 0x55555000


mem[X,0x800008A4] -> 0x8593
mem[X,0x800008A6] -> 0x5555
[558] [M]: 0x800008A4 (0x55558593) addi a1, a1, 1365
x11 <- 0x55555555


mem[X,0x800008A8] -> 0x2633
mem[X,0x800008AA] -> 0x02B5
[559] [M]: 0x800008A8 (0x02B52633) mulhsu a2, a0, a1
x12 <- 0x00000000


mem[X,0x800008AC] -> 0xAC23
mem[X,0x800008AE] -> 0x14C6
[560] [M]: 0x800008AC (0x14C6AC23) sw a2, 344(a3)
mem[0x800053B0] <- 0x00000000


mem[X,0x800008B0] -> 0x0513
mem[X,0x800008B2] -> 0x0030
[561] [M]: 0x800008B0 (0x00300513) addi a0, zero, 3
x10 <- 0x00000003


mem[X,0x800008B4] -> 0xB5B7
mem[X,0x800008B6] -> 0xAAAA
[562] [M]: 0x800008B4 (0xAAAAB5B7) lui a1, 699051
x11 <- 0xAAAAB000


mem[X,0x800008B8] -> 0x8593
mem[X,0x800008BA] -> 0xAAA5
[563] [M]: 0x800008B8 (0xAAA58593) addi a1, a1, 2730
x11 <- 0xAAAAAAAA


mem[X,0x800008BC] -> 0x2633
mem[X,0x800008BE] -> 0x02B5
[564] [M]: 0x800008BC (0x02B52633) mulhsu a2, a0, a1
x12 <- 0x00000001


mem[X,0x800008C0] -> 0xAE23
mem[X,0x800008C2] -> 0x14C6
[565] [M]: 0x800008C0 (0x14C6AE23) sw a2, 348(a3)
mem[0x800053B4] <- 0x00000001


mem[X,0x800008C4] -> 0x0513
mem[X,0x800008C6] -> 0x0030
[566] [M]: 0x800008C4 (0x00300513) addi a0, zero, 3
x10 <- 0x00000003


mem[X,0x800008C8] -> 0x0593
mem[X,0x800008CA] -> 0x0050
[567] [M]: 0x800008C8 (0x00500593) addi a1, zero, 5
x11 <- 0x00000005


mem[X,0x800008CC] -> 0x2633
mem[X,0x800008CE] -> 0x02B5
[568] [M]: 0x800008CC (0x02B52633) mulhsu a2, a0, a1
x12 <- 0x00000000


mem[X,0x800008D0] -> 0xA023
mem[X,0x800008D2] -> 0x16C6
[569] [M]: 0x800008D0 (0x16C6A023) sw a2, 352(a3)
mem[0x800053B8] <- 0x00000000


mem[X,0x800008D4] -> 0x0513
mem[X,0x800008D6] -> 0x0030
[570] [M]: 0x800008D4 (0x00300513) addi a0, zero, 3
x10 <- 0x00000003


mem[X,0x800008D8] -> 0x35B7
mem[X,0x800008DA] -> 0x3333
[571] [M]: 0x800008D8 (0x333335B7) lui a1, 209715
x11 <- 0x33333000


mem[X,0x800008DC] -> 0x8593
mem[X,0x800008DE] -> 0x3335
[572] [M]: 0x800008DC (0x33358593) addi a1, a1, 819
x11 <- 0x33333333


mem[X,0x800008E0] -> 0x2633
mem[X,0x800008E2] -> 0x02B5
[573] [M]: 0x800008E0 (0x02B52633) mulhsu a2, a0, a1
x12 <- 0x00000000


mem[X,0x800008E4] -> 0xA223
mem[X,0x800008E6] -> 0x16C6
[574] [M]: 0x800008E4 (0x16C6A223) sw a2, 356(a3)
mem[0x800053BC] <- 0x00000000


mem[X,0x800008E8] -> 0x0513
mem[X,0x800008EA] -> 0x0030
[575] [M]: 0x800008E8 (0x00300513) addi a0, zero, 3
x10 <- 0x00000003


mem[X,0x800008EC] -> 0x65B7
mem[X,0x800008EE] -> 0x6666
[576] [M]: 0x800008EC (0x666665B7) lui a1, 419430
x11 <- 0x66666000


mem[X,0x800008F0] -> 0x8593
mem[X,0x800008F2] -> 0x6665
[577] [M]: 0x800008F0 (0x66658593) addi a1, a1, 1638
x11 <- 0x66666666


mem[X,0x800008F4] -> 0x2633
mem[X,0x800008F6] -> 0x02B5
[578] [M]: 0x800008F4 (0x02B52633) mulhsu a2, a0, a1
x12 <- 0x00000001


mem[X,0x800008F8] -> 0xA423
mem[X,0x800008FA] -> 0x16C6
[579] [M]: 0x800008F8 (0x16C6A423) sw a2, 360(a3)
mem[0x800053C0] <- 0x00000001


mem[X,0x800008FC] -> 0x0513
mem[X,0x800008FE] -> 0x0030
[580] [M]: 0x800008FC (0x00300513) addi a0, zero, 3
x10 <- 0x00000003


mem[X,0x80000900] -> 0xB5B7
mem[X,0x80000902] -> 0x0000
[581] [M]: 0x80000900 (0x0000B5B7) lui a1, 11
x11 <- 0x0000B000


mem[X,0x80000904] -> 0x8593
mem[X,0x80000906] -> 0x5045
[582] [M]: 0x80000904 (0x50458593) addi a1, a1, 1284
x11 <- 0x0000B504


mem[X,0x80000908] -> 0x2633
mem[X,0x8000090A] -> 0x02B5
[583] [M]: 0x80000908 (0x02B52633) mulhsu a2, a0, a1
x12 <- 0x00000000


mem[X,0x8000090C] -> 0xA623
mem[X,0x8000090E] -> 0x16C6
[584] [M]: 0x8000090C (0x16C6A623) sw a2, 364(a3)
mem[0x800053C4] <- 0x00000000


mem[X,0x80000910] -> 0x0513
mem[X,0x80000912] -> 0x0030
[585] [M]: 0x80000910 (0x00300513) addi a0, zero, 3
x10 <- 0x00000003


mem[X,0x80000914] -> 0x0593
mem[X,0x80000916] -> 0x0000
[586] [M]: 0x80000914 (0x00000593) addi a1, zero, 0
x11 <- 0x00000000


mem[X,0x80000918] -> 0x2633
mem[X,0x8000091A] -> 0x02B5
[587] [M]: 0x80000918 (0x02B52633) mulhsu a2, a0, a1
x12 <- 0x00000000


mem[X,0x8000091C] -> 0xA823
mem[X,0x8000091E] -> 0x16C6
[588] [M]: 0x8000091C (0x16C6A823) sw a2, 368(a3)
mem[0x800053C8] <- 0x00000000


mem[X,0x80000920] -> 0x0513
mem[X,0x80000922] -> 0x0030
[589] [M]: 0x80000920 (0x00300513) addi a0, zero, 3
x10 <- 0x00000003


mem[X,0x80000924] -> 0x05B7
mem[X,0x80000926] -> 0x0001
[590] [M]: 0x80000924 (0x000105B7) lui a1, 16
x11 <- 0x00010000


mem[X,0x80000928] -> 0x8593
mem[X,0x8000092A] -> 0xFFF5
[591] [M]: 0x80000928 (0xFFF58593) addi a1, a1, 4095
x11 <- 0x0000FFFF


mem[X,0x8000092C] -> 0x2633
mem[X,0x8000092E] -> 0x02B5
[592] [M]: 0x8000092C (0x02B52633) mulhsu a2, a0, a1
x12 <- 0x00000000


mem[X,0x80000930] -> 0xAA23
mem[X,0x80000932] -> 0x16C6
[593] [M]: 0x80000930 (0x16C6AA23) sw a2, 372(a3)
mem[0x800053CC] <- 0x00000000


mem[X,0x80000934] -> 0x0513
mem[X,0x80000936] -> 0x0030
[594] [M]: 0x80000934 (0x00300513) addi a0, zero, 3
x10 <- 0x00000003


mem[X,0x80000938] -> 0x55B7
mem[X,0x8000093A] -> 0x5555
[595] [M]: 0x80000938 (0x555555B7) lui a1, 349525
x11 <- 0x55555000


mem[X,0x8000093C] -> 0x8593
mem[X,0x8000093E] -> 0x5545
[596] [M]: 0x8000093C (0x55458593) addi a1, a1, 1364
x11 <- 0x55555554


mem[X,0x80000940] -> 0x2633
mem[X,0x80000942] -> 0x02B5
[597] [M]: 0x80000940 (0x02B52633) mulhsu a2, a0, a1
x12 <- 0x00000000


mem[X,0x80000944] -> 0xAC23
mem[X,0x80000946] -> 0x16C6
[598] [M]: 0x80000944 (0x16C6AC23) sw a2, 376(a3)
mem[0x800053D0] <- 0x00000000


mem[X,0x80000948] -> 0x0513
mem[X,0x8000094A] -> 0x0030
[599] [M]: 0x80000948 (0x00300513) addi a0, zero, 3
x10 <- 0x00000003


clint::tick mtime <- 0x0000000000000006
 clint timer pending at mtime 0x0000000000000006
htif::tick 0x0000000000000000
mem[X,0x8000094C] -> 0xB5B7
mem[X,0x8000094E] -> 0xAAAA
[600] [M]: 0x8000094C (0xAAAAB5B7) lui a1, 699051
x11 <- 0xAAAAB000


mem[X,0x80000950] -> 0x8593
mem[X,0x80000952] -> 0xAA95
[601] [M]: 0x80000950 (0xAA958593) addi a1, a1, 2729
x11 <- 0xAAAAAAA9


mem[X,0x80000954] -> 0x2633
mem[X,0x80000956] -> 0x02B5
[602] [M]: 0x80000954 (0x02B52633) mulhsu a2, a0, a1
x12 <- 0x00000001


mem[X,0x80000958] -> 0xAE23
mem[X,0x8000095A] -> 0x16C6
[603] [M]: 0x80000958 (0x16C6AE23) sw a2, 380(a3)
mem[0x800053D4] <- 0x00000001


mem[X,0x8000095C] -> 0x0513
mem[X,0x8000095E] -> 0x0030
[604] [M]: 0x8000095C (0x00300513) addi a0, zero, 3
x10 <- 0x00000003


mem[X,0x80000960] -> 0x0593
mem[X,0x80000962] -> 0x0040
[605] [M]: 0x80000960 (0x00400593) addi a1, zero, 4
x11 <- 0x00000004


mem[X,0x80000964] -> 0x2633
mem[X,0x80000966] -> 0x02B5
[606] [M]: 0x80000964 (0x02B52633) mulhsu a2, a0, a1
x12 <- 0x00000000


mem[X,0x80000968] -> 0xA023
mem[X,0x8000096A] -> 0x18C6
[607] [M]: 0x80000968 (0x18C6A023) sw a2, 384(a3)
mem[0x800053D8] <- 0x00000000


mem[X,0x8000096C] -> 0x0513
mem[X,0x8000096E] -> 0x0030
[608] [M]: 0x8000096C (0x00300513) addi a0, zero, 3
x10 <- 0x00000003


mem[X,0x80000970] -> 0x35B7
mem[X,0x80000972] -> 0x3333
[609] [M]: 0x80000970 (0x333335B7) lui a1, 209715
x11 <- 0x33333000


mem[X,0x80000974] -> 0x8593
mem[X,0x80000976] -> 0x3325
[610] [M]: 0x80000974 (0x33258593) addi a1, a1, 818
x11 <- 0x33333332


mem[X,0x80000978] -> 0x2633
mem[X,0x8000097A] -> 0x02B5
[611] [M]: 0x80000978 (0x02B52633) mulhsu a2, a0, a1
x12 <- 0x00000000


mem[X,0x8000097C] -> 0xA223
mem[X,0x8000097E] -> 0x18C6
[612] [M]: 0x8000097C (0x18C6A223) sw a2, 388(a3)
mem[0x800053DC] <- 0x00000000


mem[X,0x80000980] -> 0x0513
mem[X,0x80000982] -> 0x0030
[613] [M]: 0x80000980 (0x00300513) addi a0, zero, 3
x10 <- 0x00000003


mem[X,0x80000984] -> 0x65B7
mem[X,0x80000986] -> 0x6666
[614] [M]: 0x80000984 (0x666665B7) lui a1, 419430
x11 <- 0x66666000


mem[X,0x80000988] -> 0x8593
mem[X,0x8000098A] -> 0x6655
[615] [M]: 0x80000988 (0x66558593) addi a1, a1, 1637
x11 <- 0x66666665


mem[X,0x8000098C] -> 0x2633
mem[X,0x8000098E] -> 0x02B5
[616] [M]: 0x8000098C (0x02B52633) mulhsu a2, a0, a1
x12 <- 0x00000001


mem[X,0x80000990] -> 0xA423
mem[X,0x80000992] -> 0x18C6
[617] [M]: 0x80000990 (0x18C6A423) sw a2, 392(a3)
mem[0x800053E0] <- 0x00000001


mem[X,0x80000994] -> 0x0513
mem[X,0x80000996] -> 0x0030
[618] [M]: 0x80000994 (0x00300513) addi a0, zero, 3
x10 <- 0x00000003


mem[X,0x80000998] -> 0xB5B7
mem[X,0x8000099A] -> 0x0000
[619] [M]: 0x80000998 (0x0000B5B7) lui a1, 11
x11 <- 0x0000B000


mem[X,0x8000099C] -> 0x8593
mem[X,0x8000099E] -> 0x5035
[620] [M]: 0x8000099C (0x50358593) addi a1, a1, 1283
x11 <- 0x0000B503


mem[X,0x800009A0] -> 0x2633
mem[X,0x800009A2] -> 0x02B5
[621] [M]: 0x800009A0 (0x02B52633) mulhsu a2, a0, a1
x12 <- 0x00000000


mem[X,0x800009A4] -> 0xA623
mem[X,0x800009A6] -> 0x18C6
[622] [M]: 0x800009A4 (0x18C6A623) sw a2, 396(a3)
mem[0x800053E4] <- 0x00000000


mem[X,0x800009A8] -> 0x0513
mem[X,0x800009AA] -> 0x0030
[623] [M]: 0x800009A8 (0x00300513) addi a0, zero, 3
x10 <- 0x00000003


mem[X,0x800009AC] -> 0x05B7
mem[X,0x800009AE] -> 0x0001
[624] [M]: 0x800009AC (0x000105B7) lui a1, 16
x11 <- 0x00010000


mem[X,0x800009B0] -> 0x8593
mem[X,0x800009B2] -> 0xFFE5
[625] [M]: 0x800009B0 (0xFFE58593) addi a1, a1, 4094
x11 <- 0x0000FFFE


mem[X,0x800009B4] -> 0x2633
mem[X,0x800009B6] -> 0x02B5
[626] [M]: 0x800009B4 (0x02B52633) mulhsu a2, a0, a1
x12 <- 0x00000000


mem[X,0x800009B8] -> 0xA823
mem[X,0x800009BA] -> 0x18C6
[627] [M]: 0x800009B8 (0x18C6A823) sw a2, 400(a3)
mem[0x800053E8] <- 0x00000000


mem[X,0x800009BC] -> 0x0513
mem[X,0x800009BE] -> 0x0030
[628] [M]: 0x800009BC (0x00300513) addi a0, zero, 3
x10 <- 0x00000003


mem[X,0x800009C0] -> 0x55B7
mem[X,0x800009C2] -> 0x5555
[629] [M]: 0x800009C0 (0x555555B7) lui a1, 349525
x11 <- 0x55555000


mem[X,0x800009C4] -> 0x8593
mem[X,0x800009C6] -> 0x5565
[630] [M]: 0x800009C4 (0x55658593) addi a1, a1, 1366
x11 <- 0x55555556


mem[X,0x800009C8] -> 0x2633
mem[X,0x800009CA] -> 0x02B5
[631] [M]: 0x800009C8 (0x02B52633) mulhsu a2, a0, a1
x12 <- 0x00000001


mem[X,0x800009CC] -> 0xAA23
mem[X,0x800009CE] -> 0x18C6
[632] [M]: 0x800009CC (0x18C6AA23) sw a2, 404(a3)
mem[0x800053EC] <- 0x00000001


mem[X,0x800009D0] -> 0x0513
mem[X,0x800009D2] -> 0x0030
[633] [M]: 0x800009D0 (0x00300513) addi a0, zero, 3
x10 <- 0x00000003


mem[X,0x800009D4] -> 0xB5B7
mem[X,0x800009D6] -> 0xAAAA
[634] [M]: 0x800009D4 (0xAAAAB5B7) lui a1, 699051
x11 <- 0xAAAAB000


mem[X,0x800009D8] -> 0x8593
mem[X,0x800009DA] -> 0xAAB5
[635] [M]: 0x800009D8 (0xAAB58593) addi a1, a1, 2731
x11 <- 0xAAAAAAAB


mem[X,0x800009DC] -> 0x2633
mem[X,0x800009DE] -> 0x02B5
[636] [M]: 0x800009DC (0x02B52633) mulhsu a2, a0, a1
x12 <- 0x00000002


mem[X,0x800009E0] -> 0xAC23
mem[X,0x800009E2] -> 0x18C6
[637] [M]: 0x800009E0 (0x18C6AC23) sw a2, 408(a3)
mem[0x800053F0] <- 0x00000002


mem[X,0x800009E4] -> 0x0513
mem[X,0x800009E6] -> 0x0030
[638] [M]: 0x800009E4 (0x00300513) addi a0, zero, 3
x10 <- 0x00000003


mem[X,0x800009E8] -> 0x0593
mem[X,0x800009EA] -> 0x0060
[639] [M]: 0x800009E8 (0x00600593) addi a1, zero, 6
x11 <- 0x00000006


mem[X,0x800009EC] -> 0x2633
mem[X,0x800009EE] -> 0x02B5
[640] [M]: 0x800009EC (0x02B52633) mulhsu a2, a0, a1
x12 <- 0x00000000


mem[X,0x800009F0] -> 0xAE23
mem[X,0x800009F2] -> 0x18C6
[641] [M]: 0x800009F0 (0x18C6AE23) sw a2, 412(a3)
mem[0x800053F4] <- 0x00000000


mem[X,0x800009F4] -> 0x0513
mem[X,0x800009F6] -> 0x0030
[642] [M]: 0x800009F4 (0x00300513) addi a0, zero, 3
x10 <- 0x00000003


mem[X,0x800009F8] -> 0x35B7
mem[X,0x800009FA] -> 0x3333
[643] [M]: 0x800009F8 (0x333335B7) lui a1, 209715
x11 <- 0x33333000


mem[X,0x800009FC] -> 0x8593
mem[X,0x800009FE] -> 0x3345
[644] [M]: 0x800009FC (0x33458593) addi a1, a1, 820
x11 <- 0x33333334


mem[X,0x80000A00] -> 0x2633
mem[X,0x80000A02] -> 0x02B5
[645] [M]: 0x80000A00 (0x02B52633) mulhsu a2, a0, a1
x12 <- 0x00000000


mem[X,0x80000A04] -> 0xA023
mem[X,0x80000A06] -> 0x1AC6
[646] [M]: 0x80000A04 (0x1AC6A023) sw a2, 416(a3)
mem[0x800053F8] <- 0x00000000


mem[X,0x80000A08] -> 0x0513
mem[X,0x80000A0A] -> 0x0030
[647] [M]: 0x80000A08 (0x00300513) addi a0, zero, 3
x10 <- 0x00000003


mem[X,0x80000A0C] -> 0x65B7
mem[X,0x80000A0E] -> 0x6666
[648] [M]: 0x80000A0C (0x666665B7) lui a1, 419430
x11 <- 0x66666000


mem[X,0x80000A10] -> 0x8593
mem[X,0x80000A12] -> 0x6675
[649] [M]: 0x80000A10 (0x66758593) addi a1, a1, 1639
x11 <- 0x66666667


mem[X,0x80000A14] -> 0x2633
mem[X,0x80000A16] -> 0x02B5
[650] [M]: 0x80000A14 (0x02B52633) mulhsu a2, a0, a1
x12 <- 0x00000001


mem[X,0x80000A18] -> 0xA223
mem[X,0x80000A1A] -> 0x1AC6
[651] [M]: 0x80000A18 (0x1AC6A223) sw a2, 420(a3)
mem[0x800053FC] <- 0x00000001


mem[X,0x80000A1C] -> 0x0513
mem[X,0x80000A1E] -> 0x0030
[652] [M]: 0x80000A1C (0x00300513) addi a0, zero, 3
x10 <- 0x00000003


mem[X,0x80000A20] -> 0xB5B7
mem[X,0x80000A22] -> 0x0000
[653] [M]: 0x80000A20 (0x0000B5B7) lui a1, 11
x11 <- 0x0000B000


mem[X,0x80000A24] -> 0x8593
mem[X,0x80000A26] -> 0x5055
[654] [M]: 0x80000A24 (0x50558593) addi a1, a1, 1285
x11 <- 0x0000B505


mem[X,0x80000A28] -> 0x2633
mem[X,0x80000A2A] -> 0x02B5
[655] [M]: 0x80000A28 (0x02B52633) mulhsu a2, a0, a1
x12 <- 0x00000000


mem[X,0x80000A2C] -> 0xA423
mem[X,0x80000A2E] -> 0x1AC6
[656] [M]: 0x80000A2C (0x1AC6A423) sw a2, 424(a3)
mem[0x80005400] <- 0x00000000


mem[X,0x80000A30] -> 0x0513
mem[X,0x80000A32] -> 0x0030
[657] [M]: 0x80000A30 (0x00300513) addi a0, zero, 3
x10 <- 0x00000003


mem[X,0x80000A34] -> 0x0593
mem[X,0x80000A36] -> 0x0010
[658] [M]: 0x80000A34 (0x00100593) addi a1, zero, 1
x11 <- 0x00000001


mem[X,0x80000A38] -> 0x2633
mem[X,0x80000A3A] -> 0x02B5
[659] [M]: 0x80000A38 (0x02B52633) mulhsu a2, a0, a1
x12 <- 0x00000000


mem[X,0x80000A3C] -> 0xA623
mem[X,0x80000A3E] -> 0x1AC6
[660] [M]: 0x80000A3C (0x1AC6A623) sw a2, 428(a3)
mem[0x80005404] <- 0x00000000


mem[X,0x80000A40] -> 0x0513
mem[X,0x80000A42] -> 0x0030
[661] [M]: 0x80000A40 (0x00300513) addi a0, zero, 3
x10 <- 0x00000003


mem[X,0x80000A44] -> 0x05B7
mem[X,0x80000A46] -> 0x0001
[662] [M]: 0x80000A44 (0x000105B7) lui a1, 16
x11 <- 0x00010000


mem[X,0x80000A48] -> 0x2633
mem[X,0x80000A4A] -> 0x02B5
[663] [M]: 0x80000A48 (0x02B52633) mulhsu a2, a0, a1
x12 <- 0x00000000


mem[X,0x80000A4C] -> 0xA823
mem[X,0x80000A4E] -> 0x1AC6
[664] [M]: 0x80000A4C (0x1AC6A823) sw a2, 432(a3)
mem[0x80005408] <- 0x00000000


mem[X,0x80000A50] -> 0x5537
mem[X,0x80000A52] -> 0x5555
[665] [M]: 0x80000A50 (0x55555537) lui a0, 349525
x10 <- 0x55555000


mem[X,0x80000A54] -> 0x0513
mem[X,0x80000A56] -> 0x5555
[666] [M]: 0x80000A54 (0x55550513) addi a0, a0, 1365
x10 <- 0x55555555


mem[X,0x80000A58] -> 0x0593
mem[X,0x80000A5A] -> 0x0030
[667] [M]: 0x80000A58 (0x00300593) addi a1, zero, 3
x11 <- 0x00000003


mem[X,0x80000A5C] -> 0x2633
mem[X,0x80000A5E] -> 0x02B5
[668] [M]: 0x80000A5C (0x02B52633) mulhsu a2, a0, a1
x12 <- 0x00000000


mem[X,0x80000A60] -> 0xAA23
mem[X,0x80000A62] -> 0x1AC6
[669] [M]: 0x80000A60 (0x1AC6AA23) sw a2, 436(a3)
mem[0x8000540C] <- 0x00000000


mem[X,0x80000A64] -> 0x5537
mem[X,0x80000A66] -> 0x5555
[670] [M]: 0x80000A64 (0x55555537) lui a0, 349525
x10 <- 0x55555000


mem[X,0x80000A68] -> 0x0513
mem[X,0x80000A6A] -> 0x5555
[671] [M]: 0x80000A68 (0x55550513) addi a0, a0, 1365
x10 <- 0x55555555


mem[X,0x80000A6C] -> 0xB5B7
mem[X,0x80000A6E] -> 0xAAAA
[672] [M]: 0x80000A6C (0xAAAAB5B7) lui a1, 699051
x11 <- 0xAAAAB000


mem[X,0x80000A70] -> 0x8593
mem[X,0x80000A72] -> 0xAAA5
[673] [M]: 0x80000A70 (0xAAA58593) addi a1, a1, 2730
x11 <- 0xAAAAAAAA


mem[X,0x80000A74] -> 0x2633
mem[X,0x80000A76] -> 0x02B5
[674] [M]: 0x80000A74 (0x02B52633) mulhsu a2, a0, a1
x12 <- 0x38E38E38


mem[X,0x80000A78] -> 0xAC23
mem[X,0x80000A7A] -> 0x1AC6
[675] [M]: 0x80000A78 (0x1AC6AC23) sw a2, 440(a3)
mem[0x80005410] <- 0x38E38E38


mem[X,0x80000A7C] -> 0x5537
mem[X,0x80000A7E] -> 0x5555
[676] [M]: 0x80000A7C (0x55555537) lui a0, 349525
x10 <- 0x55555000


mem[X,0x80000A80] -> 0x0513
mem[X,0x80000A82] -> 0x5555
[677] [M]: 0x80000A80 (0x55550513) addi a0, a0, 1365
x10 <- 0x55555555


mem[X,0x80000A84] -> 0x0593
mem[X,0x80000A86] -> 0x0050
[678] [M]: 0x80000A84 (0x00500593) addi a1, zero, 5
x11 <- 0x00000005


mem[X,0x80000A88] -> 0x2633
mem[X,0x80000A8A] -> 0x02B5
[679] [M]: 0x80000A88 (0x02B52633) mulhsu a2, a0, a1
x12 <- 0x00000001


mem[X,0x80000A8C] -> 0xAE23
mem[X,0x80000A8E] -> 0x1AC6
[680] [M]: 0x80000A8C (0x1AC6AE23) sw a2, 444(a3)
mem[0x80005414] <- 0x00000001


mem[X,0x80000A90] -> 0x5537
mem[X,0x80000A92] -> 0x5555
[681] [M]: 0x80000A90 (0x55555537) lui a0, 349525
x10 <- 0x55555000


mem[X,0x80000A94] -> 0x0513
mem[X,0x80000A96] -> 0x5555
[682] [M]: 0x80000A94 (0x55550513) addi a0, a0, 1365
x10 <- 0x55555555


mem[X,0x80000A98] -> 0x35B7
mem[X,0x80000A9A] -> 0x3333
[683] [M]: 0x80000A98 (0x333335B7) lui a1, 209715
x11 <- 0x33333000


mem[X,0x80000A9C] -> 0x8593
mem[X,0x80000A9E] -> 0x3335
[684] [M]: 0x80000A9C (0x33358593) addi a1, a1, 819
x11 <- 0x33333333


mem[X,0x80000AA0] -> 0x2633
mem[X,0x80000AA2] -> 0x02B5
[685] [M]: 0x80000AA0 (0x02B52633) mulhsu a2, a0, a1
x12 <- 0x11111110


mem[X,0x80000AA4] -> 0xA023
mem[X,0x80000AA6] -> 0x1CC6
[686] [M]: 0x80000AA4 (0x1CC6A023) sw a2, 448(a3)
mem[0x80005418] <- 0x11111110


mem[X,0x80000AA8] -> 0x5537
mem[X,0x80000AAA] -> 0x5555
[687] [M]: 0x80000AA8 (0x55555537) lui a0, 349525
x10 <- 0x55555000


mem[X,0x80000AAC] -> 0x0513
mem[X,0x80000AAE] -> 0x5555
[688] [M]: 0x80000AAC (0x55550513) addi a0, a0, 1365
x10 <- 0x55555555


mem[X,0x80000AB0] -> 0x65B7
mem[X,0x80000AB2] -> 0x6666
[689] [M]: 0x80000AB0 (0x666665B7) lui a1, 419430
x11 <- 0x66666000


mem[X,0x80000AB4] -> 0x8593
mem[X,0x80000AB6] -> 0x6665
[690] [M]: 0x80000AB4 (0x66658593) addi a1, a1, 1638
x11 <- 0x66666666


mem[X,0x80000AB8] -> 0x2633
mem[X,0x80000ABA] -> 0x02B5
[691] [M]: 0x80000AB8 (0x02B52633) mulhsu a2, a0, a1
x12 <- 0x22222221


mem[X,0x80000ABC] -> 0xA223
mem[X,0x80000ABE] -> 0x1CC6
[692] [M]: 0x80000ABC (0x1CC6A223) sw a2, 452(a3)
mem[0x8000541C] <- 0x22222221


mem[X,0x80000AC0] -> 0x5537
mem[X,0x80000AC2] -> 0x5555
[693] [M]: 0x80000AC0 (0x55555537) lui a0, 349525
x10 <- 0x55555000


mem[X,0x80000AC4] -> 0x0513
mem[X,0x80000AC6] -> 0x5555
[694] [M]: 0x80000AC4 (0x55550513) addi a0, a0, 1365
x10 <- 0x55555555


mem[X,0x80000AC8] -> 0xB5B7
mem[X,0x80000ACA] -> 0x0000
[695] [M]: 0x80000AC8 (0x0000B5B7) lui a1, 11
x11 <- 0x0000B000


mem[X,0x80000ACC] -> 0x8593
mem[X,0x80000ACE] -> 0x5045
[696] [M]: 0x80000ACC (0x50458593) addi a1, a1, 1284
x11 <- 0x0000B504


mem[X,0x80000AD0] -> 0x2633
mem[X,0x80000AD2] -> 0x02B5
[697] [M]: 0x80000AD0 (0x02B52633) mulhsu a2, a0, a1
x12 <- 0x00003C56


mem[X,0x80000AD4] -> 0xA423
mem[X,0x80000AD6] -> 0x1CC6
[698] [M]: 0x80000AD4 (0x1CC6A423) sw a2, 456(a3)
mem[0x80005420] <- 0x00003C56


mem[X,0x80000AD8] -> 0x5537
mem[X,0x80000ADA] -> 0x5555
[699] [M]: 0x80000AD8 (0x55555537) lui a0, 349525
x10 <- 0x55555000


clint::tick mtime <- 0x0000000000000007
 clint timer pending at mtime 0x0000000000000007
htif::tick 0x0000000000000000
mem[X,0x80000ADC] -> 0x0513
mem[X,0x80000ADE] -> 0x5555
[700] [M]: 0x80000ADC (0x55550513) addi a0, a0, 1365
x10 <- 0x55555555


mem[X,0x80000AE0] -> 0x0593
mem[X,0x80000AE2] -> 0x0000
[701] [M]: 0x80000AE0 (0x00000593) addi a1, zero, 0
x11 <- 0x00000000


mem[X,0x80000AE4] -> 0x2633
mem[X,0x80000AE6] -> 0x02B5
[702] [M]: 0x80000AE4 (0x02B52633) mulhsu a2, a0, a1
x12 <- 0x00000000


mem[X,0x80000AE8] -> 0xA623
mem[X,0x80000AEA] -> 0x1CC6
[703] [M]: 0x80000AE8 (0x1CC6A623) sw a2, 460(a3)
mem[0x80005424] <- 0x00000000


mem[X,0x80000AEC] -> 0x5537
mem[X,0x80000AEE] -> 0x5555
[704] [M]: 0x80000AEC (0x55555537) lui a0, 349525
x10 <- 0x55555000


mem[X,0x80000AF0] -> 0x0513
mem[X,0x80000AF2] -> 0x5555
[705] [M]: 0x80000AF0 (0x55550513) addi a0, a0, 1365
x10 <- 0x55555555


mem[X,0x80000AF4] -> 0x05B7
mem[X,0x80000AF6] -> 0x0001
[706] [M]: 0x80000AF4 (0x000105B7) lui a1, 16
x11 <- 0x00010000


mem[X,0x80000AF8] -> 0x8593
mem[X,0x80000AFA] -> 0xFFF5
[707] [M]: 0x80000AF8 (0xFFF58593) addi a1, a1, 4095
x11 <- 0x0000FFFF


mem[X,0x80000AFC] -> 0x2633
mem[X,0x80000AFE] -> 0x02B5
[708] [M]: 0x80000AFC (0x02B52633) mulhsu a2, a0, a1
x12 <- 0x00005554


mem[X,0x80000B00] -> 0xA823
mem[X,0x80000B02] -> 0x1CC6
[709] [M]: 0x80000B00 (0x1CC6A823) sw a2, 464(a3)
mem[0x80005428] <- 0x00005554


mem[X,0x80000B04] -> 0x5537
mem[X,0x80000B06] -> 0x5555
[710] [M]: 0x80000B04 (0x55555537) lui a0, 349525
x10 <- 0x55555000


mem[X,0x80000B08] -> 0x0513
mem[X,0x80000B0A] -> 0x5555
[711] [M]: 0x80000B08 (0x55550513) addi a0, a0, 1365
x10 <- 0x55555555


mem[X,0x80000B0C] -> 0x0593
mem[X,0x80000B0E] -> 0x0020
[712] [M]: 0x80000B0C (0x00200593) addi a1, zero, 2
x11 <- 0x00000002


mem[X,0x80000B10] -> 0x2633
mem[X,0x80000B12] -> 0x02B5
[713] [M]: 0x80000B10 (0x02B52633) mulhsu a2, a0, a1
x12 <- 0x00000000


mem[X,0x80000B14] -> 0xAA23
mem[X,0x80000B16] -> 0x1CC6
[714] [M]: 0x80000B14 (0x1CC6AA23) sw a2, 468(a3)
mem[0x8000542C] <- 0x00000000


mem[X,0x80000B18] -> 0x5537
mem[X,0x80000B1A] -> 0x5555
[715] [M]: 0x80000B18 (0x55555537) lui a0, 349525
x10 <- 0x55555000


mem[X,0x80000B1C] -> 0x0513
mem[X,0x80000B1E] -> 0x5555
[716] [M]: 0x80000B1C (0x55550513) addi a0, a0, 1365
x10 <- 0x55555555


mem[X,0x80000B20] -> 0x55B7
mem[X,0x80000B22] -> 0x5555
[717] [M]: 0x80000B20 (0x555555B7) lui a1, 349525
x11 <- 0x55555000


mem[X,0x80000B24] -> 0x8593
mem[X,0x80000B26] -> 0x5545
[718] [M]: 0x80000B24 (0x55458593) addi a1, a1, 1364
x11 <- 0x55555554


mem[X,0x80000B28] -> 0x2633
mem[X,0x80000B2A] -> 0x02B5
[719] [M]: 0x80000B28 (0x02B52633) mulhsu a2, a0, a1
x12 <- 0x1C71C71B


mem[X,0x80000B2C] -> 0xAC23
mem[X,0x80000B2E] -> 0x1CC6
[720] [M]: 0x80000B2C (0x1CC6AC23) sw a2, 472(a3)
mem[0x80005430] <- 0x1C71C71B


mem[X,0x80000B30] -> 0x5537
mem[X,0x80000B32] -> 0x5555
[721] [M]: 0x80000B30 (0x55555537) lui a0, 349525
x10 <- 0x55555000


mem[X,0x80000B34] -> 0x0513
mem[X,0x80000B36] -> 0x5555
[722] [M]: 0x80000B34 (0x55550513) addi a0, a0, 1365
x10 <- 0x55555555


mem[X,0x80000B38] -> 0xB5B7
mem[X,0x80000B3A] -> 0xAAAA
[723] [M]: 0x80000B38 (0xAAAAB5B7) lui a1, 699051
x11 <- 0xAAAAB000


mem[X,0x80000B3C] -> 0x8593
mem[X,0x80000B3E] -> 0xAA95
[724] [M]: 0x80000B3C (0xAA958593) addi a1, a1, 2729
x11 <- 0xAAAAAAA9


mem[X,0x80000B40] -> 0x2633
mem[X,0x80000B42] -> 0x02B5
[725] [M]: 0x80000B40 (0x02B52633) mulhsu a2, a0, a1
x12 <- 0x38E38E38


mem[X,0x80000B44] -> 0xAE23
mem[X,0x80000B46] -> 0x1CC6
[726] [M]: 0x80000B44 (0x1CC6AE23) sw a2, 476(a3)
mem[0x80005434] <- 0x38E38E38


mem[X,0x80000B48] -> 0x5537
mem[X,0x80000B4A] -> 0x5555
[727] [M]: 0x80000B48 (0x55555537) lui a0, 349525
x10 <- 0x55555000


mem[X,0x80000B4C] -> 0x0513
mem[X,0x80000B4E] -> 0x5555
[728] [M]: 0x80000B4C (0x55550513) addi a0, a0, 1365
x10 <- 0x55555555


mem[X,0x80000B50] -> 0x0593
mem[X,0x80000B52] -> 0x0040
[729] [M]: 0x80000B50 (0x00400593) addi a1, zero, 4
x11 <- 0x00000004


mem[X,0x80000B54] -> 0x2633
mem[X,0x80000B56] -> 0x02B5
[730] [M]: 0x80000B54 (0x02B52633) mulhsu a2, a0, a1
x12 <- 0x00000001


mem[X,0x80000B58] -> 0xA023
mem[X,0x80000B5A] -> 0x1EC6
[731] [M]: 0x80000B58 (0x1EC6A023) sw a2, 480(a3)
mem[0x80005438] <- 0x00000001


mem[X,0x80000B5C] -> 0x5537
mem[X,0x80000B5E] -> 0x5555
[732] [M]: 0x80000B5C (0x55555537) lui a0, 349525
x10 <- 0x55555000


mem[X,0x80000B60] -> 0x0513
mem[X,0x80000B62] -> 0x5555
[733] [M]: 0x80000B60 (0x55550513) addi a0, a0, 1365
x10 <- 0x55555555


mem[X,0x80000B64] -> 0x35B7
mem[X,0x80000B66] -> 0x3333
[734] [M]: 0x80000B64 (0x333335B7) lui a1, 209715
x11 <- 0x33333000


mem[X,0x80000B68] -> 0x8593
mem[X,0x80000B6A] -> 0x3325
[735] [M]: 0x80000B68 (0x33258593) addi a1, a1, 818
x11 <- 0x33333332


mem[X,0x80000B6C] -> 0x2633
mem[X,0x80000B6E] -> 0x02B5
[736] [M]: 0x80000B6C (0x02B52633) mulhsu a2, a0, a1
x12 <- 0x11111110


mem[X,0x80000B70] -> 0xA223
mem[X,0x80000B72] -> 0x1EC6
[737] [M]: 0x80000B70 (0x1EC6A223) sw a2, 484(a3)
mem[0x8000543C] <- 0x11111110


mem[X,0x80000B74] -> 0x5537
mem[X,0x80000B76] -> 0x5555
[738] [M]: 0x80000B74 (0x55555537) lui a0, 349525
x10 <- 0x55555000


mem[X,0x80000B78] -> 0x0513
mem[X,0x80000B7A] -> 0x5555
[739] [M]: 0x80000B78 (0x55550513) addi a0, a0, 1365
x10 <- 0x55555555


mem[X,0x80000B7C] -> 0x65B7
mem[X,0x80000B7E] -> 0x6666
[740] [M]: 0x80000B7C (0x666665B7) lui a1, 419430
x11 <- 0x66666000


mem[X,0x80000B80] -> 0x8593
mem[X,0x80000B82] -> 0x6655
[741] [M]: 0x80000B80 (0x66558593) addi a1, a1, 1637
x11 <- 0x66666665


mem[X,0x80000B84] -> 0x2633
mem[X,0x80000B86] -> 0x02B5
[742] [M]: 0x80000B84 (0x02B52633) mulhsu a2, a0, a1
x12 <- 0x22222221


mem[X,0x80000B88] -> 0xA423
mem[X,0x80000B8A] -> 0x1EC6
[743] [M]: 0x80000B88 (0x1EC6A423) sw a2, 488(a3)
mem[0x80005440] <- 0x22222221


mem[X,0x80000B8C] -> 0x5537
mem[X,0x80000B8E] -> 0x5555
[744] [M]: 0x80000B8C (0x55555537) lui a0, 349525
x10 <- 0x55555000


mem[X,0x80000B90] -> 0x0513
mem[X,0x80000B92] -> 0x5555
[745] [M]: 0x80000B90 (0x55550513) addi a0, a0, 1365
x10 <- 0x55555555


mem[X,0x80000B94] -> 0xB5B7
mem[X,0x80000B96] -> 0x0000
[746] [M]: 0x80000B94 (0x0000B5B7) lui a1, 11
x11 <- 0x0000B000


mem[X,0x80000B98] -> 0x8593
mem[X,0x80000B9A] -> 0x5035
[747] [M]: 0x80000B98 (0x50358593) addi a1, a1, 1283
x11 <- 0x0000B503


mem[X,0x80000B9C] -> 0x2633
mem[X,0x80000B9E] -> 0x02B5
[748] [M]: 0x80000B9C (0x02B52633) mulhsu a2, a0, a1
x12 <- 0x00003C56


mem[X,0x80000BA0] -> 0xA623
mem[X,0x80000BA2] -> 0x1EC6
[749] [M]: 0x80000BA0 (0x1EC6A623) sw a2, 492(a3)
mem[0x80005444] <- 0x00003C56


mem[X,0x80000BA4] -> 0x5537
mem[X,0x80000BA6] -> 0x5555
[750] [M]: 0x80000BA4 (0x55555537) lui a0, 349525
x10 <- 0x55555000


mem[X,0x80000BA8] -> 0x0513
mem[X,0x80000BAA] -> 0x5555
[751] [M]: 0x80000BA8 (0x55550513) addi a0, a0, 1365
x10 <- 0x55555555


mem[X,0x80000BAC] -> 0x05B7
mem[X,0x80000BAE] -> 0x0001
[752] [M]: 0x80000BAC (0x000105B7) lui a1, 16
x11 <- 0x00010000


mem[X,0x80000BB0] -> 0x8593
mem[X,0x80000BB2] -> 0xFFE5
[753] [M]: 0x80000BB0 (0xFFE58593) addi a1, a1, 4094
x11 <- 0x0000FFFE


mem[X,0x80000BB4] -> 0x2633
mem[X,0x80000BB6] -> 0x02B5
[754] [M]: 0x80000BB4 (0x02B52633) mulhsu a2, a0, a1
x12 <- 0x00005554


mem[X,0x80000BB8] -> 0xA823
mem[X,0x80000BBA] -> 0x1EC6
[755] [M]: 0x80000BB8 (0x1EC6A823) sw a2, 496(a3)
mem[0x80005448] <- 0x00005554


mem[X,0x80000BBC] -> 0x5537
mem[X,0x80000BBE] -> 0x5555
[756] [M]: 0x80000BBC (0x55555537) lui a0, 349525
x10 <- 0x55555000


mem[X,0x80000BC0] -> 0x0513
mem[X,0x80000BC2] -> 0x5555
[757] [M]: 0x80000BC0 (0x55550513) addi a0, a0, 1365
x10 <- 0x55555555


mem[X,0x80000BC4] -> 0x55B7
mem[X,0x80000BC6] -> 0x5555
[758] [M]: 0x80000BC4 (0x555555B7) lui a1, 349525
x11 <- 0x55555000


mem[X,0x80000BC8] -> 0x8593
mem[X,0x80000BCA] -> 0x5565
[759] [M]: 0x80000BC8 (0x55658593) addi a1, a1, 1366
x11 <- 0x55555556


mem[X,0x80000BCC] -> 0x2633
mem[X,0x80000BCE] -> 0x02B5
[760] [M]: 0x80000BCC (0x02B52633) mulhsu a2, a0, a1
x12 <- 0x1C71C71C


mem[X,0x80000BD0] -> 0xAA23
mem[X,0x80000BD2] -> 0x1EC6
[761] [M]: 0x80000BD0 (0x1EC6AA23) sw a2, 500(a3)
mem[0x8000544C] <- 0x1C71C71C


mem[X,0x80000BD4] -> 0x5537
mem[X,0x80000BD6] -> 0x5555
[762] [M]: 0x80000BD4 (0x55555537) lui a0, 349525
x10 <- 0x55555000


mem[X,0x80000BD8] -> 0x0513
mem[X,0x80000BDA] -> 0x5555
[763] [M]: 0x80000BD8 (0x55550513) addi a0, a0, 1365
x10 <- 0x55555555


mem[X,0x80000BDC] -> 0xB5B7
mem[X,0x80000BDE] -> 0xAAAA
[764] [M]: 0x80000BDC (0xAAAAB5B7) lui a1, 699051
x11 <- 0xAAAAB000


mem[X,0x80000BE0] -> 0x8593
mem[X,0x80000BE2] -> 0xAAB5
[765] [M]: 0x80000BE0 (0xAAB58593) addi a1, a1, 2731
x11 <- 0xAAAAAAAB


mem[X,0x80000BE4] -> 0x2633
mem[X,0x80000BE6] -> 0x02B5
[766] [M]: 0x80000BE4 (0x02B52633) mulhsu a2, a0, a1
x12 <- 0x38E38E38


mem[X,0x80000BE8] -> 0xAC23
mem[X,0x80000BEA] -> 0x1EC6
[767] [M]: 0x80000BE8 (0x1EC6AC23) sw a2, 504(a3)
mem[0x80005450] <- 0x38E38E38


mem[X,0x80000BEC] -> 0x5537
mem[X,0x80000BEE] -> 0x5555
[768] [M]: 0x80000BEC (0x55555537) lui a0, 349525
x10 <- 0x55555000


mem[X,0x80000BF0] -> 0x0513
mem[X,0x80000BF2] -> 0x5555
[769] [M]: 0x80000BF0 (0x55550513) addi a0, a0, 1365
x10 <- 0x55555555


mem[X,0x80000BF4] -> 0x0593
mem[X,0x80000BF6] -> 0x0060
[770] [M]: 0x80000BF4 (0x00600593) addi a1, zero, 6
x11 <- 0x00000006


mem[X,0x80000BF8] -> 0x2633
mem[X,0x80000BFA] -> 0x02B5
[771] [M]: 0x80000BF8 (0x02B52633) mulhsu a2, a0, a1
x12 <- 0x00000001


mem[X,0x80000BFC] -> 0xAE23
mem[X,0x80000BFE] -> 0x1EC6
[772] [M]: 0x80000BFC (0x1EC6AE23) sw a2, 508(a3)
mem[0x80005454] <- 0x00000001


mem[X,0x80000C00] -> 0x5537
mem[X,0x80000C02] -> 0x5555
[773] [M]: 0x80000C00 (0x55555537) lui a0, 349525
x10 <- 0x55555000


mem[X,0x80000C04] -> 0x0513
mem[X,0x80000C06] -> 0x5555
[774] [M]: 0x80000C04 (0x55550513) addi a0, a0, 1365
x10 <- 0x55555555


mem[X,0x80000C08] -> 0x35B7
mem[X,0x80000C0A] -> 0x3333
[775] [M]: 0x80000C08 (0x333335B7) lui a1, 209715
x11 <- 0x33333000


mem[X,0x80000C0C] -> 0x8593
mem[X,0x80000C0E] -> 0x3345
[776] [M]: 0x80000C0C (0x33458593) addi a1, a1, 820
x11 <- 0x33333334


mem[X,0x80000C10] -> 0x2633
mem[X,0x80000C12] -> 0x02B5
[777] [M]: 0x80000C10 (0x02B52633) mulhsu a2, a0, a1
x12 <- 0x11111111


mem[X,0x80000C14] -> 0xA023
mem[X,0x80000C16] -> 0x20C6
[778] [M]: 0x80000C14 (0x20C6A023) sw a2, 512(a3)
mem[0x80005458] <- 0x11111111


mem[X,0x80000C18] -> 0x5537
mem[X,0x80000C1A] -> 0x5555
[779] [M]: 0x80000C18 (0x55555537) lui a0, 349525
x10 <- 0x55555000


mem[X,0x80000C1C] -> 0x0513
mem[X,0x80000C1E] -> 0x5555
[780] [M]: 0x80000C1C (0x55550513) addi a0, a0, 1365
x10 <- 0x55555555


mem[X,0x80000C20] -> 0x65B7
mem[X,0x80000C22] -> 0x6666
[781] [M]: 0x80000C20 (0x666665B7) lui a1, 419430
x11 <- 0x66666000


mem[X,0x80000C24] -> 0x8593
mem[X,0x80000C26] -> 0x6675
[782] [M]: 0x80000C24 (0x66758593) addi a1, a1, 1639
x11 <- 0x66666667


mem[X,0x80000C28] -> 0x2633
mem[X,0x80000C2A] -> 0x02B5
[783] [M]: 0x80000C28 (0x02B52633) mulhsu a2, a0, a1
x12 <- 0x22222222


mem[X,0x80000C2C] -> 0xA223
mem[X,0x80000C2E] -> 0x20C6
[784] [M]: 0x80000C2C (0x20C6A223) sw a2, 516(a3)
mem[0x8000545C] <- 0x22222222


mem[X,0x80000C30] -> 0x5537
mem[X,0x80000C32] -> 0x5555
[785] [M]: 0x80000C30 (0x55555537) lui a0, 349525
x10 <- 0x55555000


mem[X,0x80000C34] -> 0x0513
mem[X,0x80000C36] -> 0x5555
[786] [M]: 0x80000C34 (0x55550513) addi a0, a0, 1365
x10 <- 0x55555555


mem[X,0x80000C38] -> 0xB5B7
mem[X,0x80000C3A] -> 0x0000
[787] [M]: 0x80000C38 (0x0000B5B7) lui a1, 11
x11 <- 0x0000B000


mem[X,0x80000C3C] -> 0x8593
mem[X,0x80000C3E] -> 0x5055
[788] [M]: 0x80000C3C (0x50558593) addi a1, a1, 1285
x11 <- 0x0000B505


mem[X,0x80000C40] -> 0x2633
mem[X,0x80000C42] -> 0x02B5
[789] [M]: 0x80000C40 (0x02B52633) mulhsu a2, a0, a1
x12 <- 0x00003C56


mem[X,0x80000C44] -> 0xA423
mem[X,0x80000C46] -> 0x20C6
[790] [M]: 0x80000C44 (0x20C6A423) sw a2, 520(a3)
mem[0x80005460] <- 0x00003C56


mem[X,0x80000C48] -> 0x5537
mem[X,0x80000C4A] -> 0x5555
[791] [M]: 0x80000C48 (0x55555537) lui a0, 349525
x10 <- 0x55555000


mem[X,0x80000C4C] -> 0x0513
mem[X,0x80000C4E] -> 0x5555
[792] [M]: 0x80000C4C (0x55550513) addi a0, a0, 1365
x10 <- 0x55555555


mem[X,0x80000C50] -> 0x0593
mem[X,0x80000C52] -> 0x0010
[793] [M]: 0x80000C50 (0x00100593) addi a1, zero, 1
x11 <- 0x00000001


mem[X,0x80000C54] -> 0x2633
mem[X,0x80000C56] -> 0x02B5
[794] [M]: 0x80000C54 (0x02B52633) mulhsu a2, a0, a1
x12 <- 0x00000000


mem[X,0x80000C58] -> 0xA623
mem[X,0x80000C5A] -> 0x20C6
[795] [M]: 0x80000C58 (0x20C6A623) sw a2, 524(a3)
mem[0x80005464] <- 0x00000000


mem[X,0x80000C5C] -> 0x5537
mem[X,0x80000C5E] -> 0x5555
[796] [M]: 0x80000C5C (0x55555537) lui a0, 349525
x10 <- 0x55555000


mem[X,0x80000C60] -> 0x0513
mem[X,0x80000C62] -> 0x5555
[797] [M]: 0x80000C60 (0x55550513) addi a0, a0, 1365
x10 <- 0x55555555


mem[X,0x80000C64] -> 0x05B7
mem[X,0x80000C66] -> 0x0001
[798] [M]: 0x80000C64 (0x000105B7) lui a1, 16
x11 <- 0x00010000


mem[X,0x80000C68] -> 0x2633
mem[X,0x80000C6A] -> 0x02B5
[799] [M]: 0x80000C68 (0x02B52633) mulhsu a2, a0, a1
x12 <- 0x00005555


clint::tick mtime <- 0x0000000000000008
 clint timer pending at mtime 0x0000000000000008
htif::tick 0x0000000000000000
mem[X,0x80000C6C] -> 0xA823
mem[X,0x80000C6E] -> 0x20C6
[800] [M]: 0x80000C6C (0x20C6A823) sw a2, 528(a3)
mem[0x80005468] <- 0x00005555


mem[X,0x80000C70] -> 0xB537
mem[X,0x80000C72] -> 0xAAAA
[801] [M]: 0x80000C70 (0xAAAAB537) lui a0, 699051
x10 <- 0xAAAAB000


mem[X,0x80000C74] -> 0x0513
mem[X,0x80000C76] -> 0xAAA5
[802] [M]: 0x80000C74 (0xAAA50513) addi a0, a0, 2730
x10 <- 0xAAAAAAAA


mem[X,0x80000C78] -> 0x0593
mem[X,0x80000C7A] -> 0x0030
[803] [M]: 0x80000C78 (0x00300593) addi a1, zero, 3
x11 <- 0x00000003


mem[X,0x80000C7C] -> 0x2633
mem[X,0x80000C7E] -> 0x02B5
[804] [M]: 0x80000C7C (0x02B52633) mulhsu a2, a0, a1
x12 <- 0xFFFFFFFE


mem[X,0x80000C80] -> 0xAA23
mem[X,0x80000C82] -> 0x20C6
[805] [M]: 0x80000C80 (0x20C6AA23) sw a2, 532(a3)
mem[0x8000546C] <- 0xFFFFFFFE


mem[X,0x80000C84] -> 0xB537
mem[X,0x80000C86] -> 0xAAAA
[806] [M]: 0x80000C84 (0xAAAAB537) lui a0, 699051
x10 <- 0xAAAAB000


mem[X,0x80000C88] -> 0x0513
mem[X,0x80000C8A] -> 0xAAA5
[807] [M]: 0x80000C88 (0xAAA50513) addi a0, a0, 2730
x10 <- 0xAAAAAAAA


mem[X,0x80000C8C] -> 0x55B7
mem[X,0x80000C8E] -> 0x5555
[808] [M]: 0x80000C8C (0x555555B7) lui a1, 349525
x11 <- 0x55555000


mem[X,0x80000C90] -> 0x8593
mem[X,0x80000C92] -> 0x5555
[809] [M]: 0x80000C90 (0x55558593) addi a1, a1, 1365
x11 <- 0x55555555


mem[X,0x80000C94] -> 0x2633
mem[X,0x80000C96] -> 0x02B5
[810] [M]: 0x80000C94 (0x02B52633) mulhsu a2, a0, a1
x12 <- 0xE38E38E3


mem[X,0x80000C98] -> 0xAC23
mem[X,0x80000C9A] -> 0x20C6
[811] [M]: 0x80000C98 (0x20C6AC23) sw a2, 536(a3)
mem[0x80005470] <- 0xE38E38E3


mem[X,0x80000C9C] -> 0xB537
mem[X,0x80000C9E] -> 0xAAAA
[812] [M]: 0x80000C9C (0xAAAAB537) lui a0, 699051
x10 <- 0xAAAAB000


mem[X,0x80000CA0] -> 0x0513
mem[X,0x80000CA2] -> 0xAAA5
[813] [M]: 0x80000CA0 (0xAAA50513) addi a0, a0, 2730
x10 <- 0xAAAAAAAA


mem[X,0x80000CA4] -> 0xB5B7
mem[X,0x80000CA6] -> 0xAAAA
[814] [M]: 0x80000CA4 (0xAAAAB5B7) lui a1, 699051
x11 <- 0xAAAAB000


mem[X,0x80000CA8] -> 0x8593
mem[X,0x80000CAA] -> 0xAAA5
[815] [M]: 0x80000CA8 (0xAAA58593) addi a1, a1, 2730
x11 <- 0xAAAAAAAA


mem[X,0x80000CAC] -> 0x2633
mem[X,0x80000CAE] -> 0x02B5
[816] [M]: 0x80000CAC (0x02B52633) mulhsu a2, a0, a1
x12 <- 0xC71C71C6


mem[X,0x80000CB0] -> 0xAE23
mem[X,0x80000CB2] -> 0x20C6
[817] [M]: 0x80000CB0 (0x20C6AE23) sw a2, 540(a3)
mem[0x80005474] <- 0xC71C71C6


mem[X,0x80000CB4] -> 0xB537
mem[X,0x80000CB6] -> 0xAAAA
[818] [M]: 0x80000CB4 (0xAAAAB537) lui a0, 699051
x10 <- 0xAAAAB000


mem[X,0x80000CB8] -> 0x0513
mem[X,0x80000CBA] -> 0xAAA5
[819] [M]: 0x80000CB8 (0xAAA50513) addi a0, a0, 2730
x10 <- 0xAAAAAAAA


mem[X,0x80000CBC] -> 0x0593
mem[X,0x80000CBE] -> 0x0050
[820] [M]: 0x80000CBC (0x00500593) addi a1, zero, 5
x11 <- 0x00000005


mem[X,0x80000CC0] -> 0x2633
mem[X,0x80000CC2] -> 0x02B5
[821] [M]: 0x80000CC0 (0x02B52633) mulhsu a2, a0, a1
x12 <- 0xFFFFFFFE


mem[X,0x80000CC4] -> 0xA023
mem[X,0x80000CC6] -> 0x22C6
[822] [M]: 0x80000CC4 (0x22C6A023) sw a2, 544(a3)
mem[0x80005478] <- 0xFFFFFFFE


mem[X,0x80000CC8] -> 0xB537
mem[X,0x80000CCA] -> 0xAAAA
[823] [M]: 0x80000CC8 (0xAAAAB537) lui a0, 699051
x10 <- 0xAAAAB000


mem[X,0x80000CCC] -> 0x0513
mem[X,0x80000CCE] -> 0xAAA5
[824] [M]: 0x80000CCC (0xAAA50513) addi a0, a0, 2730
x10 <- 0xAAAAAAAA


mem[X,0x80000CD0] -> 0x35B7
mem[X,0x80000CD2] -> 0x3333
[825] [M]: 0x80000CD0 (0x333335B7) lui a1, 209715
x11 <- 0x33333000


mem[X,0x80000CD4] -> 0x8593
mem[X,0x80000CD6] -> 0x3335
[826] [M]: 0x80000CD4 (0x33358593) addi a1, a1, 819
x11 <- 0x33333333


mem[X,0x80000CD8] -> 0x2633
mem[X,0x80000CDA] -> 0x02B5
[827] [M]: 0x80000CD8 (0x02B52633) mulhsu a2, a0, a1
x12 <- 0xEEEEEEEE


mem[X,0x80000CDC] -> 0xA223
mem[X,0x80000CDE] -> 0x22C6
[828] [M]: 0x80000CDC (0x22C6A223) sw a2, 548(a3)
mem[0x8000547C] <- 0xEEEEEEEE


mem[X,0x80000CE0] -> 0xB537
mem[X,0x80000CE2] -> 0xAAAA
[829] [M]: 0x80000CE0 (0xAAAAB537) lui a0, 699051
x10 <- 0xAAAAB000


mem[X,0x80000CE4] -> 0x0513
mem[X,0x80000CE6] -> 0xAAA5
[830] [M]: 0x80000CE4 (0xAAA50513) addi a0, a0, 2730
x10 <- 0xAAAAAAAA


mem[X,0x80000CE8] -> 0x65B7
mem[X,0x80000CEA] -> 0x6666
[831] [M]: 0x80000CE8 (0x666665B7) lui a1, 419430
x11 <- 0x66666000


mem[X,0x80000CEC] -> 0x8593
mem[X,0x80000CEE] -> 0x6665
[832] [M]: 0x80000CEC (0x66658593) addi a1, a1, 1638
x11 <- 0x66666666


mem[X,0x80000CF0] -> 0x2633
mem[X,0x80000CF2] -> 0x02B5
[833] [M]: 0x80000CF0 (0x02B52633) mulhsu a2, a0, a1
x12 <- 0xDDDDDDDD


mem[X,0x80000CF4] -> 0xA423
mem[X,0x80000CF6] -> 0x22C6
[834] [M]: 0x80000CF4 (0x22C6A423) sw a2, 552(a3)
mem[0x80005480] <- 0xDDDDDDDD


mem[X,0x80000CF8] -> 0xB537
mem[X,0x80000CFA] -> 0xAAAA
[835] [M]: 0x80000CF8 (0xAAAAB537) lui a0, 699051
x10 <- 0xAAAAB000


mem[X,0x80000CFC] -> 0x0513
mem[X,0x80000CFE] -> 0xAAA5
[836] [M]: 0x80000CFC (0xAAA50513) addi a0, a0, 2730
x10 <- 0xAAAAAAAA


mem[X,0x80000D00] -> 0xB5B7
mem[X,0x80000D02] -> 0x0000
[837] [M]: 0x80000D00 (0x0000B5B7) lui a1, 11
x11 <- 0x0000B000


mem[X,0x80000D04] -> 0x8593
mem[X,0x80000D06] -> 0x5045
[838] [M]: 0x80000D04 (0x50458593) addi a1, a1, 1284
x11 <- 0x0000B504


mem[X,0x80000D08] -> 0x2633
mem[X,0x80000D0A] -> 0x02B5
[839] [M]: 0x80000D08 (0x02B52633) mulhsu a2, a0, a1
x12 <- 0xFFFFC3A9


mem[X,0x80000D0C] -> 0xA623
mem[X,0x80000D0E] -> 0x22C6
[840] [M]: 0x80000D0C (0x22C6A623) sw a2, 556(a3)
mem[0x80005484] <- 0xFFFFC3A9


mem[X,0x80000D10] -> 0xB537
mem[X,0x80000D12] -> 0xAAAA
[841] [M]: 0x80000D10 (0xAAAAB537) lui a0, 699051
x10 <- 0xAAAAB000


mem[X,0x80000D14] -> 0x0513
mem[X,0x80000D16] -> 0xAAA5
[842] [M]: 0x80000D14 (0xAAA50513) addi a0, a0, 2730
x10 <- 0xAAAAAAAA


mem[X,0x80000D18] -> 0x0593
mem[X,0x80000D1A] -> 0x0000
[843] [M]: 0x80000D18 (0x00000593) addi a1, zero, 0
x11 <- 0x00000000


mem[X,0x80000D1C] -> 0x2633
mem[X,0x80000D1E] -> 0x02B5
[844] [M]: 0x80000D1C (0x02B52633) mulhsu a2, a0, a1
x12 <- 0x00000000


mem[X,0x80000D20] -> 0xA823
mem[X,0x80000D22] -> 0x22C6
[845] [M]: 0x80000D20 (0x22C6A823) sw a2, 560(a3)
mem[0x80005488] <- 0x00000000


mem[X,0x80000D24] -> 0xB537
mem[X,0x80000D26] -> 0xAAAA
[846] [M]: 0x80000D24 (0xAAAAB537) lui a0, 699051
x10 <- 0xAAAAB000


mem[X,0x80000D28] -> 0x0513
mem[X,0x80000D2A] -> 0xAAA5
[847] [M]: 0x80000D28 (0xAAA50513) addi a0, a0, 2730
x10 <- 0xAAAAAAAA


mem[X,0x80000D2C] -> 0x05B7
mem[X,0x80000D2E] -> 0x0001
[848] [M]: 0x80000D2C (0x000105B7) lui a1, 16
x11 <- 0x00010000


mem[X,0x80000D30] -> 0x8593
mem[X,0x80000D32] -> 0xFFF5
[849] [M]: 0x80000D30 (0xFFF58593) addi a1, a1, 4095
x11 <- 0x0000FFFF


mem[X,0x80000D34] -> 0x2633
mem[X,0x80000D36] -> 0x02B5
[850] [M]: 0x80000D34 (0x02B52633) mulhsu a2, a0, a1
x12 <- 0xFFFFAAAA


mem[X,0x80000D38] -> 0xAA23
mem[X,0x80000D3A] -> 0x22C6
[851] [M]: 0x80000D38 (0x22C6AA23) sw a2, 564(a3)
mem[0x8000548C] <- 0xFFFFAAAA


mem[X,0x80000D3C] -> 0xB537
mem[X,0x80000D3E] -> 0xAAAA
[852] [M]: 0x80000D3C (0xAAAAB537) lui a0, 699051
x10 <- 0xAAAAB000


mem[X,0x80000D40] -> 0x0513
mem[X,0x80000D42] -> 0xAAA5
[853] [M]: 0x80000D40 (0xAAA50513) addi a0, a0, 2730
x10 <- 0xAAAAAAAA


mem[X,0x80000D44] -> 0x0593
mem[X,0x80000D46] -> 0x0020
[854] [M]: 0x80000D44 (0x00200593) addi a1, zero, 2
x11 <- 0x00000002


mem[X,0x80000D48] -> 0x2633
mem[X,0x80000D4A] -> 0x02B5
[855] [M]: 0x80000D48 (0x02B52633) mulhsu a2, a0, a1
x12 <- 0xFFFFFFFF


mem[X,0x80000D4C] -> 0xAC23
mem[X,0x80000D4E] -> 0x22C6
[856] [M]: 0x80000D4C (0x22C6AC23) sw a2, 568(a3)
mem[0x80005490] <- 0xFFFFFFFF


mem[X,0x80000D50] -> 0xB537
mem[X,0x80000D52] -> 0xAAAA
[857] [M]: 0x80000D50 (0xAAAAB537) lui a0, 699051
x10 <- 0xAAAAB000


mem[X,0x80000D54] -> 0x0513
mem[X,0x80000D56] -> 0xAAA5
[858] [M]: 0x80000D54 (0xAAA50513) addi a0, a0, 2730
x10 <- 0xAAAAAAAA


mem[X,0x80000D58] -> 0x55B7
mem[X,0x80000D5A] -> 0x5555
[859] [M]: 0x80000D58 (0x555555B7) lui a1, 349525
x11 <- 0x55555000


mem[X,0x80000D5C] -> 0x8593
mem[X,0x80000D5E] -> 0x5545
[860] [M]: 0x80000D5C (0x55458593) addi a1, a1, 1364
x11 <- 0x55555554


mem[X,0x80000D60] -> 0x2633
mem[X,0x80000D62] -> 0x02B5
[861] [M]: 0x80000D60 (0x02B52633) mulhsu a2, a0, a1
x12 <- 0xE38E38E3


mem[X,0x80000D64] -> 0xAE23
mem[X,0x80000D66] -> 0x22C6
[862] [M]: 0x80000D64 (0x22C6AE23) sw a2, 572(a3)
mem[0x80005494] <- 0xE38E38E3


mem[X,0x80000D68] -> 0xB537
mem[X,0x80000D6A] -> 0xAAAA
[863] [M]: 0x80000D68 (0xAAAAB537) lui a0, 699051
x10 <- 0xAAAAB000


mem[X,0x80000D6C] -> 0x0513
mem[X,0x80000D6E] -> 0xAAA5
[864] [M]: 0x80000D6C (0xAAA50513) addi a0, a0, 2730
x10 <- 0xAAAAAAAA


mem[X,0x80000D70] -> 0xB5B7
mem[X,0x80000D72] -> 0xAAAA
[865] [M]: 0x80000D70 (0xAAAAB5B7) lui a1, 699051
x11 <- 0xAAAAB000


mem[X,0x80000D74] -> 0x8593
mem[X,0x80000D76] -> 0xAA95
[866] [M]: 0x80000D74 (0xAA958593) addi a1, a1, 2729
x11 <- 0xAAAAAAA9


mem[X,0x80000D78] -> 0x2633
mem[X,0x80000D7A] -> 0x02B5
[867] [M]: 0x80000D78 (0x02B52633) mulhsu a2, a0, a1
x12 <- 0xC71C71C7


mem[X,0x80000D7C] -> 0xA023
mem[X,0x80000D7E] -> 0x24C6
[868] [M]: 0x80000D7C (0x24C6A023) sw a2, 576(a3)
mem[0x80005498] <- 0xC71C71C7


mem[X,0x80000D80] -> 0xB537
mem[X,0x80000D82] -> 0xAAAA
[869] [M]: 0x80000D80 (0xAAAAB537) lui a0, 699051
x10 <- 0xAAAAB000


mem[X,0x80000D84] -> 0x0513
mem[X,0x80000D86] -> 0xAAA5
[870] [M]: 0x80000D84 (0xAAA50513) addi a0, a0, 2730
x10 <- 0xAAAAAAAA


mem[X,0x80000D88] -> 0x0593
mem[X,0x80000D8A] -> 0x0040
[871] [M]: 0x80000D88 (0x00400593) addi a1, zero, 4
x11 <- 0x00000004


mem[X,0x80000D8C] -> 0x2633
mem[X,0x80000D8E] -> 0x02B5
[872] [M]: 0x80000D8C (0x02B52633) mulhsu a2, a0, a1
x12 <- 0xFFFFFFFE


mem[X,0x80000D90] -> 0xA223
mem[X,0x80000D92] -> 0x24C6
[873] [M]: 0x80000D90 (0x24C6A223) sw a2, 580(a3)
mem[0x8000549C] <- 0xFFFFFFFE


mem[X,0x80000D94] -> 0xB537
mem[X,0x80000D96] -> 0xAAAA
[874] [M]: 0x80000D94 (0xAAAAB537) lui a0, 699051
x10 <- 0xAAAAB000


mem[X,0x80000D98] -> 0x0513
mem[X,0x80000D9A] -> 0xAAA5
[875] [M]: 0x80000D98 (0xAAA50513) addi a0, a0, 2730
x10 <- 0xAAAAAAAA


mem[X,0x80000D9C] -> 0x35B7
mem[X,0x80000D9E] -> 0x3333
[876] [M]: 0x80000D9C (0x333335B7) lui a1, 209715
x11 <- 0x33333000


mem[X,0x80000DA0] -> 0x8593
mem[X,0x80000DA2] -> 0x3325
[877] [M]: 0x80000DA0 (0x33258593) addi a1, a1, 818
x11 <- 0x33333332


mem[X,0x80000DA4] -> 0x2633
mem[X,0x80000DA6] -> 0x02B5
[878] [M]: 0x80000DA4 (0x02B52633) mulhsu a2, a0, a1
x12 <- 0xEEEEEEEF


mem[X,0x80000DA8] -> 0xA423
mem[X,0x80000DAA] -> 0x24C6
[879] [M]: 0x80000DA8 (0x24C6A423) sw a2, 584(a3)
mem[0x800054A0] <- 0xEEEEEEEF


mem[X,0x80000DAC] -> 0xB537
mem[X,0x80000DAE] -> 0xAAAA
[880] [M]: 0x80000DAC (0xAAAAB537) lui a0, 699051
x10 <- 0xAAAAB000


mem[X,0x80000DB0] -> 0x0513
mem[X,0x80000DB2] -> 0xAAA5
[881] [M]: 0x80000DB0 (0xAAA50513) addi a0, a0, 2730
x10 <- 0xAAAAAAAA


mem[X,0x80000DB4] -> 0x65B7
mem[X,0x80000DB6] -> 0x6666
[882] [M]: 0x80000DB4 (0x666665B7) lui a1, 419430
x11 <- 0x66666000


mem[X,0x80000DB8] -> 0x8593
mem[X,0x80000DBA] -> 0x6655
[883] [M]: 0x80000DB8 (0x66558593) addi a1, a1, 1637
x11 <- 0x66666665


mem[X,0x80000DBC] -> 0x2633
mem[X,0x80000DBE] -> 0x02B5
[884] [M]: 0x80000DBC (0x02B52633) mulhsu a2, a0, a1
x12 <- 0xDDDDDDDE


mem[X,0x80000DC0] -> 0xA623
mem[X,0x80000DC2] -> 0x24C6
[885] [M]: 0x80000DC0 (0x24C6A623) sw a2, 588(a3)
mem[0x800054A4] <- 0xDDDDDDDE


mem[X,0x80000DC4] -> 0xB537
mem[X,0x80000DC6] -> 0xAAAA
[886] [M]: 0x80000DC4 (0xAAAAB537) lui a0, 699051
x10 <- 0xAAAAB000


mem[X,0x80000DC8] -> 0x0513
mem[X,0x80000DCA] -> 0xAAA5
[887] [M]: 0x80000DC8 (0xAAA50513) addi a0, a0, 2730
x10 <- 0xAAAAAAAA


mem[X,0x80000DCC] -> 0xB5B7
mem[X,0x80000DCE] -> 0x0000
[888] [M]: 0x80000DCC (0x0000B5B7) lui a1, 11
x11 <- 0x0000B000


mem[X,0x80000DD0] -> 0x8593
mem[X,0x80000DD2] -> 0x5035
[889] [M]: 0x80000DD0 (0x50358593) addi a1, a1, 1283
x11 <- 0x0000B503


mem[X,0x80000DD4] -> 0x2633
mem[X,0x80000DD6] -> 0x02B5
[890] [M]: 0x80000DD4 (0x02B52633) mulhsu a2, a0, a1
x12 <- 0xFFFFC3A9


mem[X,0x80000DD8] -> 0xA823
mem[X,0x80000DDA] -> 0x24C6
[891] [M]: 0x80000DD8 (0x24C6A823) sw a2, 592(a3)
mem[0x800054A8] <- 0xFFFFC3A9


mem[X,0x80000DDC] -> 0xB537
mem[X,0x80000DDE] -> 0xAAAA
[892] [M]: 0x80000DDC (0xAAAAB537) lui a0, 699051
x10 <- 0xAAAAB000


mem[X,0x80000DE0] -> 0x0513
mem[X,0x80000DE2] -> 0xAAA5
[893] [M]: 0x80000DE0 (0xAAA50513) addi a0, a0, 2730
x10 <- 0xAAAAAAAA


mem[X,0x80000DE4] -> 0x05B7
mem[X,0x80000DE6] -> 0x0001
[894] [M]: 0x80000DE4 (0x000105B7) lui a1, 16
x11 <- 0x00010000


mem[X,0x80000DE8] -> 0x8593
mem[X,0x80000DEA] -> 0xFFE5
[895] [M]: 0x80000DE8 (0xFFE58593) addi a1, a1, 4094
x11 <- 0x0000FFFE


mem[X,0x80000DEC] -> 0x2633
mem[X,0x80000DEE] -> 0x02B5
[896] [M]: 0x80000DEC (0x02B52633) mulhsu a2, a0, a1
x12 <- 0xFFFFAAAB


mem[X,0x80000DF0] -> 0xAA23
mem[X,0x80000DF2] -> 0x24C6
[897] [M]: 0x80000DF0 (0x24C6AA23) sw a2, 596(a3)
mem[0x800054AC] <- 0xFFFFAAAB


mem[X,0x80000DF4] -> 0xB537
mem[X,0x80000DF6] -> 0xAAAA
[898] [M]: 0x80000DF4 (0xAAAAB537) lui a0, 699051
x10 <- 0xAAAAB000


mem[X,0x80000DF8] -> 0x0513
mem[X,0x80000DFA] -> 0xAAA5
[899] [M]: 0x80000DF8 (0xAAA50513) addi a0, a0, 2730
x10 <- 0xAAAAAAAA


clint::tick mtime <- 0x0000000000000009
 clint timer pending at mtime 0x0000000000000009
htif::tick 0x0000000000000000
mem[X,0x80000DFC] -> 0x55B7
mem[X,0x80000DFE] -> 0x5555
[900] [M]: 0x80000DFC (0x555555B7) lui a1, 349525
x11 <- 0x55555000


mem[X,0x80000E00] -> 0x8593
mem[X,0x80000E02] -> 0x5565
[901] [M]: 0x80000E00 (0x55658593) addi a1, a1, 1366
x11 <- 0x55555556


mem[X,0x80000E04] -> 0x2633
mem[X,0x80000E06] -> 0x02B5
[902] [M]: 0x80000E04 (0x02B52633) mulhsu a2, a0, a1
x12 <- 0xE38E38E3


mem[X,0x80000E08] -> 0xAC23
mem[X,0x80000E0A] -> 0x24C6
[903] [M]: 0x80000E08 (0x24C6AC23) sw a2, 600(a3)
mem[0x800054B0] <- 0xE38E38E3


mem[X,0x80000E0C] -> 0xB537
mem[X,0x80000E0E] -> 0xAAAA
[904] [M]: 0x80000E0C (0xAAAAB537) lui a0, 699051
x10 <- 0xAAAAB000


mem[X,0x80000E10] -> 0x0513
mem[X,0x80000E12] -> 0xAAA5
[905] [M]: 0x80000E10 (0xAAA50513) addi a0, a0, 2730
x10 <- 0xAAAAAAAA


mem[X,0x80000E14] -> 0xB5B7
mem[X,0x80000E16] -> 0xAAAA
[906] [M]: 0x80000E14 (0xAAAAB5B7) lui a1, 699051
x11 <- 0xAAAAB000


mem[X,0x80000E18] -> 0x8593
mem[X,0x80000E1A] -> 0xAAB5
[907] [M]: 0x80000E18 (0xAAB58593) addi a1, a1, 2731
x11 <- 0xAAAAAAAB


mem[X,0x80000E1C] -> 0x2633
mem[X,0x80000E1E] -> 0x02B5
[908] [M]: 0x80000E1C (0x02B52633) mulhsu a2, a0, a1
x12 <- 0xC71C71C6


mem[X,0x80000E20] -> 0xAE23
mem[X,0x80000E22] -> 0x24C6
[909] [M]: 0x80000E20 (0x24C6AE23) sw a2, 604(a3)
mem[0x800054B4] <- 0xC71C71C6


mem[X,0x80000E24] -> 0xB537
mem[X,0x80000E26] -> 0xAAAA
[910] [M]: 0x80000E24 (0xAAAAB537) lui a0, 699051
x10 <- 0xAAAAB000


mem[X,0x80000E28] -> 0x0513
mem[X,0x80000E2A] -> 0xAAA5
[911] [M]: 0x80000E28 (0xAAA50513) addi a0, a0, 2730
x10 <- 0xAAAAAAAA


mem[X,0x80000E2C] -> 0x0593
mem[X,0x80000E2E] -> 0x0060
[912] [M]: 0x80000E2C (0x00600593) addi a1, zero, 6
x11 <- 0x00000006


mem[X,0x80000E30] -> 0x2633
mem[X,0x80000E32] -> 0x02B5
[913] [M]: 0x80000E30 (0x02B52633) mulhsu a2, a0, a1
x12 <- 0xFFFFFFFD


mem[X,0x80000E34] -> 0xA023
mem[X,0x80000E36] -> 0x26C6
[914] [M]: 0x80000E34 (0x26C6A023) sw a2, 608(a3)
mem[0x800054B8] <- 0xFFFFFFFD


mem[X,0x80000E38] -> 0xB537
mem[X,0x80000E3A] -> 0xAAAA
[915] [M]: 0x80000E38 (0xAAAAB537) lui a0, 699051
x10 <- 0xAAAAB000


mem[X,0x80000E3C] -> 0x0513
mem[X,0x80000E3E] -> 0xAAA5
[916] [M]: 0x80000E3C (0xAAA50513) addi a0, a0, 2730
x10 <- 0xAAAAAAAA


mem[X,0x80000E40] -> 0x35B7
mem[X,0x80000E42] -> 0x3333
[917] [M]: 0x80000E40 (0x333335B7) lui a1, 209715
x11 <- 0x33333000


mem[X,0x80000E44] -> 0x8593
mem[X,0x80000E46] -> 0x3345
[918] [M]: 0x80000E44 (0x33458593) addi a1, a1, 820
x11 <- 0x33333334


mem[X,0x80000E48] -> 0x2633
mem[X,0x80000E4A] -> 0x02B5
[919] [M]: 0x80000E48 (0x02B52633) mulhsu a2, a0, a1
x12 <- 0xEEEEEEEE


mem[X,0x80000E4C] -> 0xA223
mem[X,0x80000E4E] -> 0x26C6
[920] [M]: 0x80000E4C (0x26C6A223) sw a2, 612(a3)
mem[0x800054BC] <- 0xEEEEEEEE


mem[X,0x80000E50] -> 0xB537
mem[X,0x80000E52] -> 0xAAAA
[921] [M]: 0x80000E50 (0xAAAAB537) lui a0, 699051
x10 <- 0xAAAAB000


mem[X,0x80000E54] -> 0x0513
mem[X,0x80000E56] -> 0xAAA5
[922] [M]: 0x80000E54 (0xAAA50513) addi a0, a0, 2730
x10 <- 0xAAAAAAAA


mem[X,0x80000E58] -> 0x65B7
mem[X,0x80000E5A] -> 0x6666
[923] [M]: 0x80000E58 (0x666665B7) lui a1, 419430
x11 <- 0x66666000


mem[X,0x80000E5C] -> 0x8593
mem[X,0x80000E5E] -> 0x6675
[924] [M]: 0x80000E5C (0x66758593) addi a1, a1, 1639
x11 <- 0x66666667


mem[X,0x80000E60] -> 0x2633
mem[X,0x80000E62] -> 0x02B5
[925] [M]: 0x80000E60 (0x02B52633) mulhsu a2, a0, a1
x12 <- 0xDDDDDDDD


mem[X,0x80000E64] -> 0xA423
mem[X,0x80000E66] -> 0x26C6
[926] [M]: 0x80000E64 (0x26C6A423) sw a2, 616(a3)
mem[0x800054C0] <- 0xDDDDDDDD


mem[X,0x80000E68] -> 0xB537
mem[X,0x80000E6A] -> 0xAAAA
[927] [M]: 0x80000E68 (0xAAAAB537) lui a0, 699051
x10 <- 0xAAAAB000


mem[X,0x80000E6C] -> 0x0513
mem[X,0x80000E6E] -> 0xAAA5
[928] [M]: 0x80000E6C (0xAAA50513) addi a0, a0, 2730
x10 <- 0xAAAAAAAA


mem[X,0x80000E70] -> 0xB5B7
mem[X,0x80000E72] -> 0x0000
[929] [M]: 0x80000E70 (0x0000B5B7) lui a1, 11
x11 <- 0x0000B000


mem[X,0x80000E74] -> 0x8593
mem[X,0x80000E76] -> 0x5055
[930] [M]: 0x80000E74 (0x50558593) addi a1, a1, 1285
x11 <- 0x0000B505


mem[X,0x80000E78] -> 0x2633
mem[X,0x80000E7A] -> 0x02B5
[931] [M]: 0x80000E78 (0x02B52633) mulhsu a2, a0, a1
x12 <- 0xFFFFC3A8


mem[X,0x80000E7C] -> 0xA623
mem[X,0x80000E7E] -> 0x26C6
[932] [M]: 0x80000E7C (0x26C6A623) sw a2, 620(a3)
mem[0x800054C4] <- 0xFFFFC3A8


mem[X,0x80000E80] -> 0xB537
mem[X,0x80000E82] -> 0xAAAA
[933] [M]: 0x80000E80 (0xAAAAB537) lui a0, 699051
x10 <- 0xAAAAB000


mem[X,0x80000E84] -> 0x0513
mem[X,0x80000E86] -> 0xAAA5
[934] [M]: 0x80000E84 (0xAAA50513) addi a0, a0, 2730
x10 <- 0xAAAAAAAA


mem[X,0x80000E88] -> 0x0593
mem[X,0x80000E8A] -> 0x0010
[935] [M]: 0x80000E88 (0x00100593) addi a1, zero, 1
x11 <- 0x00000001


mem[X,0x80000E8C] -> 0x2633
mem[X,0x80000E8E] -> 0x02B5
[936] [M]: 0x80000E8C (0x02B52633) mulhsu a2, a0, a1
x12 <- 0xFFFFFFFF


mem[X,0x80000E90] -> 0xA823
mem[X,0x80000E92] -> 0x26C6
[937] [M]: 0x80000E90 (0x26C6A823) sw a2, 624(a3)
mem[0x800054C8] <- 0xFFFFFFFF


mem[X,0x80000E94] -> 0xB537
mem[X,0x80000E96] -> 0xAAAA
[938] [M]: 0x80000E94 (0xAAAAB537) lui a0, 699051
x10 <- 0xAAAAB000


mem[X,0x80000E98] -> 0x0513
mem[X,0x80000E9A] -> 0xAAA5
[939] [M]: 0x80000E98 (0xAAA50513) addi a0, a0, 2730
x10 <- 0xAAAAAAAA


mem[X,0x80000E9C] -> 0x05B7
mem[X,0x80000E9E] -> 0x0001
[940] [M]: 0x80000E9C (0x000105B7) lui a1, 16
x11 <- 0x00010000


mem[X,0x80000EA0] -> 0x2633
mem[X,0x80000EA2] -> 0x02B5
[941] [M]: 0x80000EA0 (0x02B52633) mulhsu a2, a0, a1
x12 <- 0xFFFFAAAA


mem[X,0x80000EA4] -> 0xAA23
mem[X,0x80000EA6] -> 0x26C6
[942] [M]: 0x80000EA4 (0x26C6AA23) sw a2, 628(a3)
mem[0x800054CC] <- 0xFFFFAAAA


mem[X,0x80000EA8] -> 0x0513
mem[X,0x80000EAA] -> 0x0050
[943] [M]: 0x80000EA8 (0x00500513) addi a0, zero, 5
x10 <- 0x00000005


mem[X,0x80000EAC] -> 0x0593
mem[X,0x80000EAE] -> 0x0030
[944] [M]: 0x80000EAC (0x00300593) addi a1, zero, 3
x11 <- 0x00000003


mem[X,0x80000EB0] -> 0x2633
mem[X,0x80000EB2] -> 0x02B5
[945] [M]: 0x80000EB0 (0x02B52633) mulhsu a2, a0, a1
x12 <- 0x00000000


mem[X,0x80000EB4] -> 0xAC23
mem[X,0x80000EB6] -> 0x26C6
[946] [M]: 0x80000EB4 (0x26C6AC23) sw a2, 632(a3)
mem[0x800054D0] <- 0x00000000


mem[X,0x80000EB8] -> 0x0513
mem[X,0x80000EBA] -> 0x0050
[947] [M]: 0x80000EB8 (0x00500513) addi a0, zero, 5
x10 <- 0x00000005


mem[X,0x80000EBC] -> 0x55B7
mem[X,0x80000EBE] -> 0x5555
[948] [M]: 0x80000EBC (0x555555B7) lui a1, 349525
x11 <- 0x55555000


mem[X,0x80000EC0] -> 0x8593
mem[X,0x80000EC2] -> 0x5555
[949] [M]: 0x80000EC0 (0x55558593) addi a1, a1, 1365
x11 <- 0x55555555


mem[X,0x80000EC4] -> 0x2633
mem[X,0x80000EC6] -> 0x02B5
[950] [M]: 0x80000EC4 (0x02B52633) mulhsu a2, a0, a1
x12 <- 0x00000001


mem[X,0x80000EC8] -> 0xAE23
mem[X,0x80000ECA] -> 0x26C6
[951] [M]: 0x80000EC8 (0x26C6AE23) sw a2, 636(a3)
mem[0x800054D4] <- 0x00000001


mem[X,0x80000ECC] -> 0x0513
mem[X,0x80000ECE] -> 0x0050
[952] [M]: 0x80000ECC (0x00500513) addi a0, zero, 5
x10 <- 0x00000005


mem[X,0x80000ED0] -> 0x0593
mem[X,0x80000ED2] -> 0x0050
[953] [M]: 0x80000ED0 (0x00500593) addi a1, zero, 5
x11 <- 0x00000005


mem[X,0x80000ED4] -> 0x2633
mem[X,0x80000ED6] -> 0x02B5
[954] [M]: 0x80000ED4 (0x02B52633) mulhsu a2, a0, a1
x12 <- 0x00000000


mem[X,0x80000ED8] -> 0xA023
mem[X,0x80000EDA] -> 0x28C6
[955] [M]: 0x80000ED8 (0x28C6A023) sw a2, 640(a3)
mem[0x800054D8] <- 0x00000000


mem[X,0x80000EDC] -> 0x0513
mem[X,0x80000EDE] -> 0x0050
[956] [M]: 0x80000EDC (0x00500513) addi a0, zero, 5
x10 <- 0x00000005


mem[X,0x80000EE0] -> 0x35B7
mem[X,0x80000EE2] -> 0x3333
[957] [M]: 0x80000EE0 (0x333335B7) lui a1, 209715
x11 <- 0x33333000


mem[X,0x80000EE4] -> 0x8593
mem[X,0x80000EE6] -> 0x3335
[958] [M]: 0x80000EE4 (0x33358593) addi a1, a1, 819
x11 <- 0x33333333


mem[X,0x80000EE8] -> 0x2633
mem[X,0x80000EEA] -> 0x02B5
[959] [M]: 0x80000EE8 (0x02B52633) mulhsu a2, a0, a1
x12 <- 0x00000000


mem[X,0x80000EEC] -> 0xA223
mem[X,0x80000EEE] -> 0x28C6
[960] [M]: 0x80000EEC (0x28C6A223) sw a2, 644(a3)
mem[0x800054DC] <- 0x00000000


mem[X,0x80000EF0] -> 0x0513
mem[X,0x80000EF2] -> 0x0050
[961] [M]: 0x80000EF0 (0x00500513) addi a0, zero, 5
x10 <- 0x00000005


mem[X,0x80000EF4] -> 0x65B7
mem[X,0x80000EF6] -> 0x6666
[962] [M]: 0x80000EF4 (0x666665B7) lui a1, 419430
x11 <- 0x66666000


mem[X,0x80000EF8] -> 0x8593
mem[X,0x80000EFA] -> 0x6665
[963] [M]: 0x80000EF8 (0x66658593) addi a1, a1, 1638
x11 <- 0x66666666


mem[X,0x80000EFC] -> 0x2633
mem[X,0x80000EFE] -> 0x02B5
[964] [M]: 0x80000EFC (0x02B52633) mulhsu a2, a0, a1
x12 <- 0x00000001


mem[X,0x80000F00] -> 0xA423
mem[X,0x80000F02] -> 0x28C6
[965] [M]: 0x80000F00 (0x28C6A423) sw a2, 648(a3)
mem[0x800054E0] <- 0x00000001


mem[X,0x80000F04] -> 0x0513
mem[X,0x80000F06] -> 0x0050
[966] [M]: 0x80000F04 (0x00500513) addi a0, zero, 5
x10 <- 0x00000005


mem[X,0x80000F08] -> 0xB5B7
mem[X,0x80000F0A] -> 0x0000
[967] [M]: 0x80000F08 (0x0000B5B7) lui a1, 11
x11 <- 0x0000B000


mem[X,0x80000F0C] -> 0x8593
mem[X,0x80000F0E] -> 0x5045
[968] [M]: 0x80000F0C (0x50458593) addi a1, a1, 1284
x11 <- 0x0000B504


mem[X,0x80000F10] -> 0x2633
mem[X,0x80000F12] -> 0x02B5
[969] [M]: 0x80000F10 (0x02B52633) mulhsu a2, a0, a1
x12 <- 0x00000000


mem[X,0x80000F14] -> 0xA623
mem[X,0x80000F16] -> 0x28C6
[970] [M]: 0x80000F14 (0x28C6A623) sw a2, 652(a3)
mem[0x800054E4] <- 0x00000000


mem[X,0x80000F18] -> 0x0513
mem[X,0x80000F1A] -> 0x0050
[971] [M]: 0x80000F18 (0x00500513) addi a0, zero, 5
x10 <- 0x00000005


mem[X,0x80000F1C] -> 0x0593
mem[X,0x80000F1E] -> 0x0000
[972] [M]: 0x80000F1C (0x00000593) addi a1, zero, 0
x11 <- 0x00000000


mem[X,0x80000F20] -> 0x2633
mem[X,0x80000F22] -> 0x02B5
[973] [M]: 0x80000F20 (0x02B52633) mulhsu a2, a0, a1
x12 <- 0x00000000


mem[X,0x80000F24] -> 0xA823
mem[X,0x80000F26] -> 0x28C6
[974] [M]: 0x80000F24 (0x28C6A823) sw a2, 656(a3)
mem[0x800054E8] <- 0x00000000


mem[X,0x80000F28] -> 0x0513
mem[X,0x80000F2A] -> 0x0050
[975] [M]: 0x80000F28 (0x00500513) addi a0, zero, 5
x10 <- 0x00000005


mem[X,0x80000F2C] -> 0x05B7
mem[X,0x80000F2E] -> 0x0001
[976] [M]: 0x80000F2C (0x000105B7) lui a1, 16
x11 <- 0x00010000


mem[X,0x80000F30] -> 0x8593
mem[X,0x80000F32] -> 0xFFF5
[977] [M]: 0x80000F30 (0xFFF58593) addi a1, a1, 4095
x11 <- 0x0000FFFF


mem[X,0x80000F34] -> 0x2633
mem[X,0x80000F36] -> 0x02B5
[978] [M]: 0x80000F34 (0x02B52633) mulhsu a2, a0, a1
x12 <- 0x00000000


mem[X,0x80000F38] -> 0xAA23
mem[X,0x80000F3A] -> 0x28C6
[979] [M]: 0x80000F38 (0x28C6AA23) sw a2, 660(a3)
mem[0x800054EC] <- 0x00000000


mem[X,0x80000F3C] -> 0x0513
mem[X,0x80000F3E] -> 0x0050
[980] [M]: 0x80000F3C (0x00500513) addi a0, zero, 5
x10 <- 0x00000005


mem[X,0x80000F40] -> 0x0593
mem[X,0x80000F42] -> 0x0020
[981] [M]: 0x80000F40 (0x00200593) addi a1, zero, 2
x11 <- 0x00000002


mem[X,0x80000F44] -> 0x2633
mem[X,0x80000F46] -> 0x02B5
[982] [M]: 0x80000F44 (0x02B52633) mulhsu a2, a0, a1
x12 <- 0x00000000


mem[X,0x80000F48] -> 0xAC23
mem[X,0x80000F4A] -> 0x28C6
[983] [M]: 0x80000F48 (0x28C6AC23) sw a2, 664(a3)
mem[0x800054F0] <- 0x00000000


mem[X,0x80000F4C] -> 0x0513
mem[X,0x80000F4E] -> 0x0050
[984] [M]: 0x80000F4C (0x00500513) addi a0, zero, 5
x10 <- 0x00000005


mem[X,0x80000F50] -> 0x55B7
mem[X,0x80000F52] -> 0x5555
[985] [M]: 0x80000F50 (0x555555B7) lui a1, 349525
x11 <- 0x55555000


mem[X,0x80000F54] -> 0x8593
mem[X,0x80000F56] -> 0x5545
[986] [M]: 0x80000F54 (0x55458593) addi a1, a1, 1364
x11 <- 0x55555554


mem[X,0x80000F58] -> 0x2633
mem[X,0x80000F5A] -> 0x02B5
[987] [M]: 0x80000F58 (0x02B52633) mulhsu a2, a0, a1
x12 <- 0x00000001


mem[X,0x80000F5C] -> 0xAE23
mem[X,0x80000F5E] -> 0x28C6
[988] [M]: 0x80000F5C (0x28C6AE23) sw a2, 668(a3)
mem[0x800054F4] <- 0x00000001


mem[X,0x80000F60] -> 0x0513
mem[X,0x80000F62] -> 0x0050
[989] [M]: 0x80000F60 (0x00500513) addi a0, zero, 5
x10 <- 0x00000005


mem[X,0x80000F64] -> 0xB5B7
mem[X,0x80000F66] -> 0xAAAA
[990] [M]: 0x80000F64 (0xAAAAB5B7) lui a1, 699051
x11 <- 0xAAAAB000


mem[X,0x80000F68] -> 0x8593
mem[X,0x80000F6A] -> 0xAA95
[991] [M]: 0x80000F68 (0xAA958593) addi a1, a1, 2729
x11 <- 0xAAAAAAA9


mem[X,0x80000F6C] -> 0x2633
mem[X,0x80000F6E] -> 0x02B5
[992] [M]: 0x80000F6C (0x02B52633) mulhsu a2, a0, a1
x12 <- 0x00000003


mem[X,0x80000F70] -> 0xA023
mem[X,0x80000F72] -> 0x2AC6
[993] [M]: 0x80000F70 (0x2AC6A023) sw a2, 672(a3)
mem[0x800054F8] <- 0x00000003


mem[X,0x80000F74] -> 0x0513
mem[X,0x80000F76] -> 0x0050
[994] [M]: 0x80000F74 (0x00500513) addi a0, zero, 5
x10 <- 0x00000005


mem[X,0x80000F78] -> 0x0593
mem[X,0x80000F7A] -> 0x0040
[995] [M]: 0x80000F78 (0x00400593) addi a1, zero, 4
x11 <- 0x00000004


mem[X,0x80000F7C] -> 0x2633
mem[X,0x80000F7E] -> 0x02B5
[996] [M]: 0x80000F7C (0x02B52633) mulhsu a2, a0, a1
x12 <- 0x00000000


mem[X,0x80000F80] -> 0xA223
mem[X,0x80000F82] -> 0x2AC6
[997] [M]: 0x80000F80 (0x2AC6A223) sw a2, 676(a3)
mem[0x800054FC] <- 0x00000000


mem[X,0x80000F84] -> 0x0513
mem[X,0x80000F86] -> 0x0050
[998] [M]: 0x80000F84 (0x00500513) addi a0, zero, 5
x10 <- 0x00000005


mem[X,0x80000F88] -> 0x35B7
mem[X,0x80000F8A] -> 0x3333
[999] [M]: 0x80000F88 (0x333335B7) lui a1, 209715
x11 <- 0x33333000


clint::tick mtime <- 0x000000000000000A
 clint timer pending at mtime 0x000000000000000A
htif::tick 0x0000000000000000
mem[X,0x80000F8C] -> 0x8593
mem[X,0x80000F8E] -> 0x3325
[1000] [M]: 0x80000F8C (0x33258593) addi a1, a1, 818
x11 <- 0x33333332


mem[X,0x80000F90] -> 0x2633
mem[X,0x80000F92] -> 0x02B5
[1001] [M]: 0x80000F90 (0x02B52633) mulhsu a2, a0, a1
x12 <- 0x00000000


mem[X,0x80000F94] -> 0xA423
mem[X,0x80000F96] -> 0x2AC6
[1002] [M]: 0x80000F94 (0x2AC6A423) sw a2, 680(a3)
mem[0x80005500] <- 0x00000000


mem[X,0x80000F98] -> 0x0513
mem[X,0x80000F9A] -> 0x0050
[1003] [M]: 0x80000F98 (0x00500513) addi a0, zero, 5
x10 <- 0x00000005


mem[X,0x80000F9C] -> 0x65B7
mem[X,0x80000F9E] -> 0x6666
[1004] [M]: 0x80000F9C (0x666665B7) lui a1, 419430
x11 <- 0x66666000


mem[X,0x80000FA0] -> 0x8593
mem[X,0x80000FA2] -> 0x6655
[1005] [M]: 0x80000FA0 (0x66558593) addi a1, a1, 1637
x11 <- 0x66666665


mem[X,0x80000FA4] -> 0x2633
mem[X,0x80000FA6] -> 0x02B5
[1006] [M]: 0x80000FA4 (0x02B52633) mulhsu a2, a0, a1
x12 <- 0x00000001


mem[X,0x80000FA8] -> 0xA623
mem[X,0x80000FAA] -> 0x2AC6
[1007] [M]: 0x80000FA8 (0x2AC6A623) sw a2, 684(a3)
mem[0x80005504] <- 0x00000001


mem[X,0x80000FAC] -> 0x0513
mem[X,0x80000FAE] -> 0x0050
[1008] [M]: 0x80000FAC (0x00500513) addi a0, zero, 5
x10 <- 0x00000005


mem[X,0x80000FB0] -> 0xB5B7
mem[X,0x80000FB2] -> 0x0000
[1009] [M]: 0x80000FB0 (0x0000B5B7) lui a1, 11
x11 <- 0x0000B000


mem[X,0x80000FB4] -> 0x8593
mem[X,0x80000FB6] -> 0x5035
[1010] [M]: 0x80000FB4 (0x50358593) addi a1, a1, 1283
x11 <- 0x0000B503


mem[X,0x80000FB8] -> 0x2633
mem[X,0x80000FBA] -> 0x02B5
[1011] [M]: 0x80000FB8 (0x02B52633) mulhsu a2, a0, a1
x12 <- 0x00000000


mem[X,0x80000FBC] -> 0xA823
mem[X,0x80000FBE] -> 0x2AC6
[1012] [M]: 0x80000FBC (0x2AC6A823) sw a2, 688(a3)
mem[0x80005508] <- 0x00000000


mem[X,0x80000FC0] -> 0x0513
mem[X,0x80000FC2] -> 0x0050
[1013] [M]: 0x80000FC0 (0x00500513) addi a0, zero, 5
x10 <- 0x00000005


mem[X,0x80000FC4] -> 0x05B7
mem[X,0x80000FC6] -> 0x0001
[1014] [M]: 0x80000FC4 (0x000105B7) lui a1, 16
x11 <- 0x00010000


mem[X,0x80000FC8] -> 0x8593
mem[X,0x80000FCA] -> 0xFFE5
[1015] [M]: 0x80000FC8 (0xFFE58593) addi a1, a1, 4094
x11 <- 0x0000FFFE


mem[X,0x80000FCC] -> 0x2633
mem[X,0x80000FCE] -> 0x02B5
[1016] [M]: 0x80000FCC (0x02B52633) mulhsu a2, a0, a1
x12 <- 0x00000000


mem[X,0x80000FD0] -> 0xAA23
mem[X,0x80000FD2] -> 0x2AC6
[1017] [M]: 0x80000FD0 (0x2AC6AA23) sw a2, 692(a3)
mem[0x8000550C] <- 0x00000000


mem[X,0x80000FD4] -> 0x0513
mem[X,0x80000FD6] -> 0x0050
[1018] [M]: 0x80000FD4 (0x00500513) addi a0, zero, 5
x10 <- 0x00000005


mem[X,0x80000FD8] -> 0x55B7
mem[X,0x80000FDA] -> 0x5555
[1019] [M]: 0x80000FD8 (0x555555B7) lui a1, 349525
x11 <- 0x55555000


mem[X,0x80000FDC] -> 0x8593
mem[X,0x80000FDE] -> 0x5565
[1020] [M]: 0x80000FDC (0x55658593) addi a1, a1, 1366
x11 <- 0x55555556


mem[X,0x80000FE0] -> 0x2633
mem[X,0x80000FE2] -> 0x02B5
[1021] [M]: 0x80000FE0 (0x02B52633) mulhsu a2, a0, a1
x12 <- 0x00000001


mem[X,0x80000FE4] -> 0xAC23
mem[X,0x80000FE6] -> 0x2AC6
[1022] [M]: 0x80000FE4 (0x2AC6AC23) sw a2, 696(a3)
mem[0x80005510] <- 0x00000001


mem[X,0x80000FE8] -> 0x0513
mem[X,0x80000FEA] -> 0x0050
[1023] [M]: 0x80000FE8 (0x00500513) addi a0, zero, 5
x10 <- 0x00000005


mem[X,0x80000FEC] -> 0xB5B7
mem[X,0x80000FEE] -> 0xAAAA
[1024] [M]: 0x80000FEC (0xAAAAB5B7) lui a1, 699051
x11 <- 0xAAAAB000


mem[X,0x80000FF0] -> 0x8593
mem[X,0x80000FF2] -> 0xAAB5
[1025] [M]: 0x80000FF0 (0xAAB58593) addi a1, a1, 2731
x11 <- 0xAAAAAAAB


mem[X,0x80000FF4] -> 0x2633
mem[X,0x80000FF6] -> 0x02B5
[1026] [M]: 0x80000FF4 (0x02B52633) mulhsu a2, a0, a1
x12 <- 0x00000003


mem[X,0x80000FF8] -> 0xAE23
mem[X,0x80000FFA] -> 0x2AC6
[1027] [M]: 0x80000FF8 (0x2AC6AE23) sw a2, 700(a3)
mem[0x80005514] <- 0x00000003


mem[X,0x80000FFC] -> 0x0513
mem[X,0x80000FFE] -> 0x0050
[1028] [M]: 0x80000FFC (0x00500513) addi a0, zero, 5
x10 <- 0x00000005


mem[X,0x80001000] -> 0x0593
mem[X,0x80001002] -> 0x0060
[1029] [M]: 0x80001000 (0x00600593) addi a1, zero, 6
x11 <- 0x00000006


mem[X,0x80001004] -> 0x2633
mem[X,0x80001006] -> 0x02B5
[1030] [M]: 0x80001004 (0x02B52633) mulhsu a2, a0, a1
x12 <- 0x00000000


mem[X,0x80001008] -> 0xA023
mem[X,0x8000100A] -> 0x2CC6
[1031] [M]: 0x80001008 (0x2CC6A023) sw a2, 704(a3)
mem[0x80005518] <- 0x00000000


mem[X,0x8000100C] -> 0x0513
mem[X,0x8000100E] -> 0x0050
[1032] [M]: 0x8000100C (0x00500513) addi a0, zero, 5
x10 <- 0x00000005


mem[X,0x80001010] -> 0x35B7
mem[X,0x80001012] -> 0x3333
[1033] [M]: 0x80001010 (0x333335B7) lui a1, 209715
x11 <- 0x33333000


mem[X,0x80001014] -> 0x8593
mem[X,0x80001016] -> 0x3345
[1034] [M]: 0x80001014 (0x33458593) addi a1, a1, 820
x11 <- 0x33333334


mem[X,0x80001018] -> 0x2633
mem[X,0x8000101A] -> 0x02B5
[1035] [M]: 0x80001018 (0x02B52633) mulhsu a2, a0, a1
x12 <- 0x00000001


mem[X,0x8000101C] -> 0xA223
mem[X,0x8000101E] -> 0x2CC6
[1036] [M]: 0x8000101C (0x2CC6A223) sw a2, 708(a3)
mem[0x8000551C] <- 0x00000001


mem[X,0x80001020] -> 0x0513
mem[X,0x80001022] -> 0x0050
[1037] [M]: 0x80001020 (0x00500513) addi a0, zero, 5
x10 <- 0x00000005


mem[X,0x80001024] -> 0x65B7
mem[X,0x80001026] -> 0x6666
[1038] [M]: 0x80001024 (0x666665B7) lui a1, 419430
x11 <- 0x66666000


mem[X,0x80001028] -> 0x8593
mem[X,0x8000102A] -> 0x6675
[1039] [M]: 0x80001028 (0x66758593) addi a1, a1, 1639
x11 <- 0x66666667


mem[X,0x8000102C] -> 0x2633
mem[X,0x8000102E] -> 0x02B5
[1040] [M]: 0x8000102C (0x02B52633) mulhsu a2, a0, a1
x12 <- 0x00000002


mem[X,0x80001030] -> 0xA423
mem[X,0x80001032] -> 0x2CC6
[1041] [M]: 0x80001030 (0x2CC6A423) sw a2, 712(a3)
mem[0x80005520] <- 0x00000002


mem[X,0x80001034] -> 0x0513
mem[X,0x80001036] -> 0x0050
[1042] [M]: 0x80001034 (0x00500513) addi a0, zero, 5
x10 <- 0x00000005


mem[X,0x80001038] -> 0xB5B7
mem[X,0x8000103A] -> 0x0000
[1043] [M]: 0x80001038 (0x0000B5B7) lui a1, 11
x11 <- 0x0000B000


mem[X,0x8000103C] -> 0x8593
mem[X,0x8000103E] -> 0x5055
[1044] [M]: 0x8000103C (0x50558593) addi a1, a1, 1285
x11 <- 0x0000B505


mem[X,0x80001040] -> 0x2633
mem[X,0x80001042] -> 0x02B5
[1045] [M]: 0x80001040 (0x02B52633) mulhsu a2, a0, a1
x12 <- 0x00000000


mem[X,0x80001044] -> 0xA623
mem[X,0x80001046] -> 0x2CC6
[1046] [M]: 0x80001044 (0x2CC6A623) sw a2, 716(a3)
mem[0x80005524] <- 0x00000000


mem[X,0x80001048] -> 0x0513
mem[X,0x8000104A] -> 0x0050
[1047] [M]: 0x80001048 (0x00500513) addi a0, zero, 5
x10 <- 0x00000005


mem[X,0x8000104C] -> 0x0593
mem[X,0x8000104E] -> 0x0010
[1048] [M]: 0x8000104C (0x00100593) addi a1, zero, 1
x11 <- 0x00000001


mem[X,0x80001050] -> 0x2633
mem[X,0x80001052] -> 0x02B5
[1049] [M]: 0x80001050 (0x02B52633) mulhsu a2, a0, a1
x12 <- 0x00000000


mem[X,0x80001054] -> 0xA823
mem[X,0x80001056] -> 0x2CC6
[1050] [M]: 0x80001054 (0x2CC6A823) sw a2, 720(a3)
mem[0x80005528] <- 0x00000000


mem[X,0x80001058] -> 0x0513
mem[X,0x8000105A] -> 0x0050
[1051] [M]: 0x80001058 (0x00500513) addi a0, zero, 5
x10 <- 0x00000005


mem[X,0x8000105C] -> 0x05B7
mem[X,0x8000105E] -> 0x0001
[1052] [M]: 0x8000105C (0x000105B7) lui a1, 16
x11 <- 0x00010000


mem[X,0x80001060] -> 0x2633
mem[X,0x80001062] -> 0x02B5
[1053] [M]: 0x80001060 (0x02B52633) mulhsu a2, a0, a1
x12 <- 0x00000000


mem[X,0x80001064] -> 0xAA23
mem[X,0x80001066] -> 0x2CC6
[1054] [M]: 0x80001064 (0x2CC6AA23) sw a2, 724(a3)
mem[0x8000552C] <- 0x00000000


mem[X,0x80001068] -> 0x3537
mem[X,0x8000106A] -> 0x3333
[1055] [M]: 0x80001068 (0x33333537) lui a0, 209715
x10 <- 0x33333000


mem[X,0x8000106C] -> 0x0513
mem[X,0x8000106E] -> 0x3335
[1056] [M]: 0x8000106C (0x33350513) addi a0, a0, 819
x10 <- 0x33333333


mem[X,0x80001070] -> 0x0593
mem[X,0x80001072] -> 0x0030
[1057] [M]: 0x80001070 (0x00300593) addi a1, zero, 3
x11 <- 0x00000003


mem[X,0x80001074] -> 0x2633
mem[X,0x80001076] -> 0x02B5
[1058] [M]: 0x80001074 (0x02B52633) mulhsu a2, a0, a1
x12 <- 0x00000000


mem[X,0x80001078] -> 0xAC23
mem[X,0x8000107A] -> 0x2CC6
[1059] [M]: 0x80001078 (0x2CC6AC23) sw a2, 728(a3)
mem[0x80005530] <- 0x00000000


mem[X,0x8000107C] -> 0x3537
mem[X,0x8000107E] -> 0x3333
[1060] [M]: 0x8000107C (0x33333537) lui a0, 209715
x10 <- 0x33333000


mem[X,0x80001080] -> 0x0513
mem[X,0x80001082] -> 0x3335
[1061] [M]: 0x80001080 (0x33350513) addi a0, a0, 819
x10 <- 0x33333333


mem[X,0x80001084] -> 0x55B7
mem[X,0x80001086] -> 0x5555
[1062] [M]: 0x80001084 (0x555555B7) lui a1, 349525
x11 <- 0x55555000


mem[X,0x80001088] -> 0x8593
mem[X,0x8000108A] -> 0x5555
[1063] [M]: 0x80001088 (0x55558593) addi a1, a1, 1365
x11 <- 0x55555555


mem[X,0x8000108C] -> 0x2633
mem[X,0x8000108E] -> 0x02B5
[1064] [M]: 0x8000108C (0x02B52633) mulhsu a2, a0, a1
x12 <- 0x11111110


mem[X,0x80001090] -> 0xAE23
mem[X,0x80001092] -> 0x2CC6
[1065] [M]: 0x80001090 (0x2CC6AE23) sw a2, 732(a3)
mem[0x80005534] <- 0x11111110


mem[X,0x80001094] -> 0x3537
mem[X,0x80001096] -> 0x3333
[1066] [M]: 0x80001094 (0x33333537) lui a0, 209715
x10 <- 0x33333000


mem[X,0x80001098] -> 0x0513
mem[X,0x8000109A] -> 0x3335
[1067] [M]: 0x80001098 (0x33350513) addi a0, a0, 819
x10 <- 0x33333333


mem[X,0x8000109C] -> 0xB5B7
mem[X,0x8000109E] -> 0xAAAA
[1068] [M]: 0x8000109C (0xAAAAB5B7) lui a1, 699051
x11 <- 0xAAAAB000


mem[X,0x800010A0] -> 0x8593
mem[X,0x800010A2] -> 0xAAA5
[1069] [M]: 0x800010A0 (0xAAA58593) addi a1, a1, 2730
x11 <- 0xAAAAAAAA


mem[X,0x800010A4] -> 0x2633
mem[X,0x800010A6] -> 0x02B5
[1070] [M]: 0x800010A4 (0x02B52633) mulhsu a2, a0, a1
x12 <- 0x22222221


mem[X,0x800010A8] -> 0xA023
mem[X,0x800010AA] -> 0x2EC6
[1071] [M]: 0x800010A8 (0x2EC6A023) sw a2, 736(a3)
mem[0x80005538] <- 0x22222221


mem[X,0x800010AC] -> 0x3537
mem[X,0x800010AE] -> 0x3333
[1072] [M]: 0x800010AC (0x33333537) lui a0, 209715
x10 <- 0x33333000


mem[X,0x800010B0] -> 0x0513
mem[X,0x800010B2] -> 0x3335
[1073] [M]: 0x800010B0 (0x33350513) addi a0, a0, 819
x10 <- 0x33333333


mem[X,0x800010B4] -> 0x0593
mem[X,0x800010B6] -> 0x0050
[1074] [M]: 0x800010B4 (0x00500593) addi a1, zero, 5
x11 <- 0x00000005


mem[X,0x800010B8] -> 0x2633
mem[X,0x800010BA] -> 0x02B5
[1075] [M]: 0x800010B8 (0x02B52633) mulhsu a2, a0, a1
x12 <- 0x00000000


mem[X,0x800010BC] -> 0xA223
mem[X,0x800010BE] -> 0x2EC6
[1076] [M]: 0x800010BC (0x2EC6A223) sw a2, 740(a3)
mem[0x8000553C] <- 0x00000000


mem[X,0x800010C0] -> 0x3537
mem[X,0x800010C2] -> 0x3333
[1077] [M]: 0x800010C0 (0x33333537) lui a0, 209715
x10 <- 0x33333000


mem[X,0x800010C4] -> 0x0513
mem[X,0x800010C6] -> 0x3335
[1078] [M]: 0x800010C4 (0x33350513) addi a0, a0, 819
x10 <- 0x33333333


mem[X,0x800010C8] -> 0x35B7
mem[X,0x800010CA] -> 0x3333
[1079] [M]: 0x800010C8 (0x333335B7) lui a1, 209715
x11 <- 0x33333000


mem[X,0x800010CC] -> 0x8593
mem[X,0x800010CE] -> 0x3335
[1080] [M]: 0x800010CC (0x33358593) addi a1, a1, 819
x11 <- 0x33333333


mem[X,0x800010D0] -> 0x2633
mem[X,0x800010D2] -> 0x02B5
[1081] [M]: 0x800010D0 (0x02B52633) mulhsu a2, a0, a1
x12 <- 0x0A3D70A3


mem[X,0x800010D4] -> 0xA423
mem[X,0x800010D6] -> 0x2EC6
[1082] [M]: 0x800010D4 (0x2EC6A423) sw a2, 744(a3)
mem[0x80005540] <- 0x0A3D70A3


mem[X,0x800010D8] -> 0x3537
mem[X,0x800010DA] -> 0x3333
[1083] [M]: 0x800010D8 (0x33333537) lui a0, 209715
x10 <- 0x33333000


mem[X,0x800010DC] -> 0x0513
mem[X,0x800010DE] -> 0x3335
[1084] [M]: 0x800010DC (0x33350513) addi a0, a0, 819
x10 <- 0x33333333


mem[X,0x800010E0] -> 0x65B7
mem[X,0x800010E2] -> 0x6666
[1085] [M]: 0x800010E0 (0x666665B7) lui a1, 419430
x11 <- 0x66666000


mem[X,0x800010E4] -> 0x8593
mem[X,0x800010E6] -> 0x6665
[1086] [M]: 0x800010E4 (0x66658593) addi a1, a1, 1638
x11 <- 0x66666666


mem[X,0x800010E8] -> 0x2633
mem[X,0x800010EA] -> 0x02B5
[1087] [M]: 0x800010E8 (0x02B52633) mulhsu a2, a0, a1
x12 <- 0x147AE147


mem[X,0x800010EC] -> 0xA623
mem[X,0x800010EE] -> 0x2EC6
[1088] [M]: 0x800010EC (0x2EC6A623) sw a2, 748(a3)
mem[0x80005544] <- 0x147AE147


mem[X,0x800010F0] -> 0x3537
mem[X,0x800010F2] -> 0x3333
[1089] [M]: 0x800010F0 (0x33333537) lui a0, 209715
x10 <- 0x33333000


mem[X,0x800010F4] -> 0x0513
mem[X,0x800010F6] -> 0x3335
[1090] [M]: 0x800010F4 (0x33350513) addi a0, a0, 819
x10 <- 0x33333333


mem[X,0x800010F8] -> 0xB5B7
mem[X,0x800010FA] -> 0x0000
[1091] [M]: 0x800010F8 (0x0000B5B7) lui a1, 11
x11 <- 0x0000B000


mem[X,0x800010FC] -> 0x8593
mem[X,0x800010FE] -> 0x5045
[1092] [M]: 0x800010FC (0x50458593) addi a1, a1, 1284
x11 <- 0x0000B504


mem[X,0x80001100] -> 0x2633
mem[X,0x80001102] -> 0x02B5
[1093] [M]: 0x80001100 (0x02B52633) mulhsu a2, a0, a1
x12 <- 0x00002433


mem[X,0x80001104] -> 0xA823
mem[X,0x80001106] -> 0x2EC6
[1094] [M]: 0x80001104 (0x2EC6A823) sw a2, 752(a3)
mem[0x80005548] <- 0x00002433


mem[X,0x80001108] -> 0x3537
mem[X,0x8000110A] -> 0x3333
[1095] [M]: 0x80001108 (0x33333537) lui a0, 209715
x10 <- 0x33333000


mem[X,0x8000110C] -> 0x0513
mem[X,0x8000110E] -> 0x3335
[1096] [M]: 0x8000110C (0x33350513) addi a0, a0, 819
x10 <- 0x33333333


mem[X,0x80001110] -> 0x0593
mem[X,0x80001112] -> 0x0000
[1097] [M]: 0x80001110 (0x00000593) addi a1, zero, 0
x11 <- 0x00000000


mem[X,0x80001114] -> 0x2633
mem[X,0x80001116] -> 0x02B5
[1098] [M]: 0x80001114 (0x02B52633) mulhsu a2, a0, a1
x12 <- 0x00000000


mem[X,0x80001118] -> 0xAA23
mem[X,0x8000111A] -> 0x2EC6
[1099] [M]: 0x80001118 (0x2EC6AA23) sw a2, 756(a3)
mem[0x8000554C] <- 0x00000000


clint::tick mtime <- 0x000000000000000B
 clint timer pending at mtime 0x000000000000000B
htif::tick 0x0000000000000000
mem[X,0x8000111C] -> 0x3537
mem[X,0x8000111E] -> 0x3333
[1100] [M]: 0x8000111C (0x33333537) lui a0, 209715
x10 <- 0x33333000


mem[X,0x80001120] -> 0x0513
mem[X,0x80001122] -> 0x3335
[1101] [M]: 0x80001120 (0x33350513) addi a0, a0, 819
x10 <- 0x33333333


mem[X,0x80001124] -> 0x05B7
mem[X,0x80001126] -> 0x0001
[1102] [M]: 0x80001124 (0x000105B7) lui a1, 16
x11 <- 0x00010000


mem[X,0x80001128] -> 0x8593
mem[X,0x8000112A] -> 0xFFF5
[1103] [M]: 0x80001128 (0xFFF58593) addi a1, a1, 4095
x11 <- 0x0000FFFF


mem[X,0x8000112C] -> 0x2633
mem[X,0x8000112E] -> 0x02B5
[1104] [M]: 0x8000112C (0x02B52633) mulhsu a2, a0, a1
x12 <- 0x00003332


mem[X,0x80001130] -> 0xAC23
mem[X,0x80001132] -> 0x2EC6
[1105] [M]: 0x80001130 (0x2EC6AC23) sw a2, 760(a3)
mem[0x80005550] <- 0x00003332


mem[X,0x80001134] -> 0x3537
mem[X,0x80001136] -> 0x3333
[1106] [M]: 0x80001134 (0x33333537) lui a0, 209715
x10 <- 0x33333000


mem[X,0x80001138] -> 0x0513
mem[X,0x8000113A] -> 0x3335
[1107] [M]: 0x80001138 (0x33350513) addi a0, a0, 819
x10 <- 0x33333333


mem[X,0x8000113C] -> 0x0593
mem[X,0x8000113E] -> 0x0020
[1108] [M]: 0x8000113C (0x00200593) addi a1, zero, 2
x11 <- 0x00000002


mem[X,0x80001140] -> 0x2633
mem[X,0x80001142] -> 0x02B5
[1109] [M]: 0x80001140 (0x02B52633) mulhsu a2, a0, a1
x12 <- 0x00000000


mem[X,0x80001144] -> 0xAE23
mem[X,0x80001146] -> 0x2EC6
[1110] [M]: 0x80001144 (0x2EC6AE23) sw a2, 764(a3)
mem[0x80005554] <- 0x00000000


mem[X,0x80001148] -> 0x3537
mem[X,0x8000114A] -> 0x3333
[1111] [M]: 0x80001148 (0x33333537) lui a0, 209715
x10 <- 0x33333000


mem[X,0x8000114C] -> 0x0513
mem[X,0x8000114E] -> 0x3335
[1112] [M]: 0x8000114C (0x33350513) addi a0, a0, 819
x10 <- 0x33333333


mem[X,0x80001150] -> 0x55B7
mem[X,0x80001152] -> 0x5555
[1113] [M]: 0x80001150 (0x555555B7) lui a1, 349525
x11 <- 0x55555000


mem[X,0x80001154] -> 0x8593
mem[X,0x80001156] -> 0x5545
[1114] [M]: 0x80001154 (0x55458593) addi a1, a1, 1364
x11 <- 0x55555554


mem[X,0x80001158] -> 0x2633
mem[X,0x8000115A] -> 0x02B5
[1115] [M]: 0x80001158 (0x02B52633) mulhsu a2, a0, a1
x12 <- 0x11111110


mem[X,0x8000115C] -> 0xA023
mem[X,0x8000115E] -> 0x30C6
[1116] [M]: 0x8000115C (0x30C6A023) sw a2, 768(a3)
mem[0x80005558] <- 0x11111110


mem[X,0x80001160] -> 0x3537
mem[X,0x80001162] -> 0x3333
[1117] [M]: 0x80001160 (0x33333537) lui a0, 209715
x10 <- 0x33333000


mem[X,0x80001164] -> 0x0513
mem[X,0x80001166] -> 0x3335
[1118] [M]: 0x80001164 (0x33350513) addi a0, a0, 819
x10 <- 0x33333333


mem[X,0x80001168] -> 0xB5B7
mem[X,0x8000116A] -> 0xAAAA
[1119] [M]: 0x80001168 (0xAAAAB5B7) lui a1, 699051
x11 <- 0xAAAAB000


mem[X,0x8000116C] -> 0x8593
mem[X,0x8000116E] -> 0xAA95
[1120] [M]: 0x8000116C (0xAA958593) addi a1, a1, 2729
x11 <- 0xAAAAAAA9


mem[X,0x80001170] -> 0x2633
mem[X,0x80001172] -> 0x02B5
[1121] [M]: 0x80001170 (0x02B52633) mulhsu a2, a0, a1
x12 <- 0x22222221


mem[X,0x80001174] -> 0xA223
mem[X,0x80001176] -> 0x30C6
[1122] [M]: 0x80001174 (0x30C6A223) sw a2, 772(a3)
mem[0x8000555C] <- 0x22222221


mem[X,0x80001178] -> 0x3537
mem[X,0x8000117A] -> 0x3333
[1123] [M]: 0x80001178 (0x33333537) lui a0, 209715
x10 <- 0x33333000


mem[X,0x8000117C] -> 0x0513
mem[X,0x8000117E] -> 0x3335
[1124] [M]: 0x8000117C (0x33350513) addi a0, a0, 819
x10 <- 0x33333333


mem[X,0x80001180] -> 0x0593
mem[X,0x80001182] -> 0x0040
[1125] [M]: 0x80001180 (0x00400593) addi a1, zero, 4
x11 <- 0x00000004


mem[X,0x80001184] -> 0x2633
mem[X,0x80001186] -> 0x02B5
[1126] [M]: 0x80001184 (0x02B52633) mulhsu a2, a0, a1
x12 <- 0x00000000


mem[X,0x80001188] -> 0xA423
mem[X,0x8000118A] -> 0x30C6
[1127] [M]: 0x80001188 (0x30C6A423) sw a2, 776(a3)
mem[0x80005560] <- 0x00000000


mem[X,0x8000118C] -> 0x3537
mem[X,0x8000118E] -> 0x3333
[1128] [M]: 0x8000118C (0x33333537) lui a0, 209715
x10 <- 0x33333000


mem[X,0x80001190] -> 0x0513
mem[X,0x80001192] -> 0x3335
[1129] [M]: 0x80001190 (0x33350513) addi a0, a0, 819
x10 <- 0x33333333


mem[X,0x80001194] -> 0x35B7
mem[X,0x80001196] -> 0x3333
[1130] [M]: 0x80001194 (0x333335B7) lui a1, 209715
x11 <- 0x33333000


mem[X,0x80001198] -> 0x8593
mem[X,0x8000119A] -> 0x3325
[1131] [M]: 0x80001198 (0x33258593) addi a1, a1, 818
x11 <- 0x33333332


mem[X,0x8000119C] -> 0x2633
mem[X,0x8000119E] -> 0x02B5
[1132] [M]: 0x8000119C (0x02B52633) mulhsu a2, a0, a1
x12 <- 0x0A3D70A3


mem[X,0x800011A0] -> 0xA623
mem[X,0x800011A2] -> 0x30C6
[1133] [M]: 0x800011A0 (0x30C6A623) sw a2, 780(a3)
mem[0x80005564] <- 0x0A3D70A3


mem[X,0x800011A4] -> 0x3537
mem[X,0x800011A6] -> 0x3333
[1134] [M]: 0x800011A4 (0x33333537) lui a0, 209715
x10 <- 0x33333000


mem[X,0x800011A8] -> 0x0513
mem[X,0x800011AA] -> 0x3335
[1135] [M]: 0x800011A8 (0x33350513) addi a0, a0, 819
x10 <- 0x33333333


mem[X,0x800011AC] -> 0x65B7
mem[X,0x800011AE] -> 0x6666
[1136] [M]: 0x800011AC (0x666665B7) lui a1, 419430
x11 <- 0x66666000


mem[X,0x800011B0] -> 0x8593
mem[X,0x800011B2] -> 0x6655
[1137] [M]: 0x800011B0 (0x66558593) addi a1, a1, 1637
x11 <- 0x66666665


mem[X,0x800011B4] -> 0x2633
mem[X,0x800011B6] -> 0x02B5
[1138] [M]: 0x800011B4 (0x02B52633) mulhsu a2, a0, a1
x12 <- 0x147AE147


mem[X,0x800011B8] -> 0xA823
mem[X,0x800011BA] -> 0x30C6
[1139] [M]: 0x800011B8 (0x30C6A823) sw a2, 784(a3)
mem[0x80005568] <- 0x147AE147


mem[X,0x800011BC] -> 0x3537
mem[X,0x800011BE] -> 0x3333
[1140] [M]: 0x800011BC (0x33333537) lui a0, 209715
x10 <- 0x33333000


mem[X,0x800011C0] -> 0x0513
mem[X,0x800011C2] -> 0x3335
[1141] [M]: 0x800011C0 (0x33350513) addi a0, a0, 819
x10 <- 0x33333333


mem[X,0x800011C4] -> 0xB5B7
mem[X,0x800011C6] -> 0x0000
[1142] [M]: 0x800011C4 (0x0000B5B7) lui a1, 11
x11 <- 0x0000B000


mem[X,0x800011C8] -> 0x8593
mem[X,0x800011CA] -> 0x5035
[1143] [M]: 0x800011C8 (0x50358593) addi a1, a1, 1283
x11 <- 0x0000B503


mem[X,0x800011CC] -> 0x2633
mem[X,0x800011CE] -> 0x02B5
[1144] [M]: 0x800011CC (0x02B52633) mulhsu a2, a0, a1
x12 <- 0x00002433


mem[X,0x800011D0] -> 0xAA23
mem[X,0x800011D2] -> 0x30C6
[1145] [M]: 0x800011D0 (0x30C6AA23) sw a2, 788(a3)
mem[0x8000556C] <- 0x00002433


mem[X,0x800011D4] -> 0x3537
mem[X,0x800011D6] -> 0x3333
[1146] [M]: 0x800011D4 (0x33333537) lui a0, 209715
x10 <- 0x33333000


mem[X,0x800011D8] -> 0x0513
mem[X,0x800011DA] -> 0x3335
[1147] [M]: 0x800011D8 (0x33350513) addi a0, a0, 819
x10 <- 0x33333333


mem[X,0x800011DC] -> 0x05B7
mem[X,0x800011DE] -> 0x0001
[1148] [M]: 0x800011DC (0x000105B7) lui a1, 16
x11 <- 0x00010000


mem[X,0x800011E0] -> 0x8593
mem[X,0x800011E2] -> 0xFFE5
[1149] [M]: 0x800011E0 (0xFFE58593) addi a1, a1, 4094
x11 <- 0x0000FFFE


mem[X,0x800011E4] -> 0x2633
mem[X,0x800011E6] -> 0x02B5
[1150] [M]: 0x800011E4 (0x02B52633) mulhsu a2, a0, a1
x12 <- 0x00003332


mem[X,0x800011E8] -> 0xAC23
mem[X,0x800011EA] -> 0x30C6
[1151] [M]: 0x800011E8 (0x30C6AC23) sw a2, 792(a3)
mem[0x80005570] <- 0x00003332


mem[X,0x800011EC] -> 0x3537
mem[X,0x800011EE] -> 0x3333
[1152] [M]: 0x800011EC (0x33333537) lui a0, 209715
x10 <- 0x33333000


mem[X,0x800011F0] -> 0x0513
mem[X,0x800011F2] -> 0x3335
[1153] [M]: 0x800011F0 (0x33350513) addi a0, a0, 819
x10 <- 0x33333333


mem[X,0x800011F4] -> 0x55B7
mem[X,0x800011F6] -> 0x5555
[1154] [M]: 0x800011F4 (0x555555B7) lui a1, 349525
x11 <- 0x55555000


mem[X,0x800011F8] -> 0x8593
mem[X,0x800011FA] -> 0x5565
[1155] [M]: 0x800011F8 (0x55658593) addi a1, a1, 1366
x11 <- 0x55555556


mem[X,0x800011FC] -> 0x2633
mem[X,0x800011FE] -> 0x02B5
[1156] [M]: 0x800011FC (0x02B52633) mulhsu a2, a0, a1
x12 <- 0x11111111


mem[X,0x80001200] -> 0xAE23
mem[X,0x80001202] -> 0x30C6
[1157] [M]: 0x80001200 (0x30C6AE23) sw a2, 796(a3)
mem[0x80005574] <- 0x11111111


mem[X,0x80001204] -> 0x3537
mem[X,0x80001206] -> 0x3333
[1158] [M]: 0x80001204 (0x33333537) lui a0, 209715
x10 <- 0x33333000


mem[X,0x80001208] -> 0x0513
mem[X,0x8000120A] -> 0x3335
[1159] [M]: 0x80001208 (0x33350513) addi a0, a0, 819
x10 <- 0x33333333


mem[X,0x8000120C] -> 0xB5B7
mem[X,0x8000120E] -> 0xAAAA
[1160] [M]: 0x8000120C (0xAAAAB5B7) lui a1, 699051
x11 <- 0xAAAAB000


mem[X,0x80001210] -> 0x8593
mem[X,0x80001212] -> 0xAAB5
[1161] [M]: 0x80001210 (0xAAB58593) addi a1, a1, 2731
x11 <- 0xAAAAAAAB


mem[X,0x80001214] -> 0x2633
mem[X,0x80001216] -> 0x02B5
[1162] [M]: 0x80001214 (0x02B52633) mulhsu a2, a0, a1
x12 <- 0x22222222


mem[X,0x80001218] -> 0xA023
mem[X,0x8000121A] -> 0x32C6
[1163] [M]: 0x80001218 (0x32C6A023) sw a2, 800(a3)
mem[0x80005578] <- 0x22222222


mem[X,0x8000121C] -> 0x3537
mem[X,0x8000121E] -> 0x3333
[1164] [M]: 0x8000121C (0x33333537) lui a0, 209715
x10 <- 0x33333000


mem[X,0x80001220] -> 0x0513
mem[X,0x80001222] -> 0x3335
[1165] [M]: 0x80001220 (0x33350513) addi a0, a0, 819
x10 <- 0x33333333


mem[X,0x80001224] -> 0x0593
mem[X,0x80001226] -> 0x0060
[1166] [M]: 0x80001224 (0x00600593) addi a1, zero, 6
x11 <- 0x00000006


mem[X,0x80001228] -> 0x2633
mem[X,0x8000122A] -> 0x02B5
[1167] [M]: 0x80001228 (0x02B52633) mulhsu a2, a0, a1
x12 <- 0x00000001


mem[X,0x8000122C] -> 0xA223
mem[X,0x8000122E] -> 0x32C6
[1168] [M]: 0x8000122C (0x32C6A223) sw a2, 804(a3)
mem[0x8000557C] <- 0x00000001


mem[X,0x80001230] -> 0x3537
mem[X,0x80001232] -> 0x3333
[1169] [M]: 0x80001230 (0x33333537) lui a0, 209715
x10 <- 0x33333000


mem[X,0x80001234] -> 0x0513
mem[X,0x80001236] -> 0x3335
[1170] [M]: 0x80001234 (0x33350513) addi a0, a0, 819
x10 <- 0x33333333


mem[X,0x80001238] -> 0x35B7
mem[X,0x8000123A] -> 0x3333
[1171] [M]: 0x80001238 (0x333335B7) lui a1, 209715
x11 <- 0x33333000


mem[X,0x8000123C] -> 0x8593
mem[X,0x8000123E] -> 0x3345
[1172] [M]: 0x8000123C (0x33458593) addi a1, a1, 820
x11 <- 0x33333334


mem[X,0x80001240] -> 0x2633
mem[X,0x80001242] -> 0x02B5
[1173] [M]: 0x80001240 (0x02B52633) mulhsu a2, a0, a1
x12 <- 0x0A3D70A3


mem[X,0x80001244] -> 0xA423
mem[X,0x80001246] -> 0x32C6
[1174] [M]: 0x80001244 (0x32C6A423) sw a2, 808(a3)
mem[0x80005580] <- 0x0A3D70A3


mem[X,0x80001248] -> 0x3537
mem[X,0x8000124A] -> 0x3333
[1175] [M]: 0x80001248 (0x33333537) lui a0, 209715
x10 <- 0x33333000


mem[X,0x8000124C] -> 0x0513
mem[X,0x8000124E] -> 0x3335
[1176] [M]: 0x8000124C (0x33350513) addi a0, a0, 819
x10 <- 0x33333333


mem[X,0x80001250] -> 0x65B7
mem[X,0x80001252] -> 0x6666
[1177] [M]: 0x80001250 (0x666665B7) lui a1, 419430
x11 <- 0x66666000


mem[X,0x80001254] -> 0x8593
mem[X,0x80001256] -> 0x6675
[1178] [M]: 0x80001254 (0x66758593) addi a1, a1, 1639
x11 <- 0x66666667


mem[X,0x80001258] -> 0x2633
mem[X,0x8000125A] -> 0x02B5
[1179] [M]: 0x80001258 (0x02B52633) mulhsu a2, a0, a1
x12 <- 0x147AE147


mem[X,0x8000125C] -> 0xA623
mem[X,0x8000125E] -> 0x32C6
[1180] [M]: 0x8000125C (0x32C6A623) sw a2, 812(a3)
mem[0x80005584] <- 0x147AE147


mem[X,0x80001260] -> 0x3537
mem[X,0x80001262] -> 0x3333
[1181] [M]: 0x80001260 (0x33333537) lui a0, 209715
x10 <- 0x33333000


mem[X,0x80001264] -> 0x0513
mem[X,0x80001266] -> 0x3335
[1182] [M]: 0x80001264 (0x33350513) addi a0, a0, 819
x10 <- 0x33333333


mem[X,0x80001268] -> 0xB5B7
mem[X,0x8000126A] -> 0x0000
[1183] [M]: 0x80001268 (0x0000B5B7) lui a1, 11
x11 <- 0x0000B000


mem[X,0x8000126C] -> 0x8593
mem[X,0x8000126E] -> 0x5055
[1184] [M]: 0x8000126C (0x50558593) addi a1, a1, 1285
x11 <- 0x0000B505


mem[X,0x80001270] -> 0x2633
mem[X,0x80001272] -> 0x02B5
[1185] [M]: 0x80001270 (0x02B52633) mulhsu a2, a0, a1
x12 <- 0x00002434


mem[X,0x80001274] -> 0xA823
mem[X,0x80001276] -> 0x32C6
[1186] [M]: 0x80001274 (0x32C6A823) sw a2, 816(a3)
mem[0x80005588] <- 0x00002434


mem[X,0x80001278] -> 0x3537
mem[X,0x8000127A] -> 0x3333
[1187] [M]: 0x80001278 (0x33333537) lui a0, 209715
x10 <- 0x33333000


mem[X,0x8000127C] -> 0x0513
mem[X,0x8000127E] -> 0x3335
[1188] [M]: 0x8000127C (0x33350513) addi a0, a0, 819
x10 <- 0x33333333


mem[X,0x80001280] -> 0x0593
mem[X,0x80001282] -> 0x0010
[1189] [M]: 0x80001280 (0x00100593) addi a1, zero, 1
x11 <- 0x00000001


mem[X,0x80001284] -> 0x2633
mem[X,0x80001286] -> 0x02B5
[1190] [M]: 0x80001284 (0x02B52633) mulhsu a2, a0, a1
x12 <- 0x00000000


mem[X,0x80001288] -> 0xAA23
mem[X,0x8000128A] -> 0x32C6
[1191] [M]: 0x80001288 (0x32C6AA23) sw a2, 820(a3)
mem[0x8000558C] <- 0x00000000


mem[X,0x8000128C] -> 0x3537
mem[X,0x8000128E] -> 0x3333
[1192] [M]: 0x8000128C (0x33333537) lui a0, 209715
x10 <- 0x33333000


mem[X,0x80001290] -> 0x0513
mem[X,0x80001292] -> 0x3335
[1193] [M]: 0x80001290 (0x33350513) addi a0, a0, 819
x10 <- 0x33333333


mem[X,0x80001294] -> 0x05B7
mem[X,0x80001296] -> 0x0001
[1194] [M]: 0x80001294 (0x000105B7) lui a1, 16
x11 <- 0x00010000


mem[X,0x80001298] -> 0x2633
mem[X,0x8000129A] -> 0x02B5
[1195] [M]: 0x80001298 (0x02B52633) mulhsu a2, a0, a1
x12 <- 0x00003333


mem[X,0x8000129C] -> 0xAC23
mem[X,0x8000129E] -> 0x32C6
[1196] [M]: 0x8000129C (0x32C6AC23) sw a2, 824(a3)
mem[0x80005590] <- 0x00003333


mem[X,0x800012A0] -> 0x6537
mem[X,0x800012A2] -> 0x6666
[1197] [M]: 0x800012A0 (0x66666537) lui a0, 419430
x10 <- 0x66666000


mem[X,0x800012A4] -> 0x0513
mem[X,0x800012A6] -> 0x6665
[1198] [M]: 0x800012A4 (0x66650513) addi a0, a0, 1638
x10 <- 0x66666666


mem[X,0x800012A8] -> 0x0593
mem[X,0x800012AA] -> 0x0030
[1199] [M]: 0x800012A8 (0x00300593) addi a1, zero, 3
x11 <- 0x00000003


clint::tick mtime <- 0x000000000000000C
 clint timer pending at mtime 0x000000000000000C
htif::tick 0x0000000000000000
mem[X,0x800012AC] -> 0x2633
mem[X,0x800012AE] -> 0x02B5
[1200] [M]: 0x800012AC (0x02B52633) mulhsu a2, a0, a1
x12 <- 0x00000001


mem[X,0x800012B0] -> 0xAE23
mem[X,0x800012B2] -> 0x32C6
[1201] [M]: 0x800012B0 (0x32C6AE23) sw a2, 828(a3)
mem[0x80005594] <- 0x00000001


mem[X,0x800012B4] -> 0x6537
mem[X,0x800012B6] -> 0x6666
[1202] [M]: 0x800012B4 (0x66666537) lui a0, 419430
x10 <- 0x66666000


mem[X,0x800012B8] -> 0x0513
mem[X,0x800012BA] -> 0x6665
[1203] [M]: 0x800012B8 (0x66650513) addi a0, a0, 1638
x10 <- 0x66666666


mem[X,0x800012BC] -> 0x55B7
mem[X,0x800012BE] -> 0x5555
[1204] [M]: 0x800012BC (0x555555B7) lui a1, 349525
x11 <- 0x55555000


mem[X,0x800012C0] -> 0x8593
mem[X,0x800012C2] -> 0x5555
[1205] [M]: 0x800012C0 (0x55558593) addi a1, a1, 1365
x11 <- 0x55555555


mem[X,0x800012C4] -> 0x2633
mem[X,0x800012C6] -> 0x02B5
[1206] [M]: 0x800012C4 (0x02B52633) mulhsu a2, a0, a1
x12 <- 0x22222221


mem[X,0x800012C8] -> 0xA023
mem[X,0x800012CA] -> 0x34C6
[1207] [M]: 0x800012C8 (0x34C6A023) sw a2, 832(a3)
mem[0x80005598] <- 0x22222221


mem[X,0x800012CC] -> 0x6537
mem[X,0x800012CE] -> 0x6666
[1208] [M]: 0x800012CC (0x66666537) lui a0, 419430
x10 <- 0x66666000


mem[X,0x800012D0] -> 0x0513
mem[X,0x800012D2] -> 0x6665
[1209] [M]: 0x800012D0 (0x66650513) addi a0, a0, 1638
x10 <- 0x66666666


mem[X,0x800012D4] -> 0xB5B7
mem[X,0x800012D6] -> 0xAAAA
[1210] [M]: 0x800012D4 (0xAAAAB5B7) lui a1, 699051
x11 <- 0xAAAAB000


mem[X,0x800012D8] -> 0x8593
mem[X,0x800012DA] -> 0xAAA5
[1211] [M]: 0x800012D8 (0xAAA58593) addi a1, a1, 2730
x11 <- 0xAAAAAAAA


mem[X,0x800012DC] -> 0x2633
mem[X,0x800012DE] -> 0x02B5
[1212] [M]: 0x800012DC (0x02B52633) mulhsu a2, a0, a1
x12 <- 0x44444443


mem[X,0x800012E0] -> 0xA223
mem[X,0x800012E2] -> 0x34C6
[1213] [M]: 0x800012E0 (0x34C6A223) sw a2, 836(a3)
mem[0x8000559C] <- 0x44444443


mem[X,0x800012E4] -> 0x6537
mem[X,0x800012E6] -> 0x6666
[1214] [M]: 0x800012E4 (0x66666537) lui a0, 419430
x10 <- 0x66666000


mem[X,0x800012E8] -> 0x0513
mem[X,0x800012EA] -> 0x6665
[1215] [M]: 0x800012E8 (0x66650513) addi a0, a0, 1638
x10 <- 0x66666666


mem[X,0x800012EC] -> 0x0593
mem[X,0x800012EE] -> 0x0050
[1216] [M]: 0x800012EC (0x00500593) addi a1, zero, 5
x11 <- 0x00000005


mem[X,0x800012F0] -> 0x2633
mem[X,0x800012F2] -> 0x02B5
[1217] [M]: 0x800012F0 (0x02B52633) mulhsu a2, a0, a1
x12 <- 0x00000001


mem[X,0x800012F4] -> 0xA423
mem[X,0x800012F6] -> 0x34C6
[1218] [M]: 0x800012F4 (0x34C6A423) sw a2, 840(a3)
mem[0x800055A0] <- 0x00000001


mem[X,0x800012F8] -> 0x6537
mem[X,0x800012FA] -> 0x6666
[1219] [M]: 0x800012F8 (0x66666537) lui a0, 419430
x10 <- 0x66666000


mem[X,0x800012FC] -> 0x0513
mem[X,0x800012FE] -> 0x6665
[1220] [M]: 0x800012FC (0x66650513) addi a0, a0, 1638
x10 <- 0x66666666


mem[X,0x80001300] -> 0x35B7
mem[X,0x80001302] -> 0x3333
[1221] [M]: 0x80001300 (0x333335B7) lui a1, 209715
x11 <- 0x33333000


mem[X,0x80001304] -> 0x8593
mem[X,0x80001306] -> 0x3335
[1222] [M]: 0x80001304 (0x33358593) addi a1, a1, 819
x11 <- 0x33333333


mem[X,0x80001308] -> 0x2633
mem[X,0x8000130A] -> 0x02B5
[1223] [M]: 0x80001308 (0x02B52633) mulhsu a2, a0, a1
x12 <- 0x147AE147


mem[X,0x8000130C] -> 0xA623
mem[X,0x8000130E] -> 0x34C6
[1224] [M]: 0x8000130C (0x34C6A623) sw a2, 844(a3)
mem[0x800055A4] <- 0x147AE147


mem[X,0x80001310] -> 0x6537
mem[X,0x80001312] -> 0x6666
[1225] [M]: 0x80001310 (0x66666537) lui a0, 419430
x10 <- 0x66666000


mem[X,0x80001314] -> 0x0513
mem[X,0x80001316] -> 0x6665
[1226] [M]: 0x80001314 (0x66650513) addi a0, a0, 1638
x10 <- 0x66666666


mem[X,0x80001318] -> 0x65B7
mem[X,0x8000131A] -> 0x6666
[1227] [M]: 0x80001318 (0x666665B7) lui a1, 419430
x11 <- 0x66666000


mem[X,0x8000131C] -> 0x8593
mem[X,0x8000131E] -> 0x6665
[1228] [M]: 0x8000131C (0x66658593) addi a1, a1, 1638
x11 <- 0x66666666


mem[X,0x80001320] -> 0x2633
mem[X,0x80001322] -> 0x02B5
[1229] [M]: 0x80001320 (0x02B52633) mulhsu a2, a0, a1
x12 <- 0x28F5C28F


mem[X,0x80001324] -> 0xA823
mem[X,0x80001326] -> 0x34C6
[1230] [M]: 0x80001324 (0x34C6A823) sw a2, 848(a3)
mem[0x800055A8] <- 0x28F5C28F


mem[X,0x80001328] -> 0x6537
mem[X,0x8000132A] -> 0x6666
[1231] [M]: 0x80001328 (0x66666537) lui a0, 419430
x10 <- 0x66666000


mem[X,0x8000132C] -> 0x0513
mem[X,0x8000132E] -> 0x6665
[1232] [M]: 0x8000132C (0x66650513) addi a0, a0, 1638
x10 <- 0x66666666


mem[X,0x80001330] -> 0xB5B7
mem[X,0x80001332] -> 0x0000
[1233] [M]: 0x80001330 (0x0000B5B7) lui a1, 11
x11 <- 0x0000B000


mem[X,0x80001334] -> 0x8593
mem[X,0x80001336] -> 0x5045
[1234] [M]: 0x80001334 (0x50458593) addi a1, a1, 1284
x11 <- 0x0000B504


mem[X,0x80001338] -> 0x2633
mem[X,0x8000133A] -> 0x02B5
[1235] [M]: 0x80001338 (0x02B52633) mulhsu a2, a0, a1
x12 <- 0x00004867


mem[X,0x8000133C] -> 0xAA23
mem[X,0x8000133E] -> 0x34C6
[1236] [M]: 0x8000133C (0x34C6AA23) sw a2, 852(a3)
mem[0x800055AC] <- 0x00004867


mem[X,0x80001340] -> 0x6537
mem[X,0x80001342] -> 0x6666
[1237] [M]: 0x80001340 (0x66666537) lui a0, 419430
x10 <- 0x66666000


mem[X,0x80001344] -> 0x0513
mem[X,0x80001346] -> 0x6665
[1238] [M]: 0x80001344 (0x66650513) addi a0, a0, 1638
x10 <- 0x66666666


mem[X,0x80001348] -> 0x0593
mem[X,0x8000134A] -> 0x0000
[1239] [M]: 0x80001348 (0x00000593) addi a1, zero, 0
x11 <- 0x00000000


mem[X,0x8000134C] -> 0x2633
mem[X,0x8000134E] -> 0x02B5
[1240] [M]: 0x8000134C (0x02B52633) mulhsu a2, a0, a1
x12 <- 0x00000000


mem[X,0x80001350] -> 0xAC23
mem[X,0x80001352] -> 0x34C6
[1241] [M]: 0x80001350 (0x34C6AC23) sw a2, 856(a3)
mem[0x800055B0] <- 0x00000000


mem[X,0x80001354] -> 0x6537
mem[X,0x80001356] -> 0x6666
[1242] [M]: 0x80001354 (0x66666537) lui a0, 419430
x10 <- 0x66666000


mem[X,0x80001358] -> 0x0513
mem[X,0x8000135A] -> 0x6665
[1243] [M]: 0x80001358 (0x66650513) addi a0, a0, 1638
x10 <- 0x66666666


mem[X,0x8000135C] -> 0x05B7
mem[X,0x8000135E] -> 0x0001
[1244] [M]: 0x8000135C (0x000105B7) lui a1, 16
x11 <- 0x00010000


mem[X,0x80001360] -> 0x8593
mem[X,0x80001362] -> 0xFFF5
[1245] [M]: 0x80001360 (0xFFF58593) addi a1, a1, 4095
x11 <- 0x0000FFFF


mem[X,0x80001364] -> 0x2633
mem[X,0x80001366] -> 0x02B5
[1246] [M]: 0x80001364 (0x02B52633) mulhsu a2, a0, a1
x12 <- 0x00006665


mem[X,0x80001368] -> 0xAE23
mem[X,0x8000136A] -> 0x34C6
[1247] [M]: 0x80001368 (0x34C6AE23) sw a2, 860(a3)
mem[0x800055B4] <- 0x00006665


mem[X,0x8000136C] -> 0x6537
mem[X,0x8000136E] -> 0x6666
[1248] [M]: 0x8000136C (0x66666537) lui a0, 419430
x10 <- 0x66666000


mem[X,0x80001370] -> 0x0513
mem[X,0x80001372] -> 0x6665
[1249] [M]: 0x80001370 (0x66650513) addi a0, a0, 1638
x10 <- 0x66666666


mem[X,0x80001374] -> 0x0593
mem[X,0x80001376] -> 0x0020
[1250] [M]: 0x80001374 (0x00200593) addi a1, zero, 2
x11 <- 0x00000002


mem[X,0x80001378] -> 0x2633
mem[X,0x8000137A] -> 0x02B5
[1251] [M]: 0x80001378 (0x02B52633) mulhsu a2, a0, a1
x12 <- 0x00000000


mem[X,0x8000137C] -> 0xA023
mem[X,0x8000137E] -> 0x36C6
[1252] [M]: 0x8000137C (0x36C6A023) sw a2, 864(a3)
mem[0x800055B8] <- 0x00000000


mem[X,0x80001380] -> 0x6537
mem[X,0x80001382] -> 0x6666
[1253] [M]: 0x80001380 (0x66666537) lui a0, 419430
x10 <- 0x66666000


mem[X,0x80001384] -> 0x0513
mem[X,0x80001386] -> 0x6665
[1254] [M]: 0x80001384 (0x66650513) addi a0, a0, 1638
x10 <- 0x66666666


mem[X,0x80001388] -> 0x55B7
mem[X,0x8000138A] -> 0x5555
[1255] [M]: 0x80001388 (0x555555B7) lui a1, 349525
x11 <- 0x55555000


mem[X,0x8000138C] -> 0x8593
mem[X,0x8000138E] -> 0x5545
[1256] [M]: 0x8000138C (0x55458593) addi a1, a1, 1364
x11 <- 0x55555554


mem[X,0x80001390] -> 0x2633
mem[X,0x80001392] -> 0x02B5
[1257] [M]: 0x80001390 (0x02B52633) mulhsu a2, a0, a1
x12 <- 0x22222221


mem[X,0x80001394] -> 0xA223
mem[X,0x80001396] -> 0x36C6
[1258] [M]: 0x80001394 (0x36C6A223) sw a2, 868(a3)
mem[0x800055BC] <- 0x22222221


mem[X,0x80001398] -> 0x6537
mem[X,0x8000139A] -> 0x6666
[1259] [M]: 0x80001398 (0x66666537) lui a0, 419430
x10 <- 0x66666000


mem[X,0x8000139C] -> 0x0513
mem[X,0x8000139E] -> 0x6665
[1260] [M]: 0x8000139C (0x66650513) addi a0, a0, 1638
x10 <- 0x66666666


mem[X,0x800013A0] -> 0xB5B7
mem[X,0x800013A2] -> 0xAAAA
[1261] [M]: 0x800013A0 (0xAAAAB5B7) lui a1, 699051
x11 <- 0xAAAAB000


mem[X,0x800013A4] -> 0x8593
mem[X,0x800013A6] -> 0xAA95
[1262] [M]: 0x800013A4 (0xAA958593) addi a1, a1, 2729
x11 <- 0xAAAAAAA9


mem[X,0x800013A8] -> 0x2633
mem[X,0x800013AA] -> 0x02B5
[1263] [M]: 0x800013A8 (0x02B52633) mulhsu a2, a0, a1
x12 <- 0x44444443


mem[X,0x800013AC] -> 0xA423
mem[X,0x800013AE] -> 0x36C6
[1264] [M]: 0x800013AC (0x36C6A423) sw a2, 872(a3)
mem[0x800055C0] <- 0x44444443


mem[X,0x800013B0] -> 0x6537
mem[X,0x800013B2] -> 0x6666
[1265] [M]: 0x800013B0 (0x66666537) lui a0, 419430
x10 <- 0x66666000


mem[X,0x800013B4] -> 0x0513
mem[X,0x800013B6] -> 0x6665
[1266] [M]: 0x800013B4 (0x66650513) addi a0, a0, 1638
x10 <- 0x66666666


mem[X,0x800013B8] -> 0x0593
mem[X,0x800013BA] -> 0x0040
[1267] [M]: 0x800013B8 (0x00400593) addi a1, zero, 4
x11 <- 0x00000004


mem[X,0x800013BC] -> 0x2633
mem[X,0x800013BE] -> 0x02B5
[1268] [M]: 0x800013BC (0x02B52633) mulhsu a2, a0, a1
x12 <- 0x00000001


mem[X,0x800013C0] -> 0xA623
mem[X,0x800013C2] -> 0x36C6
[1269] [M]: 0x800013C0 (0x36C6A623) sw a2, 876(a3)
mem[0x800055C4] <- 0x00000001


mem[X,0x800013C4] -> 0x6537
mem[X,0x800013C6] -> 0x6666
[1270] [M]: 0x800013C4 (0x66666537) lui a0, 419430
x10 <- 0x66666000


mem[X,0x800013C8] -> 0x0513
mem[X,0x800013CA] -> 0x6665
[1271] [M]: 0x800013C8 (0x66650513) addi a0, a0, 1638
x10 <- 0x66666666


mem[X,0x800013CC] -> 0x35B7
mem[X,0x800013CE] -> 0x3333
[1272] [M]: 0x800013CC (0x333335B7) lui a1, 209715
x11 <- 0x33333000


mem[X,0x800013D0] -> 0x8593
mem[X,0x800013D2] -> 0x3325
[1273] [M]: 0x800013D0 (0x33258593) addi a1, a1, 818
x11 <- 0x33333332


mem[X,0x800013D4] -> 0x2633
mem[X,0x800013D6] -> 0x02B5
[1274] [M]: 0x800013D4 (0x02B52633) mulhsu a2, a0, a1
x12 <- 0x147AE147


mem[X,0x800013D8] -> 0xA823
mem[X,0x800013DA] -> 0x36C6
[1275] [M]: 0x800013D8 (0x36C6A823) sw a2, 880(a3)
mem[0x800055C8] <- 0x147AE147


mem[X,0x800013DC] -> 0x6537
mem[X,0x800013DE] -> 0x6666
[1276] [M]: 0x800013DC (0x66666537) lui a0, 419430
x10 <- 0x66666000


mem[X,0x800013E0] -> 0x0513
mem[X,0x800013E2] -> 0x6665
[1277] [M]: 0x800013E0 (0x66650513) addi a0, a0, 1638
x10 <- 0x66666666


mem[X,0x800013E4] -> 0x65B7
mem[X,0x800013E6] -> 0x6666
[1278] [M]: 0x800013E4 (0x666665B7) lui a1, 419430
x11 <- 0x66666000


mem[X,0x800013E8] -> 0x8593
mem[X,0x800013EA] -> 0x6655
[1279] [M]: 0x800013E8 (0x66558593) addi a1, a1, 1637
x11 <- 0x66666665


mem[X,0x800013EC] -> 0x2633
mem[X,0x800013EE] -> 0x02B5
[1280] [M]: 0x800013EC (0x02B52633) mulhsu a2, a0, a1
x12 <- 0x28F5C28E


mem[X,0x800013F0] -> 0xAA23
mem[X,0x800013F2] -> 0x36C6
[1281] [M]: 0x800013F0 (0x36C6AA23) sw a2, 884(a3)
mem[0x800055CC] <- 0x28F5C28E


mem[X,0x800013F4] -> 0x6537
mem[X,0x800013F6] -> 0x6666
[1282] [M]: 0x800013F4 (0x66666537) lui a0, 419430
x10 <- 0x66666000


mem[X,0x800013F8] -> 0x0513
mem[X,0x800013FA] -> 0x6665
[1283] [M]: 0x800013F8 (0x66650513) addi a0, a0, 1638
x10 <- 0x66666666


mem[X,0x800013FC] -> 0xB5B7
mem[X,0x800013FE] -> 0x0000
[1284] [M]: 0x800013FC (0x0000B5B7) lui a1, 11
x11 <- 0x0000B000


mem[X,0x80001400] -> 0x8593
mem[X,0x80001402] -> 0x5035
[1285] [M]: 0x80001400 (0x50358593) addi a1, a1, 1283
x11 <- 0x0000B503


mem[X,0x80001404] -> 0x2633
mem[X,0x80001406] -> 0x02B5
[1286] [M]: 0x80001404 (0x02B52633) mulhsu a2, a0, a1
x12 <- 0x00004867


mem[X,0x80001408] -> 0xAC23
mem[X,0x8000140A] -> 0x36C6
[1287] [M]: 0x80001408 (0x36C6AC23) sw a2, 888(a3)
mem[0x800055D0] <- 0x00004867


mem[X,0x8000140C] -> 0x6537
mem[X,0x8000140E] -> 0x6666
[1288] [M]: 0x8000140C (0x66666537) lui a0, 419430
x10 <- 0x66666000


mem[X,0x80001410] -> 0x0513
mem[X,0x80001412] -> 0x6665
[1289] [M]: 0x80001410 (0x66650513) addi a0, a0, 1638
x10 <- 0x66666666


mem[X,0x80001414] -> 0x05B7
mem[X,0x80001416] -> 0x0001
[1290] [M]: 0x80001414 (0x000105B7) lui a1, 16
x11 <- 0x00010000


mem[X,0x80001418] -> 0x8593
mem[X,0x8000141A] -> 0xFFE5
[1291] [M]: 0x80001418 (0xFFE58593) addi a1, a1, 4094
x11 <- 0x0000FFFE


mem[X,0x8000141C] -> 0x2633
mem[X,0x8000141E] -> 0x02B5
[1292] [M]: 0x8000141C (0x02B52633) mulhsu a2, a0, a1
x12 <- 0x00006665


mem[X,0x80001420] -> 0xAE23
mem[X,0x80001422] -> 0x36C6
[1293] [M]: 0x80001420 (0x36C6AE23) sw a2, 892(a3)
mem[0x800055D4] <- 0x00006665


mem[X,0x80001424] -> 0x6537
mem[X,0x80001426] -> 0x6666
[1294] [M]: 0x80001424 (0x66666537) lui a0, 419430
x10 <- 0x66666000


mem[X,0x80001428] -> 0x0513
mem[X,0x8000142A] -> 0x6665
[1295] [M]: 0x80001428 (0x66650513) addi a0, a0, 1638
x10 <- 0x66666666


mem[X,0x8000142C] -> 0x55B7
mem[X,0x8000142E] -> 0x5555
[1296] [M]: 0x8000142C (0x555555B7) lui a1, 349525
x11 <- 0x55555000


mem[X,0x80001430] -> 0x8593
mem[X,0x80001432] -> 0x5565
[1297] [M]: 0x80001430 (0x55658593) addi a1, a1, 1366
x11 <- 0x55555556


mem[X,0x80001434] -> 0x2633
mem[X,0x80001436] -> 0x02B5
[1298] [M]: 0x80001434 (0x02B52633) mulhsu a2, a0, a1
x12 <- 0x22222222


mem[X,0x80001438] -> 0xA023
mem[X,0x8000143A] -> 0x38C6
[1299] [M]: 0x80001438 (0x38C6A023) sw a2, 896(a3)
mem[0x800055D8] <- 0x22222222


clint::tick mtime <- 0x000000000000000D
 clint timer pending at mtime 0x000000000000000D
htif::tick 0x0000000000000000
mem[X,0x8000143C] -> 0x6537
mem[X,0x8000143E] -> 0x6666
[1300] [M]: 0x8000143C (0x66666537) lui a0, 419430
x10 <- 0x66666000


mem[X,0x80001440] -> 0x0513
mem[X,0x80001442] -> 0x6665
[1301] [M]: 0x80001440 (0x66650513) addi a0, a0, 1638
x10 <- 0x66666666


mem[X,0x80001444] -> 0xB5B7
mem[X,0x80001446] -> 0xAAAA
[1302] [M]: 0x80001444 (0xAAAAB5B7) lui a1, 699051
x11 <- 0xAAAAB000


mem[X,0x80001448] -> 0x8593
mem[X,0x8000144A] -> 0xAAB5
[1303] [M]: 0x80001448 (0xAAB58593) addi a1, a1, 2731
x11 <- 0xAAAAAAAB


mem[X,0x8000144C] -> 0x2633
mem[X,0x8000144E] -> 0x02B5
[1304] [M]: 0x8000144C (0x02B52633) mulhsu a2, a0, a1
x12 <- 0x44444444


mem[X,0x80001450] -> 0xA223
mem[X,0x80001452] -> 0x38C6
[1305] [M]: 0x80001450 (0x38C6A223) sw a2, 900(a3)
mem[0x800055DC] <- 0x44444444


mem[X,0x80001454] -> 0x6537
mem[X,0x80001456] -> 0x6666
[1306] [M]: 0x80001454 (0x66666537) lui a0, 419430
x10 <- 0x66666000


mem[X,0x80001458] -> 0x0513
mem[X,0x8000145A] -> 0x6665
[1307] [M]: 0x80001458 (0x66650513) addi a0, a0, 1638
x10 <- 0x66666666


mem[X,0x8000145C] -> 0x0593
mem[X,0x8000145E] -> 0x0060
[1308] [M]: 0x8000145C (0x00600593) addi a1, zero, 6
x11 <- 0x00000006


mem[X,0x80001460] -> 0x2633
mem[X,0x80001462] -> 0x02B5
[1309] [M]: 0x80001460 (0x02B52633) mulhsu a2, a0, a1
x12 <- 0x00000002


mem[X,0x80001464] -> 0xA423
mem[X,0x80001466] -> 0x38C6
[1310] [M]: 0x80001464 (0x38C6A423) sw a2, 904(a3)
mem[0x800055E0] <- 0x00000002


mem[X,0x80001468] -> 0x6537
mem[X,0x8000146A] -> 0x6666
[1311] [M]: 0x80001468 (0x66666537) lui a0, 419430
x10 <- 0x66666000


mem[X,0x8000146C] -> 0x0513
mem[X,0x8000146E] -> 0x6665
[1312] [M]: 0x8000146C (0x66650513) addi a0, a0, 1638
x10 <- 0x66666666


mem[X,0x80001470] -> 0x35B7
mem[X,0x80001472] -> 0x3333
[1313] [M]: 0x80001470 (0x333335B7) lui a1, 209715
x11 <- 0x33333000


mem[X,0x80001474] -> 0x8593
mem[X,0x80001476] -> 0x3345
[1314] [M]: 0x80001474 (0x33458593) addi a1, a1, 820
x11 <- 0x33333334


mem[X,0x80001478] -> 0x2633
mem[X,0x8000147A] -> 0x02B5
[1315] [M]: 0x80001478 (0x02B52633) mulhsu a2, a0, a1
x12 <- 0x147AE147


mem[X,0x8000147C] -> 0xA623
mem[X,0x8000147E] -> 0x38C6
[1316] [M]: 0x8000147C (0x38C6A623) sw a2, 908(a3)
mem[0x800055E4] <- 0x147AE147


mem[X,0x80001480] -> 0x6537
mem[X,0x80001482] -> 0x6666
[1317] [M]: 0x80001480 (0x66666537) lui a0, 419430
x10 <- 0x66666000


mem[X,0x80001484] -> 0x0513
mem[X,0x80001486] -> 0x6665
[1318] [M]: 0x80001484 (0x66650513) addi a0, a0, 1638
x10 <- 0x66666666


mem[X,0x80001488] -> 0x65B7
mem[X,0x8000148A] -> 0x6666
[1319] [M]: 0x80001488 (0x666665B7) lui a1, 419430
x11 <- 0x66666000


mem[X,0x8000148C] -> 0x8593
mem[X,0x8000148E] -> 0x6675
[1320] [M]: 0x8000148C (0x66758593) addi a1, a1, 1639
x11 <- 0x66666667


mem[X,0x80001490] -> 0x2633
mem[X,0x80001492] -> 0x02B5
[1321] [M]: 0x80001490 (0x02B52633) mulhsu a2, a0, a1
x12 <- 0x28F5C28F


mem[X,0x80001494] -> 0xA823
mem[X,0x80001496] -> 0x38C6
[1322] [M]: 0x80001494 (0x38C6A823) sw a2, 912(a3)
mem[0x800055E8] <- 0x28F5C28F


mem[X,0x80001498] -> 0x6537
mem[X,0x8000149A] -> 0x6666
[1323] [M]: 0x80001498 (0x66666537) lui a0, 419430
x10 <- 0x66666000


mem[X,0x8000149C] -> 0x0513
mem[X,0x8000149E] -> 0x6665
[1324] [M]: 0x8000149C (0x66650513) addi a0, a0, 1638
x10 <- 0x66666666


mem[X,0x800014A0] -> 0xB5B7
mem[X,0x800014A2] -> 0x0000
[1325] [M]: 0x800014A0 (0x0000B5B7) lui a1, 11
x11 <- 0x0000B000


mem[X,0x800014A4] -> 0x8593
mem[X,0x800014A6] -> 0x5055
[1326] [M]: 0x800014A4 (0x50558593) addi a1, a1, 1285
x11 <- 0x0000B505


mem[X,0x800014A8] -> 0x2633
mem[X,0x800014AA] -> 0x02B5
[1327] [M]: 0x800014A8 (0x02B52633) mulhsu a2, a0, a1
x12 <- 0x00004868


mem[X,0x800014AC] -> 0xAA23
mem[X,0x800014AE] -> 0x38C6
[1328] [M]: 0x800014AC (0x38C6AA23) sw a2, 916(a3)
mem[0x800055EC] <- 0x00004868


mem[X,0x800014B0] -> 0x6537
mem[X,0x800014B2] -> 0x6666
[1329] [M]: 0x800014B0 (0x66666537) lui a0, 419430
x10 <- 0x66666000


mem[X,0x800014B4] -> 0x0513
mem[X,0x800014B6] -> 0x6665
[1330] [M]: 0x800014B4 (0x66650513) addi a0, a0, 1638
x10 <- 0x66666666


mem[X,0x800014B8] -> 0x0593
mem[X,0x800014BA] -> 0x0010
[1331] [M]: 0x800014B8 (0x00100593) addi a1, zero, 1
x11 <- 0x00000001


mem[X,0x800014BC] -> 0x2633
mem[X,0x800014BE] -> 0x02B5
[1332] [M]: 0x800014BC (0x02B52633) mulhsu a2, a0, a1
x12 <- 0x00000000


mem[X,0x800014C0] -> 0xAC23
mem[X,0x800014C2] -> 0x38C6
[1333] [M]: 0x800014C0 (0x38C6AC23) sw a2, 920(a3)
mem[0x800055F0] <- 0x00000000


mem[X,0x800014C4] -> 0x6537
mem[X,0x800014C6] -> 0x6666
[1334] [M]: 0x800014C4 (0x66666537) lui a0, 419430
x10 <- 0x66666000


mem[X,0x800014C8] -> 0x0513
mem[X,0x800014CA] -> 0x6665
[1335] [M]: 0x800014C8 (0x66650513) addi a0, a0, 1638
x10 <- 0x66666666


mem[X,0x800014CC] -> 0x05B7
mem[X,0x800014CE] -> 0x0001
[1336] [M]: 0x800014CC (0x000105B7) lui a1, 16
x11 <- 0x00010000


mem[X,0x800014D0] -> 0x2633
mem[X,0x800014D2] -> 0x02B5
[1337] [M]: 0x800014D0 (0x02B52633) mulhsu a2, a0, a1
x12 <- 0x00006666


mem[X,0x800014D4] -> 0xAE23
mem[X,0x800014D6] -> 0x38C6
[1338] [M]: 0x800014D4 (0x38C6AE23) sw a2, 924(a3)
mem[0x800055F4] <- 0x00006666


mem[X,0x800014D8] -> 0x5537
mem[X,0x800014DA] -> 0xFFFF
[1339] [M]: 0x800014D8 (0xFFFF5537) lui a0, 1048565
x10 <- 0xFFFF5000


mem[X,0x800014DC] -> 0x0513
mem[X,0x800014DE] -> 0xAFC5
[1340] [M]: 0x800014DC (0xAFC50513) addi a0, a0, 2812
x10 <- 0xFFFF4AFC


mem[X,0x800014E0] -> 0x0593
mem[X,0x800014E2] -> 0x0030
[1341] [M]: 0x800014E0 (0x00300593) addi a1, zero, 3
x11 <- 0x00000003


mem[X,0x800014E4] -> 0x2633
mem[X,0x800014E6] -> 0x02B5
[1342] [M]: 0x800014E4 (0x02B52633) mulhsu a2, a0, a1
x12 <- 0xFFFFFFFF


mem[X,0x800014E8] -> 0xA023
mem[X,0x800014EA] -> 0x3AC6
[1343] [M]: 0x800014E8 (0x3AC6A023) sw a2, 928(a3)
mem[0x800055F8] <- 0xFFFFFFFF


mem[X,0x800014EC] -> 0x5537
mem[X,0x800014EE] -> 0xFFFF
[1344] [M]: 0x800014EC (0xFFFF5537) lui a0, 1048565
x10 <- 0xFFFF5000


mem[X,0x800014F0] -> 0x0513
mem[X,0x800014F2] -> 0xAFC5
[1345] [M]: 0x800014F0 (0xAFC50513) addi a0, a0, 2812
x10 <- 0xFFFF4AFC


mem[X,0x800014F4] -> 0x55B7
mem[X,0x800014F6] -> 0x5555
[1346] [M]: 0x800014F4 (0x555555B7) lui a1, 349525
x11 <- 0x55555000


mem[X,0x800014F8] -> 0x8593
mem[X,0x800014FA] -> 0x5555
[1347] [M]: 0x800014F8 (0x55558593) addi a1, a1, 1365
x11 <- 0x55555555


mem[X,0x800014FC] -> 0x2633
mem[X,0x800014FE] -> 0x02B5
[1348] [M]: 0x800014FC (0x02B52633) mulhsu a2, a0, a1
x12 <- 0xFFFFC3A9


mem[X,0x80001500] -> 0xA223
mem[X,0x80001502] -> 0x3AC6
[1349] [M]: 0x80001500 (0x3AC6A223) sw a2, 932(a3)
mem[0x800055FC] <- 0xFFFFC3A9


mem[X,0x80001504] -> 0x5537
mem[X,0x80001506] -> 0xFFFF
[1350] [M]: 0x80001504 (0xFFFF5537) lui a0, 1048565
x10 <- 0xFFFF5000


mem[X,0x80001508] -> 0x0513
mem[X,0x8000150A] -> 0xAFC5
[1351] [M]: 0x80001508 (0xAFC50513) addi a0, a0, 2812
x10 <- 0xFFFF4AFC


mem[X,0x8000150C] -> 0xB5B7
mem[X,0x8000150E] -> 0xAAAA
[1352] [M]: 0x8000150C (0xAAAAB5B7) lui a1, 699051
x11 <- 0xAAAAB000


mem[X,0x80001510] -> 0x8593
mem[X,0x80001512] -> 0xAAA5
[1353] [M]: 0x80001510 (0xAAA58593) addi a1, a1, 2730
x11 <- 0xAAAAAAAA


mem[X,0x80001514] -> 0x2633
mem[X,0x80001516] -> 0x02B5
[1354] [M]: 0x80001514 (0x02B52633) mulhsu a2, a0, a1
x12 <- 0xFFFF8752


mem[X,0x80001518] -> 0xA423
mem[X,0x8000151A] -> 0x3AC6
[1355] [M]: 0x80001518 (0x3AC6A423) sw a2, 936(a3)
mem[0x80005600] <- 0xFFFF8752


mem[X,0x8000151C] -> 0x5537
mem[X,0x8000151E] -> 0xFFFF
[1356] [M]: 0x8000151C (0xFFFF5537) lui a0, 1048565
x10 <- 0xFFFF5000


mem[X,0x80001520] -> 0x0513
mem[X,0x80001522] -> 0xAFC5
[1357] [M]: 0x80001520 (0xAFC50513) addi a0, a0, 2812
x10 <- 0xFFFF4AFC


mem[X,0x80001524] -> 0x0593
mem[X,0x80001526] -> 0x0050
[1358] [M]: 0x80001524 (0x00500593) addi a1, zero, 5
x11 <- 0x00000005


mem[X,0x80001528] -> 0x2633
mem[X,0x8000152A] -> 0x02B5
[1359] [M]: 0x80001528 (0x02B52633) mulhsu a2, a0, a1
x12 <- 0xFFFFFFFF


mem[X,0x8000152C] -> 0xA623
mem[X,0x8000152E] -> 0x3AC6
[1360] [M]: 0x8000152C (0x3AC6A623) sw a2, 940(a3)
mem[0x80005604] <- 0xFFFFFFFF


mem[X,0x80001530] -> 0x5537
mem[X,0x80001532] -> 0xFFFF
[1361] [M]: 0x80001530 (0xFFFF5537) lui a0, 1048565
x10 <- 0xFFFF5000


mem[X,0x80001534] -> 0x0513
mem[X,0x80001536] -> 0xAFC5
[1362] [M]: 0x80001534 (0xAFC50513) addi a0, a0, 2812
x10 <- 0xFFFF4AFC


mem[X,0x80001538] -> 0x35B7
mem[X,0x8000153A] -> 0x3333
[1363] [M]: 0x80001538 (0x333335B7) lui a1, 209715
x11 <- 0x33333000


mem[X,0x8000153C] -> 0x8593
mem[X,0x8000153E] -> 0x3335
[1364] [M]: 0x8000153C (0x33358593) addi a1, a1, 819
x11 <- 0x33333333


mem[X,0x80001540] -> 0x2633
mem[X,0x80001542] -> 0x02B5
[1365] [M]: 0x80001540 (0x02B52633) mulhsu a2, a0, a1
x12 <- 0xFFFFDBCC


mem[X,0x80001544] -> 0xA823
mem[X,0x80001546] -> 0x3AC6
[1366] [M]: 0x80001544 (0x3AC6A823) sw a2, 944(a3)
mem[0x80005608] <- 0xFFFFDBCC


mem[X,0x80001548] -> 0x5537
mem[X,0x8000154A] -> 0xFFFF
[1367] [M]: 0x80001548 (0xFFFF5537) lui a0, 1048565
x10 <- 0xFFFF5000


mem[X,0x8000154C] -> 0x0513
mem[X,0x8000154E] -> 0xAFC5
[1368] [M]: 0x8000154C (0xAFC50513) addi a0, a0, 2812
x10 <- 0xFFFF4AFC


mem[X,0x80001550] -> 0x65B7
mem[X,0x80001552] -> 0x6666
[1369] [M]: 0x80001550 (0x666665B7) lui a1, 419430
x11 <- 0x66666000


mem[X,0x80001554] -> 0x8593
mem[X,0x80001556] -> 0x6665
[1370] [M]: 0x80001554 (0x66658593) addi a1, a1, 1638
x11 <- 0x66666666


mem[X,0x80001558] -> 0x2633
mem[X,0x8000155A] -> 0x02B5
[1371] [M]: 0x80001558 (0x02B52633) mulhsu a2, a0, a1
x12 <- 0xFFFFB798


mem[X,0x8000155C] -> 0xAA23
mem[X,0x8000155E] -> 0x3AC6
[1372] [M]: 0x8000155C (0x3AC6AA23) sw a2, 948(a3)
mem[0x8000560C] <- 0xFFFFB798


mem[X,0x80001560] -> 0x5537
mem[X,0x80001562] -> 0xFFFF
[1373] [M]: 0x80001560 (0xFFFF5537) lui a0, 1048565
x10 <- 0xFFFF5000


mem[X,0x80001564] -> 0x0513
mem[X,0x80001566] -> 0xAFC5
[1374] [M]: 0x80001564 (0xAFC50513) addi a0, a0, 2812
x10 <- 0xFFFF4AFC


mem[X,0x80001568] -> 0xB5B7
mem[X,0x8000156A] -> 0x0000
[1375] [M]: 0x80001568 (0x0000B5B7) lui a1, 11
x11 <- 0x0000B000


mem[X,0x8000156C] -> 0x8593
mem[X,0x8000156E] -> 0x5045
[1376] [M]: 0x8000156C (0x50458593) addi a1, a1, 1284
x11 <- 0x0000B504


mem[X,0x80001570] -> 0x2633
mem[X,0x80001572] -> 0x02B5
[1377] [M]: 0x80001570 (0x02B52633) mulhsu a2, a0, a1
x12 <- 0xFFFFFFFF


mem[X,0x80001574] -> 0xAC23
mem[X,0x80001576] -> 0x3AC6
[1378] [M]: 0x80001574 (0x3AC6AC23) sw a2, 952(a3)
mem[0x80005610] <- 0xFFFFFFFF


mem[X,0x80001578] -> 0x5537
mem[X,0x8000157A] -> 0xFFFF
[1379] [M]: 0x80001578 (0xFFFF5537) lui a0, 1048565
x10 <- 0xFFFF5000


mem[X,0x8000157C] -> 0x0513
mem[X,0x8000157E] -> 0xAFC5
[1380] [M]: 0x8000157C (0xAFC50513) addi a0, a0, 2812
x10 <- 0xFFFF4AFC


mem[X,0x80001580] -> 0x0593
mem[X,0x80001582] -> 0x0000
[1381] [M]: 0x80001580 (0x00000593) addi a1, zero, 0
x11 <- 0x00000000


mem[X,0x80001584] -> 0x2633
mem[X,0x80001586] -> 0x02B5
[1382] [M]: 0x80001584 (0x02B52633) mulhsu a2, a0, a1
x12 <- 0x00000000


mem[X,0x80001588] -> 0xAE23
mem[X,0x8000158A] -> 0x3AC6
[1383] [M]: 0x80001588 (0x3AC6AE23) sw a2, 956(a3)
mem[0x80005614] <- 0x00000000


mem[X,0x8000158C] -> 0x5537
mem[X,0x8000158E] -> 0xFFFF
[1384] [M]: 0x8000158C (0xFFFF5537) lui a0, 1048565
x10 <- 0xFFFF5000


mem[X,0x80001590] -> 0x0513
mem[X,0x80001592] -> 0xAFC5
[1385] [M]: 0x80001590 (0xAFC50513) addi a0, a0, 2812
x10 <- 0xFFFF4AFC


mem[X,0x80001594] -> 0x05B7
mem[X,0x80001596] -> 0x0001
[1386] [M]: 0x80001594 (0x000105B7) lui a1, 16
x11 <- 0x00010000


mem[X,0x80001598] -> 0x8593
mem[X,0x8000159A] -> 0xFFF5
[1387] [M]: 0x80001598 (0xFFF58593) addi a1, a1, 4095
x11 <- 0x0000FFFF


mem[X,0x8000159C] -> 0x2633
mem[X,0x8000159E] -> 0x02B5
[1388] [M]: 0x8000159C (0x02B52633) mulhsu a2, a0, a1
x12 <- 0xFFFFFFFF


mem[X,0x800015A0] -> 0xA023
mem[X,0x800015A2] -> 0x3CC6
[1389] [M]: 0x800015A0 (0x3CC6A023) sw a2, 960(a3)
mem[0x80005618] <- 0xFFFFFFFF


mem[X,0x800015A4] -> 0x5537
mem[X,0x800015A6] -> 0xFFFF
[1390] [M]: 0x800015A4 (0xFFFF5537) lui a0, 1048565
x10 <- 0xFFFF5000


mem[X,0x800015A8] -> 0x0513
mem[X,0x800015AA] -> 0xAFC5
[1391] [M]: 0x800015A8 (0xAFC50513) addi a0, a0, 2812
x10 <- 0xFFFF4AFC


mem[X,0x800015AC] -> 0x0593
mem[X,0x800015AE] -> 0x0020
[1392] [M]: 0x800015AC (0x00200593) addi a1, zero, 2
x11 <- 0x00000002


mem[X,0x800015B0] -> 0x2633
mem[X,0x800015B2] -> 0x02B5
[1393] [M]: 0x800015B0 (0x02B52633) mulhsu a2, a0, a1
x12 <- 0xFFFFFFFF


mem[X,0x800015B4] -> 0xA223
mem[X,0x800015B6] -> 0x3CC6
[1394] [M]: 0x800015B4 (0x3CC6A223) sw a2, 964(a3)
mem[0x8000561C] <- 0xFFFFFFFF


mem[X,0x800015B8] -> 0x5537
mem[X,0x800015BA] -> 0xFFFF
[1395] [M]: 0x800015B8 (0xFFFF5537) lui a0, 1048565
x10 <- 0xFFFF5000


mem[X,0x800015BC] -> 0x0513
mem[X,0x800015BE] -> 0xAFC5
[1396] [M]: 0x800015BC (0xAFC50513) addi a0, a0, 2812
x10 <- 0xFFFF4AFC


mem[X,0x800015C0] -> 0x55B7
mem[X,0x800015C2] -> 0x5555
[1397] [M]: 0x800015C0 (0x555555B7) lui a1, 349525
x11 <- 0x55555000


mem[X,0x800015C4] -> 0x8593
mem[X,0x800015C6] -> 0x5545
[1398] [M]: 0x800015C4 (0x55458593) addi a1, a1, 1364
x11 <- 0x55555554


mem[X,0x800015C8] -> 0x2633
mem[X,0x800015CA] -> 0x02B5
[1399] [M]: 0x800015C8 (0x02B52633) mulhsu a2, a0, a1
x12 <- 0xFFFFC3A9


clint::tick mtime <- 0x000000000000000E
 clint timer pending at mtime 0x000000000000000E
htif::tick 0x0000000000000000
mem[X,0x800015CC] -> 0xA423
mem[X,0x800015CE] -> 0x3CC6
[1400] [M]: 0x800015CC (0x3CC6A423) sw a2, 968(a3)
mem[0x80005620] <- 0xFFFFC3A9


mem[X,0x800015D0] -> 0x5537
mem[X,0x800015D2] -> 0xFFFF
[1401] [M]: 0x800015D0 (0xFFFF5537) lui a0, 1048565
x10 <- 0xFFFF5000


mem[X,0x800015D4] -> 0x0513
mem[X,0x800015D6] -> 0xAFC5
[1402] [M]: 0x800015D4 (0xAFC50513) addi a0, a0, 2812
x10 <- 0xFFFF4AFC


mem[X,0x800015D8] -> 0xB5B7
mem[X,0x800015DA] -> 0xAAAA
[1403] [M]: 0x800015D8 (0xAAAAB5B7) lui a1, 699051
x11 <- 0xAAAAB000


mem[X,0x800015DC] -> 0x8593
mem[X,0x800015DE] -> 0xAA95
[1404] [M]: 0x800015DC (0xAA958593) addi a1, a1, 2729
x11 <- 0xAAAAAAA9


mem[X,0x800015E0] -> 0x2633
mem[X,0x800015E2] -> 0x02B5
[1405] [M]: 0x800015E0 (0x02B52633) mulhsu a2, a0, a1
x12 <- 0xFFFF8752


mem[X,0x800015E4] -> 0xA623
mem[X,0x800015E6] -> 0x3CC6
[1406] [M]: 0x800015E4 (0x3CC6A623) sw a2, 972(a3)
mem[0x80005624] <- 0xFFFF8752


mem[X,0x800015E8] -> 0x5537
mem[X,0x800015EA] -> 0xFFFF
[1407] [M]: 0x800015E8 (0xFFFF5537) lui a0, 1048565
x10 <- 0xFFFF5000


mem[X,0x800015EC] -> 0x0513
mem[X,0x800015EE] -> 0xAFC5
[1408] [M]: 0x800015EC (0xAFC50513) addi a0, a0, 2812
x10 <- 0xFFFF4AFC


mem[X,0x800015F0] -> 0x0593
mem[X,0x800015F2] -> 0x0040
[1409] [M]: 0x800015F0 (0x00400593) addi a1, zero, 4
x11 <- 0x00000004


mem[X,0x800015F4] -> 0x2633
mem[X,0x800015F6] -> 0x02B5
[1410] [M]: 0x800015F4 (0x02B52633) mulhsu a2, a0, a1
x12 <- 0xFFFFFFFF


mem[X,0x800015F8] -> 0xA823
mem[X,0x800015FA] -> 0x3CC6
[1411] [M]: 0x800015F8 (0x3CC6A823) sw a2, 976(a3)
mem[0x80005628] <- 0xFFFFFFFF


mem[X,0x800015FC] -> 0x5537
mem[X,0x800015FE] -> 0xFFFF
[1412] [M]: 0x800015FC (0xFFFF5537) lui a0, 1048565
x10 <- 0xFFFF5000


mem[X,0x80001600] -> 0x0513
mem[X,0x80001602] -> 0xAFC5
[1413] [M]: 0x80001600 (0xAFC50513) addi a0, a0, 2812
x10 <- 0xFFFF4AFC


mem[X,0x80001604] -> 0x35B7
mem[X,0x80001606] -> 0x3333
[1414] [M]: 0x80001604 (0x333335B7) lui a1, 209715
x11 <- 0x33333000


mem[X,0x80001608] -> 0x8593
mem[X,0x8000160A] -> 0x3325
[1415] [M]: 0x80001608 (0x33258593) addi a1, a1, 818
x11 <- 0x33333332


mem[X,0x8000160C] -> 0x2633
mem[X,0x8000160E] -> 0x02B5
[1416] [M]: 0x8000160C (0x02B52633) mulhsu a2, a0, a1
x12 <- 0xFFFFDBCC


mem[X,0x80001610] -> 0xAA23
mem[X,0x80001612] -> 0x3CC6
[1417] [M]: 0x80001610 (0x3CC6AA23) sw a2, 980(a3)
mem[0x8000562C] <- 0xFFFFDBCC


mem[X,0x80001614] -> 0x5537
mem[X,0x80001616] -> 0xFFFF
[1418] [M]: 0x80001614 (0xFFFF5537) lui a0, 1048565
x10 <- 0xFFFF5000


mem[X,0x80001618] -> 0x0513
mem[X,0x8000161A] -> 0xAFC5
[1419] [M]: 0x80001618 (0xAFC50513) addi a0, a0, 2812
x10 <- 0xFFFF4AFC


mem[X,0x8000161C] -> 0x65B7
mem[X,0x8000161E] -> 0x6666
[1420] [M]: 0x8000161C (0x666665B7) lui a1, 419430
x11 <- 0x66666000


mem[X,0x80001620] -> 0x8593
mem[X,0x80001622] -> 0x6655
[1421] [M]: 0x80001620 (0x66558593) addi a1, a1, 1637
x11 <- 0x66666665


mem[X,0x80001624] -> 0x2633
mem[X,0x80001626] -> 0x02B5
[1422] [M]: 0x80001624 (0x02B52633) mulhsu a2, a0, a1
x12 <- 0xFFFFB798


mem[X,0x80001628] -> 0xAC23
mem[X,0x8000162A] -> 0x3CC6
[1423] [M]: 0x80001628 (0x3CC6AC23) sw a2, 984(a3)
mem[0x80005630] <- 0xFFFFB798


mem[X,0x8000162C] -> 0x5537
mem[X,0x8000162E] -> 0xFFFF
[1424] [M]: 0x8000162C (0xFFFF5537) lui a0, 1048565
x10 <- 0xFFFF5000


mem[X,0x80001630] -> 0x0513
mem[X,0x80001632] -> 0xAFC5
[1425] [M]: 0x80001630 (0xAFC50513) addi a0, a0, 2812
x10 <- 0xFFFF4AFC


mem[X,0x80001634] -> 0xB5B7
mem[X,0x80001636] -> 0x0000
[1426] [M]: 0x80001634 (0x0000B5B7) lui a1, 11
x11 <- 0x0000B000


mem[X,0x80001638] -> 0x8593
mem[X,0x8000163A] -> 0x5035
[1427] [M]: 0x80001638 (0x50358593) addi a1, a1, 1283
x11 <- 0x0000B503


mem[X,0x8000163C] -> 0x2633
mem[X,0x8000163E] -> 0x02B5
[1428] [M]: 0x8000163C (0x02B52633) mulhsu a2, a0, a1
x12 <- 0xFFFFFFFF


mem[X,0x80001640] -> 0xAE23
mem[X,0x80001642] -> 0x3CC6
[1429] [M]: 0x80001640 (0x3CC6AE23) sw a2, 988(a3)
mem[0x80005634] <- 0xFFFFFFFF


mem[X,0x80001644] -> 0x5537
mem[X,0x80001646] -> 0xFFFF
[1430] [M]: 0x80001644 (0xFFFF5537) lui a0, 1048565
x10 <- 0xFFFF5000


mem[X,0x80001648] -> 0x0513
mem[X,0x8000164A] -> 0xAFC5
[1431] [M]: 0x80001648 (0xAFC50513) addi a0, a0, 2812
x10 <- 0xFFFF4AFC


mem[X,0x8000164C] -> 0x05B7
mem[X,0x8000164E] -> 0x0001
[1432] [M]: 0x8000164C (0x000105B7) lui a1, 16
x11 <- 0x00010000


mem[X,0x80001650] -> 0x8593
mem[X,0x80001652] -> 0xFFE5
[1433] [M]: 0x80001650 (0xFFE58593) addi a1, a1, 4094
x11 <- 0x0000FFFE


mem[X,0x80001654] -> 0x2633
mem[X,0x80001656] -> 0x02B5
[1434] [M]: 0x80001654 (0x02B52633) mulhsu a2, a0, a1
x12 <- 0xFFFFFFFF


mem[X,0x80001658] -> 0xA023
mem[X,0x8000165A] -> 0x3EC6
[1435] [M]: 0x80001658 (0x3EC6A023) sw a2, 992(a3)
mem[0x80005638] <- 0xFFFFFFFF


mem[X,0x8000165C] -> 0x5537
mem[X,0x8000165E] -> 0xFFFF
[1436] [M]: 0x8000165C (0xFFFF5537) lui a0, 1048565
x10 <- 0xFFFF5000


mem[X,0x80001660] -> 0x0513
mem[X,0x80001662] -> 0xAFC5
[1437] [M]: 0x80001660 (0xAFC50513) addi a0, a0, 2812
x10 <- 0xFFFF4AFC


mem[X,0x80001664] -> 0x55B7
mem[X,0x80001666] -> 0x5555
[1438] [M]: 0x80001664 (0x555555B7) lui a1, 349525
x11 <- 0x55555000


mem[X,0x80001668] -> 0x8593
mem[X,0x8000166A] -> 0x5565
[1439] [M]: 0x80001668 (0x55658593) addi a1, a1, 1366
x11 <- 0x55555556


mem[X,0x8000166C] -> 0x2633
mem[X,0x8000166E] -> 0x02B5
[1440] [M]: 0x8000166C (0x02B52633) mulhsu a2, a0, a1
x12 <- 0xFFFFC3A9


mem[X,0x80001670] -> 0xA223
mem[X,0x80001672] -> 0x3EC6
[1441] [M]: 0x80001670 (0x3EC6A223) sw a2, 996(a3)
mem[0x8000563C] <- 0xFFFFC3A9


mem[X,0x80001674] -> 0x5537
mem[X,0x80001676] -> 0xFFFF
[1442] [M]: 0x80001674 (0xFFFF5537) lui a0, 1048565
x10 <- 0xFFFF5000


mem[X,0x80001678] -> 0x0513
mem[X,0x8000167A] -> 0xAFC5
[1443] [M]: 0x80001678 (0xAFC50513) addi a0, a0, 2812
x10 <- 0xFFFF4AFC


mem[X,0x8000167C] -> 0xB5B7
mem[X,0x8000167E] -> 0xAAAA
[1444] [M]: 0x8000167C (0xAAAAB5B7) lui a1, 699051
x11 <- 0xAAAAB000


mem[X,0x80001680] -> 0x8593
mem[X,0x80001682] -> 0xAAB5
[1445] [M]: 0x80001680 (0xAAB58593) addi a1, a1, 2731
x11 <- 0xAAAAAAAB


mem[X,0x80001684] -> 0x2633
mem[X,0x80001686] -> 0x02B5
[1446] [M]: 0x80001684 (0x02B52633) mulhsu a2, a0, a1
x12 <- 0xFFFF8752


mem[X,0x80001688] -> 0xA423
mem[X,0x8000168A] -> 0x3EC6
[1447] [M]: 0x80001688 (0x3EC6A423) sw a2, 1000(a3)
mem[0x80005640] <- 0xFFFF8752


mem[X,0x8000168C] -> 0x5537
mem[X,0x8000168E] -> 0xFFFF
[1448] [M]: 0x8000168C (0xFFFF5537) lui a0, 1048565
x10 <- 0xFFFF5000


mem[X,0x80001690] -> 0x0513
mem[X,0x80001692] -> 0xAFC5
[1449] [M]: 0x80001690 (0xAFC50513) addi a0, a0, 2812
x10 <- 0xFFFF4AFC


mem[X,0x80001694] -> 0x0593
mem[X,0x80001696] -> 0x0060
[1450] [M]: 0x80001694 (0x00600593) addi a1, zero, 6
x11 <- 0x00000006


mem[X,0x80001698] -> 0x2633
mem[X,0x8000169A] -> 0x02B5
[1451] [M]: 0x80001698 (0x02B52633) mulhsu a2, a0, a1
x12 <- 0xFFFFFFFF


mem[X,0x8000169C] -> 0xA623
mem[X,0x8000169E] -> 0x3EC6
[1452] [M]: 0x8000169C (0x3EC6A623) sw a2, 1004(a3)
mem[0x80005644] <- 0xFFFFFFFF


mem[X,0x800016A0] -> 0x5537
mem[X,0x800016A2] -> 0xFFFF
[1453] [M]: 0x800016A0 (0xFFFF5537) lui a0, 1048565
x10 <- 0xFFFF5000


mem[X,0x800016A4] -> 0x0513
mem[X,0x800016A6] -> 0xAFC5
[1454] [M]: 0x800016A4 (0xAFC50513) addi a0, a0, 2812
x10 <- 0xFFFF4AFC


mem[X,0x800016A8] -> 0x35B7
mem[X,0x800016AA] -> 0x3333
[1455] [M]: 0x800016A8 (0x333335B7) lui a1, 209715
x11 <- 0x33333000


mem[X,0x800016AC] -> 0x8593
mem[X,0x800016AE] -> 0x3345
[1456] [M]: 0x800016AC (0x33458593) addi a1, a1, 820
x11 <- 0x33333334


mem[X,0x800016B0] -> 0x2633
mem[X,0x800016B2] -> 0x02B5
[1457] [M]: 0x800016B0 (0x02B52633) mulhsu a2, a0, a1
x12 <- 0xFFFFDBCB


mem[X,0x800016B4] -> 0xA823
mem[X,0x800016B6] -> 0x3EC6
[1458] [M]: 0x800016B4 (0x3EC6A823) sw a2, 1008(a3)
mem[0x80005648] <- 0xFFFFDBCB


mem[X,0x800016B8] -> 0x5537
mem[X,0x800016BA] -> 0xFFFF
[1459] [M]: 0x800016B8 (0xFFFF5537) lui a0, 1048565
x10 <- 0xFFFF5000


mem[X,0x800016BC] -> 0x0513
mem[X,0x800016BE] -> 0xAFC5
[1460] [M]: 0x800016BC (0xAFC50513) addi a0, a0, 2812
x10 <- 0xFFFF4AFC


mem[X,0x800016C0] -> 0x65B7
mem[X,0x800016C2] -> 0x6666
[1461] [M]: 0x800016C0 (0x666665B7) lui a1, 419430
x11 <- 0x66666000


mem[X,0x800016C4] -> 0x8593
mem[X,0x800016C6] -> 0x6675
[1462] [M]: 0x800016C4 (0x66758593) addi a1, a1, 1639
x11 <- 0x66666667


mem[X,0x800016C8] -> 0x2633
mem[X,0x800016CA] -> 0x02B5
[1463] [M]: 0x800016C8 (0x02B52633) mulhsu a2, a0, a1
x12 <- 0xFFFFB797


mem[X,0x800016CC] -> 0xAA23
mem[X,0x800016CE] -> 0x3EC6
[1464] [M]: 0x800016CC (0x3EC6AA23) sw a2, 1012(a3)
mem[0x8000564C] <- 0xFFFFB797


mem[X,0x800016D0] -> 0x5537
mem[X,0x800016D2] -> 0xFFFF
[1465] [M]: 0x800016D0 (0xFFFF5537) lui a0, 1048565
x10 <- 0xFFFF5000


mem[X,0x800016D4] -> 0x0513
mem[X,0x800016D6] -> 0xAFC5
[1466] [M]: 0x800016D4 (0xAFC50513) addi a0, a0, 2812
x10 <- 0xFFFF4AFC


mem[X,0x800016D8] -> 0xB5B7
mem[X,0x800016DA] -> 0x0000
[1467] [M]: 0x800016D8 (0x0000B5B7) lui a1, 11
x11 <- 0x0000B000


mem[X,0x800016DC] -> 0x8593
mem[X,0x800016DE] -> 0x5055
[1468] [M]: 0x800016DC (0x50558593) addi a1, a1, 1285
x11 <- 0x0000B505


mem[X,0x800016E0] -> 0x2633
mem[X,0x800016E2] -> 0x02B5
[1469] [M]: 0x800016E0 (0x02B52633) mulhsu a2, a0, a1
x12 <- 0xFFFFFFFF


mem[X,0x800016E4] -> 0xAC23
mem[X,0x800016E6] -> 0x3EC6
[1470] [M]: 0x800016E4 (0x3EC6AC23) sw a2, 1016(a3)
mem[0x80005650] <- 0xFFFFFFFF


mem[X,0x800016E8] -> 0x5537
mem[X,0x800016EA] -> 0xFFFF
[1471] [M]: 0x800016E8 (0xFFFF5537) lui a0, 1048565
x10 <- 0xFFFF5000


mem[X,0x800016EC] -> 0x0513
mem[X,0x800016EE] -> 0xAFC5
[1472] [M]: 0x800016EC (0xAFC50513) addi a0, a0, 2812
x10 <- 0xFFFF4AFC


mem[X,0x800016F0] -> 0x0593
mem[X,0x800016F2] -> 0x0010
[1473] [M]: 0x800016F0 (0x00100593) addi a1, zero, 1
x11 <- 0x00000001


mem[X,0x800016F4] -> 0x2633
mem[X,0x800016F6] -> 0x02B5
[1474] [M]: 0x800016F4 (0x02B52633) mulhsu a2, a0, a1
x12 <- 0xFFFFFFFF


mem[X,0x800016F8] -> 0xAE23
mem[X,0x800016FA] -> 0x3EC6
[1475] [M]: 0x800016F8 (0x3EC6AE23) sw a2, 1020(a3)
mem[0x80005654] <- 0xFFFFFFFF


mem[X,0x800016FC] -> 0x5537
mem[X,0x800016FE] -> 0xFFFF
[1476] [M]: 0x800016FC (0xFFFF5537) lui a0, 1048565
x10 <- 0xFFFF5000


mem[X,0x80001700] -> 0x0513
mem[X,0x80001702] -> 0xAFC5
[1477] [M]: 0x80001700 (0xAFC50513) addi a0, a0, 2812
x10 <- 0xFFFF4AFC


mem[X,0x80001704] -> 0x05B7
mem[X,0x80001706] -> 0x0001
[1478] [M]: 0x80001704 (0x000105B7) lui a1, 16
x11 <- 0x00010000


mem[X,0x80001708] -> 0x2633
mem[X,0x8000170A] -> 0x02B5
[1479] [M]: 0x80001708 (0x02B52633) mulhsu a2, a0, a1
x12 <- 0xFFFFFFFF


mem[X,0x8000170C] -> 0xA023
mem[X,0x8000170E] -> 0x40C6
[1480] [M]: 0x8000170C (0x40C6A023) sw a2, 1024(a3)
mem[0x80005658] <- 0xFFFFFFFF


mem[X,0x80001710] -> 0xB537
mem[X,0x80001712] -> 0x0000
[1481] [M]: 0x80001710 (0x0000B537) lui a0, 11
x10 <- 0x0000B000


mem[X,0x80001714] -> 0x0513
mem[X,0x80001716] -> 0x5045
[1482] [M]: 0x80001714 (0x50450513) addi a0, a0, 1284
x10 <- 0x0000B504


mem[X,0x80001718] -> 0x0593
mem[X,0x8000171A] -> 0x0030
[1483] [M]: 0x80001718 (0x00300593) addi a1, zero, 3
x11 <- 0x00000003


mem[X,0x8000171C] -> 0x2633
mem[X,0x8000171E] -> 0x02B5
[1484] [M]: 0x8000171C (0x02B52633) mulhsu a2, a0, a1
x12 <- 0x00000000


mem[X,0x80001720] -> 0xA223
mem[X,0x80001722] -> 0x40C6
[1485] [M]: 0x80001720 (0x40C6A223) sw a2, 1028(a3)
mem[0x8000565C] <- 0x00000000


mem[X,0x80001724] -> 0xB537
mem[X,0x80001726] -> 0x0000
[1486] [M]: 0x80001724 (0x0000B537) lui a0, 11
x10 <- 0x0000B000


mem[X,0x80001728] -> 0x0513
mem[X,0x8000172A] -> 0x5045
[1487] [M]: 0x80001728 (0x50450513) addi a0, a0, 1284
x10 <- 0x0000B504


mem[X,0x8000172C] -> 0x55B7
mem[X,0x8000172E] -> 0x5555
[1488] [M]: 0x8000172C (0x555555B7) lui a1, 349525
x11 <- 0x55555000


mem[X,0x80001730] -> 0x8593
mem[X,0x80001732] -> 0x5555
[1489] [M]: 0x80001730 (0x55558593) addi a1, a1, 1365
x11 <- 0x55555555


mem[X,0x80001734] -> 0x2633
mem[X,0x80001736] -> 0x02B5
[1490] [M]: 0x80001734 (0x02B52633) mulhsu a2, a0, a1
x12 <- 0x00003C56


mem[X,0x80001738] -> 0xA423
mem[X,0x8000173A] -> 0x40C6
[1491] [M]: 0x80001738 (0x40C6A423) sw a2, 1032(a3)
mem[0x80005660] <- 0x00003C56


mem[X,0x8000173C] -> 0xB537
mem[X,0x8000173E] -> 0x0000
[1492] [M]: 0x8000173C (0x0000B537) lui a0, 11
x10 <- 0x0000B000


mem[X,0x80001740] -> 0x0513
mem[X,0x80001742] -> 0x5045
[1493] [M]: 0x80001740 (0x50450513) addi a0, a0, 1284
x10 <- 0x0000B504


mem[X,0x80001744] -> 0xB5B7
mem[X,0x80001746] -> 0xAAAA
[1494] [M]: 0x80001744 (0xAAAAB5B7) lui a1, 699051
x11 <- 0xAAAAB000


mem[X,0x80001748] -> 0x8593
mem[X,0x8000174A] -> 0xAAA5
[1495] [M]: 0x80001748 (0xAAA58593) addi a1, a1, 2730
x11 <- 0xAAAAAAAA


mem[X,0x8000174C] -> 0x2633
mem[X,0x8000174E] -> 0x02B5
[1496] [M]: 0x8000174C (0x02B52633) mulhsu a2, a0, a1
x12 <- 0x000078AD


mem[X,0x80001750] -> 0xA623
mem[X,0x80001752] -> 0x40C6
[1497] [M]: 0x80001750 (0x40C6A623) sw a2, 1036(a3)
mem[0x80005664] <- 0x000078AD


mem[X,0x80001754] -> 0xB537
mem[X,0x80001756] -> 0x0000
[1498] [M]: 0x80001754 (0x0000B537) lui a0, 11
x10 <- 0x0000B000


mem[X,0x80001758] -> 0x0513
mem[X,0x8000175A] -> 0x5045
[1499] [M]: 0x80001758 (0x50450513) addi a0, a0, 1284
x10 <- 0x0000B504


clint::tick mtime <- 0x000000000000000F
 clint timer pending at mtime 0x000000000000000F
htif::tick 0x0000000000000000
mem[X,0x8000175C] -> 0x0593
mem[X,0x8000175E] -> 0x0050
[1500] [M]: 0x8000175C (0x00500593) addi a1, zero, 5
x11 <- 0x00000005


mem[X,0x80001760] -> 0x2633
mem[X,0x80001762] -> 0x02B5
[1501] [M]: 0x80001760 (0x02B52633) mulhsu a2, a0, a1
x12 <- 0x00000000


mem[X,0x80001764] -> 0xA823
mem[X,0x80001766] -> 0x40C6
[1502] [M]: 0x80001764 (0x40C6A823) sw a2, 1040(a3)
mem[0x80005668] <- 0x00000000


mem[X,0x80001768] -> 0xB537
mem[X,0x8000176A] -> 0x0000
[1503] [M]: 0x80001768 (0x0000B537) lui a0, 11
x10 <- 0x0000B000


mem[X,0x8000176C] -> 0x0513
mem[X,0x8000176E] -> 0x5045
[1504] [M]: 0x8000176C (0x50450513) addi a0, a0, 1284
x10 <- 0x0000B504


mem[X,0x80001770] -> 0x35B7
mem[X,0x80001772] -> 0x3333
[1505] [M]: 0x80001770 (0x333335B7) lui a1, 209715
x11 <- 0x33333000


mem[X,0x80001774] -> 0x8593
mem[X,0x80001776] -> 0x3335
[1506] [M]: 0x80001774 (0x33358593) addi a1, a1, 819
x11 <- 0x33333333


mem[X,0x80001778] -> 0x2633
mem[X,0x8000177A] -> 0x02B5
[1507] [M]: 0x80001778 (0x02B52633) mulhsu a2, a0, a1
x12 <- 0x00002433


mem[X,0x8000177C] -> 0xAA23
mem[X,0x8000177E] -> 0x40C6
[1508] [M]: 0x8000177C (0x40C6AA23) sw a2, 1044(a3)
mem[0x8000566C] <- 0x00002433


mem[X,0x80001780] -> 0xB537
mem[X,0x80001782] -> 0x0000
[1509] [M]: 0x80001780 (0x0000B537) lui a0, 11
x10 <- 0x0000B000


mem[X,0x80001784] -> 0x0513
mem[X,0x80001786] -> 0x5045
[1510] [M]: 0x80001784 (0x50450513) addi a0, a0, 1284
x10 <- 0x0000B504


mem[X,0x80001788] -> 0x65B7
mem[X,0x8000178A] -> 0x6666
[1511] [M]: 0x80001788 (0x666665B7) lui a1, 419430
x11 <- 0x66666000


mem[X,0x8000178C] -> 0x8593
mem[X,0x8000178E] -> 0x6665
[1512] [M]: 0x8000178C (0x66658593) addi a1, a1, 1638
x11 <- 0x66666666


mem[X,0x80001790] -> 0x2633
mem[X,0x80001792] -> 0x02B5
[1513] [M]: 0x80001790 (0x02B52633) mulhsu a2, a0, a1
x12 <- 0x00004867


mem[X,0x80001794] -> 0xAC23
mem[X,0x80001796] -> 0x40C6
[1514] [M]: 0x80001794 (0x40C6AC23) sw a2, 1048(a3)
mem[0x80005670] <- 0x00004867


mem[X,0x80001798] -> 0xB537
mem[X,0x8000179A] -> 0x0000
[1515] [M]: 0x80001798 (0x0000B537) lui a0, 11
x10 <- 0x0000B000


mem[X,0x8000179C] -> 0x0513
mem[X,0x8000179E] -> 0x5045
[1516] [M]: 0x8000179C (0x50450513) addi a0, a0, 1284
x10 <- 0x0000B504


mem[X,0x800017A0] -> 0xB5B7
mem[X,0x800017A2] -> 0x0000
[1517] [M]: 0x800017A0 (0x0000B5B7) lui a1, 11
x11 <- 0x0000B000


mem[X,0x800017A4] -> 0x8593
mem[X,0x800017A6] -> 0x5045
[1518] [M]: 0x800017A4 (0x50458593) addi a1, a1, 1284
x11 <- 0x0000B504


mem[X,0x800017A8] -> 0x2633
mem[X,0x800017AA] -> 0x02B5
[1519] [M]: 0x800017A8 (0x02B52633) mulhsu a2, a0, a1
x12 <- 0x00000000


mem[X,0x800017AC] -> 0xAE23
mem[X,0x800017AE] -> 0x40C6
[1520] [M]: 0x800017AC (0x40C6AE23) sw a2, 1052(a3)
mem[0x80005674] <- 0x00000000


mem[X,0x800017B0] -> 0xB537
mem[X,0x800017B2] -> 0x0000
[1521] [M]: 0x800017B0 (0x0000B537) lui a0, 11
x10 <- 0x0000B000


mem[X,0x800017B4] -> 0x0513
mem[X,0x800017B6] -> 0x5045
[1522] [M]: 0x800017B4 (0x50450513) addi a0, a0, 1284
x10 <- 0x0000B504


mem[X,0x800017B8] -> 0x0593
mem[X,0x800017BA] -> 0x0000
[1523] [M]: 0x800017B8 (0x00000593) addi a1, zero, 0
x11 <- 0x00000000


mem[X,0x800017BC] -> 0x2633
mem[X,0x800017BE] -> 0x02B5
[1524] [M]: 0x800017BC (0x02B52633) mulhsu a2, a0, a1
x12 <- 0x00000000


mem[X,0x800017C0] -> 0xA023
mem[X,0x800017C2] -> 0x42C6
[1525] [M]: 0x800017C0 (0x42C6A023) sw a2, 1056(a3)
mem[0x80005678] <- 0x00000000


mem[X,0x800017C4] -> 0xB537
mem[X,0x800017C6] -> 0x0000
[1526] [M]: 0x800017C4 (0x0000B537) lui a0, 11
x10 <- 0x0000B000


mem[X,0x800017C8] -> 0x0513
mem[X,0x800017CA] -> 0x5045
[1527] [M]: 0x800017C8 (0x50450513) addi a0, a0, 1284
x10 <- 0x0000B504


mem[X,0x800017CC] -> 0x05B7
mem[X,0x800017CE] -> 0x0001
[1528] [M]: 0x800017CC (0x000105B7) lui a1, 16
x11 <- 0x00010000


mem[X,0x800017D0] -> 0x8593
mem[X,0x800017D2] -> 0xFFF5
[1529] [M]: 0x800017D0 (0xFFF58593) addi a1, a1, 4095
x11 <- 0x0000FFFF


mem[X,0x800017D4] -> 0x2633
mem[X,0x800017D6] -> 0x02B5
[1530] [M]: 0x800017D4 (0x02B52633) mulhsu a2, a0, a1
x12 <- 0x00000000


mem[X,0x800017D8] -> 0xA223
mem[X,0x800017DA] -> 0x42C6
[1531] [M]: 0x800017D8 (0x42C6A223) sw a2, 1060(a3)
mem[0x8000567C] <- 0x00000000


mem[X,0x800017DC] -> 0xB537
mem[X,0x800017DE] -> 0x0000
[1532] [M]: 0x800017DC (0x0000B537) lui a0, 11
x10 <- 0x0000B000


mem[X,0x800017E0] -> 0x0513
mem[X,0x800017E2] -> 0x5045
[1533] [M]: 0x800017E0 (0x50450513) addi a0, a0, 1284
x10 <- 0x0000B504


mem[X,0x800017E4] -> 0x0593
mem[X,0x800017E6] -> 0x0020
[1534] [M]: 0x800017E4 (0x00200593) addi a1, zero, 2
x11 <- 0x00000002


mem[X,0x800017E8] -> 0x2633
mem[X,0x800017EA] -> 0x02B5
[1535] [M]: 0x800017E8 (0x02B52633) mulhsu a2, a0, a1
x12 <- 0x00000000


mem[X,0x800017EC] -> 0xA423
mem[X,0x800017EE] -> 0x42C6
[1536] [M]: 0x800017EC (0x42C6A423) sw a2, 1064(a3)
mem[0x80005680] <- 0x00000000


mem[X,0x800017F0] -> 0xB537
mem[X,0x800017F2] -> 0x0000
[1537] [M]: 0x800017F0 (0x0000B537) lui a0, 11
x10 <- 0x0000B000


mem[X,0x800017F4] -> 0x0513
mem[X,0x800017F6] -> 0x5045
[1538] [M]: 0x800017F4 (0x50450513) addi a0, a0, 1284
x10 <- 0x0000B504


mem[X,0x800017F8] -> 0x55B7
mem[X,0x800017FA] -> 0x5555
[1539] [M]: 0x800017F8 (0x555555B7) lui a1, 349525
x11 <- 0x55555000


mem[X,0x800017FC] -> 0x8593
mem[X,0x800017FE] -> 0x5545
[1540] [M]: 0x800017FC (0x55458593) addi a1, a1, 1364
x11 <- 0x55555554


mem[X,0x80001800] -> 0x2633
mem[X,0x80001802] -> 0x02B5
[1541] [M]: 0x80001800 (0x02B52633) mulhsu a2, a0, a1
x12 <- 0x00003C56


mem[X,0x80001804] -> 0xA623
mem[X,0x80001806] -> 0x42C6
[1542] [M]: 0x80001804 (0x42C6A623) sw a2, 1068(a3)
mem[0x80005684] <- 0x00003C56


mem[X,0x80001808] -> 0xB537
mem[X,0x8000180A] -> 0x0000
[1543] [M]: 0x80001808 (0x0000B537) lui a0, 11
x10 <- 0x0000B000


mem[X,0x8000180C] -> 0x0513
mem[X,0x8000180E] -> 0x5045
[1544] [M]: 0x8000180C (0x50450513) addi a0, a0, 1284
x10 <- 0x0000B504


mem[X,0x80001810] -> 0xB5B7
mem[X,0x80001812] -> 0xAAAA
[1545] [M]: 0x80001810 (0xAAAAB5B7) lui a1, 699051
x11 <- 0xAAAAB000


mem[X,0x80001814] -> 0x8593
mem[X,0x80001816] -> 0xAA95
[1546] [M]: 0x80001814 (0xAA958593) addi a1, a1, 2729
x11 <- 0xAAAAAAA9


mem[X,0x80001818] -> 0x2633
mem[X,0x8000181A] -> 0x02B5
[1547] [M]: 0x80001818 (0x02B52633) mulhsu a2, a0, a1
x12 <- 0x000078AD


mem[X,0x8000181C] -> 0xA823
mem[X,0x8000181E] -> 0x42C6
[1548] [M]: 0x8000181C (0x42C6A823) sw a2, 1072(a3)
mem[0x80005688] <- 0x000078AD


mem[X,0x80001820] -> 0xB537
mem[X,0x80001822] -> 0x0000
[1549] [M]: 0x80001820 (0x0000B537) lui a0, 11
x10 <- 0x0000B000


mem[X,0x80001824] -> 0x0513
mem[X,0x80001826] -> 0x5045
[1550] [M]: 0x80001824 (0x50450513) addi a0, a0, 1284
x10 <- 0x0000B504


mem[X,0x80001828] -> 0x0593
mem[X,0x8000182A] -> 0x0040
[1551] [M]: 0x80001828 (0x00400593) addi a1, zero, 4
x11 <- 0x00000004


mem[X,0x8000182C] -> 0x2633
mem[X,0x8000182E] -> 0x02B5
[1552] [M]: 0x8000182C (0x02B52633) mulhsu a2, a0, a1
x12 <- 0x00000000


mem[X,0x80001830] -> 0xAA23
mem[X,0x80001832] -> 0x42C6
[1553] [M]: 0x80001830 (0x42C6AA23) sw a2, 1076(a3)
mem[0x8000568C] <- 0x00000000


mem[X,0x80001834] -> 0xB537
mem[X,0x80001836] -> 0x0000
[1554] [M]: 0x80001834 (0x0000B537) lui a0, 11
x10 <- 0x0000B000


mem[X,0x80001838] -> 0x0513
mem[X,0x8000183A] -> 0x5045
[1555] [M]: 0x80001838 (0x50450513) addi a0, a0, 1284
x10 <- 0x0000B504


mem[X,0x8000183C] -> 0x35B7
mem[X,0x8000183E] -> 0x3333
[1556] [M]: 0x8000183C (0x333335B7) lui a1, 209715
x11 <- 0x33333000


mem[X,0x80001840] -> 0x8593
mem[X,0x80001842] -> 0x3325
[1557] [M]: 0x80001840 (0x33258593) addi a1, a1, 818
x11 <- 0x33333332


mem[X,0x80001844] -> 0x2633
mem[X,0x80001846] -> 0x02B5
[1558] [M]: 0x80001844 (0x02B52633) mulhsu a2, a0, a1
x12 <- 0x00002433


mem[X,0x80001848] -> 0xAC23
mem[X,0x8000184A] -> 0x42C6
[1559] [M]: 0x80001848 (0x42C6AC23) sw a2, 1080(a3)
mem[0x80005690] <- 0x00002433


mem[X,0x8000184C] -> 0xB537
mem[X,0x8000184E] -> 0x0000
[1560] [M]: 0x8000184C (0x0000B537) lui a0, 11
x10 <- 0x0000B000


mem[X,0x80001850] -> 0x0513
mem[X,0x80001852] -> 0x5045
[1561] [M]: 0x80001850 (0x50450513) addi a0, a0, 1284
x10 <- 0x0000B504


mem[X,0x80001854] -> 0x65B7
mem[X,0x80001856] -> 0x6666
[1562] [M]: 0x80001854 (0x666665B7) lui a1, 419430
x11 <- 0x66666000


mem[X,0x80001858] -> 0x8593
mem[X,0x8000185A] -> 0x6655
[1563] [M]: 0x80001858 (0x66558593) addi a1, a1, 1637
x11 <- 0x66666665


mem[X,0x8000185C] -> 0x2633
mem[X,0x8000185E] -> 0x02B5
[1564] [M]: 0x8000185C (0x02B52633) mulhsu a2, a0, a1
x12 <- 0x00004867


mem[X,0x80001860] -> 0xAE23
mem[X,0x80001862] -> 0x42C6
[1565] [M]: 0x80001860 (0x42C6AE23) sw a2, 1084(a3)
mem[0x80005694] <- 0x00004867


mem[X,0x80001864] -> 0xB537
mem[X,0x80001866] -> 0x0000
[1566] [M]: 0x80001864 (0x0000B537) lui a0, 11
x10 <- 0x0000B000


mem[X,0x80001868] -> 0x0513
mem[X,0x8000186A] -> 0x5045
[1567] [M]: 0x80001868 (0x50450513) addi a0, a0, 1284
x10 <- 0x0000B504


mem[X,0x8000186C] -> 0xB5B7
mem[X,0x8000186E] -> 0x0000
[1568] [M]: 0x8000186C (0x0000B5B7) lui a1, 11
x11 <- 0x0000B000


mem[X,0x80001870] -> 0x8593
mem[X,0x80001872] -> 0x5035
[1569] [M]: 0x80001870 (0x50358593) addi a1, a1, 1283
x11 <- 0x0000B503


mem[X,0x80001874] -> 0x2633
mem[X,0x80001876] -> 0x02B5
[1570] [M]: 0x80001874 (0x02B52633) mulhsu a2, a0, a1
x12 <- 0x00000000


mem[X,0x80001878] -> 0xA023
mem[X,0x8000187A] -> 0x44C6
[1571] [M]: 0x80001878 (0x44C6A023) sw a2, 1088(a3)
mem[0x80005698] <- 0x00000000


mem[X,0x8000187C] -> 0xB537
mem[X,0x8000187E] -> 0x0000
[1572] [M]: 0x8000187C (0x0000B537) lui a0, 11
x10 <- 0x0000B000


mem[X,0x80001880] -> 0x0513
mem[X,0x80001882] -> 0x5045
[1573] [M]: 0x80001880 (0x50450513) addi a0, a0, 1284
x10 <- 0x0000B504


mem[X,0x80001884] -> 0x05B7
mem[X,0x80001886] -> 0x0001
[1574] [M]: 0x80001884 (0x000105B7) lui a1, 16
x11 <- 0x00010000


mem[X,0x80001888] -> 0x8593
mem[X,0x8000188A] -> 0xFFE5
[1575] [M]: 0x80001888 (0xFFE58593) addi a1, a1, 4094
x11 <- 0x0000FFFE


mem[X,0x8000188C] -> 0x2633
mem[X,0x8000188E] -> 0x02B5
[1576] [M]: 0x8000188C (0x02B52633) mulhsu a2, a0, a1
x12 <- 0x00000000


mem[X,0x80001890] -> 0xA223
mem[X,0x80001892] -> 0x44C6
[1577] [M]: 0x80001890 (0x44C6A223) sw a2, 1092(a3)
mem[0x8000569C] <- 0x00000000


mem[X,0x80001894] -> 0xB537
mem[X,0x80001896] -> 0x0000
[1578] [M]: 0x80001894 (0x0000B537) lui a0, 11
x10 <- 0x0000B000


mem[X,0x80001898] -> 0x0513
mem[X,0x8000189A] -> 0x5045
[1579] [M]: 0x80001898 (0x50450513) addi a0, a0, 1284
x10 <- 0x0000B504


mem[X,0x8000189C] -> 0x55B7
mem[X,0x8000189E] -> 0x5555
[1580] [M]: 0x8000189C (0x555555B7) lui a1, 349525
x11 <- 0x55555000


mem[X,0x800018A0] -> 0x8593
mem[X,0x800018A2] -> 0x5565
[1581] [M]: 0x800018A0 (0x55658593) addi a1, a1, 1366
x11 <- 0x55555556


mem[X,0x800018A4] -> 0x2633
mem[X,0x800018A6] -> 0x02B5
[1582] [M]: 0x800018A4 (0x02B52633) mulhsu a2, a0, a1
x12 <- 0x00003C56


mem[X,0x800018A8] -> 0xA423
mem[X,0x800018AA] -> 0x44C6
[1583] [M]: 0x800018A8 (0x44C6A423) sw a2, 1096(a3)
mem[0x800056A0] <- 0x00003C56


mem[X,0x800018AC] -> 0xB537
mem[X,0x800018AE] -> 0x0000
[1584] [M]: 0x800018AC (0x0000B537) lui a0, 11
x10 <- 0x0000B000


mem[X,0x800018B0] -> 0x0513
mem[X,0x800018B2] -> 0x5045
[1585] [M]: 0x800018B0 (0x50450513) addi a0, a0, 1284
x10 <- 0x0000B504


mem[X,0x800018B4] -> 0xB5B7
mem[X,0x800018B6] -> 0xAAAA
[1586] [M]: 0x800018B4 (0xAAAAB5B7) lui a1, 699051
x11 <- 0xAAAAB000


mem[X,0x800018B8] -> 0x8593
mem[X,0x800018BA] -> 0xAAB5
[1587] [M]: 0x800018B8 (0xAAB58593) addi a1, a1, 2731
x11 <- 0xAAAAAAAB


mem[X,0x800018BC] -> 0x2633
mem[X,0x800018BE] -> 0x02B5
[1588] [M]: 0x800018BC (0x02B52633) mulhsu a2, a0, a1
x12 <- 0x000078AD


mem[X,0x800018C0] -> 0xA623
mem[X,0x800018C2] -> 0x44C6
[1589] [M]: 0x800018C0 (0x44C6A623) sw a2, 1100(a3)
mem[0x800056A4] <- 0x000078AD


mem[X,0x800018C4] -> 0xB537
mem[X,0x800018C6] -> 0x0000
[1590] [M]: 0x800018C4 (0x0000B537) lui a0, 11
x10 <- 0x0000B000


mem[X,0x800018C8] -> 0x0513
mem[X,0x800018CA] -> 0x5045
[1591] [M]: 0x800018C8 (0x50450513) addi a0, a0, 1284
x10 <- 0x0000B504


mem[X,0x800018CC] -> 0x0593
mem[X,0x800018CE] -> 0x0060
[1592] [M]: 0x800018CC (0x00600593) addi a1, zero, 6
x11 <- 0x00000006


mem[X,0x800018D0] -> 0x2633
mem[X,0x800018D2] -> 0x02B5
[1593] [M]: 0x800018D0 (0x02B52633) mulhsu a2, a0, a1
x12 <- 0x00000000


mem[X,0x800018D4] -> 0xA823
mem[X,0x800018D6] -> 0x44C6
[1594] [M]: 0x800018D4 (0x44C6A823) sw a2, 1104(a3)
mem[0x800056A8] <- 0x00000000


mem[X,0x800018D8] -> 0xB537
mem[X,0x800018DA] -> 0x0000
[1595] [M]: 0x800018D8 (0x0000B537) lui a0, 11
x10 <- 0x0000B000


mem[X,0x800018DC] -> 0x0513
mem[X,0x800018DE] -> 0x5045
[1596] [M]: 0x800018DC (0x50450513) addi a0, a0, 1284
x10 <- 0x0000B504


mem[X,0x800018E0] -> 0x35B7
mem[X,0x800018E2] -> 0x3333
[1597] [M]: 0x800018E0 (0x333335B7) lui a1, 209715
x11 <- 0x33333000


mem[X,0x800018E4] -> 0x8593
mem[X,0x800018E6] -> 0x3345
[1598] [M]: 0x800018E4 (0x33458593) addi a1, a1, 820
x11 <- 0x33333334


mem[X,0x800018E8] -> 0x2633
mem[X,0x800018EA] -> 0x02B5
[1599] [M]: 0x800018E8 (0x02B52633) mulhsu a2, a0, a1
x12 <- 0x00002434


clint::tick mtime <- 0x0000000000000010
 clint timer pending at mtime 0x0000000000000010
htif::tick 0x0000000000000000
mem[X,0x800018EC] -> 0xAA23
mem[X,0x800018EE] -> 0x44C6
[1600] [M]: 0x800018EC (0x44C6AA23) sw a2, 1108(a3)
mem[0x800056AC] <- 0x00002434


mem[X,0x800018F0] -> 0xB537
mem[X,0x800018F2] -> 0x0000
[1601] [M]: 0x800018F0 (0x0000B537) lui a0, 11
x10 <- 0x0000B000


mem[X,0x800018F4] -> 0x0513
mem[X,0x800018F6] -> 0x5045
[1602] [M]: 0x800018F4 (0x50450513) addi a0, a0, 1284
x10 <- 0x0000B504


mem[X,0x800018F8] -> 0x65B7
mem[X,0x800018FA] -> 0x6666
[1603] [M]: 0x800018F8 (0x666665B7) lui a1, 419430
x11 <- 0x66666000


mem[X,0x800018FC] -> 0x8593
mem[X,0x800018FE] -> 0x6675
[1604] [M]: 0x800018FC (0x66758593) addi a1, a1, 1639
x11 <- 0x66666667


mem[X,0x80001900] -> 0x2633
mem[X,0x80001902] -> 0x02B5
[1605] [M]: 0x80001900 (0x02B52633) mulhsu a2, a0, a1
x12 <- 0x00004868


mem[X,0x80001904] -> 0xAC23
mem[X,0x80001906] -> 0x44C6
[1606] [M]: 0x80001904 (0x44C6AC23) sw a2, 1112(a3)
mem[0x800056B0] <- 0x00004868


mem[X,0x80001908] -> 0xB537
mem[X,0x8000190A] -> 0x0000
[1607] [M]: 0x80001908 (0x0000B537) lui a0, 11
x10 <- 0x0000B000


mem[X,0x8000190C] -> 0x0513
mem[X,0x8000190E] -> 0x5045
[1608] [M]: 0x8000190C (0x50450513) addi a0, a0, 1284
x10 <- 0x0000B504


mem[X,0x80001910] -> 0xB5B7
mem[X,0x80001912] -> 0x0000
[1609] [M]: 0x80001910 (0x0000B5B7) lui a1, 11
x11 <- 0x0000B000


mem[X,0x80001914] -> 0x8593
mem[X,0x80001916] -> 0x5055
[1610] [M]: 0x80001914 (0x50558593) addi a1, a1, 1285
x11 <- 0x0000B505


mem[X,0x80001918] -> 0x2633
mem[X,0x8000191A] -> 0x02B5
[1611] [M]: 0x80001918 (0x02B52633) mulhsu a2, a0, a1
x12 <- 0x00000000


mem[X,0x8000191C] -> 0xAE23
mem[X,0x8000191E] -> 0x44C6
[1612] [M]: 0x8000191C (0x44C6AE23) sw a2, 1116(a3)
mem[0x800056B4] <- 0x00000000


mem[X,0x80001920] -> 0xB537
mem[X,0x80001922] -> 0x0000
[1613] [M]: 0x80001920 (0x0000B537) lui a0, 11
x10 <- 0x0000B000


mem[X,0x80001924] -> 0x0513
mem[X,0x80001926] -> 0x5045
[1614] [M]: 0x80001924 (0x50450513) addi a0, a0, 1284
x10 <- 0x0000B504


mem[X,0x80001928] -> 0x0593
mem[X,0x8000192A] -> 0x0010
[1615] [M]: 0x80001928 (0x00100593) addi a1, zero, 1
x11 <- 0x00000001


mem[X,0x8000192C] -> 0x2633
mem[X,0x8000192E] -> 0x02B5
[1616] [M]: 0x8000192C (0x02B52633) mulhsu a2, a0, a1
x12 <- 0x00000000


mem[X,0x80001930] -> 0xA023
mem[X,0x80001932] -> 0x46C6
[1617] [M]: 0x80001930 (0x46C6A023) sw a2, 1120(a3)
mem[0x800056B8] <- 0x00000000


mem[X,0x80001934] -> 0xB537
mem[X,0x80001936] -> 0x0000
[1618] [M]: 0x80001934 (0x0000B537) lui a0, 11
x10 <- 0x0000B000


mem[X,0x80001938] -> 0x0513
mem[X,0x8000193A] -> 0x5045
[1619] [M]: 0x80001938 (0x50450513) addi a0, a0, 1284
x10 <- 0x0000B504


mem[X,0x8000193C] -> 0x05B7
mem[X,0x8000193E] -> 0x0001
[1620] [M]: 0x8000193C (0x000105B7) lui a1, 16
x11 <- 0x00010000


mem[X,0x80001940] -> 0x2633
mem[X,0x80001942] -> 0x02B5
[1621] [M]: 0x80001940 (0x02B52633) mulhsu a2, a0, a1
x12 <- 0x00000000


mem[X,0x80001944] -> 0xA223
mem[X,0x80001946] -> 0x46C6
[1622] [M]: 0x80001944 (0x46C6A223) sw a2, 1124(a3)
mem[0x800056BC] <- 0x00000000


mem[X,0x80001948] -> 0x0513
mem[X,0x8000194A] -> 0x0020
[1623] [M]: 0x80001948 (0x00200513) addi a0, zero, 2
x10 <- 0x00000002


mem[X,0x8000194C] -> 0x0593
mem[X,0x8000194E] -> 0x0030
[1624] [M]: 0x8000194C (0x00300593) addi a1, zero, 3
x11 <- 0x00000003


mem[X,0x80001950] -> 0x2633
mem[X,0x80001952] -> 0x02B5
[1625] [M]: 0x80001950 (0x02B52633) mulhsu a2, a0, a1
x12 <- 0x00000000


mem[X,0x80001954] -> 0xA423
mem[X,0x80001956] -> 0x46C6
[1626] [M]: 0x80001954 (0x46C6A423) sw a2, 1128(a3)
mem[0x800056C0] <- 0x00000000


mem[X,0x80001958] -> 0x0513
mem[X,0x8000195A] -> 0x0020
[1627] [M]: 0x80001958 (0x00200513) addi a0, zero, 2
x10 <- 0x00000002


mem[X,0x8000195C] -> 0x55B7
mem[X,0x8000195E] -> 0x5555
[1628] [M]: 0x8000195C (0x555555B7) lui a1, 349525
x11 <- 0x55555000


mem[X,0x80001960] -> 0x8593
mem[X,0x80001962] -> 0x5555
[1629] [M]: 0x80001960 (0x55558593) addi a1, a1, 1365
x11 <- 0x55555555


mem[X,0x80001964] -> 0x2633
mem[X,0x80001966] -> 0x02B5
[1630] [M]: 0x80001964 (0x02B52633) mulhsu a2, a0, a1
x12 <- 0x00000000


mem[X,0x80001968] -> 0xA623
mem[X,0x8000196A] -> 0x46C6
[1631] [M]: 0x80001968 (0x46C6A623) sw a2, 1132(a3)
mem[0x800056C4] <- 0x00000000


mem[X,0x8000196C] -> 0x0513
mem[X,0x8000196E] -> 0x0020
[1632] [M]: 0x8000196C (0x00200513) addi a0, zero, 2
x10 <- 0x00000002


mem[X,0x80001970] -> 0xB5B7
mem[X,0x80001972] -> 0xAAAA
[1633] [M]: 0x80001970 (0xAAAAB5B7) lui a1, 699051
x11 <- 0xAAAAB000


mem[X,0x80001974] -> 0x8593
mem[X,0x80001976] -> 0xAAA5
[1634] [M]: 0x80001974 (0xAAA58593) addi a1, a1, 2730
x11 <- 0xAAAAAAAA


mem[X,0x80001978] -> 0x2633
mem[X,0x8000197A] -> 0x02B5
[1635] [M]: 0x80001978 (0x02B52633) mulhsu a2, a0, a1
x12 <- 0x00000001


mem[X,0x8000197C] -> 0xA823
mem[X,0x8000197E] -> 0x46C6
[1636] [M]: 0x8000197C (0x46C6A823) sw a2, 1136(a3)
mem[0x800056C8] <- 0x00000001


mem[X,0x80001980] -> 0x0513
mem[X,0x80001982] -> 0x0020
[1637] [M]: 0x80001980 (0x00200513) addi a0, zero, 2
x10 <- 0x00000002


mem[X,0x80001984] -> 0x0593
mem[X,0x80001986] -> 0x0050
[1638] [M]: 0x80001984 (0x00500593) addi a1, zero, 5
x11 <- 0x00000005


mem[X,0x80001988] -> 0x2633
mem[X,0x8000198A] -> 0x02B5
[1639] [M]: 0x80001988 (0x02B52633) mulhsu a2, a0, a1
x12 <- 0x00000000


mem[X,0x8000198C] -> 0xAA23
mem[X,0x8000198E] -> 0x46C6
[1640] [M]: 0x8000198C (0x46C6AA23) sw a2, 1140(a3)
mem[0x800056CC] <- 0x00000000


mem[X,0x80001990] -> 0x0513
mem[X,0x80001992] -> 0x0020
[1641] [M]: 0x80001990 (0x00200513) addi a0, zero, 2
x10 <- 0x00000002


mem[X,0x80001994] -> 0x35B7
mem[X,0x80001996] -> 0x3333
[1642] [M]: 0x80001994 (0x333335B7) lui a1, 209715
x11 <- 0x33333000


mem[X,0x80001998] -> 0x8593
mem[X,0x8000199A] -> 0x3335
[1643] [M]: 0x80001998 (0x33358593) addi a1, a1, 819
x11 <- 0x33333333


mem[X,0x8000199C] -> 0x2633
mem[X,0x8000199E] -> 0x02B5
[1644] [M]: 0x8000199C (0x02B52633) mulhsu a2, a0, a1
x12 <- 0x00000000


mem[X,0x800019A0] -> 0xAC23
mem[X,0x800019A2] -> 0x46C6
[1645] [M]: 0x800019A0 (0x46C6AC23) sw a2, 1144(a3)
mem[0x800056D0] <- 0x00000000


mem[X,0x800019A4] -> 0x0513
mem[X,0x800019A6] -> 0x0020
[1646] [M]: 0x800019A4 (0x00200513) addi a0, zero, 2
x10 <- 0x00000002


mem[X,0x800019A8] -> 0x65B7
mem[X,0x800019AA] -> 0x6666
[1647] [M]: 0x800019A8 (0x666665B7) lui a1, 419430
x11 <- 0x66666000


mem[X,0x800019AC] -> 0x8593
mem[X,0x800019AE] -> 0x6665
[1648] [M]: 0x800019AC (0x66658593) addi a1, a1, 1638
x11 <- 0x66666666


mem[X,0x800019B0] -> 0x2633
mem[X,0x800019B2] -> 0x02B5
[1649] [M]: 0x800019B0 (0x02B52633) mulhsu a2, a0, a1
x12 <- 0x00000000


mem[X,0x800019B4] -> 0xAE23
mem[X,0x800019B6] -> 0x46C6
[1650] [M]: 0x800019B4 (0x46C6AE23) sw a2, 1148(a3)
mem[0x800056D4] <- 0x00000000


mem[X,0x800019B8] -> 0x0513
mem[X,0x800019BA] -> 0x0020
[1651] [M]: 0x800019B8 (0x00200513) addi a0, zero, 2
x10 <- 0x00000002


mem[X,0x800019BC] -> 0xB5B7
mem[X,0x800019BE] -> 0x0000
[1652] [M]: 0x800019BC (0x0000B5B7) lui a1, 11
x11 <- 0x0000B000


mem[X,0x800019C0] -> 0x8593
mem[X,0x800019C2] -> 0x5045
[1653] [M]: 0x800019C0 (0x50458593) addi a1, a1, 1284
x11 <- 0x0000B504


mem[X,0x800019C4] -> 0x2633
mem[X,0x800019C6] -> 0x02B5
[1654] [M]: 0x800019C4 (0x02B52633) mulhsu a2, a0, a1
x12 <- 0x00000000


mem[X,0x800019C8] -> 0xA023
mem[X,0x800019CA] -> 0x48C6
[1655] [M]: 0x800019C8 (0x48C6A023) sw a2, 1152(a3)
mem[0x800056D8] <- 0x00000000


mem[X,0x800019CC] -> 0x0513
mem[X,0x800019CE] -> 0x0020
[1656] [M]: 0x800019CC (0x00200513) addi a0, zero, 2
x10 <- 0x00000002


mem[X,0x800019D0] -> 0x0593
mem[X,0x800019D2] -> 0x0000
[1657] [M]: 0x800019D0 (0x00000593) addi a1, zero, 0
x11 <- 0x00000000


mem[X,0x800019D4] -> 0x2633
mem[X,0x800019D6] -> 0x02B5
[1658] [M]: 0x800019D4 (0x02B52633) mulhsu a2, a0, a1
x12 <- 0x00000000


mem[X,0x800019D8] -> 0xA223
mem[X,0x800019DA] -> 0x48C6
[1659] [M]: 0x800019D8 (0x48C6A223) sw a2, 1156(a3)
mem[0x800056DC] <- 0x00000000


mem[X,0x800019DC] -> 0x0513
mem[X,0x800019DE] -> 0x0020
[1660] [M]: 0x800019DC (0x00200513) addi a0, zero, 2
x10 <- 0x00000002


mem[X,0x800019E0] -> 0x05B7
mem[X,0x800019E2] -> 0x0001
[1661] [M]: 0x800019E0 (0x000105B7) lui a1, 16
x11 <- 0x00010000


mem[X,0x800019E4] -> 0x8593
mem[X,0x800019E6] -> 0xFFF5
[1662] [M]: 0x800019E4 (0xFFF58593) addi a1, a1, 4095
x11 <- 0x0000FFFF


mem[X,0x800019E8] -> 0x2633
mem[X,0x800019EA] -> 0x02B5
[1663] [M]: 0x800019E8 (0x02B52633) mulhsu a2, a0, a1
x12 <- 0x00000000


mem[X,0x800019EC] -> 0xA423
mem[X,0x800019EE] -> 0x48C6
[1664] [M]: 0x800019EC (0x48C6A423) sw a2, 1160(a3)
mem[0x800056E0] <- 0x00000000


mem[X,0x800019F0] -> 0x0513
mem[X,0x800019F2] -> 0x0020
[1665] [M]: 0x800019F0 (0x00200513) addi a0, zero, 2
x10 <- 0x00000002


mem[X,0x800019F4] -> 0x0593
mem[X,0x800019F6] -> 0x0020
[1666] [M]: 0x800019F4 (0x00200593) addi a1, zero, 2
x11 <- 0x00000002


mem[X,0x800019F8] -> 0x2633
mem[X,0x800019FA] -> 0x02B5
[1667] [M]: 0x800019F8 (0x02B52633) mulhsu a2, a0, a1
x12 <- 0x00000000


mem[X,0x800019FC] -> 0xA623
mem[X,0x800019FE] -> 0x48C6
[1668] [M]: 0x800019FC (0x48C6A623) sw a2, 1164(a3)
mem[0x800056E4] <- 0x00000000


mem[X,0x80001A00] -> 0x0513
mem[X,0x80001A02] -> 0x0020
[1669] [M]: 0x80001A00 (0x00200513) addi a0, zero, 2
x10 <- 0x00000002


mem[X,0x80001A04] -> 0x55B7
mem[X,0x80001A06] -> 0x5555
[1670] [M]: 0x80001A04 (0x555555B7) lui a1, 349525
x11 <- 0x55555000


mem[X,0x80001A08] -> 0x8593
mem[X,0x80001A0A] -> 0x5545
[1671] [M]: 0x80001A08 (0x55458593) addi a1, a1, 1364
x11 <- 0x55555554


mem[X,0x80001A0C] -> 0x2633
mem[X,0x80001A0E] -> 0x02B5
[1672] [M]: 0x80001A0C (0x02B52633) mulhsu a2, a0, a1
x12 <- 0x00000000


mem[X,0x80001A10] -> 0xA823
mem[X,0x80001A12] -> 0x48C6
[1673] [M]: 0x80001A10 (0x48C6A823) sw a2, 1168(a3)
mem[0x800056E8] <- 0x00000000


mem[X,0x80001A14] -> 0x0513
mem[X,0x80001A16] -> 0x0020
[1674] [M]: 0x80001A14 (0x00200513) addi a0, zero, 2
x10 <- 0x00000002


mem[X,0x80001A18] -> 0xB5B7
mem[X,0x80001A1A] -> 0xAAAA
[1675] [M]: 0x80001A18 (0xAAAAB5B7) lui a1, 699051
x11 <- 0xAAAAB000


mem[X,0x80001A1C] -> 0x8593
mem[X,0x80001A1E] -> 0xAA95
[1676] [M]: 0x80001A1C (0xAA958593) addi a1, a1, 2729
x11 <- 0xAAAAAAA9


mem[X,0x80001A20] -> 0x2633
mem[X,0x80001A22] -> 0x02B5
[1677] [M]: 0x80001A20 (0x02B52633) mulhsu a2, a0, a1
x12 <- 0x00000001


mem[X,0x80001A24] -> 0xAA23
mem[X,0x80001A26] -> 0x48C6
[1678] [M]: 0x80001A24 (0x48C6AA23) sw a2, 1172(a3)
mem[0x800056EC] <- 0x00000001


mem[X,0x80001A28] -> 0x0513
mem[X,0x80001A2A] -> 0x0020
[1679] [M]: 0x80001A28 (0x00200513) addi a0, zero, 2
x10 <- 0x00000002


mem[X,0x80001A2C] -> 0x0593
mem[X,0x80001A2E] -> 0x0040
[1680] [M]: 0x80001A2C (0x00400593) addi a1, zero, 4
x11 <- 0x00000004


mem[X,0x80001A30] -> 0x2633
mem[X,0x80001A32] -> 0x02B5
[1681] [M]: 0x80001A30 (0x02B52633) mulhsu a2, a0, a1
x12 <- 0x00000000


mem[X,0x80001A34] -> 0xAC23
mem[X,0x80001A36] -> 0x48C6
[1682] [M]: 0x80001A34 (0x48C6AC23) sw a2, 1176(a3)
mem[0x800056F0] <- 0x00000000


mem[X,0x80001A38] -> 0x0513
mem[X,0x80001A3A] -> 0x0020
[1683] [M]: 0x80001A38 (0x00200513) addi a0, zero, 2
x10 <- 0x00000002


mem[X,0x80001A3C] -> 0x35B7
mem[X,0x80001A3E] -> 0x3333
[1684] [M]: 0x80001A3C (0x333335B7) lui a1, 209715
x11 <- 0x33333000


mem[X,0x80001A40] -> 0x8593
mem[X,0x80001A42] -> 0x3325
[1685] [M]: 0x80001A40 (0x33258593) addi a1, a1, 818
x11 <- 0x33333332


mem[X,0x80001A44] -> 0x2633
mem[X,0x80001A46] -> 0x02B5
[1686] [M]: 0x80001A44 (0x02B52633) mulhsu a2, a0, a1
x12 <- 0x00000000


mem[X,0x80001A48] -> 0xAE23
mem[X,0x80001A4A] -> 0x48C6
[1687] [M]: 0x80001A48 (0x48C6AE23) sw a2, 1180(a3)
mem[0x800056F4] <- 0x00000000


mem[X,0x80001A4C] -> 0x0513
mem[X,0x80001A4E] -> 0x0020
[1688] [M]: 0x80001A4C (0x00200513) addi a0, zero, 2
x10 <- 0x00000002


mem[X,0x80001A50] -> 0x65B7
mem[X,0x80001A52] -> 0x6666
[1689] [M]: 0x80001A50 (0x666665B7) lui a1, 419430
x11 <- 0x66666000


mem[X,0x80001A54] -> 0x8593
mem[X,0x80001A56] -> 0x6655
[1690] [M]: 0x80001A54 (0x66558593) addi a1, a1, 1637
x11 <- 0x66666665


mem[X,0x80001A58] -> 0x2633
mem[X,0x80001A5A] -> 0x02B5
[1691] [M]: 0x80001A58 (0x02B52633) mulhsu a2, a0, a1
x12 <- 0x00000000


mem[X,0x80001A5C] -> 0xA023
mem[X,0x80001A5E] -> 0x4AC6
[1692] [M]: 0x80001A5C (0x4AC6A023) sw a2, 1184(a3)
mem[0x800056F8] <- 0x00000000


mem[X,0x80001A60] -> 0x0513
mem[X,0x80001A62] -> 0x0020
[1693] [M]: 0x80001A60 (0x00200513) addi a0, zero, 2
x10 <- 0x00000002


mem[X,0x80001A64] -> 0xB5B7
mem[X,0x80001A66] -> 0x0000
[1694] [M]: 0x80001A64 (0x0000B5B7) lui a1, 11
x11 <- 0x0000B000


mem[X,0x80001A68] -> 0x8593
mem[X,0x80001A6A] -> 0x5035
[1695] [M]: 0x80001A68 (0x50358593) addi a1, a1, 1283
x11 <- 0x0000B503


mem[X,0x80001A6C] -> 0x2633
mem[X,0x80001A6E] -> 0x02B5
[1696] [M]: 0x80001A6C (0x02B52633) mulhsu a2, a0, a1
x12 <- 0x00000000


mem[X,0x80001A70] -> 0xA223
mem[X,0x80001A72] -> 0x4AC6
[1697] [M]: 0x80001A70 (0x4AC6A223) sw a2, 1188(a3)
mem[0x800056FC] <- 0x00000000


mem[X,0x80001A74] -> 0x0513
mem[X,0x80001A76] -> 0x0020
[1698] [M]: 0x80001A74 (0x00200513) addi a0, zero, 2
x10 <- 0x00000002


mem[X,0x80001A78] -> 0x05B7
mem[X,0x80001A7A] -> 0x0001
[1699] [M]: 0x80001A78 (0x000105B7) lui a1, 16
x11 <- 0x00010000


clint::tick mtime <- 0x0000000000000011
 clint timer pending at mtime 0x0000000000000011
htif::tick 0x0000000000000000
mem[X,0x80001A7C] -> 0x8593
mem[X,0x80001A7E] -> 0xFFE5
[1700] [M]: 0x80001A7C (0xFFE58593) addi a1, a1, 4094
x11 <- 0x0000FFFE


mem[X,0x80001A80] -> 0x2633
mem[X,0x80001A82] -> 0x02B5
[1701] [M]: 0x80001A80 (0x02B52633) mulhsu a2, a0, a1
x12 <- 0x00000000


mem[X,0x80001A84] -> 0xA423
mem[X,0x80001A86] -> 0x4AC6
[1702] [M]: 0x80001A84 (0x4AC6A423) sw a2, 1192(a3)
mem[0x80005700] <- 0x00000000


mem[X,0x80001A88] -> 0x0513
mem[X,0x80001A8A] -> 0x0020
[1703] [M]: 0x80001A88 (0x00200513) addi a0, zero, 2
x10 <- 0x00000002


mem[X,0x80001A8C] -> 0x55B7
mem[X,0x80001A8E] -> 0x5555
[1704] [M]: 0x80001A8C (0x555555B7) lui a1, 349525
x11 <- 0x55555000


mem[X,0x80001A90] -> 0x8593
mem[X,0x80001A92] -> 0x5565
[1705] [M]: 0x80001A90 (0x55658593) addi a1, a1, 1366
x11 <- 0x55555556


mem[X,0x80001A94] -> 0x2633
mem[X,0x80001A96] -> 0x02B5
[1706] [M]: 0x80001A94 (0x02B52633) mulhsu a2, a0, a1
x12 <- 0x00000000


mem[X,0x80001A98] -> 0xA623
mem[X,0x80001A9A] -> 0x4AC6
[1707] [M]: 0x80001A98 (0x4AC6A623) sw a2, 1196(a3)
mem[0x80005704] <- 0x00000000


mem[X,0x80001A9C] -> 0x0513
mem[X,0x80001A9E] -> 0x0020
[1708] [M]: 0x80001A9C (0x00200513) addi a0, zero, 2
x10 <- 0x00000002


mem[X,0x80001AA0] -> 0xB5B7
mem[X,0x80001AA2] -> 0xAAAA
[1709] [M]: 0x80001AA0 (0xAAAAB5B7) lui a1, 699051
x11 <- 0xAAAAB000


mem[X,0x80001AA4] -> 0x8593
mem[X,0x80001AA6] -> 0xAAB5
[1710] [M]: 0x80001AA4 (0xAAB58593) addi a1, a1, 2731
x11 <- 0xAAAAAAAB


mem[X,0x80001AA8] -> 0x2633
mem[X,0x80001AAA] -> 0x02B5
[1711] [M]: 0x80001AA8 (0x02B52633) mulhsu a2, a0, a1
x12 <- 0x00000001


mem[X,0x80001AAC] -> 0xA823
mem[X,0x80001AAE] -> 0x4AC6
[1712] [M]: 0x80001AAC (0x4AC6A823) sw a2, 1200(a3)
mem[0x80005708] <- 0x00000001


mem[X,0x80001AB0] -> 0x0513
mem[X,0x80001AB2] -> 0x0020
[1713] [M]: 0x80001AB0 (0x00200513) addi a0, zero, 2
x10 <- 0x00000002


mem[X,0x80001AB4] -> 0x0593
mem[X,0x80001AB6] -> 0x0060
[1714] [M]: 0x80001AB4 (0x00600593) addi a1, zero, 6
x11 <- 0x00000006


mem[X,0x80001AB8] -> 0x2633
mem[X,0x80001ABA] -> 0x02B5
[1715] [M]: 0x80001AB8 (0x02B52633) mulhsu a2, a0, a1
x12 <- 0x00000000


mem[X,0x80001ABC] -> 0xAA23
mem[X,0x80001ABE] -> 0x4AC6
[1716] [M]: 0x80001ABC (0x4AC6AA23) sw a2, 1204(a3)
mem[0x8000570C] <- 0x00000000


mem[X,0x80001AC0] -> 0x0513
mem[X,0x80001AC2] -> 0x0020
[1717] [M]: 0x80001AC0 (0x00200513) addi a0, zero, 2
x10 <- 0x00000002


mem[X,0x80001AC4] -> 0x35B7
mem[X,0x80001AC6] -> 0x3333
[1718] [M]: 0x80001AC4 (0x333335B7) lui a1, 209715
x11 <- 0x33333000


mem[X,0x80001AC8] -> 0x8593
mem[X,0x80001ACA] -> 0x3345
[1719] [M]: 0x80001AC8 (0x33458593) addi a1, a1, 820
x11 <- 0x33333334


mem[X,0x80001ACC] -> 0x2633
mem[X,0x80001ACE] -> 0x02B5
[1720] [M]: 0x80001ACC (0x02B52633) mulhsu a2, a0, a1
x12 <- 0x00000000


mem[X,0x80001AD0] -> 0xAC23
mem[X,0x80001AD2] -> 0x4AC6
[1721] [M]: 0x80001AD0 (0x4AC6AC23) sw a2, 1208(a3)
mem[0x80005710] <- 0x00000000


mem[X,0x80001AD4] -> 0x0513
mem[X,0x80001AD6] -> 0x0020
[1722] [M]: 0x80001AD4 (0x00200513) addi a0, zero, 2
x10 <- 0x00000002


mem[X,0x80001AD8] -> 0x65B7
mem[X,0x80001ADA] -> 0x6666
[1723] [M]: 0x80001AD8 (0x666665B7) lui a1, 419430
x11 <- 0x66666000


mem[X,0x80001ADC] -> 0x8593
mem[X,0x80001ADE] -> 0x6675
[1724] [M]: 0x80001ADC (0x66758593) addi a1, a1, 1639
x11 <- 0x66666667


mem[X,0x80001AE0] -> 0x2633
mem[X,0x80001AE2] -> 0x02B5
[1725] [M]: 0x80001AE0 (0x02B52633) mulhsu a2, a0, a1
x12 <- 0x00000000


mem[X,0x80001AE4] -> 0xAE23
mem[X,0x80001AE6] -> 0x4AC6
[1726] [M]: 0x80001AE4 (0x4AC6AE23) sw a2, 1212(a3)
mem[0x80005714] <- 0x00000000


mem[X,0x80001AE8] -> 0x0513
mem[X,0x80001AEA] -> 0x0020
[1727] [M]: 0x80001AE8 (0x00200513) addi a0, zero, 2
x10 <- 0x00000002


mem[X,0x80001AEC] -> 0xB5B7
mem[X,0x80001AEE] -> 0x0000
[1728] [M]: 0x80001AEC (0x0000B5B7) lui a1, 11
x11 <- 0x0000B000


mem[X,0x80001AF0] -> 0x8593
mem[X,0x80001AF2] -> 0x5055
[1729] [M]: 0x80001AF0 (0x50558593) addi a1, a1, 1285
x11 <- 0x0000B505


mem[X,0x80001AF4] -> 0x2633
mem[X,0x80001AF6] -> 0x02B5
[1730] [M]: 0x80001AF4 (0x02B52633) mulhsu a2, a0, a1
x12 <- 0x00000000


mem[X,0x80001AF8] -> 0xA023
mem[X,0x80001AFA] -> 0x4CC6
[1731] [M]: 0x80001AF8 (0x4CC6A023) sw a2, 1216(a3)
mem[0x80005718] <- 0x00000000


mem[X,0x80001AFC] -> 0x0513
mem[X,0x80001AFE] -> 0x0020
[1732] [M]: 0x80001AFC (0x00200513) addi a0, zero, 2
x10 <- 0x00000002


mem[X,0x80001B00] -> 0x0593
mem[X,0x80001B02] -> 0x0010
[1733] [M]: 0x80001B00 (0x00100593) addi a1, zero, 1
x11 <- 0x00000001


mem[X,0x80001B04] -> 0x2633
mem[X,0x80001B06] -> 0x02B5
[1734] [M]: 0x80001B04 (0x02B52633) mulhsu a2, a0, a1
x12 <- 0x00000000


mem[X,0x80001B08] -> 0xA223
mem[X,0x80001B0A] -> 0x4CC6
[1735] [M]: 0x80001B08 (0x4CC6A223) sw a2, 1220(a3)
mem[0x8000571C] <- 0x00000000


mem[X,0x80001B0C] -> 0x0513
mem[X,0x80001B0E] -> 0x0020
[1736] [M]: 0x80001B0C (0x00200513) addi a0, zero, 2
x10 <- 0x00000002


mem[X,0x80001B10] -> 0x05B7
mem[X,0x80001B12] -> 0x0001
[1737] [M]: 0x80001B10 (0x000105B7) lui a1, 16
x11 <- 0x00010000


mem[X,0x80001B14] -> 0x2633
mem[X,0x80001B16] -> 0x02B5
[1738] [M]: 0x80001B14 (0x02B52633) mulhsu a2, a0, a1
x12 <- 0x00000000


mem[X,0x80001B18] -> 0xA423
mem[X,0x80001B1A] -> 0x4CC6
[1739] [M]: 0x80001B18 (0x4CC6A423) sw a2, 1224(a3)
mem[0x80005720] <- 0x00000000


mem[X,0x80001B1C] -> 0x5537
mem[X,0x80001B1E] -> 0x5555
[1740] [M]: 0x80001B1C (0x55555537) lui a0, 349525
x10 <- 0x55555000


mem[X,0x80001B20] -> 0x0513
mem[X,0x80001B22] -> 0x5545
[1741] [M]: 0x80001B20 (0x55450513) addi a0, a0, 1364
x10 <- 0x55555554


mem[X,0x80001B24] -> 0x0593
mem[X,0x80001B26] -> 0x0030
[1742] [M]: 0x80001B24 (0x00300593) addi a1, zero, 3
x11 <- 0x00000003


mem[X,0x80001B28] -> 0x2633
mem[X,0x80001B2A] -> 0x02B5
[1743] [M]: 0x80001B28 (0x02B52633) mulhsu a2, a0, a1
x12 <- 0x00000000


mem[X,0x80001B2C] -> 0xA623
mem[X,0x80001B2E] -> 0x4CC6
[1744] [M]: 0x80001B2C (0x4CC6A623) sw a2, 1228(a3)
mem[0x80005724] <- 0x00000000


mem[X,0x80001B30] -> 0x5537
mem[X,0x80001B32] -> 0x5555
[1745] [M]: 0x80001B30 (0x55555537) lui a0, 349525
x10 <- 0x55555000


mem[X,0x80001B34] -> 0x0513
mem[X,0x80001B36] -> 0x5545
[1746] [M]: 0x80001B34 (0x55450513) addi a0, a0, 1364
x10 <- 0x55555554


mem[X,0x80001B38] -> 0x55B7
mem[X,0x80001B3A] -> 0x5555
[1747] [M]: 0x80001B38 (0x555555B7) lui a1, 349525
x11 <- 0x55555000


mem[X,0x80001B3C] -> 0x8593
mem[X,0x80001B3E] -> 0x5555
[1748] [M]: 0x80001B3C (0x55558593) addi a1, a1, 1365
x11 <- 0x55555555


mem[X,0x80001B40] -> 0x2633
mem[X,0x80001B42] -> 0x02B5
[1749] [M]: 0x80001B40 (0x02B52633) mulhsu a2, a0, a1
x12 <- 0x1C71C71B


mem[X,0x80001B44] -> 0xA823
mem[X,0x80001B46] -> 0x4CC6
[1750] [M]: 0x80001B44 (0x4CC6A823) sw a2, 1232(a3)
mem[0x80005728] <- 0x1C71C71B


mem[X,0x80001B48] -> 0x5537
mem[X,0x80001B4A] -> 0x5555
[1751] [M]: 0x80001B48 (0x55555537) lui a0, 349525
x10 <- 0x55555000


mem[X,0x80001B4C] -> 0x0513
mem[X,0x80001B4E] -> 0x5545
[1752] [M]: 0x80001B4C (0x55450513) addi a0, a0, 1364
x10 <- 0x55555554


mem[X,0x80001B50] -> 0xB5B7
mem[X,0x80001B52] -> 0xAAAA
[1753] [M]: 0x80001B50 (0xAAAAB5B7) lui a1, 699051
x11 <- 0xAAAAB000


mem[X,0x80001B54] -> 0x8593
mem[X,0x80001B56] -> 0xAAA5
[1754] [M]: 0x80001B54 (0xAAA58593) addi a1, a1, 2730
x11 <- 0xAAAAAAAA


mem[X,0x80001B58] -> 0x2633
mem[X,0x80001B5A] -> 0x02B5
[1755] [M]: 0x80001B58 (0x02B52633) mulhsu a2, a0, a1
x12 <- 0x38E38E37


mem[X,0x80001B5C] -> 0xAA23
mem[X,0x80001B5E] -> 0x4CC6
[1756] [M]: 0x80001B5C (0x4CC6AA23) sw a2, 1236(a3)
mem[0x8000572C] <- 0x38E38E37


mem[X,0x80001B60] -> 0x5537
mem[X,0x80001B62] -> 0x5555
[1757] [M]: 0x80001B60 (0x55555537) lui a0, 349525
x10 <- 0x55555000


mem[X,0x80001B64] -> 0x0513
mem[X,0x80001B66] -> 0x5545
[1758] [M]: 0x80001B64 (0x55450513) addi a0, a0, 1364
x10 <- 0x55555554


mem[X,0x80001B68] -> 0x0593
mem[X,0x80001B6A] -> 0x0050
[1759] [M]: 0x80001B68 (0x00500593) addi a1, zero, 5
x11 <- 0x00000005


mem[X,0x80001B6C] -> 0x2633
mem[X,0x80001B6E] -> 0x02B5
[1760] [M]: 0x80001B6C (0x02B52633) mulhsu a2, a0, a1
x12 <- 0x00000001


mem[X,0x80001B70] -> 0xAC23
mem[X,0x80001B72] -> 0x4CC6
[1761] [M]: 0x80001B70 (0x4CC6AC23) sw a2, 1240(a3)
mem[0x80005730] <- 0x00000001


mem[X,0x80001B74] -> 0x5537
mem[X,0x80001B76] -> 0x5555
[1762] [M]: 0x80001B74 (0x55555537) lui a0, 349525
x10 <- 0x55555000


mem[X,0x80001B78] -> 0x0513
mem[X,0x80001B7A] -> 0x5545
[1763] [M]: 0x80001B78 (0x55450513) addi a0, a0, 1364
x10 <- 0x55555554


mem[X,0x80001B7C] -> 0x35B7
mem[X,0x80001B7E] -> 0x3333
[1764] [M]: 0x80001B7C (0x333335B7) lui a1, 209715
x11 <- 0x33333000


mem[X,0x80001B80] -> 0x8593
mem[X,0x80001B82] -> 0x3335
[1765] [M]: 0x80001B80 (0x33358593) addi a1, a1, 819
x11 <- 0x33333333


mem[X,0x80001B84] -> 0x2633
mem[X,0x80001B86] -> 0x02B5
[1766] [M]: 0x80001B84 (0x02B52633) mulhsu a2, a0, a1
x12 <- 0x11111110


mem[X,0x80001B88] -> 0xAE23
mem[X,0x80001B8A] -> 0x4CC6
[1767] [M]: 0x80001B88 (0x4CC6AE23) sw a2, 1244(a3)
mem[0x80005734] <- 0x11111110


mem[X,0x80001B8C] -> 0x5537
mem[X,0x80001B8E] -> 0x5555
[1768] [M]: 0x80001B8C (0x55555537) lui a0, 349525
x10 <- 0x55555000


mem[X,0x80001B90] -> 0x0513
mem[X,0x80001B92] -> 0x5545
[1769] [M]: 0x80001B90 (0x55450513) addi a0, a0, 1364
x10 <- 0x55555554


mem[X,0x80001B94] -> 0x65B7
mem[X,0x80001B96] -> 0x6666
[1770] [M]: 0x80001B94 (0x666665B7) lui a1, 419430
x11 <- 0x66666000


mem[X,0x80001B98] -> 0x8593
mem[X,0x80001B9A] -> 0x6665
[1771] [M]: 0x80001B98 (0x66658593) addi a1, a1, 1638
x11 <- 0x66666666


mem[X,0x80001B9C] -> 0x2633
mem[X,0x80001B9E] -> 0x02B5
[1772] [M]: 0x80001B9C (0x02B52633) mulhsu a2, a0, a1
x12 <- 0x22222221


mem[X,0x80001BA0] -> 0xA023
mem[X,0x80001BA2] -> 0x4EC6
[1773] [M]: 0x80001BA0 (0x4EC6A023) sw a2, 1248(a3)
mem[0x80005738] <- 0x22222221


mem[X,0x80001BA4] -> 0x5537
mem[X,0x80001BA6] -> 0x5555
[1774] [M]: 0x80001BA4 (0x55555537) lui a0, 349525
x10 <- 0x55555000


mem[X,0x80001BA8] -> 0x0513
mem[X,0x80001BAA] -> 0x5545
[1775] [M]: 0x80001BA8 (0x55450513) addi a0, a0, 1364
x10 <- 0x55555554


mem[X,0x80001BAC] -> 0xB5B7
mem[X,0x80001BAE] -> 0x0000
[1776] [M]: 0x80001BAC (0x0000B5B7) lui a1, 11
x11 <- 0x0000B000


mem[X,0x80001BB0] -> 0x8593
mem[X,0x80001BB2] -> 0x5045
[1777] [M]: 0x80001BB0 (0x50458593) addi a1, a1, 1284
x11 <- 0x0000B504


mem[X,0x80001BB4] -> 0x2633
mem[X,0x80001BB6] -> 0x02B5
[1778] [M]: 0x80001BB4 (0x02B52633) mulhsu a2, a0, a1
x12 <- 0x00003C56


mem[X,0x80001BB8] -> 0xA223
mem[X,0x80001BBA] -> 0x4EC6
[1779] [M]: 0x80001BB8 (0x4EC6A223) sw a2, 1252(a3)
mem[0x8000573C] <- 0x00003C56


mem[X,0x80001BBC] -> 0x5537
mem[X,0x80001BBE] -> 0x5555
[1780] [M]: 0x80001BBC (0x55555537) lui a0, 349525
x10 <- 0x55555000


mem[X,0x80001BC0] -> 0x0513
mem[X,0x80001BC2] -> 0x5545
[1781] [M]: 0x80001BC0 (0x55450513) addi a0, a0, 1364
x10 <- 0x55555554


mem[X,0x80001BC4] -> 0x0593
mem[X,0x80001BC6] -> 0x0000
[1782] [M]: 0x80001BC4 (0x00000593) addi a1, zero, 0
x11 <- 0x00000000


mem[X,0x80001BC8] -> 0x2633
mem[X,0x80001BCA] -> 0x02B5
[1783] [M]: 0x80001BC8 (0x02B52633) mulhsu a2, a0, a1
x12 <- 0x00000000


mem[X,0x80001BCC] -> 0xA423
mem[X,0x80001BCE] -> 0x4EC6
[1784] [M]: 0x80001BCC (0x4EC6A423) sw a2, 1256(a3)
mem[0x80005740] <- 0x00000000


mem[X,0x80001BD0] -> 0x5537
mem[X,0x80001BD2] -> 0x5555
[1785] [M]: 0x80001BD0 (0x55555537) lui a0, 349525
x10 <- 0x55555000


mem[X,0x80001BD4] -> 0x0513
mem[X,0x80001BD6] -> 0x5545
[1786] [M]: 0x80001BD4 (0x55450513) addi a0, a0, 1364
x10 <- 0x55555554


mem[X,0x80001BD8] -> 0x05B7
mem[X,0x80001BDA] -> 0x0001
[1787] [M]: 0x80001BD8 (0x000105B7) lui a1, 16
x11 <- 0x00010000


mem[X,0x80001BDC] -> 0x8593
mem[X,0x80001BDE] -> 0xFFF5
[1788] [M]: 0x80001BDC (0xFFF58593) addi a1, a1, 4095
x11 <- 0x0000FFFF


mem[X,0x80001BE0] -> 0x2633
mem[X,0x80001BE2] -> 0x02B5
[1789] [M]: 0x80001BE0 (0x02B52633) mulhsu a2, a0, a1
x12 <- 0x00005554


mem[X,0x80001BE4] -> 0xA623
mem[X,0x80001BE6] -> 0x4EC6
[1790] [M]: 0x80001BE4 (0x4EC6A623) sw a2, 1260(a3)
mem[0x80005744] <- 0x00005554


mem[X,0x80001BE8] -> 0x5537
mem[X,0x80001BEA] -> 0x5555
[1791] [M]: 0x80001BE8 (0x55555537) lui a0, 349525
x10 <- 0x55555000


mem[X,0x80001BEC] -> 0x0513
mem[X,0x80001BEE] -> 0x5545
[1792] [M]: 0x80001BEC (0x55450513) addi a0, a0, 1364
x10 <- 0x55555554


mem[X,0x80001BF0] -> 0x0593
mem[X,0x80001BF2] -> 0x0020
[1793] [M]: 0x80001BF0 (0x00200593) addi a1, zero, 2
x11 <- 0x00000002


mem[X,0x80001BF4] -> 0x2633
mem[X,0x80001BF6] -> 0x02B5
[1794] [M]: 0x80001BF4 (0x02B52633) mulhsu a2, a0, a1
x12 <- 0x00000000


mem[X,0x80001BF8] -> 0xA823
mem[X,0x80001BFA] -> 0x4EC6
[1795] [M]: 0x80001BF8 (0x4EC6A823) sw a2, 1264(a3)
mem[0x80005748] <- 0x00000000


mem[X,0x80001BFC] -> 0x5537
mem[X,0x80001BFE] -> 0x5555
[1796] [M]: 0x80001BFC (0x55555537) lui a0, 349525
x10 <- 0x55555000


mem[X,0x80001C00] -> 0x0513
mem[X,0x80001C02] -> 0x5545
[1797] [M]: 0x80001C00 (0x55450513) addi a0, a0, 1364
x10 <- 0x55555554


mem[X,0x80001C04] -> 0x55B7
mem[X,0x80001C06] -> 0x5555
[1798] [M]: 0x80001C04 (0x555555B7) lui a1, 349525
x11 <- 0x55555000


mem[X,0x80001C08] -> 0x8593
mem[X,0x80001C0A] -> 0x5545
[1799] [M]: 0x80001C08 (0x55458593) addi a1, a1, 1364
x11 <- 0x55555554


clint::tick mtime <- 0x0000000000000012
 clint timer pending at mtime 0x0000000000000012
htif::tick 0x0000000000000000
mem[X,0x80001C0C] -> 0x2633
mem[X,0x80001C0E] -> 0x02B5
[1800] [M]: 0x80001C0C (0x02B52633) mulhsu a2, a0, a1
x12 <- 0x1C71C71B


mem[X,0x80001C10] -> 0xAA23
mem[X,0x80001C12] -> 0x4EC6
[1801] [M]: 0x80001C10 (0x4EC6AA23) sw a2, 1268(a3)
mem[0x8000574C] <- 0x1C71C71B


mem[X,0x80001C14] -> 0x5537
mem[X,0x80001C16] -> 0x5555
[1802] [M]: 0x80001C14 (0x55555537) lui a0, 349525
x10 <- 0x55555000


mem[X,0x80001C18] -> 0x0513
mem[X,0x80001C1A] -> 0x5545
[1803] [M]: 0x80001C18 (0x55450513) addi a0, a0, 1364
x10 <- 0x55555554


mem[X,0x80001C1C] -> 0xB5B7
mem[X,0x80001C1E] -> 0xAAAA
[1804] [M]: 0x80001C1C (0xAAAAB5B7) lui a1, 699051
x11 <- 0xAAAAB000


mem[X,0x80001C20] -> 0x8593
mem[X,0x80001C22] -> 0xAA95
[1805] [M]: 0x80001C20 (0xAA958593) addi a1, a1, 2729
x11 <- 0xAAAAAAA9


mem[X,0x80001C24] -> 0x2633
mem[X,0x80001C26] -> 0x02B5
[1806] [M]: 0x80001C24 (0x02B52633) mulhsu a2, a0, a1
x12 <- 0x38E38E37


mem[X,0x80001C28] -> 0xAC23
mem[X,0x80001C2A] -> 0x4EC6
[1807] [M]: 0x80001C28 (0x4EC6AC23) sw a2, 1272(a3)
mem[0x80005750] <- 0x38E38E37


mem[X,0x80001C2C] -> 0x5537
mem[X,0x80001C2E] -> 0x5555
[1808] [M]: 0x80001C2C (0x55555537) lui a0, 349525
x10 <- 0x55555000


mem[X,0x80001C30] -> 0x0513
mem[X,0x80001C32] -> 0x5545
[1809] [M]: 0x80001C30 (0x55450513) addi a0, a0, 1364
x10 <- 0x55555554


mem[X,0x80001C34] -> 0x0593
mem[X,0x80001C36] -> 0x0040
[1810] [M]: 0x80001C34 (0x00400593) addi a1, zero, 4
x11 <- 0x00000004


mem[X,0x80001C38] -> 0x2633
mem[X,0x80001C3A] -> 0x02B5
[1811] [M]: 0x80001C38 (0x02B52633) mulhsu a2, a0, a1
x12 <- 0x00000001


mem[X,0x80001C3C] -> 0xAE23
mem[X,0x80001C3E] -> 0x4EC6
[1812] [M]: 0x80001C3C (0x4EC6AE23) sw a2, 1276(a3)
mem[0x80005754] <- 0x00000001


mem[X,0x80001C40] -> 0x5537
mem[X,0x80001C42] -> 0x5555
[1813] [M]: 0x80001C40 (0x55555537) lui a0, 349525
x10 <- 0x55555000


mem[X,0x80001C44] -> 0x0513
mem[X,0x80001C46] -> 0x5545
[1814] [M]: 0x80001C44 (0x55450513) addi a0, a0, 1364
x10 <- 0x55555554


mem[X,0x80001C48] -> 0x35B7
mem[X,0x80001C4A] -> 0x3333
[1815] [M]: 0x80001C48 (0x333335B7) lui a1, 209715
x11 <- 0x33333000


mem[X,0x80001C4C] -> 0x8593
mem[X,0x80001C4E] -> 0x3325
[1816] [M]: 0x80001C4C (0x33258593) addi a1, a1, 818
x11 <- 0x33333332


mem[X,0x80001C50] -> 0x2633
mem[X,0x80001C52] -> 0x02B5
[1817] [M]: 0x80001C50 (0x02B52633) mulhsu a2, a0, a1
x12 <- 0x11111110


mem[X,0x80001C54] -> 0xA023
mem[X,0x80001C56] -> 0x50C6
[1818] [M]: 0x80001C54 (0x50C6A023) sw a2, 1280(a3)
mem[0x80005758] <- 0x11111110


mem[X,0x80001C58] -> 0x5537
mem[X,0x80001C5A] -> 0x5555
[1819] [M]: 0x80001C58 (0x55555537) lui a0, 349525
x10 <- 0x55555000


mem[X,0x80001C5C] -> 0x0513
mem[X,0x80001C5E] -> 0x5545
[1820] [M]: 0x80001C5C (0x55450513) addi a0, a0, 1364
x10 <- 0x55555554


mem[X,0x80001C60] -> 0x65B7
mem[X,0x80001C62] -> 0x6666
[1821] [M]: 0x80001C60 (0x666665B7) lui a1, 419430
x11 <- 0x66666000


mem[X,0x80001C64] -> 0x8593
mem[X,0x80001C66] -> 0x6655
[1822] [M]: 0x80001C64 (0x66558593) addi a1, a1, 1637
x11 <- 0x66666665


mem[X,0x80001C68] -> 0x2633
mem[X,0x80001C6A] -> 0x02B5
[1823] [M]: 0x80001C68 (0x02B52633) mulhsu a2, a0, a1
x12 <- 0x22222221


mem[X,0x80001C6C] -> 0xA223
mem[X,0x80001C6E] -> 0x50C6
[1824] [M]: 0x80001C6C (0x50C6A223) sw a2, 1284(a3)
mem[0x8000575C] <- 0x22222221


mem[X,0x80001C70] -> 0x5537
mem[X,0x80001C72] -> 0x5555
[1825] [M]: 0x80001C70 (0x55555537) lui a0, 349525
x10 <- 0x55555000


mem[X,0x80001C74] -> 0x0513
mem[X,0x80001C76] -> 0x5545
[1826] [M]: 0x80001C74 (0x55450513) addi a0, a0, 1364
x10 <- 0x55555554


mem[X,0x80001C78] -> 0xB5B7
mem[X,0x80001C7A] -> 0x0000
[1827] [M]: 0x80001C78 (0x0000B5B7) lui a1, 11
x11 <- 0x0000B000


mem[X,0x80001C7C] -> 0x8593
mem[X,0x80001C7E] -> 0x5035
[1828] [M]: 0x80001C7C (0x50358593) addi a1, a1, 1283
x11 <- 0x0000B503


mem[X,0x80001C80] -> 0x2633
mem[X,0x80001C82] -> 0x02B5
[1829] [M]: 0x80001C80 (0x02B52633) mulhsu a2, a0, a1
x12 <- 0x00003C56


mem[X,0x80001C84] -> 0xA423
mem[X,0x80001C86] -> 0x50C6
[1830] [M]: 0x80001C84 (0x50C6A423) sw a2, 1288(a3)
mem[0x80005760] <- 0x00003C56


mem[X,0x80001C88] -> 0x5537
mem[X,0x80001C8A] -> 0x5555
[1831] [M]: 0x80001C88 (0x55555537) lui a0, 349525
x10 <- 0x55555000


mem[X,0x80001C8C] -> 0x0513
mem[X,0x80001C8E] -> 0x5545
[1832] [M]: 0x80001C8C (0x55450513) addi a0, a0, 1364
x10 <- 0x55555554


mem[X,0x80001C90] -> 0x05B7
mem[X,0x80001C92] -> 0x0001
[1833] [M]: 0x80001C90 (0x000105B7) lui a1, 16
x11 <- 0x00010000


mem[X,0x80001C94] -> 0x8593
mem[X,0x80001C96] -> 0xFFE5
[1834] [M]: 0x80001C94 (0xFFE58593) addi a1, a1, 4094
x11 <- 0x0000FFFE


mem[X,0x80001C98] -> 0x2633
mem[X,0x80001C9A] -> 0x02B5
[1835] [M]: 0x80001C98 (0x02B52633) mulhsu a2, a0, a1
x12 <- 0x00005554


mem[X,0x80001C9C] -> 0xA623
mem[X,0x80001C9E] -> 0x50C6
[1836] [M]: 0x80001C9C (0x50C6A623) sw a2, 1292(a3)
mem[0x80005764] <- 0x00005554


mem[X,0x80001CA0] -> 0x5537
mem[X,0x80001CA2] -> 0x5555
[1837] [M]: 0x80001CA0 (0x55555537) lui a0, 349525
x10 <- 0x55555000


mem[X,0x80001CA4] -> 0x0513
mem[X,0x80001CA6] -> 0x5545
[1838] [M]: 0x80001CA4 (0x55450513) addi a0, a0, 1364
x10 <- 0x55555554


mem[X,0x80001CA8] -> 0x55B7
mem[X,0x80001CAA] -> 0x5555
[1839] [M]: 0x80001CA8 (0x555555B7) lui a1, 349525
x11 <- 0x55555000


mem[X,0x80001CAC] -> 0x8593
mem[X,0x80001CAE] -> 0x5565
[1840] [M]: 0x80001CAC (0x55658593) addi a1, a1, 1366
x11 <- 0x55555556


mem[X,0x80001CB0] -> 0x2633
mem[X,0x80001CB2] -> 0x02B5
[1841] [M]: 0x80001CB0 (0x02B52633) mulhsu a2, a0, a1
x12 <- 0x1C71C71C


mem[X,0x80001CB4] -> 0xA823
mem[X,0x80001CB6] -> 0x50C6
[1842] [M]: 0x80001CB4 (0x50C6A823) sw a2, 1296(a3)
mem[0x80005768] <- 0x1C71C71C


mem[X,0x80001CB8] -> 0x5537
mem[X,0x80001CBA] -> 0x5555
[1843] [M]: 0x80001CB8 (0x55555537) lui a0, 349525
x10 <- 0x55555000


mem[X,0x80001CBC] -> 0x0513
mem[X,0x80001CBE] -> 0x5545
[1844] [M]: 0x80001CBC (0x55450513) addi a0, a0, 1364
x10 <- 0x55555554


mem[X,0x80001CC0] -> 0xB5B7
mem[X,0x80001CC2] -> 0xAAAA
[1845] [M]: 0x80001CC0 (0xAAAAB5B7) lui a1, 699051
x11 <- 0xAAAAB000


mem[X,0x80001CC4] -> 0x8593
mem[X,0x80001CC6] -> 0xAAB5
[1846] [M]: 0x80001CC4 (0xAAB58593) addi a1, a1, 2731
x11 <- 0xAAAAAAAB


mem[X,0x80001CC8] -> 0x2633
mem[X,0x80001CCA] -> 0x02B5
[1847] [M]: 0x80001CC8 (0x02B52633) mulhsu a2, a0, a1
x12 <- 0x38E38E38


mem[X,0x80001CCC] -> 0xAA23
mem[X,0x80001CCE] -> 0x50C6
[1848] [M]: 0x80001CCC (0x50C6AA23) sw a2, 1300(a3)
mem[0x8000576C] <- 0x38E38E38


mem[X,0x80001CD0] -> 0x5537
mem[X,0x80001CD2] -> 0x5555
[1849] [M]: 0x80001CD0 (0x55555537) lui a0, 349525
x10 <- 0x55555000


mem[X,0x80001CD4] -> 0x0513
mem[X,0x80001CD6] -> 0x5545
[1850] [M]: 0x80001CD4 (0x55450513) addi a0, a0, 1364
x10 <- 0x55555554


mem[X,0x80001CD8] -> 0x0593
mem[X,0x80001CDA] -> 0x0060
[1851] [M]: 0x80001CD8 (0x00600593) addi a1, zero, 6
x11 <- 0x00000006


mem[X,0x80001CDC] -> 0x2633
mem[X,0x80001CDE] -> 0x02B5
[1852] [M]: 0x80001CDC (0x02B52633) mulhsu a2, a0, a1
x12 <- 0x00000001


mem[X,0x80001CE0] -> 0xAC23
mem[X,0x80001CE2] -> 0x50C6
[1853] [M]: 0x80001CE0 (0x50C6AC23) sw a2, 1304(a3)
mem[0x80005770] <- 0x00000001


mem[X,0x80001CE4] -> 0x5537
mem[X,0x80001CE6] -> 0x5555
[1854] [M]: 0x80001CE4 (0x55555537) lui a0, 349525
x10 <- 0x55555000


mem[X,0x80001CE8] -> 0x0513
mem[X,0x80001CEA] -> 0x5545
[1855] [M]: 0x80001CE8 (0x55450513) addi a0, a0, 1364
x10 <- 0x55555554


mem[X,0x80001CEC] -> 0x35B7
mem[X,0x80001CEE] -> 0x3333
[1856] [M]: 0x80001CEC (0x333335B7) lui a1, 209715
x11 <- 0x33333000


mem[X,0x80001CF0] -> 0x8593
mem[X,0x80001CF2] -> 0x3345
[1857] [M]: 0x80001CF0 (0x33458593) addi a1, a1, 820
x11 <- 0x33333334


mem[X,0x80001CF4] -> 0x2633
mem[X,0x80001CF6] -> 0x02B5
[1858] [M]: 0x80001CF4 (0x02B52633) mulhsu a2, a0, a1
x12 <- 0x11111111


mem[X,0x80001CF8] -> 0xAE23
mem[X,0x80001CFA] -> 0x50C6
[1859] [M]: 0x80001CF8 (0x50C6AE23) sw a2, 1308(a3)
mem[0x80005774] <- 0x11111111


mem[X,0x80001CFC] -> 0x5537
mem[X,0x80001CFE] -> 0x5555
[1860] [M]: 0x80001CFC (0x55555537) lui a0, 349525
x10 <- 0x55555000


mem[X,0x80001D00] -> 0x0513
mem[X,0x80001D02] -> 0x5545
[1861] [M]: 0x80001D00 (0x55450513) addi a0, a0, 1364
x10 <- 0x55555554


mem[X,0x80001D04] -> 0x65B7
mem[X,0x80001D06] -> 0x6666
[1862] [M]: 0x80001D04 (0x666665B7) lui a1, 419430
x11 <- 0x66666000


mem[X,0x80001D08] -> 0x8593
mem[X,0x80001D0A] -> 0x6675
[1863] [M]: 0x80001D08 (0x66758593) addi a1, a1, 1639
x11 <- 0x66666667


mem[X,0x80001D0C] -> 0x2633
mem[X,0x80001D0E] -> 0x02B5
[1864] [M]: 0x80001D0C (0x02B52633) mulhsu a2, a0, a1
x12 <- 0x22222221


mem[X,0x80001D10] -> 0xA023
mem[X,0x80001D12] -> 0x52C6
[1865] [M]: 0x80001D10 (0x52C6A023) sw a2, 1312(a3)
mem[0x80005778] <- 0x22222221


mem[X,0x80001D14] -> 0x5537
mem[X,0x80001D16] -> 0x5555
[1866] [M]: 0x80001D14 (0x55555537) lui a0, 349525
x10 <- 0x55555000


mem[X,0x80001D18] -> 0x0513
mem[X,0x80001D1A] -> 0x5545
[1867] [M]: 0x80001D18 (0x55450513) addi a0, a0, 1364
x10 <- 0x55555554


mem[X,0x80001D1C] -> 0xB5B7
mem[X,0x80001D1E] -> 0x0000
[1868] [M]: 0x80001D1C (0x0000B5B7) lui a1, 11
x11 <- 0x0000B000


mem[X,0x80001D20] -> 0x8593
mem[X,0x80001D22] -> 0x5055
[1869] [M]: 0x80001D20 (0x50558593) addi a1, a1, 1285
x11 <- 0x0000B505


mem[X,0x80001D24] -> 0x2633
mem[X,0x80001D26] -> 0x02B5
[1870] [M]: 0x80001D24 (0x02B52633) mulhsu a2, a0, a1
x12 <- 0x00003C56


mem[X,0x80001D28] -> 0xA223
mem[X,0x80001D2A] -> 0x52C6
[1871] [M]: 0x80001D28 (0x52C6A223) sw a2, 1316(a3)
mem[0x8000577C] <- 0x00003C56


mem[X,0x80001D2C] -> 0x5537
mem[X,0x80001D2E] -> 0x5555
[1872] [M]: 0x80001D2C (0x55555537) lui a0, 349525
x10 <- 0x55555000


mem[X,0x80001D30] -> 0x0513
mem[X,0x80001D32] -> 0x5545
[1873] [M]: 0x80001D30 (0x55450513) addi a0, a0, 1364
x10 <- 0x55555554


mem[X,0x80001D34] -> 0x0593
mem[X,0x80001D36] -> 0x0010
[1874] [M]: 0x80001D34 (0x00100593) addi a1, zero, 1
x11 <- 0x00000001


mem[X,0x80001D38] -> 0x2633
mem[X,0x80001D3A] -> 0x02B5
[1875] [M]: 0x80001D38 (0x02B52633) mulhsu a2, a0, a1
x12 <- 0x00000000


mem[X,0x80001D3C] -> 0xA423
mem[X,0x80001D3E] -> 0x52C6
[1876] [M]: 0x80001D3C (0x52C6A423) sw a2, 1320(a3)
mem[0x80005780] <- 0x00000000


mem[X,0x80001D40] -> 0x5537
mem[X,0x80001D42] -> 0x5555
[1877] [M]: 0x80001D40 (0x55555537) lui a0, 349525
x10 <- 0x55555000


mem[X,0x80001D44] -> 0x0513
mem[X,0x80001D46] -> 0x5545
[1878] [M]: 0x80001D44 (0x55450513) addi a0, a0, 1364
x10 <- 0x55555554


mem[X,0x80001D48] -> 0x05B7
mem[X,0x80001D4A] -> 0x0001
[1879] [M]: 0x80001D48 (0x000105B7) lui a1, 16
x11 <- 0x00010000


mem[X,0x80001D4C] -> 0x2633
mem[X,0x80001D4E] -> 0x02B5
[1880] [M]: 0x80001D4C (0x02B52633) mulhsu a2, a0, a1
x12 <- 0x00005555


mem[X,0x80001D50] -> 0xA623
mem[X,0x80001D52] -> 0x52C6
[1881] [M]: 0x80001D50 (0x52C6A623) sw a2, 1324(a3)
mem[0x80005784] <- 0x00005555


mem[X,0x80001D54] -> 0x0513
mem[X,0x80001D56] -> 0x0000
[1882] [M]: 0x80001D54 (0x00000513) addi a0, zero, 0
x10 <- 0x00000000


mem[X,0x80001D58] -> 0x0593
mem[X,0x80001D5A] -> 0x0030
[1883] [M]: 0x80001D58 (0x00300593) addi a1, zero, 3
x11 <- 0x00000003


mem[X,0x80001D5C] -> 0x2633
mem[X,0x80001D5E] -> 0x02B5
[1884] [M]: 0x80001D5C (0x02B52633) mulhsu a2, a0, a1
x12 <- 0x00000000


mem[X,0x80001D60] -> 0xA823
mem[X,0x80001D62] -> 0x52C6
[1885] [M]: 0x80001D60 (0x52C6A823) sw a2, 1328(a3)
mem[0x80005788] <- 0x00000000


mem[X,0x80001D64] -> 0x0513
mem[X,0x80001D66] -> 0x0000
[1886] [M]: 0x80001D64 (0x00000513) addi a0, zero, 0
x10 <- 0x00000000


mem[X,0x80001D68] -> 0x55B7
mem[X,0x80001D6A] -> 0x5555
[1887] [M]: 0x80001D68 (0x555555B7) lui a1, 349525
x11 <- 0x55555000


mem[X,0x80001D6C] -> 0x8593
mem[X,0x80001D6E] -> 0x5555
[1888] [M]: 0x80001D6C (0x55558593) addi a1, a1, 1365
x11 <- 0x55555555


mem[X,0x80001D70] -> 0x2633
mem[X,0x80001D72] -> 0x02B5
[1889] [M]: 0x80001D70 (0x02B52633) mulhsu a2, a0, a1
x12 <- 0x00000000


mem[X,0x80001D74] -> 0xAA23
mem[X,0x80001D76] -> 0x52C6
[1890] [M]: 0x80001D74 (0x52C6AA23) sw a2, 1332(a3)
mem[0x8000578C] <- 0x00000000


mem[X,0x80001D78] -> 0x0513
mem[X,0x80001D7A] -> 0x0000
[1891] [M]: 0x80001D78 (0x00000513) addi a0, zero, 0
x10 <- 0x00000000


mem[X,0x80001D7C] -> 0xB5B7
mem[X,0x80001D7E] -> 0xAAAA
[1892] [M]: 0x80001D7C (0xAAAAB5B7) lui a1, 699051
x11 <- 0xAAAAB000


mem[X,0x80001D80] -> 0x8593
mem[X,0x80001D82] -> 0xAAA5
[1893] [M]: 0x80001D80 (0xAAA58593) addi a1, a1, 2730
x11 <- 0xAAAAAAAA


mem[X,0x80001D84] -> 0x2633
mem[X,0x80001D86] -> 0x02B5
[1894] [M]: 0x80001D84 (0x02B52633) mulhsu a2, a0, a1
x12 <- 0x00000000


mem[X,0x80001D88] -> 0xAC23
mem[X,0x80001D8A] -> 0x52C6
[1895] [M]: 0x80001D88 (0x52C6AC23) sw a2, 1336(a3)
mem[0x80005790] <- 0x00000000


mem[X,0x80001D8C] -> 0x0513
mem[X,0x80001D8E] -> 0x0000
[1896] [M]: 0x80001D8C (0x00000513) addi a0, zero, 0
x10 <- 0x00000000


mem[X,0x80001D90] -> 0x0593
mem[X,0x80001D92] -> 0x0050
[1897] [M]: 0x80001D90 (0x00500593) addi a1, zero, 5
x11 <- 0x00000005


mem[X,0x80001D94] -> 0x2633
mem[X,0x80001D96] -> 0x02B5
[1898] [M]: 0x80001D94 (0x02B52633) mulhsu a2, a0, a1
x12 <- 0x00000000


mem[X,0x80001D98] -> 0xAE23
mem[X,0x80001D9A] -> 0x52C6
[1899] [M]: 0x80001D98 (0x52C6AE23) sw a2, 1340(a3)
mem[0x80005794] <- 0x00000000


clint::tick mtime <- 0x0000000000000013
 clint timer pending at mtime 0x0000000000000013
htif::tick 0x0000000000000000
mem[X,0x80001D9C] -> 0x0513
mem[X,0x80001D9E] -> 0x0000
[1900] [M]: 0x80001D9C (0x00000513) addi a0, zero, 0
x10 <- 0x00000000


mem[X,0x80001DA0] -> 0x35B7
mem[X,0x80001DA2] -> 0x3333
[1901] [M]: 0x80001DA0 (0x333335B7) lui a1, 209715
x11 <- 0x33333000


mem[X,0x80001DA4] -> 0x8593
mem[X,0x80001DA6] -> 0x3335
[1902] [M]: 0x80001DA4 (0x33358593) addi a1, a1, 819
x11 <- 0x33333333


mem[X,0x80001DA8] -> 0x2633
mem[X,0x80001DAA] -> 0x02B5
[1903] [M]: 0x80001DA8 (0x02B52633) mulhsu a2, a0, a1
x12 <- 0x00000000


mem[X,0x80001DAC] -> 0xA023
mem[X,0x80001DAE] -> 0x54C6
[1904] [M]: 0x80001DAC (0x54C6A023) sw a2, 1344(a3)
mem[0x80005798] <- 0x00000000


mem[X,0x80001DB0] -> 0x0513
mem[X,0x80001DB2] -> 0x0000
[1905] [M]: 0x80001DB0 (0x00000513) addi a0, zero, 0
x10 <- 0x00000000


mem[X,0x80001DB4] -> 0x65B7
mem[X,0x80001DB6] -> 0x6666
[1906] [M]: 0x80001DB4 (0x666665B7) lui a1, 419430
x11 <- 0x66666000


mem[X,0x80001DB8] -> 0x8593
mem[X,0x80001DBA] -> 0x6665
[1907] [M]: 0x80001DB8 (0x66658593) addi a1, a1, 1638
x11 <- 0x66666666


mem[X,0x80001DBC] -> 0x2633
mem[X,0x80001DBE] -> 0x02B5
[1908] [M]: 0x80001DBC (0x02B52633) mulhsu a2, a0, a1
x12 <- 0x00000000


mem[X,0x80001DC0] -> 0xA223
mem[X,0x80001DC2] -> 0x54C6
[1909] [M]: 0x80001DC0 (0x54C6A223) sw a2, 1348(a3)
mem[0x8000579C] <- 0x00000000


mem[X,0x80001DC4] -> 0x0513
mem[X,0x80001DC6] -> 0x0000
[1910] [M]: 0x80001DC4 (0x00000513) addi a0, zero, 0
x10 <- 0x00000000


mem[X,0x80001DC8] -> 0xB5B7
mem[X,0x80001DCA] -> 0x0000
[1911] [M]: 0x80001DC8 (0x0000B5B7) lui a1, 11
x11 <- 0x0000B000


mem[X,0x80001DCC] -> 0x8593
mem[X,0x80001DCE] -> 0x5045
[1912] [M]: 0x80001DCC (0x50458593) addi a1, a1, 1284
x11 <- 0x0000B504


mem[X,0x80001DD0] -> 0x2633
mem[X,0x80001DD2] -> 0x02B5
[1913] [M]: 0x80001DD0 (0x02B52633) mulhsu a2, a0, a1
x12 <- 0x00000000


mem[X,0x80001DD4] -> 0xA423
mem[X,0x80001DD6] -> 0x54C6
[1914] [M]: 0x80001DD4 (0x54C6A423) sw a2, 1352(a3)
mem[0x800057A0] <- 0x00000000


mem[X,0x80001DD8] -> 0x0513
mem[X,0x80001DDA] -> 0x0000
[1915] [M]: 0x80001DD8 (0x00000513) addi a0, zero, 0
x10 <- 0x00000000


mem[X,0x80001DDC] -> 0x0593
mem[X,0x80001DDE] -> 0x0000
[1916] [M]: 0x80001DDC (0x00000593) addi a1, zero, 0
x11 <- 0x00000000


mem[X,0x80001DE0] -> 0x2633
mem[X,0x80001DE2] -> 0x02B5
[1917] [M]: 0x80001DE0 (0x02B52633) mulhsu a2, a0, a1
x12 <- 0x00000000


mem[X,0x80001DE4] -> 0xA623
mem[X,0x80001DE6] -> 0x54C6
[1918] [M]: 0x80001DE4 (0x54C6A623) sw a2, 1356(a3)
mem[0x800057A4] <- 0x00000000


mem[X,0x80001DE8] -> 0x0513
mem[X,0x80001DEA] -> 0x0000
[1919] [M]: 0x80001DE8 (0x00000513) addi a0, zero, 0
x10 <- 0x00000000


mem[X,0x80001DEC] -> 0x05B7
mem[X,0x80001DEE] -> 0x0001
[1920] [M]: 0x80001DEC (0x000105B7) lui a1, 16
x11 <- 0x00010000


mem[X,0x80001DF0] -> 0x8593
mem[X,0x80001DF2] -> 0xFFF5
[1921] [M]: 0x80001DF0 (0xFFF58593) addi a1, a1, 4095
x11 <- 0x0000FFFF


mem[X,0x80001DF4] -> 0x2633
mem[X,0x80001DF6] -> 0x02B5
[1922] [M]: 0x80001DF4 (0x02B52633) mulhsu a2, a0, a1
x12 <- 0x00000000


mem[X,0x80001DF8] -> 0xA823
mem[X,0x80001DFA] -> 0x54C6
[1923] [M]: 0x80001DF8 (0x54C6A823) sw a2, 1360(a3)
mem[0x800057A8] <- 0x00000000


mem[X,0x80001DFC] -> 0x0513
mem[X,0x80001DFE] -> 0x0000
[1924] [M]: 0x80001DFC (0x00000513) addi a0, zero, 0
x10 <- 0x00000000


mem[X,0x80001E00] -> 0x0593
mem[X,0x80001E02] -> 0x0020
[1925] [M]: 0x80001E00 (0x00200593) addi a1, zero, 2
x11 <- 0x00000002


mem[X,0x80001E04] -> 0x2633
mem[X,0x80001E06] -> 0x02B5
[1926] [M]: 0x80001E04 (0x02B52633) mulhsu a2, a0, a1
x12 <- 0x00000000


mem[X,0x80001E08] -> 0xAA23
mem[X,0x80001E0A] -> 0x54C6
[1927] [M]: 0x80001E08 (0x54C6AA23) sw a2, 1364(a3)
mem[0x800057AC] <- 0x00000000


mem[X,0x80001E0C] -> 0x0513
mem[X,0x80001E0E] -> 0x0000
[1928] [M]: 0x80001E0C (0x00000513) addi a0, zero, 0
x10 <- 0x00000000


mem[X,0x80001E10] -> 0x55B7
mem[X,0x80001E12] -> 0x5555
[1929] [M]: 0x80001E10 (0x555555B7) lui a1, 349525
x11 <- 0x55555000


mem[X,0x80001E14] -> 0x8593
mem[X,0x80001E16] -> 0x5545
[1930] [M]: 0x80001E14 (0x55458593) addi a1, a1, 1364
x11 <- 0x55555554


mem[X,0x80001E18] -> 0x2633
mem[X,0x80001E1A] -> 0x02B5
[1931] [M]: 0x80001E18 (0x02B52633) mulhsu a2, a0, a1
x12 <- 0x00000000


mem[X,0x80001E1C] -> 0xAC23
mem[X,0x80001E1E] -> 0x54C6
[1932] [M]: 0x80001E1C (0x54C6AC23) sw a2, 1368(a3)
mem[0x800057B0] <- 0x00000000


mem[X,0x80001E20] -> 0x0513
mem[X,0x80001E22] -> 0x0000
[1933] [M]: 0x80001E20 (0x00000513) addi a0, zero, 0
x10 <- 0x00000000


mem[X,0x80001E24] -> 0xB5B7
mem[X,0x80001E26] -> 0xAAAA
[1934] [M]: 0x80001E24 (0xAAAAB5B7) lui a1, 699051
x11 <- 0xAAAAB000


mem[X,0x80001E28] -> 0x8593
mem[X,0x80001E2A] -> 0xAA95
[1935] [M]: 0x80001E28 (0xAA958593) addi a1, a1, 2729
x11 <- 0xAAAAAAA9


mem[X,0x80001E2C] -> 0x2633
mem[X,0x80001E2E] -> 0x02B5
[1936] [M]: 0x80001E2C (0x02B52633) mulhsu a2, a0, a1
x12 <- 0x00000000


mem[X,0x80001E30] -> 0xAE23
mem[X,0x80001E32] -> 0x54C6
[1937] [M]: 0x80001E30 (0x54C6AE23) sw a2, 1372(a3)
mem[0x800057B4] <- 0x00000000


mem[X,0x80001E34] -> 0x0513
mem[X,0x80001E36] -> 0x0000
[1938] [M]: 0x80001E34 (0x00000513) addi a0, zero, 0
x10 <- 0x00000000


mem[X,0x80001E38] -> 0x0593
mem[X,0x80001E3A] -> 0x0040
[1939] [M]: 0x80001E38 (0x00400593) addi a1, zero, 4
x11 <- 0x00000004


mem[X,0x80001E3C] -> 0x2633
mem[X,0x80001E3E] -> 0x02B5
[1940] [M]: 0x80001E3C (0x02B52633) mulhsu a2, a0, a1
x12 <- 0x00000000


mem[X,0x80001E40] -> 0xA023
mem[X,0x80001E42] -> 0x56C6
[1941] [M]: 0x80001E40 (0x56C6A023) sw a2, 1376(a3)
mem[0x800057B8] <- 0x00000000


mem[X,0x80001E44] -> 0x0513
mem[X,0x80001E46] -> 0x0000
[1942] [M]: 0x80001E44 (0x00000513) addi a0, zero, 0
x10 <- 0x00000000


mem[X,0x80001E48] -> 0x35B7
mem[X,0x80001E4A] -> 0x3333
[1943] [M]: 0x80001E48 (0x333335B7) lui a1, 209715
x11 <- 0x33333000


mem[X,0x80001E4C] -> 0x8593
mem[X,0x80001E4E] -> 0x3325
[1944] [M]: 0x80001E4C (0x33258593) addi a1, a1, 818
x11 <- 0x33333332


mem[X,0x80001E50] -> 0x2633
mem[X,0x80001E52] -> 0x02B5
[1945] [M]: 0x80001E50 (0x02B52633) mulhsu a2, a0, a1
x12 <- 0x00000000


mem[X,0x80001E54] -> 0xA223
mem[X,0x80001E56] -> 0x56C6
[1946] [M]: 0x80001E54 (0x56C6A223) sw a2, 1380(a3)
mem[0x800057BC] <- 0x00000000


mem[X,0x80001E58] -> 0x0513
mem[X,0x80001E5A] -> 0x0000
[1947] [M]: 0x80001E58 (0x00000513) addi a0, zero, 0
x10 <- 0x00000000


mem[X,0x80001E5C] -> 0x65B7
mem[X,0x80001E5E] -> 0x6666
[1948] [M]: 0x80001E5C (0x666665B7) lui a1, 419430
x11 <- 0x66666000


mem[X,0x80001E60] -> 0x8593
mem[X,0x80001E62] -> 0x6655
[1949] [M]: 0x80001E60 (0x66558593) addi a1, a1, 1637
x11 <- 0x66666665


mem[X,0x80001E64] -> 0x2633
mem[X,0x80001E66] -> 0x02B5
[1950] [M]: 0x80001E64 (0x02B52633) mulhsu a2, a0, a1
x12 <- 0x00000000


mem[X,0x80001E68] -> 0xA423
mem[X,0x80001E6A] -> 0x56C6
[1951] [M]: 0x80001E68 (0x56C6A423) sw a2, 1384(a3)
mem[0x800057C0] <- 0x00000000


mem[X,0x80001E6C] -> 0x0513
mem[X,0x80001E6E] -> 0x0000
[1952] [M]: 0x80001E6C (0x00000513) addi a0, zero, 0
x10 <- 0x00000000


mem[X,0x80001E70] -> 0xB5B7
mem[X,0x80001E72] -> 0x0000
[1953] [M]: 0x80001E70 (0x0000B5B7) lui a1, 11
x11 <- 0x0000B000


mem[X,0x80001E74] -> 0x8593
mem[X,0x80001E76] -> 0x5035
[1954] [M]: 0x80001E74 (0x50358593) addi a1, a1, 1283
x11 <- 0x0000B503


mem[X,0x80001E78] -> 0x2633
mem[X,0x80001E7A] -> 0x02B5
[1955] [M]: 0x80001E78 (0x02B52633) mulhsu a2, a0, a1
x12 <- 0x00000000


mem[X,0x80001E7C] -> 0xA623
mem[X,0x80001E7E] -> 0x56C6
[1956] [M]: 0x80001E7C (0x56C6A623) sw a2, 1388(a3)
mem[0x800057C4] <- 0x00000000


mem[X,0x80001E80] -> 0x0513
mem[X,0x80001E82] -> 0x0000
[1957] [M]: 0x80001E80 (0x00000513) addi a0, zero, 0
x10 <- 0x00000000


mem[X,0x80001E84] -> 0x05B7
mem[X,0x80001E86] -> 0x0001
[1958] [M]: 0x80001E84 (0x000105B7) lui a1, 16
x11 <- 0x00010000


mem[X,0x80001E88] -> 0x8593
mem[X,0x80001E8A] -> 0xFFE5
[1959] [M]: 0x80001E88 (0xFFE58593) addi a1, a1, 4094
x11 <- 0x0000FFFE


mem[X,0x80001E8C] -> 0x2633
mem[X,0x80001E8E] -> 0x02B5
[1960] [M]: 0x80001E8C (0x02B52633) mulhsu a2, a0, a1
x12 <- 0x00000000


mem[X,0x80001E90] -> 0xA823
mem[X,0x80001E92] -> 0x56C6
[1961] [M]: 0x80001E90 (0x56C6A823) sw a2, 1392(a3)
mem[0x800057C8] <- 0x00000000


mem[X,0x80001E94] -> 0x0513
mem[X,0x80001E96] -> 0x0000
[1962] [M]: 0x80001E94 (0x00000513) addi a0, zero, 0
x10 <- 0x00000000


mem[X,0x80001E98] -> 0x55B7
mem[X,0x80001E9A] -> 0x5555
[1963] [M]: 0x80001E98 (0x555555B7) lui a1, 349525
x11 <- 0x55555000


mem[X,0x80001E9C] -> 0x8593
mem[X,0x80001E9E] -> 0x5565
[1964] [M]: 0x80001E9C (0x55658593) addi a1, a1, 1366
x11 <- 0x55555556


mem[X,0x80001EA0] -> 0x2633
mem[X,0x80001EA2] -> 0x02B5
[1965] [M]: 0x80001EA0 (0x02B52633) mulhsu a2, a0, a1
x12 <- 0x00000000


mem[X,0x80001EA4] -> 0xAA23
mem[X,0x80001EA6] -> 0x56C6
[1966] [M]: 0x80001EA4 (0x56C6AA23) sw a2, 1396(a3)
mem[0x800057CC] <- 0x00000000


mem[X,0x80001EA8] -> 0x0513
mem[X,0x80001EAA] -> 0x0000
[1967] [M]: 0x80001EA8 (0x00000513) addi a0, zero, 0
x10 <- 0x00000000


mem[X,0x80001EAC] -> 0xB5B7
mem[X,0x80001EAE] -> 0xAAAA
[1968] [M]: 0x80001EAC (0xAAAAB5B7) lui a1, 699051
x11 <- 0xAAAAB000


mem[X,0x80001EB0] -> 0x8593
mem[X,0x80001EB2] -> 0xAAB5
[1969] [M]: 0x80001EB0 (0xAAB58593) addi a1, a1, 2731
x11 <- 0xAAAAAAAB


mem[X,0x80001EB4] -> 0x2633
mem[X,0x80001EB6] -> 0x02B5
[1970] [M]: 0x80001EB4 (0x02B52633) mulhsu a2, a0, a1
x12 <- 0x00000000


mem[X,0x80001EB8] -> 0xAC23
mem[X,0x80001EBA] -> 0x56C6
[1971] [M]: 0x80001EB8 (0x56C6AC23) sw a2, 1400(a3)
mem[0x800057D0] <- 0x00000000


mem[X,0x80001EBC] -> 0x0513
mem[X,0x80001EBE] -> 0x0000
[1972] [M]: 0x80001EBC (0x00000513) addi a0, zero, 0
x10 <- 0x00000000


mem[X,0x80001EC0] -> 0x0593
mem[X,0x80001EC2] -> 0x0060
[1973] [M]: 0x80001EC0 (0x00600593) addi a1, zero, 6
x11 <- 0x00000006


mem[X,0x80001EC4] -> 0x2633
mem[X,0x80001EC6] -> 0x02B5
[1974] [M]: 0x80001EC4 (0x02B52633) mulhsu a2, a0, a1
x12 <- 0x00000000


mem[X,0x80001EC8] -> 0xAE23
mem[X,0x80001ECA] -> 0x56C6
[1975] [M]: 0x80001EC8 (0x56C6AE23) sw a2, 1404(a3)
mem[0x800057D4] <- 0x00000000


mem[X,0x80001ECC] -> 0x0513
mem[X,0x80001ECE] -> 0x0000
[1976] [M]: 0x80001ECC (0x00000513) addi a0, zero, 0
x10 <- 0x00000000


mem[X,0x80001ED0] -> 0x35B7
mem[X,0x80001ED2] -> 0x3333
[1977] [M]: 0x80001ED0 (0x333335B7) lui a1, 209715
x11 <- 0x33333000


mem[X,0x80001ED4] -> 0x8593
mem[X,0x80001ED6] -> 0x3345
[1978] [M]: 0x80001ED4 (0x33458593) addi a1, a1, 820
x11 <- 0x33333334


mem[X,0x80001ED8] -> 0x2633
mem[X,0x80001EDA] -> 0x02B5
[1979] [M]: 0x80001ED8 (0x02B52633) mulhsu a2, a0, a1
x12 <- 0x00000000


mem[X,0x80001EDC] -> 0xA023
mem[X,0x80001EDE] -> 0x58C6
[1980] [M]: 0x80001EDC (0x58C6A023) sw a2, 1408(a3)
mem[0x800057D8] <- 0x00000000


mem[X,0x80001EE0] -> 0x0513
mem[X,0x80001EE2] -> 0x0000
[1981] [M]: 0x80001EE0 (0x00000513) addi a0, zero, 0
x10 <- 0x00000000


mem[X,0x80001EE4] -> 0x65B7
mem[X,0x80001EE6] -> 0x6666
[1982] [M]: 0x80001EE4 (0x666665B7) lui a1, 419430
x11 <- 0x66666000


mem[X,0x80001EE8] -> 0x8593
mem[X,0x80001EEA] -> 0x6675
[1983] [M]: 0x80001EE8 (0x66758593) addi a1, a1, 1639
x11 <- 0x66666667


mem[X,0x80001EEC] -> 0x2633
mem[X,0x80001EEE] -> 0x02B5
[1984] [M]: 0x80001EEC (0x02B52633) mulhsu a2, a0, a1
x12 <- 0x00000000


mem[X,0x80001EF0] -> 0xA223
mem[X,0x80001EF2] -> 0x58C6
[1985] [M]: 0x80001EF0 (0x58C6A223) sw a2, 1412(a3)
mem[0x800057DC] <- 0x00000000


mem[X,0x80001EF4] -> 0x0513
mem[X,0x80001EF6] -> 0x0000
[1986] [M]: 0x80001EF4 (0x00000513) addi a0, zero, 0
x10 <- 0x00000000


mem[X,0x80001EF8] -> 0xB5B7
mem[X,0x80001EFA] -> 0x0000
[1987] [M]: 0x80001EF8 (0x0000B5B7) lui a1, 11
x11 <- 0x0000B000


mem[X,0x80001EFC] -> 0x8593
mem[X,0x80001EFE] -> 0x5055
[1988] [M]: 0x80001EFC (0x50558593) addi a1, a1, 1285
x11 <- 0x0000B505


mem[X,0x80001F00] -> 0x2633
mem[X,0x80001F02] -> 0x02B5
[1989] [M]: 0x80001F00 (0x02B52633) mulhsu a2, a0, a1
x12 <- 0x00000000


mem[X,0x80001F04] -> 0xA423
mem[X,0x80001F06] -> 0x58C6
[1990] [M]: 0x80001F04 (0x58C6A423) sw a2, 1416(a3)
mem[0x800057E0] <- 0x00000000


mem[X,0x80001F08] -> 0x0513
mem[X,0x80001F0A] -> 0x0000
[1991] [M]: 0x80001F08 (0x00000513) addi a0, zero, 0
x10 <- 0x00000000


mem[X,0x80001F0C] -> 0x0593
mem[X,0x80001F0E] -> 0x0010
[1992] [M]: 0x80001F0C (0x00100593) addi a1, zero, 1
x11 <- 0x00000001


mem[X,0x80001F10] -> 0x2633
mem[X,0x80001F12] -> 0x02B5
[1993] [M]: 0x80001F10 (0x02B52633) mulhsu a2, a0, a1
x12 <- 0x00000000


mem[X,0x80001F14] -> 0xA623
mem[X,0x80001F16] -> 0x58C6
[1994] [M]: 0x80001F14 (0x58C6A623) sw a2, 1420(a3)
mem[0x800057E4] <- 0x00000000


mem[X,0x80001F18] -> 0x0513
mem[X,0x80001F1A] -> 0x0000
[1995] [M]: 0x80001F18 (0x00000513) addi a0, zero, 0
x10 <- 0x00000000


mem[X,0x80001F1C] -> 0x05B7
mem[X,0x80001F1E] -> 0x0001
[1996] [M]: 0x80001F1C (0x000105B7) lui a1, 16
x11 <- 0x00010000


mem[X,0x80001F20] -> 0x2633
mem[X,0x80001F22] -> 0x02B5
[1997] [M]: 0x80001F20 (0x02B52633) mulhsu a2, a0, a1
x12 <- 0x00000000


mem[X,0x80001F24] -> 0xA823
mem[X,0x80001F26] -> 0x58C6
[1998] [M]: 0x80001F24 (0x58C6A823) sw a2, 1424(a3)
mem[0x800057E8] <- 0x00000000


mem[X,0x80001F28] -> 0x0513
mem[X,0x80001F2A] -> 0x0040
[1999] [M]: 0x80001F28 (0x00400513) addi a0, zero, 4
x10 <- 0x00000004


clint::tick mtime <- 0x0000000000000014
 clint timer pending at mtime 0x0000000000000014
htif::tick 0x0000000000000000
mem[X,0x80001F2C] -> 0x55B7
mem[X,0x80001F2E] -> 0x5555
[2000] [M]: 0x80001F2C (0x555555B7) lui a1, 349525
x11 <- 0x55555000


mem[X,0x80001F30] -> 0x8593
mem[X,0x80001F32] -> 0x5555
[2001] [M]: 0x80001F30 (0x55558593) addi a1, a1, 1365
x11 <- 0x55555555


mem[X,0x80001F34] -> 0x2633
mem[X,0x80001F36] -> 0x02B5
[2002] [M]: 0x80001F34 (0x02B52633) mulhsu a2, a0, a1
x12 <- 0x00000001


mem[X,0x80001F38] -> 0xAA23
mem[X,0x80001F3A] -> 0x58C6
[2003] [M]: 0x80001F38 (0x58C6AA23) sw a2, 1428(a3)
mem[0x800057EC] <- 0x00000001


mem[X,0x80001F3C] -> 0x0513
mem[X,0x80001F3E] -> 0x0040
[2004] [M]: 0x80001F3C (0x00400513) addi a0, zero, 4
x10 <- 0x00000004


mem[X,0x80001F40] -> 0xB5B7
mem[X,0x80001F42] -> 0xAAAA
[2005] [M]: 0x80001F40 (0xAAAAB5B7) lui a1, 699051
x11 <- 0xAAAAB000


mem[X,0x80001F44] -> 0x8593
mem[X,0x80001F46] -> 0xAAA5
[2006] [M]: 0x80001F44 (0xAAA58593) addi a1, a1, 2730
x11 <- 0xAAAAAAAA


mem[X,0x80001F48] -> 0x2633
mem[X,0x80001F4A] -> 0x02B5
[2007] [M]: 0x80001F48 (0x02B52633) mulhsu a2, a0, a1
x12 <- 0x00000002


mem[X,0x80001F4C] -> 0xAC23
mem[X,0x80001F4E] -> 0x58C6
[2008] [M]: 0x80001F4C (0x58C6AC23) sw a2, 1432(a3)
mem[0x800057F0] <- 0x00000002


mem[X,0x80001F50] -> 0x0513
mem[X,0x80001F52] -> 0x0040
[2009] [M]: 0x80001F50 (0x00400513) addi a0, zero, 4
x10 <- 0x00000004


mem[X,0x80001F54] -> 0x0593
mem[X,0x80001F56] -> 0x0050
[2010] [M]: 0x80001F54 (0x00500593) addi a1, zero, 5
x11 <- 0x00000005


mem[X,0x80001F58] -> 0x2633
mem[X,0x80001F5A] -> 0x02B5
[2011] [M]: 0x80001F58 (0x02B52633) mulhsu a2, a0, a1
x12 <- 0x00000000


mem[X,0x80001F5C] -> 0xAE23
mem[X,0x80001F5E] -> 0x58C6
[2012] [M]: 0x80001F5C (0x58C6AE23) sw a2, 1436(a3)
mem[0x800057F4] <- 0x00000000


mem[X,0x80001F60] -> 0x0513
mem[X,0x80001F62] -> 0x0040
[2013] [M]: 0x80001F60 (0x00400513) addi a0, zero, 4
x10 <- 0x00000004


mem[X,0x80001F64] -> 0x35B7
mem[X,0x80001F66] -> 0x3333
[2014] [M]: 0x80001F64 (0x333335B7) lui a1, 209715
x11 <- 0x33333000


mem[X,0x80001F68] -> 0x8593
mem[X,0x80001F6A] -> 0x3335
[2015] [M]: 0x80001F68 (0x33358593) addi a1, a1, 819
x11 <- 0x33333333


mem[X,0x80001F6C] -> 0x2633
mem[X,0x80001F6E] -> 0x02B5
[2016] [M]: 0x80001F6C (0x02B52633) mulhsu a2, a0, a1
x12 <- 0x00000000


mem[X,0x80001F70] -> 0xA023
mem[X,0x80001F72] -> 0x5AC6
[2017] [M]: 0x80001F70 (0x5AC6A023) sw a2, 1440(a3)
mem[0x800057F8] <- 0x00000000


mem[X,0x80001F74] -> 0x0513
mem[X,0x80001F76] -> 0x0040
[2018] [M]: 0x80001F74 (0x00400513) addi a0, zero, 4
x10 <- 0x00000004


mem[X,0x80001F78] -> 0x65B7
mem[X,0x80001F7A] -> 0x6666
[2019] [M]: 0x80001F78 (0x666665B7) lui a1, 419430
x11 <- 0x66666000


mem[X,0x80001F7C] -> 0x8593
mem[X,0x80001F7E] -> 0x6665
[2020] [M]: 0x80001F7C (0x66658593) addi a1, a1, 1638
x11 <- 0x66666666


mem[X,0x80001F80] -> 0x2633
mem[X,0x80001F82] -> 0x02B5
[2021] [M]: 0x80001F80 (0x02B52633) mulhsu a2, a0, a1
x12 <- 0x00000001


mem[X,0x80001F84] -> 0xA223
mem[X,0x80001F86] -> 0x5AC6
[2022] [M]: 0x80001F84 (0x5AC6A223) sw a2, 1444(a3)
mem[0x800057FC] <- 0x00000001


mem[X,0x80001F88] -> 0x0513
mem[X,0x80001F8A] -> 0x0040
[2023] [M]: 0x80001F88 (0x00400513) addi a0, zero, 4
x10 <- 0x00000004


mem[X,0x80001F8C] -> 0xB5B7
mem[X,0x80001F8E] -> 0x0000
[2024] [M]: 0x80001F8C (0x0000B5B7) lui a1, 11
x11 <- 0x0000B000


mem[X,0x80001F90] -> 0x8593
mem[X,0x80001F92] -> 0x5045
[2025] [M]: 0x80001F90 (0x50458593) addi a1, a1, 1284
x11 <- 0x0000B504


mem[X,0x80001F94] -> 0x2633
mem[X,0x80001F96] -> 0x02B5
[2026] [M]: 0x80001F94 (0x02B52633) mulhsu a2, a0, a1
x12 <- 0x00000000


mem[X,0x80001F98] -> 0xA423
mem[X,0x80001F9A] -> 0x5AC6
[2027] [M]: 0x80001F98 (0x5AC6A423) sw a2, 1448(a3)
mem[0x80005800] <- 0x00000000


mem[X,0x80001F9C] -> 0x0513
mem[X,0x80001F9E] -> 0x0040
[2028] [M]: 0x80001F9C (0x00400513) addi a0, zero, 4
x10 <- 0x00000004


mem[X,0x80001FA0] -> 0x0593
mem[X,0x80001FA2] -> 0x0000
[2029] [M]: 0x80001FA0 (0x00000593) addi a1, zero, 0
x11 <- 0x00000000


mem[X,0x80001FA4] -> 0x2633
mem[X,0x80001FA6] -> 0x02B5
[2030] [M]: 0x80001FA4 (0x02B52633) mulhsu a2, a0, a1
x12 <- 0x00000000


mem[X,0x80001FA8] -> 0xA623
mem[X,0x80001FAA] -> 0x5AC6
[2031] [M]: 0x80001FA8 (0x5AC6A623) sw a2, 1452(a3)
mem[0x80005804] <- 0x00000000


mem[X,0x80001FAC] -> 0x0513
mem[X,0x80001FAE] -> 0x0040
[2032] [M]: 0x80001FAC (0x00400513) addi a0, zero, 4
x10 <- 0x00000004


mem[X,0x80001FB0] -> 0x05B7
mem[X,0x80001FB2] -> 0x0001
[2033] [M]: 0x80001FB0 (0x000105B7) lui a1, 16
x11 <- 0x00010000


mem[X,0x80001FB4] -> 0x8593
mem[X,0x80001FB6] -> 0xFFF5
[2034] [M]: 0x80001FB4 (0xFFF58593) addi a1, a1, 4095
x11 <- 0x0000FFFF


mem[X,0x80001FB8] -> 0x2633
mem[X,0x80001FBA] -> 0x02B5
[2035] [M]: 0x80001FB8 (0x02B52633) mulhsu a2, a0, a1
x12 <- 0x00000000


mem[X,0x80001FBC] -> 0xA823
mem[X,0x80001FBE] -> 0x5AC6
[2036] [M]: 0x80001FBC (0x5AC6A823) sw a2, 1456(a3)
mem[0x80005808] <- 0x00000000


mem[X,0x80001FC0] -> 0x0513
mem[X,0x80001FC2] -> 0x0040
[2037] [M]: 0x80001FC0 (0x00400513) addi a0, zero, 4
x10 <- 0x00000004


mem[X,0x80001FC4] -> 0x0593
mem[X,0x80001FC6] -> 0x0020
[2038] [M]: 0x80001FC4 (0x00200593) addi a1, zero, 2
x11 <- 0x00000002


mem[X,0x80001FC8] -> 0x2633
mem[X,0x80001FCA] -> 0x02B5
[2039] [M]: 0x80001FC8 (0x02B52633) mulhsu a2, a0, a1
x12 <- 0x00000000


mem[X,0x80001FCC] -> 0xAA23
mem[X,0x80001FCE] -> 0x5AC6
[2040] [M]: 0x80001FCC (0x5AC6AA23) sw a2, 1460(a3)
mem[0x8000580C] <- 0x00000000


mem[X,0x80001FD0] -> 0x0513
mem[X,0x80001FD2] -> 0x0040
[2041] [M]: 0x80001FD0 (0x00400513) addi a0, zero, 4
x10 <- 0x00000004


mem[X,0x80001FD4] -> 0x55B7
mem[X,0x80001FD6] -> 0x5555
[2042] [M]: 0x80001FD4 (0x555555B7) lui a1, 349525
x11 <- 0x55555000


mem[X,0x80001FD8] -> 0x8593
mem[X,0x80001FDA] -> 0x5545
[2043] [M]: 0x80001FD8 (0x55458593) addi a1, a1, 1364
x11 <- 0x55555554


mem[X,0x80001FDC] -> 0x2633
mem[X,0x80001FDE] -> 0x02B5
[2044] [M]: 0x80001FDC (0x02B52633) mulhsu a2, a0, a1
x12 <- 0x00000001


mem[X,0x80001FE0] -> 0xAC23
mem[X,0x80001FE2] -> 0x5AC6
[2045] [M]: 0x80001FE0 (0x5AC6AC23) sw a2, 1464(a3)
mem[0x80005810] <- 0x00000001


mem[X,0x80001FE4] -> 0x0513
mem[X,0x80001FE6] -> 0x0040
[2046] [M]: 0x80001FE4 (0x00400513) addi a0, zero, 4
x10 <- 0x00000004


mem[X,0x80001FE8] -> 0xB5B7
mem[X,0x80001FEA] -> 0xAAAA
[2047] [M]: 0x80001FE8 (0xAAAAB5B7) lui a1, 699051
x11 <- 0xAAAAB000


mem[X,0x80001FEC] -> 0x8593
mem[X,0x80001FEE] -> 0xAA95
[2048] [M]: 0x80001FEC (0xAA958593) addi a1, a1, 2729
x11 <- 0xAAAAAAA9


mem[X,0x80001FF0] -> 0x2633
mem[X,0x80001FF2] -> 0x02B5
[2049] [M]: 0x80001FF0 (0x02B52633) mulhsu a2, a0, a1
x12 <- 0x00000002


mem[X,0x80001FF4] -> 0xAE23
mem[X,0x80001FF6] -> 0x5AC6
[2050] [M]: 0x80001FF4 (0x5AC6AE23) sw a2, 1468(a3)
mem[0x80005814] <- 0x00000002


mem[X,0x80001FF8] -> 0x0513
mem[X,0x80001FFA] -> 0x0040
[2051] [M]: 0x80001FF8 (0x00400513) addi a0, zero, 4
x10 <- 0x00000004


mem[X,0x80001FFC] -> 0x0593
mem[X,0x80001FFE] -> 0x0040
[2052] [M]: 0x80001FFC (0x00400593) addi a1, zero, 4
x11 <- 0x00000004


mem[X,0x80002000] -> 0x2633
mem[X,0x80002002] -> 0x02B5
[2053] [M]: 0x80002000 (0x02B52633) mulhsu a2, a0, a1
x12 <- 0x00000000


mem[X,0x80002004] -> 0xA023
mem[X,0x80002006] -> 0x5CC6
[2054] [M]: 0x80002004 (0x5CC6A023) sw a2, 1472(a3)
mem[0x80005818] <- 0x00000000


mem[X,0x80002008] -> 0x0513
mem[X,0x8000200A] -> 0x0040
[2055] [M]: 0x80002008 (0x00400513) addi a0, zero, 4
x10 <- 0x00000004


mem[X,0x8000200C] -> 0x35B7
mem[X,0x8000200E] -> 0x3333
[2056] [M]: 0x8000200C (0x333335B7) lui a1, 209715
x11 <- 0x33333000


mem[X,0x80002010] -> 0x8593
mem[X,0x80002012] -> 0x3325
[2057] [M]: 0x80002010 (0x33258593) addi a1, a1, 818
x11 <- 0x33333332


mem[X,0x80002014] -> 0x2633
mem[X,0x80002016] -> 0x02B5
[2058] [M]: 0x80002014 (0x02B52633) mulhsu a2, a0, a1
x12 <- 0x00000000


mem[X,0x80002018] -> 0xA223
mem[X,0x8000201A] -> 0x5CC6
[2059] [M]: 0x80002018 (0x5CC6A223) sw a2, 1476(a3)
mem[0x8000581C] <- 0x00000000


mem[X,0x8000201C] -> 0x0513
mem[X,0x8000201E] -> 0x0040
[2060] [M]: 0x8000201C (0x00400513) addi a0, zero, 4
x10 <- 0x00000004


mem[X,0x80002020] -> 0x65B7
mem[X,0x80002022] -> 0x6666
[2061] [M]: 0x80002020 (0x666665B7) lui a1, 419430
x11 <- 0x66666000


mem[X,0x80002024] -> 0x8593
mem[X,0x80002026] -> 0x6655
[2062] [M]: 0x80002024 (0x66558593) addi a1, a1, 1637
x11 <- 0x66666665


mem[X,0x80002028] -> 0x2633
mem[X,0x8000202A] -> 0x02B5
[2063] [M]: 0x80002028 (0x02B52633) mulhsu a2, a0, a1
x12 <- 0x00000001


mem[X,0x8000202C] -> 0xA423
mem[X,0x8000202E] -> 0x5CC6
[2064] [M]: 0x8000202C (0x5CC6A423) sw a2, 1480(a3)
mem[0x80005820] <- 0x00000001


mem[X,0x80002030] -> 0x0513
mem[X,0x80002032] -> 0x0040
[2065] [M]: 0x80002030 (0x00400513) addi a0, zero, 4
x10 <- 0x00000004


mem[X,0x80002034] -> 0xB5B7
mem[X,0x80002036] -> 0x0000
[2066] [M]: 0x80002034 (0x0000B5B7) lui a1, 11
x11 <- 0x0000B000


mem[X,0x80002038] -> 0x8593
mem[X,0x8000203A] -> 0x5035
[2067] [M]: 0x80002038 (0x50358593) addi a1, a1, 1283
x11 <- 0x0000B503


mem[X,0x8000203C] -> 0x2633
mem[X,0x8000203E] -> 0x02B5
[2068] [M]: 0x8000203C (0x02B52633) mulhsu a2, a0, a1
x12 <- 0x00000000


mem[X,0x80002040] -> 0xA623
mem[X,0x80002042] -> 0x5CC6
[2069] [M]: 0x80002040 (0x5CC6A623) sw a2, 1484(a3)
mem[0x80005824] <- 0x00000000


mem[X,0x80002044] -> 0x0513
mem[X,0x80002046] -> 0x0040
[2070] [M]: 0x80002044 (0x00400513) addi a0, zero, 4
x10 <- 0x00000004


mem[X,0x80002048] -> 0x05B7
mem[X,0x8000204A] -> 0x0001
[2071] [M]: 0x80002048 (0x000105B7) lui a1, 16
x11 <- 0x00010000


mem[X,0x8000204C] -> 0x8593
mem[X,0x8000204E] -> 0xFFE5
[2072] [M]: 0x8000204C (0xFFE58593) addi a1, a1, 4094
x11 <- 0x0000FFFE


mem[X,0x80002050] -> 0x2633
mem[X,0x80002052] -> 0x02B5
[2073] [M]: 0x80002050 (0x02B52633) mulhsu a2, a0, a1
x12 <- 0x00000000


mem[X,0x80002054] -> 0xA823
mem[X,0x80002056] -> 0x5CC6
[2074] [M]: 0x80002054 (0x5CC6A823) sw a2, 1488(a3)
mem[0x80005828] <- 0x00000000


mem[X,0x80002058] -> 0xB537
mem[X,0x8000205A] -> 0x0000
[2075] [M]: 0x80002058 (0x0000B537) lui a0, 11
x10 <- 0x0000B000


mem[X,0x8000205C] -> 0x0513
mem[X,0x8000205E] -> 0x5035
[2076] [M]: 0x8000205C (0x50350513) addi a0, a0, 1283
x10 <- 0x0000B503


mem[X,0x80002060] -> 0xB5B7
mem[X,0x80002062] -> 0x0000
[2077] [M]: 0x80002060 (0x0000B5B7) lui a1, 11
x11 <- 0x0000B000


mem[X,0x80002064] -> 0x8593
mem[X,0x80002066] -> 0x5055
[2078] [M]: 0x80002064 (0x50558593) addi a1, a1, 1285
x11 <- 0x0000B505


mem[X,0x80002068] -> 0x2633
mem[X,0x8000206A] -> 0x02B5
[2079] [M]: 0x80002068 (0x02B52633) mulhsu a2, a0, a1
x12 <- 0x00000000


mem[X,0x8000206C] -> 0xAA23
mem[X,0x8000206E] -> 0x5CC6
[2080] [M]: 0x8000206C (0x5CC6AA23) sw a2, 1492(a3)
mem[0x8000582C] <- 0x00000000


mem[X,0x80002070] -> 0xB537
mem[X,0x80002072] -> 0x0000
[2081] [M]: 0x80002070 (0x0000B537) lui a0, 11
x10 <- 0x0000B000


mem[X,0x80002074] -> 0x0513
mem[X,0x80002076] -> 0x5035
[2082] [M]: 0x80002074 (0x50350513) addi a0, a0, 1283
x10 <- 0x0000B503


mem[X,0x80002078] -> 0x0593
mem[X,0x8000207A] -> 0x0010
[2083] [M]: 0x80002078 (0x00100593) addi a1, zero, 1
x11 <- 0x00000001


mem[X,0x8000207C] -> 0x2633
mem[X,0x8000207E] -> 0x02B5
[2084] [M]: 0x8000207C (0x02B52633) mulhsu a2, a0, a1
x12 <- 0x00000000


mem[X,0x80002080] -> 0xAC23
mem[X,0x80002082] -> 0x5CC6
[2085] [M]: 0x80002080 (0x5CC6AC23) sw a2, 1496(a3)
mem[0x80005830] <- 0x00000000


mem[X,0x80002084] -> 0xB537
mem[X,0x80002086] -> 0x0000
[2086] [M]: 0x80002084 (0x0000B537) lui a0, 11
x10 <- 0x0000B000


mem[X,0x80002088] -> 0x0513
mem[X,0x8000208A] -> 0x5035
[2087] [M]: 0x80002088 (0x50350513) addi a0, a0, 1283
x10 <- 0x0000B503


mem[X,0x8000208C] -> 0x05B7
mem[X,0x8000208E] -> 0x0001
[2088] [M]: 0x8000208C (0x000105B7) lui a1, 16
x11 <- 0x00010000


mem[X,0x80002090] -> 0x2633
mem[X,0x80002092] -> 0x02B5
[2089] [M]: 0x80002090 (0x02B52633) mulhsu a2, a0, a1
x12 <- 0x00000000


mem[X,0x80002094] -> 0xAE23
mem[X,0x80002096] -> 0x5CC6
[2090] [M]: 0x80002094 (0x5CC6AE23) sw a2, 1500(a3)
mem[0x80005834] <- 0x00000000


mem[X,0x80002098] -> 0x5537
mem[X,0x8000209A] -> 0x5555
[2091] [M]: 0x80002098 (0x55555537) lui a0, 349525
x10 <- 0x55555000


mem[X,0x8000209C] -> 0x0513
mem[X,0x8000209E] -> 0x5565
[2092] [M]: 0x8000209C (0x55650513) addi a0, a0, 1366
x10 <- 0x55555556


mem[X,0x800020A0] -> 0x0593
mem[X,0x800020A2] -> 0x0030
[2093] [M]: 0x800020A0 (0x00300593) addi a1, zero, 3
x11 <- 0x00000003


mem[X,0x800020A4] -> 0x2633
mem[X,0x800020A6] -> 0x02B5
[2094] [M]: 0x800020A4 (0x02B52633) mulhsu a2, a0, a1
x12 <- 0x00000001


mem[X,0x800020A8] -> 0xA023
mem[X,0x800020AA] -> 0x5EC6
[2095] [M]: 0x800020A8 (0x5EC6A023) sw a2, 1504(a3)
mem[0x80005838] <- 0x00000001


mem[X,0x800020AC] -> 0x5537
mem[X,0x800020AE] -> 0x5555
[2096] [M]: 0x800020AC (0x55555537) lui a0, 349525
x10 <- 0x55555000


mem[X,0x800020B0] -> 0x0513
mem[X,0x800020B2] -> 0x5565
[2097] [M]: 0x800020B0 (0x55650513) addi a0, a0, 1366
x10 <- 0x55555556


mem[X,0x800020B4] -> 0x55B7
mem[X,0x800020B6] -> 0x5555
[2098] [M]: 0x800020B4 (0x555555B7) lui a1, 349525
x11 <- 0x55555000


mem[X,0x800020B8] -> 0x8593
mem[X,0x800020BA] -> 0x5555
[2099] [M]: 0x800020B8 (0x55558593) addi a1, a1, 1365
x11 <- 0x55555555


clint::tick mtime <- 0x0000000000000015
 clint timer pending at mtime 0x0000000000000015
htif::tick 0x0000000000000000
mem[X,0x800020BC] -> 0x2633
mem[X,0x800020BE] -> 0x02B5
[2100] [M]: 0x800020BC (0x02B52633) mulhsu a2, a0, a1
x12 <- 0x1C71C71C


mem[X,0x800020C0] -> 0xA223
mem[X,0x800020C2] -> 0x5EC6
[2101] [M]: 0x800020C0 (0x5EC6A223) sw a2, 1508(a3)
mem[0x8000583C] <- 0x1C71C71C


mem[X,0x800020C4] -> 0x5537
mem[X,0x800020C6] -> 0x5555
[2102] [M]: 0x800020C4 (0x55555537) lui a0, 349525
x10 <- 0x55555000


mem[X,0x800020C8] -> 0x0513
mem[X,0x800020CA] -> 0x5565
[2103] [M]: 0x800020C8 (0x55650513) addi a0, a0, 1366
x10 <- 0x55555556


mem[X,0x800020CC] -> 0xB5B7
mem[X,0x800020CE] -> 0xAAAA
[2104] [M]: 0x800020CC (0xAAAAB5B7) lui a1, 699051
x11 <- 0xAAAAB000


mem[X,0x800020D0] -> 0x8593
mem[X,0x800020D2] -> 0xAAA5
[2105] [M]: 0x800020D0 (0xAAA58593) addi a1, a1, 2730
x11 <- 0xAAAAAAAA


mem[X,0x800020D4] -> 0x2633
mem[X,0x800020D6] -> 0x02B5
[2106] [M]: 0x800020D4 (0x02B52633) mulhsu a2, a0, a1
x12 <- 0x38E38E39


mem[X,0x800020D8] -> 0xA423
mem[X,0x800020DA] -> 0x5EC6
[2107] [M]: 0x800020D8 (0x5EC6A423) sw a2, 1512(a3)
mem[0x80005840] <- 0x38E38E39


mem[X,0x800020DC] -> 0x5537
mem[X,0x800020DE] -> 0x5555
[2108] [M]: 0x800020DC (0x55555537) lui a0, 349525
x10 <- 0x55555000


mem[X,0x800020E0] -> 0x0513
mem[X,0x800020E2] -> 0x5565
[2109] [M]: 0x800020E0 (0x55650513) addi a0, a0, 1366
x10 <- 0x55555556


mem[X,0x800020E4] -> 0x0593
mem[X,0x800020E6] -> 0x0050
[2110] [M]: 0x800020E4 (0x00500593) addi a1, zero, 5
x11 <- 0x00000005


mem[X,0x800020E8] -> 0x2633
mem[X,0x800020EA] -> 0x02B5
[2111] [M]: 0x800020E8 (0x02B52633) mulhsu a2, a0, a1
x12 <- 0x00000001


mem[X,0x800020EC] -> 0xA623
mem[X,0x800020EE] -> 0x5EC6
[2112] [M]: 0x800020EC (0x5EC6A623) sw a2, 1516(a3)
mem[0x80005844] <- 0x00000001


mem[X,0x800020F0] -> 0x5537
mem[X,0x800020F2] -> 0x5555
[2113] [M]: 0x800020F0 (0x55555537) lui a0, 349525
x10 <- 0x55555000


mem[X,0x800020F4] -> 0x0513
mem[X,0x800020F6] -> 0x5565
[2114] [M]: 0x800020F4 (0x55650513) addi a0, a0, 1366
x10 <- 0x55555556


mem[X,0x800020F8] -> 0x35B7
mem[X,0x800020FA] -> 0x3333
[2115] [M]: 0x800020F8 (0x333335B7) lui a1, 209715
x11 <- 0x33333000


mem[X,0x800020FC] -> 0x8593
mem[X,0x800020FE] -> 0x3335
[2116] [M]: 0x800020FC (0x33358593) addi a1, a1, 819
x11 <- 0x33333333


mem[X,0x80002100] -> 0x2633
mem[X,0x80002102] -> 0x02B5
[2117] [M]: 0x80002100 (0x02B52633) mulhsu a2, a0, a1
x12 <- 0x11111111


mem[X,0x80002104] -> 0xA823
mem[X,0x80002106] -> 0x5EC6
[2118] [M]: 0x80002104 (0x5EC6A823) sw a2, 1520(a3)
mem[0x80005848] <- 0x11111111


mem[X,0x80002108] -> 0x5537
mem[X,0x8000210A] -> 0x5555
[2119] [M]: 0x80002108 (0x55555537) lui a0, 349525
x10 <- 0x55555000


mem[X,0x8000210C] -> 0x0513
mem[X,0x8000210E] -> 0x5565
[2120] [M]: 0x8000210C (0x55650513) addi a0, a0, 1366
x10 <- 0x55555556


mem[X,0x80002110] -> 0x65B7
mem[X,0x80002112] -> 0x6666
[2121] [M]: 0x80002110 (0x666665B7) lui a1, 419430
x11 <- 0x66666000


mem[X,0x80002114] -> 0x8593
mem[X,0x80002116] -> 0x6665
[2122] [M]: 0x80002114 (0x66658593) addi a1, a1, 1638
x11 <- 0x66666666


mem[X,0x80002118] -> 0x2633
mem[X,0x8000211A] -> 0x02B5
[2123] [M]: 0x80002118 (0x02B52633) mulhsu a2, a0, a1
x12 <- 0x22222222


mem[X,0x8000211C] -> 0xAA23
mem[X,0x8000211E] -> 0x5EC6
[2124] [M]: 0x8000211C (0x5EC6AA23) sw a2, 1524(a3)
mem[0x8000584C] <- 0x22222222


mem[X,0x80002120] -> 0x5537
mem[X,0x80002122] -> 0x5555
[2125] [M]: 0x80002120 (0x55555537) lui a0, 349525
x10 <- 0x55555000


mem[X,0x80002124] -> 0x0513
mem[X,0x80002126] -> 0x5565
[2126] [M]: 0x80002124 (0x55650513) addi a0, a0, 1366
x10 <- 0x55555556


mem[X,0x80002128] -> 0xB5B7
mem[X,0x8000212A] -> 0x0000
[2127] [M]: 0x80002128 (0x0000B5B7) lui a1, 11
x11 <- 0x0000B000


mem[X,0x8000212C] -> 0x8593
mem[X,0x8000212E] -> 0x5045
[2128] [M]: 0x8000212C (0x50458593) addi a1, a1, 1284
x11 <- 0x0000B504


mem[X,0x80002130] -> 0x2633
mem[X,0x80002132] -> 0x02B5
[2129] [M]: 0x80002130 (0x02B52633) mulhsu a2, a0, a1
x12 <- 0x00003C56


mem[X,0x80002134] -> 0xAC23
mem[X,0x80002136] -> 0x5EC6
[2130] [M]: 0x80002134 (0x5EC6AC23) sw a2, 1528(a3)
mem[0x80005850] <- 0x00003C56


mem[X,0x80002138] -> 0x5537
mem[X,0x8000213A] -> 0x5555
[2131] [M]: 0x80002138 (0x55555537) lui a0, 349525
x10 <- 0x55555000


mem[X,0x8000213C] -> 0x0513
mem[X,0x8000213E] -> 0x5565
[2132] [M]: 0x8000213C (0x55650513) addi a0, a0, 1366
x10 <- 0x55555556


mem[X,0x80002140] -> 0x0593
mem[X,0x80002142] -> 0x0000
[2133] [M]: 0x80002140 (0x00000593) addi a1, zero, 0
x11 <- 0x00000000


mem[X,0x80002144] -> 0x2633
mem[X,0x80002146] -> 0x02B5
[2134] [M]: 0x80002144 (0x02B52633) mulhsu a2, a0, a1
x12 <- 0x00000000


mem[X,0x80002148] -> 0xAE23
mem[X,0x8000214A] -> 0x5EC6
[2135] [M]: 0x80002148 (0x5EC6AE23) sw a2, 1532(a3)
mem[0x80005854] <- 0x00000000


mem[X,0x8000214C] -> 0x5537
mem[X,0x8000214E] -> 0x5555
[2136] [M]: 0x8000214C (0x55555537) lui a0, 349525
x10 <- 0x55555000


mem[X,0x80002150] -> 0x0513
mem[X,0x80002152] -> 0x5565
[2137] [M]: 0x80002150 (0x55650513) addi a0, a0, 1366
x10 <- 0x55555556


mem[X,0x80002154] -> 0x05B7
mem[X,0x80002156] -> 0x0001
[2138] [M]: 0x80002154 (0x000105B7) lui a1, 16
x11 <- 0x00010000


mem[X,0x80002158] -> 0x8593
mem[X,0x8000215A] -> 0xFFF5
[2139] [M]: 0x80002158 (0xFFF58593) addi a1, a1, 4095
x11 <- 0x0000FFFF


mem[X,0x8000215C] -> 0x2633
mem[X,0x8000215E] -> 0x02B5
[2140] [M]: 0x8000215C (0x02B52633) mulhsu a2, a0, a1
x12 <- 0x00005555


mem[X,0x80002160] -> 0xA023
mem[X,0x80002162] -> 0x60C6
[2141] [M]: 0x80002160 (0x60C6A023) sw a2, 1536(a3)
mem[0x80005858] <- 0x00005555


mem[X,0x80002164] -> 0x5537
mem[X,0x80002166] -> 0x5555
[2142] [M]: 0x80002164 (0x55555537) lui a0, 349525
x10 <- 0x55555000


mem[X,0x80002168] -> 0x0513
mem[X,0x8000216A] -> 0x5565
[2143] [M]: 0x80002168 (0x55650513) addi a0, a0, 1366
x10 <- 0x55555556


mem[X,0x8000216C] -> 0x0593
mem[X,0x8000216E] -> 0x0020
[2144] [M]: 0x8000216C (0x00200593) addi a1, zero, 2
x11 <- 0x00000002


mem[X,0x80002170] -> 0x2633
mem[X,0x80002172] -> 0x02B5
[2145] [M]: 0x80002170 (0x02B52633) mulhsu a2, a0, a1
x12 <- 0x00000000


mem[X,0x80002174] -> 0xA223
mem[X,0x80002176] -> 0x60C6
[2146] [M]: 0x80002174 (0x60C6A223) sw a2, 1540(a3)
mem[0x8000585C] <- 0x00000000


mem[X,0x80002178] -> 0x5537
mem[X,0x8000217A] -> 0x5555
[2147] [M]: 0x80002178 (0x55555537) lui a0, 349525
x10 <- 0x55555000


mem[X,0x8000217C] -> 0x0513
mem[X,0x8000217E] -> 0x5565
[2148] [M]: 0x8000217C (0x55650513) addi a0, a0, 1366
x10 <- 0x55555556


mem[X,0x80002180] -> 0x55B7
mem[X,0x80002182] -> 0x5555
[2149] [M]: 0x80002180 (0x555555B7) lui a1, 349525
x11 <- 0x55555000


mem[X,0x80002184] -> 0x8593
mem[X,0x80002186] -> 0x5545
[2150] [M]: 0x80002184 (0x55458593) addi a1, a1, 1364
x11 <- 0x55555554


mem[X,0x80002188] -> 0x2633
mem[X,0x8000218A] -> 0x02B5
[2151] [M]: 0x80002188 (0x02B52633) mulhsu a2, a0, a1
x12 <- 0x1C71C71C


mem[X,0x8000218C] -> 0xA423
mem[X,0x8000218E] -> 0x60C6
[2152] [M]: 0x8000218C (0x60C6A423) sw a2, 1544(a3)
mem[0x80005860] <- 0x1C71C71C


mem[X,0x80002190] -> 0x5537
mem[X,0x80002192] -> 0x5555
[2153] [M]: 0x80002190 (0x55555537) lui a0, 349525
x10 <- 0x55555000


mem[X,0x80002194] -> 0x0513
mem[X,0x80002196] -> 0x5565
[2154] [M]: 0x80002194 (0x55650513) addi a0, a0, 1366
x10 <- 0x55555556


mem[X,0x80002198] -> 0xB5B7
mem[X,0x8000219A] -> 0xAAAA
[2155] [M]: 0x80002198 (0xAAAAB5B7) lui a1, 699051
x11 <- 0xAAAAB000


mem[X,0x8000219C] -> 0x8593
mem[X,0x8000219E] -> 0xAA95
[2156] [M]: 0x8000219C (0xAA958593) addi a1, a1, 2729
x11 <- 0xAAAAAAA9


mem[X,0x800021A0] -> 0x2633
mem[X,0x800021A2] -> 0x02B5
[2157] [M]: 0x800021A0 (0x02B52633) mulhsu a2, a0, a1
x12 <- 0x38E38E38


mem[X,0x800021A4] -> 0xA623
mem[X,0x800021A6] -> 0x60C6
[2158] [M]: 0x800021A4 (0x60C6A623) sw a2, 1548(a3)
mem[0x80005864] <- 0x38E38E38


mem[X,0x800021A8] -> 0x5537
mem[X,0x800021AA] -> 0x5555
[2159] [M]: 0x800021A8 (0x55555537) lui a0, 349525
x10 <- 0x55555000


mem[X,0x800021AC] -> 0x0513
mem[X,0x800021AE] -> 0x5565
[2160] [M]: 0x800021AC (0x55650513) addi a0, a0, 1366
x10 <- 0x55555556


mem[X,0x800021B0] -> 0x0593
mem[X,0x800021B2] -> 0x0040
[2161] [M]: 0x800021B0 (0x00400593) addi a1, zero, 4
x11 <- 0x00000004


mem[X,0x800021B4] -> 0x2633
mem[X,0x800021B6] -> 0x02B5
[2162] [M]: 0x800021B4 (0x02B52633) mulhsu a2, a0, a1
x12 <- 0x00000001


mem[X,0x800021B8] -> 0xA823
mem[X,0x800021BA] -> 0x60C6
[2163] [M]: 0x800021B8 (0x60C6A823) sw a2, 1552(a3)
mem[0x80005868] <- 0x00000001


mem[X,0x800021BC] -> 0x5537
mem[X,0x800021BE] -> 0x5555
[2164] [M]: 0x800021BC (0x55555537) lui a0, 349525
x10 <- 0x55555000


mem[X,0x800021C0] -> 0x0513
mem[X,0x800021C2] -> 0x5565
[2165] [M]: 0x800021C0 (0x55650513) addi a0, a0, 1366
x10 <- 0x55555556


mem[X,0x800021C4] -> 0x35B7
mem[X,0x800021C6] -> 0x3333
[2166] [M]: 0x800021C4 (0x333335B7) lui a1, 209715
x11 <- 0x33333000


mem[X,0x800021C8] -> 0x8593
mem[X,0x800021CA] -> 0x3325
[2167] [M]: 0x800021C8 (0x33258593) addi a1, a1, 818
x11 <- 0x33333332


mem[X,0x800021CC] -> 0x2633
mem[X,0x800021CE] -> 0x02B5
[2168] [M]: 0x800021CC (0x02B52633) mulhsu a2, a0, a1
x12 <- 0x11111110


mem[X,0x800021D0] -> 0xAA23
mem[X,0x800021D2] -> 0x60C6
[2169] [M]: 0x800021D0 (0x60C6AA23) sw a2, 1556(a3)
mem[0x8000586C] <- 0x11111110


mem[X,0x800021D4] -> 0x5537
mem[X,0x800021D6] -> 0x5555
[2170] [M]: 0x800021D4 (0x55555537) lui a0, 349525
x10 <- 0x55555000


mem[X,0x800021D8] -> 0x0513
mem[X,0x800021DA] -> 0x5565
[2171] [M]: 0x800021D8 (0x55650513) addi a0, a0, 1366
x10 <- 0x55555556


mem[X,0x800021DC] -> 0x65B7
mem[X,0x800021DE] -> 0x6666
[2172] [M]: 0x800021DC (0x666665B7) lui a1, 419430
x11 <- 0x66666000


mem[X,0x800021E0] -> 0x8593
mem[X,0x800021E2] -> 0x6655
[2173] [M]: 0x800021E0 (0x66558593) addi a1, a1, 1637
x11 <- 0x66666665


mem[X,0x800021E4] -> 0x2633
mem[X,0x800021E6] -> 0x02B5
[2174] [M]: 0x800021E4 (0x02B52633) mulhsu a2, a0, a1
x12 <- 0x22222221


mem[X,0x800021E8] -> 0xAC23
mem[X,0x800021EA] -> 0x60C6
[2175] [M]: 0x800021E8 (0x60C6AC23) sw a2, 1560(a3)
mem[0x80005870] <- 0x22222221


mem[X,0x800021EC] -> 0x5537
mem[X,0x800021EE] -> 0x5555
[2176] [M]: 0x800021EC (0x55555537) lui a0, 349525
x10 <- 0x55555000


mem[X,0x800021F0] -> 0x0513
mem[X,0x800021F2] -> 0x5565
[2177] [M]: 0x800021F0 (0x55650513) addi a0, a0, 1366
x10 <- 0x55555556


mem[X,0x800021F4] -> 0xB5B7
mem[X,0x800021F6] -> 0x0000
[2178] [M]: 0x800021F4 (0x0000B5B7) lui a1, 11
x11 <- 0x0000B000


mem[X,0x800021F8] -> 0x8593
mem[X,0x800021FA] -> 0x5035
[2179] [M]: 0x800021F8 (0x50358593) addi a1, a1, 1283
x11 <- 0x0000B503


mem[X,0x800021FC] -> 0x2633
mem[X,0x800021FE] -> 0x02B5
[2180] [M]: 0x800021FC (0x02B52633) mulhsu a2, a0, a1
x12 <- 0x00003C56


mem[X,0x80002200] -> 0xAE23
mem[X,0x80002202] -> 0x60C6
[2181] [M]: 0x80002200 (0x60C6AE23) sw a2, 1564(a3)
mem[0x80005874] <- 0x00003C56


mem[X,0x80002204] -> 0x5537
mem[X,0x80002206] -> 0x5555
[2182] [M]: 0x80002204 (0x55555537) lui a0, 349525
x10 <- 0x55555000


mem[X,0x80002208] -> 0x0513
mem[X,0x8000220A] -> 0x5565
[2183] [M]: 0x80002208 (0x55650513) addi a0, a0, 1366
x10 <- 0x55555556


mem[X,0x8000220C] -> 0x05B7
mem[X,0x8000220E] -> 0x0001
[2184] [M]: 0x8000220C (0x000105B7) lui a1, 16
x11 <- 0x00010000


mem[X,0x80002210] -> 0x8593
mem[X,0x80002212] -> 0xFFE5
[2185] [M]: 0x80002210 (0xFFE58593) addi a1, a1, 4094
x11 <- 0x0000FFFE


mem[X,0x80002214] -> 0x2633
mem[X,0x80002216] -> 0x02B5
[2186] [M]: 0x80002214 (0x02B52633) mulhsu a2, a0, a1
x12 <- 0x00005554


mem[X,0x80002218] -> 0xA023
mem[X,0x8000221A] -> 0x62C6
[2187] [M]: 0x80002218 (0x62C6A023) sw a2, 1568(a3)
mem[0x80005878] <- 0x00005554


mem[X,0x8000221C] -> 0x5537
mem[X,0x8000221E] -> 0x5555
[2188] [M]: 0x8000221C (0x55555537) lui a0, 349525
x10 <- 0x55555000


mem[X,0x80002220] -> 0x0513
mem[X,0x80002222] -> 0x5565
[2189] [M]: 0x80002220 (0x55650513) addi a0, a0, 1366
x10 <- 0x55555556


mem[X,0x80002224] -> 0x55B7
mem[X,0x80002226] -> 0x5555
[2190] [M]: 0x80002224 (0x555555B7) lui a1, 349525
x11 <- 0x55555000


mem[X,0x80002228] -> 0x8593
mem[X,0x8000222A] -> 0x5565
[2191] [M]: 0x80002228 (0x55658593) addi a1, a1, 1366
x11 <- 0x55555556


mem[X,0x8000222C] -> 0x2633
mem[X,0x8000222E] -> 0x02B5
[2192] [M]: 0x8000222C (0x02B52633) mulhsu a2, a0, a1
x12 <- 0x1C71C71C


mem[X,0x80002230] -> 0xA223
mem[X,0x80002232] -> 0x62C6
[2193] [M]: 0x80002230 (0x62C6A223) sw a2, 1572(a3)
mem[0x8000587C] <- 0x1C71C71C


mem[X,0x80002234] -> 0x5537
mem[X,0x80002236] -> 0x5555
[2194] [M]: 0x80002234 (0x55555537) lui a0, 349525
x10 <- 0x55555000


mem[X,0x80002238] -> 0x0513
mem[X,0x8000223A] -> 0x5565
[2195] [M]: 0x80002238 (0x55650513) addi a0, a0, 1366
x10 <- 0x55555556


mem[X,0x8000223C] -> 0xB5B7
mem[X,0x8000223E] -> 0xAAAA
[2196] [M]: 0x8000223C (0xAAAAB5B7) lui a1, 699051
x11 <- 0xAAAAB000


mem[X,0x80002240] -> 0x8593
mem[X,0x80002242] -> 0xAAB5
[2197] [M]: 0x80002240 (0xAAB58593) addi a1, a1, 2731
x11 <- 0xAAAAAAAB


mem[X,0x80002244] -> 0x2633
mem[X,0x80002246] -> 0x02B5
[2198] [M]: 0x80002244 (0x02B52633) mulhsu a2, a0, a1
x12 <- 0x38E38E39


mem[X,0x80002248] -> 0xA423
mem[X,0x8000224A] -> 0x62C6
[2199] [M]: 0x80002248 (0x62C6A423) sw a2, 1576(a3)
mem[0x80005880] <- 0x38E38E39


clint::tick mtime <- 0x0000000000000016
 clint timer pending at mtime 0x0000000000000016
htif::tick 0x0000000000000000
mem[X,0x8000224C] -> 0x5537
mem[X,0x8000224E] -> 0x5555
[2200] [M]: 0x8000224C (0x55555537) lui a0, 349525
x10 <- 0x55555000


mem[X,0x80002250] -> 0x0513
mem[X,0x80002252] -> 0x5565
[2201] [M]: 0x80002250 (0x55650513) addi a0, a0, 1366
x10 <- 0x55555556


mem[X,0x80002254] -> 0x0593
mem[X,0x80002256] -> 0x0060
[2202] [M]: 0x80002254 (0x00600593) addi a1, zero, 6
x11 <- 0x00000006


mem[X,0x80002258] -> 0x2633
mem[X,0x8000225A] -> 0x02B5
[2203] [M]: 0x80002258 (0x02B52633) mulhsu a2, a0, a1
x12 <- 0x00000002


mem[X,0x8000225C] -> 0xA623
mem[X,0x8000225E] -> 0x62C6
[2204] [M]: 0x8000225C (0x62C6A623) sw a2, 1580(a3)
mem[0x80005884] <- 0x00000002


mem[X,0x80002260] -> 0x5537
mem[X,0x80002262] -> 0x5555
[2205] [M]: 0x80002260 (0x55555537) lui a0, 349525
x10 <- 0x55555000


mem[X,0x80002264] -> 0x0513
mem[X,0x80002266] -> 0x5565
[2206] [M]: 0x80002264 (0x55650513) addi a0, a0, 1366
x10 <- 0x55555556


mem[X,0x80002268] -> 0x35B7
mem[X,0x8000226A] -> 0x3333
[2207] [M]: 0x80002268 (0x333335B7) lui a1, 209715
x11 <- 0x33333000


mem[X,0x8000226C] -> 0x8593
mem[X,0x8000226E] -> 0x3345
[2208] [M]: 0x8000226C (0x33458593) addi a1, a1, 820
x11 <- 0x33333334


mem[X,0x80002270] -> 0x2633
mem[X,0x80002272] -> 0x02B5
[2209] [M]: 0x80002270 (0x02B52633) mulhsu a2, a0, a1
x12 <- 0x11111111


mem[X,0x80002274] -> 0xA823
mem[X,0x80002276] -> 0x62C6
[2210] [M]: 0x80002274 (0x62C6A823) sw a2, 1584(a3)
mem[0x80005888] <- 0x11111111


mem[X,0x80002278] -> 0x5537
mem[X,0x8000227A] -> 0x5555
[2211] [M]: 0x80002278 (0x55555537) lui a0, 349525
x10 <- 0x55555000


mem[X,0x8000227C] -> 0x0513
mem[X,0x8000227E] -> 0x5565
[2212] [M]: 0x8000227C (0x55650513) addi a0, a0, 1366
x10 <- 0x55555556


mem[X,0x80002280] -> 0x65B7
mem[X,0x80002282] -> 0x6666
[2213] [M]: 0x80002280 (0x666665B7) lui a1, 419430
x11 <- 0x66666000


mem[X,0x80002284] -> 0x8593
mem[X,0x80002286] -> 0x6675
[2214] [M]: 0x80002284 (0x66758593) addi a1, a1, 1639
x11 <- 0x66666667


mem[X,0x80002288] -> 0x2633
mem[X,0x8000228A] -> 0x02B5
[2215] [M]: 0x80002288 (0x02B52633) mulhsu a2, a0, a1
x12 <- 0x22222222


mem[X,0x8000228C] -> 0xAA23
mem[X,0x8000228E] -> 0x62C6
[2216] [M]: 0x8000228C (0x62C6AA23) sw a2, 1588(a3)
mem[0x8000588C] <- 0x22222222


mem[X,0x80002290] -> 0x5537
mem[X,0x80002292] -> 0x5555
[2217] [M]: 0x80002290 (0x55555537) lui a0, 349525
x10 <- 0x55555000


mem[X,0x80002294] -> 0x0513
mem[X,0x80002296] -> 0x5565
[2218] [M]: 0x80002294 (0x55650513) addi a0, a0, 1366
x10 <- 0x55555556


mem[X,0x80002298] -> 0xB5B7
mem[X,0x8000229A] -> 0x0000
[2219] [M]: 0x80002298 (0x0000B5B7) lui a1, 11
x11 <- 0x0000B000


mem[X,0x8000229C] -> 0x8593
mem[X,0x8000229E] -> 0x5055
[2220] [M]: 0x8000229C (0x50558593) addi a1, a1, 1285
x11 <- 0x0000B505


mem[X,0x800022A0] -> 0x2633
mem[X,0x800022A2] -> 0x02B5
[2221] [M]: 0x800022A0 (0x02B52633) mulhsu a2, a0, a1
x12 <- 0x00003C57


mem[X,0x800022A4] -> 0xAC23
mem[X,0x800022A6] -> 0x62C6
[2222] [M]: 0x800022A4 (0x62C6AC23) sw a2, 1592(a3)
mem[0x80005890] <- 0x00003C57


mem[X,0x800022A8] -> 0x5537
mem[X,0x800022AA] -> 0x5555
[2223] [M]: 0x800022A8 (0x55555537) lui a0, 349525
x10 <- 0x55555000


mem[X,0x800022AC] -> 0x0513
mem[X,0x800022AE] -> 0x5565
[2224] [M]: 0x800022AC (0x55650513) addi a0, a0, 1366
x10 <- 0x55555556


mem[X,0x800022B0] -> 0x0593
mem[X,0x800022B2] -> 0x0010
[2225] [M]: 0x800022B0 (0x00100593) addi a1, zero, 1
x11 <- 0x00000001


mem[X,0x800022B4] -> 0x2633
mem[X,0x800022B6] -> 0x02B5
[2226] [M]: 0x800022B4 (0x02B52633) mulhsu a2, a0, a1
x12 <- 0x00000000


mem[X,0x800022B8] -> 0xAE23
mem[X,0x800022BA] -> 0x62C6
[2227] [M]: 0x800022B8 (0x62C6AE23) sw a2, 1596(a3)
mem[0x80005894] <- 0x00000000


mem[X,0x800022BC] -> 0x5537
mem[X,0x800022BE] -> 0x5555
[2228] [M]: 0x800022BC (0x55555537) lui a0, 349525
x10 <- 0x55555000


mem[X,0x800022C0] -> 0x0513
mem[X,0x800022C2] -> 0x5565
[2229] [M]: 0x800022C0 (0x55650513) addi a0, a0, 1366
x10 <- 0x55555556


mem[X,0x800022C4] -> 0x05B7
mem[X,0x800022C6] -> 0x0001
[2230] [M]: 0x800022C4 (0x000105B7) lui a1, 16
x11 <- 0x00010000


mem[X,0x800022C8] -> 0x2633
mem[X,0x800022CA] -> 0x02B5
[2231] [M]: 0x800022C8 (0x02B52633) mulhsu a2, a0, a1
x12 <- 0x00005555


mem[X,0x800022CC] -> 0xA023
mem[X,0x800022CE] -> 0x64C6
[2232] [M]: 0x800022CC (0x64C6A023) sw a2, 1600(a3)
mem[0x80005898] <- 0x00005555


mem[X,0x800022D0] -> 0xB537
mem[X,0x800022D2] -> 0xAAAA
[2233] [M]: 0x800022D0 (0xAAAAB537) lui a0, 699051
x10 <- 0xAAAAB000


mem[X,0x800022D4] -> 0x0513
mem[X,0x800022D6] -> 0xAAB5
[2234] [M]: 0x800022D4 (0xAAB50513) addi a0, a0, 2731
x10 <- 0xAAAAAAAB


mem[X,0x800022D8] -> 0x0593
mem[X,0x800022DA] -> 0x0030
[2235] [M]: 0x800022D8 (0x00300593) addi a1, zero, 3
x11 <- 0x00000003


mem[X,0x800022DC] -> 0x2633
mem[X,0x800022DE] -> 0x02B5
[2236] [M]: 0x800022DC (0x02B52633) mulhsu a2, a0, a1
x12 <- 0xFFFFFFFF


mem[X,0x800022E0] -> 0xA223
mem[X,0x800022E2] -> 0x64C6
[2237] [M]: 0x800022E0 (0x64C6A223) sw a2, 1604(a3)
mem[0x8000589C] <- 0xFFFFFFFF


mem[X,0x800022E4] -> 0xB537
mem[X,0x800022E6] -> 0xAAAA
[2238] [M]: 0x800022E4 (0xAAAAB537) lui a0, 699051
x10 <- 0xAAAAB000


mem[X,0x800022E8] -> 0x0513
mem[X,0x800022EA] -> 0xAAB5
[2239] [M]: 0x800022E8 (0xAAB50513) addi a0, a0, 2731
x10 <- 0xAAAAAAAB


mem[X,0x800022EC] -> 0xB5B7
mem[X,0x800022EE] -> 0xAAAA
[2240] [M]: 0x800022EC (0xAAAAB5B7) lui a1, 699051
x11 <- 0xAAAAB000


mem[X,0x800022F0] -> 0x8593
mem[X,0x800022F2] -> 0xAAA5
[2241] [M]: 0x800022F0 (0xAAA58593) addi a1, a1, 2730
x11 <- 0xAAAAAAAA


mem[X,0x800022F4] -> 0x2633
mem[X,0x800022F6] -> 0x02B5
[2242] [M]: 0x800022F4 (0x02B52633) mulhsu a2, a0, a1
x12 <- 0xC71C71C7


mem[X,0x800022F8] -> 0xA423
mem[X,0x800022FA] -> 0x64C6
[2243] [M]: 0x800022F8 (0x64C6A423) sw a2, 1608(a3)
mem[0x800058A0] <- 0xC71C71C7


mem[X,0x800022FC] -> 0xB537
mem[X,0x800022FE] -> 0xAAAA
[2244] [M]: 0x800022FC (0xAAAAB537) lui a0, 699051
x10 <- 0xAAAAB000


mem[X,0x80002300] -> 0x0513
mem[X,0x80002302] -> 0xAAB5
[2245] [M]: 0x80002300 (0xAAB50513) addi a0, a0, 2731
x10 <- 0xAAAAAAAB


mem[X,0x80002304] -> 0x0593
mem[X,0x80002306] -> 0x0050
[2246] [M]: 0x80002304 (0x00500593) addi a1, zero, 5
x11 <- 0x00000005


mem[X,0x80002308] -> 0x2633
mem[X,0x8000230A] -> 0x02B5
[2247] [M]: 0x80002308 (0x02B52633) mulhsu a2, a0, a1
x12 <- 0xFFFFFFFE


mem[X,0x8000230C] -> 0xA623
mem[X,0x8000230E] -> 0x64C6
[2248] [M]: 0x8000230C (0x64C6A623) sw a2, 1612(a3)
mem[0x800058A4] <- 0xFFFFFFFE


mem[X,0x80002310] -> 0xB537
mem[X,0x80002312] -> 0xAAAA
[2249] [M]: 0x80002310 (0xAAAAB537) lui a0, 699051
x10 <- 0xAAAAB000


mem[X,0x80002314] -> 0x0513
mem[X,0x80002316] -> 0xAAB5
[2250] [M]: 0x80002314 (0xAAB50513) addi a0, a0, 2731
x10 <- 0xAAAAAAAB


mem[X,0x80002318] -> 0x35B7
mem[X,0x8000231A] -> 0x3333
[2251] [M]: 0x80002318 (0x333335B7) lui a1, 209715
x11 <- 0x33333000


mem[X,0x8000231C] -> 0x8593
mem[X,0x8000231E] -> 0x3335
[2252] [M]: 0x8000231C (0x33358593) addi a1, a1, 819
x11 <- 0x33333333


mem[X,0x80002320] -> 0x2633
mem[X,0x80002322] -> 0x02B5
[2253] [M]: 0x80002320 (0x02B52633) mulhsu a2, a0, a1
x12 <- 0xEEEEEEEF


mem[X,0x80002324] -> 0xA823
mem[X,0x80002326] -> 0x64C6
[2254] [M]: 0x80002324 (0x64C6A823) sw a2, 1616(a3)
mem[0x800058A8] <- 0xEEEEEEEF


mem[X,0x80002328] -> 0xB537
mem[X,0x8000232A] -> 0xAAAA
[2255] [M]: 0x80002328 (0xAAAAB537) lui a0, 699051
x10 <- 0xAAAAB000


mem[X,0x8000232C] -> 0x0513
mem[X,0x8000232E] -> 0xAAB5
[2256] [M]: 0x8000232C (0xAAB50513) addi a0, a0, 2731
x10 <- 0xAAAAAAAB


mem[X,0x80002330] -> 0x65B7
mem[X,0x80002332] -> 0x6666
[2257] [M]: 0x80002330 (0x666665B7) lui a1, 419430
x11 <- 0x66666000


mem[X,0x80002334] -> 0x8593
mem[X,0x80002336] -> 0x6665
[2258] [M]: 0x80002334 (0x66658593) addi a1, a1, 1638
x11 <- 0x66666666


mem[X,0x80002338] -> 0x2633
mem[X,0x8000233A] -> 0x02B5
[2259] [M]: 0x80002338 (0x02B52633) mulhsu a2, a0, a1
x12 <- 0xDDDDDDDE


mem[X,0x8000233C] -> 0xAA23
mem[X,0x8000233E] -> 0x64C6
[2260] [M]: 0x8000233C (0x64C6AA23) sw a2, 1620(a3)
mem[0x800058AC] <- 0xDDDDDDDE


mem[X,0x80002340] -> 0xB537
mem[X,0x80002342] -> 0xAAAA
[2261] [M]: 0x80002340 (0xAAAAB537) lui a0, 699051
x10 <- 0xAAAAB000


mem[X,0x80002344] -> 0x0513
mem[X,0x80002346] -> 0xAAB5
[2262] [M]: 0x80002344 (0xAAB50513) addi a0, a0, 2731
x10 <- 0xAAAAAAAB


mem[X,0x80002348] -> 0xB5B7
mem[X,0x8000234A] -> 0x0000
[2263] [M]: 0x80002348 (0x0000B5B7) lui a1, 11
x11 <- 0x0000B000


mem[X,0x8000234C] -> 0x8593
mem[X,0x8000234E] -> 0x5045
[2264] [M]: 0x8000234C (0x50458593) addi a1, a1, 1284
x11 <- 0x0000B504


mem[X,0x80002350] -> 0x2633
mem[X,0x80002352] -> 0x02B5
[2265] [M]: 0x80002350 (0x02B52633) mulhsu a2, a0, a1
x12 <- 0xFFFFC3A9


mem[X,0x80002354] -> 0xAC23
mem[X,0x80002356] -> 0x64C6
[2266] [M]: 0x80002354 (0x64C6AC23) sw a2, 1624(a3)
mem[0x800058B0] <- 0xFFFFC3A9


mem[X,0x80002358] -> 0xB537
mem[X,0x8000235A] -> 0xAAAA
[2267] [M]: 0x80002358 (0xAAAAB537) lui a0, 699051
x10 <- 0xAAAAB000


mem[X,0x8000235C] -> 0x0513
mem[X,0x8000235E] -> 0xAAB5
[2268] [M]: 0x8000235C (0xAAB50513) addi a0, a0, 2731
x10 <- 0xAAAAAAAB


mem[X,0x80002360] -> 0x0593
mem[X,0x80002362] -> 0x0000
[2269] [M]: 0x80002360 (0x00000593) addi a1, zero, 0
x11 <- 0x00000000


mem[X,0x80002364] -> 0x2633
mem[X,0x80002366] -> 0x02B5
[2270] [M]: 0x80002364 (0x02B52633) mulhsu a2, a0, a1
x12 <- 0x00000000


mem[X,0x80002368] -> 0xAE23
mem[X,0x8000236A] -> 0x64C6
[2271] [M]: 0x80002368 (0x64C6AE23) sw a2, 1628(a3)
mem[0x800058B4] <- 0x00000000


mem[X,0x8000236C] -> 0xB537
mem[X,0x8000236E] -> 0xAAAA
[2272] [M]: 0x8000236C (0xAAAAB537) lui a0, 699051
x10 <- 0xAAAAB000


mem[X,0x80002370] -> 0x0513
mem[X,0x80002372] -> 0xAAB5
[2273] [M]: 0x80002370 (0xAAB50513) addi a0, a0, 2731
x10 <- 0xAAAAAAAB


mem[X,0x80002374] -> 0x05B7
mem[X,0x80002376] -> 0x0001
[2274] [M]: 0x80002374 (0x000105B7) lui a1, 16
x11 <- 0x00010000


mem[X,0x80002378] -> 0x8593
mem[X,0x8000237A] -> 0xFFF5
[2275] [M]: 0x80002378 (0xFFF58593) addi a1, a1, 4095
x11 <- 0x0000FFFF


mem[X,0x8000237C] -> 0x2633
mem[X,0x8000237E] -> 0x02B5
[2276] [M]: 0x8000237C (0x02B52633) mulhsu a2, a0, a1
x12 <- 0xFFFFAAAB


mem[X,0x80002380] -> 0xA023
mem[X,0x80002382] -> 0x66C6
[2277] [M]: 0x80002380 (0x66C6A023) sw a2, 1632(a3)
mem[0x800058B8] <- 0xFFFFAAAB


mem[X,0x80002384] -> 0xB537
mem[X,0x80002386] -> 0xAAAA
[2278] [M]: 0x80002384 (0xAAAAB537) lui a0, 699051
x10 <- 0xAAAAB000


mem[X,0x80002388] -> 0x0513
mem[X,0x8000238A] -> 0xAAB5
[2279] [M]: 0x80002388 (0xAAB50513) addi a0, a0, 2731
x10 <- 0xAAAAAAAB


mem[X,0x8000238C] -> 0x0593
mem[X,0x8000238E] -> 0x0020
[2280] [M]: 0x8000238C (0x00200593) addi a1, zero, 2
x11 <- 0x00000002


mem[X,0x80002390] -> 0x2633
mem[X,0x80002392] -> 0x02B5
[2281] [M]: 0x80002390 (0x02B52633) mulhsu a2, a0, a1
x12 <- 0xFFFFFFFF


mem[X,0x80002394] -> 0xA223
mem[X,0x80002396] -> 0x66C6
[2282] [M]: 0x80002394 (0x66C6A223) sw a2, 1636(a3)
mem[0x800058BC] <- 0xFFFFFFFF


mem[X,0x80002398] -> 0xB537
mem[X,0x8000239A] -> 0xAAAA
[2283] [M]: 0x80002398 (0xAAAAB537) lui a0, 699051
x10 <- 0xAAAAB000


mem[X,0x8000239C] -> 0x0513
mem[X,0x8000239E] -> 0xAAB5
[2284] [M]: 0x8000239C (0xAAB50513) addi a0, a0, 2731
x10 <- 0xAAAAAAAB


mem[X,0x800023A0] -> 0x55B7
mem[X,0x800023A2] -> 0x5555
[2285] [M]: 0x800023A0 (0x555555B7) lui a1, 349525
x11 <- 0x55555000


mem[X,0x800023A4] -> 0x8593
mem[X,0x800023A6] -> 0x5545
[2286] [M]: 0x800023A4 (0x55458593) addi a1, a1, 1364
x11 <- 0x55555554


mem[X,0x800023A8] -> 0x2633
mem[X,0x800023AA] -> 0x02B5
[2287] [M]: 0x800023A8 (0x02B52633) mulhsu a2, a0, a1
x12 <- 0xE38E38E4


mem[X,0x800023AC] -> 0xA423
mem[X,0x800023AE] -> 0x66C6
[2288] [M]: 0x800023AC (0x66C6A423) sw a2, 1640(a3)
mem[0x800058C0] <- 0xE38E38E4


mem[X,0x800023B0] -> 0xB537
mem[X,0x800023B2] -> 0xAAAA
[2289] [M]: 0x800023B0 (0xAAAAB537) lui a0, 699051
x10 <- 0xAAAAB000


mem[X,0x800023B4] -> 0x0513
mem[X,0x800023B6] -> 0xAAB5
[2290] [M]: 0x800023B4 (0xAAB50513) addi a0, a0, 2731
x10 <- 0xAAAAAAAB


mem[X,0x800023B8] -> 0xB5B7
mem[X,0x800023BA] -> 0xAAAA
[2291] [M]: 0x800023B8 (0xAAAAB5B7) lui a1, 699051
x11 <- 0xAAAAB000


mem[X,0x800023BC] -> 0x8593
mem[X,0x800023BE] -> 0xAA95
[2292] [M]: 0x800023BC (0xAA958593) addi a1, a1, 2729
x11 <- 0xAAAAAAA9


mem[X,0x800023C0] -> 0x2633
mem[X,0x800023C2] -> 0x02B5
[2293] [M]: 0x800023C0 (0x02B52633) mulhsu a2, a0, a1
x12 <- 0xC71C71C7


mem[X,0x800023C4] -> 0xA623
mem[X,0x800023C6] -> 0x66C6
[2294] [M]: 0x800023C4 (0x66C6A623) sw a2, 1644(a3)
mem[0x800058C4] <- 0xC71C71C7


mem[X,0x800023C8] -> 0xB537
mem[X,0x800023CA] -> 0xAAAA
[2295] [M]: 0x800023C8 (0xAAAAB537) lui a0, 699051
x10 <- 0xAAAAB000


mem[X,0x800023CC] -> 0x0513
mem[X,0x800023CE] -> 0xAAB5
[2296] [M]: 0x800023CC (0xAAB50513) addi a0, a0, 2731
x10 <- 0xAAAAAAAB


mem[X,0x800023D0] -> 0x0593
mem[X,0x800023D2] -> 0x0040
[2297] [M]: 0x800023D0 (0x00400593) addi a1, zero, 4
x11 <- 0x00000004


mem[X,0x800023D4] -> 0x2633
mem[X,0x800023D6] -> 0x02B5
[2298] [M]: 0x800023D4 (0x02B52633) mulhsu a2, a0, a1
x12 <- 0xFFFFFFFE


mem[X,0x800023D8] -> 0xA823
mem[X,0x800023DA] -> 0x66C6
[2299] [M]: 0x800023D8 (0x66C6A823) sw a2, 1648(a3)
mem[0x800058C8] <- 0xFFFFFFFE


clint::tick mtime <- 0x0000000000000017
 clint timer pending at mtime 0x0000000000000017
htif::tick 0x0000000000000000
mem[X,0x800023DC] -> 0xB537
mem[X,0x800023DE] -> 0xAAAA
[2300] [M]: 0x800023DC (0xAAAAB537) lui a0, 699051
x10 <- 0xAAAAB000


mem[X,0x800023E0] -> 0x0513
mem[X,0x800023E2] -> 0xAAB5
[2301] [M]: 0x800023E0 (0xAAB50513) addi a0, a0, 2731
x10 <- 0xAAAAAAAB


mem[X,0x800023E4] -> 0x35B7
mem[X,0x800023E6] -> 0x3333
[2302] [M]: 0x800023E4 (0x333335B7) lui a1, 209715
x11 <- 0x33333000


mem[X,0x800023E8] -> 0x8593
mem[X,0x800023EA] -> 0x3325
[2303] [M]: 0x800023E8 (0x33258593) addi a1, a1, 818
x11 <- 0x33333332


mem[X,0x800023EC] -> 0x2633
mem[X,0x800023EE] -> 0x02B5
[2304] [M]: 0x800023EC (0x02B52633) mulhsu a2, a0, a1
x12 <- 0xEEEEEEEF


mem[X,0x800023F0] -> 0xAA23
mem[X,0x800023F2] -> 0x66C6
[2305] [M]: 0x800023F0 (0x66C6AA23) sw a2, 1652(a3)
mem[0x800058CC] <- 0xEEEEEEEF


mem[X,0x800023F4] -> 0xB537
mem[X,0x800023F6] -> 0xAAAA
[2306] [M]: 0x800023F4 (0xAAAAB537) lui a0, 699051
x10 <- 0xAAAAB000


mem[X,0x800023F8] -> 0x0513
mem[X,0x800023FA] -> 0xAAB5
[2307] [M]: 0x800023F8 (0xAAB50513) addi a0, a0, 2731
x10 <- 0xAAAAAAAB


mem[X,0x800023FC] -> 0x65B7
mem[X,0x800023FE] -> 0x6666
[2308] [M]: 0x800023FC (0x666665B7) lui a1, 419430
x11 <- 0x66666000


mem[X,0x80002400] -> 0x8593
mem[X,0x80002402] -> 0x6655
[2309] [M]: 0x80002400 (0x66558593) addi a1, a1, 1637
x11 <- 0x66666665


mem[X,0x80002404] -> 0x2633
mem[X,0x80002406] -> 0x02B5
[2310] [M]: 0x80002404 (0x02B52633) mulhsu a2, a0, a1
x12 <- 0xDDDDDDDE


mem[X,0x80002408] -> 0xAC23
mem[X,0x8000240A] -> 0x66C6
[2311] [M]: 0x80002408 (0x66C6AC23) sw a2, 1656(a3)
mem[0x800058D0] <- 0xDDDDDDDE


mem[X,0x8000240C] -> 0xB537
mem[X,0x8000240E] -> 0xAAAA
[2312] [M]: 0x8000240C (0xAAAAB537) lui a0, 699051
x10 <- 0xAAAAB000


mem[X,0x80002410] -> 0x0513
mem[X,0x80002412] -> 0xAAB5
[2313] [M]: 0x80002410 (0xAAB50513) addi a0, a0, 2731
x10 <- 0xAAAAAAAB


mem[X,0x80002414] -> 0xB5B7
mem[X,0x80002416] -> 0x0000
[2314] [M]: 0x80002414 (0x0000B5B7) lui a1, 11
x11 <- 0x0000B000


mem[X,0x80002418] -> 0x8593
mem[X,0x8000241A] -> 0x5035
[2315] [M]: 0x80002418 (0x50358593) addi a1, a1, 1283
x11 <- 0x0000B503


mem[X,0x8000241C] -> 0x2633
mem[X,0x8000241E] -> 0x02B5
[2316] [M]: 0x8000241C (0x02B52633) mulhsu a2, a0, a1
x12 <- 0xFFFFC3A9


mem[X,0x80002420] -> 0xAE23
mem[X,0x80002422] -> 0x66C6
[2317] [M]: 0x80002420 (0x66C6AE23) sw a2, 1660(a3)
mem[0x800058D4] <- 0xFFFFC3A9


mem[X,0x80002424] -> 0xB537
mem[X,0x80002426] -> 0xAAAA
[2318] [M]: 0x80002424 (0xAAAAB537) lui a0, 699051
x10 <- 0xAAAAB000


mem[X,0x80002428] -> 0x0513
mem[X,0x8000242A] -> 0xAAB5
[2319] [M]: 0x80002428 (0xAAB50513) addi a0, a0, 2731
x10 <- 0xAAAAAAAB


mem[X,0x8000242C] -> 0x05B7
mem[X,0x8000242E] -> 0x0001
[2320] [M]: 0x8000242C (0x000105B7) lui a1, 16
x11 <- 0x00010000


mem[X,0x80002430] -> 0x8593
mem[X,0x80002432] -> 0xFFE5
[2321] [M]: 0x80002430 (0xFFE58593) addi a1, a1, 4094
x11 <- 0x0000FFFE


mem[X,0x80002434] -> 0x2633
mem[X,0x80002436] -> 0x02B5
[2322] [M]: 0x80002434 (0x02B52633) mulhsu a2, a0, a1
x12 <- 0xFFFFAAAB


mem[X,0x80002438] -> 0xA023
mem[X,0x8000243A] -> 0x68C6
[2323] [M]: 0x80002438 (0x68C6A023) sw a2, 1664(a3)
mem[0x800058D8] <- 0xFFFFAAAB


mem[X,0x8000243C] -> 0xB537
mem[X,0x8000243E] -> 0xAAAA
[2324] [M]: 0x8000243C (0xAAAAB537) lui a0, 699051
x10 <- 0xAAAAB000


mem[X,0x80002440] -> 0x0513
mem[X,0x80002442] -> 0xAAB5
[2325] [M]: 0x80002440 (0xAAB50513) addi a0, a0, 2731
x10 <- 0xAAAAAAAB


mem[X,0x80002444] -> 0x55B7
mem[X,0x80002446] -> 0x5555
[2326] [M]: 0x80002444 (0x555555B7) lui a1, 349525
x11 <- 0x55555000


mem[X,0x80002448] -> 0x8593
mem[X,0x8000244A] -> 0x5565
[2327] [M]: 0x80002448 (0x55658593) addi a1, a1, 1366
x11 <- 0x55555556


mem[X,0x8000244C] -> 0x2633
mem[X,0x8000244E] -> 0x02B5
[2328] [M]: 0x8000244C (0x02B52633) mulhsu a2, a0, a1
x12 <- 0xE38E38E3


mem[X,0x80002450] -> 0xA223
mem[X,0x80002452] -> 0x68C6
[2329] [M]: 0x80002450 (0x68C6A223) sw a2, 1668(a3)
mem[0x800058DC] <- 0xE38E38E3


mem[X,0x80002454] -> 0xB537
mem[X,0x80002456] -> 0xAAAA
[2330] [M]: 0x80002454 (0xAAAAB537) lui a0, 699051
x10 <- 0xAAAAB000


mem[X,0x80002458] -> 0x0513
mem[X,0x8000245A] -> 0xAAB5
[2331] [M]: 0x80002458 (0xAAB50513) addi a0, a0, 2731
x10 <- 0xAAAAAAAB


mem[X,0x8000245C] -> 0xB5B7
mem[X,0x8000245E] -> 0xAAAA
[2332] [M]: 0x8000245C (0xAAAAB5B7) lui a1, 699051
x11 <- 0xAAAAB000


mem[X,0x80002460] -> 0x8593
mem[X,0x80002462] -> 0xAAB5
[2333] [M]: 0x80002460 (0xAAB58593) addi a1, a1, 2731
x11 <- 0xAAAAAAAB


mem[X,0x80002464] -> 0x2633
mem[X,0x80002466] -> 0x02B5
[2334] [M]: 0x80002464 (0x02B52633) mulhsu a2, a0, a1
x12 <- 0xC71C71C7


mem[X,0x80002468] -> 0xA423
mem[X,0x8000246A] -> 0x68C6
[2335] [M]: 0x80002468 (0x68C6A423) sw a2, 1672(a3)
mem[0x800058E0] <- 0xC71C71C7


mem[X,0x8000246C] -> 0xB537
mem[X,0x8000246E] -> 0xAAAA
[2336] [M]: 0x8000246C (0xAAAAB537) lui a0, 699051
x10 <- 0xAAAAB000


mem[X,0x80002470] -> 0x0513
mem[X,0x80002472] -> 0xAAB5
[2337] [M]: 0x80002470 (0xAAB50513) addi a0, a0, 2731
x10 <- 0xAAAAAAAB


mem[X,0x80002474] -> 0x0593
mem[X,0x80002476] -> 0x0060
[2338] [M]: 0x80002474 (0x00600593) addi a1, zero, 6
x11 <- 0x00000006


mem[X,0x80002478] -> 0x2633
mem[X,0x8000247A] -> 0x02B5
[2339] [M]: 0x80002478 (0x02B52633) mulhsu a2, a0, a1
x12 <- 0xFFFFFFFE


mem[X,0x8000247C] -> 0xA623
mem[X,0x8000247E] -> 0x68C6
[2340] [M]: 0x8000247C (0x68C6A623) sw a2, 1676(a3)
mem[0x800058E4] <- 0xFFFFFFFE


mem[X,0x80002480] -> 0xB537
mem[X,0x80002482] -> 0xAAAA
[2341] [M]: 0x80002480 (0xAAAAB537) lui a0, 699051
x10 <- 0xAAAAB000


mem[X,0x80002484] -> 0x0513
mem[X,0x80002486] -> 0xAAB5
[2342] [M]: 0x80002484 (0xAAB50513) addi a0, a0, 2731
x10 <- 0xAAAAAAAB


mem[X,0x80002488] -> 0x35B7
mem[X,0x8000248A] -> 0x3333
[2343] [M]: 0x80002488 (0x333335B7) lui a1, 209715
x11 <- 0x33333000


mem[X,0x8000248C] -> 0x8593
mem[X,0x8000248E] -> 0x3345
[2344] [M]: 0x8000248C (0x33458593) addi a1, a1, 820
x11 <- 0x33333334


mem[X,0x80002490] -> 0x2633
mem[X,0x80002492] -> 0x02B5
[2345] [M]: 0x80002490 (0x02B52633) mulhsu a2, a0, a1
x12 <- 0xEEEEEEEE


mem[X,0x80002494] -> 0xA823
mem[X,0x80002496] -> 0x68C6
[2346] [M]: 0x80002494 (0x68C6A823) sw a2, 1680(a3)
mem[0x800058E8] <- 0xEEEEEEEE


mem[X,0x80002498] -> 0xB537
mem[X,0x8000249A] -> 0xAAAA
[2347] [M]: 0x80002498 (0xAAAAB537) lui a0, 699051
x10 <- 0xAAAAB000


mem[X,0x8000249C] -> 0x0513
mem[X,0x8000249E] -> 0xAAB5
[2348] [M]: 0x8000249C (0xAAB50513) addi a0, a0, 2731
x10 <- 0xAAAAAAAB


mem[X,0x800024A0] -> 0x65B7
mem[X,0x800024A2] -> 0x6666
[2349] [M]: 0x800024A0 (0x666665B7) lui a1, 419430
x11 <- 0x66666000


mem[X,0x800024A4] -> 0x8593
mem[X,0x800024A6] -> 0x6675
[2350] [M]: 0x800024A4 (0x66758593) addi a1, a1, 1639
x11 <- 0x66666667


mem[X,0x800024A8] -> 0x2633
mem[X,0x800024AA] -> 0x02B5
[2351] [M]: 0x800024A8 (0x02B52633) mulhsu a2, a0, a1
x12 <- 0xDDDDDDDD


mem[X,0x800024AC] -> 0xAA23
mem[X,0x800024AE] -> 0x68C6
[2352] [M]: 0x800024AC (0x68C6AA23) sw a2, 1684(a3)
mem[0x800058EC] <- 0xDDDDDDDD


mem[X,0x800024B0] -> 0xB537
mem[X,0x800024B2] -> 0xAAAA
[2353] [M]: 0x800024B0 (0xAAAAB537) lui a0, 699051
x10 <- 0xAAAAB000


mem[X,0x800024B4] -> 0x0513
mem[X,0x800024B6] -> 0xAAB5
[2354] [M]: 0x800024B4 (0xAAB50513) addi a0, a0, 2731
x10 <- 0xAAAAAAAB


mem[X,0x800024B8] -> 0xB5B7
mem[X,0x800024BA] -> 0x0000
[2355] [M]: 0x800024B8 (0x0000B5B7) lui a1, 11
x11 <- 0x0000B000


mem[X,0x800024BC] -> 0x8593
mem[X,0x800024BE] -> 0x5055
[2356] [M]: 0x800024BC (0x50558593) addi a1, a1, 1285
x11 <- 0x0000B505


mem[X,0x800024C0] -> 0x2633
mem[X,0x800024C2] -> 0x02B5
[2357] [M]: 0x800024C0 (0x02B52633) mulhsu a2, a0, a1
x12 <- 0xFFFFC3A9


mem[X,0x800024C4] -> 0xAC23
mem[X,0x800024C6] -> 0x68C6
[2358] [M]: 0x800024C4 (0x68C6AC23) sw a2, 1688(a3)
mem[0x800058F0] <- 0xFFFFC3A9


mem[X,0x800024C8] -> 0xB537
mem[X,0x800024CA] -> 0xAAAA
[2359] [M]: 0x800024C8 (0xAAAAB537) lui a0, 699051
x10 <- 0xAAAAB000


mem[X,0x800024CC] -> 0x0513
mem[X,0x800024CE] -> 0xAAB5
[2360] [M]: 0x800024CC (0xAAB50513) addi a0, a0, 2731
x10 <- 0xAAAAAAAB


mem[X,0x800024D0] -> 0x0593
mem[X,0x800024D2] -> 0x0010
[2361] [M]: 0x800024D0 (0x00100593) addi a1, zero, 1
x11 <- 0x00000001


mem[X,0x800024D4] -> 0x2633
mem[X,0x800024D6] -> 0x02B5
[2362] [M]: 0x800024D4 (0x02B52633) mulhsu a2, a0, a1
x12 <- 0xFFFFFFFF


mem[X,0x800024D8] -> 0xAE23
mem[X,0x800024DA] -> 0x68C6
[2363] [M]: 0x800024D8 (0x68C6AE23) sw a2, 1692(a3)
mem[0x800058F4] <- 0xFFFFFFFF


mem[X,0x800024DC] -> 0xB537
mem[X,0x800024DE] -> 0xAAAA
[2364] [M]: 0x800024DC (0xAAAAB537) lui a0, 699051
x10 <- 0xAAAAB000


mem[X,0x800024E0] -> 0x0513
mem[X,0x800024E2] -> 0xAAB5
[2365] [M]: 0x800024E0 (0xAAB50513) addi a0, a0, 2731
x10 <- 0xAAAAAAAB


mem[X,0x800024E4] -> 0x05B7
mem[X,0x800024E6] -> 0x0001
[2366] [M]: 0x800024E4 (0x000105B7) lui a1, 16
x11 <- 0x00010000


mem[X,0x800024E8] -> 0x2633
mem[X,0x800024EA] -> 0x02B5
[2367] [M]: 0x800024E8 (0x02B52633) mulhsu a2, a0, a1
x12 <- 0xFFFFAAAA


mem[X,0x800024EC] -> 0xA023
mem[X,0x800024EE] -> 0x6AC6
[2368] [M]: 0x800024EC (0x6AC6A023) sw a2, 1696(a3)
mem[0x800058F8] <- 0xFFFFAAAA


mem[X,0x800024F0] -> 0x0513
mem[X,0x800024F2] -> 0x0060
[2369] [M]: 0x800024F0 (0x00600513) addi a0, zero, 6
x10 <- 0x00000006


mem[X,0x800024F4] -> 0x0593
mem[X,0x800024F6] -> 0x0030
[2370] [M]: 0x800024F4 (0x00300593) addi a1, zero, 3
x11 <- 0x00000003


mem[X,0x800024F8] -> 0x2633
mem[X,0x800024FA] -> 0x02B5
[2371] [M]: 0x800024F8 (0x02B52633) mulhsu a2, a0, a1
x12 <- 0x00000000


mem[X,0x800024FC] -> 0xA223
mem[X,0x800024FE] -> 0x6AC6
[2372] [M]: 0x800024FC (0x6AC6A223) sw a2, 1700(a3)
mem[0x800058FC] <- 0x00000000


mem[X,0x80002500] -> 0x0513
mem[X,0x80002502] -> 0x0060
[2373] [M]: 0x80002500 (0x00600513) addi a0, zero, 6
x10 <- 0x00000006


mem[X,0x80002504] -> 0x55B7
mem[X,0x80002506] -> 0x5555
[2374] [M]: 0x80002504 (0x555555B7) lui a1, 349525
x11 <- 0x55555000


mem[X,0x80002508] -> 0x8593
mem[X,0x8000250A] -> 0x5555
[2375] [M]: 0x80002508 (0x55558593) addi a1, a1, 1365
x11 <- 0x55555555


mem[X,0x8000250C] -> 0x2633
mem[X,0x8000250E] -> 0x02B5
[2376] [M]: 0x8000250C (0x02B52633) mulhsu a2, a0, a1
x12 <- 0x00000001


mem[X,0x80002510] -> 0xA423
mem[X,0x80002512] -> 0x6AC6
[2377] [M]: 0x80002510 (0x6AC6A423) sw a2, 1704(a3)
mem[0x80005900] <- 0x00000001


mem[X,0x80002514] -> 0x0513
mem[X,0x80002516] -> 0x0060
[2378] [M]: 0x80002514 (0x00600513) addi a0, zero, 6
x10 <- 0x00000006


mem[X,0x80002518] -> 0xB5B7
mem[X,0x8000251A] -> 0xAAAA
[2379] [M]: 0x80002518 (0xAAAAB5B7) lui a1, 699051
x11 <- 0xAAAAB000


mem[X,0x8000251C] -> 0x8593
mem[X,0x8000251E] -> 0xAAA5
[2380] [M]: 0x8000251C (0xAAA58593) addi a1, a1, 2730
x11 <- 0xAAAAAAAA


mem[X,0x80002520] -> 0x2633
mem[X,0x80002522] -> 0x02B5
[2381] [M]: 0x80002520 (0x02B52633) mulhsu a2, a0, a1
x12 <- 0x00000003


mem[X,0x80002524] -> 0xA623
mem[X,0x80002526] -> 0x6AC6
[2382] [M]: 0x80002524 (0x6AC6A623) sw a2, 1708(a3)
mem[0x80005904] <- 0x00000003


mem[X,0x80002528] -> 0x0513
mem[X,0x8000252A] -> 0x0060
[2383] [M]: 0x80002528 (0x00600513) addi a0, zero, 6
x10 <- 0x00000006


mem[X,0x8000252C] -> 0x0593
mem[X,0x8000252E] -> 0x0050
[2384] [M]: 0x8000252C (0x00500593) addi a1, zero, 5
x11 <- 0x00000005


mem[X,0x80002530] -> 0x2633
mem[X,0x80002532] -> 0x02B5
[2385] [M]: 0x80002530 (0x02B52633) mulhsu a2, a0, a1
x12 <- 0x00000000


mem[X,0x80002534] -> 0xA823
mem[X,0x80002536] -> 0x6AC6
[2386] [M]: 0x80002534 (0x6AC6A823) sw a2, 1712(a3)
mem[0x80005908] <- 0x00000000


mem[X,0x80002538] -> 0x0513
mem[X,0x8000253A] -> 0x0060
[2387] [M]: 0x80002538 (0x00600513) addi a0, zero, 6
x10 <- 0x00000006


mem[X,0x8000253C] -> 0x35B7
mem[X,0x8000253E] -> 0x3333
[2388] [M]: 0x8000253C (0x333335B7) lui a1, 209715
x11 <- 0x33333000


mem[X,0x80002540] -> 0x8593
mem[X,0x80002542] -> 0x3335
[2389] [M]: 0x80002540 (0x33358593) addi a1, a1, 819
x11 <- 0x33333333


mem[X,0x80002544] -> 0x2633
mem[X,0x80002546] -> 0x02B5
[2390] [M]: 0x80002544 (0x02B52633) mulhsu a2, a0, a1
x12 <- 0x00000001


mem[X,0x80002548] -> 0xAA23
mem[X,0x8000254A] -> 0x6AC6
[2391] [M]: 0x80002548 (0x6AC6AA23) sw a2, 1716(a3)
mem[0x8000590C] <- 0x00000001


mem[X,0x8000254C] -> 0x0513
mem[X,0x8000254E] -> 0x0060
[2392] [M]: 0x8000254C (0x00600513) addi a0, zero, 6
x10 <- 0x00000006


mem[X,0x80002550] -> 0x65B7
mem[X,0x80002552] -> 0x6666
[2393] [M]: 0x80002550 (0x666665B7) lui a1, 419430
x11 <- 0x66666000


mem[X,0x80002554] -> 0x8593
mem[X,0x80002556] -> 0x6665
[2394] [M]: 0x80002554 (0x66658593) addi a1, a1, 1638
x11 <- 0x66666666


mem[X,0x80002558] -> 0x2633
mem[X,0x8000255A] -> 0x02B5
[2395] [M]: 0x80002558 (0x02B52633) mulhsu a2, a0, a1
x12 <- 0x00000002


mem[X,0x8000255C] -> 0xAC23
mem[X,0x8000255E] -> 0x6AC6
[2396] [M]: 0x8000255C (0x6AC6AC23) sw a2, 1720(a3)
mem[0x80005910] <- 0x00000002


mem[X,0x80002560] -> 0x0513
mem[X,0x80002562] -> 0x0060
[2397] [M]: 0x80002560 (0x00600513) addi a0, zero, 6
x10 <- 0x00000006


mem[X,0x80002564] -> 0xB5B7
mem[X,0x80002566] -> 0x0000
[2398] [M]: 0x80002564 (0x0000B5B7) lui a1, 11
x11 <- 0x0000B000


mem[X,0x80002568] -> 0x8593
mem[X,0x8000256A] -> 0x5045
[2399] [M]: 0x80002568 (0x50458593) addi a1, a1, 1284
x11 <- 0x0000B504


clint::tick mtime <- 0x0000000000000018
 clint timer pending at mtime 0x0000000000000018
htif::tick 0x0000000000000000
mem[X,0x8000256C] -> 0x2633
mem[X,0x8000256E] -> 0x02B5
[2400] [M]: 0x8000256C (0x02B52633) mulhsu a2, a0, a1
x12 <- 0x00000000


mem[X,0x80002570] -> 0xAE23
mem[X,0x80002572] -> 0x6AC6
[2401] [M]: 0x80002570 (0x6AC6AE23) sw a2, 1724(a3)
mem[0x80005914] <- 0x00000000


mem[X,0x80002574] -> 0x0513
mem[X,0x80002576] -> 0x0060
[2402] [M]: 0x80002574 (0x00600513) addi a0, zero, 6
x10 <- 0x00000006


mem[X,0x80002578] -> 0x0593
mem[X,0x8000257A] -> 0x0000
[2403] [M]: 0x80002578 (0x00000593) addi a1, zero, 0
x11 <- 0x00000000


mem[X,0x8000257C] -> 0x2633
mem[X,0x8000257E] -> 0x02B5
[2404] [M]: 0x8000257C (0x02B52633) mulhsu a2, a0, a1
x12 <- 0x00000000


mem[X,0x80002580] -> 0xA023
mem[X,0x80002582] -> 0x6CC6
[2405] [M]: 0x80002580 (0x6CC6A023) sw a2, 1728(a3)
mem[0x80005918] <- 0x00000000


mem[X,0x80002584] -> 0x0513
mem[X,0x80002586] -> 0x0060
[2406] [M]: 0x80002584 (0x00600513) addi a0, zero, 6
x10 <- 0x00000006


mem[X,0x80002588] -> 0x05B7
mem[X,0x8000258A] -> 0x0001
[2407] [M]: 0x80002588 (0x000105B7) lui a1, 16
x11 <- 0x00010000


mem[X,0x8000258C] -> 0x8593
mem[X,0x8000258E] -> 0xFFF5
[2408] [M]: 0x8000258C (0xFFF58593) addi a1, a1, 4095
x11 <- 0x0000FFFF


mem[X,0x80002590] -> 0x2633
mem[X,0x80002592] -> 0x02B5
[2409] [M]: 0x80002590 (0x02B52633) mulhsu a2, a0, a1
x12 <- 0x00000000


mem[X,0x80002594] -> 0xA223
mem[X,0x80002596] -> 0x6CC6
[2410] [M]: 0x80002594 (0x6CC6A223) sw a2, 1732(a3)
mem[0x8000591C] <- 0x00000000


mem[X,0x80002598] -> 0x0513
mem[X,0x8000259A] -> 0x0060
[2411] [M]: 0x80002598 (0x00600513) addi a0, zero, 6
x10 <- 0x00000006


mem[X,0x8000259C] -> 0x0593
mem[X,0x8000259E] -> 0x0020
[2412] [M]: 0x8000259C (0x00200593) addi a1, zero, 2
x11 <- 0x00000002


mem[X,0x800025A0] -> 0x2633
mem[X,0x800025A2] -> 0x02B5
[2413] [M]: 0x800025A0 (0x02B52633) mulhsu a2, a0, a1
x12 <- 0x00000000


mem[X,0x800025A4] -> 0xA423
mem[X,0x800025A6] -> 0x6CC6
[2414] [M]: 0x800025A4 (0x6CC6A423) sw a2, 1736(a3)
mem[0x80005920] <- 0x00000000


mem[X,0x800025A8] -> 0x0513
mem[X,0x800025AA] -> 0x0060
[2415] [M]: 0x800025A8 (0x00600513) addi a0, zero, 6
x10 <- 0x00000006


mem[X,0x800025AC] -> 0x55B7
mem[X,0x800025AE] -> 0x5555
[2416] [M]: 0x800025AC (0x555555B7) lui a1, 349525
x11 <- 0x55555000


mem[X,0x800025B0] -> 0x8593
mem[X,0x800025B2] -> 0x5545
[2417] [M]: 0x800025B0 (0x55458593) addi a1, a1, 1364
x11 <- 0x55555554


mem[X,0x800025B4] -> 0x2633
mem[X,0x800025B6] -> 0x02B5
[2418] [M]: 0x800025B4 (0x02B52633) mulhsu a2, a0, a1
x12 <- 0x00000001


mem[X,0x800025B8] -> 0xA623
mem[X,0x800025BA] -> 0x6CC6
[2419] [M]: 0x800025B8 (0x6CC6A623) sw a2, 1740(a3)
mem[0x80005924] <- 0x00000001


mem[X,0x800025BC] -> 0x0513
mem[X,0x800025BE] -> 0x0060
[2420] [M]: 0x800025BC (0x00600513) addi a0, zero, 6
x10 <- 0x00000006


mem[X,0x800025C0] -> 0xB5B7
mem[X,0x800025C2] -> 0xAAAA
[2421] [M]: 0x800025C0 (0xAAAAB5B7) lui a1, 699051
x11 <- 0xAAAAB000


mem[X,0x800025C4] -> 0x8593
mem[X,0x800025C6] -> 0xAA95
[2422] [M]: 0x800025C4 (0xAA958593) addi a1, a1, 2729
x11 <- 0xAAAAAAA9


mem[X,0x800025C8] -> 0x2633
mem[X,0x800025CA] -> 0x02B5
[2423] [M]: 0x800025C8 (0x02B52633) mulhsu a2, a0, a1
x12 <- 0x00000003


mem[X,0x800025CC] -> 0xA823
mem[X,0x800025CE] -> 0x6CC6
[2424] [M]: 0x800025CC (0x6CC6A823) sw a2, 1744(a3)
mem[0x80005928] <- 0x00000003


mem[X,0x800025D0] -> 0x0513
mem[X,0x800025D2] -> 0x0060
[2425] [M]: 0x800025D0 (0x00600513) addi a0, zero, 6
x10 <- 0x00000006


mem[X,0x800025D4] -> 0x35B7
mem[X,0x800025D6] -> 0x3333
[2426] [M]: 0x800025D4 (0x333335B7) lui a1, 209715
x11 <- 0x33333000


mem[X,0x800025D8] -> 0x8593
mem[X,0x800025DA] -> 0x3325
[2427] [M]: 0x800025D8 (0x33258593) addi a1, a1, 818
x11 <- 0x33333332


mem[X,0x800025DC] -> 0x2633
mem[X,0x800025DE] -> 0x02B5
[2428] [M]: 0x800025DC (0x02B52633) mulhsu a2, a0, a1
x12 <- 0x00000001


mem[X,0x800025E0] -> 0xAA23
mem[X,0x800025E2] -> 0x6CC6
[2429] [M]: 0x800025E0 (0x6CC6AA23) sw a2, 1748(a3)
mem[0x8000592C] <- 0x00000001


mem[X,0x800025E4] -> 0x0513
mem[X,0x800025E6] -> 0x0060
[2430] [M]: 0x800025E4 (0x00600513) addi a0, zero, 6
x10 <- 0x00000006


mem[X,0x800025E8] -> 0x65B7
mem[X,0x800025EA] -> 0x6666
[2431] [M]: 0x800025E8 (0x666665B7) lui a1, 419430
x11 <- 0x66666000


mem[X,0x800025EC] -> 0x8593
mem[X,0x800025EE] -> 0x6655
[2432] [M]: 0x800025EC (0x66558593) addi a1, a1, 1637
x11 <- 0x66666665


mem[X,0x800025F0] -> 0x2633
mem[X,0x800025F2] -> 0x02B5
[2433] [M]: 0x800025F0 (0x02B52633) mulhsu a2, a0, a1
x12 <- 0x00000002


mem[X,0x800025F4] -> 0xAC23
mem[X,0x800025F6] -> 0x6CC6
[2434] [M]: 0x800025F4 (0x6CC6AC23) sw a2, 1752(a3)
mem[0x80005930] <- 0x00000002


mem[X,0x800025F8] -> 0x0513
mem[X,0x800025FA] -> 0x0060
[2435] [M]: 0x800025F8 (0x00600513) addi a0, zero, 6
x10 <- 0x00000006


mem[X,0x800025FC] -> 0xB5B7
mem[X,0x800025FE] -> 0x0000
[2436] [M]: 0x800025FC (0x0000B5B7) lui a1, 11
x11 <- 0x0000B000


mem[X,0x80002600] -> 0x8593
mem[X,0x80002602] -> 0x5035
[2437] [M]: 0x80002600 (0x50358593) addi a1, a1, 1283
x11 <- 0x0000B503


mem[X,0x80002604] -> 0x2633
mem[X,0x80002606] -> 0x02B5
[2438] [M]: 0x80002604 (0x02B52633) mulhsu a2, a0, a1
x12 <- 0x00000000


mem[X,0x80002608] -> 0xAE23
mem[X,0x8000260A] -> 0x6CC6
[2439] [M]: 0x80002608 (0x6CC6AE23) sw a2, 1756(a3)
mem[0x80005934] <- 0x00000000


mem[X,0x8000260C] -> 0x0513
mem[X,0x8000260E] -> 0x0060
[2440] [M]: 0x8000260C (0x00600513) addi a0, zero, 6
x10 <- 0x00000006


mem[X,0x80002610] -> 0x05B7
mem[X,0x80002612] -> 0x0001
[2441] [M]: 0x80002610 (0x000105B7) lui a1, 16
x11 <- 0x00010000


mem[X,0x80002614] -> 0x8593
mem[X,0x80002616] -> 0xFFE5
[2442] [M]: 0x80002614 (0xFFE58593) addi a1, a1, 4094
x11 <- 0x0000FFFE


mem[X,0x80002618] -> 0x2633
mem[X,0x8000261A] -> 0x02B5
[2443] [M]: 0x80002618 (0x02B52633) mulhsu a2, a0, a1
x12 <- 0x00000000


mem[X,0x8000261C] -> 0xA023
mem[X,0x8000261E] -> 0x6EC6
[2444] [M]: 0x8000261C (0x6EC6A023) sw a2, 1760(a3)
mem[0x80005938] <- 0x00000000


mem[X,0x80002620] -> 0x0513
mem[X,0x80002622] -> 0x0060
[2445] [M]: 0x80002620 (0x00600513) addi a0, zero, 6
x10 <- 0x00000006


mem[X,0x80002624] -> 0x55B7
mem[X,0x80002626] -> 0x5555
[2446] [M]: 0x80002624 (0x555555B7) lui a1, 349525
x11 <- 0x55555000


mem[X,0x80002628] -> 0x8593
mem[X,0x8000262A] -> 0x5565
[2447] [M]: 0x80002628 (0x55658593) addi a1, a1, 1366
x11 <- 0x55555556


mem[X,0x8000262C] -> 0x2633
mem[X,0x8000262E] -> 0x02B5
[2448] [M]: 0x8000262C (0x02B52633) mulhsu a2, a0, a1
x12 <- 0x00000002


mem[X,0x80002630] -> 0xA223
mem[X,0x80002632] -> 0x6EC6
[2449] [M]: 0x80002630 (0x6EC6A223) sw a2, 1764(a3)
mem[0x8000593C] <- 0x00000002


mem[X,0x80002634] -> 0x0513
mem[X,0x80002636] -> 0x0060
[2450] [M]: 0x80002634 (0x00600513) addi a0, zero, 6
x10 <- 0x00000006


mem[X,0x80002638] -> 0xB5B7
mem[X,0x8000263A] -> 0xAAAA
[2451] [M]: 0x80002638 (0xAAAAB5B7) lui a1, 699051
x11 <- 0xAAAAB000


mem[X,0x8000263C] -> 0x8593
mem[X,0x8000263E] -> 0xAAB5
[2452] [M]: 0x8000263C (0xAAB58593) addi a1, a1, 2731
x11 <- 0xAAAAAAAB


mem[X,0x80002640] -> 0x2633
mem[X,0x80002642] -> 0x02B5
[2453] [M]: 0x80002640 (0x02B52633) mulhsu a2, a0, a1
x12 <- 0x00000004


mem[X,0x80002644] -> 0xA423
mem[X,0x80002646] -> 0x6EC6
[2454] [M]: 0x80002644 (0x6EC6A423) sw a2, 1768(a3)
mem[0x80005940] <- 0x00000004


mem[X,0x80002648] -> 0x0513
mem[X,0x8000264A] -> 0x0060
[2455] [M]: 0x80002648 (0x00600513) addi a0, zero, 6
x10 <- 0x00000006


mem[X,0x8000264C] -> 0x0593
mem[X,0x8000264E] -> 0x0060
[2456] [M]: 0x8000264C (0x00600593) addi a1, zero, 6
x11 <- 0x00000006


mem[X,0x80002650] -> 0x2633
mem[X,0x80002652] -> 0x02B5
[2457] [M]: 0x80002650 (0x02B52633) mulhsu a2, a0, a1
x12 <- 0x00000000


mem[X,0x80002654] -> 0xA623
mem[X,0x80002656] -> 0x6EC6
[2458] [M]: 0x80002654 (0x6EC6A623) sw a2, 1772(a3)
mem[0x80005944] <- 0x00000000


mem[X,0x80002658] -> 0x0513
mem[X,0x8000265A] -> 0x0060
[2459] [M]: 0x80002658 (0x00600513) addi a0, zero, 6
x10 <- 0x00000006


mem[X,0x8000265C] -> 0x35B7
mem[X,0x8000265E] -> 0x3333
[2460] [M]: 0x8000265C (0x333335B7) lui a1, 209715
x11 <- 0x33333000


mem[X,0x80002660] -> 0x8593
mem[X,0x80002662] -> 0x3345
[2461] [M]: 0x80002660 (0x33458593) addi a1, a1, 820
x11 <- 0x33333334


mem[X,0x80002664] -> 0x2633
mem[X,0x80002666] -> 0x02B5
[2462] [M]: 0x80002664 (0x02B52633) mulhsu a2, a0, a1
x12 <- 0x00000001


mem[X,0x80002668] -> 0xA823
mem[X,0x8000266A] -> 0x6EC6
[2463] [M]: 0x80002668 (0x6EC6A823) sw a2, 1776(a3)
mem[0x80005948] <- 0x00000001


mem[X,0x8000266C] -> 0x0513
mem[X,0x8000266E] -> 0x0060
[2464] [M]: 0x8000266C (0x00600513) addi a0, zero, 6
x10 <- 0x00000006


mem[X,0x80002670] -> 0x65B7
mem[X,0x80002672] -> 0x6666
[2465] [M]: 0x80002670 (0x666665B7) lui a1, 419430
x11 <- 0x66666000


mem[X,0x80002674] -> 0x8593
mem[X,0x80002676] -> 0x6675
[2466] [M]: 0x80002674 (0x66758593) addi a1, a1, 1639
x11 <- 0x66666667


mem[X,0x80002678] -> 0x2633
mem[X,0x8000267A] -> 0x02B5
[2467] [M]: 0x80002678 (0x02B52633) mulhsu a2, a0, a1
x12 <- 0x00000002


mem[X,0x8000267C] -> 0xAA23
mem[X,0x8000267E] -> 0x6EC6
[2468] [M]: 0x8000267C (0x6EC6AA23) sw a2, 1780(a3)
mem[0x8000594C] <- 0x00000002


mem[X,0x80002680] -> 0x0513
mem[X,0x80002682] -> 0x0060
[2469] [M]: 0x80002680 (0x00600513) addi a0, zero, 6
x10 <- 0x00000006


mem[X,0x80002684] -> 0xB5B7
mem[X,0x80002686] -> 0x0000
[2470] [M]: 0x80002684 (0x0000B5B7) lui a1, 11
x11 <- 0x0000B000


mem[X,0x80002688] -> 0x8593
mem[X,0x8000268A] -> 0x5055
[2471] [M]: 0x80002688 (0x50558593) addi a1, a1, 1285
x11 <- 0x0000B505


mem[X,0x8000268C] -> 0x2633
mem[X,0x8000268E] -> 0x02B5
[2472] [M]: 0x8000268C (0x02B52633) mulhsu a2, a0, a1
x12 <- 0x00000000


mem[X,0x80002690] -> 0xAC23
mem[X,0x80002692] -> 0x6EC6
[2473] [M]: 0x80002690 (0x6EC6AC23) sw a2, 1784(a3)
mem[0x80005950] <- 0x00000000


mem[X,0x80002694] -> 0x0513
mem[X,0x80002696] -> 0x0060
[2474] [M]: 0x80002694 (0x00600513) addi a0, zero, 6
x10 <- 0x00000006


mem[X,0x80002698] -> 0x0593
mem[X,0x8000269A] -> 0x0010
[2475] [M]: 0x80002698 (0x00100593) addi a1, zero, 1
x11 <- 0x00000001


mem[X,0x8000269C] -> 0x2633
mem[X,0x8000269E] -> 0x02B5
[2476] [M]: 0x8000269C (0x02B52633) mulhsu a2, a0, a1
x12 <- 0x00000000


mem[X,0x800026A0] -> 0xAE23
mem[X,0x800026A2] -> 0x6EC6
[2477] [M]: 0x800026A0 (0x6EC6AE23) sw a2, 1788(a3)
mem[0x80005954] <- 0x00000000


mem[X,0x800026A4] -> 0x0513
mem[X,0x800026A6] -> 0x0060
[2478] [M]: 0x800026A4 (0x00600513) addi a0, zero, 6
x10 <- 0x00000006


mem[X,0x800026A8] -> 0x05B7
mem[X,0x800026AA] -> 0x0001
[2479] [M]: 0x800026A8 (0x000105B7) lui a1, 16
x11 <- 0x00010000


mem[X,0x800026AC] -> 0x2633
mem[X,0x800026AE] -> 0x02B5
[2480] [M]: 0x800026AC (0x02B52633) mulhsu a2, a0, a1
x12 <- 0x00000000


mem[X,0x800026B0] -> 0xA023
mem[X,0x800026B2] -> 0x70C6
[2481] [M]: 0x800026B0 (0x70C6A023) sw a2, 1792(a3)
mem[0x80005958] <- 0x00000000


mem[X,0x800026B4] -> 0x3537
mem[X,0x800026B6] -> 0x3333
[2482] [M]: 0x800026B4 (0x33333537) lui a0, 209715
x10 <- 0x33333000


mem[X,0x800026B8] -> 0x0513
mem[X,0x800026BA] -> 0x3345
[2483] [M]: 0x800026B8 (0x33450513) addi a0, a0, 820
x10 <- 0x33333334


mem[X,0x800026BC] -> 0x0593
mem[X,0x800026BE] -> 0x0030
[2484] [M]: 0x800026BC (0x00300593) addi a1, zero, 3
x11 <- 0x00000003


mem[X,0x800026C0] -> 0x2633
mem[X,0x800026C2] -> 0x02B5
[2485] [M]: 0x800026C0 (0x02B52633) mulhsu a2, a0, a1
x12 <- 0x00000000


mem[X,0x800026C4] -> 0xA223
mem[X,0x800026C6] -> 0x70C6
[2486] [M]: 0x800026C4 (0x70C6A223) sw a2, 1796(a3)
mem[0x8000595C] <- 0x00000000


mem[X,0x800026C8] -> 0x3537
mem[X,0x800026CA] -> 0x3333
[2487] [M]: 0x800026C8 (0x33333537) lui a0, 209715
x10 <- 0x33333000


mem[X,0x800026CC] -> 0x0513
mem[X,0x800026CE] -> 0x3345
[2488] [M]: 0x800026CC (0x33450513) addi a0, a0, 820
x10 <- 0x33333334


mem[X,0x800026D0] -> 0x55B7
mem[X,0x800026D2] -> 0x5555
[2489] [M]: 0x800026D0 (0x555555B7) lui a1, 349525
x11 <- 0x55555000


mem[X,0x800026D4] -> 0x8593
mem[X,0x800026D6] -> 0x5555
[2490] [M]: 0x800026D4 (0x55558593) addi a1, a1, 1365
x11 <- 0x55555555


mem[X,0x800026D8] -> 0x2633
mem[X,0x800026DA] -> 0x02B5
[2491] [M]: 0x800026D8 (0x02B52633) mulhsu a2, a0, a1
x12 <- 0x11111111


mem[X,0x800026DC] -> 0xA423
mem[X,0x800026DE] -> 0x70C6
[2492] [M]: 0x800026DC (0x70C6A423) sw a2, 1800(a3)
mem[0x80005960] <- 0x11111111


mem[X,0x800026E0] -> 0x3537
mem[X,0x800026E2] -> 0x3333
[2493] [M]: 0x800026E0 (0x33333537) lui a0, 209715
x10 <- 0x33333000


mem[X,0x800026E4] -> 0x0513
mem[X,0x800026E6] -> 0x3345
[2494] [M]: 0x800026E4 (0x33450513) addi a0, a0, 820
x10 <- 0x33333334


mem[X,0x800026E8] -> 0xB5B7
mem[X,0x800026EA] -> 0xAAAA
[2495] [M]: 0x800026E8 (0xAAAAB5B7) lui a1, 699051
x11 <- 0xAAAAB000


mem[X,0x800026EC] -> 0x8593
mem[X,0x800026EE] -> 0xAAA5
[2496] [M]: 0x800026EC (0xAAA58593) addi a1, a1, 2730
x11 <- 0xAAAAAAAA


mem[X,0x800026F0] -> 0x2633
mem[X,0x800026F2] -> 0x02B5
[2497] [M]: 0x800026F0 (0x02B52633) mulhsu a2, a0, a1
x12 <- 0x22222222


mem[X,0x800026F4] -> 0xA623
mem[X,0x800026F6] -> 0x70C6
[2498] [M]: 0x800026F4 (0x70C6A623) sw a2, 1804(a3)
mem[0x80005964] <- 0x22222222


mem[X,0x800026F8] -> 0x3537
mem[X,0x800026FA] -> 0x3333
[2499] [M]: 0x800026F8 (0x33333537) lui a0, 209715
x10 <- 0x33333000


clint::tick mtime <- 0x0000000000000019
 clint timer pending at mtime 0x0000000000000019
htif::tick 0x0000000000000000
mem[X,0x800026FC] -> 0x0513
mem[X,0x800026FE] -> 0x3345
[2500] [M]: 0x800026FC (0x33450513) addi a0, a0, 820
x10 <- 0x33333334


mem[X,0x80002700] -> 0x0593
mem[X,0x80002702] -> 0x0050
[2501] [M]: 0x80002700 (0x00500593) addi a1, zero, 5
x11 <- 0x00000005


mem[X,0x80002704] -> 0x2633
mem[X,0x80002706] -> 0x02B5
[2502] [M]: 0x80002704 (0x02B52633) mulhsu a2, a0, a1
x12 <- 0x00000001


mem[X,0x80002708] -> 0xA823
mem[X,0x8000270A] -> 0x70C6
[2503] [M]: 0x80002708 (0x70C6A823) sw a2, 1808(a3)
mem[0x80005968] <- 0x00000001


mem[X,0x8000270C] -> 0x3537
mem[X,0x8000270E] -> 0x3333
[2504] [M]: 0x8000270C (0x33333537) lui a0, 209715
x10 <- 0x33333000


mem[X,0x80002710] -> 0x0513
mem[X,0x80002712] -> 0x3345
[2505] [M]: 0x80002710 (0x33450513) addi a0, a0, 820
x10 <- 0x33333334


mem[X,0x80002714] -> 0x35B7
mem[X,0x80002716] -> 0x3333
[2506] [M]: 0x80002714 (0x333335B7) lui a1, 209715
x11 <- 0x33333000


mem[X,0x80002718] -> 0x8593
mem[X,0x8000271A] -> 0x3335
[2507] [M]: 0x80002718 (0x33358593) addi a1, a1, 819
x11 <- 0x33333333


mem[X,0x8000271C] -> 0x2633
mem[X,0x8000271E] -> 0x02B5
[2508] [M]: 0x8000271C (0x02B52633) mulhsu a2, a0, a1
x12 <- 0x0A3D70A3


mem[X,0x80002720] -> 0xAA23
mem[X,0x80002722] -> 0x70C6
[2509] [M]: 0x80002720 (0x70C6AA23) sw a2, 1812(a3)
mem[0x8000596C] <- 0x0A3D70A3


mem[X,0x80002724] -> 0x3537
mem[X,0x80002726] -> 0x3333
[2510] [M]: 0x80002724 (0x33333537) lui a0, 209715
x10 <- 0x33333000


mem[X,0x80002728] -> 0x0513
mem[X,0x8000272A] -> 0x3345
[2511] [M]: 0x80002728 (0x33450513) addi a0, a0, 820
x10 <- 0x33333334


mem[X,0x8000272C] -> 0x65B7
mem[X,0x8000272E] -> 0x6666
[2512] [M]: 0x8000272C (0x666665B7) lui a1, 419430
x11 <- 0x66666000


mem[X,0x80002730] -> 0x8593
mem[X,0x80002732] -> 0x6665
[2513] [M]: 0x80002730 (0x66658593) addi a1, a1, 1638
x11 <- 0x66666666


mem[X,0x80002734] -> 0x2633
mem[X,0x80002736] -> 0x02B5
[2514] [M]: 0x80002734 (0x02B52633) mulhsu a2, a0, a1
x12 <- 0x147AE147


mem[X,0x80002738] -> 0xAC23
mem[X,0x8000273A] -> 0x70C6
[2515] [M]: 0x80002738 (0x70C6AC23) sw a2, 1816(a3)
mem[0x80005970] <- 0x147AE147


mem[X,0x8000273C] -> 0x3537
mem[X,0x8000273E] -> 0x3333
[2516] [M]: 0x8000273C (0x33333537) lui a0, 209715
x10 <- 0x33333000


mem[X,0x80002740] -> 0x0513
mem[X,0x80002742] -> 0x3345
[2517] [M]: 0x80002740 (0x33450513) addi a0, a0, 820
x10 <- 0x33333334


mem[X,0x80002744] -> 0xB5B7
mem[X,0x80002746] -> 0x0000
[2518] [M]: 0x80002744 (0x0000B5B7) lui a1, 11
x11 <- 0x0000B000


mem[X,0x80002748] -> 0x8593
mem[X,0x8000274A] -> 0x5045
[2519] [M]: 0x80002748 (0x50458593) addi a1, a1, 1284
x11 <- 0x0000B504


mem[X,0x8000274C] -> 0x2633
mem[X,0x8000274E] -> 0x02B5
[2520] [M]: 0x8000274C (0x02B52633) mulhsu a2, a0, a1
x12 <- 0x00002434


mem[X,0x80002750] -> 0xAE23
mem[X,0x80002752] -> 0x70C6
[2521] [M]: 0x80002750 (0x70C6AE23) sw a2, 1820(a3)
mem[0x80005974] <- 0x00002434


mem[X,0x80002754] -> 0x3537
mem[X,0x80002756] -> 0x3333
[2522] [M]: 0x80002754 (0x33333537) lui a0, 209715
x10 <- 0x33333000


mem[X,0x80002758] -> 0x0513
mem[X,0x8000275A] -> 0x3345
[2523] [M]: 0x80002758 (0x33450513) addi a0, a0, 820
x10 <- 0x33333334


mem[X,0x8000275C] -> 0x0593
mem[X,0x8000275E] -> 0x0000
[2524] [M]: 0x8000275C (0x00000593) addi a1, zero, 0
x11 <- 0x00000000


mem[X,0x80002760] -> 0x2633
mem[X,0x80002762] -> 0x02B5
[2525] [M]: 0x80002760 (0x02B52633) mulhsu a2, a0, a1
x12 <- 0x00000000


mem[X,0x80002764] -> 0xA023
mem[X,0x80002766] -> 0x72C6
[2526] [M]: 0x80002764 (0x72C6A023) sw a2, 1824(a3)
mem[0x80005978] <- 0x00000000


mem[X,0x80002768] -> 0x3537
mem[X,0x8000276A] -> 0x3333
[2527] [M]: 0x80002768 (0x33333537) lui a0, 209715
x10 <- 0x33333000


mem[X,0x8000276C] -> 0x0513
mem[X,0x8000276E] -> 0x3345
[2528] [M]: 0x8000276C (0x33450513) addi a0, a0, 820
x10 <- 0x33333334


mem[X,0x80002770] -> 0x05B7
mem[X,0x80002772] -> 0x0001
[2529] [M]: 0x80002770 (0x000105B7) lui a1, 16
x11 <- 0x00010000


mem[X,0x80002774] -> 0x8593
mem[X,0x80002776] -> 0xFFF5
[2530] [M]: 0x80002774 (0xFFF58593) addi a1, a1, 4095
x11 <- 0x0000FFFF


mem[X,0x80002778] -> 0x2633
mem[X,0x8000277A] -> 0x02B5
[2531] [M]: 0x80002778 (0x02B52633) mulhsu a2, a0, a1
x12 <- 0x00003333


mem[X,0x8000277C] -> 0xA223
mem[X,0x8000277E] -> 0x72C6
[2532] [M]: 0x8000277C (0x72C6A223) sw a2, 1828(a3)
mem[0x8000597C] <- 0x00003333


mem[X,0x80002780] -> 0x3537
mem[X,0x80002782] -> 0x3333
[2533] [M]: 0x80002780 (0x33333537) lui a0, 209715
x10 <- 0x33333000


mem[X,0x80002784] -> 0x0513
mem[X,0x80002786] -> 0x3345
[2534] [M]: 0x80002784 (0x33450513) addi a0, a0, 820
x10 <- 0x33333334


mem[X,0x80002788] -> 0x0593
mem[X,0x8000278A] -> 0x0020
[2535] [M]: 0x80002788 (0x00200593) addi a1, zero, 2
x11 <- 0x00000002


mem[X,0x8000278C] -> 0x2633
mem[X,0x8000278E] -> 0x02B5
[2536] [M]: 0x8000278C (0x02B52633) mulhsu a2, a0, a1
x12 <- 0x00000000


mem[X,0x80002790] -> 0xA423
mem[X,0x80002792] -> 0x72C6
[2537] [M]: 0x80002790 (0x72C6A423) sw a2, 1832(a3)
mem[0x80005980] <- 0x00000000


mem[X,0x80002794] -> 0x3537
mem[X,0x80002796] -> 0x3333
[2538] [M]: 0x80002794 (0x33333537) lui a0, 209715
x10 <- 0x33333000


mem[X,0x80002798] -> 0x0513
mem[X,0x8000279A] -> 0x3345
[2539] [M]: 0x80002798 (0x33450513) addi a0, a0, 820
x10 <- 0x33333334


mem[X,0x8000279C] -> 0x55B7
mem[X,0x8000279E] -> 0x5555
[2540] [M]: 0x8000279C (0x555555B7) lui a1, 349525
x11 <- 0x55555000


mem[X,0x800027A0] -> 0x8593
mem[X,0x800027A2] -> 0x5545
[2541] [M]: 0x800027A0 (0x55458593) addi a1, a1, 1364
x11 <- 0x55555554


mem[X,0x800027A4] -> 0x2633
mem[X,0x800027A6] -> 0x02B5
[2542] [M]: 0x800027A4 (0x02B52633) mulhsu a2, a0, a1
x12 <- 0x11111111


mem[X,0x800027A8] -> 0xA623
mem[X,0x800027AA] -> 0x72C6
[2543] [M]: 0x800027A8 (0x72C6A623) sw a2, 1836(a3)
mem[0x80005984] <- 0x11111111


mem[X,0x800027AC] -> 0x3537
mem[X,0x800027AE] -> 0x3333
[2544] [M]: 0x800027AC (0x33333537) lui a0, 209715
x10 <- 0x33333000


mem[X,0x800027B0] -> 0x0513
mem[X,0x800027B2] -> 0x3345
[2545] [M]: 0x800027B0 (0x33450513) addi a0, a0, 820
x10 <- 0x33333334


mem[X,0x800027B4] -> 0xB5B7
mem[X,0x800027B6] -> 0xAAAA
[2546] [M]: 0x800027B4 (0xAAAAB5B7) lui a1, 699051
x11 <- 0xAAAAB000


mem[X,0x800027B8] -> 0x8593
mem[X,0x800027BA] -> 0xAA95
[2547] [M]: 0x800027B8 (0xAA958593) addi a1, a1, 2729
x11 <- 0xAAAAAAA9


mem[X,0x800027BC] -> 0x2633
mem[X,0x800027BE] -> 0x02B5
[2548] [M]: 0x800027BC (0x02B52633) mulhsu a2, a0, a1
x12 <- 0x22222222


mem[X,0x800027C0] -> 0xA823
mem[X,0x800027C2] -> 0x72C6
[2549] [M]: 0x800027C0 (0x72C6A823) sw a2, 1840(a3)
mem[0x80005988] <- 0x22222222


mem[X,0x800027C4] -> 0x3537
mem[X,0x800027C6] -> 0x3333
[2550] [M]: 0x800027C4 (0x33333537) lui a0, 209715
x10 <- 0x33333000


mem[X,0x800027C8] -> 0x0513
mem[X,0x800027CA] -> 0x3345
[2551] [M]: 0x800027C8 (0x33450513) addi a0, a0, 820
x10 <- 0x33333334


mem[X,0x800027CC] -> 0x0593
mem[X,0x800027CE] -> 0x0040
[2552] [M]: 0x800027CC (0x00400593) addi a1, zero, 4
x11 <- 0x00000004


mem[X,0x800027D0] -> 0x2633
mem[X,0x800027D2] -> 0x02B5
[2553] [M]: 0x800027D0 (0x02B52633) mulhsu a2, a0, a1
x12 <- 0x00000000


mem[X,0x800027D4] -> 0xAA23
mem[X,0x800027D6] -> 0x72C6
[2554] [M]: 0x800027D4 (0x72C6AA23) sw a2, 1844(a3)
mem[0x8000598C] <- 0x00000000


mem[X,0x800027D8] -> 0x3537
mem[X,0x800027DA] -> 0x3333
[2555] [M]: 0x800027D8 (0x33333537) lui a0, 209715
x10 <- 0x33333000


mem[X,0x800027DC] -> 0x0513
mem[X,0x800027DE] -> 0x3345
[2556] [M]: 0x800027DC (0x33450513) addi a0, a0, 820
x10 <- 0x33333334


mem[X,0x800027E0] -> 0x35B7
mem[X,0x800027E2] -> 0x3333
[2557] [M]: 0x800027E0 (0x333335B7) lui a1, 209715
x11 <- 0x33333000


mem[X,0x800027E4] -> 0x8593
mem[X,0x800027E6] -> 0x3325
[2558] [M]: 0x800027E4 (0x33258593) addi a1, a1, 818
x11 <- 0x33333332


mem[X,0x800027E8] -> 0x2633
mem[X,0x800027EA] -> 0x02B5
[2559] [M]: 0x800027E8 (0x02B52633) mulhsu a2, a0, a1
x12 <- 0x0A3D70A3


mem[X,0x800027EC] -> 0xAC23
mem[X,0x800027EE] -> 0x72C6
[2560] [M]: 0x800027EC (0x72C6AC23) sw a2, 1848(a3)
mem[0x80005990] <- 0x0A3D70A3


mem[X,0x800027F0] -> 0x3537
mem[X,0x800027F2] -> 0x3333
[2561] [M]: 0x800027F0 (0x33333537) lui a0, 209715
x10 <- 0x33333000


mem[X,0x800027F4] -> 0x0513
mem[X,0x800027F6] -> 0x3345
[2562] [M]: 0x800027F4 (0x33450513) addi a0, a0, 820
x10 <- 0x33333334


mem[X,0x800027F8] -> 0x65B7
mem[X,0x800027FA] -> 0x6666
[2563] [M]: 0x800027F8 (0x666665B7) lui a1, 419430
x11 <- 0x66666000


mem[X,0x800027FC] -> 0x8593
mem[X,0x800027FE] -> 0x6655
[2564] [M]: 0x800027FC (0x66558593) addi a1, a1, 1637
x11 <- 0x66666665


mem[X,0x80002800] -> 0x2633
mem[X,0x80002802] -> 0x02B5
[2565] [M]: 0x80002800 (0x02B52633) mulhsu a2, a0, a1
x12 <- 0x147AE147


mem[X,0x80002804] -> 0xAE23
mem[X,0x80002806] -> 0x72C6
[2566] [M]: 0x80002804 (0x72C6AE23) sw a2, 1852(a3)
mem[0x80005994] <- 0x147AE147


mem[X,0x80002808] -> 0x3537
mem[X,0x8000280A] -> 0x3333
[2567] [M]: 0x80002808 (0x33333537) lui a0, 209715
x10 <- 0x33333000


mem[X,0x8000280C] -> 0x0513
mem[X,0x8000280E] -> 0x3345
[2568] [M]: 0x8000280C (0x33450513) addi a0, a0, 820
x10 <- 0x33333334


mem[X,0x80002810] -> 0xB5B7
mem[X,0x80002812] -> 0x0000
[2569] [M]: 0x80002810 (0x0000B5B7) lui a1, 11
x11 <- 0x0000B000


mem[X,0x80002814] -> 0x8593
mem[X,0x80002816] -> 0x5035
[2570] [M]: 0x80002814 (0x50358593) addi a1, a1, 1283
x11 <- 0x0000B503


mem[X,0x80002818] -> 0x2633
mem[X,0x8000281A] -> 0x02B5
[2571] [M]: 0x80002818 (0x02B52633) mulhsu a2, a0, a1
x12 <- 0x00002433


mem[X,0x8000281C] -> 0xA023
mem[X,0x8000281E] -> 0x74C6
[2572] [M]: 0x8000281C (0x74C6A023) sw a2, 1856(a3)
mem[0x80005998] <- 0x00002433


mem[X,0x80002820] -> 0x3537
mem[X,0x80002822] -> 0x3333
[2573] [M]: 0x80002820 (0x33333537) lui a0, 209715
x10 <- 0x33333000


mem[X,0x80002824] -> 0x0513
mem[X,0x80002826] -> 0x3345
[2574] [M]: 0x80002824 (0x33450513) addi a0, a0, 820
x10 <- 0x33333334


mem[X,0x80002828] -> 0x05B7
mem[X,0x8000282A] -> 0x0001
[2575] [M]: 0x80002828 (0x000105B7) lui a1, 16
x11 <- 0x00010000


mem[X,0x8000282C] -> 0x8593
mem[X,0x8000282E] -> 0xFFE5
[2576] [M]: 0x8000282C (0xFFE58593) addi a1, a1, 4094
x11 <- 0x0000FFFE


mem[X,0x80002830] -> 0x2633
mem[X,0x80002832] -> 0x02B5
[2577] [M]: 0x80002830 (0x02B52633) mulhsu a2, a0, a1
x12 <- 0x00003332


mem[X,0x80002834] -> 0xA223
mem[X,0x80002836] -> 0x74C6
[2578] [M]: 0x80002834 (0x74C6A223) sw a2, 1860(a3)
mem[0x8000599C] <- 0x00003332


mem[X,0x80002838] -> 0x3537
mem[X,0x8000283A] -> 0x3333
[2579] [M]: 0x80002838 (0x33333537) lui a0, 209715
x10 <- 0x33333000


mem[X,0x8000283C] -> 0x0513
mem[X,0x8000283E] -> 0x3345
[2580] [M]: 0x8000283C (0x33450513) addi a0, a0, 820
x10 <- 0x33333334


mem[X,0x80002840] -> 0x55B7
mem[X,0x80002842] -> 0x5555
[2581] [M]: 0x80002840 (0x555555B7) lui a1, 349525
x11 <- 0x55555000


mem[X,0x80002844] -> 0x8593
mem[X,0x80002846] -> 0x5565
[2582] [M]: 0x80002844 (0x55658593) addi a1, a1, 1366
x11 <- 0x55555556


mem[X,0x80002848] -> 0x2633
mem[X,0x8000284A] -> 0x02B5
[2583] [M]: 0x80002848 (0x02B52633) mulhsu a2, a0, a1
x12 <- 0x11111111


mem[X,0x8000284C] -> 0xA423
mem[X,0x8000284E] -> 0x74C6
[2584] [M]: 0x8000284C (0x74C6A423) sw a2, 1864(a3)
mem[0x800059A0] <- 0x11111111


mem[X,0x80002850] -> 0x3537
mem[X,0x80002852] -> 0x3333
[2585] [M]: 0x80002850 (0x33333537) lui a0, 209715
x10 <- 0x33333000


mem[X,0x80002854] -> 0x0513
mem[X,0x80002856] -> 0x3345
[2586] [M]: 0x80002854 (0x33450513) addi a0, a0, 820
x10 <- 0x33333334


mem[X,0x80002858] -> 0xB5B7
mem[X,0x8000285A] -> 0xAAAA
[2587] [M]: 0x80002858 (0xAAAAB5B7) lui a1, 699051
x11 <- 0xAAAAB000


mem[X,0x8000285C] -> 0x8593
mem[X,0x8000285E] -> 0xAAB5
[2588] [M]: 0x8000285C (0xAAB58593) addi a1, a1, 2731
x11 <- 0xAAAAAAAB


mem[X,0x80002860] -> 0x2633
mem[X,0x80002862] -> 0x02B5
[2589] [M]: 0x80002860 (0x02B52633) mulhsu a2, a0, a1
x12 <- 0x22222222


mem[X,0x80002864] -> 0xA623
mem[X,0x80002866] -> 0x74C6
[2590] [M]: 0x80002864 (0x74C6A623) sw a2, 1868(a3)
mem[0x800059A4] <- 0x22222222


mem[X,0x80002868] -> 0x3537
mem[X,0x8000286A] -> 0x3333
[2591] [M]: 0x80002868 (0x33333537) lui a0, 209715
x10 <- 0x33333000


mem[X,0x8000286C] -> 0x0513
mem[X,0x8000286E] -> 0x3345
[2592] [M]: 0x8000286C (0x33450513) addi a0, a0, 820
x10 <- 0x33333334


mem[X,0x80002870] -> 0x0593
mem[X,0x80002872] -> 0x0060
[2593] [M]: 0x80002870 (0x00600593) addi a1, zero, 6
x11 <- 0x00000006


mem[X,0x80002874] -> 0x2633
mem[X,0x80002876] -> 0x02B5
[2594] [M]: 0x80002874 (0x02B52633) mulhsu a2, a0, a1
x12 <- 0x00000001


mem[X,0x80002878] -> 0xA823
mem[X,0x8000287A] -> 0x74C6
[2595] [M]: 0x80002878 (0x74C6A823) sw a2, 1872(a3)
mem[0x800059A8] <- 0x00000001


mem[X,0x8000287C] -> 0x3537
mem[X,0x8000287E] -> 0x3333
[2596] [M]: 0x8000287C (0x33333537) lui a0, 209715
x10 <- 0x33333000


mem[X,0x80002880] -> 0x0513
mem[X,0x80002882] -> 0x3345
[2597] [M]: 0x80002880 (0x33450513) addi a0, a0, 820
x10 <- 0x33333334


mem[X,0x80002884] -> 0x35B7
mem[X,0x80002886] -> 0x3333
[2598] [M]: 0x80002884 (0x333335B7) lui a1, 209715
x11 <- 0x33333000


mem[X,0x80002888] -> 0x8593
mem[X,0x8000288A] -> 0x3345
[2599] [M]: 0x80002888 (0x33458593) addi a1, a1, 820
x11 <- 0x33333334


clint::tick mtime <- 0x000000000000001A
 clint timer pending at mtime 0x000000000000001A
htif::tick 0x0000000000000000
mem[X,0x8000288C] -> 0x2633
mem[X,0x8000288E] -> 0x02B5
[2600] [M]: 0x8000288C (0x02B52633) mulhsu a2, a0, a1
x12 <- 0x0A3D70A4


mem[X,0x80002890] -> 0xAA23
mem[X,0x80002892] -> 0x74C6
[2601] [M]: 0x80002890 (0x74C6AA23) sw a2, 1876(a3)
mem[0x800059AC] <- 0x0A3D70A4


mem[X,0x80002894] -> 0x3537
mem[X,0x80002896] -> 0x3333
[2602] [M]: 0x80002894 (0x33333537) lui a0, 209715
x10 <- 0x33333000


mem[X,0x80002898] -> 0x0513
mem[X,0x8000289A] -> 0x3345
[2603] [M]: 0x80002898 (0x33450513) addi a0, a0, 820
x10 <- 0x33333334


mem[X,0x8000289C] -> 0x65B7
mem[X,0x8000289E] -> 0x6666
[2604] [M]: 0x8000289C (0x666665B7) lui a1, 419430
x11 <- 0x66666000


mem[X,0x800028A0] -> 0x8593
mem[X,0x800028A2] -> 0x6675
[2605] [M]: 0x800028A0 (0x66758593) addi a1, a1, 1639
x11 <- 0x66666667


mem[X,0x800028A4] -> 0x2633
mem[X,0x800028A6] -> 0x02B5
[2606] [M]: 0x800028A4 (0x02B52633) mulhsu a2, a0, a1
x12 <- 0x147AE148


mem[X,0x800028A8] -> 0xAC23
mem[X,0x800028AA] -> 0x74C6
[2607] [M]: 0x800028A8 (0x74C6AC23) sw a2, 1880(a3)
mem[0x800059B0] <- 0x147AE148


mem[X,0x800028AC] -> 0x3537
mem[X,0x800028AE] -> 0x3333
[2608] [M]: 0x800028AC (0x33333537) lui a0, 209715
x10 <- 0x33333000


mem[X,0x800028B0] -> 0x0513
mem[X,0x800028B2] -> 0x3345
[2609] [M]: 0x800028B0 (0x33450513) addi a0, a0, 820
x10 <- 0x33333334


mem[X,0x800028B4] -> 0xB5B7
mem[X,0x800028B6] -> 0x0000
[2610] [M]: 0x800028B4 (0x0000B5B7) lui a1, 11
x11 <- 0x0000B000


mem[X,0x800028B8] -> 0x8593
mem[X,0x800028BA] -> 0x5055
[2611] [M]: 0x800028B8 (0x50558593) addi a1, a1, 1285
x11 <- 0x0000B505


mem[X,0x800028BC] -> 0x2633
mem[X,0x800028BE] -> 0x02B5
[2612] [M]: 0x800028BC (0x02B52633) mulhsu a2, a0, a1
x12 <- 0x00002434


mem[X,0x800028C0] -> 0xAE23
mem[X,0x800028C2] -> 0x74C6
[2613] [M]: 0x800028C0 (0x74C6AE23) sw a2, 1884(a3)
mem[0x800059B4] <- 0x00002434


mem[X,0x800028C4] -> 0x3537
mem[X,0x800028C6] -> 0x3333
[2614] [M]: 0x800028C4 (0x33333537) lui a0, 209715
x10 <- 0x33333000


mem[X,0x800028C8] -> 0x0513
mem[X,0x800028CA] -> 0x3345
[2615] [M]: 0x800028C8 (0x33450513) addi a0, a0, 820
x10 <- 0x33333334


mem[X,0x800028CC] -> 0x0593
mem[X,0x800028CE] -> 0x0010
[2616] [M]: 0x800028CC (0x00100593) addi a1, zero, 1
x11 <- 0x00000001


mem[X,0x800028D0] -> 0x2633
mem[X,0x800028D2] -> 0x02B5
[2617] [M]: 0x800028D0 (0x02B52633) mulhsu a2, a0, a1
x12 <- 0x00000000


mem[X,0x800028D4] -> 0xA023
mem[X,0x800028D6] -> 0x76C6
[2618] [M]: 0x800028D4 (0x76C6A023) sw a2, 1888(a3)
mem[0x800059B8] <- 0x00000000


mem[X,0x800028D8] -> 0x3537
mem[X,0x800028DA] -> 0x3333
[2619] [M]: 0x800028D8 (0x33333537) lui a0, 209715
x10 <- 0x33333000


mem[X,0x800028DC] -> 0x0513
mem[X,0x800028DE] -> 0x3345
[2620] [M]: 0x800028DC (0x33450513) addi a0, a0, 820
x10 <- 0x33333334


mem[X,0x800028E0] -> 0x05B7
mem[X,0x800028E2] -> 0x0001
[2621] [M]: 0x800028E0 (0x000105B7) lui a1, 16
x11 <- 0x00010000


mem[X,0x800028E4] -> 0x2633
mem[X,0x800028E6] -> 0x02B5
[2622] [M]: 0x800028E4 (0x02B52633) mulhsu a2, a0, a1
x12 <- 0x00003333


mem[X,0x800028E8] -> 0xA223
mem[X,0x800028EA] -> 0x76C6
[2623] [M]: 0x800028E8 (0x76C6A223) sw a2, 1892(a3)
mem[0x800059BC] <- 0x00003333


mem[X,0x800028EC] -> 0x6537
mem[X,0x800028EE] -> 0x6666
[2624] [M]: 0x800028EC (0x66666537) lui a0, 419430
x10 <- 0x66666000


mem[X,0x800028F0] -> 0x0513
mem[X,0x800028F2] -> 0x6675
[2625] [M]: 0x800028F0 (0x66750513) addi a0, a0, 1639
x10 <- 0x66666667


mem[X,0x800028F4] -> 0x0593
mem[X,0x800028F6] -> 0x0030
[2626] [M]: 0x800028F4 (0x00300593) addi a1, zero, 3
x11 <- 0x00000003


mem[X,0x800028F8] -> 0x2633
mem[X,0x800028FA] -> 0x02B5
[2627] [M]: 0x800028F8 (0x02B52633) mulhsu a2, a0, a1
x12 <- 0x00000001


mem[X,0x800028FC] -> 0xA423
mem[X,0x800028FE] -> 0x76C6
[2628] [M]: 0x800028FC (0x76C6A423) sw a2, 1896(a3)
mem[0x800059C0] <- 0x00000001


mem[X,0x80002900] -> 0x6537
mem[X,0x80002902] -> 0x6666
[2629] [M]: 0x80002900 (0x66666537) lui a0, 419430
x10 <- 0x66666000


mem[X,0x80002904] -> 0x0513
mem[X,0x80002906] -> 0x6675
[2630] [M]: 0x80002904 (0x66750513) addi a0, a0, 1639
x10 <- 0x66666667


mem[X,0x80002908] -> 0x55B7
mem[X,0x8000290A] -> 0x5555
[2631] [M]: 0x80002908 (0x555555B7) lui a1, 349525
x11 <- 0x55555000


mem[X,0x8000290C] -> 0x8593
mem[X,0x8000290E] -> 0x5555
[2632] [M]: 0x8000290C (0x55558593) addi a1, a1, 1365
x11 <- 0x55555555


mem[X,0x80002910] -> 0x2633
mem[X,0x80002912] -> 0x02B5
[2633] [M]: 0x80002910 (0x02B52633) mulhsu a2, a0, a1
x12 <- 0x22222222


mem[X,0x80002914] -> 0xA623
mem[X,0x80002916] -> 0x76C6
[2634] [M]: 0x80002914 (0x76C6A623) sw a2, 1900(a3)
mem[0x800059C4] <- 0x22222222


mem[X,0x80002918] -> 0x6537
mem[X,0x8000291A] -> 0x6666
[2635] [M]: 0x80002918 (0x66666537) lui a0, 419430
x10 <- 0x66666000


mem[X,0x8000291C] -> 0x0513
mem[X,0x8000291E] -> 0x6675
[2636] [M]: 0x8000291C (0x66750513) addi a0, a0, 1639
x10 <- 0x66666667


mem[X,0x80002920] -> 0xB5B7
mem[X,0x80002922] -> 0xAAAA
[2637] [M]: 0x80002920 (0xAAAAB5B7) lui a1, 699051
x11 <- 0xAAAAB000


mem[X,0x80002924] -> 0x8593
mem[X,0x80002926] -> 0xAAA5
[2638] [M]: 0x80002924 (0xAAA58593) addi a1, a1, 2730
x11 <- 0xAAAAAAAA


mem[X,0x80002928] -> 0x2633
mem[X,0x8000292A] -> 0x02B5
[2639] [M]: 0x80002928 (0x02B52633) mulhsu a2, a0, a1
x12 <- 0x44444444


mem[X,0x8000292C] -> 0xA823
mem[X,0x8000292E] -> 0x76C6
[2640] [M]: 0x8000292C (0x76C6A823) sw a2, 1904(a3)
mem[0x800059C8] <- 0x44444444


mem[X,0x80002930] -> 0x6537
mem[X,0x80002932] -> 0x6666
[2641] [M]: 0x80002930 (0x66666537) lui a0, 419430
x10 <- 0x66666000


mem[X,0x80002934] -> 0x0513
mem[X,0x80002936] -> 0x6675
[2642] [M]: 0x80002934 (0x66750513) addi a0, a0, 1639
x10 <- 0x66666667


mem[X,0x80002938] -> 0x0593
mem[X,0x8000293A] -> 0x0050
[2643] [M]: 0x80002938 (0x00500593) addi a1, zero, 5
x11 <- 0x00000005


mem[X,0x8000293C] -> 0x2633
mem[X,0x8000293E] -> 0x02B5
[2644] [M]: 0x8000293C (0x02B52633) mulhsu a2, a0, a1
x12 <- 0x00000002


mem[X,0x80002940] -> 0xAA23
mem[X,0x80002942] -> 0x76C6
[2645] [M]: 0x80002940 (0x76C6AA23) sw a2, 1908(a3)
mem[0x800059CC] <- 0x00000002


mem[X,0x80002944] -> 0x6537
mem[X,0x80002946] -> 0x6666
[2646] [M]: 0x80002944 (0x66666537) lui a0, 419430
x10 <- 0x66666000


mem[X,0x80002948] -> 0x0513
mem[X,0x8000294A] -> 0x6675
[2647] [M]: 0x80002948 (0x66750513) addi a0, a0, 1639
x10 <- 0x66666667


mem[X,0x8000294C] -> 0x35B7
mem[X,0x8000294E] -> 0x3333
[2648] [M]: 0x8000294C (0x333335B7) lui a1, 209715
x11 <- 0x33333000


mem[X,0x80002950] -> 0x8593
mem[X,0x80002952] -> 0x3335
[2649] [M]: 0x80002950 (0x33358593) addi a1, a1, 819
x11 <- 0x33333333


mem[X,0x80002954] -> 0x2633
mem[X,0x80002956] -> 0x02B5
[2650] [M]: 0x80002954 (0x02B52633) mulhsu a2, a0, a1
x12 <- 0x147AE147


mem[X,0x80002958] -> 0xAC23
mem[X,0x8000295A] -> 0x76C6
[2651] [M]: 0x80002958 (0x76C6AC23) sw a2, 1912(a3)
mem[0x800059D0] <- 0x147AE147


mem[X,0x8000295C] -> 0x6537
mem[X,0x8000295E] -> 0x6666
[2652] [M]: 0x8000295C (0x66666537) lui a0, 419430
x10 <- 0x66666000


mem[X,0x80002960] -> 0x0513
mem[X,0x80002962] -> 0x6675
[2653] [M]: 0x80002960 (0x66750513) addi a0, a0, 1639
x10 <- 0x66666667


mem[X,0x80002964] -> 0x65B7
mem[X,0x80002966] -> 0x6666
[2654] [M]: 0x80002964 (0x666665B7) lui a1, 419430
x11 <- 0x66666000


mem[X,0x80002968] -> 0x8593
mem[X,0x8000296A] -> 0x6665
[2655] [M]: 0x80002968 (0x66658593) addi a1, a1, 1638
x11 <- 0x66666666


mem[X,0x8000296C] -> 0x2633
mem[X,0x8000296E] -> 0x02B5
[2656] [M]: 0x8000296C (0x02B52633) mulhsu a2, a0, a1
x12 <- 0x28F5C28F


mem[X,0x80002970] -> 0xAE23
mem[X,0x80002972] -> 0x76C6
[2657] [M]: 0x80002970 (0x76C6AE23) sw a2, 1916(a3)
mem[0x800059D4] <- 0x28F5C28F


mem[X,0x80002974] -> 0x6537
mem[X,0x80002976] -> 0x6666
[2658] [M]: 0x80002974 (0x66666537) lui a0, 419430
x10 <- 0x66666000


mem[X,0x80002978] -> 0x0513
mem[X,0x8000297A] -> 0x6675
[2659] [M]: 0x80002978 (0x66750513) addi a0, a0, 1639
x10 <- 0x66666667


mem[X,0x8000297C] -> 0xB5B7
mem[X,0x8000297E] -> 0x0000
[2660] [M]: 0x8000297C (0x0000B5B7) lui a1, 11
x11 <- 0x0000B000


mem[X,0x80002980] -> 0x8593
mem[X,0x80002982] -> 0x5045
[2661] [M]: 0x80002980 (0x50458593) addi a1, a1, 1284
x11 <- 0x0000B504


mem[X,0x80002984] -> 0x2633
mem[X,0x80002986] -> 0x02B5
[2662] [M]: 0x80002984 (0x02B52633) mulhsu a2, a0, a1
x12 <- 0x00004868


mem[X,0x80002988] -> 0xA023
mem[X,0x8000298A] -> 0x78C6
[2663] [M]: 0x80002988 (0x78C6A023) sw a2, 1920(a3)
mem[0x800059D8] <- 0x00004868


mem[X,0x8000298C] -> 0x6537
mem[X,0x8000298E] -> 0x6666
[2664] [M]: 0x8000298C (0x66666537) lui a0, 419430
x10 <- 0x66666000


mem[X,0x80002990] -> 0x0513
mem[X,0x80002992] -> 0x6675
[2665] [M]: 0x80002990 (0x66750513) addi a0, a0, 1639
x10 <- 0x66666667


mem[X,0x80002994] -> 0x0593
mem[X,0x80002996] -> 0x0000
[2666] [M]: 0x80002994 (0x00000593) addi a1, zero, 0
x11 <- 0x00000000


mem[X,0x80002998] -> 0x2633
mem[X,0x8000299A] -> 0x02B5
[2667] [M]: 0x80002998 (0x02B52633) mulhsu a2, a0, a1
x12 <- 0x00000000


mem[X,0x8000299C] -> 0xA223
mem[X,0x8000299E] -> 0x78C6
[2668] [M]: 0x8000299C (0x78C6A223) sw a2, 1924(a3)
mem[0x800059DC] <- 0x00000000


mem[X,0x800029A0] -> 0x6537
mem[X,0x800029A2] -> 0x6666
[2669] [M]: 0x800029A0 (0x66666537) lui a0, 419430
x10 <- 0x66666000


mem[X,0x800029A4] -> 0x0513
mem[X,0x800029A6] -> 0x6675
[2670] [M]: 0x800029A4 (0x66750513) addi a0, a0, 1639
x10 <- 0x66666667


mem[X,0x800029A8] -> 0x05B7
mem[X,0x800029AA] -> 0x0001
[2671] [M]: 0x800029A8 (0x000105B7) lui a1, 16
x11 <- 0x00010000


mem[X,0x800029AC] -> 0x8593
mem[X,0x800029AE] -> 0xFFF5
[2672] [M]: 0x800029AC (0xFFF58593) addi a1, a1, 4095
x11 <- 0x0000FFFF


mem[X,0x800029B0] -> 0x2633
mem[X,0x800029B2] -> 0x02B5
[2673] [M]: 0x800029B0 (0x02B52633) mulhsu a2, a0, a1
x12 <- 0x00006666


mem[X,0x800029B4] -> 0xA423
mem[X,0x800029B6] -> 0x78C6
[2674] [M]: 0x800029B4 (0x78C6A423) sw a2, 1928(a3)
mem[0x800059E0] <- 0x00006666


mem[X,0x800029B8] -> 0x6537
mem[X,0x800029BA] -> 0x6666
[2675] [M]: 0x800029B8 (0x66666537) lui a0, 419430
x10 <- 0x66666000


mem[X,0x800029BC] -> 0x0513
mem[X,0x800029BE] -> 0x6675
[2676] [M]: 0x800029BC (0x66750513) addi a0, a0, 1639
x10 <- 0x66666667


mem[X,0x800029C0] -> 0x0593
mem[X,0x800029C2] -> 0x0020
[2677] [M]: 0x800029C0 (0x00200593) addi a1, zero, 2
x11 <- 0x00000002


mem[X,0x800029C4] -> 0x2633
mem[X,0x800029C6] -> 0x02B5
[2678] [M]: 0x800029C4 (0x02B52633) mulhsu a2, a0, a1
x12 <- 0x00000000


mem[X,0x800029C8] -> 0xA623
mem[X,0x800029CA] -> 0x78C6
[2679] [M]: 0x800029C8 (0x78C6A623) sw a2, 1932(a3)
mem[0x800059E4] <- 0x00000000


mem[X,0x800029CC] -> 0x6537
mem[X,0x800029CE] -> 0x6666
[2680] [M]: 0x800029CC (0x66666537) lui a0, 419430
x10 <- 0x66666000


mem[X,0x800029D0] -> 0x0513
mem[X,0x800029D2] -> 0x6675
[2681] [M]: 0x800029D0 (0x66750513) addi a0, a0, 1639
x10 <- 0x66666667


mem[X,0x800029D4] -> 0x55B7
mem[X,0x800029D6] -> 0x5555
[2682] [M]: 0x800029D4 (0x555555B7) lui a1, 349525
x11 <- 0x55555000


mem[X,0x800029D8] -> 0x8593
mem[X,0x800029DA] -> 0x5545
[2683] [M]: 0x800029D8 (0x55458593) addi a1, a1, 1364
x11 <- 0x55555554


mem[X,0x800029DC] -> 0x2633
mem[X,0x800029DE] -> 0x02B5
[2684] [M]: 0x800029DC (0x02B52633) mulhsu a2, a0, a1
x12 <- 0x22222221


mem[X,0x800029E0] -> 0xA823
mem[X,0x800029E2] -> 0x78C6
[2685] [M]: 0x800029E0 (0x78C6A823) sw a2, 1936(a3)
mem[0x800059E8] <- 0x22222221


mem[X,0x800029E4] -> 0x6537
mem[X,0x800029E6] -> 0x6666
[2686] [M]: 0x800029E4 (0x66666537) lui a0, 419430
x10 <- 0x66666000


mem[X,0x800029E8] -> 0x0513
mem[X,0x800029EA] -> 0x6675
[2687] [M]: 0x800029E8 (0x66750513) addi a0, a0, 1639
x10 <- 0x66666667


mem[X,0x800029EC] -> 0xB5B7
mem[X,0x800029EE] -> 0xAAAA
[2688] [M]: 0x800029EC (0xAAAAB5B7) lui a1, 699051
x11 <- 0xAAAAB000


mem[X,0x800029F0] -> 0x8593
mem[X,0x800029F2] -> 0xAA95
[2689] [M]: 0x800029F0 (0xAA958593) addi a1, a1, 2729
x11 <- 0xAAAAAAA9


mem[X,0x800029F4] -> 0x2633
mem[X,0x800029F6] -> 0x02B5
[2690] [M]: 0x800029F4 (0x02B52633) mulhsu a2, a0, a1
x12 <- 0x44444443


mem[X,0x800029F8] -> 0xAA23
mem[X,0x800029FA] -> 0x78C6
[2691] [M]: 0x800029F8 (0x78C6AA23) sw a2, 1940(a3)
mem[0x800059EC] <- 0x44444443


mem[X,0x800029FC] -> 0x6537
mem[X,0x800029FE] -> 0x6666
[2692] [M]: 0x800029FC (0x66666537) lui a0, 419430
x10 <- 0x66666000


mem[X,0x80002A00] -> 0x0513
mem[X,0x80002A02] -> 0x6675
[2693] [M]: 0x80002A00 (0x66750513) addi a0, a0, 1639
x10 <- 0x66666667


mem[X,0x80002A04] -> 0x0593
mem[X,0x80002A06] -> 0x0040
[2694] [M]: 0x80002A04 (0x00400593) addi a1, zero, 4
x11 <- 0x00000004


mem[X,0x80002A08] -> 0x2633
mem[X,0x80002A0A] -> 0x02B5
[2695] [M]: 0x80002A08 (0x02B52633) mulhsu a2, a0, a1
x12 <- 0x00000001


mem[X,0x80002A0C] -> 0xAC23
mem[X,0x80002A0E] -> 0x78C6
[2696] [M]: 0x80002A0C (0x78C6AC23) sw a2, 1944(a3)
mem[0x800059F0] <- 0x00000001


mem[X,0x80002A10] -> 0x6537
mem[X,0x80002A12] -> 0x6666
[2697] [M]: 0x80002A10 (0x66666537) lui a0, 419430
x10 <- 0x66666000


mem[X,0x80002A14] -> 0x0513
mem[X,0x80002A16] -> 0x6675
[2698] [M]: 0x80002A14 (0x66750513) addi a0, a0, 1639
x10 <- 0x66666667


mem[X,0x80002A18] -> 0x35B7
mem[X,0x80002A1A] -> 0x3333
[2699] [M]: 0x80002A18 (0x333335B7) lui a1, 209715
x11 <- 0x33333000


clint::tick mtime <- 0x000000000000001B
 clint timer pending at mtime 0x000000000000001B
htif::tick 0x0000000000000000
mem[X,0x80002A1C] -> 0x8593
mem[X,0x80002A1E] -> 0x3325
[2700] [M]: 0x80002A1C (0x33258593) addi a1, a1, 818
x11 <- 0x33333332


mem[X,0x80002A20] -> 0x2633
mem[X,0x80002A22] -> 0x02B5
[2701] [M]: 0x80002A20 (0x02B52633) mulhsu a2, a0, a1
x12 <- 0x147AE147


mem[X,0x80002A24] -> 0xAE23
mem[X,0x80002A26] -> 0x78C6
[2702] [M]: 0x80002A24 (0x78C6AE23) sw a2, 1948(a3)
mem[0x800059F4] <- 0x147AE147


mem[X,0x80002A28] -> 0x6537
mem[X,0x80002A2A] -> 0x6666
[2703] [M]: 0x80002A28 (0x66666537) lui a0, 419430
x10 <- 0x66666000


mem[X,0x80002A2C] -> 0x0513
mem[X,0x80002A2E] -> 0x6675
[2704] [M]: 0x80002A2C (0x66750513) addi a0, a0, 1639
x10 <- 0x66666667


mem[X,0x80002A30] -> 0x65B7
mem[X,0x80002A32] -> 0x6666
[2705] [M]: 0x80002A30 (0x666665B7) lui a1, 419430
x11 <- 0x66666000


mem[X,0x80002A34] -> 0x8593
mem[X,0x80002A36] -> 0x6655
[2706] [M]: 0x80002A34 (0x66558593) addi a1, a1, 1637
x11 <- 0x66666665


mem[X,0x80002A38] -> 0x2633
mem[X,0x80002A3A] -> 0x02B5
[2707] [M]: 0x80002A38 (0x02B52633) mulhsu a2, a0, a1
x12 <- 0x28F5C28F


mem[X,0x80002A3C] -> 0xA023
mem[X,0x80002A3E] -> 0x7AC6
[2708] [M]: 0x80002A3C (0x7AC6A023) sw a2, 1952(a3)
mem[0x800059F8] <- 0x28F5C28F


mem[X,0x80002A40] -> 0x6537
mem[X,0x80002A42] -> 0x6666
[2709] [M]: 0x80002A40 (0x66666537) lui a0, 419430
x10 <- 0x66666000


mem[X,0x80002A44] -> 0x0513
mem[X,0x80002A46] -> 0x6675
[2710] [M]: 0x80002A44 (0x66750513) addi a0, a0, 1639
x10 <- 0x66666667


mem[X,0x80002A48] -> 0xB5B7
mem[X,0x80002A4A] -> 0x0000
[2711] [M]: 0x80002A48 (0x0000B5B7) lui a1, 11
x11 <- 0x0000B000


mem[X,0x80002A4C] -> 0x8593
mem[X,0x80002A4E] -> 0x5035
[2712] [M]: 0x80002A4C (0x50358593) addi a1, a1, 1283
x11 <- 0x0000B503


mem[X,0x80002A50] -> 0x2633
mem[X,0x80002A52] -> 0x02B5
[2713] [M]: 0x80002A50 (0x02B52633) mulhsu a2, a0, a1
x12 <- 0x00004867


mem[X,0x80002A54] -> 0xA223
mem[X,0x80002A56] -> 0x7AC6
[2714] [M]: 0x80002A54 (0x7AC6A223) sw a2, 1956(a3)
mem[0x800059FC] <- 0x00004867


mem[X,0x80002A58] -> 0x6537
mem[X,0x80002A5A] -> 0x6666
[2715] [M]: 0x80002A58 (0x66666537) lui a0, 419430
x10 <- 0x66666000


mem[X,0x80002A5C] -> 0x0513
mem[X,0x80002A5E] -> 0x6675
[2716] [M]: 0x80002A5C (0x66750513) addi a0, a0, 1639
x10 <- 0x66666667


mem[X,0x80002A60] -> 0x05B7
mem[X,0x80002A62] -> 0x0001
[2717] [M]: 0x80002A60 (0x000105B7) lui a1, 16
x11 <- 0x00010000


mem[X,0x80002A64] -> 0x8593
mem[X,0x80002A66] -> 0xFFE5
[2718] [M]: 0x80002A64 (0xFFE58593) addi a1, a1, 4094
x11 <- 0x0000FFFE


mem[X,0x80002A68] -> 0x2633
mem[X,0x80002A6A] -> 0x02B5
[2719] [M]: 0x80002A68 (0x02B52633) mulhsu a2, a0, a1
x12 <- 0x00006665


mem[X,0x80002A6C] -> 0xA423
mem[X,0x80002A6E] -> 0x7AC6
[2720] [M]: 0x80002A6C (0x7AC6A423) sw a2, 1960(a3)
mem[0x80005A00] <- 0x00006665


mem[X,0x80002A70] -> 0x6537
mem[X,0x80002A72] -> 0x6666
[2721] [M]: 0x80002A70 (0x66666537) lui a0, 419430
x10 <- 0x66666000


mem[X,0x80002A74] -> 0x0513
mem[X,0x80002A76] -> 0x6675
[2722] [M]: 0x80002A74 (0x66750513) addi a0, a0, 1639
x10 <- 0x66666667


mem[X,0x80002A78] -> 0x55B7
mem[X,0x80002A7A] -> 0x5555
[2723] [M]: 0x80002A78 (0x555555B7) lui a1, 349525
x11 <- 0x55555000


mem[X,0x80002A7C] -> 0x8593
mem[X,0x80002A7E] -> 0x5565
[2724] [M]: 0x80002A7C (0x55658593) addi a1, a1, 1366
x11 <- 0x55555556


mem[X,0x80002A80] -> 0x2633
mem[X,0x80002A82] -> 0x02B5
[2725] [M]: 0x80002A80 (0x02B52633) mulhsu a2, a0, a1
x12 <- 0x22222222


mem[X,0x80002A84] -> 0xA623
mem[X,0x80002A86] -> 0x7AC6
[2726] [M]: 0x80002A84 (0x7AC6A623) sw a2, 1964(a3)
mem[0x80005A04] <- 0x22222222


mem[X,0x80002A88] -> 0x6537
mem[X,0x80002A8A] -> 0x6666
[2727] [M]: 0x80002A88 (0x66666537) lui a0, 419430
x10 <- 0x66666000


mem[X,0x80002A8C] -> 0x0513
mem[X,0x80002A8E] -> 0x6675
[2728] [M]: 0x80002A8C (0x66750513) addi a0, a0, 1639
x10 <- 0x66666667


mem[X,0x80002A90] -> 0xB5B7
mem[X,0x80002A92] -> 0xAAAA
[2729] [M]: 0x80002A90 (0xAAAAB5B7) lui a1, 699051
x11 <- 0xAAAAB000


mem[X,0x80002A94] -> 0x8593
mem[X,0x80002A96] -> 0xAAB5
[2730] [M]: 0x80002A94 (0xAAB58593) addi a1, a1, 2731
x11 <- 0xAAAAAAAB


mem[X,0x80002A98] -> 0x2633
mem[X,0x80002A9A] -> 0x02B5
[2731] [M]: 0x80002A98 (0x02B52633) mulhsu a2, a0, a1
x12 <- 0x44444444


mem[X,0x80002A9C] -> 0xA823
mem[X,0x80002A9E] -> 0x7AC6
[2732] [M]: 0x80002A9C (0x7AC6A823) sw a2, 1968(a3)
mem[0x80005A08] <- 0x44444444


mem[X,0x80002AA0] -> 0x6537
mem[X,0x80002AA2] -> 0x6666
[2733] [M]: 0x80002AA0 (0x66666537) lui a0, 419430
x10 <- 0x66666000


mem[X,0x80002AA4] -> 0x0513
mem[X,0x80002AA6] -> 0x6675
[2734] [M]: 0x80002AA4 (0x66750513) addi a0, a0, 1639
x10 <- 0x66666667


mem[X,0x80002AA8] -> 0x0593
mem[X,0x80002AAA] -> 0x0060
[2735] [M]: 0x80002AA8 (0x00600593) addi a1, zero, 6
x11 <- 0x00000006


mem[X,0x80002AAC] -> 0x2633
mem[X,0x80002AAE] -> 0x02B5
[2736] [M]: 0x80002AAC (0x02B52633) mulhsu a2, a0, a1
x12 <- 0x00000002


mem[X,0x80002AB0] -> 0xAA23
mem[X,0x80002AB2] -> 0x7AC6
[2737] [M]: 0x80002AB0 (0x7AC6AA23) sw a2, 1972(a3)
mem[0x80005A0C] <- 0x00000002


mem[X,0x80002AB4] -> 0x6537
mem[X,0x80002AB6] -> 0x6666
[2738] [M]: 0x80002AB4 (0x66666537) lui a0, 419430
x10 <- 0x66666000


mem[X,0x80002AB8] -> 0x0513
mem[X,0x80002ABA] -> 0x6675
[2739] [M]: 0x80002AB8 (0x66750513) addi a0, a0, 1639
x10 <- 0x66666667


mem[X,0x80002ABC] -> 0x35B7
mem[X,0x80002ABE] -> 0x3333
[2740] [M]: 0x80002ABC (0x333335B7) lui a1, 209715
x11 <- 0x33333000


mem[X,0x80002AC0] -> 0x8593
mem[X,0x80002AC2] -> 0x3345
[2741] [M]: 0x80002AC0 (0x33458593) addi a1, a1, 820
x11 <- 0x33333334


mem[X,0x80002AC4] -> 0x2633
mem[X,0x80002AC6] -> 0x02B5
[2742] [M]: 0x80002AC4 (0x02B52633) mulhsu a2, a0, a1
x12 <- 0x147AE148


mem[X,0x80002AC8] -> 0xAC23
mem[X,0x80002ACA] -> 0x7AC6
[2743] [M]: 0x80002AC8 (0x7AC6AC23) sw a2, 1976(a3)
mem[0x80005A10] <- 0x147AE148


mem[X,0x80002ACC] -> 0x6537
mem[X,0x80002ACE] -> 0x6666
[2744] [M]: 0x80002ACC (0x66666537) lui a0, 419430
x10 <- 0x66666000


mem[X,0x80002AD0] -> 0x0513
mem[X,0x80002AD2] -> 0x6675
[2745] [M]: 0x80002AD0 (0x66750513) addi a0, a0, 1639
x10 <- 0x66666667


mem[X,0x80002AD4] -> 0x65B7
mem[X,0x80002AD6] -> 0x6666
[2746] [M]: 0x80002AD4 (0x666665B7) lui a1, 419430
x11 <- 0x66666000


mem[X,0x80002AD8] -> 0x8593
mem[X,0x80002ADA] -> 0x6675
[2747] [M]: 0x80002AD8 (0x66758593) addi a1, a1, 1639
x11 <- 0x66666667


mem[X,0x80002ADC] -> 0x2633
mem[X,0x80002ADE] -> 0x02B5
[2748] [M]: 0x80002ADC (0x02B52633) mulhsu a2, a0, a1
x12 <- 0x28F5C28F


mem[X,0x80002AE0] -> 0xAE23
mem[X,0x80002AE2] -> 0x7AC6
[2749] [M]: 0x80002AE0 (0x7AC6AE23) sw a2, 1980(a3)
mem[0x80005A14] <- 0x28F5C28F


mem[X,0x80002AE4] -> 0x6537
mem[X,0x80002AE6] -> 0x6666
[2750] [M]: 0x80002AE4 (0x66666537) lui a0, 419430
x10 <- 0x66666000


mem[X,0x80002AE8] -> 0x0513
mem[X,0x80002AEA] -> 0x6675
[2751] [M]: 0x80002AE8 (0x66750513) addi a0, a0, 1639
x10 <- 0x66666667


mem[X,0x80002AEC] -> 0xB5B7
mem[X,0x80002AEE] -> 0x0000
[2752] [M]: 0x80002AEC (0x0000B5B7) lui a1, 11
x11 <- 0x0000B000


mem[X,0x80002AF0] -> 0x8593
mem[X,0x80002AF2] -> 0x5055
[2753] [M]: 0x80002AF0 (0x50558593) addi a1, a1, 1285
x11 <- 0x0000B505


mem[X,0x80002AF4] -> 0x2633
mem[X,0x80002AF6] -> 0x02B5
[2754] [M]: 0x80002AF4 (0x02B52633) mulhsu a2, a0, a1
x12 <- 0x00004868


mem[X,0x80002AF8] -> 0xA023
mem[X,0x80002AFA] -> 0x7CC6
[2755] [M]: 0x80002AF8 (0x7CC6A023) sw a2, 1984(a3)
mem[0x80005A18] <- 0x00004868


mem[X,0x80002AFC] -> 0x6537
mem[X,0x80002AFE] -> 0x6666
[2756] [M]: 0x80002AFC (0x66666537) lui a0, 419430
x10 <- 0x66666000


mem[X,0x80002B00] -> 0x0513
mem[X,0x80002B02] -> 0x6675
[2757] [M]: 0x80002B00 (0x66750513) addi a0, a0, 1639
x10 <- 0x66666667


mem[X,0x80002B04] -> 0x0593
mem[X,0x80002B06] -> 0x0010
[2758] [M]: 0x80002B04 (0x00100593) addi a1, zero, 1
x11 <- 0x00000001


mem[X,0x80002B08] -> 0x2633
mem[X,0x80002B0A] -> 0x02B5
[2759] [M]: 0x80002B08 (0x02B52633) mulhsu a2, a0, a1
x12 <- 0x00000000


mem[X,0x80002B0C] -> 0xA223
mem[X,0x80002B0E] -> 0x7CC6
[2760] [M]: 0x80002B0C (0x7CC6A223) sw a2, 1988(a3)
mem[0x80005A1C] <- 0x00000000


mem[X,0x80002B10] -> 0x6537
mem[X,0x80002B12] -> 0x6666
[2761] [M]: 0x80002B10 (0x66666537) lui a0, 419430
x10 <- 0x66666000


mem[X,0x80002B14] -> 0x0513
mem[X,0x80002B16] -> 0x6675
[2762] [M]: 0x80002B14 (0x66750513) addi a0, a0, 1639
x10 <- 0x66666667


mem[X,0x80002B18] -> 0x05B7
mem[X,0x80002B1A] -> 0x0001
[2763] [M]: 0x80002B18 (0x000105B7) lui a1, 16
x11 <- 0x00010000


mem[X,0x80002B1C] -> 0x2633
mem[X,0x80002B1E] -> 0x02B5
[2764] [M]: 0x80002B1C (0x02B52633) mulhsu a2, a0, a1
x12 <- 0x00006666


mem[X,0x80002B20] -> 0xA423
mem[X,0x80002B22] -> 0x7CC6
[2765] [M]: 0x80002B20 (0x7CC6A423) sw a2, 1992(a3)
mem[0x80005A20] <- 0x00006666


mem[X,0x80002B24] -> 0x5537
mem[X,0x80002B26] -> 0xFFFF
[2766] [M]: 0x80002B24 (0xFFFF5537) lui a0, 1048565
x10 <- 0xFFFF5000


mem[X,0x80002B28] -> 0x0513
mem[X,0x80002B2A] -> 0xAFD5
[2767] [M]: 0x80002B28 (0xAFD50513) addi a0, a0, 2813
x10 <- 0xFFFF4AFD


mem[X,0x80002B2C] -> 0x0593
mem[X,0x80002B2E] -> 0x0030
[2768] [M]: 0x80002B2C (0x00300593) addi a1, zero, 3
x11 <- 0x00000003


mem[X,0x80002B30] -> 0x2633
mem[X,0x80002B32] -> 0x02B5
[2769] [M]: 0x80002B30 (0x02B52633) mulhsu a2, a0, a1
x12 <- 0xFFFFFFFF


mem[X,0x80002B34] -> 0xA623
mem[X,0x80002B36] -> 0x7CC6
[2770] [M]: 0x80002B34 (0x7CC6A623) sw a2, 1996(a3)
mem[0x80005A24] <- 0xFFFFFFFF


mem[X,0x80002B38] -> 0x5537
mem[X,0x80002B3A] -> 0xFFFF
[2771] [M]: 0x80002B38 (0xFFFF5537) lui a0, 1048565
x10 <- 0xFFFF5000


mem[X,0x80002B3C] -> 0x0513
mem[X,0x80002B3E] -> 0xAFD5
[2772] [M]: 0x80002B3C (0xAFD50513) addi a0, a0, 2813
x10 <- 0xFFFF4AFD


mem[X,0x80002B40] -> 0x55B7
mem[X,0x80002B42] -> 0x5555
[2773] [M]: 0x80002B40 (0x555555B7) lui a1, 349525
x11 <- 0x55555000


mem[X,0x80002B44] -> 0x8593
mem[X,0x80002B46] -> 0x5555
[2774] [M]: 0x80002B44 (0x55558593) addi a1, a1, 1365
x11 <- 0x55555555


mem[X,0x80002B48] -> 0x2633
mem[X,0x80002B4A] -> 0x02B5
[2775] [M]: 0x80002B48 (0x02B52633) mulhsu a2, a0, a1
x12 <- 0xFFFFC3A9


mem[X,0x80002B4C] -> 0xA823
mem[X,0x80002B4E] -> 0x7CC6
[2776] [M]: 0x80002B4C (0x7CC6A823) sw a2, 2000(a3)
mem[0x80005A28] <- 0xFFFFC3A9


mem[X,0x80002B50] -> 0xB537
mem[X,0x80002B52] -> 0x0000
[2777] [M]: 0x80002B50 (0x0000B537) lui a0, 11
x10 <- 0x0000B000


mem[X,0x80002B54] -> 0x0513
mem[X,0x80002B56] -> 0x5035
[2778] [M]: 0x80002B54 (0x50350513) addi a0, a0, 1283
x10 <- 0x0000B503


mem[X,0x80002B58] -> 0x35B7
mem[X,0x80002B5A] -> 0x3333
[2779] [M]: 0x80002B58 (0x333335B7) lui a1, 209715
x11 <- 0x33333000


mem[X,0x80002B5C] -> 0x8593
mem[X,0x80002B5E] -> 0x3325
[2780] [M]: 0x80002B5C (0x33258593) addi a1, a1, 818
x11 <- 0x33333332


mem[X,0x80002B60] -> 0x2633
mem[X,0x80002B62] -> 0x02B5
[2781] [M]: 0x80002B60 (0x02B52633) mulhsu a2, a0, a1
x12 <- 0x00002433


mem[X,0x80002B64] -> 0xAA23
mem[X,0x80002B66] -> 0x7CC6
[2782] [M]: 0x80002B64 (0x7CC6AA23) sw a2, 2004(a3)
mem[0x80005A2C] <- 0x00002433


mem[X,0x80002B68] -> 0x5537
mem[X,0x80002B6A] -> 0xFFFF
[2783] [M]: 0x80002B68 (0xFFFF5537) lui a0, 1048565
x10 <- 0xFFFF5000


mem[X,0x80002B6C] -> 0x0513
mem[X,0x80002B6E] -> 0xAFD5
[2784] [M]: 0x80002B6C (0xAFD50513) addi a0, a0, 2813
x10 <- 0xFFFF4AFD


mem[X,0x80002B70] -> 0xB5B7
mem[X,0x80002B72] -> 0xAAAA
[2785] [M]: 0x80002B70 (0xAAAAB5B7) lui a1, 699051
x11 <- 0xAAAAB000


mem[X,0x80002B74] -> 0x8593
mem[X,0x80002B76] -> 0xAAA5
[2786] [M]: 0x80002B74 (0xAAA58593) addi a1, a1, 2730
x11 <- 0xAAAAAAAA


mem[X,0x80002B78] -> 0x2633
mem[X,0x80002B7A] -> 0x02B5
[2787] [M]: 0x80002B78 (0x02B52633) mulhsu a2, a0, a1
x12 <- 0xFFFF8753


mem[X,0x80002B7C] -> 0xAC23
mem[X,0x80002B7E] -> 0x7CC6
[2788] [M]: 0x80002B7C (0x7CC6AC23) sw a2, 2008(a3)
mem[0x80005A30] <- 0xFFFF8753


mem[X,0x80002B80] -> 0x5537
mem[X,0x80002B82] -> 0xFFFF
[2789] [M]: 0x80002B80 (0xFFFF5537) lui a0, 1048565
x10 <- 0xFFFF5000


mem[X,0x80002B84] -> 0x0513
mem[X,0x80002B86] -> 0xAFD5
[2790] [M]: 0x80002B84 (0xAFD50513) addi a0, a0, 2813
x10 <- 0xFFFF4AFD


mem[X,0x80002B88] -> 0x0593
mem[X,0x80002B8A] -> 0x0050
[2791] [M]: 0x80002B88 (0x00500593) addi a1, zero, 5
x11 <- 0x00000005


mem[X,0x80002B8C] -> 0x2633
mem[X,0x80002B8E] -> 0x02B5
[2792] [M]: 0x80002B8C (0x02B52633) mulhsu a2, a0, a1
x12 <- 0xFFFFFFFF


mem[X,0x80002B90] -> 0xAE23
mem[X,0x80002B92] -> 0x7CC6
[2793] [M]: 0x80002B90 (0x7CC6AE23) sw a2, 2012(a3)
mem[0x80005A34] <- 0xFFFFFFFF


mem[X,0x80002B94] -> 0x5537
mem[X,0x80002B96] -> 0xFFFF
[2794] [M]: 0x80002B94 (0xFFFF5537) lui a0, 1048565
x10 <- 0xFFFF5000


mem[X,0x80002B98] -> 0x0513
mem[X,0x80002B9A] -> 0xAFD5
[2795] [M]: 0x80002B98 (0xAFD50513) addi a0, a0, 2813
x10 <- 0xFFFF4AFD


mem[X,0x80002B9C] -> 0x35B7
mem[X,0x80002B9E] -> 0x3333
[2796] [M]: 0x80002B9C (0x333335B7) lui a1, 209715
x11 <- 0x33333000


mem[X,0x80002BA0] -> 0x8593
mem[X,0x80002BA2] -> 0x3335
[2797] [M]: 0x80002BA0 (0x33358593) addi a1, a1, 819
x11 <- 0x33333333


mem[X,0x80002BA4] -> 0x2633
mem[X,0x80002BA6] -> 0x02B5
[2798] [M]: 0x80002BA4 (0x02B52633) mulhsu a2, a0, a1
x12 <- 0xFFFFDBCC


mem[X,0x80002BA8] -> 0xA023
mem[X,0x80002BAA] -> 0x7EC6
[2799] [M]: 0x80002BA8 (0x7EC6A023) sw a2, 2016(a3)
mem[0x80005A38] <- 0xFFFFDBCC


clint::tick mtime <- 0x000000000000001C
 clint timer pending at mtime 0x000000000000001C
htif::tick 0x0000000000000000
mem[X,0x80002BAC] -> 0x5537
mem[X,0x80002BAE] -> 0xFFFF
[2800] [M]: 0x80002BAC (0xFFFF5537) lui a0, 1048565
x10 <- 0xFFFF5000


mem[X,0x80002BB0] -> 0x0513
mem[X,0x80002BB2] -> 0xAFD5
[2801] [M]: 0x80002BB0 (0xAFD50513) addi a0, a0, 2813
x10 <- 0xFFFF4AFD


mem[X,0x80002BB4] -> 0x65B7
mem[X,0x80002BB6] -> 0x6666
[2802] [M]: 0x80002BB4 (0x666665B7) lui a1, 419430
x11 <- 0x66666000


mem[X,0x80002BB8] -> 0x8593
mem[X,0x80002BBA] -> 0x6665
[2803] [M]: 0x80002BB8 (0x66658593) addi a1, a1, 1638
x11 <- 0x66666666


mem[X,0x80002BBC] -> 0x2633
mem[X,0x80002BBE] -> 0x02B5
[2804] [M]: 0x80002BBC (0x02B52633) mulhsu a2, a0, a1
x12 <- 0xFFFFB798


mem[X,0x80002BC0] -> 0xA223
mem[X,0x80002BC2] -> 0x7EC6
[2805] [M]: 0x80002BC0 (0x7EC6A223) sw a2, 2020(a3)
mem[0x80005A3C] <- 0xFFFFB798


mem[X,0x80002BC4] -> 0x5537
mem[X,0x80002BC6] -> 0xFFFF
[2806] [M]: 0x80002BC4 (0xFFFF5537) lui a0, 1048565
x10 <- 0xFFFF5000


mem[X,0x80002BC8] -> 0x0513
mem[X,0x80002BCA] -> 0xAFD5
[2807] [M]: 0x80002BC8 (0xAFD50513) addi a0, a0, 2813
x10 <- 0xFFFF4AFD


mem[X,0x80002BCC] -> 0xB5B7
mem[X,0x80002BCE] -> 0x0000
[2808] [M]: 0x80002BCC (0x0000B5B7) lui a1, 11
x11 <- 0x0000B000


mem[X,0x80002BD0] -> 0x8593
mem[X,0x80002BD2] -> 0x5045
[2809] [M]: 0x80002BD0 (0x50458593) addi a1, a1, 1284
x11 <- 0x0000B504


mem[X,0x80002BD4] -> 0x2633
mem[X,0x80002BD6] -> 0x02B5
[2810] [M]: 0x80002BD4 (0x02B52633) mulhsu a2, a0, a1
x12 <- 0xFFFFFFFF


mem[X,0x80002BD8] -> 0xA423
mem[X,0x80002BDA] -> 0x7EC6
[2811] [M]: 0x80002BD8 (0x7EC6A423) sw a2, 2024(a3)
mem[0x80005A40] <- 0xFFFFFFFF


mem[X,0x80002BDC] -> 0x5537
mem[X,0x80002BDE] -> 0xFFFF
[2812] [M]: 0x80002BDC (0xFFFF5537) lui a0, 1048565
x10 <- 0xFFFF5000


mem[X,0x80002BE0] -> 0x0513
mem[X,0x80002BE2] -> 0xAFD5
[2813] [M]: 0x80002BE0 (0xAFD50513) addi a0, a0, 2813
x10 <- 0xFFFF4AFD


mem[X,0x80002BE4] -> 0x0593
mem[X,0x80002BE6] -> 0x0000
[2814] [M]: 0x80002BE4 (0x00000593) addi a1, zero, 0
x11 <- 0x00000000


mem[X,0x80002BE8] -> 0x2633
mem[X,0x80002BEA] -> 0x02B5
[2815] [M]: 0x80002BE8 (0x02B52633) mulhsu a2, a0, a1
x12 <- 0x00000000


mem[X,0x80002BEC] -> 0xA623
mem[X,0x80002BEE] -> 0x7EC6
[2816] [M]: 0x80002BEC (0x7EC6A623) sw a2, 2028(a3)
mem[0x80005A44] <- 0x00000000


mem[X,0x80002BF0] -> 0x5537
mem[X,0x80002BF2] -> 0xFFFF
[2817] [M]: 0x80002BF0 (0xFFFF5537) lui a0, 1048565
x10 <- 0xFFFF5000


mem[X,0x80002BF4] -> 0x0513
mem[X,0x80002BF6] -> 0xAFD5
[2818] [M]: 0x80002BF4 (0xAFD50513) addi a0, a0, 2813
x10 <- 0xFFFF4AFD


mem[X,0x80002BF8] -> 0x05B7
mem[X,0x80002BFA] -> 0x0001
[2819] [M]: 0x80002BF8 (0x000105B7) lui a1, 16
x11 <- 0x00010000


mem[X,0x80002BFC] -> 0x8593
mem[X,0x80002BFE] -> 0xFFF5
[2820] [M]: 0x80002BFC (0xFFF58593) addi a1, a1, 4095
x11 <- 0x0000FFFF


mem[X,0x80002C00] -> 0x2633
mem[X,0x80002C02] -> 0x02B5
[2821] [M]: 0x80002C00 (0x02B52633) mulhsu a2, a0, a1
x12 <- 0xFFFFFFFF


mem[X,0x80002C04] -> 0xA823
mem[X,0x80002C06] -> 0x7EC6
[2822] [M]: 0x80002C04 (0x7EC6A823) sw a2, 2032(a3)
mem[0x80005A48] <- 0xFFFFFFFF


mem[X,0x80002C08] -> 0x5537
mem[X,0x80002C0A] -> 0xFFFF
[2823] [M]: 0x80002C08 (0xFFFF5537) lui a0, 1048565
x10 <- 0xFFFF5000


mem[X,0x80002C0C] -> 0x0513
mem[X,0x80002C0E] -> 0xAFD5
[2824] [M]: 0x80002C0C (0xAFD50513) addi a0, a0, 2813
x10 <- 0xFFFF4AFD


mem[X,0x80002C10] -> 0x0593
mem[X,0x80002C12] -> 0x0020
[2825] [M]: 0x80002C10 (0x00200593) addi a1, zero, 2
x11 <- 0x00000002


mem[X,0x80002C14] -> 0x2633
mem[X,0x80002C16] -> 0x02B5
[2826] [M]: 0x80002C14 (0x02B52633) mulhsu a2, a0, a1
x12 <- 0xFFFFFFFF


mem[X,0x80002C18] -> 0xAA23
mem[X,0x80002C1A] -> 0x7EC6
[2827] [M]: 0x80002C18 (0x7EC6AA23) sw a2, 2036(a3)
mem[0x80005A4C] <- 0xFFFFFFFF


mem[X,0x80002C1C] -> 0x5537
mem[X,0x80002C1E] -> 0xFFFF
[2828] [M]: 0x80002C1C (0xFFFF5537) lui a0, 1048565
x10 <- 0xFFFF5000


mem[X,0x80002C20] -> 0x0513
mem[X,0x80002C22] -> 0xAFD5
[2829] [M]: 0x80002C20 (0xAFD50513) addi a0, a0, 2813
x10 <- 0xFFFF4AFD


mem[X,0x80002C24] -> 0x55B7
mem[X,0x80002C26] -> 0x5555
[2830] [M]: 0x80002C24 (0x555555B7) lui a1, 349525
x11 <- 0x55555000


mem[X,0x80002C28] -> 0x8593
mem[X,0x80002C2A] -> 0x5545
[2831] [M]: 0x80002C28 (0x55458593) addi a1, a1, 1364
x11 <- 0x55555554


mem[X,0x80002C2C] -> 0x2633
mem[X,0x80002C2E] -> 0x02B5
[2832] [M]: 0x80002C2C (0x02B52633) mulhsu a2, a0, a1
x12 <- 0xFFFFC3A9


mem[X,0x80002C30] -> 0xAC23
mem[X,0x80002C32] -> 0x7EC6
[2833] [M]: 0x80002C30 (0x7EC6AC23) sw a2, 2040(a3)
mem[0x80005A50] <- 0xFFFFC3A9


mem[X,0x80002C34] -> 0x5537
mem[X,0x80002C36] -> 0xFFFF
[2834] [M]: 0x80002C34 (0xFFFF5537) lui a0, 1048565
x10 <- 0xFFFF5000


mem[X,0x80002C38] -> 0x0513
mem[X,0x80002C3A] -> 0xAFD5
[2835] [M]: 0x80002C38 (0xAFD50513) addi a0, a0, 2813
x10 <- 0xFFFF4AFD


mem[X,0x80002C3C] -> 0xB5B7
mem[X,0x80002C3E] -> 0xAAAA
[2836] [M]: 0x80002C3C (0xAAAAB5B7) lui a1, 699051
x11 <- 0xAAAAB000


mem[X,0x80002C40] -> 0x8593
mem[X,0x80002C42] -> 0xAA95
[2837] [M]: 0x80002C40 (0xAA958593) addi a1, a1, 2729
x11 <- 0xAAAAAAA9


mem[X,0x80002C44] -> 0x2633
mem[X,0x80002C46] -> 0x02B5
[2838] [M]: 0x80002C44 (0x02B52633) mulhsu a2, a0, a1
x12 <- 0xFFFF8753


mem[X,0x80002C48] -> 0xAE23
mem[X,0x80002C4A] -> 0x7EC6
[2839] [M]: 0x80002C48 (0x7EC6AE23) sw a2, 2044(a3)
mem[0x80005A54] <- 0xFFFF8753


mem[X,0x80002C4C] -> 0x3697
mem[X,0x80002C4E] -> 0x0000
[2840] [M]: 0x80002C4C (0x00003697) auipc a3, 3
x13 <- 0x80005C4C


mem[X,0x80002C50] -> 0x8693
mem[X,0x80002C52] -> 0xE0C6
[2841] [M]: 0x80002C50 (0xE0C68693) addi a3, a3, 3596
x13 <- 0x80005A58


mem[X,0x80002C54] -> 0x5537
mem[X,0x80002C56] -> 0xFFFF
[2842] [M]: 0x80002C54 (0xFFFF5537) lui a0, 1048565
x10 <- 0xFFFF5000


mem[X,0x80002C58] -> 0x0513
mem[X,0x80002C5A] -> 0xAFD5
[2843] [M]: 0x80002C58 (0xAFD50513) addi a0, a0, 2813
x10 <- 0xFFFF4AFD


mem[X,0x80002C5C] -> 0x0593
mem[X,0x80002C5E] -> 0x0040
[2844] [M]: 0x80002C5C (0x00400593) addi a1, zero, 4
x11 <- 0x00000004


mem[X,0x80002C60] -> 0x2633
mem[X,0x80002C62] -> 0x02B5
[2845] [M]: 0x80002C60 (0x02B52633) mulhsu a2, a0, a1
x12 <- 0xFFFFFFFF


mem[X,0x80002C64] -> 0xA023
mem[X,0x80002C66] -> 0x00C6
[2846] [M]: 0x80002C64 (0x00C6A023) sw a2, 0(a3)
mem[0x80005A58] <- 0xFFFFFFFF


mem[X,0x80002C68] -> 0x5537
mem[X,0x80002C6A] -> 0xFFFF
[2847] [M]: 0x80002C68 (0xFFFF5537) lui a0, 1048565
x10 <- 0xFFFF5000


mem[X,0x80002C6C] -> 0x0513
mem[X,0x80002C6E] -> 0xAFD5
[2848] [M]: 0x80002C6C (0xAFD50513) addi a0, a0, 2813
x10 <- 0xFFFF4AFD


mem[X,0x80002C70] -> 0x35B7
mem[X,0x80002C72] -> 0x3333
[2849] [M]: 0x80002C70 (0x333335B7) lui a1, 209715
x11 <- 0x33333000


mem[X,0x80002C74] -> 0x8593
mem[X,0x80002C76] -> 0x3325
[2850] [M]: 0x80002C74 (0x33258593) addi a1, a1, 818
x11 <- 0x33333332


mem[X,0x80002C78] -> 0x2633
mem[X,0x80002C7A] -> 0x02B5
[2851] [M]: 0x80002C78 (0x02B52633) mulhsu a2, a0, a1
x12 <- 0xFFFFDBCC


mem[X,0x80002C7C] -> 0xA223
mem[X,0x80002C7E] -> 0x00C6
[2852] [M]: 0x80002C7C (0x00C6A223) sw a2, 4(a3)
mem[0x80005A5C] <- 0xFFFFDBCC


mem[X,0x80002C80] -> 0x5537
mem[X,0x80002C82] -> 0xFFFF
[2853] [M]: 0x80002C80 (0xFFFF5537) lui a0, 1048565
x10 <- 0xFFFF5000


mem[X,0x80002C84] -> 0x0513
mem[X,0x80002C86] -> 0xAFD5
[2854] [M]: 0x80002C84 (0xAFD50513) addi a0, a0, 2813
x10 <- 0xFFFF4AFD


mem[X,0x80002C88] -> 0x65B7
mem[X,0x80002C8A] -> 0x6666
[2855] [M]: 0x80002C88 (0x666665B7) lui a1, 419430
x11 <- 0x66666000


mem[X,0x80002C8C] -> 0x8593
mem[X,0x80002C8E] -> 0x6655
[2856] [M]: 0x80002C8C (0x66558593) addi a1, a1, 1637
x11 <- 0x66666665


mem[X,0x80002C90] -> 0x2633
mem[X,0x80002C92] -> 0x02B5
[2857] [M]: 0x80002C90 (0x02B52633) mulhsu a2, a0, a1
x12 <- 0xFFFFB798


mem[X,0x80002C94] -> 0xA423
mem[X,0x80002C96] -> 0x00C6
[2858] [M]: 0x80002C94 (0x00C6A423) sw a2, 8(a3)
mem[0x80005A60] <- 0xFFFFB798


mem[X,0x80002C98] -> 0x5537
mem[X,0x80002C9A] -> 0xFFFF
[2859] [M]: 0x80002C98 (0xFFFF5537) lui a0, 1048565
x10 <- 0xFFFF5000


mem[X,0x80002C9C] -> 0x0513
mem[X,0x80002C9E] -> 0xAFD5
[2860] [M]: 0x80002C9C (0xAFD50513) addi a0, a0, 2813
x10 <- 0xFFFF4AFD


mem[X,0x80002CA0] -> 0xB5B7
mem[X,0x80002CA2] -> 0x0000
[2861] [M]: 0x80002CA0 (0x0000B5B7) lui a1, 11
x11 <- 0x0000B000


mem[X,0x80002CA4] -> 0x8593
mem[X,0x80002CA6] -> 0x5035
[2862] [M]: 0x80002CA4 (0x50358593) addi a1, a1, 1283
x11 <- 0x0000B503


mem[X,0x80002CA8] -> 0x2633
mem[X,0x80002CAA] -> 0x02B5
[2863] [M]: 0x80002CA8 (0x02B52633) mulhsu a2, a0, a1
x12 <- 0xFFFFFFFF


mem[X,0x80002CAC] -> 0xA623
mem[X,0x80002CAE] -> 0x00C6
[2864] [M]: 0x80002CAC (0x00C6A623) sw a2, 12(a3)
mem[0x80005A64] <- 0xFFFFFFFF


mem[X,0x80002CB0] -> 0x5537
mem[X,0x80002CB2] -> 0xFFFF
[2865] [M]: 0x80002CB0 (0xFFFF5537) lui a0, 1048565
x10 <- 0xFFFF5000


mem[X,0x80002CB4] -> 0x0513
mem[X,0x80002CB6] -> 0xAFD5
[2866] [M]: 0x80002CB4 (0xAFD50513) addi a0, a0, 2813
x10 <- 0xFFFF4AFD


mem[X,0x80002CB8] -> 0x05B7
mem[X,0x80002CBA] -> 0x0001
[2867] [M]: 0x80002CB8 (0x000105B7) lui a1, 16
x11 <- 0x00010000


mem[X,0x80002CBC] -> 0x8593
mem[X,0x80002CBE] -> 0xFFE5
[2868] [M]: 0x80002CBC (0xFFE58593) addi a1, a1, 4094
x11 <- 0x0000FFFE


mem[X,0x80002CC0] -> 0x2633
mem[X,0x80002CC2] -> 0x02B5
[2869] [M]: 0x80002CC0 (0x02B52633) mulhsu a2, a0, a1
x12 <- 0xFFFFFFFF


mem[X,0x80002CC4] -> 0xA823
mem[X,0x80002CC6] -> 0x00C6
[2870] [M]: 0x80002CC4 (0x00C6A823) sw a2, 16(a3)
mem[0x80005A68] <- 0xFFFFFFFF


mem[X,0x80002CC8] -> 0x5537
mem[X,0x80002CCA] -> 0xFFFF
[2871] [M]: 0x80002CC8 (0xFFFF5537) lui a0, 1048565
x10 <- 0xFFFF5000


mem[X,0x80002CCC] -> 0x0513
mem[X,0x80002CCE] -> 0xAFD5
[2872] [M]: 0x80002CCC (0xAFD50513) addi a0, a0, 2813
x10 <- 0xFFFF4AFD


mem[X,0x80002CD0] -> 0x55B7
mem[X,0x80002CD2] -> 0x5555
[2873] [M]: 0x80002CD0 (0x555555B7) lui a1, 349525
x11 <- 0x55555000


mem[X,0x80002CD4] -> 0x8593
mem[X,0x80002CD6] -> 0x5565
[2874] [M]: 0x80002CD4 (0x55658593) addi a1, a1, 1366
x11 <- 0x55555556


mem[X,0x80002CD8] -> 0x2633
mem[X,0x80002CDA] -> 0x02B5
[2875] [M]: 0x80002CD8 (0x02B52633) mulhsu a2, a0, a1
x12 <- 0xFFFFC3A9


mem[X,0x80002CDC] -> 0xAA23
mem[X,0x80002CDE] -> 0x00C6
[2876] [M]: 0x80002CDC (0x00C6AA23) sw a2, 20(a3)
mem[0x80005A6C] <- 0xFFFFC3A9


mem[X,0x80002CE0] -> 0x5537
mem[X,0x80002CE2] -> 0xFFFF
[2877] [M]: 0x80002CE0 (0xFFFF5537) lui a0, 1048565
x10 <- 0xFFFF5000


mem[X,0x80002CE4] -> 0x0513
mem[X,0x80002CE6] -> 0xAFD5
[2878] [M]: 0x80002CE4 (0xAFD50513) addi a0, a0, 2813
x10 <- 0xFFFF4AFD


mem[X,0x80002CE8] -> 0xB5B7
mem[X,0x80002CEA] -> 0xAAAA
[2879] [M]: 0x80002CE8 (0xAAAAB5B7) lui a1, 699051
x11 <- 0xAAAAB000


mem[X,0x80002CEC] -> 0x8593
mem[X,0x80002CEE] -> 0xAAB5
[2880] [M]: 0x80002CEC (0xAAB58593) addi a1, a1, 2731
x11 <- 0xAAAAAAAB


mem[X,0x80002CF0] -> 0x2633
mem[X,0x80002CF2] -> 0x02B5
[2881] [M]: 0x80002CF0 (0x02B52633) mulhsu a2, a0, a1
x12 <- 0xFFFF8753


mem[X,0x80002CF4] -> 0xAC23
mem[X,0x80002CF6] -> 0x00C6
[2882] [M]: 0x80002CF4 (0x00C6AC23) sw a2, 24(a3)
mem[0x80005A70] <- 0xFFFF8753


mem[X,0x80002CF8] -> 0x5537
mem[X,0x80002CFA] -> 0xFFFF
[2883] [M]: 0x80002CF8 (0xFFFF5537) lui a0, 1048565
x10 <- 0xFFFF5000


mem[X,0x80002CFC] -> 0x0513
mem[X,0x80002CFE] -> 0xAFD5
[2884] [M]: 0x80002CFC (0xAFD50513) addi a0, a0, 2813
x10 <- 0xFFFF4AFD


mem[X,0x80002D00] -> 0x0593
mem[X,0x80002D02] -> 0x0060
[2885] [M]: 0x80002D00 (0x00600593) addi a1, zero, 6
x11 <- 0x00000006


mem[X,0x80002D04] -> 0x2633
mem[X,0x80002D06] -> 0x02B5
[2886] [M]: 0x80002D04 (0x02B52633) mulhsu a2, a0, a1
x12 <- 0xFFFFFFFF


mem[X,0x80002D08] -> 0xAE23
mem[X,0x80002D0A] -> 0x00C6
[2887] [M]: 0x80002D08 (0x00C6AE23) sw a2, 28(a3)
mem[0x80005A74] <- 0xFFFFFFFF


mem[X,0x80002D0C] -> 0x5537
mem[X,0x80002D0E] -> 0xFFFF
[2888] [M]: 0x80002D0C (0xFFFF5537) lui a0, 1048565
x10 <- 0xFFFF5000


mem[X,0x80002D10] -> 0x0513
mem[X,0x80002D12] -> 0xAFD5
[2889] [M]: 0x80002D10 (0xAFD50513) addi a0, a0, 2813
x10 <- 0xFFFF4AFD


mem[X,0x80002D14] -> 0x35B7
mem[X,0x80002D16] -> 0x3333
[2890] [M]: 0x80002D14 (0x333335B7) lui a1, 209715
x11 <- 0x33333000


mem[X,0x80002D18] -> 0x8593
mem[X,0x80002D1A] -> 0x3345
[2891] [M]: 0x80002D18 (0x33458593) addi a1, a1, 820
x11 <- 0x33333334


mem[X,0x80002D1C] -> 0x2633
mem[X,0x80002D1E] -> 0x02B5
[2892] [M]: 0x80002D1C (0x02B52633) mulhsu a2, a0, a1
x12 <- 0xFFFFDBCC


mem[X,0x80002D20] -> 0xA023
mem[X,0x80002D22] -> 0x02C6
[2893] [M]: 0x80002D20 (0x02C6A023) sw a2, 32(a3)
mem[0x80005A78] <- 0xFFFFDBCC


mem[X,0x80002D24] -> 0x5537
mem[X,0x80002D26] -> 0xFFFF
[2894] [M]: 0x80002D24 (0xFFFF5537) lui a0, 1048565
x10 <- 0xFFFF5000


mem[X,0x80002D28] -> 0x0513
mem[X,0x80002D2A] -> 0xAFD5
[2895] [M]: 0x80002D28 (0xAFD50513) addi a0, a0, 2813
x10 <- 0xFFFF4AFD


mem[X,0x80002D2C] -> 0x65B7
mem[X,0x80002D2E] -> 0x6666
[2896] [M]: 0x80002D2C (0x666665B7) lui a1, 419430
x11 <- 0x66666000


mem[X,0x80002D30] -> 0x8593
mem[X,0x80002D32] -> 0x6675
[2897] [M]: 0x80002D30 (0x66758593) addi a1, a1, 1639
x11 <- 0x66666667


mem[X,0x80002D34] -> 0x2633
mem[X,0x80002D36] -> 0x02B5
[2898] [M]: 0x80002D34 (0x02B52633) mulhsu a2, a0, a1
x12 <- 0xFFFFB798


mem[X,0x80002D38] -> 0xA223
mem[X,0x80002D3A] -> 0x02C6
[2899] [M]: 0x80002D38 (0x02C6A223) sw a2, 36(a3)
mem[0x80005A7C] <- 0xFFFFB798


clint::tick mtime <- 0x000000000000001D
 clint timer pending at mtime 0x000000000000001D
htif::tick 0x0000000000000000
mem[X,0x80002D3C] -> 0x5537
mem[X,0x80002D3E] -> 0xFFFF
[2900] [M]: 0x80002D3C (0xFFFF5537) lui a0, 1048565
x10 <- 0xFFFF5000


mem[X,0x80002D40] -> 0x0513
mem[X,0x80002D42] -> 0xAFD5
[2901] [M]: 0x80002D40 (0xAFD50513) addi a0, a0, 2813
x10 <- 0xFFFF4AFD


mem[X,0x80002D44] -> 0xB5B7
mem[X,0x80002D46] -> 0x0000
[2902] [M]: 0x80002D44 (0x0000B5B7) lui a1, 11
x11 <- 0x0000B000


mem[X,0x80002D48] -> 0x8593
mem[X,0x80002D4A] -> 0x5055
[2903] [M]: 0x80002D48 (0x50558593) addi a1, a1, 1285
x11 <- 0x0000B505


mem[X,0x80002D4C] -> 0x2633
mem[X,0x80002D4E] -> 0x02B5
[2904] [M]: 0x80002D4C (0x02B52633) mulhsu a2, a0, a1
x12 <- 0xFFFFFFFF


mem[X,0x80002D50] -> 0xA423
mem[X,0x80002D52] -> 0x02C6
[2905] [M]: 0x80002D50 (0x02C6A423) sw a2, 40(a3)
mem[0x80005A80] <- 0xFFFFFFFF


mem[X,0x80002D54] -> 0x5537
mem[X,0x80002D56] -> 0xFFFF
[2906] [M]: 0x80002D54 (0xFFFF5537) lui a0, 1048565
x10 <- 0xFFFF5000


mem[X,0x80002D58] -> 0x0513
mem[X,0x80002D5A] -> 0xAFD5
[2907] [M]: 0x80002D58 (0xAFD50513) addi a0, a0, 2813
x10 <- 0xFFFF4AFD


mem[X,0x80002D5C] -> 0x0593
mem[X,0x80002D5E] -> 0x0010
[2908] [M]: 0x80002D5C (0x00100593) addi a1, zero, 1
x11 <- 0x00000001


mem[X,0x80002D60] -> 0x2633
mem[X,0x80002D62] -> 0x02B5
[2909] [M]: 0x80002D60 (0x02B52633) mulhsu a2, a0, a1
x12 <- 0xFFFFFFFF


mem[X,0x80002D64] -> 0xA623
mem[X,0x80002D66] -> 0x02C6
[2910] [M]: 0x80002D64 (0x02C6A623) sw a2, 44(a3)
mem[0x80005A84] <- 0xFFFFFFFF


mem[X,0x80002D68] -> 0x5537
mem[X,0x80002D6A] -> 0xFFFF
[2911] [M]: 0x80002D68 (0xFFFF5537) lui a0, 1048565
x10 <- 0xFFFF5000


mem[X,0x80002D6C] -> 0x0513
mem[X,0x80002D6E] -> 0xAFD5
[2912] [M]: 0x80002D6C (0xAFD50513) addi a0, a0, 2813
x10 <- 0xFFFF4AFD


mem[X,0x80002D70] -> 0x05B7
mem[X,0x80002D72] -> 0x0001
[2913] [M]: 0x80002D70 (0x000105B7) lui a1, 16
x11 <- 0x00010000


mem[X,0x80002D74] -> 0x2633
mem[X,0x80002D76] -> 0x02B5
[2914] [M]: 0x80002D74 (0x02B52633) mulhsu a2, a0, a1
x12 <- 0xFFFFFFFF


mem[X,0x80002D78] -> 0xA823
mem[X,0x80002D7A] -> 0x02C6
[2915] [M]: 0x80002D78 (0x02C6A823) sw a2, 48(a3)
mem[0x80005A88] <- 0xFFFFFFFF


mem[X,0x80002D7C] -> 0xB537
mem[X,0x80002D7E] -> 0x0000
[2916] [M]: 0x80002D7C (0x0000B537) lui a0, 11
x10 <- 0x0000B000


mem[X,0x80002D80] -> 0x0513
mem[X,0x80002D82] -> 0x5055
[2917] [M]: 0x80002D80 (0x50550513) addi a0, a0, 1285
x10 <- 0x0000B505


mem[X,0x80002D84] -> 0x0593
mem[X,0x80002D86] -> 0x0030
[2918] [M]: 0x80002D84 (0x00300593) addi a1, zero, 3
x11 <- 0x00000003


mem[X,0x80002D88] -> 0x2633
mem[X,0x80002D8A] -> 0x02B5
[2919] [M]: 0x80002D88 (0x02B52633) mulhsu a2, a0, a1
x12 <- 0x00000000


mem[X,0x80002D8C] -> 0xAA23
mem[X,0x80002D8E] -> 0x02C6
[2920] [M]: 0x80002D8C (0x02C6AA23) sw a2, 52(a3)
mem[0x80005A8C] <- 0x00000000


mem[X,0x80002D90] -> 0xB537
mem[X,0x80002D92] -> 0x0000
[2921] [M]: 0x80002D90 (0x0000B537) lui a0, 11
x10 <- 0x0000B000


mem[X,0x80002D94] -> 0x0513
mem[X,0x80002D96] -> 0x5055
[2922] [M]: 0x80002D94 (0x50550513) addi a0, a0, 1285
x10 <- 0x0000B505


mem[X,0x80002D98] -> 0x55B7
mem[X,0x80002D9A] -> 0x5555
[2923] [M]: 0x80002D98 (0x555555B7) lui a1, 349525
x11 <- 0x55555000


mem[X,0x80002D9C] -> 0x8593
mem[X,0x80002D9E] -> 0x5555
[2924] [M]: 0x80002D9C (0x55558593) addi a1, a1, 1365
x11 <- 0x55555555


mem[X,0x80002DA0] -> 0x2633
mem[X,0x80002DA2] -> 0x02B5
[2925] [M]: 0x80002DA0 (0x02B52633) mulhsu a2, a0, a1
x12 <- 0x00003C56


mem[X,0x80002DA4] -> 0xAC23
mem[X,0x80002DA6] -> 0x02C6
[2926] [M]: 0x80002DA4 (0x02C6AC23) sw a2, 56(a3)
mem[0x80005A90] <- 0x00003C56


mem[X,0x80002DA8] -> 0xB537
mem[X,0x80002DAA] -> 0x0000
[2927] [M]: 0x80002DA8 (0x0000B537) lui a0, 11
x10 <- 0x0000B000


mem[X,0x80002DAC] -> 0x0513
mem[X,0x80002DAE] -> 0x5055
[2928] [M]: 0x80002DAC (0x50550513) addi a0, a0, 1285
x10 <- 0x0000B505


mem[X,0x80002DB0] -> 0xB5B7
mem[X,0x80002DB2] -> 0xAAAA
[2929] [M]: 0x80002DB0 (0xAAAAB5B7) lui a1, 699051
x11 <- 0xAAAAB000


mem[X,0x80002DB4] -> 0x8593
mem[X,0x80002DB6] -> 0xAAA5
[2930] [M]: 0x80002DB4 (0xAAA58593) addi a1, a1, 2730
x11 <- 0xAAAAAAAA


mem[X,0x80002DB8] -> 0x2633
mem[X,0x80002DBA] -> 0x02B5
[2931] [M]: 0x80002DB8 (0x02B52633) mulhsu a2, a0, a1
x12 <- 0x000078AD


mem[X,0x80002DBC] -> 0xAE23
mem[X,0x80002DBE] -> 0x02C6
[2932] [M]: 0x80002DBC (0x02C6AE23) sw a2, 60(a3)
mem[0x80005A94] <- 0x000078AD


mem[X,0x80002DC0] -> 0xB537
mem[X,0x80002DC2] -> 0x0000
[2933] [M]: 0x80002DC0 (0x0000B537) lui a0, 11
x10 <- 0x0000B000


mem[X,0x80002DC4] -> 0x0513
mem[X,0x80002DC6] -> 0x5055
[2934] [M]: 0x80002DC4 (0x50550513) addi a0, a0, 1285
x10 <- 0x0000B505


mem[X,0x80002DC8] -> 0x0593
mem[X,0x80002DCA] -> 0x0050
[2935] [M]: 0x80002DC8 (0x00500593) addi a1, zero, 5
x11 <- 0x00000005


mem[X,0x80002DCC] -> 0x2633
mem[X,0x80002DCE] -> 0x02B5
[2936] [M]: 0x80002DCC (0x02B52633) mulhsu a2, a0, a1
x12 <- 0x00000000


mem[X,0x80002DD0] -> 0xA023
mem[X,0x80002DD2] -> 0x04C6
[2937] [M]: 0x80002DD0 (0x04C6A023) sw a2, 64(a3)
mem[0x80005A98] <- 0x00000000


mem[X,0x80002DD4] -> 0xB537
mem[X,0x80002DD6] -> 0x0000
[2938] [M]: 0x80002DD4 (0x0000B537) lui a0, 11
x10 <- 0x0000B000


mem[X,0x80002DD8] -> 0x0513
mem[X,0x80002DDA] -> 0x5055
[2939] [M]: 0x80002DD8 (0x50550513) addi a0, a0, 1285
x10 <- 0x0000B505


mem[X,0x80002DDC] -> 0x35B7
mem[X,0x80002DDE] -> 0x3333
[2940] [M]: 0x80002DDC (0x333335B7) lui a1, 209715
x11 <- 0x33333000


mem[X,0x80002DE0] -> 0x8593
mem[X,0x80002DE2] -> 0x3335
[2941] [M]: 0x80002DE0 (0x33358593) addi a1, a1, 819
x11 <- 0x33333333


mem[X,0x80002DE4] -> 0x2633
mem[X,0x80002DE6] -> 0x02B5
[2942] [M]: 0x80002DE4 (0x02B52633) mulhsu a2, a0, a1
x12 <- 0x00002434


mem[X,0x80002DE8] -> 0xA223
mem[X,0x80002DEA] -> 0x04C6
[2943] [M]: 0x80002DE8 (0x04C6A223) sw a2, 68(a3)
mem[0x80005A9C] <- 0x00002434


mem[X,0x80002DEC] -> 0xB537
mem[X,0x80002DEE] -> 0x0000
[2944] [M]: 0x80002DEC (0x0000B537) lui a0, 11
x10 <- 0x0000B000


mem[X,0x80002DF0] -> 0x0513
mem[X,0x80002DF2] -> 0x5055
[2945] [M]: 0x80002DF0 (0x50550513) addi a0, a0, 1285
x10 <- 0x0000B505


mem[X,0x80002DF4] -> 0x65B7
mem[X,0x80002DF6] -> 0x6666
[2946] [M]: 0x80002DF4 (0x666665B7) lui a1, 419430
x11 <- 0x66666000


mem[X,0x80002DF8] -> 0x8593
mem[X,0x80002DFA] -> 0x6665
[2947] [M]: 0x80002DF8 (0x66658593) addi a1, a1, 1638
x11 <- 0x66666666


mem[X,0x80002DFC] -> 0x2633
mem[X,0x80002DFE] -> 0x02B5
[2948] [M]: 0x80002DFC (0x02B52633) mulhsu a2, a0, a1
x12 <- 0x00004868


mem[X,0x80002E00] -> 0xA423
mem[X,0x80002E02] -> 0x04C6
[2949] [M]: 0x80002E00 (0x04C6A423) sw a2, 72(a3)
mem[0x80005AA0] <- 0x00004868


mem[X,0x80002E04] -> 0xB537
mem[X,0x80002E06] -> 0x0000
[2950] [M]: 0x80002E04 (0x0000B537) lui a0, 11
x10 <- 0x0000B000


mem[X,0x80002E08] -> 0x0513
mem[X,0x80002E0A] -> 0x5055
[2951] [M]: 0x80002E08 (0x50550513) addi a0, a0, 1285
x10 <- 0x0000B505


mem[X,0x80002E0C] -> 0xB5B7
mem[X,0x80002E0E] -> 0x0000
[2952] [M]: 0x80002E0C (0x0000B5B7) lui a1, 11
x11 <- 0x0000B000


mem[X,0x80002E10] -> 0x8593
mem[X,0x80002E12] -> 0x5045
[2953] [M]: 0x80002E10 (0x50458593) addi a1, a1, 1284
x11 <- 0x0000B504


mem[X,0x80002E14] -> 0x2633
mem[X,0x80002E16] -> 0x02B5
[2954] [M]: 0x80002E14 (0x02B52633) mulhsu a2, a0, a1
x12 <- 0x00000000


mem[X,0x80002E18] -> 0xA623
mem[X,0x80002E1A] -> 0x04C6
[2955] [M]: 0x80002E18 (0x04C6A623) sw a2, 76(a3)
mem[0x80005AA4] <- 0x00000000


mem[X,0x80002E1C] -> 0xB537
mem[X,0x80002E1E] -> 0x0000
[2956] [M]: 0x80002E1C (0x0000B537) lui a0, 11
x10 <- 0x0000B000


mem[X,0x80002E20] -> 0x0513
mem[X,0x80002E22] -> 0x5055
[2957] [M]: 0x80002E20 (0x50550513) addi a0, a0, 1285
x10 <- 0x0000B505


mem[X,0x80002E24] -> 0x0593
mem[X,0x80002E26] -> 0x0000
[2958] [M]: 0x80002E24 (0x00000593) addi a1, zero, 0
x11 <- 0x00000000


mem[X,0x80002E28] -> 0x2633
mem[X,0x80002E2A] -> 0x02B5
[2959] [M]: 0x80002E28 (0x02B52633) mulhsu a2, a0, a1
x12 <- 0x00000000


mem[X,0x80002E2C] -> 0xA823
mem[X,0x80002E2E] -> 0x04C6
[2960] [M]: 0x80002E2C (0x04C6A823) sw a2, 80(a3)
mem[0x80005AA8] <- 0x00000000


mem[X,0x80002E30] -> 0xB537
mem[X,0x80002E32] -> 0x0000
[2961] [M]: 0x80002E30 (0x0000B537) lui a0, 11
x10 <- 0x0000B000


mem[X,0x80002E34] -> 0x0513
mem[X,0x80002E36] -> 0x5055
[2962] [M]: 0x80002E34 (0x50550513) addi a0, a0, 1285
x10 <- 0x0000B505


mem[X,0x80002E38] -> 0x05B7
mem[X,0x80002E3A] -> 0x0001
[2963] [M]: 0x80002E38 (0x000105B7) lui a1, 16
x11 <- 0x00010000


mem[X,0x80002E3C] -> 0x8593
mem[X,0x80002E3E] -> 0xFFF5
[2964] [M]: 0x80002E3C (0xFFF58593) addi a1, a1, 4095
x11 <- 0x0000FFFF


mem[X,0x80002E40] -> 0x2633
mem[X,0x80002E42] -> 0x02B5
[2965] [M]: 0x80002E40 (0x02B52633) mulhsu a2, a0, a1
x12 <- 0x00000000


mem[X,0x80002E44] -> 0xAA23
mem[X,0x80002E46] -> 0x04C6
[2966] [M]: 0x80002E44 (0x04C6AA23) sw a2, 84(a3)
mem[0x80005AAC] <- 0x00000000


mem[X,0x80002E48] -> 0xB537
mem[X,0x80002E4A] -> 0x0000
[2967] [M]: 0x80002E48 (0x0000B537) lui a0, 11
x10 <- 0x0000B000


mem[X,0x80002E4C] -> 0x0513
mem[X,0x80002E4E] -> 0x5055
[2968] [M]: 0x80002E4C (0x50550513) addi a0, a0, 1285
x10 <- 0x0000B505


mem[X,0x80002E50] -> 0x0593
mem[X,0x80002E52] -> 0x0020
[2969] [M]: 0x80002E50 (0x00200593) addi a1, zero, 2
x11 <- 0x00000002


mem[X,0x80002E54] -> 0x2633
mem[X,0x80002E56] -> 0x02B5
[2970] [M]: 0x80002E54 (0x02B52633) mulhsu a2, a0, a1
x12 <- 0x00000000


mem[X,0x80002E58] -> 0xAC23
mem[X,0x80002E5A] -> 0x04C6
[2971] [M]: 0x80002E58 (0x04C6AC23) sw a2, 88(a3)
mem[0x80005AB0] <- 0x00000000


mem[X,0x80002E5C] -> 0xB537
mem[X,0x80002E5E] -> 0x0000
[2972] [M]: 0x80002E5C (0x0000B537) lui a0, 11
x10 <- 0x0000B000


mem[X,0x80002E60] -> 0x0513
mem[X,0x80002E62] -> 0x5055
[2973] [M]: 0x80002E60 (0x50550513) addi a0, a0, 1285
x10 <- 0x0000B505


mem[X,0x80002E64] -> 0x55B7
mem[X,0x80002E66] -> 0x5555
[2974] [M]: 0x80002E64 (0x555555B7) lui a1, 349525
x11 <- 0x55555000


mem[X,0x80002E68] -> 0x8593
mem[X,0x80002E6A] -> 0x5545
[2975] [M]: 0x80002E68 (0x55458593) addi a1, a1, 1364
x11 <- 0x55555554


mem[X,0x80002E6C] -> 0x2633
mem[X,0x80002E6E] -> 0x02B5
[2976] [M]: 0x80002E6C (0x02B52633) mulhsu a2, a0, a1
x12 <- 0x00003C56


mem[X,0x80002E70] -> 0xAE23
mem[X,0x80002E72] -> 0x04C6
[2977] [M]: 0x80002E70 (0x04C6AE23) sw a2, 92(a3)
mem[0x80005AB4] <- 0x00003C56


mem[X,0x80002E74] -> 0xB537
mem[X,0x80002E76] -> 0x0000
[2978] [M]: 0x80002E74 (0x0000B537) lui a0, 11
x10 <- 0x0000B000


mem[X,0x80002E78] -> 0x0513
mem[X,0x80002E7A] -> 0x5055
[2979] [M]: 0x80002E78 (0x50550513) addi a0, a0, 1285
x10 <- 0x0000B505


mem[X,0x80002E7C] -> 0xB5B7
mem[X,0x80002E7E] -> 0xAAAA
[2980] [M]: 0x80002E7C (0xAAAAB5B7) lui a1, 699051
x11 <- 0xAAAAB000


mem[X,0x80002E80] -> 0x8593
mem[X,0x80002E82] -> 0xAA95
[2981] [M]: 0x80002E80 (0xAA958593) addi a1, a1, 2729
x11 <- 0xAAAAAAA9


mem[X,0x80002E84] -> 0x2633
mem[X,0x80002E86] -> 0x02B5
[2982] [M]: 0x80002E84 (0x02B52633) mulhsu a2, a0, a1
x12 <- 0x000078AD


mem[X,0x80002E88] -> 0xA023
mem[X,0x80002E8A] -> 0x06C6
[2983] [M]: 0x80002E88 (0x06C6A023) sw a2, 96(a3)
mem[0x80005AB8] <- 0x000078AD


mem[X,0x80002E8C] -> 0xB537
mem[X,0x80002E8E] -> 0x0000
[2984] [M]: 0x80002E8C (0x0000B537) lui a0, 11
x10 <- 0x0000B000


mem[X,0x80002E90] -> 0x0513
mem[X,0x80002E92] -> 0x5055
[2985] [M]: 0x80002E90 (0x50550513) addi a0, a0, 1285
x10 <- 0x0000B505


mem[X,0x80002E94] -> 0x0593
mem[X,0x80002E96] -> 0x0040
[2986] [M]: 0x80002E94 (0x00400593) addi a1, zero, 4
x11 <- 0x00000004


mem[X,0x80002E98] -> 0x2633
mem[X,0x80002E9A] -> 0x02B5
[2987] [M]: 0x80002E98 (0x02B52633) mulhsu a2, a0, a1
x12 <- 0x00000000


mem[X,0x80002E9C] -> 0xA223
mem[X,0x80002E9E] -> 0x06C6
[2988] [M]: 0x80002E9C (0x06C6A223) sw a2, 100(a3)
mem[0x80005ABC] <- 0x00000000


mem[X,0x80002EA0] -> 0xB537
mem[X,0x80002EA2] -> 0x0000
[2989] [M]: 0x80002EA0 (0x0000B537) lui a0, 11
x10 <- 0x0000B000


mem[X,0x80002EA4] -> 0x0513
mem[X,0x80002EA6] -> 0x5055
[2990] [M]: 0x80002EA4 (0x50550513) addi a0, a0, 1285
x10 <- 0x0000B505


mem[X,0x80002EA8] -> 0x35B7
mem[X,0x80002EAA] -> 0x3333
[2991] [M]: 0x80002EA8 (0x333335B7) lui a1, 209715
x11 <- 0x33333000


mem[X,0x80002EAC] -> 0x8593
mem[X,0x80002EAE] -> 0x3325
[2992] [M]: 0x80002EAC (0x33258593) addi a1, a1, 818
x11 <- 0x33333332


mem[X,0x80002EB0] -> 0x2633
mem[X,0x80002EB2] -> 0x02B5
[2993] [M]: 0x80002EB0 (0x02B52633) mulhsu a2, a0, a1
x12 <- 0x00002434


mem[X,0x80002EB4] -> 0xA423
mem[X,0x80002EB6] -> 0x06C6
[2994] [M]: 0x80002EB4 (0x06C6A423) sw a2, 104(a3)
mem[0x80005AC0] <- 0x00002434


mem[X,0x80002EB8] -> 0xB537
mem[X,0x80002EBA] -> 0x0000
[2995] [M]: 0x80002EB8 (0x0000B537) lui a0, 11
x10 <- 0x0000B000


mem[X,0x80002EBC] -> 0x0513
mem[X,0x80002EBE] -> 0x5055
[2996] [M]: 0x80002EBC (0x50550513) addi a0, a0, 1285
x10 <- 0x0000B505


mem[X,0x80002EC0] -> 0x65B7
mem[X,0x80002EC2] -> 0x6666
[2997] [M]: 0x80002EC0 (0x666665B7) lui a1, 419430
x11 <- 0x66666000


mem[X,0x80002EC4] -> 0x8593
mem[X,0x80002EC6] -> 0x6655
[2998] [M]: 0x80002EC4 (0x66558593) addi a1, a1, 1637
x11 <- 0x66666665


mem[X,0x80002EC8] -> 0x2633
mem[X,0x80002ECA] -> 0x02B5
[2999] [M]: 0x80002EC8 (0x02B52633) mulhsu a2, a0, a1
x12 <- 0x00004868


clint::tick mtime <- 0x000000000000001E
 clint timer pending at mtime 0x000000000000001E
htif::tick 0x0000000000000000
mem[X,0x80002ECC] -> 0xA623
mem[X,0x80002ECE] -> 0x06C6
[3000] [M]: 0x80002ECC (0x06C6A623) sw a2, 108(a3)
mem[0x80005AC4] <- 0x00004868


mem[X,0x80002ED0] -> 0xB537
mem[X,0x80002ED2] -> 0x0000
[3001] [M]: 0x80002ED0 (0x0000B537) lui a0, 11
x10 <- 0x0000B000


mem[X,0x80002ED4] -> 0x0513
mem[X,0x80002ED6] -> 0x5055
[3002] [M]: 0x80002ED4 (0x50550513) addi a0, a0, 1285
x10 <- 0x0000B505


mem[X,0x80002ED8] -> 0xB5B7
mem[X,0x80002EDA] -> 0x0000
[3003] [M]: 0x80002ED8 (0x0000B5B7) lui a1, 11
x11 <- 0x0000B000


mem[X,0x80002EDC] -> 0x8593
mem[X,0x80002EDE] -> 0x5035
[3004] [M]: 0x80002EDC (0x50358593) addi a1, a1, 1283
x11 <- 0x0000B503


mem[X,0x80002EE0] -> 0x2633
mem[X,0x80002EE2] -> 0x02B5
[3005] [M]: 0x80002EE0 (0x02B52633) mulhsu a2, a0, a1
x12 <- 0x00000000


mem[X,0x80002EE4] -> 0xA823
mem[X,0x80002EE6] -> 0x06C6
[3006] [M]: 0x80002EE4 (0x06C6A823) sw a2, 112(a3)
mem[0x80005AC8] <- 0x00000000


mem[X,0x80002EE8] -> 0xB537
mem[X,0x80002EEA] -> 0x0000
[3007] [M]: 0x80002EE8 (0x0000B537) lui a0, 11
x10 <- 0x0000B000


mem[X,0x80002EEC] -> 0x0513
mem[X,0x80002EEE] -> 0x5055
[3008] [M]: 0x80002EEC (0x50550513) addi a0, a0, 1285
x10 <- 0x0000B505


mem[X,0x80002EF0] -> 0x05B7
mem[X,0x80002EF2] -> 0x0001
[3009] [M]: 0x80002EF0 (0x000105B7) lui a1, 16
x11 <- 0x00010000


mem[X,0x80002EF4] -> 0x8593
mem[X,0x80002EF6] -> 0xFFE5
[3010] [M]: 0x80002EF4 (0xFFE58593) addi a1, a1, 4094
x11 <- 0x0000FFFE


mem[X,0x80002EF8] -> 0x2633
mem[X,0x80002EFA] -> 0x02B5
[3011] [M]: 0x80002EF8 (0x02B52633) mulhsu a2, a0, a1
x12 <- 0x00000000


mem[X,0x80002EFC] -> 0xAA23
mem[X,0x80002EFE] -> 0x06C6
[3012] [M]: 0x80002EFC (0x06C6AA23) sw a2, 116(a3)
mem[0x80005ACC] <- 0x00000000


mem[X,0x80002F00] -> 0xB537
mem[X,0x80002F02] -> 0x0000
[3013] [M]: 0x80002F00 (0x0000B537) lui a0, 11
x10 <- 0x0000B000


mem[X,0x80002F04] -> 0x0513
mem[X,0x80002F06] -> 0x5055
[3014] [M]: 0x80002F04 (0x50550513) addi a0, a0, 1285
x10 <- 0x0000B505


mem[X,0x80002F08] -> 0x55B7
mem[X,0x80002F0A] -> 0x5555
[3015] [M]: 0x80002F08 (0x555555B7) lui a1, 349525
x11 <- 0x55555000


mem[X,0x80002F0C] -> 0x8593
mem[X,0x80002F0E] -> 0x5565
[3016] [M]: 0x80002F0C (0x55658593) addi a1, a1, 1366
x11 <- 0x55555556


mem[X,0x80002F10] -> 0x2633
mem[X,0x80002F12] -> 0x02B5
[3017] [M]: 0x80002F10 (0x02B52633) mulhsu a2, a0, a1
x12 <- 0x00003C57


mem[X,0x80002F14] -> 0xAC23
mem[X,0x80002F16] -> 0x06C6
[3018] [M]: 0x80002F14 (0x06C6AC23) sw a2, 120(a3)
mem[0x80005AD0] <- 0x00003C57


mem[X,0x80002F18] -> 0xB537
mem[X,0x80002F1A] -> 0x0000
[3019] [M]: 0x80002F18 (0x0000B537) lui a0, 11
x10 <- 0x0000B000


mem[X,0x80002F1C] -> 0x0513
mem[X,0x80002F1E] -> 0x5055
[3020] [M]: 0x80002F1C (0x50550513) addi a0, a0, 1285
x10 <- 0x0000B505


mem[X,0x80002F20] -> 0xB5B7
mem[X,0x80002F22] -> 0xAAAA
[3021] [M]: 0x80002F20 (0xAAAAB5B7) lui a1, 699051
x11 <- 0xAAAAB000


mem[X,0x80002F24] -> 0x8593
mem[X,0x80002F26] -> 0xAAB5
[3022] [M]: 0x80002F24 (0xAAB58593) addi a1, a1, 2731
x11 <- 0xAAAAAAAB


mem[X,0x80002F28] -> 0x2633
mem[X,0x80002F2A] -> 0x02B5
[3023] [M]: 0x80002F28 (0x02B52633) mulhsu a2, a0, a1
x12 <- 0x000078AE


mem[X,0x80002F2C] -> 0xAE23
mem[X,0x80002F2E] -> 0x06C6
[3024] [M]: 0x80002F2C (0x06C6AE23) sw a2, 124(a3)
mem[0x80005AD4] <- 0x000078AE


mem[X,0x80002F30] -> 0xB537
mem[X,0x80002F32] -> 0x0000
[3025] [M]: 0x80002F30 (0x0000B537) lui a0, 11
x10 <- 0x0000B000


mem[X,0x80002F34] -> 0x0513
mem[X,0x80002F36] -> 0x5055
[3026] [M]: 0x80002F34 (0x50550513) addi a0, a0, 1285
x10 <- 0x0000B505


mem[X,0x80002F38] -> 0x0593
mem[X,0x80002F3A] -> 0x0060
[3027] [M]: 0x80002F38 (0x00600593) addi a1, zero, 6
x11 <- 0x00000006


mem[X,0x80002F3C] -> 0x2633
mem[X,0x80002F3E] -> 0x02B5
[3028] [M]: 0x80002F3C (0x02B52633) mulhsu a2, a0, a1
x12 <- 0x00000000


mem[X,0x80002F40] -> 0xA023
mem[X,0x80002F42] -> 0x08C6
[3029] [M]: 0x80002F40 (0x08C6A023) sw a2, 128(a3)
mem[0x80005AD8] <- 0x00000000


mem[X,0x80002F44] -> 0xB537
mem[X,0x80002F46] -> 0x0000
[3030] [M]: 0x80002F44 (0x0000B537) lui a0, 11
x10 <- 0x0000B000


mem[X,0x80002F48] -> 0x0513
mem[X,0x80002F4A] -> 0x5055
[3031] [M]: 0x80002F48 (0x50550513) addi a0, a0, 1285
x10 <- 0x0000B505


mem[X,0x80002F4C] -> 0x35B7
mem[X,0x80002F4E] -> 0x3333
[3032] [M]: 0x80002F4C (0x333335B7) lui a1, 209715
x11 <- 0x33333000


mem[X,0x80002F50] -> 0x8593
mem[X,0x80002F52] -> 0x3345
[3033] [M]: 0x80002F50 (0x33458593) addi a1, a1, 820
x11 <- 0x33333334


mem[X,0x80002F54] -> 0x2633
mem[X,0x80002F56] -> 0x02B5
[3034] [M]: 0x80002F54 (0x02B52633) mulhsu a2, a0, a1
x12 <- 0x00002434


mem[X,0x80002F58] -> 0xA223
mem[X,0x80002F5A] -> 0x08C6
[3035] [M]: 0x80002F58 (0x08C6A223) sw a2, 132(a3)
mem[0x80005ADC] <- 0x00002434


mem[X,0x80002F5C] -> 0xB537
mem[X,0x80002F5E] -> 0x0000
[3036] [M]: 0x80002F5C (0x0000B537) lui a0, 11
x10 <- 0x0000B000


mem[X,0x80002F60] -> 0x0513
mem[X,0x80002F62] -> 0x5055
[3037] [M]: 0x80002F60 (0x50550513) addi a0, a0, 1285
x10 <- 0x0000B505


mem[X,0x80002F64] -> 0x65B7
mem[X,0x80002F66] -> 0x6666
[3038] [M]: 0x80002F64 (0x666665B7) lui a1, 419430
x11 <- 0x66666000


mem[X,0x80002F68] -> 0x8593
mem[X,0x80002F6A] -> 0x6675
[3039] [M]: 0x80002F68 (0x66758593) addi a1, a1, 1639
x11 <- 0x66666667


mem[X,0x80002F6C] -> 0x2633
mem[X,0x80002F6E] -> 0x02B5
[3040] [M]: 0x80002F6C (0x02B52633) mulhsu a2, a0, a1
x12 <- 0x00004868


mem[X,0x80002F70] -> 0xA423
mem[X,0x80002F72] -> 0x08C6
[3041] [M]: 0x80002F70 (0x08C6A423) sw a2, 136(a3)
mem[0x80005AE0] <- 0x00004868


mem[X,0x80002F74] -> 0xB537
mem[X,0x80002F76] -> 0x0000
[3042] [M]: 0x80002F74 (0x0000B537) lui a0, 11
x10 <- 0x0000B000


mem[X,0x80002F78] -> 0x0513
mem[X,0x80002F7A] -> 0x5055
[3043] [M]: 0x80002F78 (0x50550513) addi a0, a0, 1285
x10 <- 0x0000B505


mem[X,0x80002F7C] -> 0xB5B7
mem[X,0x80002F7E] -> 0x0000
[3044] [M]: 0x80002F7C (0x0000B5B7) lui a1, 11
x11 <- 0x0000B000


mem[X,0x80002F80] -> 0x8593
mem[X,0x80002F82] -> 0x5055
[3045] [M]: 0x80002F80 (0x50558593) addi a1, a1, 1285
x11 <- 0x0000B505


mem[X,0x80002F84] -> 0x2633
mem[X,0x80002F86] -> 0x02B5
[3046] [M]: 0x80002F84 (0x02B52633) mulhsu a2, a0, a1
x12 <- 0x00000000


mem[X,0x80002F88] -> 0xA623
mem[X,0x80002F8A] -> 0x08C6
[3047] [M]: 0x80002F88 (0x08C6A623) sw a2, 140(a3)
mem[0x80005AE4] <- 0x00000000


mem[X,0x80002F8C] -> 0xB537
mem[X,0x80002F8E] -> 0x0000
[3048] [M]: 0x80002F8C (0x0000B537) lui a0, 11
x10 <- 0x0000B000


mem[X,0x80002F90] -> 0x0513
mem[X,0x80002F92] -> 0x5055
[3049] [M]: 0x80002F90 (0x50550513) addi a0, a0, 1285
x10 <- 0x0000B505


mem[X,0x80002F94] -> 0x0593
mem[X,0x80002F96] -> 0x0010
[3050] [M]: 0x80002F94 (0x00100593) addi a1, zero, 1
x11 <- 0x00000001


mem[X,0x80002F98] -> 0x2633
mem[X,0x80002F9A] -> 0x02B5
[3051] [M]: 0x80002F98 (0x02B52633) mulhsu a2, a0, a1
x12 <- 0x00000000


mem[X,0x80002F9C] -> 0xA823
mem[X,0x80002F9E] -> 0x08C6
[3052] [M]: 0x80002F9C (0x08C6A823) sw a2, 144(a3)
mem[0x80005AE8] <- 0x00000000


mem[X,0x80002FA0] -> 0x0513
mem[X,0x80002FA2] -> 0x0040
[3053] [M]: 0x80002FA0 (0x00400513) addi a0, zero, 4
x10 <- 0x00000004


mem[X,0x80002FA4] -> 0x55B7
mem[X,0x80002FA6] -> 0x5555
[3054] [M]: 0x80002FA4 (0x555555B7) lui a1, 349525
x11 <- 0x55555000


mem[X,0x80002FA8] -> 0x8593
mem[X,0x80002FAA] -> 0x5565
[3055] [M]: 0x80002FA8 (0x55658593) addi a1, a1, 1366
x11 <- 0x55555556


mem[X,0x80002FAC] -> 0x2633
mem[X,0x80002FAE] -> 0x02B5
[3056] [M]: 0x80002FAC (0x02B52633) mulhsu a2, a0, a1
x12 <- 0x00000001


mem[X,0x80002FB0] -> 0xAA23
mem[X,0x80002FB2] -> 0x08C6
[3057] [M]: 0x80002FB0 (0x08C6AA23) sw a2, 148(a3)
mem[0x80005AEC] <- 0x00000001


mem[X,0x80002FB4] -> 0xB537
mem[X,0x80002FB6] -> 0x0000
[3058] [M]: 0x80002FB4 (0x0000B537) lui a0, 11
x10 <- 0x0000B000


mem[X,0x80002FB8] -> 0x0513
mem[X,0x80002FBA] -> 0x5055
[3059] [M]: 0x80002FB8 (0x50550513) addi a0, a0, 1285
x10 <- 0x0000B505


mem[X,0x80002FBC] -> 0x05B7
mem[X,0x80002FBE] -> 0x0001
[3060] [M]: 0x80002FBC (0x000105B7) lui a1, 16
x11 <- 0x00010000


mem[X,0x80002FC0] -> 0x2633
mem[X,0x80002FC2] -> 0x02B5
[3061] [M]: 0x80002FC0 (0x02B52633) mulhsu a2, a0, a1
x12 <- 0x00000000


mem[X,0x80002FC4] -> 0xAC23
mem[X,0x80002FC6] -> 0x08C6
[3062] [M]: 0x80002FC4 (0x08C6AC23) sw a2, 152(a3)
mem[0x80005AF0] <- 0x00000000


mem[X,0x80002FC8] -> 0x0513
mem[X,0x80002FCA] -> 0x0040
[3063] [M]: 0x80002FC8 (0x00400513) addi a0, zero, 4
x10 <- 0x00000004


mem[X,0x80002FCC] -> 0xB5B7
mem[X,0x80002FCE] -> 0xAAAA
[3064] [M]: 0x80002FCC (0xAAAAB5B7) lui a1, 699051
x11 <- 0xAAAAB000


mem[X,0x80002FD0] -> 0x8593
mem[X,0x80002FD2] -> 0xAAB5
[3065] [M]: 0x80002FD0 (0xAAB58593) addi a1, a1, 2731
x11 <- 0xAAAAAAAB


mem[X,0x80002FD4] -> 0x2633
mem[X,0x80002FD6] -> 0x02B5
[3066] [M]: 0x80002FD4 (0x02B52633) mulhsu a2, a0, a1
x12 <- 0x00000002


mem[X,0x80002FD8] -> 0xAE23
mem[X,0x80002FDA] -> 0x08C6
[3067] [M]: 0x80002FD8 (0x08C6AE23) sw a2, 156(a3)
mem[0x80005AF4] <- 0x00000002


mem[X,0x80002FDC] -> 0x0513
mem[X,0x80002FDE] -> 0x0040
[3068] [M]: 0x80002FDC (0x00400513) addi a0, zero, 4
x10 <- 0x00000004


mem[X,0x80002FE0] -> 0x0593
mem[X,0x80002FE2] -> 0x0060
[3069] [M]: 0x80002FE0 (0x00600593) addi a1, zero, 6
x11 <- 0x00000006


mem[X,0x80002FE4] -> 0x2633
mem[X,0x80002FE6] -> 0x02B5
[3070] [M]: 0x80002FE4 (0x02B52633) mulhsu a2, a0, a1
x12 <- 0x00000000


mem[X,0x80002FE8] -> 0xA023
mem[X,0x80002FEA] -> 0x0AC6
[3071] [M]: 0x80002FE8 (0x0AC6A023) sw a2, 160(a3)
mem[0x80005AF8] <- 0x00000000


mem[X,0x80002FEC] -> 0x0513
mem[X,0x80002FEE] -> 0x0040
[3072] [M]: 0x80002FEC (0x00400513) addi a0, zero, 4
x10 <- 0x00000004


mem[X,0x80002FF0] -> 0x35B7
mem[X,0x80002FF2] -> 0x3333
[3073] [M]: 0x80002FF0 (0x333335B7) lui a1, 209715
x11 <- 0x33333000


mem[X,0x80002FF4] -> 0x8593
mem[X,0x80002FF6] -> 0x3345
[3074] [M]: 0x80002FF4 (0x33458593) addi a1, a1, 820
x11 <- 0x33333334


mem[X,0x80002FF8] -> 0x2633
mem[X,0x80002FFA] -> 0x02B5
[3075] [M]: 0x80002FF8 (0x02B52633) mulhsu a2, a0, a1
x12 <- 0x00000000


mem[X,0x80002FFC] -> 0xA223
mem[X,0x80002FFE] -> 0x0AC6
[3076] [M]: 0x80002FFC (0x0AC6A223) sw a2, 164(a3)
mem[0x80005AFC] <- 0x00000000


mem[X,0x80003000] -> 0x0513
mem[X,0x80003002] -> 0x0040
[3077] [M]: 0x80003000 (0x00400513) addi a0, zero, 4
x10 <- 0x00000004


mem[X,0x80003004] -> 0x65B7
mem[X,0x80003006] -> 0x6666
[3078] [M]: 0x80003004 (0x666665B7) lui a1, 419430
x11 <- 0x66666000


mem[X,0x80003008] -> 0x8593
mem[X,0x8000300A] -> 0x6675
[3079] [M]: 0x80003008 (0x66758593) addi a1, a1, 1639
x11 <- 0x66666667


mem[X,0x8000300C] -> 0x2633
mem[X,0x8000300E] -> 0x02B5
[3080] [M]: 0x8000300C (0x02B52633) mulhsu a2, a0, a1
x12 <- 0x00000001


mem[X,0x80003010] -> 0xA423
mem[X,0x80003012] -> 0x0AC6
[3081] [M]: 0x80003010 (0x0AC6A423) sw a2, 168(a3)
mem[0x80005B00] <- 0x00000001


mem[X,0x80003014] -> 0x0513
mem[X,0x80003016] -> 0x0040
[3082] [M]: 0x80003014 (0x00400513) addi a0, zero, 4
x10 <- 0x00000004


mem[X,0x80003018] -> 0xB5B7
mem[X,0x8000301A] -> 0x0000
[3083] [M]: 0x80003018 (0x0000B5B7) lui a1, 11
x11 <- 0x0000B000


mem[X,0x8000301C] -> 0x8593
mem[X,0x8000301E] -> 0x5055
[3084] [M]: 0x8000301C (0x50558593) addi a1, a1, 1285
x11 <- 0x0000B505


mem[X,0x80003020] -> 0x2633
mem[X,0x80003022] -> 0x02B5
[3085] [M]: 0x80003020 (0x02B52633) mulhsu a2, a0, a1
x12 <- 0x00000000


mem[X,0x80003024] -> 0xA623
mem[X,0x80003026] -> 0x0AC6
[3086] [M]: 0x80003024 (0x0AC6A623) sw a2, 172(a3)
mem[0x80005B04] <- 0x00000000


mem[X,0x80003028] -> 0x0513
mem[X,0x8000302A] -> 0x0040
[3087] [M]: 0x80003028 (0x00400513) addi a0, zero, 4
x10 <- 0x00000004


mem[X,0x8000302C] -> 0x0593
mem[X,0x8000302E] -> 0x0010
[3088] [M]: 0x8000302C (0x00100593) addi a1, zero, 1
x11 <- 0x00000001


mem[X,0x80003030] -> 0x2633
mem[X,0x80003032] -> 0x02B5
[3089] [M]: 0x80003030 (0x02B52633) mulhsu a2, a0, a1
x12 <- 0x00000000


mem[X,0x80003034] -> 0xA823
mem[X,0x80003036] -> 0x0AC6
[3090] [M]: 0x80003034 (0x0AC6A823) sw a2, 176(a3)
mem[0x80005B08] <- 0x00000000


mem[X,0x80003038] -> 0x0513
mem[X,0x8000303A] -> 0x0040
[3091] [M]: 0x80003038 (0x00400513) addi a0, zero, 4
x10 <- 0x00000004


mem[X,0x8000303C] -> 0x05B7
mem[X,0x8000303E] -> 0x0001
[3092] [M]: 0x8000303C (0x000105B7) lui a1, 16
x11 <- 0x00010000


mem[X,0x80003040] -> 0x2633
mem[X,0x80003042] -> 0x02B5
[3093] [M]: 0x80003040 (0x02B52633) mulhsu a2, a0, a1
x12 <- 0x00000000


mem[X,0x80003044] -> 0xAA23
mem[X,0x80003046] -> 0x0AC6
[3094] [M]: 0x80003044 (0x0AC6AA23) sw a2, 180(a3)
mem[0x80005B0C] <- 0x00000000


mem[X,0x80003048] -> 0x3537
mem[X,0x8000304A] -> 0x3333
[3095] [M]: 0x80003048 (0x33333537) lui a0, 209715
x10 <- 0x33333000


mem[X,0x8000304C] -> 0x0513
mem[X,0x8000304E] -> 0x3325
[3096] [M]: 0x8000304C (0x33250513) addi a0, a0, 818
x10 <- 0x33333332


mem[X,0x80003050] -> 0x0593
mem[X,0x80003052] -> 0x0030
[3097] [M]: 0x80003050 (0x00300593) addi a1, zero, 3
x11 <- 0x00000003


mem[X,0x80003054] -> 0x2633
mem[X,0x80003056] -> 0x02B5
[3098] [M]: 0x80003054 (0x02B52633) mulhsu a2, a0, a1
x12 <- 0x00000000


mem[X,0x80003058] -> 0xAC23
mem[X,0x8000305A] -> 0x0AC6
[3099] [M]: 0x80003058 (0x0AC6AC23) sw a2, 184(a3)
mem[0x80005B10] <- 0x00000000


clint::tick mtime <- 0x000000000000001F
 clint timer pending at mtime 0x000000000000001F
htif::tick 0x0000000000000000
mem[X,0x8000305C] -> 0x3537
mem[X,0x8000305E] -> 0x3333
[3100] [M]: 0x8000305C (0x33333537) lui a0, 209715
x10 <- 0x33333000


mem[X,0x80003060] -> 0x0513
mem[X,0x80003062] -> 0x3325
[3101] [M]: 0x80003060 (0x33250513) addi a0, a0, 818
x10 <- 0x33333332


mem[X,0x80003064] -> 0x55B7
mem[X,0x80003066] -> 0x5555
[3102] [M]: 0x80003064 (0x555555B7) lui a1, 349525
x11 <- 0x55555000


mem[X,0x80003068] -> 0x8593
mem[X,0x8000306A] -> 0x5555
[3103] [M]: 0x80003068 (0x55558593) addi a1, a1, 1365
x11 <- 0x55555555


mem[X,0x8000306C] -> 0x2633
mem[X,0x8000306E] -> 0x02B5
[3104] [M]: 0x8000306C (0x02B52633) mulhsu a2, a0, a1
x12 <- 0x11111110


mem[X,0x80003070] -> 0xAE23
mem[X,0x80003072] -> 0x0AC6
[3105] [M]: 0x80003070 (0x0AC6AE23) sw a2, 188(a3)
mem[0x80005B14] <- 0x11111110


mem[X,0x80003074] -> 0x3537
mem[X,0x80003076] -> 0x3333
[3106] [M]: 0x80003074 (0x33333537) lui a0, 209715
x10 <- 0x33333000


mem[X,0x80003078] -> 0x0513
mem[X,0x8000307A] -> 0x3325
[3107] [M]: 0x80003078 (0x33250513) addi a0, a0, 818
x10 <- 0x33333332


mem[X,0x8000307C] -> 0xB5B7
mem[X,0x8000307E] -> 0xAAAA
[3108] [M]: 0x8000307C (0xAAAAB5B7) lui a1, 699051
x11 <- 0xAAAAB000


mem[X,0x80003080] -> 0x8593
mem[X,0x80003082] -> 0xAAA5
[3109] [M]: 0x80003080 (0xAAA58593) addi a1, a1, 2730
x11 <- 0xAAAAAAAA


mem[X,0x80003084] -> 0x2633
mem[X,0x80003086] -> 0x02B5
[3110] [M]: 0x80003084 (0x02B52633) mulhsu a2, a0, a1
x12 <- 0x22222221


mem[X,0x80003088] -> 0xA023
mem[X,0x8000308A] -> 0x0CC6
[3111] [M]: 0x80003088 (0x0CC6A023) sw a2, 192(a3)
mem[0x80005B18] <- 0x22222221


mem[X,0x8000308C] -> 0x3537
mem[X,0x8000308E] -> 0x3333
[3112] [M]: 0x8000308C (0x33333537) lui a0, 209715
x10 <- 0x33333000


mem[X,0x80003090] -> 0x0513
mem[X,0x80003092] -> 0x3325
[3113] [M]: 0x80003090 (0x33250513) addi a0, a0, 818
x10 <- 0x33333332


mem[X,0x80003094] -> 0x0593
mem[X,0x80003096] -> 0x0050
[3114] [M]: 0x80003094 (0x00500593) addi a1, zero, 5
x11 <- 0x00000005


mem[X,0x80003098] -> 0x2633
mem[X,0x8000309A] -> 0x02B5
[3115] [M]: 0x80003098 (0x02B52633) mulhsu a2, a0, a1
x12 <- 0x00000000


mem[X,0x8000309C] -> 0xA223
mem[X,0x8000309E] -> 0x0CC6
[3116] [M]: 0x8000309C (0x0CC6A223) sw a2, 196(a3)
mem[0x80005B1C] <- 0x00000000


mem[X,0x800030A0] -> 0x3537
mem[X,0x800030A2] -> 0x3333
[3117] [M]: 0x800030A0 (0x33333537) lui a0, 209715
x10 <- 0x33333000


mem[X,0x800030A4] -> 0x0513
mem[X,0x800030A6] -> 0x3325
[3118] [M]: 0x800030A4 (0x33250513) addi a0, a0, 818
x10 <- 0x33333332


mem[X,0x800030A8] -> 0x35B7
mem[X,0x800030AA] -> 0x3333
[3119] [M]: 0x800030A8 (0x333335B7) lui a1, 209715
x11 <- 0x33333000


mem[X,0x800030AC] -> 0x8593
mem[X,0x800030AE] -> 0x3335
[3120] [M]: 0x800030AC (0x33358593) addi a1, a1, 819
x11 <- 0x33333333


mem[X,0x800030B0] -> 0x2633
mem[X,0x800030B2] -> 0x02B5
[3121] [M]: 0x800030B0 (0x02B52633) mulhsu a2, a0, a1
x12 <- 0x0A3D70A3


mem[X,0x800030B4] -> 0xA423
mem[X,0x800030B6] -> 0x0CC6
[3122] [M]: 0x800030B4 (0x0CC6A423) sw a2, 200(a3)
mem[0x80005B20] <- 0x0A3D70A3


mem[X,0x800030B8] -> 0x3537
mem[X,0x800030BA] -> 0x3333
[3123] [M]: 0x800030B8 (0x33333537) lui a0, 209715
x10 <- 0x33333000


mem[X,0x800030BC] -> 0x0513
mem[X,0x800030BE] -> 0x3325
[3124] [M]: 0x800030BC (0x33250513) addi a0, a0, 818
x10 <- 0x33333332


mem[X,0x800030C0] -> 0x65B7
mem[X,0x800030C2] -> 0x6666
[3125] [M]: 0x800030C0 (0x666665B7) lui a1, 419430
x11 <- 0x66666000


mem[X,0x800030C4] -> 0x8593
mem[X,0x800030C6] -> 0x6665
[3126] [M]: 0x800030C4 (0x66658593) addi a1, a1, 1638
x11 <- 0x66666666


mem[X,0x800030C8] -> 0x2633
mem[X,0x800030CA] -> 0x02B5
[3127] [M]: 0x800030C8 (0x02B52633) mulhsu a2, a0, a1
x12 <- 0x147AE147


mem[X,0x800030CC] -> 0xA623
mem[X,0x800030CE] -> 0x0CC6
[3128] [M]: 0x800030CC (0x0CC6A623) sw a2, 204(a3)
mem[0x80005B24] <- 0x147AE147


mem[X,0x800030D0] -> 0x3537
mem[X,0x800030D2] -> 0x3333
[3129] [M]: 0x800030D0 (0x33333537) lui a0, 209715
x10 <- 0x33333000


mem[X,0x800030D4] -> 0x0513
mem[X,0x800030D6] -> 0x3325
[3130] [M]: 0x800030D4 (0x33250513) addi a0, a0, 818
x10 <- 0x33333332


mem[X,0x800030D8] -> 0xB5B7
mem[X,0x800030DA] -> 0x0000
[3131] [M]: 0x800030D8 (0x0000B5B7) lui a1, 11
x11 <- 0x0000B000


mem[X,0x800030DC] -> 0x8593
mem[X,0x800030DE] -> 0x5045
[3132] [M]: 0x800030DC (0x50458593) addi a1, a1, 1284
x11 <- 0x0000B504


mem[X,0x800030E0] -> 0x2633
mem[X,0x800030E2] -> 0x02B5
[3133] [M]: 0x800030E0 (0x02B52633) mulhsu a2, a0, a1
x12 <- 0x00002433


mem[X,0x800030E4] -> 0xA823
mem[X,0x800030E6] -> 0x0CC6
[3134] [M]: 0x800030E4 (0x0CC6A823) sw a2, 208(a3)
mem[0x80005B28] <- 0x00002433


mem[X,0x800030E8] -> 0x3537
mem[X,0x800030EA] -> 0x3333
[3135] [M]: 0x800030E8 (0x33333537) lui a0, 209715
x10 <- 0x33333000


mem[X,0x800030EC] -> 0x0513
mem[X,0x800030EE] -> 0x3325
[3136] [M]: 0x800030EC (0x33250513) addi a0, a0, 818
x10 <- 0x33333332


mem[X,0x800030F0] -> 0x0593
mem[X,0x800030F2] -> 0x0000
[3137] [M]: 0x800030F0 (0x00000593) addi a1, zero, 0
x11 <- 0x00000000


mem[X,0x800030F4] -> 0x2633
mem[X,0x800030F6] -> 0x02B5
[3138] [M]: 0x800030F4 (0x02B52633) mulhsu a2, a0, a1
x12 <- 0x00000000


mem[X,0x800030F8] -> 0xAA23
mem[X,0x800030FA] -> 0x0CC6
[3139] [M]: 0x800030F8 (0x0CC6AA23) sw a2, 212(a3)
mem[0x80005B2C] <- 0x00000000


mem[X,0x800030FC] -> 0x3537
mem[X,0x800030FE] -> 0x3333
[3140] [M]: 0x800030FC (0x33333537) lui a0, 209715
x10 <- 0x33333000


mem[X,0x80003100] -> 0x0513
mem[X,0x80003102] -> 0x3325
[3141] [M]: 0x80003100 (0x33250513) addi a0, a0, 818
x10 <- 0x33333332


mem[X,0x80003104] -> 0x05B7
mem[X,0x80003106] -> 0x0001
[3142] [M]: 0x80003104 (0x000105B7) lui a1, 16
x11 <- 0x00010000


mem[X,0x80003108] -> 0x8593
mem[X,0x8000310A] -> 0xFFF5
[3143] [M]: 0x80003108 (0xFFF58593) addi a1, a1, 4095
x11 <- 0x0000FFFF


mem[X,0x8000310C] -> 0x2633
mem[X,0x8000310E] -> 0x02B5
[3144] [M]: 0x8000310C (0x02B52633) mulhsu a2, a0, a1
x12 <- 0x00003332


mem[X,0x80003110] -> 0xAC23
mem[X,0x80003112] -> 0x0CC6
[3145] [M]: 0x80003110 (0x0CC6AC23) sw a2, 216(a3)
mem[0x80005B30] <- 0x00003332


mem[X,0x80003114] -> 0x3537
mem[X,0x80003116] -> 0x3333
[3146] [M]: 0x80003114 (0x33333537) lui a0, 209715
x10 <- 0x33333000


mem[X,0x80003118] -> 0x0513
mem[X,0x8000311A] -> 0x3325
[3147] [M]: 0x80003118 (0x33250513) addi a0, a0, 818
x10 <- 0x33333332


mem[X,0x8000311C] -> 0x0593
mem[X,0x8000311E] -> 0x0020
[3148] [M]: 0x8000311C (0x00200593) addi a1, zero, 2
x11 <- 0x00000002


mem[X,0x80003120] -> 0x2633
mem[X,0x80003122] -> 0x02B5
[3149] [M]: 0x80003120 (0x02B52633) mulhsu a2, a0, a1
x12 <- 0x00000000


mem[X,0x80003124] -> 0xAE23
mem[X,0x80003126] -> 0x0CC6
[3150] [M]: 0x80003124 (0x0CC6AE23) sw a2, 220(a3)
mem[0x80005B34] <- 0x00000000


mem[X,0x80003128] -> 0x3537
mem[X,0x8000312A] -> 0x3333
[3151] [M]: 0x80003128 (0x33333537) lui a0, 209715
x10 <- 0x33333000


mem[X,0x8000312C] -> 0x0513
mem[X,0x8000312E] -> 0x3325
[3152] [M]: 0x8000312C (0x33250513) addi a0, a0, 818
x10 <- 0x33333332


mem[X,0x80003130] -> 0x55B7
mem[X,0x80003132] -> 0x5555
[3153] [M]: 0x80003130 (0x555555B7) lui a1, 349525
x11 <- 0x55555000


mem[X,0x80003134] -> 0x8593
mem[X,0x80003136] -> 0x5545
[3154] [M]: 0x80003134 (0x55458593) addi a1, a1, 1364
x11 <- 0x55555554


mem[X,0x80003138] -> 0x2633
mem[X,0x8000313A] -> 0x02B5
[3155] [M]: 0x80003138 (0x02B52633) mulhsu a2, a0, a1
x12 <- 0x11111110


mem[X,0x8000313C] -> 0xA023
mem[X,0x8000313E] -> 0x0EC6
[3156] [M]: 0x8000313C (0x0EC6A023) sw a2, 224(a3)
mem[0x80005B38] <- 0x11111110


mem[X,0x80003140] -> 0x3537
mem[X,0x80003142] -> 0x3333
[3157] [M]: 0x80003140 (0x33333537) lui a0, 209715
x10 <- 0x33333000


mem[X,0x80003144] -> 0x0513
mem[X,0x80003146] -> 0x3325
[3158] [M]: 0x80003144 (0x33250513) addi a0, a0, 818
x10 <- 0x33333332


mem[X,0x80003148] -> 0xB5B7
mem[X,0x8000314A] -> 0xAAAA
[3159] [M]: 0x80003148 (0xAAAAB5B7) lui a1, 699051
x11 <- 0xAAAAB000


mem[X,0x8000314C] -> 0x8593
mem[X,0x8000314E] -> 0xAA95
[3160] [M]: 0x8000314C (0xAA958593) addi a1, a1, 2729
x11 <- 0xAAAAAAA9


mem[X,0x80003150] -> 0x2633
mem[X,0x80003152] -> 0x02B5
[3161] [M]: 0x80003150 (0x02B52633) mulhsu a2, a0, a1
x12 <- 0x22222221


mem[X,0x80003154] -> 0xA223
mem[X,0x80003156] -> 0x0EC6
[3162] [M]: 0x80003154 (0x0EC6A223) sw a2, 228(a3)
mem[0x80005B3C] <- 0x22222221


mem[X,0x80003158] -> 0x3537
mem[X,0x8000315A] -> 0x3333
[3163] [M]: 0x80003158 (0x33333537) lui a0, 209715
x10 <- 0x33333000


mem[X,0x8000315C] -> 0x0513
mem[X,0x8000315E] -> 0x3325
[3164] [M]: 0x8000315C (0x33250513) addi a0, a0, 818
x10 <- 0x33333332


mem[X,0x80003160] -> 0x0593
mem[X,0x80003162] -> 0x0040
[3165] [M]: 0x80003160 (0x00400593) addi a1, zero, 4
x11 <- 0x00000004


mem[X,0x80003164] -> 0x2633
mem[X,0x80003166] -> 0x02B5
[3166] [M]: 0x80003164 (0x02B52633) mulhsu a2, a0, a1
x12 <- 0x00000000


mem[X,0x80003168] -> 0xA423
mem[X,0x8000316A] -> 0x0EC6
[3167] [M]: 0x80003168 (0x0EC6A423) sw a2, 232(a3)
mem[0x80005B40] <- 0x00000000


mem[X,0x8000316C] -> 0x3537
mem[X,0x8000316E] -> 0x3333
[3168] [M]: 0x8000316C (0x33333537) lui a0, 209715
x10 <- 0x33333000


mem[X,0x80003170] -> 0x0513
mem[X,0x80003172] -> 0x3325
[3169] [M]: 0x80003170 (0x33250513) addi a0, a0, 818
x10 <- 0x33333332


mem[X,0x80003174] -> 0x35B7
mem[X,0x80003176] -> 0x3333
[3170] [M]: 0x80003174 (0x333335B7) lui a1, 209715
x11 <- 0x33333000


mem[X,0x80003178] -> 0x8593
mem[X,0x8000317A] -> 0x3325
[3171] [M]: 0x80003178 (0x33258593) addi a1, a1, 818
x11 <- 0x33333332


mem[X,0x8000317C] -> 0x2633
mem[X,0x8000317E] -> 0x02B5
[3172] [M]: 0x8000317C (0x02B52633) mulhsu a2, a0, a1
x12 <- 0x0A3D70A3


mem[X,0x80003180] -> 0xA623
mem[X,0x80003182] -> 0x0EC6
[3173] [M]: 0x80003180 (0x0EC6A623) sw a2, 236(a3)
mem[0x80005B44] <- 0x0A3D70A3


mem[X,0x80003184] -> 0x3537
mem[X,0x80003186] -> 0x3333
[3174] [M]: 0x80003184 (0x33333537) lui a0, 209715
x10 <- 0x33333000


mem[X,0x80003188] -> 0x0513
mem[X,0x8000318A] -> 0x3325
[3175] [M]: 0x80003188 (0x33250513) addi a0, a0, 818
x10 <- 0x33333332


mem[X,0x8000318C] -> 0x65B7
mem[X,0x8000318E] -> 0x6666
[3176] [M]: 0x8000318C (0x666665B7) lui a1, 419430
x11 <- 0x66666000


mem[X,0x80003190] -> 0x8593
mem[X,0x80003192] -> 0x6655
[3177] [M]: 0x80003190 (0x66558593) addi a1, a1, 1637
x11 <- 0x66666665


mem[X,0x80003194] -> 0x2633
mem[X,0x80003196] -> 0x02B5
[3178] [M]: 0x80003194 (0x02B52633) mulhsu a2, a0, a1
x12 <- 0x147AE146


mem[X,0x80003198] -> 0xA823
mem[X,0x8000319A] -> 0x0EC6
[3179] [M]: 0x80003198 (0x0EC6A823) sw a2, 240(a3)
mem[0x80005B48] <- 0x147AE146


mem[X,0x8000319C] -> 0x3537
mem[X,0x8000319E] -> 0x3333
[3180] [M]: 0x8000319C (0x33333537) lui a0, 209715
x10 <- 0x33333000


mem[X,0x800031A0] -> 0x0513
mem[X,0x800031A2] -> 0x3325
[3181] [M]: 0x800031A0 (0x33250513) addi a0, a0, 818
x10 <- 0x33333332


mem[X,0x800031A4] -> 0xB5B7
mem[X,0x800031A6] -> 0x0000
[3182] [M]: 0x800031A4 (0x0000B5B7) lui a1, 11
x11 <- 0x0000B000


mem[X,0x800031A8] -> 0x8593
mem[X,0x800031AA] -> 0x5035
[3183] [M]: 0x800031A8 (0x50358593) addi a1, a1, 1283
x11 <- 0x0000B503


mem[X,0x800031AC] -> 0x2633
mem[X,0x800031AE] -> 0x02B5
[3184] [M]: 0x800031AC (0x02B52633) mulhsu a2, a0, a1
x12 <- 0x00002433


mem[X,0x800031B0] -> 0xAA23
mem[X,0x800031B2] -> 0x0EC6
[3185] [M]: 0x800031B0 (0x0EC6AA23) sw a2, 244(a3)
mem[0x80005B4C] <- 0x00002433


mem[X,0x800031B4] -> 0x3537
mem[X,0x800031B6] -> 0x3333
[3186] [M]: 0x800031B4 (0x33333537) lui a0, 209715
x10 <- 0x33333000


mem[X,0x800031B8] -> 0x0513
mem[X,0x800031BA] -> 0x3325
[3187] [M]: 0x800031B8 (0x33250513) addi a0, a0, 818
x10 <- 0x33333332


mem[X,0x800031BC] -> 0x05B7
mem[X,0x800031BE] -> 0x0001
[3188] [M]: 0x800031BC (0x000105B7) lui a1, 16
x11 <- 0x00010000


mem[X,0x800031C0] -> 0x8593
mem[X,0x800031C2] -> 0xFFE5
[3189] [M]: 0x800031C0 (0xFFE58593) addi a1, a1, 4094
x11 <- 0x0000FFFE


mem[X,0x800031C4] -> 0x2633
mem[X,0x800031C6] -> 0x02B5
[3190] [M]: 0x800031C4 (0x02B52633) mulhsu a2, a0, a1
x12 <- 0x00003332


mem[X,0x800031C8] -> 0xAC23
mem[X,0x800031CA] -> 0x0EC6
[3191] [M]: 0x800031C8 (0x0EC6AC23) sw a2, 248(a3)
mem[0x80005B50] <- 0x00003332


mem[X,0x800031CC] -> 0x3537
mem[X,0x800031CE] -> 0x3333
[3192] [M]: 0x800031CC (0x33333537) lui a0, 209715
x10 <- 0x33333000


mem[X,0x800031D0] -> 0x0513
mem[X,0x800031D2] -> 0x3325
[3193] [M]: 0x800031D0 (0x33250513) addi a0, a0, 818
x10 <- 0x33333332


mem[X,0x800031D4] -> 0x55B7
mem[X,0x800031D6] -> 0x5555
[3194] [M]: 0x800031D4 (0x555555B7) lui a1, 349525
x11 <- 0x55555000


mem[X,0x800031D8] -> 0x8593
mem[X,0x800031DA] -> 0x5565
[3195] [M]: 0x800031D8 (0x55658593) addi a1, a1, 1366
x11 <- 0x55555556


mem[X,0x800031DC] -> 0x2633
mem[X,0x800031DE] -> 0x02B5
[3196] [M]: 0x800031DC (0x02B52633) mulhsu a2, a0, a1
x12 <- 0x11111110


mem[X,0x800031E0] -> 0xAE23
mem[X,0x800031E2] -> 0x0EC6
[3197] [M]: 0x800031E0 (0x0EC6AE23) sw a2, 252(a3)
mem[0x80005B54] <- 0x11111110


mem[X,0x800031E4] -> 0x3537
mem[X,0x800031E6] -> 0x3333
[3198] [M]: 0x800031E4 (0x33333537) lui a0, 209715
x10 <- 0x33333000


mem[X,0x800031E8] -> 0x0513
mem[X,0x800031EA] -> 0x3325
[3199] [M]: 0x800031E8 (0x33250513) addi a0, a0, 818
x10 <- 0x33333332


clint::tick mtime <- 0x0000000000000020
 clint timer pending at mtime 0x0000000000000020
htif::tick 0x0000000000000000
mem[X,0x800031EC] -> 0xB5B7
mem[X,0x800031EE] -> 0xAAAA
[3200] [M]: 0x800031EC (0xAAAAB5B7) lui a1, 699051
x11 <- 0xAAAAB000


mem[X,0x800031F0] -> 0x8593
mem[X,0x800031F2] -> 0xAAB5
[3201] [M]: 0x800031F0 (0xAAB58593) addi a1, a1, 2731
x11 <- 0xAAAAAAAB


mem[X,0x800031F4] -> 0x2633
mem[X,0x800031F6] -> 0x02B5
[3202] [M]: 0x800031F4 (0x02B52633) mulhsu a2, a0, a1
x12 <- 0x22222221


mem[X,0x800031F8] -> 0xA023
mem[X,0x800031FA] -> 0x10C6
[3203] [M]: 0x800031F8 (0x10C6A023) sw a2, 256(a3)
mem[0x80005B58] <- 0x22222221


mem[X,0x800031FC] -> 0x3537
mem[X,0x800031FE] -> 0x3333
[3204] [M]: 0x800031FC (0x33333537) lui a0, 209715
x10 <- 0x33333000


mem[X,0x80003200] -> 0x0513
mem[X,0x80003202] -> 0x3325
[3205] [M]: 0x80003200 (0x33250513) addi a0, a0, 818
x10 <- 0x33333332


mem[X,0x80003204] -> 0x0593
mem[X,0x80003206] -> 0x0060
[3206] [M]: 0x80003204 (0x00600593) addi a1, zero, 6
x11 <- 0x00000006


mem[X,0x80003208] -> 0x2633
mem[X,0x8000320A] -> 0x02B5
[3207] [M]: 0x80003208 (0x02B52633) mulhsu a2, a0, a1
x12 <- 0x00000001


mem[X,0x8000320C] -> 0xA223
mem[X,0x8000320E] -> 0x10C6
[3208] [M]: 0x8000320C (0x10C6A223) sw a2, 260(a3)
mem[0x80005B5C] <- 0x00000001


mem[X,0x80003210] -> 0x3537
mem[X,0x80003212] -> 0x3333
[3209] [M]: 0x80003210 (0x33333537) lui a0, 209715
x10 <- 0x33333000


mem[X,0x80003214] -> 0x0513
mem[X,0x80003216] -> 0x3325
[3210] [M]: 0x80003214 (0x33250513) addi a0, a0, 818
x10 <- 0x33333332


mem[X,0x80003218] -> 0x35B7
mem[X,0x8000321A] -> 0x3333
[3211] [M]: 0x80003218 (0x333335B7) lui a1, 209715
x11 <- 0x33333000


mem[X,0x8000321C] -> 0x8593
mem[X,0x8000321E] -> 0x3345
[3212] [M]: 0x8000321C (0x33458593) addi a1, a1, 820
x11 <- 0x33333334


mem[X,0x80003220] -> 0x2633
mem[X,0x80003222] -> 0x02B5
[3213] [M]: 0x80003220 (0x02B52633) mulhsu a2, a0, a1
x12 <- 0x0A3D70A3


mem[X,0x80003224] -> 0xA423
mem[X,0x80003226] -> 0x10C6
[3214] [M]: 0x80003224 (0x10C6A423) sw a2, 264(a3)
mem[0x80005B60] <- 0x0A3D70A3


mem[X,0x80003228] -> 0x3537
mem[X,0x8000322A] -> 0x3333
[3215] [M]: 0x80003228 (0x33333537) lui a0, 209715
x10 <- 0x33333000


mem[X,0x8000322C] -> 0x0513
mem[X,0x8000322E] -> 0x3325
[3216] [M]: 0x8000322C (0x33250513) addi a0, a0, 818
x10 <- 0x33333332


mem[X,0x80003230] -> 0x65B7
mem[X,0x80003232] -> 0x6666
[3217] [M]: 0x80003230 (0x666665B7) lui a1, 419430
x11 <- 0x66666000


mem[X,0x80003234] -> 0x8593
mem[X,0x80003236] -> 0x6675
[3218] [M]: 0x80003234 (0x66758593) addi a1, a1, 1639
x11 <- 0x66666667


mem[X,0x80003238] -> 0x2633
mem[X,0x8000323A] -> 0x02B5
[3219] [M]: 0x80003238 (0x02B52633) mulhsu a2, a0, a1
x12 <- 0x147AE147


mem[X,0x8000323C] -> 0xA623
mem[X,0x8000323E] -> 0x10C6
[3220] [M]: 0x8000323C (0x10C6A623) sw a2, 268(a3)
mem[0x80005B64] <- 0x147AE147


mem[X,0x80003240] -> 0x3537
mem[X,0x80003242] -> 0x3333
[3221] [M]: 0x80003240 (0x33333537) lui a0, 209715
x10 <- 0x33333000


mem[X,0x80003244] -> 0x0513
mem[X,0x80003246] -> 0x3325
[3222] [M]: 0x80003244 (0x33250513) addi a0, a0, 818
x10 <- 0x33333332


mem[X,0x80003248] -> 0xB5B7
mem[X,0x8000324A] -> 0x0000
[3223] [M]: 0x80003248 (0x0000B5B7) lui a1, 11
x11 <- 0x0000B000


mem[X,0x8000324C] -> 0x8593
mem[X,0x8000324E] -> 0x5055
[3224] [M]: 0x8000324C (0x50558593) addi a1, a1, 1285
x11 <- 0x0000B505


mem[X,0x80003250] -> 0x2633
mem[X,0x80003252] -> 0x02B5
[3225] [M]: 0x80003250 (0x02B52633) mulhsu a2, a0, a1
x12 <- 0x00002434


mem[X,0x80003254] -> 0xA823
mem[X,0x80003256] -> 0x10C6
[3226] [M]: 0x80003254 (0x10C6A823) sw a2, 272(a3)
mem[0x80005B68] <- 0x00002434


mem[X,0x80003258] -> 0x3537
mem[X,0x8000325A] -> 0x3333
[3227] [M]: 0x80003258 (0x33333537) lui a0, 209715
x10 <- 0x33333000


mem[X,0x8000325C] -> 0x0513
mem[X,0x8000325E] -> 0x3325
[3228] [M]: 0x8000325C (0x33250513) addi a0, a0, 818
x10 <- 0x33333332


mem[X,0x80003260] -> 0x0593
mem[X,0x80003262] -> 0x0010
[3229] [M]: 0x80003260 (0x00100593) addi a1, zero, 1
x11 <- 0x00000001


mem[X,0x80003264] -> 0x2633
mem[X,0x80003266] -> 0x02B5
[3230] [M]: 0x80003264 (0x02B52633) mulhsu a2, a0, a1
x12 <- 0x00000000


mem[X,0x80003268] -> 0xAA23
mem[X,0x8000326A] -> 0x10C6
[3231] [M]: 0x80003268 (0x10C6AA23) sw a2, 276(a3)
mem[0x80005B6C] <- 0x00000000


mem[X,0x8000326C] -> 0x3537
mem[X,0x8000326E] -> 0x3333
[3232] [M]: 0x8000326C (0x33333537) lui a0, 209715
x10 <- 0x33333000


mem[X,0x80003270] -> 0x0513
mem[X,0x80003272] -> 0x3325
[3233] [M]: 0x80003270 (0x33250513) addi a0, a0, 818
x10 <- 0x33333332


mem[X,0x80003274] -> 0x05B7
mem[X,0x80003276] -> 0x0001
[3234] [M]: 0x80003274 (0x000105B7) lui a1, 16
x11 <- 0x00010000


mem[X,0x80003278] -> 0x2633
mem[X,0x8000327A] -> 0x02B5
[3235] [M]: 0x80003278 (0x02B52633) mulhsu a2, a0, a1
x12 <- 0x00003333


mem[X,0x8000327C] -> 0xAC23
mem[X,0x8000327E] -> 0x10C6
[3236] [M]: 0x8000327C (0x10C6AC23) sw a2, 280(a3)
mem[0x80005B70] <- 0x00003333


mem[X,0x80003280] -> 0x6537
mem[X,0x80003282] -> 0x6666
[3237] [M]: 0x80003280 (0x66666537) lui a0, 419430
x10 <- 0x66666000


mem[X,0x80003284] -> 0x0513
mem[X,0x80003286] -> 0x6655
[3238] [M]: 0x80003284 (0x66550513) addi a0, a0, 1637
x10 <- 0x66666665


mem[X,0x80003288] -> 0x0593
mem[X,0x8000328A] -> 0x0030
[3239] [M]: 0x80003288 (0x00300593) addi a1, zero, 3
x11 <- 0x00000003


mem[X,0x8000328C] -> 0x2633
mem[X,0x8000328E] -> 0x02B5
[3240] [M]: 0x8000328C (0x02B52633) mulhsu a2, a0, a1
x12 <- 0x00000001


mem[X,0x80003290] -> 0xAE23
mem[X,0x80003292] -> 0x10C6
[3241] [M]: 0x80003290 (0x10C6AE23) sw a2, 284(a3)
mem[0x80005B74] <- 0x00000001


mem[X,0x80003294] -> 0x6537
mem[X,0x80003296] -> 0x6666
[3242] [M]: 0x80003294 (0x66666537) lui a0, 419430
x10 <- 0x66666000


mem[X,0x80003298] -> 0x0513
mem[X,0x8000329A] -> 0x6655
[3243] [M]: 0x80003298 (0x66550513) addi a0, a0, 1637
x10 <- 0x66666665


mem[X,0x8000329C] -> 0x55B7
mem[X,0x8000329E] -> 0x5555
[3244] [M]: 0x8000329C (0x555555B7) lui a1, 349525
x11 <- 0x55555000


mem[X,0x800032A0] -> 0x8593
mem[X,0x800032A2] -> 0x5555
[3245] [M]: 0x800032A0 (0x55558593) addi a1, a1, 1365
x11 <- 0x55555555


mem[X,0x800032A4] -> 0x2633
mem[X,0x800032A6] -> 0x02B5
[3246] [M]: 0x800032A4 (0x02B52633) mulhsu a2, a0, a1
x12 <- 0x22222221


mem[X,0x800032A8] -> 0xA023
mem[X,0x800032AA] -> 0x12C6
[3247] [M]: 0x800032A8 (0x12C6A023) sw a2, 288(a3)
mem[0x80005B78] <- 0x22222221


mem[X,0x800032AC] -> 0x6537
mem[X,0x800032AE] -> 0x6666
[3248] [M]: 0x800032AC (0x66666537) lui a0, 419430
x10 <- 0x66666000


mem[X,0x800032B0] -> 0x0513
mem[X,0x800032B2] -> 0x6655
[3249] [M]: 0x800032B0 (0x66550513) addi a0, a0, 1637
x10 <- 0x66666665


mem[X,0x800032B4] -> 0xB5B7
mem[X,0x800032B6] -> 0xAAAA
[3250] [M]: 0x800032B4 (0xAAAAB5B7) lui a1, 699051
x11 <- 0xAAAAB000


mem[X,0x800032B8] -> 0x8593
mem[X,0x800032BA] -> 0xAAA5
[3251] [M]: 0x800032B8 (0xAAA58593) addi a1, a1, 2730
x11 <- 0xAAAAAAAA


mem[X,0x800032BC] -> 0x2633
mem[X,0x800032BE] -> 0x02B5
[3252] [M]: 0x800032BC (0x02B52633) mulhsu a2, a0, a1
x12 <- 0x44444443


mem[X,0x800032C0] -> 0xA223
mem[X,0x800032C2] -> 0x12C6
[3253] [M]: 0x800032C0 (0x12C6A223) sw a2, 292(a3)
mem[0x80005B7C] <- 0x44444443


mem[X,0x800032C4] -> 0x6537
mem[X,0x800032C6] -> 0x6666
[3254] [M]: 0x800032C4 (0x66666537) lui a0, 419430
x10 <- 0x66666000


mem[X,0x800032C8] -> 0x0513
mem[X,0x800032CA] -> 0x6655
[3255] [M]: 0x800032C8 (0x66550513) addi a0, a0, 1637
x10 <- 0x66666665


mem[X,0x800032CC] -> 0x0593
mem[X,0x800032CE] -> 0x0050
[3256] [M]: 0x800032CC (0x00500593) addi a1, zero, 5
x11 <- 0x00000005


mem[X,0x800032D0] -> 0x2633
mem[X,0x800032D2] -> 0x02B5
[3257] [M]: 0x800032D0 (0x02B52633) mulhsu a2, a0, a1
x12 <- 0x00000001


mem[X,0x800032D4] -> 0xA423
mem[X,0x800032D6] -> 0x12C6
[3258] [M]: 0x800032D4 (0x12C6A423) sw a2, 296(a3)
mem[0x80005B80] <- 0x00000001


mem[X,0x800032D8] -> 0x6537
mem[X,0x800032DA] -> 0x6666
[3259] [M]: 0x800032D8 (0x66666537) lui a0, 419430
x10 <- 0x66666000


mem[X,0x800032DC] -> 0x0513
mem[X,0x800032DE] -> 0x6655
[3260] [M]: 0x800032DC (0x66550513) addi a0, a0, 1637
x10 <- 0x66666665


mem[X,0x800032E0] -> 0x35B7
mem[X,0x800032E2] -> 0x3333
[3261] [M]: 0x800032E0 (0x333335B7) lui a1, 209715
x11 <- 0x33333000


mem[X,0x800032E4] -> 0x8593
mem[X,0x800032E6] -> 0x3335
[3262] [M]: 0x800032E4 (0x33358593) addi a1, a1, 819
x11 <- 0x33333333


mem[X,0x800032E8] -> 0x2633
mem[X,0x800032EA] -> 0x02B5
[3263] [M]: 0x800032E8 (0x02B52633) mulhsu a2, a0, a1
x12 <- 0x147AE147


mem[X,0x800032EC] -> 0xA623
mem[X,0x800032EE] -> 0x12C6
[3264] [M]: 0x800032EC (0x12C6A623) sw a2, 300(a3)
mem[0x80005B84] <- 0x147AE147


mem[X,0x800032F0] -> 0x6537
mem[X,0x800032F2] -> 0x6666
[3265] [M]: 0x800032F0 (0x66666537) lui a0, 419430
x10 <- 0x66666000


mem[X,0x800032F4] -> 0x0513
mem[X,0x800032F6] -> 0x6655
[3266] [M]: 0x800032F4 (0x66550513) addi a0, a0, 1637
x10 <- 0x66666665


mem[X,0x800032F8] -> 0x65B7
mem[X,0x800032FA] -> 0x6666
[3267] [M]: 0x800032F8 (0x666665B7) lui a1, 419430
x11 <- 0x66666000


mem[X,0x800032FC] -> 0x8593
mem[X,0x800032FE] -> 0x6665
[3268] [M]: 0x800032FC (0x66658593) addi a1, a1, 1638
x11 <- 0x66666666


mem[X,0x80003300] -> 0x2633
mem[X,0x80003302] -> 0x02B5
[3269] [M]: 0x80003300 (0x02B52633) mulhsu a2, a0, a1
x12 <- 0x28F5C28E


mem[X,0x80003304] -> 0xA823
mem[X,0x80003306] -> 0x12C6
[3270] [M]: 0x80003304 (0x12C6A823) sw a2, 304(a3)
mem[0x80005B88] <- 0x28F5C28E


mem[X,0x80003308] -> 0x6537
mem[X,0x8000330A] -> 0x6666
[3271] [M]: 0x80003308 (0x66666537) lui a0, 419430
x10 <- 0x66666000


mem[X,0x8000330C] -> 0x0513
mem[X,0x8000330E] -> 0x6655
[3272] [M]: 0x8000330C (0x66550513) addi a0, a0, 1637
x10 <- 0x66666665


mem[X,0x80003310] -> 0xB5B7
mem[X,0x80003312] -> 0x0000
[3273] [M]: 0x80003310 (0x0000B5B7) lui a1, 11
x11 <- 0x0000B000


mem[X,0x80003314] -> 0x8593
mem[X,0x80003316] -> 0x5045
[3274] [M]: 0x80003314 (0x50458593) addi a1, a1, 1284
x11 <- 0x0000B504


mem[X,0x80003318] -> 0x2633
mem[X,0x8000331A] -> 0x02B5
[3275] [M]: 0x80003318 (0x02B52633) mulhsu a2, a0, a1
x12 <- 0x00004867


mem[X,0x8000331C] -> 0xAA23
mem[X,0x8000331E] -> 0x12C6
[3276] [M]: 0x8000331C (0x12C6AA23) sw a2, 308(a3)
mem[0x80005B8C] <- 0x00004867


mem[X,0x80003320] -> 0x6537
mem[X,0x80003322] -> 0x6666
[3277] [M]: 0x80003320 (0x66666537) lui a0, 419430
x10 <- 0x66666000


mem[X,0x80003324] -> 0x0513
mem[X,0x80003326] -> 0x6655
[3278] [M]: 0x80003324 (0x66550513) addi a0, a0, 1637
x10 <- 0x66666665


mem[X,0x80003328] -> 0x0593
mem[X,0x8000332A] -> 0x0000
[3279] [M]: 0x80003328 (0x00000593) addi a1, zero, 0
x11 <- 0x00000000


mem[X,0x8000332C] -> 0x2633
mem[X,0x8000332E] -> 0x02B5
[3280] [M]: 0x8000332C (0x02B52633) mulhsu a2, a0, a1
x12 <- 0x00000000


mem[X,0x80003330] -> 0xAC23
mem[X,0x80003332] -> 0x12C6
[3281] [M]: 0x80003330 (0x12C6AC23) sw a2, 312(a3)
mem[0x80005B90] <- 0x00000000


mem[X,0x80003334] -> 0x6537
mem[X,0x80003336] -> 0x6666
[3282] [M]: 0x80003334 (0x66666537) lui a0, 419430
x10 <- 0x66666000


mem[X,0x80003338] -> 0x0513
mem[X,0x8000333A] -> 0x6655
[3283] [M]: 0x80003338 (0x66550513) addi a0, a0, 1637
x10 <- 0x66666665


mem[X,0x8000333C] -> 0x05B7
mem[X,0x8000333E] -> 0x0001
[3284] [M]: 0x8000333C (0x000105B7) lui a1, 16
x11 <- 0x00010000


mem[X,0x80003340] -> 0x8593
mem[X,0x80003342] -> 0xFFF5
[3285] [M]: 0x80003340 (0xFFF58593) addi a1, a1, 4095
x11 <- 0x0000FFFF


mem[X,0x80003344] -> 0x2633
mem[X,0x80003346] -> 0x02B5
[3286] [M]: 0x80003344 (0x02B52633) mulhsu a2, a0, a1
x12 <- 0x00006665


mem[X,0x80003348] -> 0xAE23
mem[X,0x8000334A] -> 0x12C6
[3287] [M]: 0x80003348 (0x12C6AE23) sw a2, 316(a3)
mem[0x80005B94] <- 0x00006665


mem[X,0x8000334C] -> 0x6537
mem[X,0x8000334E] -> 0x6666
[3288] [M]: 0x8000334C (0x66666537) lui a0, 419430
x10 <- 0x66666000


mem[X,0x80003350] -> 0x0513
mem[X,0x80003352] -> 0x6655
[3289] [M]: 0x80003350 (0x66550513) addi a0, a0, 1637
x10 <- 0x66666665


mem[X,0x80003354] -> 0x0593
mem[X,0x80003356] -> 0x0020
[3290] [M]: 0x80003354 (0x00200593) addi a1, zero, 2
x11 <- 0x00000002


mem[X,0x80003358] -> 0x2633
mem[X,0x8000335A] -> 0x02B5
[3291] [M]: 0x80003358 (0x02B52633) mulhsu a2, a0, a1
x12 <- 0x00000000


mem[X,0x8000335C] -> 0xA023
mem[X,0x8000335E] -> 0x14C6
[3292] [M]: 0x8000335C (0x14C6A023) sw a2, 320(a3)
mem[0x80005B98] <- 0x00000000


mem[X,0x80003360] -> 0x6537
mem[X,0x80003362] -> 0x6666
[3293] [M]: 0x80003360 (0x66666537) lui a0, 419430
x10 <- 0x66666000


mem[X,0x80003364] -> 0x0513
mem[X,0x80003366] -> 0x6655
[3294] [M]: 0x80003364 (0x66550513) addi a0, a0, 1637
x10 <- 0x66666665


mem[X,0x80003368] -> 0x55B7
mem[X,0x8000336A] -> 0x5555
[3295] [M]: 0x80003368 (0x555555B7) lui a1, 349525
x11 <- 0x55555000


mem[X,0x8000336C] -> 0x8593
mem[X,0x8000336E] -> 0x5545
[3296] [M]: 0x8000336C (0x55458593) addi a1, a1, 1364
x11 <- 0x55555554


mem[X,0x80003370] -> 0x2633
mem[X,0x80003372] -> 0x02B5
[3297] [M]: 0x80003370 (0x02B52633) mulhsu a2, a0, a1
x12 <- 0x22222221


mem[X,0x80003374] -> 0xA223
mem[X,0x80003376] -> 0x14C6
[3298] [M]: 0x80003374 (0x14C6A223) sw a2, 324(a3)
mem[0x80005B9C] <- 0x22222221


mem[X,0x80003378] -> 0x6537
mem[X,0x8000337A] -> 0x6666
[3299] [M]: 0x80003378 (0x66666537) lui a0, 419430
x10 <- 0x66666000


clint::tick mtime <- 0x0000000000000021
 clint timer pending at mtime 0x0000000000000021
htif::tick 0x0000000000000000
mem[X,0x8000337C] -> 0x0513
mem[X,0x8000337E] -> 0x6655
[3300] [M]: 0x8000337C (0x66550513) addi a0, a0, 1637
x10 <- 0x66666665


mem[X,0x80003380] -> 0xB5B7
mem[X,0x80003382] -> 0xAAAA
[3301] [M]: 0x80003380 (0xAAAAB5B7) lui a1, 699051
x11 <- 0xAAAAB000


mem[X,0x80003384] -> 0x8593
mem[X,0x80003386] -> 0xAA95
[3302] [M]: 0x80003384 (0xAA958593) addi a1, a1, 2729
x11 <- 0xAAAAAAA9


mem[X,0x80003388] -> 0x2633
mem[X,0x8000338A] -> 0x02B5
[3303] [M]: 0x80003388 (0x02B52633) mulhsu a2, a0, a1
x12 <- 0x44444442


mem[X,0x8000338C] -> 0xA423
mem[X,0x8000338E] -> 0x14C6
[3304] [M]: 0x8000338C (0x14C6A423) sw a2, 328(a3)
mem[0x80005BA0] <- 0x44444442


mem[X,0x80003390] -> 0x6537
mem[X,0x80003392] -> 0x6666
[3305] [M]: 0x80003390 (0x66666537) lui a0, 419430
x10 <- 0x66666000


mem[X,0x80003394] -> 0x0513
mem[X,0x80003396] -> 0x6655
[3306] [M]: 0x80003394 (0x66550513) addi a0, a0, 1637
x10 <- 0x66666665


mem[X,0x80003398] -> 0x0593
mem[X,0x8000339A] -> 0x0040
[3307] [M]: 0x80003398 (0x00400593) addi a1, zero, 4
x11 <- 0x00000004


mem[X,0x8000339C] -> 0x2633
mem[X,0x8000339E] -> 0x02B5
[3308] [M]: 0x8000339C (0x02B52633) mulhsu a2, a0, a1
x12 <- 0x00000001


mem[X,0x800033A0] -> 0xA623
mem[X,0x800033A2] -> 0x14C6
[3309] [M]: 0x800033A0 (0x14C6A623) sw a2, 332(a3)
mem[0x80005BA4] <- 0x00000001


mem[X,0x800033A4] -> 0x6537
mem[X,0x800033A6] -> 0x6666
[3310] [M]: 0x800033A4 (0x66666537) lui a0, 419430
x10 <- 0x66666000


mem[X,0x800033A8] -> 0x0513
mem[X,0x800033AA] -> 0x6655
[3311] [M]: 0x800033A8 (0x66550513) addi a0, a0, 1637
x10 <- 0x66666665


mem[X,0x800033AC] -> 0x35B7
mem[X,0x800033AE] -> 0x3333
[3312] [M]: 0x800033AC (0x333335B7) lui a1, 209715
x11 <- 0x33333000


mem[X,0x800033B0] -> 0x8593
mem[X,0x800033B2] -> 0x3325
[3313] [M]: 0x800033B0 (0x33258593) addi a1, a1, 818
x11 <- 0x33333332


mem[X,0x800033B4] -> 0x2633
mem[X,0x800033B6] -> 0x02B5
[3314] [M]: 0x800033B4 (0x02B52633) mulhsu a2, a0, a1
x12 <- 0x147AE146


mem[X,0x800033B8] -> 0xA823
mem[X,0x800033BA] -> 0x14C6
[3315] [M]: 0x800033B8 (0x14C6A823) sw a2, 336(a3)
mem[0x80005BA8] <- 0x147AE146


mem[X,0x800033BC] -> 0x6537
mem[X,0x800033BE] -> 0x6666
[3316] [M]: 0x800033BC (0x66666537) lui a0, 419430
x10 <- 0x66666000


mem[X,0x800033C0] -> 0x0513
mem[X,0x800033C2] -> 0x6655
[3317] [M]: 0x800033C0 (0x66550513) addi a0, a0, 1637
x10 <- 0x66666665


mem[X,0x800033C4] -> 0x65B7
mem[X,0x800033C6] -> 0x6666
[3318] [M]: 0x800033C4 (0x666665B7) lui a1, 419430
x11 <- 0x66666000


mem[X,0x800033C8] -> 0x8593
mem[X,0x800033CA] -> 0x6655
[3319] [M]: 0x800033C8 (0x66558593) addi a1, a1, 1637
x11 <- 0x66666665


mem[X,0x800033CC] -> 0x2633
mem[X,0x800033CE] -> 0x02B5
[3320] [M]: 0x800033CC (0x02B52633) mulhsu a2, a0, a1
x12 <- 0x28F5C28E


mem[X,0x800033D0] -> 0xAA23
mem[X,0x800033D2] -> 0x14C6
[3321] [M]: 0x800033D0 (0x14C6AA23) sw a2, 340(a3)
mem[0x80005BAC] <- 0x28F5C28E


mem[X,0x800033D4] -> 0x6537
mem[X,0x800033D6] -> 0x6666
[3322] [M]: 0x800033D4 (0x66666537) lui a0, 419430
x10 <- 0x66666000


mem[X,0x800033D8] -> 0x0513
mem[X,0x800033DA] -> 0x6655
[3323] [M]: 0x800033D8 (0x66550513) addi a0, a0, 1637
x10 <- 0x66666665


mem[X,0x800033DC] -> 0xB5B7
mem[X,0x800033DE] -> 0x0000
[3324] [M]: 0x800033DC (0x0000B5B7) lui a1, 11
x11 <- 0x0000B000


mem[X,0x800033E0] -> 0x8593
mem[X,0x800033E2] -> 0x5035
[3325] [M]: 0x800033E0 (0x50358593) addi a1, a1, 1283
x11 <- 0x0000B503


mem[X,0x800033E4] -> 0x2633
mem[X,0x800033E6] -> 0x02B5
[3326] [M]: 0x800033E4 (0x02B52633) mulhsu a2, a0, a1
x12 <- 0x00004867


mem[X,0x800033E8] -> 0xAC23
mem[X,0x800033EA] -> 0x14C6
[3327] [M]: 0x800033E8 (0x14C6AC23) sw a2, 344(a3)
mem[0x80005BB0] <- 0x00004867


mem[X,0x800033EC] -> 0x6537
mem[X,0x800033EE] -> 0x6666
[3328] [M]: 0x800033EC (0x66666537) lui a0, 419430
x10 <- 0x66666000


mem[X,0x800033F0] -> 0x0513
mem[X,0x800033F2] -> 0x6655
[3329] [M]: 0x800033F0 (0x66550513) addi a0, a0, 1637
x10 <- 0x66666665


mem[X,0x800033F4] -> 0x05B7
mem[X,0x800033F6] -> 0x0001
[3330] [M]: 0x800033F4 (0x000105B7) lui a1, 16
x11 <- 0x00010000


mem[X,0x800033F8] -> 0x8593
mem[X,0x800033FA] -> 0xFFE5
[3331] [M]: 0x800033F8 (0xFFE58593) addi a1, a1, 4094
x11 <- 0x0000FFFE


mem[X,0x800033FC] -> 0x2633
mem[X,0x800033FE] -> 0x02B5
[3332] [M]: 0x800033FC (0x02B52633) mulhsu a2, a0, a1
x12 <- 0x00006665


mem[X,0x80003400] -> 0xAE23
mem[X,0x80003402] -> 0x14C6
[3333] [M]: 0x80003400 (0x14C6AE23) sw a2, 348(a3)
mem[0x80005BB4] <- 0x00006665


mem[X,0x80003404] -> 0x6537
mem[X,0x80003406] -> 0x6666
[3334] [M]: 0x80003404 (0x66666537) lui a0, 419430
x10 <- 0x66666000


mem[X,0x80003408] -> 0x0513
mem[X,0x8000340A] -> 0x6655
[3335] [M]: 0x80003408 (0x66550513) addi a0, a0, 1637
x10 <- 0x66666665


mem[X,0x8000340C] -> 0x55B7
mem[X,0x8000340E] -> 0x5555
[3336] [M]: 0x8000340C (0x555555B7) lui a1, 349525
x11 <- 0x55555000


mem[X,0x80003410] -> 0x8593
mem[X,0x80003412] -> 0x5565
[3337] [M]: 0x80003410 (0x55658593) addi a1, a1, 1366
x11 <- 0x55555556


mem[X,0x80003414] -> 0x2633
mem[X,0x80003416] -> 0x02B5
[3338] [M]: 0x80003414 (0x02B52633) mulhsu a2, a0, a1
x12 <- 0x22222221


mem[X,0x80003418] -> 0xA023
mem[X,0x8000341A] -> 0x16C6
[3339] [M]: 0x80003418 (0x16C6A023) sw a2, 352(a3)
mem[0x80005BB8] <- 0x22222221


mem[X,0x8000341C] -> 0x6537
mem[X,0x8000341E] -> 0x6666
[3340] [M]: 0x8000341C (0x66666537) lui a0, 419430
x10 <- 0x66666000


mem[X,0x80003420] -> 0x0513
mem[X,0x80003422] -> 0x6655
[3341] [M]: 0x80003420 (0x66550513) addi a0, a0, 1637
x10 <- 0x66666665


mem[X,0x80003424] -> 0xB5B7
mem[X,0x80003426] -> 0xAAAA
[3342] [M]: 0x80003424 (0xAAAAB5B7) lui a1, 699051
x11 <- 0xAAAAB000


mem[X,0x80003428] -> 0x8593
mem[X,0x8000342A] -> 0xAAB5
[3343] [M]: 0x80003428 (0xAAB58593) addi a1, a1, 2731
x11 <- 0xAAAAAAAB


mem[X,0x8000342C] -> 0x2633
mem[X,0x8000342E] -> 0x02B5
[3344] [M]: 0x8000342C (0x02B52633) mulhsu a2, a0, a1
x12 <- 0x44444443


mem[X,0x80003430] -> 0xA223
mem[X,0x80003432] -> 0x16C6
[3345] [M]: 0x80003430 (0x16C6A223) sw a2, 356(a3)
mem[0x80005BBC] <- 0x44444443


mem[X,0x80003434] -> 0x6537
mem[X,0x80003436] -> 0x6666
[3346] [M]: 0x80003434 (0x66666537) lui a0, 419430
x10 <- 0x66666000


mem[X,0x80003438] -> 0x0513
mem[X,0x8000343A] -> 0x6655
[3347] [M]: 0x80003438 (0x66550513) addi a0, a0, 1637
x10 <- 0x66666665


mem[X,0x8000343C] -> 0x0593
mem[X,0x8000343E] -> 0x0060
[3348] [M]: 0x8000343C (0x00600593) addi a1, zero, 6
x11 <- 0x00000006


mem[X,0x80003440] -> 0x2633
mem[X,0x80003442] -> 0x02B5
[3349] [M]: 0x80003440 (0x02B52633) mulhsu a2, a0, a1
x12 <- 0x00000002


mem[X,0x80003444] -> 0xA423
mem[X,0x80003446] -> 0x16C6
[3350] [M]: 0x80003444 (0x16C6A423) sw a2, 360(a3)
mem[0x80005BC0] <- 0x00000002


mem[X,0x80003448] -> 0x6537
mem[X,0x8000344A] -> 0x6666
[3351] [M]: 0x80003448 (0x66666537) lui a0, 419430
x10 <- 0x66666000


mem[X,0x8000344C] -> 0x0513
mem[X,0x8000344E] -> 0x6655
[3352] [M]: 0x8000344C (0x66550513) addi a0, a0, 1637
x10 <- 0x66666665


mem[X,0x80003450] -> 0x35B7
mem[X,0x80003452] -> 0x3333
[3353] [M]: 0x80003450 (0x333335B7) lui a1, 209715
x11 <- 0x33333000


mem[X,0x80003454] -> 0x8593
mem[X,0x80003456] -> 0x3345
[3354] [M]: 0x80003454 (0x33458593) addi a1, a1, 820
x11 <- 0x33333334


mem[X,0x80003458] -> 0x2633
mem[X,0x8000345A] -> 0x02B5
[3355] [M]: 0x80003458 (0x02B52633) mulhsu a2, a0, a1
x12 <- 0x147AE147


mem[X,0x8000345C] -> 0xA623
mem[X,0x8000345E] -> 0x16C6
[3356] [M]: 0x8000345C (0x16C6A623) sw a2, 364(a3)
mem[0x80005BC4] <- 0x147AE147


mem[X,0x80003460] -> 0x6537
mem[X,0x80003462] -> 0x6666
[3357] [M]: 0x80003460 (0x66666537) lui a0, 419430
x10 <- 0x66666000


mem[X,0x80003464] -> 0x0513
mem[X,0x80003466] -> 0x6655
[3358] [M]: 0x80003464 (0x66550513) addi a0, a0, 1637
x10 <- 0x66666665


mem[X,0x80003468] -> 0x65B7
mem[X,0x8000346A] -> 0x6666
[3359] [M]: 0x80003468 (0x666665B7) lui a1, 419430
x11 <- 0x66666000


mem[X,0x8000346C] -> 0x8593
mem[X,0x8000346E] -> 0x6675
[3360] [M]: 0x8000346C (0x66758593) addi a1, a1, 1639
x11 <- 0x66666667


mem[X,0x80003470] -> 0x2633
mem[X,0x80003472] -> 0x02B5
[3361] [M]: 0x80003470 (0x02B52633) mulhsu a2, a0, a1
x12 <- 0x28F5C28F


mem[X,0x80003474] -> 0xA823
mem[X,0x80003476] -> 0x16C6
[3362] [M]: 0x80003474 (0x16C6A823) sw a2, 368(a3)
mem[0x80005BC8] <- 0x28F5C28F


mem[X,0x80003478] -> 0x6537
mem[X,0x8000347A] -> 0x6666
[3363] [M]: 0x80003478 (0x66666537) lui a0, 419430
x10 <- 0x66666000


mem[X,0x8000347C] -> 0x0513
mem[X,0x8000347E] -> 0x6655
[3364] [M]: 0x8000347C (0x66550513) addi a0, a0, 1637
x10 <- 0x66666665


mem[X,0x80003480] -> 0xB5B7
mem[X,0x80003482] -> 0x0000
[3365] [M]: 0x80003480 (0x0000B5B7) lui a1, 11
x11 <- 0x0000B000


mem[X,0x80003484] -> 0x8593
mem[X,0x80003486] -> 0x5055
[3366] [M]: 0x80003484 (0x50558593) addi a1, a1, 1285
x11 <- 0x0000B505


mem[X,0x80003488] -> 0x2633
mem[X,0x8000348A] -> 0x02B5
[3367] [M]: 0x80003488 (0x02B52633) mulhsu a2, a0, a1
x12 <- 0x00004868


mem[X,0x8000348C] -> 0xAA23
mem[X,0x8000348E] -> 0x16C6
[3368] [M]: 0x8000348C (0x16C6AA23) sw a2, 372(a3)
mem[0x80005BCC] <- 0x00004868


mem[X,0x80003490] -> 0x6537
mem[X,0x80003492] -> 0x6666
[3369] [M]: 0x80003490 (0x66666537) lui a0, 419430
x10 <- 0x66666000


mem[X,0x80003494] -> 0x0513
mem[X,0x80003496] -> 0x6655
[3370] [M]: 0x80003494 (0x66550513) addi a0, a0, 1637
x10 <- 0x66666665


mem[X,0x80003498] -> 0x0593
mem[X,0x8000349A] -> 0x0010
[3371] [M]: 0x80003498 (0x00100593) addi a1, zero, 1
x11 <- 0x00000001


mem[X,0x8000349C] -> 0x2633
mem[X,0x8000349E] -> 0x02B5
[3372] [M]: 0x8000349C (0x02B52633) mulhsu a2, a0, a1
x12 <- 0x00000000


mem[X,0x800034A0] -> 0xAC23
mem[X,0x800034A2] -> 0x16C6
[3373] [M]: 0x800034A0 (0x16C6AC23) sw a2, 376(a3)
mem[0x80005BD0] <- 0x00000000


mem[X,0x800034A4] -> 0x6537
mem[X,0x800034A6] -> 0x6666
[3374] [M]: 0x800034A4 (0x66666537) lui a0, 419430
x10 <- 0x66666000


mem[X,0x800034A8] -> 0x0513
mem[X,0x800034AA] -> 0x6655
[3375] [M]: 0x800034A8 (0x66550513) addi a0, a0, 1637
x10 <- 0x66666665


mem[X,0x800034AC] -> 0x05B7
mem[X,0x800034AE] -> 0x0001
[3376] [M]: 0x800034AC (0x000105B7) lui a1, 16
x11 <- 0x00010000


mem[X,0x800034B0] -> 0x2633
mem[X,0x800034B2] -> 0x02B5
[3377] [M]: 0x800034B0 (0x02B52633) mulhsu a2, a0, a1
x12 <- 0x00006666


mem[X,0x800034B4] -> 0xAE23
mem[X,0x800034B6] -> 0x16C6
[3378] [M]: 0x800034B4 (0x16C6AE23) sw a2, 380(a3)
mem[0x80005BD4] <- 0x00006666


mem[X,0x800034B8] -> 0xB537
mem[X,0x800034BA] -> 0x0000
[3379] [M]: 0x800034B8 (0x0000B537) lui a0, 11
x10 <- 0x0000B000


mem[X,0x800034BC] -> 0x0513
mem[X,0x800034BE] -> 0x5035
[3380] [M]: 0x800034BC (0x50350513) addi a0, a0, 1283
x10 <- 0x0000B503


mem[X,0x800034C0] -> 0x0593
mem[X,0x800034C2] -> 0x0030
[3381] [M]: 0x800034C0 (0x00300593) addi a1, zero, 3
x11 <- 0x00000003


mem[X,0x800034C4] -> 0x2633
mem[X,0x800034C6] -> 0x02B5
[3382] [M]: 0x800034C4 (0x02B52633) mulhsu a2, a0, a1
x12 <- 0x00000000


mem[X,0x800034C8] -> 0xA023
mem[X,0x800034CA] -> 0x18C6
[3383] [M]: 0x800034C8 (0x18C6A023) sw a2, 384(a3)
mem[0x80005BD8] <- 0x00000000


mem[X,0x800034CC] -> 0xB537
mem[X,0x800034CE] -> 0x0000
[3384] [M]: 0x800034CC (0x0000B537) lui a0, 11
x10 <- 0x0000B000


mem[X,0x800034D0] -> 0x0513
mem[X,0x800034D2] -> 0x5035
[3385] [M]: 0x800034D0 (0x50350513) addi a0, a0, 1283
x10 <- 0x0000B503


mem[X,0x800034D4] -> 0x55B7
mem[X,0x800034D6] -> 0x5555
[3386] [M]: 0x800034D4 (0x555555B7) lui a1, 349525
x11 <- 0x55555000


mem[X,0x800034D8] -> 0x8593
mem[X,0x800034DA] -> 0x5555
[3387] [M]: 0x800034D8 (0x55558593) addi a1, a1, 1365
x11 <- 0x55555555


mem[X,0x800034DC] -> 0x2633
mem[X,0x800034DE] -> 0x02B5
[3388] [M]: 0x800034DC (0x02B52633) mulhsu a2, a0, a1
x12 <- 0x00003C56


mem[X,0x800034E0] -> 0xA223
mem[X,0x800034E2] -> 0x18C6
[3389] [M]: 0x800034E0 (0x18C6A223) sw a2, 388(a3)
mem[0x80005BDC] <- 0x00003C56


mem[X,0x800034E4] -> 0xB537
mem[X,0x800034E6] -> 0x0000
[3390] [M]: 0x800034E4 (0x0000B537) lui a0, 11
x10 <- 0x0000B000


mem[X,0x800034E8] -> 0x0513
mem[X,0x800034EA] -> 0x5035
[3391] [M]: 0x800034E8 (0x50350513) addi a0, a0, 1283
x10 <- 0x0000B503


mem[X,0x800034EC] -> 0xB5B7
mem[X,0x800034EE] -> 0xAAAA
[3392] [M]: 0x800034EC (0xAAAAB5B7) lui a1, 699051
x11 <- 0xAAAAB000


mem[X,0x800034F0] -> 0x8593
mem[X,0x800034F2] -> 0xAAA5
[3393] [M]: 0x800034F0 (0xAAA58593) addi a1, a1, 2730
x11 <- 0xAAAAAAAA


mem[X,0x800034F4] -> 0x2633
mem[X,0x800034F6] -> 0x02B5
[3394] [M]: 0x800034F4 (0x02B52633) mulhsu a2, a0, a1
x12 <- 0x000078AC


mem[X,0x800034F8] -> 0xA423
mem[X,0x800034FA] -> 0x18C6
[3395] [M]: 0x800034F8 (0x18C6A423) sw a2, 392(a3)
mem[0x80005BE0] <- 0x000078AC


mem[X,0x800034FC] -> 0xB537
mem[X,0x800034FE] -> 0x0000
[3396] [M]: 0x800034FC (0x0000B537) lui a0, 11
x10 <- 0x0000B000


mem[X,0x80003500] -> 0x0513
mem[X,0x80003502] -> 0x5035
[3397] [M]: 0x80003500 (0x50350513) addi a0, a0, 1283
x10 <- 0x0000B503


mem[X,0x80003504] -> 0x0593
mem[X,0x80003506] -> 0x0050
[3398] [M]: 0x80003504 (0x00500593) addi a1, zero, 5
x11 <- 0x00000005


mem[X,0x80003508] -> 0x2633
mem[X,0x8000350A] -> 0x02B5
[3399] [M]: 0x80003508 (0x02B52633) mulhsu a2, a0, a1
x12 <- 0x00000000


clint::tick mtime <- 0x0000000000000022
 clint timer pending at mtime 0x0000000000000022
htif::tick 0x0000000000000000
mem[X,0x8000350C] -> 0xA623
mem[X,0x8000350E] -> 0x18C6
[3400] [M]: 0x8000350C (0x18C6A623) sw a2, 396(a3)
mem[0x80005BE4] <- 0x00000000


mem[X,0x80003510] -> 0xB537
mem[X,0x80003512] -> 0x0000
[3401] [M]: 0x80003510 (0x0000B537) lui a0, 11
x10 <- 0x0000B000


mem[X,0x80003514] -> 0x0513
mem[X,0x80003516] -> 0x5035
[3402] [M]: 0x80003514 (0x50350513) addi a0, a0, 1283
x10 <- 0x0000B503


mem[X,0x80003518] -> 0x35B7
mem[X,0x8000351A] -> 0x3333
[3403] [M]: 0x80003518 (0x333335B7) lui a1, 209715
x11 <- 0x33333000


mem[X,0x8000351C] -> 0x8593
mem[X,0x8000351E] -> 0x3335
[3404] [M]: 0x8000351C (0x33358593) addi a1, a1, 819
x11 <- 0x33333333


mem[X,0x80003520] -> 0x2633
mem[X,0x80003522] -> 0x02B5
[3405] [M]: 0x80003520 (0x02B52633) mulhsu a2, a0, a1
x12 <- 0x00002433


mem[X,0x80003524] -> 0xA823
mem[X,0x80003526] -> 0x18C6
[3406] [M]: 0x80003524 (0x18C6A823) sw a2, 400(a3)
mem[0x80005BE8] <- 0x00002433


mem[X,0x80003528] -> 0xB537
mem[X,0x8000352A] -> 0x0000
[3407] [M]: 0x80003528 (0x0000B537) lui a0, 11
x10 <- 0x0000B000


mem[X,0x8000352C] -> 0x0513
mem[X,0x8000352E] -> 0x5035
[3408] [M]: 0x8000352C (0x50350513) addi a0, a0, 1283
x10 <- 0x0000B503


mem[X,0x80003530] -> 0x65B7
mem[X,0x80003532] -> 0x6666
[3409] [M]: 0x80003530 (0x666665B7) lui a1, 419430
x11 <- 0x66666000


mem[X,0x80003534] -> 0x8593
mem[X,0x80003536] -> 0x6665
[3410] [M]: 0x80003534 (0x66658593) addi a1, a1, 1638
x11 <- 0x66666666


mem[X,0x80003538] -> 0x2633
mem[X,0x8000353A] -> 0x02B5
[3411] [M]: 0x80003538 (0x02B52633) mulhsu a2, a0, a1
x12 <- 0x00004867


mem[X,0x8000353C] -> 0xAA23
mem[X,0x8000353E] -> 0x18C6
[3412] [M]: 0x8000353C (0x18C6AA23) sw a2, 404(a3)
mem[0x80005BEC] <- 0x00004867


mem[X,0x80003540] -> 0xB537
mem[X,0x80003542] -> 0x0000
[3413] [M]: 0x80003540 (0x0000B537) lui a0, 11
x10 <- 0x0000B000


mem[X,0x80003544] -> 0x0513
mem[X,0x80003546] -> 0x5035
[3414] [M]: 0x80003544 (0x50350513) addi a0, a0, 1283
x10 <- 0x0000B503


mem[X,0x80003548] -> 0xB5B7
mem[X,0x8000354A] -> 0x0000
[3415] [M]: 0x80003548 (0x0000B5B7) lui a1, 11
x11 <- 0x0000B000


mem[X,0x8000354C] -> 0x8593
mem[X,0x8000354E] -> 0x5045
[3416] [M]: 0x8000354C (0x50458593) addi a1, a1, 1284
x11 <- 0x0000B504


mem[X,0x80003550] -> 0x2633
mem[X,0x80003552] -> 0x02B5
[3417] [M]: 0x80003550 (0x02B52633) mulhsu a2, a0, a1
x12 <- 0x00000000


mem[X,0x80003554] -> 0xAC23
mem[X,0x80003556] -> 0x18C6
[3418] [M]: 0x80003554 (0x18C6AC23) sw a2, 408(a3)
mem[0x80005BF0] <- 0x00000000


mem[X,0x80003558] -> 0xB537
mem[X,0x8000355A] -> 0x0000
[3419] [M]: 0x80003558 (0x0000B537) lui a0, 11
x10 <- 0x0000B000


mem[X,0x8000355C] -> 0x0513
mem[X,0x8000355E] -> 0x5035
[3420] [M]: 0x8000355C (0x50350513) addi a0, a0, 1283
x10 <- 0x0000B503


mem[X,0x80003560] -> 0x05B7
mem[X,0x80003562] -> 0x0001
[3421] [M]: 0x80003560 (0x000105B7) lui a1, 16
x11 <- 0x00010000


mem[X,0x80003564] -> 0x8593
mem[X,0x80003566] -> 0xFFF5
[3422] [M]: 0x80003564 (0xFFF58593) addi a1, a1, 4095
x11 <- 0x0000FFFF


mem[X,0x80003568] -> 0x2633
mem[X,0x8000356A] -> 0x02B5
[3423] [M]: 0x80003568 (0x02B52633) mulhsu a2, a0, a1
x12 <- 0x00000000


mem[X,0x8000356C] -> 0xAE23
mem[X,0x8000356E] -> 0x18C6
[3424] [M]: 0x8000356C (0x18C6AE23) sw a2, 412(a3)
mem[0x80005BF4] <- 0x00000000


mem[X,0x80003570] -> 0xB537
mem[X,0x80003572] -> 0x0000
[3425] [M]: 0x80003570 (0x0000B537) lui a0, 11
x10 <- 0x0000B000


mem[X,0x80003574] -> 0x0513
mem[X,0x80003576] -> 0x5035
[3426] [M]: 0x80003574 (0x50350513) addi a0, a0, 1283
x10 <- 0x0000B503


mem[X,0x80003578] -> 0x0593
mem[X,0x8000357A] -> 0x0020
[3427] [M]: 0x80003578 (0x00200593) addi a1, zero, 2
x11 <- 0x00000002


mem[X,0x8000357C] -> 0x2633
mem[X,0x8000357E] -> 0x02B5
[3428] [M]: 0x8000357C (0x02B52633) mulhsu a2, a0, a1
x12 <- 0x00000000


mem[X,0x80003580] -> 0xA023
mem[X,0x80003582] -> 0x1AC6
[3429] [M]: 0x80003580 (0x1AC6A023) sw a2, 416(a3)
mem[0x80005BF8] <- 0x00000000


mem[X,0x80003584] -> 0xB537
mem[X,0x80003586] -> 0x0000
[3430] [M]: 0x80003584 (0x0000B537) lui a0, 11
x10 <- 0x0000B000


mem[X,0x80003588] -> 0x0513
mem[X,0x8000358A] -> 0x5035
[3431] [M]: 0x80003588 (0x50350513) addi a0, a0, 1283
x10 <- 0x0000B503


mem[X,0x8000358C] -> 0x55B7
mem[X,0x8000358E] -> 0x5555
[3432] [M]: 0x8000358C (0x555555B7) lui a1, 349525
x11 <- 0x55555000


mem[X,0x80003590] -> 0x8593
mem[X,0x80003592] -> 0x5545
[3433] [M]: 0x80003590 (0x55458593) addi a1, a1, 1364
x11 <- 0x55555554


mem[X,0x80003594] -> 0x2633
mem[X,0x80003596] -> 0x02B5
[3434] [M]: 0x80003594 (0x02B52633) mulhsu a2, a0, a1
x12 <- 0x00003C56


mem[X,0x80003598] -> 0xA223
mem[X,0x8000359A] -> 0x1AC6
[3435] [M]: 0x80003598 (0x1AC6A223) sw a2, 420(a3)
mem[0x80005BFC] <- 0x00003C56


mem[X,0x8000359C] -> 0xB537
mem[X,0x8000359E] -> 0x0000
[3436] [M]: 0x8000359C (0x0000B537) lui a0, 11
x10 <- 0x0000B000


mem[X,0x800035A0] -> 0x0513
mem[X,0x800035A2] -> 0x5035
[3437] [M]: 0x800035A0 (0x50350513) addi a0, a0, 1283
x10 <- 0x0000B503


mem[X,0x800035A4] -> 0xB5B7
mem[X,0x800035A6] -> 0xAAAA
[3438] [M]: 0x800035A4 (0xAAAAB5B7) lui a1, 699051
x11 <- 0xAAAAB000


mem[X,0x800035A8] -> 0x8593
mem[X,0x800035AA] -> 0xAA95
[3439] [M]: 0x800035A8 (0xAA958593) addi a1, a1, 2729
x11 <- 0xAAAAAAA9


mem[X,0x800035AC] -> 0x2633
mem[X,0x800035AE] -> 0x02B5
[3440] [M]: 0x800035AC (0x02B52633) mulhsu a2, a0, a1
x12 <- 0x000078AC


mem[X,0x800035B0] -> 0xA423
mem[X,0x800035B2] -> 0x1AC6
[3441] [M]: 0x800035B0 (0x1AC6A423) sw a2, 424(a3)
mem[0x80005C00] <- 0x000078AC


mem[X,0x800035B4] -> 0xB537
mem[X,0x800035B6] -> 0x0000
[3442] [M]: 0x800035B4 (0x0000B537) lui a0, 11
x10 <- 0x0000B000


mem[X,0x800035B8] -> 0x0513
mem[X,0x800035BA] -> 0x5035
[3443] [M]: 0x800035B8 (0x50350513) addi a0, a0, 1283
x10 <- 0x0000B503


mem[X,0x800035BC] -> 0x0593
mem[X,0x800035BE] -> 0x0040
[3444] [M]: 0x800035BC (0x00400593) addi a1, zero, 4
x11 <- 0x00000004


mem[X,0x800035C0] -> 0x2633
mem[X,0x800035C2] -> 0x02B5
[3445] [M]: 0x800035C0 (0x02B52633) mulhsu a2, a0, a1
x12 <- 0x00000000


mem[X,0x800035C4] -> 0xA623
mem[X,0x800035C6] -> 0x1AC6
[3446] [M]: 0x800035C4 (0x1AC6A623) sw a2, 428(a3)
mem[0x80005C04] <- 0x00000000


mem[X,0x800035C8] -> 0xB537
mem[X,0x800035CA] -> 0x0000
[3447] [M]: 0x800035C8 (0x0000B537) lui a0, 11
x10 <- 0x0000B000


mem[X,0x800035CC] -> 0x0513
mem[X,0x800035CE] -> 0x5035
[3448] [M]: 0x800035CC (0x50350513) addi a0, a0, 1283
x10 <- 0x0000B503


mem[X,0x800035D0] -> 0x65B7
mem[X,0x800035D2] -> 0x6666
[3449] [M]: 0x800035D0 (0x666665B7) lui a1, 419430
x11 <- 0x66666000


mem[X,0x800035D4] -> 0x8593
mem[X,0x800035D6] -> 0x6655
[3450] [M]: 0x800035D4 (0x66558593) addi a1, a1, 1637
x11 <- 0x66666665


mem[X,0x800035D8] -> 0x2633
mem[X,0x800035DA] -> 0x02B5
[3451] [M]: 0x800035D8 (0x02B52633) mulhsu a2, a0, a1
x12 <- 0x00004867


mem[X,0x800035DC] -> 0xA823
mem[X,0x800035DE] -> 0x1AC6
[3452] [M]: 0x800035DC (0x1AC6A823) sw a2, 432(a3)
mem[0x80005C08] <- 0x00004867


mem[X,0x800035E0] -> 0xB537
mem[X,0x800035E2] -> 0x0000
[3453] [M]: 0x800035E0 (0x0000B537) lui a0, 11
x10 <- 0x0000B000


mem[X,0x800035E4] -> 0x0513
mem[X,0x800035E6] -> 0x5035
[3454] [M]: 0x800035E4 (0x50350513) addi a0, a0, 1283
x10 <- 0x0000B503


mem[X,0x800035E8] -> 0xB5B7
mem[X,0x800035EA] -> 0x0000
[3455] [M]: 0x800035E8 (0x0000B5B7) lui a1, 11
x11 <- 0x0000B000


mem[X,0x800035EC] -> 0x8593
mem[X,0x800035EE] -> 0x5035
[3456] [M]: 0x800035EC (0x50358593) addi a1, a1, 1283
x11 <- 0x0000B503


mem[X,0x800035F0] -> 0x2633
mem[X,0x800035F2] -> 0x02B5
[3457] [M]: 0x800035F0 (0x02B52633) mulhsu a2, a0, a1
x12 <- 0x00000000


mem[X,0x800035F4] -> 0xAA23
mem[X,0x800035F6] -> 0x1AC6
[3458] [M]: 0x800035F4 (0x1AC6AA23) sw a2, 436(a3)
mem[0x80005C0C] <- 0x00000000


mem[X,0x800035F8] -> 0xB537
mem[X,0x800035FA] -> 0x0000
[3459] [M]: 0x800035F8 (0x0000B537) lui a0, 11
x10 <- 0x0000B000


mem[X,0x800035FC] -> 0x0513
mem[X,0x800035FE] -> 0x5035
[3460] [M]: 0x800035FC (0x50350513) addi a0, a0, 1283
x10 <- 0x0000B503


mem[X,0x80003600] -> 0x05B7
mem[X,0x80003602] -> 0x0001
[3461] [M]: 0x80003600 (0x000105B7) lui a1, 16
x11 <- 0x00010000


mem[X,0x80003604] -> 0x8593
mem[X,0x80003606] -> 0xFFE5
[3462] [M]: 0x80003604 (0xFFE58593) addi a1, a1, 4094
x11 <- 0x0000FFFE


mem[X,0x80003608] -> 0x2633
mem[X,0x8000360A] -> 0x02B5
[3463] [M]: 0x80003608 (0x02B52633) mulhsu a2, a0, a1
x12 <- 0x00000000


mem[X,0x8000360C] -> 0xAC23
mem[X,0x8000360E] -> 0x1AC6
[3464] [M]: 0x8000360C (0x1AC6AC23) sw a2, 440(a3)
mem[0x80005C10] <- 0x00000000


mem[X,0x80003610] -> 0xB537
mem[X,0x80003612] -> 0x0000
[3465] [M]: 0x80003610 (0x0000B537) lui a0, 11
x10 <- 0x0000B000


mem[X,0x80003614] -> 0x0513
mem[X,0x80003616] -> 0x5035
[3466] [M]: 0x80003614 (0x50350513) addi a0, a0, 1283
x10 <- 0x0000B503


mem[X,0x80003618] -> 0x55B7
mem[X,0x8000361A] -> 0x5555
[3467] [M]: 0x80003618 (0x555555B7) lui a1, 349525
x11 <- 0x55555000


mem[X,0x8000361C] -> 0x8593
mem[X,0x8000361E] -> 0x5565
[3468] [M]: 0x8000361C (0x55658593) addi a1, a1, 1366
x11 <- 0x55555556


mem[X,0x80003620] -> 0x2633
mem[X,0x80003622] -> 0x02B5
[3469] [M]: 0x80003620 (0x02B52633) mulhsu a2, a0, a1
x12 <- 0x00003C56


mem[X,0x80003624] -> 0xAE23
mem[X,0x80003626] -> 0x1AC6
[3470] [M]: 0x80003624 (0x1AC6AE23) sw a2, 444(a3)
mem[0x80005C14] <- 0x00003C56


mem[X,0x80003628] -> 0xB537
mem[X,0x8000362A] -> 0x0000
[3471] [M]: 0x80003628 (0x0000B537) lui a0, 11
x10 <- 0x0000B000


mem[X,0x8000362C] -> 0x0513
mem[X,0x8000362E] -> 0x5035
[3472] [M]: 0x8000362C (0x50350513) addi a0, a0, 1283
x10 <- 0x0000B503


mem[X,0x80003630] -> 0xB5B7
mem[X,0x80003632] -> 0xAAAA
[3473] [M]: 0x80003630 (0xAAAAB5B7) lui a1, 699051
x11 <- 0xAAAAB000


mem[X,0x80003634] -> 0x8593
mem[X,0x80003636] -> 0xAAB5
[3474] [M]: 0x80003634 (0xAAB58593) addi a1, a1, 2731
x11 <- 0xAAAAAAAB


mem[X,0x80003638] -> 0x2633
mem[X,0x8000363A] -> 0x02B5
[3475] [M]: 0x80003638 (0x02B52633) mulhsu a2, a0, a1
x12 <- 0x000078AC


mem[X,0x8000363C] -> 0xA023
mem[X,0x8000363E] -> 0x1CC6
[3476] [M]: 0x8000363C (0x1CC6A023) sw a2, 448(a3)
mem[0x80005C18] <- 0x000078AC


mem[X,0x80003640] -> 0xB537
mem[X,0x80003642] -> 0x0000
[3477] [M]: 0x80003640 (0x0000B537) lui a0, 11
x10 <- 0x0000B000


mem[X,0x80003644] -> 0x0513
mem[X,0x80003646] -> 0x5035
[3478] [M]: 0x80003644 (0x50350513) addi a0, a0, 1283
x10 <- 0x0000B503


mem[X,0x80003648] -> 0x0593
mem[X,0x8000364A] -> 0x0060
[3479] [M]: 0x80003648 (0x00600593) addi a1, zero, 6
x11 <- 0x00000006


mem[X,0x8000364C] -> 0x2633
mem[X,0x8000364E] -> 0x02B5
[3480] [M]: 0x8000364C (0x02B52633) mulhsu a2, a0, a1
x12 <- 0x00000000


mem[X,0x80003650] -> 0xA223
mem[X,0x80003652] -> 0x1CC6
[3481] [M]: 0x80003650 (0x1CC6A223) sw a2, 452(a3)
mem[0x80005C1C] <- 0x00000000


mem[X,0x80003654] -> 0xB537
mem[X,0x80003656] -> 0x0000
[3482] [M]: 0x80003654 (0x0000B537) lui a0, 11
x10 <- 0x0000B000


mem[X,0x80003658] -> 0x0513
mem[X,0x8000365A] -> 0x5035
[3483] [M]: 0x80003658 (0x50350513) addi a0, a0, 1283
x10 <- 0x0000B503


mem[X,0x8000365C] -> 0x35B7
mem[X,0x8000365E] -> 0x3333
[3484] [M]: 0x8000365C (0x333335B7) lui a1, 209715
x11 <- 0x33333000


mem[X,0x80003660] -> 0x8593
mem[X,0x80003662] -> 0x3345
[3485] [M]: 0x80003660 (0x33458593) addi a1, a1, 820
x11 <- 0x33333334


mem[X,0x80003664] -> 0x2633
mem[X,0x80003666] -> 0x02B5
[3486] [M]: 0x80003664 (0x02B52633) mulhsu a2, a0, a1
x12 <- 0x00002433


mem[X,0x80003668] -> 0xA423
mem[X,0x8000366A] -> 0x1CC6
[3487] [M]: 0x80003668 (0x1CC6A423) sw a2, 456(a3)
mem[0x80005C20] <- 0x00002433


mem[X,0x8000366C] -> 0xB537
mem[X,0x8000366E] -> 0x0000
[3488] [M]: 0x8000366C (0x0000B537) lui a0, 11
x10 <- 0x0000B000


mem[X,0x80003670] -> 0x0513
mem[X,0x80003672] -> 0x5035
[3489] [M]: 0x80003670 (0x50350513) addi a0, a0, 1283
x10 <- 0x0000B503


mem[X,0x80003674] -> 0x65B7
mem[X,0x80003676] -> 0x6666
[3490] [M]: 0x80003674 (0x666665B7) lui a1, 419430
x11 <- 0x66666000


mem[X,0x80003678] -> 0x8593
mem[X,0x8000367A] -> 0x6675
[3491] [M]: 0x80003678 (0x66758593) addi a1, a1, 1639
x11 <- 0x66666667


mem[X,0x8000367C] -> 0x2633
mem[X,0x8000367E] -> 0x02B5
[3492] [M]: 0x8000367C (0x02B52633) mulhsu a2, a0, a1
x12 <- 0x00004867


mem[X,0x80003680] -> 0xA623
mem[X,0x80003682] -> 0x1CC6
[3493] [M]: 0x80003680 (0x1CC6A623) sw a2, 460(a3)
mem[0x80005C24] <- 0x00004867


mem[X,0x80003684] -> 0x0537
mem[X,0x80003686] -> 0xE000
[3494] [M]: 0x80003684 (0xE0000537) lui a0, 917504
x10 <- 0xE0000000


mem[X,0x80003688] -> 0x0513
mem[X,0x8000368A] -> 0xFFF5
[3495] [M]: 0x80003688 (0xFFF50513) addi a0, a0, 4095
x10 <- 0xDFFFFFFF


mem[X,0x8000368C] -> 0x0593
mem[X,0x8000368E] -> 0x0010
[3496] [M]: 0x8000368C (0x00100593) addi a1, zero, 1
x11 <- 0x00000001


mem[X,0x80003690] -> 0x2633
mem[X,0x80003692] -> 0x02B5
[3497] [M]: 0x80003690 (0x02B52633) mulhsu a2, a0, a1
x12 <- 0xFFFFFFFF


mem[X,0x80003694] -> 0xA823
mem[X,0x80003696] -> 0x1CC6
[3498] [M]: 0x80003694 (0x1CC6A823) sw a2, 464(a3)
mem[0x80005C28] <- 0xFFFFFFFF


mem[X,0x80003698] -> 0x0537
mem[X,0x8000369A] -> 0x8000
[3499] [M]: 0x80003698 (0x80000537) lui a0, 524288
x10 <- 0x80000000


clint::tick mtime <- 0x0000000000000023
 clint timer pending at mtime 0x0000000000000023
htif::tick 0x0000000000000000
mem[X,0x8000369C] -> 0x0593
mem[X,0x8000369E] -> 0xFDF0
[3500] [M]: 0x8000369C (0xFDF00593) addi a1, zero, 4063
x11 <- 0xFFFFFFDF


mem[X,0x800036A0] -> 0x2633
mem[X,0x800036A2] -> 0x02B5
[3501] [M]: 0x800036A0 (0x02B52633) mulhsu a2, a0, a1
x12 <- 0x80000010


mem[X,0x800036A4] -> 0xAA23
mem[X,0x800036A6] -> 0x1CC6
[3502] [M]: 0x800036A4 (0x1CC6AA23) sw a2, 468(a3)
mem[0x80005C2C] <- 0x80000010


mem[X,0x800036A8] -> 0x0537
mem[X,0x800036AA] -> 0x0040
[3503] [M]: 0x800036A8 (0x00400537) lui a0, 1024
x10 <- 0x00400000


mem[X,0x800036AC] -> 0x25B7
mem[X,0x800036AE] -> 0x0000
[3504] [M]: 0x800036AC (0x000025B7) lui a1, 2
x11 <- 0x00002000


mem[X,0x800036B0] -> 0x2633
mem[X,0x800036B2] -> 0x02B5
[3505] [M]: 0x800036B0 (0x02B52633) mulhsu a2, a0, a1
x12 <- 0x00000008


mem[X,0x800036B4] -> 0xAC23
mem[X,0x800036B6] -> 0x1CC6
[3506] [M]: 0x800036B4 (0x1CC6AC23) sw a2, 472(a3)
mem[0x80005C30] <- 0x00000008


mem[X,0x800036B8] -> 0x0013
mem[X,0x800036BA] -> 0x0000
[3507] [M]: 0x800036B8 (0x00000013) addi zero, zero, 0


mem[X,0x800036BC] -> 0x0013
mem[X,0x800036BE] -> 0x0000
[3508] [M]: 0x800036BC (0x00000013) addi zero, zero, 0


mem[X,0x800036C0] -> 0x0093
mem[X,0x800036C2] -> 0x0010
[3509] [M]: 0x800036C0 (0x00100093) addi ra, zero, 1
x1 <- 0x00000001


mem[X,0x800036C4] -> 0x1F17
mem[X,0x800036C6] -> 0x0000
[3510] [M]: 0x800036C4 (0x00001F17) auipc t5, 1
x30 <- 0x800046C4


mem[X,0x800036C8] -> 0x2E23
mem[X,0x800036CA] -> 0x921F
[3511] [M]: 0x800036C8 (0x921F2E23) sw ra, 2364(t5)
htif[0x80004000] <- 0x00000001


mem[X,0x800036CC] -> 0xF06F
mem[X,0x800036CE] -> 0xFF9F
[3512] [M]: 0x800036CC (0xFF9FF06F) jal zero, 2097144


mem[X,0x800036C4] -> 0x1F17
mem[X,0x800036C6] -> 0x0000
[3513] [M]: 0x800036C4 (0x00001F17) auipc t5, 1
x30 <- 0x800046C4


mem[X,0x800036C8] -> 0x2E23
mem[X,0x800036CA] -> 0x921F
[3514] [M]: 0x800036C8 (0x921F2E23) sw ra, 2364(t5)
htif[0x80004000] <- 0x00000001


mem[X,0x800036CC] -> 0xF06F
mem[X,0x800036CE] -> 0xFF9F
[3515] [M]: 0x800036CC (0xFF9FF06F) jal zero, 2097144


mem[X,0x800036C4] -> 0x1F17
mem[X,0x800036C6] -> 0x0000
[3516] [M]: 0x800036C4 (0x00001F17) auipc t5, 1
x30 <- 0x800046C4


mem[X,0x800036C8] -> 0x2E23
mem[X,0x800036CA] -> 0x921F
[3517] [M]: 0x800036C8 (0x921F2E23) sw ra, 2364(t5)
htif[0x80004000] <- 0x00000001
htif-syscall-proxy cmd: 0x000000000001

SUCCESS
