using /home/xe-lpt-71/Documents/5stageCompliance/riscof_work/div-01.S/ref/Reference-sail_c_simulator.signature for test-signature output.
[Sail] Allocating new block 0x80000000
tohost located at 0x80004000
[Sail] Allocating new block 0x0

Running file sail-div-01.elf.
ELF Entry @ 0x80000000
begin_signature: 0x80005210
end_signature: 0x80005b50
CSR mstatus <- 0x00000000 (input: 0x00000000)
mem[X,0x00001000] -> 0x0297
mem[X,0x00001002] -> 0x0000
[0] [M]: 0x00001000 (0x00000297) auipc t0, 0
x5 <- 0x00001000


mem[X,0x00001004] -> 0x8593
mem[X,0x00001006] -> 0x0202
[1] [M]: 0x00001004 (0x02028593) addi a1, t0, 32
x11 <- 0x00001020


mem[X,0x00001008] -> 0x2573
mem[X,0x0000100A] -> 0xF140
[2] [M]: 0x00001008 (0xF1402573) csrrs a0, mhartid, zero
CSR mhartid -> 0x00000000
x10 <- 0x00000000


mem[X,0x0000100C] -> 0xA283
mem[X,0x0000100E] -> 0x0182
[3] [M]: 0x0000100C (0x0182A283) lw t0, 24(t0)
mem[R,0x00001018] -> 0x80000000
x5 <- 0x80000000


mem[X,0x00001010] -> 0x8067
mem[X,0x00001012] -> 0x0002
[4] [M]: 0x00001010 (0x00028067) jalr zero, t0, 0


mem[X,0x80000000] -> 0xC0B7
mem[X,0x80000002] -> 0xFEED
[5] [M]: 0x80000000 (0xFEEDC0B7) lui ra, 1044188
x1 <- 0xFEEDC000


mem[X,0x80000004] -> 0x8093
mem[X,0x80000006] -> 0xEAD0
[6] [M]: 0x80000004 (0xEAD08093) addi ra, ra, 3757
x1 <- 0xFEEDBEAD


mem[X,0x80000008] -> 0xE137
mem[X,0x8000000A] -> 0xFF76
[7] [M]: 0x80000008 (0xFF76E137) lui sp, 1046382
x2 <- 0xFF76E000


mem[X,0x8000000C] -> 0x0113
mem[X,0x8000000E] -> 0xF561
[8] [M]: 0x8000000C (0xF5610113) addi sp, sp, 3926
x2 <- 0xFF76DF56


mem[X,0x80000010] -> 0x71B7
mem[X,0x80000012] -> 0x7FBB
[9] [M]: 0x80000010 (0x7FBB71B7) lui gp, 523191
x3 <- 0x7FBB7000


mem[X,0x80000014] -> 0x8193
mem[X,0x80000016] -> 0xFAB1
[10] [M]: 0x80000014 (0xFAB18193) addi gp, gp, 4011
x3 <- 0x7FBB6FAB


mem[X,0x80000018] -> 0xB237
mem[X,0x8000001A] -> 0xBFDD
[11] [M]: 0x80000018 (0xBFDDB237) lui tp, 785883
x4 <- 0xBFDDB000


mem[X,0x8000001C] -> 0x0213
mem[X,0x8000001E] -> 0x7D52
[12] [M]: 0x8000001C (0x7D520213) addi tp, tp, 2005
x4 <- 0xBFDDB7D5


mem[X,0x80000020] -> 0x0297
mem[X,0x80000022] -> 0x0000
[13] [M]: 0x80000020 (0x00000297) auipc t0, 0
x5 <- 0x80000020


mem[X,0x80000024] -> 0x8293
mem[X,0x80000026] -> 0x0D82
[14] [M]: 0x80000024 (0x0D828293) addi t0, t0, 216
x5 <- 0x800000F8


mem[X,0x80000028] -> 0x5317
mem[X,0x8000002A] -> 0x0000
[15] [M]: 0x80000028 (0x00005317) auipc t1, 5
x6 <- 0x80005028


mem[X,0x8000002C] -> 0x0313
mem[X,0x8000002E] -> 0xFD83
[16] [M]: 0x8000002C (0xFD830313) addi t1, t1, 4056
x6 <- 0x80005000


mem[X,0x80000030] -> 0xB3B7
mem[X,0x80000032] -> 0xB7FB
[17] [M]: 0x80000030 (0xB7FBB3B7) lui t2, 753595
x7 <- 0xB7FBB000


mem[X,0x80000034] -> 0x8393
mem[X,0x80000036] -> 0x6FA3
[18] [M]: 0x80000034 (0x6FA38393) addi t2, t2, 1786
x7 <- 0xB7FBB6FA


mem[X,0x80000038] -> 0xE437
mem[X,0x8000003A] -> 0x5BFD
[19] [M]: 0x80000038 (0x5BFDE437) lui fp, 376798
x8 <- 0x5BFDE000


mem[X,0x8000003C] -> 0x0413
mem[X,0x8000003E] -> 0xB7D4
[20] [M]: 0x8000003C (0xB7D40413) addi fp, fp, 2941
x8 <- 0x5BFDDB7D


mem[X,0x80000040] -> 0xF4B7
mem[X,0x80000042] -> 0xADFE
[21] [M]: 0x80000040 (0xADFEF4B7) lui s1, 712687
x9 <- 0xADFEF000


mem[X,0x80000044] -> 0x8493
mem[X,0x80000046] -> 0xDBE4
[22] [M]: 0x80000044 (0xDBE48493) addi s1, s1, 3518
x9 <- 0xADFEEDBE


mem[X,0x80000048] -> 0x7537
mem[X,0x8000004A] -> 0x56FF
[23] [M]: 0x80000048 (0x56FF7537) lui a0, 356343
x10 <- 0x56FF7000


mem[X,0x8000004C] -> 0x0513
mem[X,0x8000004E] -> 0x6DF5
[24] [M]: 0x8000004C (0x6DF50513) addi a0, a0, 1759
x10 <- 0x56FF76DF


mem[X,0x80000050] -> 0xC5B7
mem[X,0x80000052] -> 0xAB7F
[25] [M]: 0x80000050 (0xAB7FC5B7) lui a1, 702460
x11 <- 0xAB7FC000


mem[X,0x80000054] -> 0x8593
mem[X,0x80000056] -> 0xB6F5
[26] [M]: 0x80000054 (0xB6F58593) addi a1, a1, 2927
x11 <- 0xAB7FBB6F


mem[X,0x80000058] -> 0xE637
mem[X,0x8000005A] -> 0xD5BF
[27] [M]: 0x80000058 (0xD5BFE637) lui a2, 875518
x12 <- 0xD5BFE000


mem[X,0x8000005C] -> 0x0613
mem[X,0x8000005E] -> 0xDB76
[28] [M]: 0x8000005C (0xDB760613) addi a2, a2, 3511
x12 <- 0xD5BFDDB7


mem[X,0x80000060] -> 0xF6B7
mem[X,0x80000062] -> 0xEADF
[29] [M]: 0x80000060 (0xEADFF6B7) lui a3, 962047
x13 <- 0xEADFF000


mem[X,0x80000064] -> 0x8693
mem[X,0x80000066] -> 0xEDB6
[30] [M]: 0x80000064 (0xEDB68693) addi a3, a3, 3803
x13 <- 0xEADFEEDB


mem[X,0x80000068] -> 0xF737
mem[X,0x8000006A] -> 0xF56F
[31] [M]: 0x80000068 (0xF56FF737) lui a4, 1005311
x14 <- 0xF56FF000


mem[X,0x8000006C] -> 0x0713
mem[X,0x8000006E] -> 0x76D7
[32] [M]: 0x8000006C (0x76D70713) addi a4, a4, 1901
x14 <- 0xF56FF76D


mem[X,0x80000070] -> 0x07B7
mem[X,0x80000072] -> 0xFAB8
[33] [M]: 0x80000070 (0xFAB807B7) lui a5, 1026944
x15 <- 0xFAB80000


mem[X,0x80000074] -> 0x8793
mem[X,0x80000076] -> 0xBB67
[34] [M]: 0x80000074 (0xBB678793) addi a5, a5, 2998
x15 <- 0xFAB7FBB6


mem[X,0x80000078] -> 0x0837
mem[X,0x8000007A] -> 0x7D5C
[35] [M]: 0x80000078 (0x7D5C0837) lui a6, 513472
x16 <- 0x7D5C0000


mem[X,0x8000007C] -> 0x0813
mem[X,0x8000007E] -> 0xDDB8
[36] [M]: 0x8000007C (0xDDB80813) addi a6, a6, 3547
x16 <- 0x7D5BFDDB


mem[X,0x80000080] -> 0x08B7
mem[X,0x80000082] -> 0xBEAE
[37] [M]: 0x80000080 (0xBEAE08B7) lui a7, 781024
x17 <- 0xBEAE0000


mem[X,0x80000084] -> 0x8893
mem[X,0x80000086] -> 0xEED8
[38] [M]: 0x80000084 (0xEED88893) addi a7, a7, 3821
x17 <- 0xBEADFEED


mem[X,0x80000088] -> 0x0937
mem[X,0x8000008A] -> 0xDF57
[39] [M]: 0x80000088 (0xDF570937) lui s2, 914800
x18 <- 0xDF570000


mem[X,0x8000008C] -> 0x0913
mem[X,0x8000008E] -> 0xF769
[40] [M]: 0x8000008C (0xF7690913) addi s2, s2, 3958
x18 <- 0xDF56FF76


mem[X,0x80000090] -> 0x89B7
mem[X,0x80000092] -> 0x6FAB
[41] [M]: 0x80000090 (0x6FAB89B7) lui s3, 457400
x19 <- 0x6FAB8000


mem[X,0x80000094] -> 0x8993
mem[X,0x80000096] -> 0xFBB9
[42] [M]: 0x80000094 (0xFBB98993) addi s3, s3, 4027
x19 <- 0x6FAB7FBB


mem[X,0x80000098] -> 0xCA37
mem[X,0x8000009A] -> 0xB7D5
[43] [M]: 0x80000098 (0xB7D5CA37) lui s4, 752988
x20 <- 0xB7D5C000


mem[X,0x8000009C] -> 0x0A13
mem[X,0x8000009E] -> 0xFDDA
[44] [M]: 0x8000009C (0xFDDA0A13) addi s4, s4, 4061
x20 <- 0xB7D5BFDD


mem[X,0x800000A0] -> 0xEAB7
mem[X,0x800000A2] -> 0xDBEA
[45] [M]: 0x800000A0 (0xDBEAEAB7) lui s5, 900782
x21 <- 0xDBEAE000


mem[X,0x800000A4] -> 0x8A93
mem[X,0x800000A6] -> 0xFEEA
[46] [M]: 0x800000A4 (0xFEEA8A93) addi s5, s5, 4078
x21 <- 0xDBEADFEE


mem[X,0x800000A8] -> 0x7B37
mem[X,0x800000AA] -> 0x6DF5
[47] [M]: 0x800000A8 (0x6DF57B37) lui s6, 450391
x22 <- 0x6DF57000


mem[X,0x800000AC] -> 0x0B13
mem[X,0x800000AE] -> 0xFF7B
[48] [M]: 0x800000AC (0xFF7B0B13) addi s6, s6, 4087
x22 <- 0x6DF56FF7


mem[X,0x800000B0] -> 0xBBB7
mem[X,0x800000B2] -> 0xB6FA
[49] [M]: 0x800000B0 (0xB6FABBB7) lui s7, 749483
x23 <- 0xB6FAB000


mem[X,0x800000B4] -> 0x8B93
mem[X,0x800000B6] -> 0x7FBB
[50] [M]: 0x800000B4 (0x7FBB8B93) addi s7, s7, 2043
x23 <- 0xB6FAB7FB


mem[X,0x800000B8] -> 0x6C37
mem[X,0x800000BA] -> 0xDB7D
[51] [M]: 0x800000B8 (0xDB7D6C37) lui s8, 899030
x24 <- 0xDB7D6000


mem[X,0x800000BC] -> 0x0C13
mem[X,0x800000BE] -> 0xBFDC
[52] [M]: 0x800000BC (0xBFDC0C13) addi s8, s8, 3069
x24 <- 0xDB7D5BFD


mem[X,0x800000C0] -> 0xBCB7
mem[X,0x800000C2] -> 0xEDBE
[53] [M]: 0x800000C0 (0xEDBEBCB7) lui s9, 973803
x25 <- 0xEDBEB000


mem[X,0x800000C4] -> 0x8C93
mem[X,0x800000C6] -> 0xDFEC
[54] [M]: 0x800000C4 (0xDFEC8C93) addi s9, s9, 3582
x25 <- 0xEDBEADFE


mem[X,0x800000C8] -> 0x5D37
mem[X,0x800000CA] -> 0x76DF
[55] [M]: 0x800000C8 (0x76DF5D37) lui s10, 486901
x26 <- 0x76DF5000


mem[X,0x800000CC] -> 0x0D13
mem[X,0x800000CE] -> 0x6FFD
[56] [M]: 0x800000CC (0x6FFD0D13) addi s10, s10, 1791
x26 <- 0x76DF56FF


mem[X,0x800000D0] -> 0xBDB7
mem[X,0x800000D2] -> 0xBB6F
[57] [M]: 0x800000D0 (0xBB6FBDB7) lui s11, 767739
x27 <- 0xBB6FB000


mem[X,0x800000D4] -> 0x8D93
mem[X,0x800000D6] -> 0xB7FD
[58] [M]: 0x800000D4 (0xB7FD8D93) addi s11, s11, 2943
x27 <- 0xBB6FAB7F


mem[X,0x800000D8] -> 0xDE37
mem[X,0x800000DA] -> 0xDDB7
[59] [M]: 0x800000D8 (0xDDB7DE37) lui t3, 908157
x28 <- 0xDDB7D000


mem[X,0x800000DC] -> 0x0E13
mem[X,0x800000DE] -> 0x5BFE
[60] [M]: 0x800000DC (0x5BFE0E13) addi t3, t3, 1471
x28 <- 0xDDB7D5BF


mem[X,0x800000E0] -> 0xFEB7
mem[X,0x800000E2] -> 0xEEDB
[61] [M]: 0x800000E0 (0xEEDBFEB7) lui t4, 978367
x29 <- 0xEEDBF000


mem[X,0x800000E4] -> 0x8E93
mem[X,0x800000E6] -> 0xADFE
[62] [M]: 0x800000E4 (0xADFE8E93) addi t4, t4, 2783
x29 <- 0xEEDBEADF


mem[X,0x800000E8] -> 0xFF37
mem[X,0x800000EA] -> 0xF76D
[63] [M]: 0x800000E8 (0xF76DFF37) lui t5, 1013471
x30 <- 0xF76DF000


mem[X,0x800000EC] -> 0x0F13
mem[X,0x800000EE] -> 0x56FF
[64] [M]: 0x800000EC (0x56FF0F13) addi t5, t5, 1391
x30 <- 0xF76DF56F


mem[X,0x800000F0] -> 0x0FB7
mem[X,0x800000F2] -> 0xFBB7
[65] [M]: 0x800000F0 (0xFBB70FB7) lui t6, 1031024
x31 <- 0xFBB70000


mem[X,0x800000F4] -> 0x8F93
mem[X,0x800000F6] -> 0xAB7F
[66] [M]: 0x800000F4 (0xAB7F8F93) addi t6, t6, 2743
x31 <- 0xFBB6FAB7


mem[X,0x800000F8] -> 0x5117
mem[X,0x800000FA] -> 0x0000
[67] [M]: 0x800000F8 (0x00005117) auipc sp, 5
x2 <- 0x800050F8


mem[X,0x800000FC] -> 0x0113
mem[X,0x800000FE] -> 0x11C1
[68] [M]: 0x800000FC (0x11C10113) addi sp, sp, 284
x2 <- 0x80005214


mem[X,0x80000100] -> 0x0013
mem[X,0x80000102] -> 0x0000
[69] [M]: 0x80000100 (0x00000013) addi zero, zero, 0


mem[X,0x80000104] -> 0x0D37
mem[X,0x80000106] -> 0x0004
[70] [M]: 0x80000104 (0x00040D37) lui s10, 64
x26 <- 0x00040000


mem[X,0x80000108] -> 0x4033
mem[X,0x8000010A] -> 0x03A0
[71] [M]: 0x80000108 (0x03A04033) div zero, zero, s10


mem[X,0x8000010C] -> 0x2023
mem[X,0x8000010E] -> 0x0001
[72] [M]: 0x8000010C (0x00012023) sw zero, 0(sp)
mem[0x80005214] <- 0x00000000


mem[X,0x80000110] -> 0x0893
mem[X,0x80000112] -> 0x1000
[73] [M]: 0x80000110 (0x10000893) addi a7, zero, 256
x17 <- 0x00000100


mem[X,0x80000114] -> 0x0893
mem[X,0x80000116] -> 0x1000
[74] [M]: 0x80000114 (0x10000893) addi a7, zero, 256
x17 <- 0x00000100


mem[X,0x80000118] -> 0xC9B3
mem[X,0x8000011A] -> 0x0318
[75] [M]: 0x80000118 (0x0318C9B3) div s3, a7, a7
x19 <- 0x00000001


mem[X,0x8000011C] -> 0x2223
mem[X,0x8000011E] -> 0x0131
[76] [M]: 0x8000011C (0x01312223) sw s3, 4(sp)
mem[0x80005218] <- 0x00000001


mem[X,0x80000120] -> 0xED37
mem[X,0x80000122] -> 0xFFFF
[77] [M]: 0x80000120 (0xFFFFED37) lui s10, 1048574
x26 <- 0xFFFFE000


mem[X,0x80000124] -> 0x0D13
mem[X,0x80000126] -> 0xFFFD
[78] [M]: 0x80000124 (0xFFFD0D13) addi s10, s10, 4095
x26 <- 0xFFFFDFFF


mem[X,0x80000128] -> 0x0593
mem[X,0x8000012A] -> 0xFFF0
[79] [M]: 0x80000128 (0xFFF00593) addi a1, zero, 4095
x11 <- 0xFFFFFFFF


mem[X,0x8000012C] -> 0x45B3
mem[X,0x8000012E] -> 0x02BD
[80] [M]: 0x8000012C (0x02BD45B3) div a1, s10, a1
x11 <- 0x00002001


mem[X,0x80000130] -> 0x2423
mem[X,0x80000132] -> 0x00B1
[81] [M]: 0x80000130 (0x00B12423) sw a1, 8(sp)
mem[0x8000521C] <- 0x00002001


mem[X,0x80000134] -> 0x0F13
mem[X,0x80000136] -> 0xFEF0
[82] [M]: 0x80000134 (0xFEF00F13) addi t5, zero, 4079
x30 <- 0xFFFFFFEF


mem[X,0x80000138] -> 0x02B7
mem[X,0x8000013A] -> 0x0001
[83] [M]: 0x80000138 (0x000102B7) lui t0, 16
x5 <- 0x00010000


mem[X,0x8000013C] -> 0x4933
mem[X,0x8000013E] -> 0x025F
[84] [M]: 0x8000013C (0x025F4933) div s2, t5, t0
x18 <- 0x00000000


mem[X,0x80000140] -> 0x2623
mem[X,0x80000142] -> 0x0121
[85] [M]: 0x80000140 (0x01212623) sw s2, 12(sp)
mem[0x80005220] <- 0x00000000


mem[X,0x80000144] -> 0x0537
mem[X,0x80000146] -> 0x0008
[86] [M]: 0x80000144 (0x00080537) lui a0, 128
x10 <- 0x00080000


mem[X,0x80000148] -> 0x0537
mem[X,0x8000014A] -> 0x0008
[87] [M]: 0x80000148 (0x00080537) lui a0, 128
x10 <- 0x00080000


mem[X,0x8000014C] -> 0x4533
mem[X,0x8000014E] -> 0x02A5
[88] [M]: 0x8000014C (0x02A54533) div a0, a0, a0
x10 <- 0x00000001


mem[X,0x80000150] -> 0x2823
mem[X,0x80000152] -> 0x00A1
[89] [M]: 0x80000150 (0x00A12823) sw a0, 16(sp)
mem[0x80005224] <- 0x00000001


mem[X,0x80000154] -> 0x0E93
mem[X,0x80000156] -> 0xEFF0
[90] [M]: 0x80000154 (0xEFF00E93) addi t4, zero, 3839
x29 <- 0xFFFFFEFF


mem[X,0x80000158] -> 0x0CB7
mem[X,0x8000015A] -> 0x8000
[91] [M]: 0x80000158 (0x80000CB7) lui s9, 524288
x25 <- 0x80000000


mem[X,0x8000015C] -> 0xC833
mem[X,0x8000015E] -> 0x039E
[92] [M]: 0x8000015C (0x039EC833) div a6, t4, s9
x16 <- 0x00000000


mem[X,0x80000160] -> 0x2A23
mem[X,0x80000162] -> 0x0101
[93] [M]: 0x80000160 (0x01012A23) sw a6, 20(sp)
mem[0x80005228] <- 0x00000000


mem[X,0x80000164] -> 0x0213
mem[X,0x80000166] -> 0x0800
[94] [M]: 0x80000164 (0x08000213) addi tp, zero, 128
x4 <- 0x00000080


mem[X,0x80000168] -> 0x0013
mem[X,0x8000016A] -> 0x0000
[95] [M]: 0x80000168 (0x00000013) addi zero, zero, 0


mem[X,0x8000016C] -> 0x48B3
mem[X,0x8000016E] -> 0x0202
[96] [M]: 0x8000016C (0x020248B3) div a7, tp, zero
x17 <- 0xFFFFFFFF


mem[X,0x80000170] -> 0x2C23
mem[X,0x80000172] -> 0x0111
[97] [M]: 0x80000170 (0x01112C23) sw a7, 24(sp)
mem[0x8000522C] <- 0xFFFFFFFF


mem[X,0x80000174] -> 0x5FB7
mem[X,0x80000176] -> 0x5555
[98] [M]: 0x80000174 (0x55555FB7) lui t6, 349525
x31 <- 0x55555000


mem[X,0x80000178] -> 0x8F93
mem[X,0x8000017A] -> 0x555F
[99] [M]: 0x80000178 (0x555F8F93) addi t6, t6, 1365
x31 <- 0x55555555


clint::tick mtime <- 0x0000000000000001
 clint timer pending at mtime 0x0000000000000001
htif::tick 0x0000000000000000
mem[X,0x8000017C] -> 0x0A37
mem[X,0x8000017E] -> 0x8000
[100] [M]: 0x8000017C (0x80000A37) lui s4, 524288
x20 <- 0x80000000


mem[X,0x80000180] -> 0x0A13
mem[X,0x80000182] -> 0xFFFA
[101] [M]: 0x80000180 (0xFFFA0A13) addi s4, s4, 4095
x20 <- 0x7FFFFFFF


mem[X,0x80000184] -> 0xC633
mem[X,0x80000186] -> 0x034F
[102] [M]: 0x80000184 (0x034FC633) div a2, t6, s4
x12 <- 0x00000000


mem[X,0x80000188] -> 0x2E23
mem[X,0x8000018A] -> 0x00C1
[103] [M]: 0x80000188 (0x00C12E23) sw a2, 28(sp)
mem[0x80005230] <- 0x00000000


mem[X,0x8000018C] -> 0x56B7
mem[X,0x8000018E] -> 0xFFFF
[104] [M]: 0x8000018C (0xFFFF56B7) lui a3, 1048565
x13 <- 0xFFFF5000


mem[X,0x80000190] -> 0x8693
mem[X,0x80000192] -> 0xAFD6
[105] [M]: 0x80000190 (0xAFD68693) addi a3, a3, 2813
x13 <- 0xFFFF4AFD


mem[X,0x80000194] -> 0x0E93
mem[X,0x80000196] -> 0x0010
[106] [M]: 0x80000194 (0x00100E93) addi t4, zero, 1
x29 <- 0x00000001


mem[X,0x80000198] -> 0xCAB3
mem[X,0x8000019A] -> 0x03D6
[107] [M]: 0x80000198 (0x03D6CAB3) div s5, a3, t4
x21 <- 0xFFFF4AFD


mem[X,0x8000019C] -> 0x2023
mem[X,0x8000019E] -> 0x0351
[108] [M]: 0x8000019C (0x03512023) sw s5, 32(sp)
mem[0x80005234] <- 0xFFFF4AFD


mem[X,0x800001A0] -> 0x0A37
mem[X,0x800001A2] -> 0x8000
[109] [M]: 0x800001A0 (0x80000A37) lui s4, 524288
x20 <- 0x80000000


mem[X,0x800001A4] -> 0x0F37
mem[X,0x800001A6] -> 0xFFF0
[110] [M]: 0x800001A4 (0xFFF00F37) lui t5, 1048320
x30 <- 0xFFF00000


mem[X,0x800001A8] -> 0x0F13
mem[X,0x800001AA] -> 0xFFFF
[111] [M]: 0x800001A8 (0xFFFF0F13) addi t5, t5, 4095
x30 <- 0xFFEFFFFF


mem[X,0x800001AC] -> 0x4FB3
mem[X,0x800001AE] -> 0x03EA
[112] [M]: 0x800001AC (0x03EA4FB3) div t6, s4, t5
x31 <- 0x000007FF


mem[X,0x800001B0] -> 0x2223
mem[X,0x800001B2] -> 0x03F1
[113] [M]: 0x800001B0 (0x03F12223) sw t6, 36(sp)
mem[0x80005238] <- 0x000007FF


mem[X,0x800001B4] -> 0x0393
mem[X,0x800001B6] -> 0x0000
[114] [M]: 0x800001B4 (0x00000393) addi t2, zero, 0
x7 <- 0x00000000


mem[X,0x800001B8] -> 0x0693
mem[X,0x800001BA] -> 0xFF70
[115] [M]: 0x800001B8 (0xFF700693) addi a3, zero, 4087
x13 <- 0xFFFFFFF7


mem[X,0x800001BC] -> 0xCA33
mem[X,0x800001BE] -> 0x02D3
[116] [M]: 0x800001BC (0x02D3CA33) div s4, t2, a3
x20 <- 0x00000000


mem[X,0x800001C0] -> 0x2423
mem[X,0x800001C2] -> 0x0341
[117] [M]: 0x800001C0 (0x03412423) sw s4, 40(sp)
mem[0x8000523C] <- 0x00000000


mem[X,0x800001C4] -> 0x02B7
mem[X,0x800001C6] -> 0x8000
[118] [M]: 0x800001C4 (0x800002B7) lui t0, 524288
x5 <- 0x80000000


mem[X,0x800001C8] -> 0x8293
mem[X,0x800001CA] -> 0xFFF2
[119] [M]: 0x800001C8 (0xFFF28293) addi t0, t0, 4095
x5 <- 0x7FFFFFFF


mem[X,0x800001CC] -> 0x0737
mem[X,0x800001CE] -> 0x8000
[120] [M]: 0x800001CC (0x80000737) lui a4, 524288
x14 <- 0x80000000


mem[X,0x800001D0] -> 0x0713
mem[X,0x800001D2] -> 0xFFF7
[121] [M]: 0x800001D0 (0xFFF70713) addi a4, a4, 4095
x14 <- 0x7FFFFFFF


mem[X,0x800001D4] -> 0xC233
mem[X,0x800001D6] -> 0x02E2
[122] [M]: 0x800001D4 (0x02E2C233) div tp, t0, a4
x4 <- 0x00000001


mem[X,0x800001D8] -> 0x2623
mem[X,0x800001DA] -> 0x0241
[123] [M]: 0x800001D8 (0x02412623) sw tp, 44(sp)
mem[0x80005240] <- 0x00000001


mem[X,0x800001DC] -> 0x0313
mem[X,0x800001DE] -> 0x0010
[124] [M]: 0x800001DC (0x00100313) addi t1, zero, 1
x6 <- 0x00000001


mem[X,0x800001E0] -> 0x0B93
mem[X,0x800001E2] -> 0x0050
[125] [M]: 0x800001E0 (0x00500B93) addi s7, zero, 5
x23 <- 0x00000005


mem[X,0x800001E4] -> 0x40B3
mem[X,0x800001E6] -> 0x0373
[126] [M]: 0x800001E4 (0x037340B3) div ra, t1, s7
x1 <- 0x00000000


mem[X,0x800001E8] -> 0x2823
mem[X,0x800001EA] -> 0x0211
[127] [M]: 0x800001E8 (0x02112823) sw ra, 48(sp)
mem[0x80005244] <- 0x00000000


mem[X,0x800001EC] -> 0x0B13
mem[X,0x800001EE] -> 0xFFB0
[128] [M]: 0x800001EC (0xFFB00B13) addi s6, zero, 4091
x22 <- 0xFFFFFFFB


mem[X,0x800001F0] -> 0x0313
mem[X,0x800001F2] -> 0x0020
[129] [M]: 0x800001F0 (0x00200313) addi t1, zero, 2
x6 <- 0x00000002


mem[X,0x800001F4] -> 0x4C33
mem[X,0x800001F6] -> 0x026B
[130] [M]: 0x800001F4 (0x026B4C33) div s8, s6, t1
x24 <- 0xFFFFFFFE


mem[X,0x800001F8] -> 0x2A23
mem[X,0x800001FA] -> 0x0381
[131] [M]: 0x800001F8 (0x03812A23) sw s8, 52(sp)
mem[0x80005248] <- 0xFFFFFFFE


mem[X,0x800001FC] -> 0x0D93
mem[X,0x800001FE] -> 0xFF80
[132] [M]: 0x800001FC (0xFF800D93) addi s11, zero, 4088
x27 <- 0xFFFFFFF8


mem[X,0x80000200] -> 0x0C13
mem[X,0x80000202] -> 0x0040
[133] [M]: 0x80000200 (0x00400C13) addi s8, zero, 4
x24 <- 0x00000004


mem[X,0x80000204] -> 0xC3B3
mem[X,0x80000206] -> 0x038D
[134] [M]: 0x80000204 (0x038DC3B3) div t2, s11, s8
x7 <- 0xFFFFFFFE


mem[X,0x80000208] -> 0x2C23
mem[X,0x8000020A] -> 0x0271
[135] [M]: 0x80000208 (0x02712C23) sw t2, 56(sp)
mem[0x8000524C] <- 0xFFFFFFFE


mem[X,0x8000020C] -> 0x0C93
mem[X,0x8000020E] -> 0x0000
[136] [M]: 0x8000020C (0x00000C93) addi s9, zero, 0
x25 <- 0x00000000


mem[X,0x80000210] -> 0x0493
mem[X,0x80000212] -> 0x0080
[137] [M]: 0x80000210 (0x00800493) addi s1, zero, 8
x9 <- 0x00000008


mem[X,0x80000214] -> 0xCEB3
mem[X,0x80000216] -> 0x029C
[138] [M]: 0x80000214 (0x029CCEB3) div t4, s9, s1
x29 <- 0x00000000


mem[X,0x80000218] -> 0x2E23
mem[X,0x8000021A] -> 0x03D1
[139] [M]: 0x80000218 (0x03D12E23) sw t4, 60(sp)
mem[0x80005250] <- 0x00000000


mem[X,0x8000021C] -> 0x4E37
mem[X,0x8000021E] -> 0x0000
[140] [M]: 0x8000021C (0x00004E37) lui t3, 4
x28 <- 0x00004000


mem[X,0x80000220] -> 0x0193
mem[X,0x80000222] -> 0x0100
[141] [M]: 0x80000220 (0x01000193) addi gp, zero, 16
x3 <- 0x00000010


mem[X,0x80000224] -> 0x44B3
mem[X,0x80000226] -> 0x023E
[142] [M]: 0x80000224 (0x023E44B3) div s1, t3, gp
x9 <- 0x00000400


mem[X,0x80000228] -> 0x2023
mem[X,0x8000022A] -> 0x0491
[143] [M]: 0x80000228 (0x04912023) sw s1, 64(sp)
mem[0x80005254] <- 0x00000400


mem[X,0x8000022C] -> 0x5897
mem[X,0x8000022E] -> 0x0000
[144] [M]: 0x8000022C (0x00005897) auipc a7, 5
x17 <- 0x8000522C


mem[X,0x80000230] -> 0x8893
mem[X,0x80000232] -> 0x02C8
[145] [M]: 0x80000230 (0x02C88893) addi a7, a7, 44
x17 <- 0x80005258


mem[X,0x80000234] -> 0x3AB7
mem[X,0x80000236] -> 0x3333
[146] [M]: 0x80000234 (0x33333AB7) lui s5, 209715
x21 <- 0x33333000


mem[X,0x80000238] -> 0x8A93
mem[X,0x8000023A] -> 0x332A
[147] [M]: 0x80000238 (0x332A8A93) addi s5, s5, 818
x21 <- 0x33333332


mem[X,0x8000023C] -> 0x0F93
mem[X,0x8000023E] -> 0x0200
[148] [M]: 0x8000023C (0x02000F93) addi t6, zero, 32
x31 <- 0x00000020


mem[X,0x80000240] -> 0xCDB3
mem[X,0x80000242] -> 0x03FA
[149] [M]: 0x80000240 (0x03FACDB3) div s11, s5, t6
x27 <- 0x01999999


mem[X,0x80000244] -> 0xA023
mem[X,0x80000246] -> 0x01B8
[150] [M]: 0x80000244 (0x01B8A023) sw s11, 0(a7)
mem[0x80005258] <- 0x01999999


mem[X,0x80000248] -> 0x64B7
mem[X,0x8000024A] -> 0x6666
[151] [M]: 0x80000248 (0x666664B7) lui s1, 419430
x9 <- 0x66666000


mem[X,0x8000024C] -> 0x8493
mem[X,0x8000024E] -> 0x6664
[152] [M]: 0x8000024C (0x66648493) addi s1, s1, 1638
x9 <- 0x66666666


mem[X,0x80000250] -> 0x0093
mem[X,0x80000252] -> 0x0400
[153] [M]: 0x80000250 (0x04000093) addi ra, zero, 64
x1 <- 0x00000040


mem[X,0x80000254] -> 0xC733
mem[X,0x80000256] -> 0x0214
[154] [M]: 0x80000254 (0x0214C733) div a4, s1, ra
x14 <- 0x01999999


mem[X,0x80000258] -> 0xA223
mem[X,0x8000025A] -> 0x00E8
[155] [M]: 0x80000258 (0x00E8A223) sw a4, 4(a7)
mem[0x8000525C] <- 0x01999999


mem[X,0x8000025C] -> 0x0413
mem[X,0x8000025E] -> 0x0100
[156] [M]: 0x8000025C (0x01000413) addi fp, zero, 16
x8 <- 0x00000010


mem[X,0x80000260] -> 0x0E13
mem[X,0x80000262] -> 0x0800
[157] [M]: 0x80000260 (0x08000E13) addi t3, zero, 128
x28 <- 0x00000080


mem[X,0x80000264] -> 0x46B3
mem[X,0x80000266] -> 0x03C4
[158] [M]: 0x80000264 (0x03C446B3) div a3, fp, t3
x13 <- 0x00000000


mem[X,0x80000268] -> 0xA423
mem[X,0x8000026A] -> 0x00D8
[159] [M]: 0x80000268 (0x00D8A423) sw a3, 8(a7)
mem[0x80005260] <- 0x00000000


mem[X,0x8000026C] -> 0xB137
mem[X,0x8000026E] -> 0x0000
[160] [M]: 0x8000026C (0x0000B137) lui sp, 11
x2 <- 0x0000B000


mem[X,0x80000270] -> 0x0113
mem[X,0x80000272] -> 0x5051
[161] [M]: 0x80000270 (0x50510113) addi sp, sp, 1285
x2 <- 0x0000B505


mem[X,0x80000274] -> 0x0793
mem[X,0x80000276] -> 0x1000
[162] [M]: 0x80000274 (0x10000793) addi a5, zero, 256
x15 <- 0x00000100


mem[X,0x80000278] -> 0x4333
mem[X,0x8000027A] -> 0x02F1
[163] [M]: 0x80000278 (0x02F14333) div t1, sp, a5
x6 <- 0x000000B5


mem[X,0x8000027C] -> 0xA623
mem[X,0x8000027E] -> 0x0068
[164] [M]: 0x8000027C (0x0068A623) sw t1, 12(a7)
mem[0x80005264] <- 0x000000B5


mem[X,0x80000280] -> 0x0593
mem[X,0x80000282] -> 0xDFF0
[165] [M]: 0x80000280 (0xDFF00593) addi a1, zero, 3583
x11 <- 0xFFFFFDFF


mem[X,0x80000284] -> 0x0113
mem[X,0x80000286] -> 0x2000
[166] [M]: 0x80000284 (0x20000113) addi sp, zero, 512
x2 <- 0x00000200


mem[X,0x80000288] -> 0xC2B3
mem[X,0x8000028A] -> 0x0225
[167] [M]: 0x80000288 (0x0225C2B3) div t0, a1, sp
x5 <- 0xFFFFFFFF


mem[X,0x8000028C] -> 0xA823
mem[X,0x8000028E] -> 0x0058
[168] [M]: 0x8000028C (0x0058A823) sw t0, 16(a7)
mem[0x80005268] <- 0xFFFFFFFF


mem[X,0x80000290] -> 0x0C37
mem[X,0x80000292] -> 0x0040
[169] [M]: 0x80000290 (0x00400C37) lui s8, 1024
x24 <- 0x00400000


mem[X,0x80000294] -> 0x0213
mem[X,0x80000296] -> 0x4000
[170] [M]: 0x80000294 (0x40000213) addi tp, zero, 1024
x4 <- 0x00000400


mem[X,0x80000298] -> 0x4E33
mem[X,0x8000029A] -> 0x024C
[171] [M]: 0x80000298 (0x024C4E33) div t3, s8, tp
x28 <- 0x00001000


mem[X,0x8000029C] -> 0xAA23
mem[X,0x8000029E] -> 0x01C8
[172] [M]: 0x8000029C (0x01C8AA23) sw t3, 20(a7)
mem[0x8000526C] <- 0x00001000


mem[X,0x800002A0] -> 0xB637
mem[X,0x800002A2] -> 0xAAAA
[173] [M]: 0x800002A0 (0xAAAAB637) lui a2, 699051
x12 <- 0xAAAAB000


mem[X,0x800002A4] -> 0x0613
mem[X,0x800002A6] -> 0xAAB6
[174] [M]: 0x800002A4 (0xAAB60613) addi a2, a2, 2731
x12 <- 0xAAAAAAAB


mem[X,0x800002A8] -> 0x1837
mem[X,0x800002AA] -> 0x0000
[175] [M]: 0x800002A8 (0x00001837) lui a6, 1
x16 <- 0x00001000


mem[X,0x800002AC] -> 0x0813
mem[X,0x800002AE] -> 0x8008
[176] [M]: 0x800002AC (0x80080813) addi a6, a6, 2048
x16 <- 0x00000800


mem[X,0x800002B0] -> 0x4B33
mem[X,0x800002B2] -> 0x0306
[177] [M]: 0x800002B0 (0x03064B33) div s6, a2, a6
x22 <- 0xFFF55556


mem[X,0x800002B4] -> 0xAC23
mem[X,0x800002B6] -> 0x0168
[178] [M]: 0x800002B4 (0x0168AC23) sw s6, 24(a7)
mem[0x80005270] <- 0xFFF55556


mem[X,0x800002B8] -> 0x51B7
mem[X,0x800002BA] -> 0x5555
[179] [M]: 0x800002B8 (0x555551B7) lui gp, 349525
x3 <- 0x55555000


mem[X,0x800002BC] -> 0x8193
mem[X,0x800002BE] -> 0x5561
[180] [M]: 0x800002BC (0x55618193) addi gp, gp, 1366
x3 <- 0x55555556


mem[X,0x800002C0] -> 0x19B7
mem[X,0x800002C2] -> 0x0000
[181] [M]: 0x800002C0 (0x000019B7) lui s3, 1
x19 <- 0x00001000


mem[X,0x800002C4] -> 0xC7B3
mem[X,0x800002C6] -> 0x0331
[182] [M]: 0x800002C4 (0x0331C7B3) div a5, gp, s3
x15 <- 0x00055555


mem[X,0x800002C8] -> 0xAE23
mem[X,0x800002CA] -> 0x00F8
[183] [M]: 0x800002C8 (0x00F8AE23) sw a5, 28(a7)
mem[0x80005274] <- 0x00055555


mem[X,0x800002CC] -> 0xBBB7
mem[X,0x800002CE] -> 0xAAAA
[184] [M]: 0x800002CC (0xAAAABBB7) lui s7, 699051
x23 <- 0xAAAAB000


mem[X,0x800002D0] -> 0x8B93
mem[X,0x800002D2] -> 0xAABB
[185] [M]: 0x800002D0 (0xAABB8B93) addi s7, s7, 2731
x23 <- 0xAAAAAAAB


mem[X,0x800002D4] -> 0x2DB7
mem[X,0x800002D6] -> 0x0000
[186] [M]: 0x800002D4 (0x00002DB7) lui s11, 2
x27 <- 0x00002000


mem[X,0x800002D8] -> 0xCF33
mem[X,0x800002DA] -> 0x03BB
[187] [M]: 0x800002D8 (0x03BBCF33) div t5, s7, s11
x30 <- 0xFFFD5556


mem[X,0x800002DC] -> 0xA023
mem[X,0x800002DE] -> 0x03E8
[188] [M]: 0x800002DC (0x03E8A023) sw t5, 32(a7)
mem[0x80005278] <- 0xFFFD5556


mem[X,0x800002E0] -> 0x0837
mem[X,0x800002E2] -> 0x4000
[189] [M]: 0x800002E0 (0x40000837) lui a6, 262144
x16 <- 0x40000000


mem[X,0x800002E4] -> 0x4637
mem[X,0x800002E6] -> 0x0000
[190] [M]: 0x800002E4 (0x00004637) lui a2, 4
x12 <- 0x00004000


mem[X,0x800002E8] -> 0x41B3
mem[X,0x800002EA] -> 0x02C8
[191] [M]: 0x800002E8 (0x02C841B3) div gp, a6, a2
x3 <- 0x00010000


mem[X,0x800002EC] -> 0xA223
mem[X,0x800002EE] -> 0x0238
[192] [M]: 0x800002EC (0x0238A223) sw gp, 36(a7)
mem[0x8000527C] <- 0x00010000


mem[X,0x800002F0] -> 0x0737
mem[X,0x800002F2] -> 0x0002
[193] [M]: 0x800002F0 (0x00020737) lui a4, 32
x14 <- 0x00020000


mem[X,0x800002F4] -> 0x8AB7
mem[X,0x800002F6] -> 0x0000
[194] [M]: 0x800002F4 (0x00008AB7) lui s5, 8
x21 <- 0x00008000


mem[X,0x800002F8] -> 0x4133
mem[X,0x800002FA] -> 0x0357
[195] [M]: 0x800002F8 (0x03574133) div sp, a4, s5
x2 <- 0x00000004


mem[X,0x800002FC] -> 0xA423
mem[X,0x800002FE] -> 0x0228
[196] [M]: 0x800002FC (0x0228A423) sw sp, 40(a7)
mem[0x80005280] <- 0x00000004


mem[X,0x80000300] -> 0x0793
mem[X,0x80000302] -> 0x0010
[197] [M]: 0x80000300 (0x00100793) addi a5, zero, 1
x15 <- 0x00000001


mem[X,0x80000304] -> 0x0937
mem[X,0x80000306] -> 0x0002
[198] [M]: 0x80000304 (0x00020937) lui s2, 32
x18 <- 0x00020000


mem[X,0x80000308] -> 0xC433
mem[X,0x8000030A] -> 0x0327
[199] [M]: 0x80000308 (0x0327C433) div fp, a5, s2
x8 <- 0x00000000


clint::tick mtime <- 0x0000000000000002
 clint timer pending at mtime 0x0000000000000002
htif::tick 0x0000000000000000
mem[X,0x8000030C] -> 0xA623
mem[X,0x8000030E] -> 0x0288
[200] [M]: 0x8000030C (0x0288A623) sw fp, 44(a7)
mem[0x80005284] <- 0x00000000


mem[X,0x80000310] -> 0x0913
mem[X,0x80000312] -> 0x0040
[201] [M]: 0x80000310 (0x00400913) addi s2, zero, 4
x18 <- 0x00000004


mem[X,0x80000314] -> 0x0437
mem[X,0x80000316] -> 0x0010
[202] [M]: 0x80000314 (0x00100437) lui fp, 256
x8 <- 0x00100000


mem[X,0x80000318] -> 0x4D33
mem[X,0x8000031A] -> 0x0289
[203] [M]: 0x80000318 (0x02894D33) div s10, s2, fp
x26 <- 0x00000000


mem[X,0x8000031C] -> 0xA823
mem[X,0x8000031E] -> 0x03A8
[204] [M]: 0x8000031C (0x03A8A823) sw s10, 48(a7)
mem[0x80005288] <- 0x00000000


mem[X,0x80000320] -> 0x09B7
mem[X,0x80000322] -> 0xC000
[205] [M]: 0x80000320 (0xC00009B7) lui s3, 786432
x19 <- 0xC0000000


mem[X,0x80000324] -> 0x8993
mem[X,0x80000326] -> 0xFFF9
[206] [M]: 0x80000324 (0xFFF98993) addi s3, s3, 4095
x19 <- 0xBFFFFFFF


mem[X,0x80000328] -> 0x03B7
mem[X,0x8000032A] -> 0x0020
[207] [M]: 0x80000328 (0x002003B7) lui t2, 512
x7 <- 0x00200000


mem[X,0x8000032C] -> 0xCCB3
mem[X,0x8000032E] -> 0x0279
[208] [M]: 0x8000032C (0x0279CCB3) div s9, s3, t2
x25 <- 0xFFFFFE00


mem[X,0x80000330] -> 0xAA23
mem[X,0x80000332] -> 0x0398
[209] [M]: 0x80000330 (0x0398AA23) sw s9, 52(a7)
mem[0x8000528C] <- 0xFFFFFE00


mem[X,0x80000334] -> 0x0093
mem[X,0x80000336] -> 0xFF60
[210] [M]: 0x80000334 (0xFF600093) addi ra, zero, 4086
x1 <- 0xFFFFFFF6


mem[X,0x80000338] -> 0x0B37
mem[X,0x8000033A] -> 0x0040
[211] [M]: 0x80000338 (0x00400B37) lui s6, 1024
x22 <- 0x00400000


mem[X,0x8000033C] -> 0xCBB3
mem[X,0x8000033E] -> 0x0360
[212] [M]: 0x8000033C (0x0360CBB3) div s7, ra, s6
x23 <- 0x00000000


mem[X,0x80000340] -> 0xAC23
mem[X,0x80000342] -> 0x0378
[213] [M]: 0x80000340 (0x0378AC23) sw s7, 56(a7)
mem[0x80005290] <- 0x00000000


mem[X,0x80000344] -> 0xB537
mem[X,0x80000346] -> 0x0000
[214] [M]: 0x80000344 (0x0000B537) lui a0, 11
x10 <- 0x0000B000


mem[X,0x80000348] -> 0x0513
mem[X,0x8000034A] -> 0x5035
[215] [M]: 0x80000348 (0x50350513) addi a0, a0, 1283
x10 <- 0x0000B503


mem[X,0x8000034C] -> 0x05B7
mem[X,0x8000034E] -> 0x0080
[216] [M]: 0x8000034C (0x008005B7) lui a1, 2048
x11 <- 0x00800000


mem[X,0x80000350] -> 0x4633
mem[X,0x80000352] -> 0x02B5
[217] [M]: 0x80000350 (0x02B54633) div a2, a0, a1
x12 <- 0x00000000


mem[X,0x80000354] -> 0xAE23
mem[X,0x80000356] -> 0x02C8
[218] [M]: 0x80000354 (0x02C8AE23) sw a2, 60(a7)
mem[0x80005294] <- 0x00000000


mem[X,0x80000358] -> 0x5097
mem[X,0x8000035A] -> 0x0000
[219] [M]: 0x80000358 (0x00005097) auipc ra, 5
x1 <- 0x80005358


mem[X,0x8000035C] -> 0x8093
mem[X,0x8000035E] -> 0xF400
[220] [M]: 0x8000035C (0xF4008093) addi ra, ra, 3904
x1 <- 0x80005298


mem[X,0x80000360] -> 0x0513
mem[X,0x80000362] -> 0xFFA0
[221] [M]: 0x80000360 (0xFFA00513) addi a0, zero, 4090
x10 <- 0xFFFFFFFA


mem[X,0x80000364] -> 0x05B7
mem[X,0x80000366] -> 0x0100
[222] [M]: 0x80000364 (0x010005B7) lui a1, 4096
x11 <- 0x01000000


mem[X,0x80000368] -> 0x4633
mem[X,0x8000036A] -> 0x02B5
[223] [M]: 0x80000368 (0x02B54633) div a2, a0, a1
x12 <- 0x00000000


mem[X,0x8000036C] -> 0xA023
mem[X,0x8000036E] -> 0x00C0
[224] [M]: 0x8000036C (0x00C0A023) sw a2, 0(ra)
mem[0x80005298] <- 0x00000000


mem[X,0x80000370] -> 0x1537
mem[X,0x80000372] -> 0x0000
[225] [M]: 0x80000370 (0x00001537) lui a0, 1
x10 <- 0x00001000


mem[X,0x80000374] -> 0x05B7
mem[X,0x80000376] -> 0x0200
[226] [M]: 0x80000374 (0x020005B7) lui a1, 8192
x11 <- 0x02000000


mem[X,0x80000378] -> 0x4633
mem[X,0x8000037A] -> 0x02B5
[227] [M]: 0x80000378 (0x02B54633) div a2, a0, a1
x12 <- 0x00000000


mem[X,0x8000037C] -> 0xA223
mem[X,0x8000037E] -> 0x00C0
[228] [M]: 0x8000037C (0x00C0A223) sw a2, 4(ra)
mem[0x8000529C] <- 0x00000000


mem[X,0x80000380] -> 0x3537
mem[X,0x80000382] -> 0x3333
[229] [M]: 0x80000380 (0x33333537) lui a0, 209715
x10 <- 0x33333000


mem[X,0x80000384] -> 0x0513
mem[X,0x80000386] -> 0x3325
[230] [M]: 0x80000384 (0x33250513) addi a0, a0, 818
x10 <- 0x33333332


mem[X,0x80000388] -> 0x05B7
mem[X,0x8000038A] -> 0x0400
[231] [M]: 0x80000388 (0x040005B7) lui a1, 16384
x11 <- 0x04000000


mem[X,0x8000038C] -> 0x4633
mem[X,0x8000038E] -> 0x02B5
[232] [M]: 0x8000038C (0x02B54633) div a2, a0, a1
x12 <- 0x0000000C


mem[X,0x80000390] -> 0xA423
mem[X,0x80000392] -> 0x00C0
[233] [M]: 0x80000390 (0x00C0A423) sw a2, 8(ra)
mem[0x800052A0] <- 0x0000000C


mem[X,0x80000394] -> 0x0513
mem[X,0x80000396] -> 0xFFB0
[234] [M]: 0x80000394 (0xFFB00513) addi a0, zero, 4091
x10 <- 0xFFFFFFFB


mem[X,0x80000398] -> 0x05B7
mem[X,0x8000039A] -> 0x0800
[235] [M]: 0x80000398 (0x080005B7) lui a1, 32768
x11 <- 0x08000000


mem[X,0x8000039C] -> 0x4633
mem[X,0x8000039E] -> 0x02B5
[236] [M]: 0x8000039C (0x02B54633) div a2, a0, a1
x12 <- 0x00000000


mem[X,0x800003A0] -> 0xA623
mem[X,0x800003A2] -> 0x00C0
[237] [M]: 0x800003A0 (0x00C0A623) sw a2, 12(ra)
mem[0x800052A4] <- 0x00000000


mem[X,0x800003A4] -> 0xB537
mem[X,0x800003A6] -> 0x0000
[238] [M]: 0x800003A4 (0x0000B537) lui a0, 11
x10 <- 0x0000B000


mem[X,0x800003A8] -> 0x0513
mem[X,0x800003AA] -> 0x5055
[239] [M]: 0x800003A8 (0x50550513) addi a0, a0, 1285
x10 <- 0x0000B505


mem[X,0x800003AC] -> 0x05B7
mem[X,0x800003AE] -> 0x1000
[240] [M]: 0x800003AC (0x100005B7) lui a1, 65536
x11 <- 0x10000000


mem[X,0x800003B0] -> 0x4633
mem[X,0x800003B2] -> 0x02B5
[241] [M]: 0x800003B0 (0x02B54633) div a2, a0, a1
x12 <- 0x00000000


mem[X,0x800003B4] -> 0xA823
mem[X,0x800003B6] -> 0x00C0
[242] [M]: 0x800003B4 (0x00C0A823) sw a2, 16(ra)
mem[0x800052A8] <- 0x00000000


mem[X,0x800003B8] -> 0x0513
mem[X,0x800003BA] -> 0x0050
[243] [M]: 0x800003B8 (0x00500513) addi a0, zero, 5
x10 <- 0x00000005


mem[X,0x800003BC] -> 0x05B7
mem[X,0x800003BE] -> 0x2000
[244] [M]: 0x800003BC (0x200005B7) lui a1, 131072
x11 <- 0x20000000


mem[X,0x800003C0] -> 0x4633
mem[X,0x800003C2] -> 0x02B5
[245] [M]: 0x800003C0 (0x02B54633) div a2, a0, a1
x12 <- 0x00000000


mem[X,0x800003C4] -> 0xAA23
mem[X,0x800003C6] -> 0x00C0
[246] [M]: 0x800003C4 (0x00C0AA23) sw a2, 20(ra)
mem[0x800052AC] <- 0x00000000


mem[X,0x800003C8] -> 0x0513
mem[X,0x800003CA] -> 0x0040
[247] [M]: 0x800003C8 (0x00400513) addi a0, zero, 4
x10 <- 0x00000004


mem[X,0x800003CC] -> 0x05B7
mem[X,0x800003CE] -> 0x4000
[248] [M]: 0x800003CC (0x400005B7) lui a1, 262144
x11 <- 0x40000000


mem[X,0x800003D0] -> 0x4633
mem[X,0x800003D2] -> 0x02B5
[249] [M]: 0x800003D0 (0x02B54633) div a2, a0, a1
x12 <- 0x00000000


mem[X,0x800003D4] -> 0xAC23
mem[X,0x800003D6] -> 0x00C0
[250] [M]: 0x800003D4 (0x00C0AC23) sw a2, 24(ra)
mem[0x800052B0] <- 0x00000000


mem[X,0x800003D8] -> 0x0537
mem[X,0x800003DA] -> 0x0002
[251] [M]: 0x800003D8 (0x00020537) lui a0, 32
x10 <- 0x00020000


mem[X,0x800003DC] -> 0x0593
mem[X,0x800003DE] -> 0xFFE0
[252] [M]: 0x800003DC (0xFFE00593) addi a1, zero, 4094
x11 <- 0xFFFFFFFE


mem[X,0x800003E0] -> 0x4633
mem[X,0x800003E2] -> 0x02B5
[253] [M]: 0x800003E0 (0x02B54633) div a2, a0, a1
x12 <- 0xFFFF0000


mem[X,0x800003E4] -> 0xAE23
mem[X,0x800003E6] -> 0x00C0
[254] [M]: 0x800003E4 (0x00C0AE23) sw a2, 28(ra)
mem[0x800052B4] <- 0xFFFF0000


mem[X,0x800003E8] -> 0x1537
mem[X,0x800003EA] -> 0x0000
[255] [M]: 0x800003E8 (0x00001537) lui a0, 1
x10 <- 0x00001000


mem[X,0x800003EC] -> 0x0593
mem[X,0x800003EE] -> 0xFFB0
[256] [M]: 0x800003EC (0xFFB00593) addi a1, zero, 4091
x11 <- 0xFFFFFFFB


mem[X,0x800003F0] -> 0x4633
mem[X,0x800003F2] -> 0x02B5
[257] [M]: 0x800003F0 (0x02B54633) div a2, a0, a1
x12 <- 0xFFFFFCCD


mem[X,0x800003F4] -> 0xA023
mem[X,0x800003F6] -> 0x02C0
[258] [M]: 0x800003F4 (0x02C0A023) sw a2, 32(ra)
mem[0x800052B8] <- 0xFFFFFCCD


mem[X,0x800003F8] -> 0x3537
mem[X,0x800003FA] -> 0x3333
[259] [M]: 0x800003F8 (0x33333537) lui a0, 209715
x10 <- 0x33333000


mem[X,0x800003FC] -> 0x0513
mem[X,0x800003FE] -> 0x3345
[260] [M]: 0x800003FC (0x33450513) addi a0, a0, 820
x10 <- 0x33333334


mem[X,0x80000400] -> 0x0593
mem[X,0x80000402] -> 0xFEF0
[261] [M]: 0x80000400 (0xFEF00593) addi a1, zero, 4079
x11 <- 0xFFFFFFEF


mem[X,0x80000404] -> 0x4633
mem[X,0x80000406] -> 0x02B5
[262] [M]: 0x80000404 (0x02B54633) div a2, a0, a1
x12 <- 0xFCFCFCFD


mem[X,0x80000408] -> 0xA223
mem[X,0x8000040A] -> 0x02C0
[263] [M]: 0x80000408 (0x02C0A223) sw a2, 36(ra)
mem[0x800052BC] <- 0xFCFCFCFD


mem[X,0x8000040C] -> 0x0537
mem[X,0x8000040E] -> 0xFFFC
[264] [M]: 0x8000040C (0xFFFC0537) lui a0, 1048512
x10 <- 0xFFFC0000


mem[X,0x80000410] -> 0x0513
mem[X,0x80000412] -> 0xFFF5
[265] [M]: 0x80000410 (0xFFF50513) addi a0, a0, 4095
x10 <- 0xFFFBFFFF


mem[X,0x80000414] -> 0x0593
mem[X,0x80000416] -> 0xFDF0
[266] [M]: 0x80000414 (0xFDF00593) addi a1, zero, 4063
x11 <- 0xFFFFFFDF


mem[X,0x80000418] -> 0x4633
mem[X,0x8000041A] -> 0x02B5
[267] [M]: 0x80000418 (0x02B54633) div a2, a0, a1
x12 <- 0x00001F07


mem[X,0x8000041C] -> 0xA423
mem[X,0x8000041E] -> 0x02C0
[268] [M]: 0x8000041C (0x02C0A423) sw a2, 40(ra)
mem[0x800052C0] <- 0x00001F07


mem[X,0x80000420] -> 0x0537
mem[X,0x80000422] -> 0x1000
[269] [M]: 0x80000420 (0x10000537) lui a0, 65536
x10 <- 0x10000000


mem[X,0x80000424] -> 0x0593
mem[X,0x80000426] -> 0xFBF0
[270] [M]: 0x80000424 (0xFBF00593) addi a1, zero, 4031
x11 <- 0xFFFFFFBF


mem[X,0x80000428] -> 0x4633
mem[X,0x8000042A] -> 0x02B5
[271] [M]: 0x80000428 (0x02B54633) div a2, a0, a1
x12 <- 0xFFC0FC10


mem[X,0x8000042C] -> 0xA623
mem[X,0x8000042E] -> 0x02C0
[272] [M]: 0x8000042C (0x02C0A623) sw a2, 44(ra)
mem[0x800052C4] <- 0xFFC0FC10


mem[X,0x80000430] -> 0x8537
mem[X,0x80000432] -> 0x0000
[273] [M]: 0x80000430 (0x00008537) lui a0, 8
x10 <- 0x00008000


mem[X,0x80000434] -> 0x0593
mem[X,0x80000436] -> 0xF7F0
[274] [M]: 0x80000434 (0xF7F00593) addi a1, zero, 3967
x11 <- 0xFFFFFF7F


mem[X,0x80000438] -> 0x4633
mem[X,0x8000043A] -> 0x02B5
[275] [M]: 0x80000438 (0x02B54633) div a2, a0, a1
x12 <- 0xFFFFFF02


mem[X,0x8000043C] -> 0xA823
mem[X,0x8000043E] -> 0x02C0
[276] [M]: 0x8000043C (0x02C0A823) sw a2, 48(ra)
mem[0x800052C8] <- 0xFFFFFF02


mem[X,0x80000440] -> 0x0537
mem[X,0x80000442] -> 0xFFFC
[277] [M]: 0x80000440 (0xFFFC0537) lui a0, 1048512
x10 <- 0xFFFC0000


mem[X,0x80000444] -> 0x0513
mem[X,0x80000446] -> 0xFFF5
[278] [M]: 0x80000444 (0xFFF50513) addi a0, a0, 4095
x10 <- 0xFFFBFFFF


mem[X,0x80000448] -> 0x0593
mem[X,0x8000044A] -> 0xEFF0
[279] [M]: 0x80000448 (0xEFF00593) addi a1, zero, 3839
x11 <- 0xFFFFFEFF


mem[X,0x8000044C] -> 0x4633
mem[X,0x8000044E] -> 0x02B5
[280] [M]: 0x8000044C (0x02B54633) div a2, a0, a1
x12 <- 0x000003FC


mem[X,0x80000450] -> 0xAA23
mem[X,0x80000452] -> 0x02C0
[281] [M]: 0x80000450 (0x02C0AA23) sw a2, 52(ra)
mem[0x800052CC] <- 0x000003FC


mem[X,0x80000454] -> 0x0537
mem[X,0x80000456] -> 0x0080
[282] [M]: 0x80000454 (0x00800537) lui a0, 2048
x10 <- 0x00800000


mem[X,0x80000458] -> 0x0593
mem[X,0x8000045A] -> 0xDFF0
[283] [M]: 0x80000458 (0xDFF00593) addi a1, zero, 3583
x11 <- 0xFFFFFDFF


mem[X,0x8000045C] -> 0x4633
mem[X,0x8000045E] -> 0x02B5
[284] [M]: 0x8000045C (0x02B54633) div a2, a0, a1
x12 <- 0xFFFFC020


mem[X,0x80000460] -> 0xAC23
mem[X,0x80000462] -> 0x02C0
[285] [M]: 0x80000460 (0x02C0AC23) sw a2, 56(ra)
mem[0x800052D0] <- 0xFFFFC020


mem[X,0x80000464] -> 0x5537
mem[X,0x80000466] -> 0x5555
[286] [M]: 0x80000464 (0x55555537) lui a0, 349525
x10 <- 0x55555000


mem[X,0x80000468] -> 0x0513
mem[X,0x8000046A] -> 0x5555
[287] [M]: 0x80000468 (0x55550513) addi a0, a0, 1365
x10 <- 0x55555555


mem[X,0x8000046C] -> 0x0593
mem[X,0x8000046E] -> 0xBFF0
[288] [M]: 0x8000046C (0xBFF00593) addi a1, zero, 3071
x11 <- 0xFFFFFBFF


mem[X,0x80000470] -> 0x4633
mem[X,0x80000472] -> 0x02B5
[289] [M]: 0x80000470 (0x02B54633) div a2, a0, a1
x12 <- 0xFFEAAFFF


mem[X,0x80000474] -> 0xAE23
mem[X,0x80000476] -> 0x02C0
[290] [M]: 0x80000474 (0x02C0AE23) sw a2, 60(ra)
mem[0x800052D4] <- 0xFFEAAFFF


mem[X,0x80000478] -> 0xB537
mem[X,0x8000047A] -> 0x0000
[291] [M]: 0x80000478 (0x0000B537) lui a0, 11
x10 <- 0x0000B000


mem[X,0x8000047C] -> 0x0513
mem[X,0x8000047E] -> 0x5045
[292] [M]: 0x8000047C (0x50450513) addi a0, a0, 1284
x10 <- 0x0000B504


mem[X,0x80000480] -> 0xF5B7
mem[X,0x80000482] -> 0xFFFF
[293] [M]: 0x80000480 (0xFFFFF5B7) lui a1, 1048575
x11 <- 0xFFFFF000


mem[X,0x80000484] -> 0x8593
mem[X,0x80000486] -> 0x7FF5
[294] [M]: 0x80000484 (0x7FF58593) addi a1, a1, 2047
x11 <- 0xFFFFF7FF


mem[X,0x80000488] -> 0x4633
mem[X,0x8000048A] -> 0x02B5
[295] [M]: 0x80000488 (0x02B54633) div a2, a0, a1
x12 <- 0xFFFFFFEA


mem[X,0x8000048C] -> 0xA023
mem[X,0x8000048E] -> 0x04C0
[296] [M]: 0x8000048C (0x04C0A023) sw a2, 64(ra)
mem[0x800052D8] <- 0xFFFFFFEA


mem[X,0x80000490] -> 0x0537
mem[X,0x80000492] -> 0xC000
[297] [M]: 0x80000490 (0xC0000537) lui a0, 786432
x10 <- 0xC0000000


mem[X,0x80000494] -> 0xF5B7
mem[X,0x80000496] -> 0xFFFF
[298] [M]: 0x80000494 (0xFFFFF5B7) lui a1, 1048575
x11 <- 0xFFFFF000


mem[X,0x80000498] -> 0x8593
mem[X,0x8000049A] -> 0xFFF5
[299] [M]: 0x80000498 (0xFFF58593) addi a1, a1, 4095
x11 <- 0xFFFFEFFF


clint::tick mtime <- 0x0000000000000003
 clint timer pending at mtime 0x0000000000000003
htif::tick 0x0000000000000000
mem[X,0x8000049C] -> 0x4633
mem[X,0x8000049E] -> 0x02B5
[300] [M]: 0x8000049C (0x02B54633) div a2, a0, a1
x12 <- 0x0003FFC0


mem[X,0x800004A0] -> 0xA223
mem[X,0x800004A2] -> 0x04C0
[301] [M]: 0x800004A0 (0x04C0A223) sw a2, 68(ra)
mem[0x800052DC] <- 0x0003FFC0


mem[X,0x800004A4] -> 0x0537
mem[X,0x800004A6] -> 0xFFC0
[302] [M]: 0x800004A4 (0xFFC00537) lui a0, 1047552
x10 <- 0xFFC00000


mem[X,0x800004A8] -> 0x0513
mem[X,0x800004AA] -> 0xFFF5
[303] [M]: 0x800004A8 (0xFFF50513) addi a0, a0, 4095
x10 <- 0xFFBFFFFF


mem[X,0x800004AC] -> 0xE5B7
mem[X,0x800004AE] -> 0xFFFF
[304] [M]: 0x800004AC (0xFFFFE5B7) lui a1, 1048574
x11 <- 0xFFFFE000


mem[X,0x800004B0] -> 0x8593
mem[X,0x800004B2] -> 0xFFF5
[305] [M]: 0x800004B0 (0xFFF58593) addi a1, a1, 4095
x11 <- 0xFFFFDFFF


mem[X,0x800004B4] -> 0x4633
mem[X,0x800004B6] -> 0x02B5
[306] [M]: 0x800004B4 (0x02B54633) div a2, a0, a1
x12 <- 0x000001FF


mem[X,0x800004B8] -> 0xA423
mem[X,0x800004BA] -> 0x04C0
[307] [M]: 0x800004B8 (0x04C0A423) sw a2, 72(ra)
mem[0x800052E0] <- 0x000001FF


mem[X,0x800004BC] -> 0x0513
mem[X,0x800004BE] -> 0x0020
[308] [M]: 0x800004BC (0x00200513) addi a0, zero, 2
x10 <- 0x00000002


mem[X,0x800004C0] -> 0xC5B7
mem[X,0x800004C2] -> 0xFFFF
[309] [M]: 0x800004C0 (0xFFFFC5B7) lui a1, 1048572
x11 <- 0xFFFFC000


mem[X,0x800004C4] -> 0x8593
mem[X,0x800004C6] -> 0xFFF5
[310] [M]: 0x800004C4 (0xFFF58593) addi a1, a1, 4095
x11 <- 0xFFFFBFFF


mem[X,0x800004C8] -> 0x4633
mem[X,0x800004CA] -> 0x02B5
[311] [M]: 0x800004C8 (0x02B54633) div a2, a0, a1
x12 <- 0x00000000


mem[X,0x800004CC] -> 0xA623
mem[X,0x800004CE] -> 0x04C0
[312] [M]: 0x800004CC (0x04C0A623) sw a2, 76(ra)
mem[0x800052E4] <- 0x00000000


mem[X,0x800004D0] -> 0x0537
mem[X,0x800004D2] -> 0x4000
[313] [M]: 0x800004D0 (0x40000537) lui a0, 262144
x10 <- 0x40000000


mem[X,0x800004D4] -> 0x0513
mem[X,0x800004D6] -> 0xFFF5
[314] [M]: 0x800004D4 (0xFFF50513) addi a0, a0, 4095
x10 <- 0x3FFFFFFF


mem[X,0x800004D8] -> 0x85B7
mem[X,0x800004DA] -> 0xFFFF
[315] [M]: 0x800004D8 (0xFFFF85B7) lui a1, 1048568
x11 <- 0xFFFF8000


mem[X,0x800004DC] -> 0x8593
mem[X,0x800004DE] -> 0xFFF5
[316] [M]: 0x800004DC (0xFFF58593) addi a1, a1, 4095
x11 <- 0xFFFF7FFF


mem[X,0x800004E0] -> 0x4633
mem[X,0x800004E2] -> 0x02B5
[317] [M]: 0x800004E0 (0x02B54633) div a2, a0, a1
x12 <- 0xFFFF8001


mem[X,0x800004E4] -> 0xA823
mem[X,0x800004E6] -> 0x04C0
[318] [M]: 0x800004E4 (0x04C0A823) sw a2, 80(ra)
mem[0x800052E8] <- 0xFFFF8001


mem[X,0x800004E8] -> 0x0537
mem[X,0x800004EA] -> 0x8000
[319] [M]: 0x800004E8 (0x80000537) lui a0, 524288
x10 <- 0x80000000


mem[X,0x800004EC] -> 0x05B7
mem[X,0x800004EE] -> 0xFFFF
[320] [M]: 0x800004EC (0xFFFF05B7) lui a1, 1048560
x11 <- 0xFFFF0000


mem[X,0x800004F0] -> 0x8593
mem[X,0x800004F2] -> 0xFFF5
[321] [M]: 0x800004F0 (0xFFF58593) addi a1, a1, 4095
x11 <- 0xFFFEFFFF


mem[X,0x800004F4] -> 0x4633
mem[X,0x800004F6] -> 0x02B5
[322] [M]: 0x800004F4 (0x02B54633) div a2, a0, a1
x12 <- 0x00007FFF


mem[X,0x800004F8] -> 0xAA23
mem[X,0x800004FA] -> 0x04C0
[323] [M]: 0x800004F8 (0x04C0AA23) sw a2, 84(ra)
mem[0x800052EC] <- 0x00007FFF


mem[X,0x800004FC] -> 0x0513
mem[X,0x800004FE] -> 0xFFE0
[324] [M]: 0x800004FC (0xFFE00513) addi a0, zero, 4094
x10 <- 0xFFFFFFFE


mem[X,0x80000500] -> 0x05B7
mem[X,0x80000502] -> 0xFFFE
[325] [M]: 0x80000500 (0xFFFE05B7) lui a1, 1048544
x11 <- 0xFFFE0000


mem[X,0x80000504] -> 0x8593
mem[X,0x80000506] -> 0xFFF5
[326] [M]: 0x80000504 (0xFFF58593) addi a1, a1, 4095
x11 <- 0xFFFDFFFF


mem[X,0x80000508] -> 0x4633
mem[X,0x8000050A] -> 0x02B5
[327] [M]: 0x80000508 (0x02B54633) div a2, a0, a1
x12 <- 0x00000000


mem[X,0x8000050C] -> 0xAC23
mem[X,0x8000050E] -> 0x04C0
[328] [M]: 0x8000050C (0x04C0AC23) sw a2, 88(ra)
mem[0x800052F0] <- 0x00000000


mem[X,0x80000510] -> 0x0537
mem[X,0x80000512] -> 0xFE00
[329] [M]: 0x80000510 (0xFE000537) lui a0, 1040384
x10 <- 0xFE000000


mem[X,0x80000514] -> 0x0513
mem[X,0x80000516] -> 0xFFF5
[330] [M]: 0x80000514 (0xFFF50513) addi a0, a0, 4095
x10 <- 0xFDFFFFFF


mem[X,0x80000518] -> 0x05B7
mem[X,0x8000051A] -> 0xFFFC
[331] [M]: 0x80000518 (0xFFFC05B7) lui a1, 1048512
x11 <- 0xFFFC0000


mem[X,0x8000051C] -> 0x8593
mem[X,0x8000051E] -> 0xFFF5
[332] [M]: 0x8000051C (0xFFF58593) addi a1, a1, 4095
x11 <- 0xFFFBFFFF


mem[X,0x80000520] -> 0x4633
mem[X,0x80000522] -> 0x02B5
[333] [M]: 0x80000520 (0x02B54633) div a2, a0, a1
x12 <- 0x0000007F


mem[X,0x80000524] -> 0xAE23
mem[X,0x80000526] -> 0x04C0
[334] [M]: 0x80000524 (0x04C0AE23) sw a2, 92(ra)
mem[0x800052F4] <- 0x0000007F


mem[X,0x80000528] -> 0x0513
mem[X,0x8000052A] -> 0x0000
[335] [M]: 0x80000528 (0x00000513) addi a0, zero, 0
x10 <- 0x00000000


mem[X,0x8000052C] -> 0x05B7
mem[X,0x8000052E] -> 0xFFF8
[336] [M]: 0x8000052C (0xFFF805B7) lui a1, 1048448
x11 <- 0xFFF80000


mem[X,0x80000530] -> 0x8593
mem[X,0x80000532] -> 0xFFF5
[337] [M]: 0x80000530 (0xFFF58593) addi a1, a1, 4095
x11 <- 0xFFF7FFFF


mem[X,0x80000534] -> 0x4633
mem[X,0x80000536] -> 0x02B5
[338] [M]: 0x80000534 (0x02B54633) div a2, a0, a1
x12 <- 0x00000000


mem[X,0x80000538] -> 0xA023
mem[X,0x8000053A] -> 0x06C0
[339] [M]: 0x80000538 (0x06C0A023) sw a2, 96(ra)
mem[0x800052F8] <- 0x00000000


mem[X,0x8000053C] -> 0x0537
mem[X,0x8000053E] -> 0xC000
[340] [M]: 0x8000053C (0xC0000537) lui a0, 786432
x10 <- 0xC0000000


mem[X,0x80000540] -> 0x05B7
mem[X,0x80000542] -> 0xFFE0
[341] [M]: 0x80000540 (0xFFE005B7) lui a1, 1048064
x11 <- 0xFFE00000


mem[X,0x80000544] -> 0x8593
mem[X,0x80000546] -> 0xFFF5
[342] [M]: 0x80000544 (0xFFF58593) addi a1, a1, 4095
x11 <- 0xFFDFFFFF


mem[X,0x80000548] -> 0x4633
mem[X,0x8000054A] -> 0x02B5
[343] [M]: 0x80000548 (0x02B54633) div a2, a0, a1
x12 <- 0x000001FF


mem[X,0x8000054C] -> 0xA223
mem[X,0x8000054E] -> 0x06C0
[344] [M]: 0x8000054C (0x06C0A223) sw a2, 100(ra)
mem[0x800052FC] <- 0x000001FF


mem[X,0x80000550] -> 0x0513
mem[X,0x80000552] -> 0xBFF0
[345] [M]: 0x80000550 (0xBFF00513) addi a0, zero, 3071
x10 <- 0xFFFFFBFF


mem[X,0x80000554] -> 0x05B7
mem[X,0x80000556] -> 0xFFC0
[346] [M]: 0x80000554 (0xFFC005B7) lui a1, 1047552
x11 <- 0xFFC00000


mem[X,0x80000558] -> 0x8593
mem[X,0x8000055A] -> 0xFFF5
[347] [M]: 0x80000558 (0xFFF58593) addi a1, a1, 4095
x11 <- 0xFFBFFFFF


mem[X,0x8000055C] -> 0x4633
mem[X,0x8000055E] -> 0x02B5
[348] [M]: 0x8000055C (0x02B54633) div a2, a0, a1
x12 <- 0x00000000


mem[X,0x80000560] -> 0xA423
mem[X,0x80000562] -> 0x06C0
[349] [M]: 0x80000560 (0x06C0A423) sw a2, 104(ra)
mem[0x80005300] <- 0x00000000


mem[X,0x80000564] -> 0x0513
mem[X,0x80000566] -> 0x0200
[350] [M]: 0x80000564 (0x02000513) addi a0, zero, 32
x10 <- 0x00000020


mem[X,0x80000568] -> 0x05B7
mem[X,0x8000056A] -> 0xFF80
[351] [M]: 0x80000568 (0xFF8005B7) lui a1, 1046528
x11 <- 0xFF800000


mem[X,0x8000056C] -> 0x8593
mem[X,0x8000056E] -> 0xFFF5
[352] [M]: 0x8000056C (0xFFF58593) addi a1, a1, 4095
x11 <- 0xFF7FFFFF


mem[X,0x80000570] -> 0x4633
mem[X,0x80000572] -> 0x02B5
[353] [M]: 0x80000570 (0x02B54633) div a2, a0, a1
x12 <- 0x00000000


mem[X,0x80000574] -> 0xA623
mem[X,0x80000576] -> 0x06C0
[354] [M]: 0x80000574 (0x06C0A623) sw a2, 108(ra)
mem[0x80005304] <- 0x00000000


mem[X,0x80000578] -> 0x0513
mem[X,0x8000057A] -> 0x0030
[355] [M]: 0x80000578 (0x00300513) addi a0, zero, 3
x10 <- 0x00000003


mem[X,0x8000057C] -> 0x05B7
mem[X,0x8000057E] -> 0xFF00
[356] [M]: 0x8000057C (0xFF0005B7) lui a1, 1044480
x11 <- 0xFF000000


mem[X,0x80000580] -> 0x8593
mem[X,0x80000582] -> 0xFFF5
[357] [M]: 0x80000580 (0xFFF58593) addi a1, a1, 4095
x11 <- 0xFEFFFFFF


mem[X,0x80000584] -> 0x4633
mem[X,0x80000586] -> 0x02B5
[358] [M]: 0x80000584 (0x02B54633) div a2, a0, a1
x12 <- 0x00000000


mem[X,0x80000588] -> 0xA823
mem[X,0x8000058A] -> 0x06C0
[359] [M]: 0x80000588 (0x06C0A823) sw a2, 112(ra)
mem[0x80005308] <- 0x00000000


mem[X,0x8000058C] -> 0x5537
mem[X,0x8000058E] -> 0x5555
[360] [M]: 0x8000058C (0x55555537) lui a0, 349525
x10 <- 0x55555000


mem[X,0x80000590] -> 0x0513
mem[X,0x80000592] -> 0x5555
[361] [M]: 0x80000590 (0x55550513) addi a0, a0, 1365
x10 <- 0x55555555


mem[X,0x80000594] -> 0x05B7
mem[X,0x80000596] -> 0xFE00
[362] [M]: 0x80000594 (0xFE0005B7) lui a1, 1040384
x11 <- 0xFE000000


mem[X,0x80000598] -> 0x8593
mem[X,0x8000059A] -> 0xFFF5
[363] [M]: 0x80000598 (0xFFF58593) addi a1, a1, 4095
x11 <- 0xFDFFFFFF


mem[X,0x8000059C] -> 0x4633
mem[X,0x8000059E] -> 0x02B5
[364] [M]: 0x8000059C (0x02B54633) div a2, a0, a1
x12 <- 0xFFFFFFD6


mem[X,0x800005A0] -> 0xAA23
mem[X,0x800005A2] -> 0x06C0
[365] [M]: 0x800005A0 (0x06C0AA23) sw a2, 116(ra)
mem[0x8000530C] <- 0xFFFFFFD6


mem[X,0x800005A4] -> 0x0513
mem[X,0x800005A6] -> 0x0000
[366] [M]: 0x800005A4 (0x00000513) addi a0, zero, 0
x10 <- 0x00000000


mem[X,0x800005A8] -> 0x05B7
mem[X,0x800005AA] -> 0xFC00
[367] [M]: 0x800005A8 (0xFC0005B7) lui a1, 1032192
x11 <- 0xFC000000


mem[X,0x800005AC] -> 0x8593
mem[X,0x800005AE] -> 0xFFF5
[368] [M]: 0x800005AC (0xFFF58593) addi a1, a1, 4095
x11 <- 0xFBFFFFFF


mem[X,0x800005B0] -> 0x4633
mem[X,0x800005B2] -> 0x02B5
[369] [M]: 0x800005B0 (0x02B54633) div a2, a0, a1
x12 <- 0x00000000


mem[X,0x800005B4] -> 0xAC23
mem[X,0x800005B6] -> 0x06C0
[370] [M]: 0x800005B4 (0x06C0AC23) sw a2, 120(ra)
mem[0x80005310] <- 0x00000000


mem[X,0x800005B8] -> 0x0537
mem[X,0x800005BA] -> 0xFF00
[371] [M]: 0x800005B8 (0xFF000537) lui a0, 1044480
x10 <- 0xFF000000


mem[X,0x800005BC] -> 0x0513
mem[X,0x800005BE] -> 0xFFF5
[372] [M]: 0x800005BC (0xFFF50513) addi a0, a0, 4095
x10 <- 0xFEFFFFFF


mem[X,0x800005C0] -> 0x05B7
mem[X,0x800005C2] -> 0xF800
[373] [M]: 0x800005C0 (0xF80005B7) lui a1, 1015808
x11 <- 0xF8000000


mem[X,0x800005C4] -> 0x8593
mem[X,0x800005C6] -> 0xFFF5
[374] [M]: 0x800005C4 (0xFFF58593) addi a1, a1, 4095
x11 <- 0xF7FFFFFF


mem[X,0x800005C8] -> 0x4633
mem[X,0x800005CA] -> 0x02B5
[375] [M]: 0x800005C8 (0x02B54633) div a2, a0, a1
x12 <- 0x00000000


mem[X,0x800005CC] -> 0xAE23
mem[X,0x800005CE] -> 0x06C0
[376] [M]: 0x800005CC (0x06C0AE23) sw a2, 124(ra)
mem[0x80005314] <- 0x00000000


mem[X,0x800005D0] -> 0x0513
mem[X,0x800005D2] -> 0x0800
[377] [M]: 0x800005D0 (0x08000513) addi a0, zero, 128
x10 <- 0x00000080


mem[X,0x800005D4] -> 0x05B7
mem[X,0x800005D6] -> 0xF000
[378] [M]: 0x800005D4 (0xF00005B7) lui a1, 983040
x11 <- 0xF0000000


mem[X,0x800005D8] -> 0x8593
mem[X,0x800005DA] -> 0xFFF5
[379] [M]: 0x800005D8 (0xFFF58593) addi a1, a1, 4095
x11 <- 0xEFFFFFFF


mem[X,0x800005DC] -> 0x4633
mem[X,0x800005DE] -> 0x02B5
[380] [M]: 0x800005DC (0x02B54633) div a2, a0, a1
x12 <- 0x00000000


mem[X,0x800005E0] -> 0xA023
mem[X,0x800005E2] -> 0x08C0
[381] [M]: 0x800005E0 (0x08C0A023) sw a2, 128(ra)
mem[0x80005318] <- 0x00000000


mem[X,0x800005E4] -> 0x0513
mem[X,0x800005E6] -> 0xFFF0
[382] [M]: 0x800005E4 (0xFFF00513) addi a0, zero, 4095
x10 <- 0xFFFFFFFF


mem[X,0x800005E8] -> 0x05B7
mem[X,0x800005EA] -> 0xE000
[383] [M]: 0x800005E8 (0xE00005B7) lui a1, 917504
x11 <- 0xE0000000


mem[X,0x800005EC] -> 0x8593
mem[X,0x800005EE] -> 0xFFF5
[384] [M]: 0x800005EC (0xFFF58593) addi a1, a1, 4095
x11 <- 0xDFFFFFFF


mem[X,0x800005F0] -> 0x4633
mem[X,0x800005F2] -> 0x02B5
[385] [M]: 0x800005F0 (0x02B54633) div a2, a0, a1
x12 <- 0x00000000


mem[X,0x800005F4] -> 0xA223
mem[X,0x800005F6] -> 0x08C0
[386] [M]: 0x800005F4 (0x08C0A223) sw a2, 132(ra)
mem[0x8000531C] <- 0x00000000


mem[X,0x800005F8] -> 0x0513
mem[X,0x800005FA] -> 0xFF60
[387] [M]: 0x800005F8 (0xFF600513) addi a0, zero, 4086
x10 <- 0xFFFFFFF6


mem[X,0x800005FC] -> 0x05B7
mem[X,0x800005FE] -> 0xC000
[388] [M]: 0x800005FC (0xC00005B7) lui a1, 786432
x11 <- 0xC0000000


mem[X,0x80000600] -> 0x8593
mem[X,0x80000602] -> 0xFFF5
[389] [M]: 0x80000600 (0xFFF58593) addi a1, a1, 4095
x11 <- 0xBFFFFFFF


mem[X,0x80000604] -> 0x4633
mem[X,0x80000606] -> 0x02B5
[390] [M]: 0x80000604 (0x02B54633) div a2, a0, a1
x12 <- 0x00000000


mem[X,0x80000608] -> 0xA423
mem[X,0x8000060A] -> 0x08C0
[391] [M]: 0x80000608 (0x08C0A423) sw a2, 136(ra)
mem[0x80005320] <- 0x00000000


mem[X,0x8000060C] -> 0x0513
mem[X,0x8000060E] -> 0x0030
[392] [M]: 0x8000060C (0x00300513) addi a0, zero, 3
x10 <- 0x00000003


mem[X,0x80000610] -> 0x55B7
mem[X,0x80000612] -> 0x5555
[393] [M]: 0x80000610 (0x555555B7) lui a1, 349525
x11 <- 0x55555000


mem[X,0x80000614] -> 0x8593
mem[X,0x80000616] -> 0x5555
[394] [M]: 0x80000614 (0x55558593) addi a1, a1, 1365
x11 <- 0x55555555


mem[X,0x80000618] -> 0x4633
mem[X,0x8000061A] -> 0x02B5
[395] [M]: 0x80000618 (0x02B54633) div a2, a0, a1
x12 <- 0x00000000


mem[X,0x8000061C] -> 0xA623
mem[X,0x8000061E] -> 0x08C0
[396] [M]: 0x8000061C (0x08C0A623) sw a2, 140(ra)
mem[0x80005324] <- 0x00000000


mem[X,0x80000620] -> 0x0513
mem[X,0x80000622] -> 0xFDF0
[397] [M]: 0x80000620 (0xFDF00513) addi a0, zero, 4063
x10 <- 0xFFFFFFDF


mem[X,0x80000624] -> 0xB5B7
mem[X,0x80000626] -> 0xAAAA
[398] [M]: 0x80000624 (0xAAAAB5B7) lui a1, 699051
x11 <- 0xAAAAB000


mem[X,0x80000628] -> 0x8593
mem[X,0x8000062A] -> 0xAAA5
[399] [M]: 0x80000628 (0xAAA58593) addi a1, a1, 2730
x11 <- 0xAAAAAAAA


clint::tick mtime <- 0x0000000000000004
 clint timer pending at mtime 0x0000000000000004
htif::tick 0x0000000000000000
mem[X,0x8000062C] -> 0x4633
mem[X,0x8000062E] -> 0x02B5
[400] [M]: 0x8000062C (0x02B54633) div a2, a0, a1
x12 <- 0x00000000


mem[X,0x80000630] -> 0xA823
mem[X,0x80000632] -> 0x08C0
[401] [M]: 0x80000630 (0x08C0A823) sw a2, 144(ra)
mem[0x80005328] <- 0x00000000


mem[X,0x80000634] -> 0x0513
mem[X,0x80000636] -> 0x0080
[402] [M]: 0x80000634 (0x00800513) addi a0, zero, 8
x10 <- 0x00000008


mem[X,0x80000638] -> 0x0593
mem[X,0x8000063A] -> 0xFFC0
[403] [M]: 0x80000638 (0xFFC00593) addi a1, zero, 4092
x11 <- 0xFFFFFFFC


mem[X,0x8000063C] -> 0x4633
mem[X,0x8000063E] -> 0x02B5
[404] [M]: 0x8000063C (0x02B54633) div a2, a0, a1
x12 <- 0xFFFFFFFE


mem[X,0x80000640] -> 0xAA23
mem[X,0x80000642] -> 0x08C0
[405] [M]: 0x80000640 (0x08C0AA23) sw a2, 148(ra)
mem[0x8000532C] <- 0xFFFFFFFE


mem[X,0x80000644] -> 0x0513
mem[X,0x80000646] -> 0x0400
[406] [M]: 0x80000644 (0x04000513) addi a0, zero, 64
x10 <- 0x00000040


mem[X,0x80000648] -> 0x0593
mem[X,0x8000064A] -> 0x1000
[407] [M]: 0x80000648 (0x10000593) addi a1, zero, 256
x11 <- 0x00000100


mem[X,0x8000064C] -> 0x4633
mem[X,0x8000064E] -> 0x02B5
[408] [M]: 0x8000064C (0x02B54633) div a2, a0, a1
x12 <- 0x00000000


mem[X,0x80000650] -> 0xAC23
mem[X,0x80000652] -> 0x08C0
[409] [M]: 0x80000650 (0x08C0AC23) sw a2, 152(ra)
mem[0x80005330] <- 0x00000000


mem[X,0x80000654] -> 0x0513
mem[X,0x80000656] -> 0x2000
[410] [M]: 0x80000654 (0x20000513) addi a0, zero, 512
x10 <- 0x00000200


mem[X,0x80000658] -> 0x0593
mem[X,0x8000065A] -> 0xFEF0
[411] [M]: 0x80000658 (0xFEF00593) addi a1, zero, 4079
x11 <- 0xFFFFFFEF


mem[X,0x8000065C] -> 0x4633
mem[X,0x8000065E] -> 0x02B5
[412] [M]: 0x8000065C (0x02B54633) div a2, a0, a1
x12 <- 0xFFFFFFE2


mem[X,0x80000660] -> 0xAE23
mem[X,0x80000662] -> 0x08C0
[413] [M]: 0x80000660 (0x08C0AE23) sw a2, 156(ra)
mem[0x80005334] <- 0xFFFFFFE2


mem[X,0x80000664] -> 0x0513
mem[X,0x80000666] -> 0x4000
[414] [M]: 0x80000664 (0x40000513) addi a0, zero, 1024
x10 <- 0x00000400


mem[X,0x80000668] -> 0x05B7
mem[X,0x8000066A] -> 0x0008
[415] [M]: 0x80000668 (0x000805B7) lui a1, 128
x11 <- 0x00080000


mem[X,0x8000066C] -> 0x4633
mem[X,0x8000066E] -> 0x02B5
[416] [M]: 0x8000066C (0x02B54633) div a2, a0, a1
x12 <- 0x00000000


mem[X,0x80000670] -> 0xA023
mem[X,0x80000672] -> 0x0AC0
[417] [M]: 0x80000670 (0x0AC0A023) sw a2, 160(ra)
mem[0x80005338] <- 0x00000000


mem[X,0x80000674] -> 0x1537
mem[X,0x80000676] -> 0x0000
[418] [M]: 0x80000674 (0x00001537) lui a0, 1
x10 <- 0x00001000


mem[X,0x80000678] -> 0x0513
mem[X,0x8000067A] -> 0x8005
[419] [M]: 0x80000678 (0x80050513) addi a0, a0, 2048
x10 <- 0x00000800


mem[X,0x8000067C] -> 0x55B7
mem[X,0x8000067E] -> 0xFFFF
[420] [M]: 0x8000067C (0xFFFF55B7) lui a1, 1048565
x11 <- 0xFFFF5000


mem[X,0x80000680] -> 0x8593
mem[X,0x80000682] -> 0xAFC5
[421] [M]: 0x80000680 (0xAFC58593) addi a1, a1, 2812
x11 <- 0xFFFF4AFC


mem[X,0x80000684] -> 0x4633
mem[X,0x80000686] -> 0x02B5
[422] [M]: 0x80000684 (0x02B54633) div a2, a0, a1
x12 <- 0x00000000


mem[X,0x80000688] -> 0xA223
mem[X,0x8000068A] -> 0x0AC0
[423] [M]: 0x80000688 (0x0AC0A223) sw a2, 164(ra)
mem[0x8000533C] <- 0x00000000


mem[X,0x8000068C] -> 0x2537
mem[X,0x8000068E] -> 0x0000
[424] [M]: 0x8000068C (0x00002537) lui a0, 2
x10 <- 0x00002000


mem[X,0x80000690] -> 0x05B7
mem[X,0x80000692] -> 0x0040
[425] [M]: 0x80000690 (0x004005B7) lui a1, 1024
x11 <- 0x00400000


mem[X,0x80000694] -> 0x4633
mem[X,0x80000696] -> 0x02B5
[426] [M]: 0x80000694 (0x02B54633) div a2, a0, a1
x12 <- 0x00000000


mem[X,0x80000698] -> 0xA423
mem[X,0x8000069A] -> 0x0AC0
[427] [M]: 0x80000698 (0x0AC0A423) sw a2, 168(ra)
mem[0x80005340] <- 0x00000000


mem[X,0x8000069C] -> 0x0537
mem[X,0x8000069E] -> 0x0001
[428] [M]: 0x8000069C (0x00010537) lui a0, 16
x10 <- 0x00010000


mem[X,0x800006A0] -> 0x05B7
mem[X,0x800006A2] -> 0xFFF0
[429] [M]: 0x800006A0 (0xFFF005B7) lui a1, 1048320
x11 <- 0xFFF00000


mem[X,0x800006A4] -> 0x8593
mem[X,0x800006A6] -> 0xFFF5
[430] [M]: 0x800006A4 (0xFFF58593) addi a1, a1, 4095
x11 <- 0xFFEFFFFF


mem[X,0x800006A8] -> 0x4633
mem[X,0x800006AA] -> 0x02B5
[431] [M]: 0x800006A8 (0x02B54633) div a2, a0, a1
x12 <- 0x00000000


mem[X,0x800006AC] -> 0xA623
mem[X,0x800006AE] -> 0x0AC0
[432] [M]: 0x800006AC (0x0AC0A623) sw a2, 172(ra)
mem[0x80005344] <- 0x00000000


mem[X,0x800006B0] -> 0x0537
mem[X,0x800006B2] -> 0x0004
[433] [M]: 0x800006B0 (0x00040537) lui a0, 64
x10 <- 0x00040000


mem[X,0x800006B4] -> 0x0593
mem[X,0x800006B6] -> 0x0020
[434] [M]: 0x800006B4 (0x00200593) addi a1, zero, 2
x11 <- 0x00000002


mem[X,0x800006B8] -> 0x4633
mem[X,0x800006BA] -> 0x02B5
[435] [M]: 0x800006B8 (0x02B54633) div a2, a0, a1
x12 <- 0x00020000


mem[X,0x800006BC] -> 0xA823
mem[X,0x800006BE] -> 0x0AC0
[436] [M]: 0x800006BC (0x0AC0A823) sw a2, 176(ra)
mem[0x80005348] <- 0x00020000


mem[X,0x800006C0] -> 0x0537
mem[X,0x800006C2] -> 0x0010
[437] [M]: 0x800006C0 (0x00100537) lui a0, 256
x10 <- 0x00100000


mem[X,0x800006C4] -> 0x05B7
mem[X,0x800006C6] -> 0x8000
[438] [M]: 0x800006C4 (0x800005B7) lui a1, 524288
x11 <- 0x80000000


mem[X,0x800006C8] -> 0x4633
mem[X,0x800006CA] -> 0x02B5
[439] [M]: 0x800006C8 (0x02B54633) div a2, a0, a1
x12 <- 0x00000000


mem[X,0x800006CC] -> 0xAA23
mem[X,0x800006CE] -> 0x0AC0
[440] [M]: 0x800006CC (0x0AC0AA23) sw a2, 180(ra)
mem[0x8000534C] <- 0x00000000


mem[X,0x800006D0] -> 0x0537
mem[X,0x800006D2] -> 0x0020
[441] [M]: 0x800006D0 (0x00200537) lui a0, 512
x10 <- 0x00200000


mem[X,0x800006D4] -> 0x0593
mem[X,0x800006D6] -> 0x4000
[442] [M]: 0x800006D4 (0x40000593) addi a1, zero, 1024
x11 <- 0x00000400


mem[X,0x800006D8] -> 0x4633
mem[X,0x800006DA] -> 0x02B5
[443] [M]: 0x800006D8 (0x02B54633) div a2, a0, a1
x12 <- 0x00000800


mem[X,0x800006DC] -> 0xAC23
mem[X,0x800006DE] -> 0x0AC0
[444] [M]: 0x800006DC (0x0AC0AC23) sw a2, 184(ra)
mem[0x80005350] <- 0x00000800


mem[X,0x800006E0] -> 0x0537
mem[X,0x800006E2] -> 0x0100
[445] [M]: 0x800006E0 (0x01000537) lui a0, 4096
x10 <- 0x01000000


mem[X,0x800006E4] -> 0xB5B7
mem[X,0x800006E6] -> 0xAAAA
[446] [M]: 0x800006E4 (0xAAAAB5B7) lui a1, 699051
x11 <- 0xAAAAB000


mem[X,0x800006E8] -> 0x8593
mem[X,0x800006EA] -> 0xAAB5
[447] [M]: 0x800006E8 (0xAAB58593) addi a1, a1, 2731
x11 <- 0xAAAAAAAB


mem[X,0x800006EC] -> 0x4633
mem[X,0x800006EE] -> 0x02B5
[448] [M]: 0x800006EC (0x02B54633) div a2, a0, a1
x12 <- 0x00000000


mem[X,0x800006F0] -> 0xAE23
mem[X,0x800006F2] -> 0x0AC0
[449] [M]: 0x800006F0 (0x0AC0AE23) sw a2, 188(ra)
mem[0x80005354] <- 0x00000000


mem[X,0x800006F4] -> 0x0537
mem[X,0x800006F6] -> 0x0200
[450] [M]: 0x800006F4 (0x02000537) lui a0, 8192
x10 <- 0x02000000


mem[X,0x800006F8] -> 0x0593
mem[X,0x800006FA] -> 0xFDF0
[451] [M]: 0x800006F8 (0xFDF00593) addi a1, zero, 4063
x11 <- 0xFFFFFFDF


mem[X,0x800006FC] -> 0x4633
mem[X,0x800006FE] -> 0x02B5
[452] [M]: 0x800006FC (0x02B54633) div a2, a0, a1
x12 <- 0xFFF07C20


mem[X,0x80000700] -> 0xA023
mem[X,0x80000702] -> 0x0CC0
[453] [M]: 0x80000700 (0x0CC0A023) sw a2, 192(ra)
mem[0x80005358] <- 0xFFF07C20


mem[X,0x80000704] -> 0x0537
mem[X,0x80000706] -> 0x0400
[454] [M]: 0x80000704 (0x04000537) lui a0, 16384
x10 <- 0x04000000


mem[X,0x80000708] -> 0x05B7
mem[X,0x8000070A] -> 0x0400
[455] [M]: 0x80000708 (0x040005B7) lui a1, 16384
x11 <- 0x04000000


mem[X,0x8000070C] -> 0x4633
mem[X,0x8000070E] -> 0x02B5
[456] [M]: 0x8000070C (0x02B54633) div a2, a0, a1
x12 <- 0x00000001


mem[X,0x80000710] -> 0xA223
mem[X,0x80000712] -> 0x0CC0
[457] [M]: 0x80000710 (0x0CC0A223) sw a2, 196(ra)
mem[0x8000535C] <- 0x00000001


mem[X,0x80000714] -> 0x0537
mem[X,0x80000716] -> 0x0800
[458] [M]: 0x80000714 (0x08000537) lui a0, 32768
x10 <- 0x08000000


mem[X,0x80000718] -> 0xB5B7
mem[X,0x8000071A] -> 0x0000
[459] [M]: 0x80000718 (0x0000B5B7) lui a1, 11
x11 <- 0x0000B000


mem[X,0x8000071C] -> 0x8593
mem[X,0x8000071E] -> 0x5035
[460] [M]: 0x8000071C (0x50358593) addi a1, a1, 1283
x11 <- 0x0000B503


mem[X,0x80000720] -> 0x4633
mem[X,0x80000722] -> 0x02B5
[461] [M]: 0x80000720 (0x02B54633) div a2, a0, a1
x12 <- 0x00000B50


mem[X,0x80000724] -> 0xA423
mem[X,0x80000726] -> 0x0CC0
[462] [M]: 0x80000724 (0x0CC0A423) sw a2, 200(ra)
mem[0x80005360] <- 0x00000B50


mem[X,0x80000728] -> 0x0537
mem[X,0x8000072A] -> 0x2000
[463] [M]: 0x80000728 (0x20000537) lui a0, 131072
x10 <- 0x20000000


mem[X,0x8000072C] -> 0x15B7
mem[X,0x8000072E] -> 0x0000
[464] [M]: 0x8000072C (0x000015B7) lui a1, 1
x11 <- 0x00001000


mem[X,0x80000730] -> 0x8593
mem[X,0x80000732] -> 0x8005
[465] [M]: 0x80000730 (0x80058593) addi a1, a1, 2048
x11 <- 0x00000800


mem[X,0x80000734] -> 0x4633
mem[X,0x80000736] -> 0x02B5
[466] [M]: 0x80000734 (0x02B54633) div a2, a0, a1
x12 <- 0x00040000


mem[X,0x80000738] -> 0xA623
mem[X,0x8000073A] -> 0x0CC0
[467] [M]: 0x80000738 (0x0CC0A623) sw a2, 204(ra)
mem[0x80005364] <- 0x00040000


mem[X,0x8000073C] -> 0x0513
mem[X,0x8000073E] -> 0xFFD0
[468] [M]: 0x8000073C (0xFFD00513) addi a0, zero, 4093
x10 <- 0xFFFFFFFD


mem[X,0x80000740] -> 0x05B7
mem[X,0x80000742] -> 0x1000
[469] [M]: 0x80000740 (0x100005B7) lui a1, 65536
x11 <- 0x10000000


mem[X,0x80000744] -> 0x4633
mem[X,0x80000746] -> 0x02B5
[470] [M]: 0x80000744 (0x02B54633) div a2, a0, a1
x12 <- 0x00000000


mem[X,0x80000748] -> 0xA823
mem[X,0x8000074A] -> 0x0CC0
[471] [M]: 0x80000748 (0x0CC0A823) sw a2, 208(ra)
mem[0x80005368] <- 0x00000000


mem[X,0x8000074C] -> 0x0513
mem[X,0x8000074E] -> 0xFF70
[472] [M]: 0x8000074C (0xFF700513) addi a0, zero, 4087
x10 <- 0xFFFFFFF7


mem[X,0x80000750] -> 0x05B7
mem[X,0x80000752] -> 0x0020
[473] [M]: 0x80000750 (0x002005B7) lui a1, 512
x11 <- 0x00200000


mem[X,0x80000754] -> 0x4633
mem[X,0x80000756] -> 0x02B5
[474] [M]: 0x80000754 (0x02B54633) div a2, a0, a1
x12 <- 0x00000000


mem[X,0x80000758] -> 0xAA23
mem[X,0x8000075A] -> 0x0CC0
[475] [M]: 0x80000758 (0x0CC0AA23) sw a2, 212(ra)
mem[0x8000536C] <- 0x00000000


mem[X,0x8000075C] -> 0x0513
mem[X,0x8000075E] -> 0xFBF0
[476] [M]: 0x8000075C (0xFBF00513) addi a0, zero, 4031
x10 <- 0xFFFFFFBF


mem[X,0x80000760] -> 0x05B7
mem[X,0x80000762] -> 0x4000
[477] [M]: 0x80000760 (0x400005B7) lui a1, 262144
x11 <- 0x40000000


mem[X,0x80000764] -> 0x4633
mem[X,0x80000766] -> 0x02B5
[478] [M]: 0x80000764 (0x02B54633) div a2, a0, a1
x12 <- 0x00000000


mem[X,0x80000768] -> 0xAC23
mem[X,0x8000076A] -> 0x0CC0
[479] [M]: 0x80000768 (0x0CC0AC23) sw a2, 216(ra)
mem[0x80005370] <- 0x00000000


mem[X,0x8000076C] -> 0x0513
mem[X,0x8000076E] -> 0xF7F0
[480] [M]: 0x8000076C (0xF7F00513) addi a0, zero, 3967
x10 <- 0xFFFFFF7F


mem[X,0x80000770] -> 0x05B7
mem[X,0x80000772] -> 0x0800
[481] [M]: 0x80000770 (0x080005B7) lui a1, 32768
x11 <- 0x08000000


mem[X,0x80000774] -> 0x4633
mem[X,0x80000776] -> 0x02B5
[482] [M]: 0x80000774 (0x02B54633) div a2, a0, a1
x12 <- 0x00000000


mem[X,0x80000778] -> 0xAE23
mem[X,0x8000077A] -> 0x0CC0
[483] [M]: 0x80000778 (0x0CC0AE23) sw a2, 220(ra)
mem[0x80005374] <- 0x00000000


mem[X,0x8000077C] -> 0xF537
mem[X,0x8000077E] -> 0xFFFF
[484] [M]: 0x8000077C (0xFFFFF537) lui a0, 1048575
x10 <- 0xFFFFF000


mem[X,0x80000780] -> 0x0513
mem[X,0x80000782] -> 0x7FF5
[485] [M]: 0x80000780 (0x7FF50513) addi a0, a0, 2047
x10 <- 0xFFFFF7FF


mem[X,0x80000784] -> 0x05B7
mem[X,0x80000786] -> 0x0008
[486] [M]: 0x80000784 (0x000805B7) lui a1, 128
x11 <- 0x00080000


mem[X,0x80000788] -> 0x4633
mem[X,0x8000078A] -> 0x02B5
[487] [M]: 0x80000788 (0x02B54633) div a2, a0, a1
x12 <- 0x00000000


mem[X,0x8000078C] -> 0xA023
mem[X,0x8000078E] -> 0x0EC0
[488] [M]: 0x8000078C (0x0EC0A023) sw a2, 224(ra)
mem[0x80005378] <- 0x00000000


mem[X,0x80000790] -> 0xF537
mem[X,0x80000792] -> 0xFFFF
[489] [M]: 0x80000790 (0xFFFFF537) lui a0, 1048575
x10 <- 0xFFFFF000


mem[X,0x80000794] -> 0x0513
mem[X,0x80000796] -> 0xFFF5
[490] [M]: 0x80000794 (0xFFF50513) addi a0, a0, 4095
x10 <- 0xFFFFEFFF


mem[X,0x80000798] -> 0x0593
mem[X,0x8000079A] -> 0x0060
[491] [M]: 0x80000798 (0x00600593) addi a1, zero, 6
x11 <- 0x00000006


mem[X,0x8000079C] -> 0x4633
mem[X,0x8000079E] -> 0x02B5
[492] [M]: 0x8000079C (0x02B54633) div a2, a0, a1
x12 <- 0xFFFFFD56


mem[X,0x800007A0] -> 0xA223
mem[X,0x800007A2] -> 0x0EC0
[493] [M]: 0x800007A0 (0x0EC0A223) sw a2, 228(ra)
mem[0x8000537C] <- 0xFFFFFD56


mem[X,0x800007A4] -> 0xC537
mem[X,0x800007A6] -> 0xFFFF
[494] [M]: 0x800007A4 (0xFFFFC537) lui a0, 1048572
x10 <- 0xFFFFC000


mem[X,0x800007A8] -> 0x0513
mem[X,0x800007AA] -> 0xFFF5
[495] [M]: 0x800007A8 (0xFFF50513) addi a0, a0, 4095
x10 <- 0xFFFFBFFF


mem[X,0x800007AC] -> 0x0593
mem[X,0x800007AE] -> 0x1000
[496] [M]: 0x800007AC (0x10000593) addi a1, zero, 256
x11 <- 0x00000100


mem[X,0x800007B0] -> 0x4633
mem[X,0x800007B2] -> 0x02B5
[497] [M]: 0x800007B0 (0x02B54633) div a2, a0, a1
x12 <- 0xFFFFFFC0


mem[X,0x800007B4] -> 0xA423
mem[X,0x800007B6] -> 0x0EC0
[498] [M]: 0x800007B4 (0x0EC0A423) sw a2, 232(ra)
mem[0x80005380] <- 0xFFFFFFC0


mem[X,0x800007B8] -> 0x8537
mem[X,0x800007BA] -> 0xFFFF
[499] [M]: 0x800007B8 (0xFFFF8537) lui a0, 1048568
x10 <- 0xFFFF8000


clint::tick mtime <- 0x0000000000000005
 clint timer pending at mtime 0x0000000000000005
htif::tick 0x0000000000000000
mem[X,0x800007BC] -> 0x0513
mem[X,0x800007BE] -> 0xFFF5
[500] [M]: 0x800007BC (0xFFF50513) addi a0, a0, 4095
x10 <- 0xFFFF7FFF


mem[X,0x800007C0] -> 0x0593
mem[X,0x800007C2] -> 0xFFD0
[501] [M]: 0x800007C0 (0xFFD00593) addi a1, zero, 4093
x11 <- 0xFFFFFFFD


mem[X,0x800007C4] -> 0x4633
mem[X,0x800007C6] -> 0x02B5
[502] [M]: 0x800007C4 (0x02B54633) div a2, a0, a1
x12 <- 0x00002AAB


mem[X,0x800007C8] -> 0xA623
mem[X,0x800007CA] -> 0x0EC0
[503] [M]: 0x800007C8 (0x0EC0A623) sw a2, 236(ra)
mem[0x80005384] <- 0x00002AAB


mem[X,0x800007CC] -> 0x0537
mem[X,0x800007CE] -> 0xFFFF
[504] [M]: 0x800007CC (0xFFFF0537) lui a0, 1048560
x10 <- 0xFFFF0000


mem[X,0x800007D0] -> 0x0513
mem[X,0x800007D2] -> 0xFFF5
[505] [M]: 0x800007D0 (0xFFF50513) addi a0, a0, 4095
x10 <- 0xFFFEFFFF


mem[X,0x800007D4] -> 0x0593
mem[X,0x800007D6] -> 0xFFC0
[506] [M]: 0x800007D4 (0xFFC00593) addi a1, zero, 4092
x11 <- 0xFFFFFFFC


mem[X,0x800007D8] -> 0x4633
mem[X,0x800007DA] -> 0x02B5
[507] [M]: 0x800007D8 (0x02B54633) div a2, a0, a1
x12 <- 0x00004000


mem[X,0x800007DC] -> 0xA823
mem[X,0x800007DE] -> 0x0EC0
[508] [M]: 0x800007DC (0x0EC0A823) sw a2, 240(ra)
mem[0x80005388] <- 0x00004000


mem[X,0x800007E0] -> 0x0537
mem[X,0x800007E2] -> 0xFFFE
[509] [M]: 0x800007E0 (0xFFFE0537) lui a0, 1048544
x10 <- 0xFFFE0000


mem[X,0x800007E4] -> 0x0513
mem[X,0x800007E6] -> 0xFFF5
[510] [M]: 0x800007E4 (0xFFF50513) addi a0, a0, 4095
x10 <- 0xFFFDFFFF


mem[X,0x800007E8] -> 0x0593
mem[X,0x800007EA] -> 0x0040
[511] [M]: 0x800007E8 (0x00400593) addi a1, zero, 4
x11 <- 0x00000004


mem[X,0x800007EC] -> 0x4633
mem[X,0x800007EE] -> 0x02B5
[512] [M]: 0x800007EC (0x02B54633) div a2, a0, a1
x12 <- 0xFFFF8000


mem[X,0x800007F0] -> 0xAA23
mem[X,0x800007F2] -> 0x0EC0
[513] [M]: 0x800007F0 (0x0EC0AA23) sw a2, 244(ra)
mem[0x8000538C] <- 0xFFFF8000


mem[X,0x800007F4] -> 0x0537
mem[X,0x800007F6] -> 0xFFF8
[514] [M]: 0x800007F4 (0xFFF80537) lui a0, 1048448
x10 <- 0xFFF80000


mem[X,0x800007F8] -> 0x0513
mem[X,0x800007FA] -> 0xFFF5
[515] [M]: 0x800007F8 (0xFFF50513) addi a0, a0, 4095
x10 <- 0xFFF7FFFF


mem[X,0x800007FC] -> 0x05B7
mem[X,0x800007FE] -> 0xFC00
[516] [M]: 0x800007FC (0xFC0005B7) lui a1, 1032192
x11 <- 0xFC000000


mem[X,0x80000800] -> 0x8593
mem[X,0x80000802] -> 0xFFF5
[517] [M]: 0x80000800 (0xFFF58593) addi a1, a1, 4095
x11 <- 0xFBFFFFFF


mem[X,0x80000804] -> 0x4633
mem[X,0x80000806] -> 0x02B5
[518] [M]: 0x80000804 (0x02B54633) div a2, a0, a1
x12 <- 0x00000000


mem[X,0x80000808] -> 0xAC23
mem[X,0x8000080A] -> 0x0EC0
[519] [M]: 0x80000808 (0x0EC0AC23) sw a2, 248(ra)
mem[0x80005390] <- 0x00000000


mem[X,0x8000080C] -> 0x0537
mem[X,0x8000080E] -> 0xFFF0
[520] [M]: 0x8000080C (0xFFF00537) lui a0, 1048320
x10 <- 0xFFF00000


mem[X,0x80000810] -> 0x0513
mem[X,0x80000812] -> 0xFFF5
[521] [M]: 0x80000810 (0xFFF50513) addi a0, a0, 4095
x10 <- 0xFFEFFFFF


mem[X,0x80000814] -> 0x0593
mem[X,0x80000816] -> 0xFDF0
[522] [M]: 0x80000814 (0xFDF00593) addi a1, zero, 4063
x11 <- 0xFFFFFFDF


mem[X,0x80000818] -> 0x4633
mem[X,0x8000081A] -> 0x02B5
[523] [M]: 0x80000818 (0x02B54633) div a2, a0, a1
x12 <- 0x00007C1F


mem[X,0x8000081C] -> 0xAE23
mem[X,0x8000081E] -> 0x0EC0
[524] [M]: 0x8000081C (0x0EC0AE23) sw a2, 252(ra)
mem[0x80005394] <- 0x00007C1F


mem[X,0x80000820] -> 0x0537
mem[X,0x80000822] -> 0xFFE0
[525] [M]: 0x80000820 (0xFFE00537) lui a0, 1048064
x10 <- 0xFFE00000


mem[X,0x80000824] -> 0x0513
mem[X,0x80000826] -> 0xFFF5
[526] [M]: 0x80000824 (0xFFF50513) addi a0, a0, 4095
x10 <- 0xFFDFFFFF


mem[X,0x80000828] -> 0x85B7
mem[X,0x8000082A] -> 0xFFFF
[527] [M]: 0x80000828 (0xFFFF85B7) lui a1, 1048568
x11 <- 0xFFFF8000


mem[X,0x8000082C] -> 0x8593
mem[X,0x8000082E] -> 0xFFF5
[528] [M]: 0x8000082C (0xFFF58593) addi a1, a1, 4095
x11 <- 0xFFFF7FFF


mem[X,0x80000830] -> 0x4633
mem[X,0x80000832] -> 0x02B5
[529] [M]: 0x80000830 (0x02B54633) div a2, a0, a1
x12 <- 0x0000003F


mem[X,0x80000834] -> 0xA023
mem[X,0x80000836] -> 0x10C0
[530] [M]: 0x80000834 (0x10C0A023) sw a2, 256(ra)
mem[0x80005398] <- 0x0000003F


mem[X,0x80000838] -> 0x0537
mem[X,0x8000083A] -> 0xFF80
[531] [M]: 0x80000838 (0xFF800537) lui a0, 1046528
x10 <- 0xFF800000


mem[X,0x8000083C] -> 0x0513
mem[X,0x8000083E] -> 0xFFF5
[532] [M]: 0x8000083C (0xFFF50513) addi a0, a0, 4095
x10 <- 0xFF7FFFFF


mem[X,0x80000840] -> 0x05B7
mem[X,0x80000842] -> 0xF800
[533] [M]: 0x80000840 (0xF80005B7) lui a1, 1015808
x11 <- 0xF8000000


mem[X,0x80000844] -> 0x8593
mem[X,0x80000846] -> 0xFFF5
[534] [M]: 0x80000844 (0xFFF58593) addi a1, a1, 4095
x11 <- 0xF7FFFFFF


mem[X,0x80000848] -> 0x4633
mem[X,0x8000084A] -> 0x02B5
[535] [M]: 0x80000848 (0x02B54633) div a2, a0, a1
x12 <- 0x00000000


mem[X,0x8000084C] -> 0xA223
mem[X,0x8000084E] -> 0x10C0
[536] [M]: 0x8000084C (0x10C0A223) sw a2, 260(ra)
mem[0x8000539C] <- 0x00000000


mem[X,0x80000850] -> 0x0537
mem[X,0x80000852] -> 0xFC00
[537] [M]: 0x80000850 (0xFC000537) lui a0, 1032192
x10 <- 0xFC000000


mem[X,0x80000854] -> 0x0513
mem[X,0x80000856] -> 0xFFF5
[538] [M]: 0x80000854 (0xFFF50513) addi a0, a0, 4095
x10 <- 0xFBFFFFFF


mem[X,0x80000858] -> 0x0593
mem[X,0x8000085A] -> 0xFDF0
[539] [M]: 0x80000858 (0xFDF00593) addi a1, zero, 4063
x11 <- 0xFFFFFFDF


mem[X,0x8000085C] -> 0x4633
mem[X,0x8000085E] -> 0x02B5
[540] [M]: 0x8000085C (0x02B54633) div a2, a0, a1
x12 <- 0x001F07C1


mem[X,0x80000860] -> 0xA423
mem[X,0x80000862] -> 0x10C0
[541] [M]: 0x80000860 (0x10C0A423) sw a2, 264(ra)
mem[0x800053A0] <- 0x001F07C1


mem[X,0x80000864] -> 0x0537
mem[X,0x80000866] -> 0xF800
[542] [M]: 0x80000864 (0xF8000537) lui a0, 1015808
x10 <- 0xF8000000


mem[X,0x80000868] -> 0x0513
mem[X,0x8000086A] -> 0xFFF5
[543] [M]: 0x80000868 (0xFFF50513) addi a0, a0, 4095
x10 <- 0xF7FFFFFF


mem[X,0x8000086C] -> 0x05B7
mem[X,0x8000086E] -> 0x2000
[544] [M]: 0x8000086C (0x200005B7) lui a1, 131072
x11 <- 0x20000000


mem[X,0x80000870] -> 0x4633
mem[X,0x80000872] -> 0x02B5
[545] [M]: 0x80000870 (0x02B54633) div a2, a0, a1
x12 <- 0x00000000


mem[X,0x80000874] -> 0xA623
mem[X,0x80000876] -> 0x10C0
[546] [M]: 0x80000874 (0x10C0A623) sw a2, 268(ra)
mem[0x800053A4] <- 0x00000000


mem[X,0x80000878] -> 0x0537
mem[X,0x8000087A] -> 0xF000
[547] [M]: 0x80000878 (0xF0000537) lui a0, 983040
x10 <- 0xF0000000


mem[X,0x8000087C] -> 0x0513
mem[X,0x8000087E] -> 0xFFF5
[548] [M]: 0x8000087C (0xFFF50513) addi a0, a0, 4095
x10 <- 0xEFFFFFFF


mem[X,0x80000880] -> 0x0593
mem[X,0x80000882] -> 0xDFF0
[549] [M]: 0x80000880 (0xDFF00593) addi a1, zero, 3583
x11 <- 0xFFFFFDFF


mem[X,0x80000884] -> 0x4633
mem[X,0x80000886] -> 0x02B5
[550] [M]: 0x80000884 (0x02B54633) div a2, a0, a1
x12 <- 0x0007FC01


mem[X,0x80000888] -> 0xA823
mem[X,0x8000088A] -> 0x10C0
[551] [M]: 0x80000888 (0x10C0A823) sw a2, 272(ra)
mem[0x800053A8] <- 0x0007FC01


mem[X,0x8000088C] -> 0x0537
mem[X,0x8000088E] -> 0xE000
[552] [M]: 0x8000088C (0xE0000537) lui a0, 917504
x10 <- 0xE0000000


mem[X,0x80000890] -> 0x0513
mem[X,0x80000892] -> 0xFFF5
[553] [M]: 0x80000890 (0xFFF50513) addi a0, a0, 4095
x10 <- 0xDFFFFFFF


mem[X,0x80000894] -> 0x05B7
mem[X,0x80000896] -> 0x0080
[554] [M]: 0x80000894 (0x008005B7) lui a1, 2048
x11 <- 0x00800000


mem[X,0x80000898] -> 0x4633
mem[X,0x8000089A] -> 0x02B5
[555] [M]: 0x80000898 (0x02B54633) div a2, a0, a1
x12 <- 0xFFFFFFC0


mem[X,0x8000089C] -> 0xAA23
mem[X,0x8000089E] -> 0x10C0
[556] [M]: 0x8000089C (0x10C0AA23) sw a2, 276(ra)
mem[0x800053AC] <- 0xFFFFFFC0


mem[X,0x800008A0] -> 0xB537
mem[X,0x800008A2] -> 0xAAAA
[557] [M]: 0x800008A0 (0xAAAAB537) lui a0, 699051
x10 <- 0xAAAAB000


mem[X,0x800008A4] -> 0x0513
mem[X,0x800008A6] -> 0xAAA5
[558] [M]: 0x800008A4 (0xAAA50513) addi a0, a0, 2730
x10 <- 0xAAAAAAAA


mem[X,0x800008A8] -> 0x0593
mem[X,0x800008AA] -> 0xFFD0
[559] [M]: 0x800008A8 (0xFFD00593) addi a1, zero, 4093
x11 <- 0xFFFFFFFD


mem[X,0x800008AC] -> 0x4633
mem[X,0x800008AE] -> 0x02B5
[560] [M]: 0x800008AC (0x02B54633) div a2, a0, a1
x12 <- 0x1C71C71C


mem[X,0x800008B0] -> 0xAC23
mem[X,0x800008B2] -> 0x10C0
[561] [M]: 0x800008B0 (0x10C0AC23) sw a2, 280(ra)
mem[0x800053B0] <- 0x1C71C71C


mem[X,0x800008B4] -> 0x0513
mem[X,0x800008B6] -> 0x0030
[562] [M]: 0x800008B4 (0x00300513) addi a0, zero, 3
x10 <- 0x00000003


mem[X,0x800008B8] -> 0x0593
mem[X,0x800008BA] -> 0x0030
[563] [M]: 0x800008B8 (0x00300593) addi a1, zero, 3
x11 <- 0x00000003


mem[X,0x800008BC] -> 0x4633
mem[X,0x800008BE] -> 0x02B5
[564] [M]: 0x800008BC (0x02B54633) div a2, a0, a1
x12 <- 0x00000001


mem[X,0x800008C0] -> 0xAE23
mem[X,0x800008C2] -> 0x10C0
[565] [M]: 0x800008C0 (0x10C0AE23) sw a2, 284(ra)
mem[0x800053B4] <- 0x00000001


mem[X,0x800008C4] -> 0x0513
mem[X,0x800008C6] -> 0x0030
[566] [M]: 0x800008C4 (0x00300513) addi a0, zero, 3
x10 <- 0x00000003


mem[X,0x800008C8] -> 0xB5B7
mem[X,0x800008CA] -> 0xAAAA
[567] [M]: 0x800008C8 (0xAAAAB5B7) lui a1, 699051
x11 <- 0xAAAAB000


mem[X,0x800008CC] -> 0x8593
mem[X,0x800008CE] -> 0xAAA5
[568] [M]: 0x800008CC (0xAAA58593) addi a1, a1, 2730
x11 <- 0xAAAAAAAA


mem[X,0x800008D0] -> 0x4633
mem[X,0x800008D2] -> 0x02B5
[569] [M]: 0x800008D0 (0x02B54633) div a2, a0, a1
x12 <- 0x00000000


mem[X,0x800008D4] -> 0xA023
mem[X,0x800008D6] -> 0x12C0
[570] [M]: 0x800008D4 (0x12C0A023) sw a2, 288(ra)
mem[0x800053B8] <- 0x00000000


mem[X,0x800008D8] -> 0x0513
mem[X,0x800008DA] -> 0x0030
[571] [M]: 0x800008D8 (0x00300513) addi a0, zero, 3
x10 <- 0x00000003


mem[X,0x800008DC] -> 0x0593
mem[X,0x800008DE] -> 0x0050
[572] [M]: 0x800008DC (0x00500593) addi a1, zero, 5
x11 <- 0x00000005


mem[X,0x800008E0] -> 0x4633
mem[X,0x800008E2] -> 0x02B5
[573] [M]: 0x800008E0 (0x02B54633) div a2, a0, a1
x12 <- 0x00000000


mem[X,0x800008E4] -> 0xA223
mem[X,0x800008E6] -> 0x12C0
[574] [M]: 0x800008E4 (0x12C0A223) sw a2, 292(ra)
mem[0x800053BC] <- 0x00000000


mem[X,0x800008E8] -> 0x0513
mem[X,0x800008EA] -> 0x0030
[575] [M]: 0x800008E8 (0x00300513) addi a0, zero, 3
x10 <- 0x00000003


mem[X,0x800008EC] -> 0x35B7
mem[X,0x800008EE] -> 0x3333
[576] [M]: 0x800008EC (0x333335B7) lui a1, 209715
x11 <- 0x33333000


mem[X,0x800008F0] -> 0x8593
mem[X,0x800008F2] -> 0x3335
[577] [M]: 0x800008F0 (0x33358593) addi a1, a1, 819
x11 <- 0x33333333


mem[X,0x800008F4] -> 0x4633
mem[X,0x800008F6] -> 0x02B5
[578] [M]: 0x800008F4 (0x02B54633) div a2, a0, a1
x12 <- 0x00000000


mem[X,0x800008F8] -> 0xA423
mem[X,0x800008FA] -> 0x12C0
[579] [M]: 0x800008F8 (0x12C0A423) sw a2, 296(ra)
mem[0x800053C0] <- 0x00000000


mem[X,0x800008FC] -> 0x0513
mem[X,0x800008FE] -> 0x0030
[580] [M]: 0x800008FC (0x00300513) addi a0, zero, 3
x10 <- 0x00000003


mem[X,0x80000900] -> 0x65B7
mem[X,0x80000902] -> 0x6666
[581] [M]: 0x80000900 (0x666665B7) lui a1, 419430
x11 <- 0x66666000


mem[X,0x80000904] -> 0x8593
mem[X,0x80000906] -> 0x6665
[582] [M]: 0x80000904 (0x66658593) addi a1, a1, 1638
x11 <- 0x66666666


mem[X,0x80000908] -> 0x4633
mem[X,0x8000090A] -> 0x02B5
[583] [M]: 0x80000908 (0x02B54633) div a2, a0, a1
x12 <- 0x00000000


mem[X,0x8000090C] -> 0xA623
mem[X,0x8000090E] -> 0x12C0
[584] [M]: 0x8000090C (0x12C0A623) sw a2, 300(ra)
mem[0x800053C4] <- 0x00000000


mem[X,0x80000910] -> 0x0513
mem[X,0x80000912] -> 0x0030
[585] [M]: 0x80000910 (0x00300513) addi a0, zero, 3
x10 <- 0x00000003


mem[X,0x80000914] -> 0x55B7
mem[X,0x80000916] -> 0xFFFF
[586] [M]: 0x80000914 (0xFFFF55B7) lui a1, 1048565
x11 <- 0xFFFF5000


mem[X,0x80000918] -> 0x8593
mem[X,0x8000091A] -> 0xAFC5
[587] [M]: 0x80000918 (0xAFC58593) addi a1, a1, 2812
x11 <- 0xFFFF4AFC


mem[X,0x8000091C] -> 0x4633
mem[X,0x8000091E] -> 0x02B5
[588] [M]: 0x8000091C (0x02B54633) div a2, a0, a1
x12 <- 0x00000000


mem[X,0x80000920] -> 0xA823
mem[X,0x80000922] -> 0x12C0
[589] [M]: 0x80000920 (0x12C0A823) sw a2, 304(ra)
mem[0x800053C8] <- 0x00000000


mem[X,0x80000924] -> 0x0513
mem[X,0x80000926] -> 0x0030
[590] [M]: 0x80000924 (0x00300513) addi a0, zero, 3
x10 <- 0x00000003


mem[X,0x80000928] -> 0xB5B7
mem[X,0x8000092A] -> 0x0000
[591] [M]: 0x80000928 (0x0000B5B7) lui a1, 11
x11 <- 0x0000B000


mem[X,0x8000092C] -> 0x8593
mem[X,0x8000092E] -> 0x5045
[592] [M]: 0x8000092C (0x50458593) addi a1, a1, 1284
x11 <- 0x0000B504


mem[X,0x80000930] -> 0x4633
mem[X,0x80000932] -> 0x02B5
[593] [M]: 0x80000930 (0x02B54633) div a2, a0, a1
x12 <- 0x00000000


mem[X,0x80000934] -> 0xAA23
mem[X,0x80000936] -> 0x12C0
[594] [M]: 0x80000934 (0x12C0AA23) sw a2, 308(ra)
mem[0x800053CC] <- 0x00000000


mem[X,0x80000938] -> 0x0513
mem[X,0x8000093A] -> 0x0030
[595] [M]: 0x80000938 (0x00300513) addi a0, zero, 3
x10 <- 0x00000003


mem[X,0x8000093C] -> 0x0593
mem[X,0x8000093E] -> 0x0020
[596] [M]: 0x8000093C (0x00200593) addi a1, zero, 2
x11 <- 0x00000002


mem[X,0x80000940] -> 0x4633
mem[X,0x80000942] -> 0x02B5
[597] [M]: 0x80000940 (0x02B54633) div a2, a0, a1
x12 <- 0x00000001


mem[X,0x80000944] -> 0xAC23
mem[X,0x80000946] -> 0x12C0
[598] [M]: 0x80000944 (0x12C0AC23) sw a2, 312(ra)
mem[0x800053D0] <- 0x00000001


mem[X,0x80000948] -> 0x0513
mem[X,0x8000094A] -> 0x0030
[599] [M]: 0x80000948 (0x00300513) addi a0, zero, 3
x10 <- 0x00000003


clint::tick mtime <- 0x0000000000000006
 clint timer pending at mtime 0x0000000000000006
htif::tick 0x0000000000000000
mem[X,0x8000094C] -> 0x55B7
mem[X,0x8000094E] -> 0x5555
[600] [M]: 0x8000094C (0x555555B7) lui a1, 349525
x11 <- 0x55555000


mem[X,0x80000950] -> 0x8593
mem[X,0x80000952] -> 0x5545
[601] [M]: 0x80000950 (0x55458593) addi a1, a1, 1364
x11 <- 0x55555554


mem[X,0x80000954] -> 0x4633
mem[X,0x80000956] -> 0x02B5
[602] [M]: 0x80000954 (0x02B54633) div a2, a0, a1
x12 <- 0x00000000


mem[X,0x80000958] -> 0xAE23
mem[X,0x8000095A] -> 0x12C0
[603] [M]: 0x80000958 (0x12C0AE23) sw a2, 316(ra)
mem[0x800053D4] <- 0x00000000


mem[X,0x8000095C] -> 0x0513
mem[X,0x8000095E] -> 0x0030
[604] [M]: 0x8000095C (0x00300513) addi a0, zero, 3
x10 <- 0x00000003


mem[X,0x80000960] -> 0x0593
mem[X,0x80000962] -> 0x0000
[605] [M]: 0x80000960 (0x00000593) addi a1, zero, 0
x11 <- 0x00000000


mem[X,0x80000964] -> 0x4633
mem[X,0x80000966] -> 0x02B5
[606] [M]: 0x80000964 (0x02B54633) div a2, a0, a1
x12 <- 0xFFFFFFFF


mem[X,0x80000968] -> 0xA023
mem[X,0x8000096A] -> 0x14C0
[607] [M]: 0x80000968 (0x14C0A023) sw a2, 320(ra)
mem[0x800053D8] <- 0xFFFFFFFF


mem[X,0x8000096C] -> 0x0513
mem[X,0x8000096E] -> 0x0030
[608] [M]: 0x8000096C (0x00300513) addi a0, zero, 3
x10 <- 0x00000003


mem[X,0x80000970] -> 0x0593
mem[X,0x80000972] -> 0x0040
[609] [M]: 0x80000970 (0x00400593) addi a1, zero, 4
x11 <- 0x00000004


mem[X,0x80000974] -> 0x4633
mem[X,0x80000976] -> 0x02B5
[610] [M]: 0x80000974 (0x02B54633) div a2, a0, a1
x12 <- 0x00000000


mem[X,0x80000978] -> 0xA223
mem[X,0x8000097A] -> 0x14C0
[611] [M]: 0x80000978 (0x14C0A223) sw a2, 324(ra)
mem[0x800053DC] <- 0x00000000


mem[X,0x8000097C] -> 0x0513
mem[X,0x8000097E] -> 0x0030
[612] [M]: 0x8000097C (0x00300513) addi a0, zero, 3
x10 <- 0x00000003


mem[X,0x80000980] -> 0x35B7
mem[X,0x80000982] -> 0x3333
[613] [M]: 0x80000980 (0x333335B7) lui a1, 209715
x11 <- 0x33333000


mem[X,0x80000984] -> 0x8593
mem[X,0x80000986] -> 0x3325
[614] [M]: 0x80000984 (0x33258593) addi a1, a1, 818
x11 <- 0x33333332


mem[X,0x80000988] -> 0x4633
mem[X,0x8000098A] -> 0x02B5
[615] [M]: 0x80000988 (0x02B54633) div a2, a0, a1
x12 <- 0x00000000


mem[X,0x8000098C] -> 0xA423
mem[X,0x8000098E] -> 0x14C0
[616] [M]: 0x8000098C (0x14C0A423) sw a2, 328(ra)
mem[0x800053E0] <- 0x00000000


mem[X,0x80000990] -> 0x0513
mem[X,0x80000992] -> 0x0030
[617] [M]: 0x80000990 (0x00300513) addi a0, zero, 3
x10 <- 0x00000003


mem[X,0x80000994] -> 0x65B7
mem[X,0x80000996] -> 0x6666
[618] [M]: 0x80000994 (0x666665B7) lui a1, 419430
x11 <- 0x66666000


mem[X,0x80000998] -> 0x8593
mem[X,0x8000099A] -> 0x6655
[619] [M]: 0x80000998 (0x66558593) addi a1, a1, 1637
x11 <- 0x66666665


mem[X,0x8000099C] -> 0x4633
mem[X,0x8000099E] -> 0x02B5
[620] [M]: 0x8000099C (0x02B54633) div a2, a0, a1
x12 <- 0x00000000


mem[X,0x800009A0] -> 0xA623
mem[X,0x800009A2] -> 0x14C0
[621] [M]: 0x800009A0 (0x14C0A623) sw a2, 332(ra)
mem[0x800053E4] <- 0x00000000


mem[X,0x800009A4] -> 0x0513
mem[X,0x800009A6] -> 0x0030
[622] [M]: 0x800009A4 (0x00300513) addi a0, zero, 3
x10 <- 0x00000003


mem[X,0x800009A8] -> 0xB5B7
mem[X,0x800009AA] -> 0x0000
[623] [M]: 0x800009A8 (0x0000B5B7) lui a1, 11
x11 <- 0x0000B000


mem[X,0x800009AC] -> 0x8593
mem[X,0x800009AE] -> 0x5035
[624] [M]: 0x800009AC (0x50358593) addi a1, a1, 1283
x11 <- 0x0000B503


mem[X,0x800009B0] -> 0x4633
mem[X,0x800009B2] -> 0x02B5
[625] [M]: 0x800009B0 (0x02B54633) div a2, a0, a1
x12 <- 0x00000000


mem[X,0x800009B4] -> 0xA823
mem[X,0x800009B6] -> 0x14C0
[626] [M]: 0x800009B4 (0x14C0A823) sw a2, 336(ra)
mem[0x800053E8] <- 0x00000000


mem[X,0x800009B8] -> 0x0513
mem[X,0x800009BA] -> 0x0030
[627] [M]: 0x800009B8 (0x00300513) addi a0, zero, 3
x10 <- 0x00000003


mem[X,0x800009BC] -> 0x55B7
mem[X,0x800009BE] -> 0x5555
[628] [M]: 0x800009BC (0x555555B7) lui a1, 349525
x11 <- 0x55555000


mem[X,0x800009C0] -> 0x8593
mem[X,0x800009C2] -> 0x5565
[629] [M]: 0x800009C0 (0x55658593) addi a1, a1, 1366
x11 <- 0x55555556


mem[X,0x800009C4] -> 0x4633
mem[X,0x800009C6] -> 0x02B5
[630] [M]: 0x800009C4 (0x02B54633) div a2, a0, a1
x12 <- 0x00000000


mem[X,0x800009C8] -> 0xAA23
mem[X,0x800009CA] -> 0x14C0
[631] [M]: 0x800009C8 (0x14C0AA23) sw a2, 340(ra)
mem[0x800053EC] <- 0x00000000


mem[X,0x800009CC] -> 0x0513
mem[X,0x800009CE] -> 0x0030
[632] [M]: 0x800009CC (0x00300513) addi a0, zero, 3
x10 <- 0x00000003


mem[X,0x800009D0] -> 0xB5B7
mem[X,0x800009D2] -> 0xAAAA
[633] [M]: 0x800009D0 (0xAAAAB5B7) lui a1, 699051
x11 <- 0xAAAAB000


mem[X,0x800009D4] -> 0x8593
mem[X,0x800009D6] -> 0xAAB5
[634] [M]: 0x800009D4 (0xAAB58593) addi a1, a1, 2731
x11 <- 0xAAAAAAAB


mem[X,0x800009D8] -> 0x4633
mem[X,0x800009DA] -> 0x02B5
[635] [M]: 0x800009D8 (0x02B54633) div a2, a0, a1
x12 <- 0x00000000


mem[X,0x800009DC] -> 0xAC23
mem[X,0x800009DE] -> 0x14C0
[636] [M]: 0x800009DC (0x14C0AC23) sw a2, 344(ra)
mem[0x800053F0] <- 0x00000000


mem[X,0x800009E0] -> 0x0513
mem[X,0x800009E2] -> 0x0030
[637] [M]: 0x800009E0 (0x00300513) addi a0, zero, 3
x10 <- 0x00000003


mem[X,0x800009E4] -> 0x0593
mem[X,0x800009E6] -> 0x0060
[638] [M]: 0x800009E4 (0x00600593) addi a1, zero, 6
x11 <- 0x00000006


mem[X,0x800009E8] -> 0x4633
mem[X,0x800009EA] -> 0x02B5
[639] [M]: 0x800009E8 (0x02B54633) div a2, a0, a1
x12 <- 0x00000000


mem[X,0x800009EC] -> 0xAE23
mem[X,0x800009EE] -> 0x14C0
[640] [M]: 0x800009EC (0x14C0AE23) sw a2, 348(ra)
mem[0x800053F4] <- 0x00000000


mem[X,0x800009F0] -> 0x0513
mem[X,0x800009F2] -> 0x0030
[641] [M]: 0x800009F0 (0x00300513) addi a0, zero, 3
x10 <- 0x00000003


mem[X,0x800009F4] -> 0x35B7
mem[X,0x800009F6] -> 0x3333
[642] [M]: 0x800009F4 (0x333335B7) lui a1, 209715
x11 <- 0x33333000


mem[X,0x800009F8] -> 0x8593
mem[X,0x800009FA] -> 0x3345
[643] [M]: 0x800009F8 (0x33458593) addi a1, a1, 820
x11 <- 0x33333334


mem[X,0x800009FC] -> 0x4633
mem[X,0x800009FE] -> 0x02B5
[644] [M]: 0x800009FC (0x02B54633) div a2, a0, a1
x12 <- 0x00000000


mem[X,0x80000A00] -> 0xA023
mem[X,0x80000A02] -> 0x16C0
[645] [M]: 0x80000A00 (0x16C0A023) sw a2, 352(ra)
mem[0x800053F8] <- 0x00000000


mem[X,0x80000A04] -> 0x0513
mem[X,0x80000A06] -> 0x0030
[646] [M]: 0x80000A04 (0x00300513) addi a0, zero, 3
x10 <- 0x00000003


mem[X,0x80000A08] -> 0x65B7
mem[X,0x80000A0A] -> 0x6666
[647] [M]: 0x80000A08 (0x666665B7) lui a1, 419430
x11 <- 0x66666000


mem[X,0x80000A0C] -> 0x8593
mem[X,0x80000A0E] -> 0x6675
[648] [M]: 0x80000A0C (0x66758593) addi a1, a1, 1639
x11 <- 0x66666667


mem[X,0x80000A10] -> 0x4633
mem[X,0x80000A12] -> 0x02B5
[649] [M]: 0x80000A10 (0x02B54633) div a2, a0, a1
x12 <- 0x00000000


mem[X,0x80000A14] -> 0xA223
mem[X,0x80000A16] -> 0x16C0
[650] [M]: 0x80000A14 (0x16C0A223) sw a2, 356(ra)
mem[0x800053FC] <- 0x00000000


mem[X,0x80000A18] -> 0x0513
mem[X,0x80000A1A] -> 0x0030
[651] [M]: 0x80000A18 (0x00300513) addi a0, zero, 3
x10 <- 0x00000003


mem[X,0x80000A1C] -> 0x55B7
mem[X,0x80000A1E] -> 0xFFFF
[652] [M]: 0x80000A1C (0xFFFF55B7) lui a1, 1048565
x11 <- 0xFFFF5000


mem[X,0x80000A20] -> 0x8593
mem[X,0x80000A22] -> 0xAFD5
[653] [M]: 0x80000A20 (0xAFD58593) addi a1, a1, 2813
x11 <- 0xFFFF4AFD


mem[X,0x80000A24] -> 0x4633
mem[X,0x80000A26] -> 0x02B5
[654] [M]: 0x80000A24 (0x02B54633) div a2, a0, a1
x12 <- 0x00000000


mem[X,0x80000A28] -> 0xA423
mem[X,0x80000A2A] -> 0x16C0
[655] [M]: 0x80000A28 (0x16C0A423) sw a2, 360(ra)
mem[0x80005400] <- 0x00000000


mem[X,0x80000A2C] -> 0x0513
mem[X,0x80000A2E] -> 0x0030
[656] [M]: 0x80000A2C (0x00300513) addi a0, zero, 3
x10 <- 0x00000003


mem[X,0x80000A30] -> 0xB5B7
mem[X,0x80000A32] -> 0x0000
[657] [M]: 0x80000A30 (0x0000B5B7) lui a1, 11
x11 <- 0x0000B000


mem[X,0x80000A34] -> 0x8593
mem[X,0x80000A36] -> 0x5055
[658] [M]: 0x80000A34 (0x50558593) addi a1, a1, 1285
x11 <- 0x0000B505


mem[X,0x80000A38] -> 0x4633
mem[X,0x80000A3A] -> 0x02B5
[659] [M]: 0x80000A38 (0x02B54633) div a2, a0, a1
x12 <- 0x00000000


mem[X,0x80000A3C] -> 0xA623
mem[X,0x80000A3E] -> 0x16C0
[660] [M]: 0x80000A3C (0x16C0A623) sw a2, 364(ra)
mem[0x80005404] <- 0x00000000


mem[X,0x80000A40] -> 0x5537
mem[X,0x80000A42] -> 0x5555
[661] [M]: 0x80000A40 (0x55555537) lui a0, 349525
x10 <- 0x55555000


mem[X,0x80000A44] -> 0x0513
mem[X,0x80000A46] -> 0x5555
[662] [M]: 0x80000A44 (0x55550513) addi a0, a0, 1365
x10 <- 0x55555555


mem[X,0x80000A48] -> 0x0593
mem[X,0x80000A4A] -> 0x0030
[663] [M]: 0x80000A48 (0x00300593) addi a1, zero, 3
x11 <- 0x00000003


mem[X,0x80000A4C] -> 0x4633
mem[X,0x80000A4E] -> 0x02B5
[664] [M]: 0x80000A4C (0x02B54633) div a2, a0, a1
x12 <- 0x1C71C71C


mem[X,0x80000A50] -> 0xA823
mem[X,0x80000A52] -> 0x16C0
[665] [M]: 0x80000A50 (0x16C0A823) sw a2, 368(ra)
mem[0x80005408] <- 0x1C71C71C


mem[X,0x80000A54] -> 0x5537
mem[X,0x80000A56] -> 0x5555
[666] [M]: 0x80000A54 (0x55555537) lui a0, 349525
x10 <- 0x55555000


mem[X,0x80000A58] -> 0x0513
mem[X,0x80000A5A] -> 0x5555
[667] [M]: 0x80000A58 (0x55550513) addi a0, a0, 1365
x10 <- 0x55555555


mem[X,0x80000A5C] -> 0x55B7
mem[X,0x80000A5E] -> 0x5555
[668] [M]: 0x80000A5C (0x555555B7) lui a1, 349525
x11 <- 0x55555000


mem[X,0x80000A60] -> 0x8593
mem[X,0x80000A62] -> 0x5555
[669] [M]: 0x80000A60 (0x55558593) addi a1, a1, 1365
x11 <- 0x55555555


mem[X,0x80000A64] -> 0x4633
mem[X,0x80000A66] -> 0x02B5
[670] [M]: 0x80000A64 (0x02B54633) div a2, a0, a1
x12 <- 0x00000001


mem[X,0x80000A68] -> 0xAA23
mem[X,0x80000A6A] -> 0x16C0
[671] [M]: 0x80000A68 (0x16C0AA23) sw a2, 372(ra)
mem[0x8000540C] <- 0x00000001


mem[X,0x80000A6C] -> 0x5537
mem[X,0x80000A6E] -> 0x5555
[672] [M]: 0x80000A6C (0x55555537) lui a0, 349525
x10 <- 0x55555000


mem[X,0x80000A70] -> 0x0513
mem[X,0x80000A72] -> 0x5555
[673] [M]: 0x80000A70 (0x55550513) addi a0, a0, 1365
x10 <- 0x55555555


mem[X,0x80000A74] -> 0xB5B7
mem[X,0x80000A76] -> 0xAAAA
[674] [M]: 0x80000A74 (0xAAAAB5B7) lui a1, 699051
x11 <- 0xAAAAB000


mem[X,0x80000A78] -> 0x8593
mem[X,0x80000A7A] -> 0xAAA5
[675] [M]: 0x80000A78 (0xAAA58593) addi a1, a1, 2730
x11 <- 0xAAAAAAAA


mem[X,0x80000A7C] -> 0x4633
mem[X,0x80000A7E] -> 0x02B5
[676] [M]: 0x80000A7C (0x02B54633) div a2, a0, a1
x12 <- 0x00000000


mem[X,0x80000A80] -> 0xAC23
mem[X,0x80000A82] -> 0x16C0
[677] [M]: 0x80000A80 (0x16C0AC23) sw a2, 376(ra)
mem[0x80005410] <- 0x00000000


mem[X,0x80000A84] -> 0x5537
mem[X,0x80000A86] -> 0x5555
[678] [M]: 0x80000A84 (0x55555537) lui a0, 349525
x10 <- 0x55555000


mem[X,0x80000A88] -> 0x0513
mem[X,0x80000A8A] -> 0x5555
[679] [M]: 0x80000A88 (0x55550513) addi a0, a0, 1365
x10 <- 0x55555555


mem[X,0x80000A8C] -> 0x0593
mem[X,0x80000A8E] -> 0x0050
[680] [M]: 0x80000A8C (0x00500593) addi a1, zero, 5
x11 <- 0x00000005


mem[X,0x80000A90] -> 0x4633
mem[X,0x80000A92] -> 0x02B5
[681] [M]: 0x80000A90 (0x02B54633) div a2, a0, a1
x12 <- 0x11111111


mem[X,0x80000A94] -> 0xAE23
mem[X,0x80000A96] -> 0x16C0
[682] [M]: 0x80000A94 (0x16C0AE23) sw a2, 380(ra)
mem[0x80005414] <- 0x11111111


mem[X,0x80000A98] -> 0x5537
mem[X,0x80000A9A] -> 0x5555
[683] [M]: 0x80000A98 (0x55555537) lui a0, 349525
x10 <- 0x55555000


mem[X,0x80000A9C] -> 0x0513
mem[X,0x80000A9E] -> 0x5555
[684] [M]: 0x80000A9C (0x55550513) addi a0, a0, 1365
x10 <- 0x55555555


mem[X,0x80000AA0] -> 0x35B7
mem[X,0x80000AA2] -> 0x3333
[685] [M]: 0x80000AA0 (0x333335B7) lui a1, 209715
x11 <- 0x33333000


mem[X,0x80000AA4] -> 0x8593
mem[X,0x80000AA6] -> 0x3335
[686] [M]: 0x80000AA4 (0x33358593) addi a1, a1, 819
x11 <- 0x33333333


mem[X,0x80000AA8] -> 0x4633
mem[X,0x80000AAA] -> 0x02B5
[687] [M]: 0x80000AA8 (0x02B54633) div a2, a0, a1
x12 <- 0x00000001


mem[X,0x80000AAC] -> 0xA023
mem[X,0x80000AAE] -> 0x18C0
[688] [M]: 0x80000AAC (0x18C0A023) sw a2, 384(ra)
mem[0x80005418] <- 0x00000001


mem[X,0x80000AB0] -> 0x5537
mem[X,0x80000AB2] -> 0x5555
[689] [M]: 0x80000AB0 (0x55555537) lui a0, 349525
x10 <- 0x55555000


mem[X,0x80000AB4] -> 0x0513
mem[X,0x80000AB6] -> 0x5555
[690] [M]: 0x80000AB4 (0x55550513) addi a0, a0, 1365
x10 <- 0x55555555


mem[X,0x80000AB8] -> 0x65B7
mem[X,0x80000ABA] -> 0x6666
[691] [M]: 0x80000AB8 (0x666665B7) lui a1, 419430
x11 <- 0x66666000


mem[X,0x80000ABC] -> 0x8593
mem[X,0x80000ABE] -> 0x6665
[692] [M]: 0x80000ABC (0x66658593) addi a1, a1, 1638
x11 <- 0x66666666


mem[X,0x80000AC0] -> 0x4633
mem[X,0x80000AC2] -> 0x02B5
[693] [M]: 0x80000AC0 (0x02B54633) div a2, a0, a1
x12 <- 0x00000000


mem[X,0x80000AC4] -> 0xA223
mem[X,0x80000AC6] -> 0x18C0
[694] [M]: 0x80000AC4 (0x18C0A223) sw a2, 388(ra)
mem[0x8000541C] <- 0x00000000


mem[X,0x80000AC8] -> 0x5537
mem[X,0x80000ACA] -> 0x5555
[695] [M]: 0x80000AC8 (0x55555537) lui a0, 349525
x10 <- 0x55555000


mem[X,0x80000ACC] -> 0x0513
mem[X,0x80000ACE] -> 0x5555
[696] [M]: 0x80000ACC (0x55550513) addi a0, a0, 1365
x10 <- 0x55555555


mem[X,0x80000AD0] -> 0x55B7
mem[X,0x80000AD2] -> 0xFFFF
[697] [M]: 0x80000AD0 (0xFFFF55B7) lui a1, 1048565
x11 <- 0xFFFF5000


mem[X,0x80000AD4] -> 0x8593
mem[X,0x80000AD6] -> 0xAFC5
[698] [M]: 0x80000AD4 (0xAFC58593) addi a1, a1, 2812
x11 <- 0xFFFF4AFC


mem[X,0x80000AD8] -> 0x4633
mem[X,0x80000ADA] -> 0x02B5
[699] [M]: 0x80000AD8 (0x02B54633) div a2, a0, a1
x12 <- 0xFFFF8752


clint::tick mtime <- 0x0000000000000007
 clint timer pending at mtime 0x0000000000000007
htif::tick 0x0000000000000000
mem[X,0x80000ADC] -> 0xA423
mem[X,0x80000ADE] -> 0x18C0
[700] [M]: 0x80000ADC (0x18C0A423) sw a2, 392(ra)
mem[0x80005420] <- 0xFFFF8752


mem[X,0x80000AE0] -> 0x5537
mem[X,0x80000AE2] -> 0x5555
[701] [M]: 0x80000AE0 (0x55555537) lui a0, 349525
x10 <- 0x55555000


mem[X,0x80000AE4] -> 0x0513
mem[X,0x80000AE6] -> 0x5555
[702] [M]: 0x80000AE4 (0x55550513) addi a0, a0, 1365
x10 <- 0x55555555


mem[X,0x80000AE8] -> 0xB5B7
mem[X,0x80000AEA] -> 0x0000
[703] [M]: 0x80000AE8 (0x0000B5B7) lui a1, 11
x11 <- 0x0000B000


mem[X,0x80000AEC] -> 0x8593
mem[X,0x80000AEE] -> 0x5045
[704] [M]: 0x80000AEC (0x50458593) addi a1, a1, 1284
x11 <- 0x0000B504


mem[X,0x80000AF0] -> 0x4633
mem[X,0x80000AF2] -> 0x02B5
[705] [M]: 0x80000AF0 (0x02B54633) div a2, a0, a1
x12 <- 0x000078AE


mem[X,0x80000AF4] -> 0xA623
mem[X,0x80000AF6] -> 0x18C0
[706] [M]: 0x80000AF4 (0x18C0A623) sw a2, 396(ra)
mem[0x80005424] <- 0x000078AE


mem[X,0x80000AF8] -> 0x5537
mem[X,0x80000AFA] -> 0x5555
[707] [M]: 0x80000AF8 (0x55555537) lui a0, 349525
x10 <- 0x55555000


mem[X,0x80000AFC] -> 0x0513
mem[X,0x80000AFE] -> 0x5555
[708] [M]: 0x80000AFC (0x55550513) addi a0, a0, 1365
x10 <- 0x55555555


mem[X,0x80000B00] -> 0x0593
mem[X,0x80000B02] -> 0x0020
[709] [M]: 0x80000B00 (0x00200593) addi a1, zero, 2
x11 <- 0x00000002


mem[X,0x80000B04] -> 0x4633
mem[X,0x80000B06] -> 0x02B5
[710] [M]: 0x80000B04 (0x02B54633) div a2, a0, a1
x12 <- 0x2AAAAAAA


mem[X,0x80000B08] -> 0xA823
mem[X,0x80000B0A] -> 0x18C0
[711] [M]: 0x80000B08 (0x18C0A823) sw a2, 400(ra)
mem[0x80005428] <- 0x2AAAAAAA


mem[X,0x80000B0C] -> 0x5537
mem[X,0x80000B0E] -> 0x5555
[712] [M]: 0x80000B0C (0x55555537) lui a0, 349525
x10 <- 0x55555000


mem[X,0x80000B10] -> 0x0513
mem[X,0x80000B12] -> 0x5555
[713] [M]: 0x80000B10 (0x55550513) addi a0, a0, 1365
x10 <- 0x55555555


mem[X,0x80000B14] -> 0x55B7
mem[X,0x80000B16] -> 0x5555
[714] [M]: 0x80000B14 (0x555555B7) lui a1, 349525
x11 <- 0x55555000


mem[X,0x80000B18] -> 0x8593
mem[X,0x80000B1A] -> 0x5545
[715] [M]: 0x80000B18 (0x55458593) addi a1, a1, 1364
x11 <- 0x55555554


mem[X,0x80000B1C] -> 0x4633
mem[X,0x80000B1E] -> 0x02B5
[716] [M]: 0x80000B1C (0x02B54633) div a2, a0, a1
x12 <- 0x00000001


mem[X,0x80000B20] -> 0xAA23
mem[X,0x80000B22] -> 0x18C0
[717] [M]: 0x80000B20 (0x18C0AA23) sw a2, 404(ra)
mem[0x8000542C] <- 0x00000001


mem[X,0x80000B24] -> 0x5537
mem[X,0x80000B26] -> 0x5555
[718] [M]: 0x80000B24 (0x55555537) lui a0, 349525
x10 <- 0x55555000


mem[X,0x80000B28] -> 0x0513
mem[X,0x80000B2A] -> 0x5555
[719] [M]: 0x80000B28 (0x55550513) addi a0, a0, 1365
x10 <- 0x55555555


mem[X,0x80000B2C] -> 0x0593
mem[X,0x80000B2E] -> 0x0000
[720] [M]: 0x80000B2C (0x00000593) addi a1, zero, 0
x11 <- 0x00000000


mem[X,0x80000B30] -> 0x4633
mem[X,0x80000B32] -> 0x02B5
[721] [M]: 0x80000B30 (0x02B54633) div a2, a0, a1
x12 <- 0xFFFFFFFF


mem[X,0x80000B34] -> 0xAC23
mem[X,0x80000B36] -> 0x18C0
[722] [M]: 0x80000B34 (0x18C0AC23) sw a2, 408(ra)
mem[0x80005430] <- 0xFFFFFFFF


mem[X,0x80000B38] -> 0x5537
mem[X,0x80000B3A] -> 0x5555
[723] [M]: 0x80000B38 (0x55555537) lui a0, 349525
x10 <- 0x55555000


mem[X,0x80000B3C] -> 0x0513
mem[X,0x80000B3E] -> 0x5555
[724] [M]: 0x80000B3C (0x55550513) addi a0, a0, 1365
x10 <- 0x55555555


mem[X,0x80000B40] -> 0x0593
mem[X,0x80000B42] -> 0x0040
[725] [M]: 0x80000B40 (0x00400593) addi a1, zero, 4
x11 <- 0x00000004


mem[X,0x80000B44] -> 0x4633
mem[X,0x80000B46] -> 0x02B5
[726] [M]: 0x80000B44 (0x02B54633) div a2, a0, a1
x12 <- 0x15555555


mem[X,0x80000B48] -> 0xAE23
mem[X,0x80000B4A] -> 0x18C0
[727] [M]: 0x80000B48 (0x18C0AE23) sw a2, 412(ra)
mem[0x80005434] <- 0x15555555


mem[X,0x80000B4C] -> 0x5537
mem[X,0x80000B4E] -> 0x5555
[728] [M]: 0x80000B4C (0x55555537) lui a0, 349525
x10 <- 0x55555000


mem[X,0x80000B50] -> 0x0513
mem[X,0x80000B52] -> 0x5555
[729] [M]: 0x80000B50 (0x55550513) addi a0, a0, 1365
x10 <- 0x55555555


mem[X,0x80000B54] -> 0x35B7
mem[X,0x80000B56] -> 0x3333
[730] [M]: 0x80000B54 (0x333335B7) lui a1, 209715
x11 <- 0x33333000


mem[X,0x80000B58] -> 0x8593
mem[X,0x80000B5A] -> 0x3325
[731] [M]: 0x80000B58 (0x33258593) addi a1, a1, 818
x11 <- 0x33333332


mem[X,0x80000B5C] -> 0x4633
mem[X,0x80000B5E] -> 0x02B5
[732] [M]: 0x80000B5C (0x02B54633) div a2, a0, a1
x12 <- 0x00000001


mem[X,0x80000B60] -> 0xA023
mem[X,0x80000B62] -> 0x1AC0
[733] [M]: 0x80000B60 (0x1AC0A023) sw a2, 416(ra)
mem[0x80005438] <- 0x00000001


mem[X,0x80000B64] -> 0x5537
mem[X,0x80000B66] -> 0x5555
[734] [M]: 0x80000B64 (0x55555537) lui a0, 349525
x10 <- 0x55555000


mem[X,0x80000B68] -> 0x0513
mem[X,0x80000B6A] -> 0x5555
[735] [M]: 0x80000B68 (0x55550513) addi a0, a0, 1365
x10 <- 0x55555555


mem[X,0x80000B6C] -> 0x65B7
mem[X,0x80000B6E] -> 0x6666
[736] [M]: 0x80000B6C (0x666665B7) lui a1, 419430
x11 <- 0x66666000


mem[X,0x80000B70] -> 0x8593
mem[X,0x80000B72] -> 0x6655
[737] [M]: 0x80000B70 (0x66558593) addi a1, a1, 1637
x11 <- 0x66666665


mem[X,0x80000B74] -> 0x4633
mem[X,0x80000B76] -> 0x02B5
[738] [M]: 0x80000B74 (0x02B54633) div a2, a0, a1
x12 <- 0x00000000


mem[X,0x80000B78] -> 0xA223
mem[X,0x80000B7A] -> 0x1AC0
[739] [M]: 0x80000B78 (0x1AC0A223) sw a2, 420(ra)
mem[0x8000543C] <- 0x00000000


mem[X,0x80000B7C] -> 0x5537
mem[X,0x80000B7E] -> 0x5555
[740] [M]: 0x80000B7C (0x55555537) lui a0, 349525
x10 <- 0x55555000


mem[X,0x80000B80] -> 0x0513
mem[X,0x80000B82] -> 0x5555
[741] [M]: 0x80000B80 (0x55550513) addi a0, a0, 1365
x10 <- 0x55555555


mem[X,0x80000B84] -> 0xB5B7
mem[X,0x80000B86] -> 0x0000
[742] [M]: 0x80000B84 (0x0000B5B7) lui a1, 11
x11 <- 0x0000B000


mem[X,0x80000B88] -> 0x8593
mem[X,0x80000B8A] -> 0x5035
[743] [M]: 0x80000B88 (0x50358593) addi a1, a1, 1283
x11 <- 0x0000B503


mem[X,0x80000B8C] -> 0x4633
mem[X,0x80000B8E] -> 0x02B5
[744] [M]: 0x80000B8C (0x02B54633) div a2, a0, a1
x12 <- 0x000078AF


mem[X,0x80000B90] -> 0xA423
mem[X,0x80000B92] -> 0x1AC0
[745] [M]: 0x80000B90 (0x1AC0A423) sw a2, 424(ra)
mem[0x80005440] <- 0x000078AF


mem[X,0x80000B94] -> 0x5537
mem[X,0x80000B96] -> 0x5555
[746] [M]: 0x80000B94 (0x55555537) lui a0, 349525
x10 <- 0x55555000


mem[X,0x80000B98] -> 0x0513
mem[X,0x80000B9A] -> 0x5555
[747] [M]: 0x80000B98 (0x55550513) addi a0, a0, 1365
x10 <- 0x55555555


mem[X,0x80000B9C] -> 0x55B7
mem[X,0x80000B9E] -> 0x5555
[748] [M]: 0x80000B9C (0x555555B7) lui a1, 349525
x11 <- 0x55555000


mem[X,0x80000BA0] -> 0x8593
mem[X,0x80000BA2] -> 0x5565
[749] [M]: 0x80000BA0 (0x55658593) addi a1, a1, 1366
x11 <- 0x55555556


mem[X,0x80000BA4] -> 0x4633
mem[X,0x80000BA6] -> 0x02B5
[750] [M]: 0x80000BA4 (0x02B54633) div a2, a0, a1
x12 <- 0x00000000


mem[X,0x80000BA8] -> 0xA623
mem[X,0x80000BAA] -> 0x1AC0
[751] [M]: 0x80000BA8 (0x1AC0A623) sw a2, 428(ra)
mem[0x80005444] <- 0x00000000


mem[X,0x80000BAC] -> 0x5537
mem[X,0x80000BAE] -> 0x5555
[752] [M]: 0x80000BAC (0x55555537) lui a0, 349525
x10 <- 0x55555000


mem[X,0x80000BB0] -> 0x0513
mem[X,0x80000BB2] -> 0x5555
[753] [M]: 0x80000BB0 (0x55550513) addi a0, a0, 1365
x10 <- 0x55555555


mem[X,0x80000BB4] -> 0xB5B7
mem[X,0x80000BB6] -> 0xAAAA
[754] [M]: 0x80000BB4 (0xAAAAB5B7) lui a1, 699051
x11 <- 0xAAAAB000


mem[X,0x80000BB8] -> 0x8593
mem[X,0x80000BBA] -> 0xAAB5
[755] [M]: 0x80000BB8 (0xAAB58593) addi a1, a1, 2731
x11 <- 0xAAAAAAAB


mem[X,0x80000BBC] -> 0x4633
mem[X,0x80000BBE] -> 0x02B5
[756] [M]: 0x80000BBC (0x02B54633) div a2, a0, a1
x12 <- 0xFFFFFFFF


mem[X,0x80000BC0] -> 0xA823
mem[X,0x80000BC2] -> 0x1AC0
[757] [M]: 0x80000BC0 (0x1AC0A823) sw a2, 432(ra)
mem[0x80005448] <- 0xFFFFFFFF


mem[X,0x80000BC4] -> 0x5537
mem[X,0x80000BC6] -> 0x5555
[758] [M]: 0x80000BC4 (0x55555537) lui a0, 349525
x10 <- 0x55555000


mem[X,0x80000BC8] -> 0x0513
mem[X,0x80000BCA] -> 0x5555
[759] [M]: 0x80000BC8 (0x55550513) addi a0, a0, 1365
x10 <- 0x55555555


mem[X,0x80000BCC] -> 0x0593
mem[X,0x80000BCE] -> 0x0060
[760] [M]: 0x80000BCC (0x00600593) addi a1, zero, 6
x11 <- 0x00000006


mem[X,0x80000BD0] -> 0x4633
mem[X,0x80000BD2] -> 0x02B5
[761] [M]: 0x80000BD0 (0x02B54633) div a2, a0, a1
x12 <- 0x0E38E38E


mem[X,0x80000BD4] -> 0xAA23
mem[X,0x80000BD6] -> 0x1AC0
[762] [M]: 0x80000BD4 (0x1AC0AA23) sw a2, 436(ra)
mem[0x8000544C] <- 0x0E38E38E


mem[X,0x80000BD8] -> 0x5537
mem[X,0x80000BDA] -> 0x5555
[763] [M]: 0x80000BD8 (0x55555537) lui a0, 349525
x10 <- 0x55555000


mem[X,0x80000BDC] -> 0x0513
mem[X,0x80000BDE] -> 0x5555
[764] [M]: 0x80000BDC (0x55550513) addi a0, a0, 1365
x10 <- 0x55555555


mem[X,0x80000BE0] -> 0x35B7
mem[X,0x80000BE2] -> 0x3333
[765] [M]: 0x80000BE0 (0x333335B7) lui a1, 209715
x11 <- 0x33333000


mem[X,0x80000BE4] -> 0x8593
mem[X,0x80000BE6] -> 0x3345
[766] [M]: 0x80000BE4 (0x33458593) addi a1, a1, 820
x11 <- 0x33333334


mem[X,0x80000BE8] -> 0x4633
mem[X,0x80000BEA] -> 0x02B5
[767] [M]: 0x80000BE8 (0x02B54633) div a2, a0, a1
x12 <- 0x00000001


mem[X,0x80000BEC] -> 0xAC23
mem[X,0x80000BEE] -> 0x1AC0
[768] [M]: 0x80000BEC (0x1AC0AC23) sw a2, 440(ra)
mem[0x80005450] <- 0x00000001


mem[X,0x80000BF0] -> 0x5537
mem[X,0x80000BF2] -> 0x5555
[769] [M]: 0x80000BF0 (0x55555537) lui a0, 349525
x10 <- 0x55555000


mem[X,0x80000BF4] -> 0x0513
mem[X,0x80000BF6] -> 0x5555
[770] [M]: 0x80000BF4 (0x55550513) addi a0, a0, 1365
x10 <- 0x55555555


mem[X,0x80000BF8] -> 0x65B7
mem[X,0x80000BFA] -> 0x6666
[771] [M]: 0x80000BF8 (0x666665B7) lui a1, 419430
x11 <- 0x66666000


mem[X,0x80000BFC] -> 0x8593
mem[X,0x80000BFE] -> 0x6675
[772] [M]: 0x80000BFC (0x66758593) addi a1, a1, 1639
x11 <- 0x66666667


mem[X,0x80000C00] -> 0x4633
mem[X,0x80000C02] -> 0x02B5
[773] [M]: 0x80000C00 (0x02B54633) div a2, a0, a1
x12 <- 0x00000000


mem[X,0x80000C04] -> 0xAE23
mem[X,0x80000C06] -> 0x1AC0
[774] [M]: 0x80000C04 (0x1AC0AE23) sw a2, 444(ra)
mem[0x80005454] <- 0x00000000


mem[X,0x80000C08] -> 0x5537
mem[X,0x80000C0A] -> 0x5555
[775] [M]: 0x80000C08 (0x55555537) lui a0, 349525
x10 <- 0x55555000


mem[X,0x80000C0C] -> 0x0513
mem[X,0x80000C0E] -> 0x5555
[776] [M]: 0x80000C0C (0x55550513) addi a0, a0, 1365
x10 <- 0x55555555


mem[X,0x80000C10] -> 0x55B7
mem[X,0x80000C12] -> 0xFFFF
[777] [M]: 0x80000C10 (0xFFFF55B7) lui a1, 1048565
x11 <- 0xFFFF5000


mem[X,0x80000C14] -> 0x8593
mem[X,0x80000C16] -> 0xAFD5
[778] [M]: 0x80000C14 (0xAFD58593) addi a1, a1, 2813
x11 <- 0xFFFF4AFD


mem[X,0x80000C18] -> 0x4633
mem[X,0x80000C1A] -> 0x02B5
[779] [M]: 0x80000C18 (0x02B54633) div a2, a0, a1
x12 <- 0xFFFF8751


mem[X,0x80000C1C] -> 0xA023
mem[X,0x80000C1E] -> 0x1CC0
[780] [M]: 0x80000C1C (0x1CC0A023) sw a2, 448(ra)
mem[0x80005458] <- 0xFFFF8751


mem[X,0x80000C20] -> 0x5537
mem[X,0x80000C22] -> 0x5555
[781] [M]: 0x80000C20 (0x55555537) lui a0, 349525
x10 <- 0x55555000


mem[X,0x80000C24] -> 0x0513
mem[X,0x80000C26] -> 0x5555
[782] [M]: 0x80000C24 (0x55550513) addi a0, a0, 1365
x10 <- 0x55555555


mem[X,0x80000C28] -> 0xB5B7
mem[X,0x80000C2A] -> 0x0000
[783] [M]: 0x80000C28 (0x0000B5B7) lui a1, 11
x11 <- 0x0000B000


mem[X,0x80000C2C] -> 0x8593
mem[X,0x80000C2E] -> 0x5055
[784] [M]: 0x80000C2C (0x50558593) addi a1, a1, 1285
x11 <- 0x0000B505


mem[X,0x80000C30] -> 0x4633
mem[X,0x80000C32] -> 0x02B5
[785] [M]: 0x80000C30 (0x02B54633) div a2, a0, a1
x12 <- 0x000078AD


mem[X,0x80000C34] -> 0xA223
mem[X,0x80000C36] -> 0x1CC0
[786] [M]: 0x80000C34 (0x1CC0A223) sw a2, 452(ra)
mem[0x8000545C] <- 0x000078AD


mem[X,0x80000C38] -> 0xB537
mem[X,0x80000C3A] -> 0xAAAA
[787] [M]: 0x80000C38 (0xAAAAB537) lui a0, 699051
x10 <- 0xAAAAB000


mem[X,0x80000C3C] -> 0x0513
mem[X,0x80000C3E] -> 0xAAA5
[788] [M]: 0x80000C3C (0xAAA50513) addi a0, a0, 2730
x10 <- 0xAAAAAAAA


mem[X,0x80000C40] -> 0x0593
mem[X,0x80000C42] -> 0x0030
[789] [M]: 0x80000C40 (0x00300593) addi a1, zero, 3
x11 <- 0x00000003


mem[X,0x80000C44] -> 0x4633
mem[X,0x80000C46] -> 0x02B5
[790] [M]: 0x80000C44 (0x02B54633) div a2, a0, a1
x12 <- 0xE38E38E4


mem[X,0x80000C48] -> 0xA423
mem[X,0x80000C4A] -> 0x1CC0
[791] [M]: 0x80000C48 (0x1CC0A423) sw a2, 456(ra)
mem[0x80005460] <- 0xE38E38E4


mem[X,0x80000C4C] -> 0xB537
mem[X,0x80000C4E] -> 0xAAAA
[792] [M]: 0x80000C4C (0xAAAAB537) lui a0, 699051
x10 <- 0xAAAAB000


mem[X,0x80000C50] -> 0x0513
mem[X,0x80000C52] -> 0xAAA5
[793] [M]: 0x80000C50 (0xAAA50513) addi a0, a0, 2730
x10 <- 0xAAAAAAAA


mem[X,0x80000C54] -> 0x55B7
mem[X,0x80000C56] -> 0x5555
[794] [M]: 0x80000C54 (0x555555B7) lui a1, 349525
x11 <- 0x55555000


mem[X,0x80000C58] -> 0x8593
mem[X,0x80000C5A] -> 0x5555
[795] [M]: 0x80000C58 (0x55558593) addi a1, a1, 1365
x11 <- 0x55555555


mem[X,0x80000C5C] -> 0x4633
mem[X,0x80000C5E] -> 0x02B5
[796] [M]: 0x80000C5C (0x02B54633) div a2, a0, a1
x12 <- 0xFFFFFFFF


mem[X,0x80000C60] -> 0xA623
mem[X,0x80000C62] -> 0x1CC0
[797] [M]: 0x80000C60 (0x1CC0A623) sw a2, 460(ra)
mem[0x80005464] <- 0xFFFFFFFF


mem[X,0x80000C64] -> 0xB537
mem[X,0x80000C66] -> 0xAAAA
[798] [M]: 0x80000C64 (0xAAAAB537) lui a0, 699051
x10 <- 0xAAAAB000


mem[X,0x80000C68] -> 0x0513
mem[X,0x80000C6A] -> 0xAAA5
[799] [M]: 0x80000C68 (0xAAA50513) addi a0, a0, 2730
x10 <- 0xAAAAAAAA


clint::tick mtime <- 0x0000000000000008
 clint timer pending at mtime 0x0000000000000008
htif::tick 0x0000000000000000
mem[X,0x80000C6C] -> 0xB5B7
mem[X,0x80000C6E] -> 0xAAAA
[800] [M]: 0x80000C6C (0xAAAAB5B7) lui a1, 699051
x11 <- 0xAAAAB000


mem[X,0x80000C70] -> 0x8593
mem[X,0x80000C72] -> 0xAAA5
[801] [M]: 0x80000C70 (0xAAA58593) addi a1, a1, 2730
x11 <- 0xAAAAAAAA


mem[X,0x80000C74] -> 0x4633
mem[X,0x80000C76] -> 0x02B5
[802] [M]: 0x80000C74 (0x02B54633) div a2, a0, a1
x12 <- 0x00000001


mem[X,0x80000C78] -> 0xA823
mem[X,0x80000C7A] -> 0x1CC0
[803] [M]: 0x80000C78 (0x1CC0A823) sw a2, 464(ra)
mem[0x80005468] <- 0x00000001


mem[X,0x80000C7C] -> 0xB537
mem[X,0x80000C7E] -> 0xAAAA
[804] [M]: 0x80000C7C (0xAAAAB537) lui a0, 699051
x10 <- 0xAAAAB000


mem[X,0x80000C80] -> 0x0513
mem[X,0x80000C82] -> 0xAAA5
[805] [M]: 0x80000C80 (0xAAA50513) addi a0, a0, 2730
x10 <- 0xAAAAAAAA


mem[X,0x80000C84] -> 0x0593
mem[X,0x80000C86] -> 0x0050
[806] [M]: 0x80000C84 (0x00500593) addi a1, zero, 5
x11 <- 0x00000005


mem[X,0x80000C88] -> 0x4633
mem[X,0x80000C8A] -> 0x02B5
[807] [M]: 0x80000C88 (0x02B54633) div a2, a0, a1
x12 <- 0xEEEEEEEF


mem[X,0x80000C8C] -> 0xAA23
mem[X,0x80000C8E] -> 0x1CC0
[808] [M]: 0x80000C8C (0x1CC0AA23) sw a2, 468(ra)
mem[0x8000546C] <- 0xEEEEEEEF


mem[X,0x80000C90] -> 0xB537
mem[X,0x80000C92] -> 0xAAAA
[809] [M]: 0x80000C90 (0xAAAAB537) lui a0, 699051
x10 <- 0xAAAAB000


mem[X,0x80000C94] -> 0x0513
mem[X,0x80000C96] -> 0xAAA5
[810] [M]: 0x80000C94 (0xAAA50513) addi a0, a0, 2730
x10 <- 0xAAAAAAAA


mem[X,0x80000C98] -> 0x35B7
mem[X,0x80000C9A] -> 0x3333
[811] [M]: 0x80000C98 (0x333335B7) lui a1, 209715
x11 <- 0x33333000


mem[X,0x80000C9C] -> 0x8593
mem[X,0x80000C9E] -> 0x3335
[812] [M]: 0x80000C9C (0x33358593) addi a1, a1, 819
x11 <- 0x33333333


mem[X,0x80000CA0] -> 0x4633
mem[X,0x80000CA2] -> 0x02B5
[813] [M]: 0x80000CA0 (0x02B54633) div a2, a0, a1
x12 <- 0xFFFFFFFF


mem[X,0x80000CA4] -> 0xAC23
mem[X,0x80000CA6] -> 0x1CC0
[814] [M]: 0x80000CA4 (0x1CC0AC23) sw a2, 472(ra)
mem[0x80005470] <- 0xFFFFFFFF


mem[X,0x80000CA8] -> 0xB537
mem[X,0x80000CAA] -> 0xAAAA
[815] [M]: 0x80000CA8 (0xAAAAB537) lui a0, 699051
x10 <- 0xAAAAB000


mem[X,0x80000CAC] -> 0x0513
mem[X,0x80000CAE] -> 0xAAA5
[816] [M]: 0x80000CAC (0xAAA50513) addi a0, a0, 2730
x10 <- 0xAAAAAAAA


mem[X,0x80000CB0] -> 0x65B7
mem[X,0x80000CB2] -> 0x6666
[817] [M]: 0x80000CB0 (0x666665B7) lui a1, 419430
x11 <- 0x66666000


mem[X,0x80000CB4] -> 0x8593
mem[X,0x80000CB6] -> 0x6665
[818] [M]: 0x80000CB4 (0x66658593) addi a1, a1, 1638
x11 <- 0x66666666


mem[X,0x80000CB8] -> 0x4633
mem[X,0x80000CBA] -> 0x02B5
[819] [M]: 0x80000CB8 (0x02B54633) div a2, a0, a1
x12 <- 0x00000000


mem[X,0x80000CBC] -> 0xAE23
mem[X,0x80000CBE] -> 0x1CC0
[820] [M]: 0x80000CBC (0x1CC0AE23) sw a2, 476(ra)
mem[0x80005474] <- 0x00000000


mem[X,0x80000CC0] -> 0xB537
mem[X,0x80000CC2] -> 0xAAAA
[821] [M]: 0x80000CC0 (0xAAAAB537) lui a0, 699051
x10 <- 0xAAAAB000


mem[X,0x80000CC4] -> 0x0513
mem[X,0x80000CC6] -> 0xAAA5
[822] [M]: 0x80000CC4 (0xAAA50513) addi a0, a0, 2730
x10 <- 0xAAAAAAAA


mem[X,0x80000CC8] -> 0x55B7
mem[X,0x80000CCA] -> 0xFFFF
[823] [M]: 0x80000CC8 (0xFFFF55B7) lui a1, 1048565
x11 <- 0xFFFF5000


mem[X,0x80000CCC] -> 0x8593
mem[X,0x80000CCE] -> 0xAFC5
[824] [M]: 0x80000CCC (0xAFC58593) addi a1, a1, 2812
x11 <- 0xFFFF4AFC


mem[X,0x80000CD0] -> 0x4633
mem[X,0x80000CD2] -> 0x02B5
[825] [M]: 0x80000CD0 (0x02B54633) div a2, a0, a1
x12 <- 0x000078AE


mem[X,0x80000CD4] -> 0xA023
mem[X,0x80000CD6] -> 0x1EC0
[826] [M]: 0x80000CD4 (0x1EC0A023) sw a2, 480(ra)
mem[0x80005478] <- 0x000078AE


mem[X,0x80000CD8] -> 0xB537
mem[X,0x80000CDA] -> 0xAAAA
[827] [M]: 0x80000CD8 (0xAAAAB537) lui a0, 699051
x10 <- 0xAAAAB000


mem[X,0x80000CDC] -> 0x0513
mem[X,0x80000CDE] -> 0xAAA5
[828] [M]: 0x80000CDC (0xAAA50513) addi a0, a0, 2730
x10 <- 0xAAAAAAAA


mem[X,0x80000CE0] -> 0xB5B7
mem[X,0x80000CE2] -> 0x0000
[829] [M]: 0x80000CE0 (0x0000B5B7) lui a1, 11
x11 <- 0x0000B000


mem[X,0x80000CE4] -> 0x8593
mem[X,0x80000CE6] -> 0x5045
[830] [M]: 0x80000CE4 (0x50458593) addi a1, a1, 1284
x11 <- 0x0000B504


mem[X,0x80000CE8] -> 0x4633
mem[X,0x80000CEA] -> 0x02B5
[831] [M]: 0x80000CE8 (0x02B54633) div a2, a0, a1
x12 <- 0xFFFF8752


mem[X,0x80000CEC] -> 0xA223
mem[X,0x80000CEE] -> 0x1EC0
[832] [M]: 0x80000CEC (0x1EC0A223) sw a2, 484(ra)
mem[0x8000547C] <- 0xFFFF8752


mem[X,0x80000CF0] -> 0xB537
mem[X,0x80000CF2] -> 0xAAAA
[833] [M]: 0x80000CF0 (0xAAAAB537) lui a0, 699051
x10 <- 0xAAAAB000


mem[X,0x80000CF4] -> 0x0513
mem[X,0x80000CF6] -> 0xAAA5
[834] [M]: 0x80000CF4 (0xAAA50513) addi a0, a0, 2730
x10 <- 0xAAAAAAAA


mem[X,0x80000CF8] -> 0x0593
mem[X,0x80000CFA] -> 0x0020
[835] [M]: 0x80000CF8 (0x00200593) addi a1, zero, 2
x11 <- 0x00000002


mem[X,0x80000CFC] -> 0x4633
mem[X,0x80000CFE] -> 0x02B5
[836] [M]: 0x80000CFC (0x02B54633) div a2, a0, a1
x12 <- 0xD5555555


mem[X,0x80000D00] -> 0xA423
mem[X,0x80000D02] -> 0x1EC0
[837] [M]: 0x80000D00 (0x1EC0A423) sw a2, 488(ra)
mem[0x80005480] <- 0xD5555555


mem[X,0x80000D04] -> 0xB537
mem[X,0x80000D06] -> 0xAAAA
[838] [M]: 0x80000D04 (0xAAAAB537) lui a0, 699051
x10 <- 0xAAAAB000


mem[X,0x80000D08] -> 0x0513
mem[X,0x80000D0A] -> 0xAAA5
[839] [M]: 0x80000D08 (0xAAA50513) addi a0, a0, 2730
x10 <- 0xAAAAAAAA


mem[X,0x80000D0C] -> 0x55B7
mem[X,0x80000D0E] -> 0x5555
[840] [M]: 0x80000D0C (0x555555B7) lui a1, 349525
x11 <- 0x55555000


mem[X,0x80000D10] -> 0x8593
mem[X,0x80000D12] -> 0x5545
[841] [M]: 0x80000D10 (0x55458593) addi a1, a1, 1364
x11 <- 0x55555554


mem[X,0x80000D14] -> 0x4633
mem[X,0x80000D16] -> 0x02B5
[842] [M]: 0x80000D14 (0x02B54633) div a2, a0, a1
x12 <- 0xFFFFFFFF


mem[X,0x80000D18] -> 0xA623
mem[X,0x80000D1A] -> 0x1EC0
[843] [M]: 0x80000D18 (0x1EC0A623) sw a2, 492(ra)
mem[0x80005484] <- 0xFFFFFFFF


mem[X,0x80000D1C] -> 0xB537
mem[X,0x80000D1E] -> 0xAAAA
[844] [M]: 0x80000D1C (0xAAAAB537) lui a0, 699051
x10 <- 0xAAAAB000


mem[X,0x80000D20] -> 0x0513
mem[X,0x80000D22] -> 0xAAA5
[845] [M]: 0x80000D20 (0xAAA50513) addi a0, a0, 2730
x10 <- 0xAAAAAAAA


mem[X,0x80000D24] -> 0x0593
mem[X,0x80000D26] -> 0x0000
[846] [M]: 0x80000D24 (0x00000593) addi a1, zero, 0
x11 <- 0x00000000


mem[X,0x80000D28] -> 0x4633
mem[X,0x80000D2A] -> 0x02B5
[847] [M]: 0x80000D28 (0x02B54633) div a2, a0, a1
x12 <- 0xFFFFFFFF


mem[X,0x80000D2C] -> 0xA823
mem[X,0x80000D2E] -> 0x1EC0
[848] [M]: 0x80000D2C (0x1EC0A823) sw a2, 496(ra)
mem[0x80005488] <- 0xFFFFFFFF


mem[X,0x80000D30] -> 0xB537
mem[X,0x80000D32] -> 0xAAAA
[849] [M]: 0x80000D30 (0xAAAAB537) lui a0, 699051
x10 <- 0xAAAAB000


mem[X,0x80000D34] -> 0x0513
mem[X,0x80000D36] -> 0xAAA5
[850] [M]: 0x80000D34 (0xAAA50513) addi a0, a0, 2730
x10 <- 0xAAAAAAAA


mem[X,0x80000D38] -> 0x0593
mem[X,0x80000D3A] -> 0x0040
[851] [M]: 0x80000D38 (0x00400593) addi a1, zero, 4
x11 <- 0x00000004


mem[X,0x80000D3C] -> 0x4633
mem[X,0x80000D3E] -> 0x02B5
[852] [M]: 0x80000D3C (0x02B54633) div a2, a0, a1
x12 <- 0xEAAAAAAB


mem[X,0x80000D40] -> 0xAA23
mem[X,0x80000D42] -> 0x1EC0
[853] [M]: 0x80000D40 (0x1EC0AA23) sw a2, 500(ra)
mem[0x8000548C] <- 0xEAAAAAAB


mem[X,0x80000D44] -> 0xB537
mem[X,0x80000D46] -> 0xAAAA
[854] [M]: 0x80000D44 (0xAAAAB537) lui a0, 699051
x10 <- 0xAAAAB000


mem[X,0x80000D48] -> 0x0513
mem[X,0x80000D4A] -> 0xAAA5
[855] [M]: 0x80000D48 (0xAAA50513) addi a0, a0, 2730
x10 <- 0xAAAAAAAA


mem[X,0x80000D4C] -> 0x35B7
mem[X,0x80000D4E] -> 0x3333
[856] [M]: 0x80000D4C (0x333335B7) lui a1, 209715
x11 <- 0x33333000


mem[X,0x80000D50] -> 0x8593
mem[X,0x80000D52] -> 0x3325
[857] [M]: 0x80000D50 (0x33258593) addi a1, a1, 818
x11 <- 0x33333332


mem[X,0x80000D54] -> 0x4633
mem[X,0x80000D56] -> 0x02B5
[858] [M]: 0x80000D54 (0x02B54633) div a2, a0, a1
x12 <- 0xFFFFFFFF


mem[X,0x80000D58] -> 0xAC23
mem[X,0x80000D5A] -> 0x1EC0
[859] [M]: 0x80000D58 (0x1EC0AC23) sw a2, 504(ra)
mem[0x80005490] <- 0xFFFFFFFF


mem[X,0x80000D5C] -> 0xB537
mem[X,0x80000D5E] -> 0xAAAA
[860] [M]: 0x80000D5C (0xAAAAB537) lui a0, 699051
x10 <- 0xAAAAB000


mem[X,0x80000D60] -> 0x0513
mem[X,0x80000D62] -> 0xAAA5
[861] [M]: 0x80000D60 (0xAAA50513) addi a0, a0, 2730
x10 <- 0xAAAAAAAA


mem[X,0x80000D64] -> 0x65B7
mem[X,0x80000D66] -> 0x6666
[862] [M]: 0x80000D64 (0x666665B7) lui a1, 419430
x11 <- 0x66666000


mem[X,0x80000D68] -> 0x8593
mem[X,0x80000D6A] -> 0x6655
[863] [M]: 0x80000D68 (0x66558593) addi a1, a1, 1637
x11 <- 0x66666665


mem[X,0x80000D6C] -> 0x4633
mem[X,0x80000D6E] -> 0x02B5
[864] [M]: 0x80000D6C (0x02B54633) div a2, a0, a1
x12 <- 0x00000000


mem[X,0x80000D70] -> 0xAE23
mem[X,0x80000D72] -> 0x1EC0
[865] [M]: 0x80000D70 (0x1EC0AE23) sw a2, 508(ra)
mem[0x80005494] <- 0x00000000


mem[X,0x80000D74] -> 0xB537
mem[X,0x80000D76] -> 0xAAAA
[866] [M]: 0x80000D74 (0xAAAAB537) lui a0, 699051
x10 <- 0xAAAAB000


mem[X,0x80000D78] -> 0x0513
mem[X,0x80000D7A] -> 0xAAA5
[867] [M]: 0x80000D78 (0xAAA50513) addi a0, a0, 2730
x10 <- 0xAAAAAAAA


mem[X,0x80000D7C] -> 0xB5B7
mem[X,0x80000D7E] -> 0x0000
[868] [M]: 0x80000D7C (0x0000B5B7) lui a1, 11
x11 <- 0x0000B000


mem[X,0x80000D80] -> 0x8593
mem[X,0x80000D82] -> 0x5035
[869] [M]: 0x80000D80 (0x50358593) addi a1, a1, 1283
x11 <- 0x0000B503


mem[X,0x80000D84] -> 0x4633
mem[X,0x80000D86] -> 0x02B5
[870] [M]: 0x80000D84 (0x02B54633) div a2, a0, a1
x12 <- 0xFFFF8751


mem[X,0x80000D88] -> 0xA023
mem[X,0x80000D8A] -> 0x20C0
[871] [M]: 0x80000D88 (0x20C0A023) sw a2, 512(ra)
mem[0x80005498] <- 0xFFFF8751


mem[X,0x80000D8C] -> 0xB537
mem[X,0x80000D8E] -> 0xAAAA
[872] [M]: 0x80000D8C (0xAAAAB537) lui a0, 699051
x10 <- 0xAAAAB000


mem[X,0x80000D90] -> 0x0513
mem[X,0x80000D92] -> 0xAAA5
[873] [M]: 0x80000D90 (0xAAA50513) addi a0, a0, 2730
x10 <- 0xAAAAAAAA


mem[X,0x80000D94] -> 0x55B7
mem[X,0x80000D96] -> 0x5555
[874] [M]: 0x80000D94 (0x555555B7) lui a1, 349525
x11 <- 0x55555000


mem[X,0x80000D98] -> 0x8593
mem[X,0x80000D9A] -> 0x5565
[875] [M]: 0x80000D98 (0x55658593) addi a1, a1, 1366
x11 <- 0x55555556


mem[X,0x80000D9C] -> 0x4633
mem[X,0x80000D9E] -> 0x02B5
[876] [M]: 0x80000D9C (0x02B54633) div a2, a0, a1
x12 <- 0xFFFFFFFF


mem[X,0x80000DA0] -> 0xA223
mem[X,0x80000DA2] -> 0x20C0
[877] [M]: 0x80000DA0 (0x20C0A223) sw a2, 516(ra)
mem[0x8000549C] <- 0xFFFFFFFF


mem[X,0x80000DA4] -> 0xB537
mem[X,0x80000DA6] -> 0xAAAA
[878] [M]: 0x80000DA4 (0xAAAAB537) lui a0, 699051
x10 <- 0xAAAAB000


mem[X,0x80000DA8] -> 0x0513
mem[X,0x80000DAA] -> 0xAAA5
[879] [M]: 0x80000DA8 (0xAAA50513) addi a0, a0, 2730
x10 <- 0xAAAAAAAA


mem[X,0x80000DAC] -> 0xB5B7
mem[X,0x80000DAE] -> 0xAAAA
[880] [M]: 0x80000DAC (0xAAAAB5B7) lui a1, 699051
x11 <- 0xAAAAB000


mem[X,0x80000DB0] -> 0x8593
mem[X,0x80000DB2] -> 0xAAB5
[881] [M]: 0x80000DB0 (0xAAB58593) addi a1, a1, 2731
x11 <- 0xAAAAAAAB


mem[X,0x80000DB4] -> 0x4633
mem[X,0x80000DB6] -> 0x02B5
[882] [M]: 0x80000DB4 (0x02B54633) div a2, a0, a1
x12 <- 0x00000001


mem[X,0x80000DB8] -> 0xA423
mem[X,0x80000DBA] -> 0x20C0
[883] [M]: 0x80000DB8 (0x20C0A423) sw a2, 520(ra)
mem[0x800054A0] <- 0x00000001


mem[X,0x80000DBC] -> 0xB537
mem[X,0x80000DBE] -> 0xAAAA
[884] [M]: 0x80000DBC (0xAAAAB537) lui a0, 699051
x10 <- 0xAAAAB000


mem[X,0x80000DC0] -> 0x0513
mem[X,0x80000DC2] -> 0xAAA5
[885] [M]: 0x80000DC0 (0xAAA50513) addi a0, a0, 2730
x10 <- 0xAAAAAAAA


mem[X,0x80000DC4] -> 0x0593
mem[X,0x80000DC6] -> 0x0060
[886] [M]: 0x80000DC4 (0x00600593) addi a1, zero, 6
x11 <- 0x00000006


mem[X,0x80000DC8] -> 0x4633
mem[X,0x80000DCA] -> 0x02B5
[887] [M]: 0x80000DC8 (0x02B54633) div a2, a0, a1
x12 <- 0xF1C71C72


mem[X,0x80000DCC] -> 0xA623
mem[X,0x80000DCE] -> 0x20C0
[888] [M]: 0x80000DCC (0x20C0A623) sw a2, 524(ra)
mem[0x800054A4] <- 0xF1C71C72


mem[X,0x80000DD0] -> 0xB537
mem[X,0x80000DD2] -> 0xAAAA
[889] [M]: 0x80000DD0 (0xAAAAB537) lui a0, 699051
x10 <- 0xAAAAB000


mem[X,0x80000DD4] -> 0x0513
mem[X,0x80000DD6] -> 0xAAA5
[890] [M]: 0x80000DD4 (0xAAA50513) addi a0, a0, 2730
x10 <- 0xAAAAAAAA


mem[X,0x80000DD8] -> 0x35B7
mem[X,0x80000DDA] -> 0x3333
[891] [M]: 0x80000DD8 (0x333335B7) lui a1, 209715
x11 <- 0x33333000


mem[X,0x80000DDC] -> 0x8593
mem[X,0x80000DDE] -> 0x3345
[892] [M]: 0x80000DDC (0x33458593) addi a1, a1, 820
x11 <- 0x33333334


mem[X,0x80000DE0] -> 0x4633
mem[X,0x80000DE2] -> 0x02B5
[893] [M]: 0x80000DE0 (0x02B54633) div a2, a0, a1
x12 <- 0xFFFFFFFF


mem[X,0x80000DE4] -> 0xA823
mem[X,0x80000DE6] -> 0x20C0
[894] [M]: 0x80000DE4 (0x20C0A823) sw a2, 528(ra)
mem[0x800054A8] <- 0xFFFFFFFF


mem[X,0x80000DE8] -> 0xB537
mem[X,0x80000DEA] -> 0xAAAA
[895] [M]: 0x80000DE8 (0xAAAAB537) lui a0, 699051
x10 <- 0xAAAAB000


mem[X,0x80000DEC] -> 0x0513
mem[X,0x80000DEE] -> 0xAAA5
[896] [M]: 0x80000DEC (0xAAA50513) addi a0, a0, 2730
x10 <- 0xAAAAAAAA


mem[X,0x80000DF0] -> 0x65B7
mem[X,0x80000DF2] -> 0x6666
[897] [M]: 0x80000DF0 (0x666665B7) lui a1, 419430
x11 <- 0x66666000


mem[X,0x80000DF4] -> 0x8593
mem[X,0x80000DF6] -> 0x6675
[898] [M]: 0x80000DF4 (0x66758593) addi a1, a1, 1639
x11 <- 0x66666667


mem[X,0x80000DF8] -> 0x4633
mem[X,0x80000DFA] -> 0x02B5
[899] [M]: 0x80000DF8 (0x02B54633) div a2, a0, a1
x12 <- 0x00000000


clint::tick mtime <- 0x0000000000000009
 clint timer pending at mtime 0x0000000000000009
htif::tick 0x0000000000000000
mem[X,0x80000DFC] -> 0xAA23
mem[X,0x80000DFE] -> 0x20C0
[900] [M]: 0x80000DFC (0x20C0AA23) sw a2, 532(ra)
mem[0x800054AC] <- 0x00000000


mem[X,0x80000E00] -> 0xB537
mem[X,0x80000E02] -> 0xAAAA
[901] [M]: 0x80000E00 (0xAAAAB537) lui a0, 699051
x10 <- 0xAAAAB000


mem[X,0x80000E04] -> 0x0513
mem[X,0x80000E06] -> 0xAAA5
[902] [M]: 0x80000E04 (0xAAA50513) addi a0, a0, 2730
x10 <- 0xAAAAAAAA


mem[X,0x80000E08] -> 0x55B7
mem[X,0x80000E0A] -> 0xFFFF
[903] [M]: 0x80000E08 (0xFFFF55B7) lui a1, 1048565
x11 <- 0xFFFF5000


mem[X,0x80000E0C] -> 0x8593
mem[X,0x80000E0E] -> 0xAFD5
[904] [M]: 0x80000E0C (0xAFD58593) addi a1, a1, 2813
x11 <- 0xFFFF4AFD


mem[X,0x80000E10] -> 0x4633
mem[X,0x80000E12] -> 0x02B5
[905] [M]: 0x80000E10 (0x02B54633) div a2, a0, a1
x12 <- 0x000078AF


mem[X,0x80000E14] -> 0xAC23
mem[X,0x80000E16] -> 0x20C0
[906] [M]: 0x80000E14 (0x20C0AC23) sw a2, 536(ra)
mem[0x800054B0] <- 0x000078AF


mem[X,0x80000E18] -> 0xB537
mem[X,0x80000E1A] -> 0xAAAA
[907] [M]: 0x80000E18 (0xAAAAB537) lui a0, 699051
x10 <- 0xAAAAB000


mem[X,0x80000E1C] -> 0x0513
mem[X,0x80000E1E] -> 0xAAA5
[908] [M]: 0x80000E1C (0xAAA50513) addi a0, a0, 2730
x10 <- 0xAAAAAAAA


mem[X,0x80000E20] -> 0xB5B7
mem[X,0x80000E22] -> 0x0000
[909] [M]: 0x80000E20 (0x0000B5B7) lui a1, 11
x11 <- 0x0000B000


mem[X,0x80000E24] -> 0x8593
mem[X,0x80000E26] -> 0x5055
[910] [M]: 0x80000E24 (0x50558593) addi a1, a1, 1285
x11 <- 0x0000B505


mem[X,0x80000E28] -> 0x4633
mem[X,0x80000E2A] -> 0x02B5
[911] [M]: 0x80000E28 (0x02B54633) div a2, a0, a1
x12 <- 0xFFFF8753


mem[X,0x80000E2C] -> 0xAE23
mem[X,0x80000E2E] -> 0x20C0
[912] [M]: 0x80000E2C (0x20C0AE23) sw a2, 540(ra)
mem[0x800054B4] <- 0xFFFF8753


mem[X,0x80000E30] -> 0x0513
mem[X,0x80000E32] -> 0x0050
[913] [M]: 0x80000E30 (0x00500513) addi a0, zero, 5
x10 <- 0x00000005


mem[X,0x80000E34] -> 0x0593
mem[X,0x80000E36] -> 0x0030
[914] [M]: 0x80000E34 (0x00300593) addi a1, zero, 3
x11 <- 0x00000003


mem[X,0x80000E38] -> 0x4633
mem[X,0x80000E3A] -> 0x02B5
[915] [M]: 0x80000E38 (0x02B54633) div a2, a0, a1
x12 <- 0x00000001


mem[X,0x80000E3C] -> 0xA023
mem[X,0x80000E3E] -> 0x22C0
[916] [M]: 0x80000E3C (0x22C0A023) sw a2, 544(ra)
mem[0x800054B8] <- 0x00000001


mem[X,0x80000E40] -> 0x0513
mem[X,0x80000E42] -> 0x0050
[917] [M]: 0x80000E40 (0x00500513) addi a0, zero, 5
x10 <- 0x00000005


mem[X,0x80000E44] -> 0x55B7
mem[X,0x80000E46] -> 0x5555
[918] [M]: 0x80000E44 (0x555555B7) lui a1, 349525
x11 <- 0x55555000


mem[X,0x80000E48] -> 0x8593
mem[X,0x80000E4A] -> 0x5555
[919] [M]: 0x80000E48 (0x55558593) addi a1, a1, 1365
x11 <- 0x55555555


mem[X,0x80000E4C] -> 0x4633
mem[X,0x80000E4E] -> 0x02B5
[920] [M]: 0x80000E4C (0x02B54633) div a2, a0, a1
x12 <- 0x00000000


mem[X,0x80000E50] -> 0xA223
mem[X,0x80000E52] -> 0x22C0
[921] [M]: 0x80000E50 (0x22C0A223) sw a2, 548(ra)
mem[0x800054BC] <- 0x00000000


mem[X,0x80000E54] -> 0x0513
mem[X,0x80000E56] -> 0x0050
[922] [M]: 0x80000E54 (0x00500513) addi a0, zero, 5
x10 <- 0x00000005


mem[X,0x80000E58] -> 0xB5B7
mem[X,0x80000E5A] -> 0xAAAA
[923] [M]: 0x80000E58 (0xAAAAB5B7) lui a1, 699051
x11 <- 0xAAAAB000


mem[X,0x80000E5C] -> 0x8593
mem[X,0x80000E5E] -> 0xAAA5
[924] [M]: 0x80000E5C (0xAAA58593) addi a1, a1, 2730
x11 <- 0xAAAAAAAA


mem[X,0x80000E60] -> 0x4633
mem[X,0x80000E62] -> 0x02B5
[925] [M]: 0x80000E60 (0x02B54633) div a2, a0, a1
x12 <- 0x00000000


mem[X,0x80000E64] -> 0xA423
mem[X,0x80000E66] -> 0x22C0
[926] [M]: 0x80000E64 (0x22C0A423) sw a2, 552(ra)
mem[0x800054C0] <- 0x00000000


mem[X,0x80000E68] -> 0x0513
mem[X,0x80000E6A] -> 0x0050
[927] [M]: 0x80000E68 (0x00500513) addi a0, zero, 5
x10 <- 0x00000005


mem[X,0x80000E6C] -> 0x0593
mem[X,0x80000E6E] -> 0x0050
[928] [M]: 0x80000E6C (0x00500593) addi a1, zero, 5
x11 <- 0x00000005


mem[X,0x80000E70] -> 0x4633
mem[X,0x80000E72] -> 0x02B5
[929] [M]: 0x80000E70 (0x02B54633) div a2, a0, a1
x12 <- 0x00000001


mem[X,0x80000E74] -> 0xA623
mem[X,0x80000E76] -> 0x22C0
[930] [M]: 0x80000E74 (0x22C0A623) sw a2, 556(ra)
mem[0x800054C4] <- 0x00000001


mem[X,0x80000E78] -> 0x0513
mem[X,0x80000E7A] -> 0x0050
[931] [M]: 0x80000E78 (0x00500513) addi a0, zero, 5
x10 <- 0x00000005


mem[X,0x80000E7C] -> 0x35B7
mem[X,0x80000E7E] -> 0x3333
[932] [M]: 0x80000E7C (0x333335B7) lui a1, 209715
x11 <- 0x33333000


mem[X,0x80000E80] -> 0x8593
mem[X,0x80000E82] -> 0x3335
[933] [M]: 0x80000E80 (0x33358593) addi a1, a1, 819
x11 <- 0x33333333


mem[X,0x80000E84] -> 0x4633
mem[X,0x80000E86] -> 0x02B5
[934] [M]: 0x80000E84 (0x02B54633) div a2, a0, a1
x12 <- 0x00000000


mem[X,0x80000E88] -> 0xA823
mem[X,0x80000E8A] -> 0x22C0
[935] [M]: 0x80000E88 (0x22C0A823) sw a2, 560(ra)
mem[0x800054C8] <- 0x00000000


mem[X,0x80000E8C] -> 0x0513
mem[X,0x80000E8E] -> 0x0050
[936] [M]: 0x80000E8C (0x00500513) addi a0, zero, 5
x10 <- 0x00000005


mem[X,0x80000E90] -> 0x65B7
mem[X,0x80000E92] -> 0x6666
[937] [M]: 0x80000E90 (0x666665B7) lui a1, 419430
x11 <- 0x66666000


mem[X,0x80000E94] -> 0x8593
mem[X,0x80000E96] -> 0x6665
[938] [M]: 0x80000E94 (0x66658593) addi a1, a1, 1638
x11 <- 0x66666666


mem[X,0x80000E98] -> 0x4633
mem[X,0x80000E9A] -> 0x02B5
[939] [M]: 0x80000E98 (0x02B54633) div a2, a0, a1
x12 <- 0x00000000


mem[X,0x80000E9C] -> 0xAA23
mem[X,0x80000E9E] -> 0x22C0
[940] [M]: 0x80000E9C (0x22C0AA23) sw a2, 564(ra)
mem[0x800054CC] <- 0x00000000


mem[X,0x80000EA0] -> 0x0513
mem[X,0x80000EA2] -> 0x0050
[941] [M]: 0x80000EA0 (0x00500513) addi a0, zero, 5
x10 <- 0x00000005


mem[X,0x80000EA4] -> 0x55B7
mem[X,0x80000EA6] -> 0xFFFF
[942] [M]: 0x80000EA4 (0xFFFF55B7) lui a1, 1048565
x11 <- 0xFFFF5000


mem[X,0x80000EA8] -> 0x8593
mem[X,0x80000EAA] -> 0xAFC5
[943] [M]: 0x80000EA8 (0xAFC58593) addi a1, a1, 2812
x11 <- 0xFFFF4AFC


mem[X,0x80000EAC] -> 0x4633
mem[X,0x80000EAE] -> 0x02B5
[944] [M]: 0x80000EAC (0x02B54633) div a2, a0, a1
x12 <- 0x00000000


mem[X,0x80000EB0] -> 0xAC23
mem[X,0x80000EB2] -> 0x22C0
[945] [M]: 0x80000EB0 (0x22C0AC23) sw a2, 568(ra)
mem[0x800054D0] <- 0x00000000


mem[X,0x80000EB4] -> 0x0513
mem[X,0x80000EB6] -> 0x0050
[946] [M]: 0x80000EB4 (0x00500513) addi a0, zero, 5
x10 <- 0x00000005


mem[X,0x80000EB8] -> 0xB5B7
mem[X,0x80000EBA] -> 0x0000
[947] [M]: 0x80000EB8 (0x0000B5B7) lui a1, 11
x11 <- 0x0000B000


mem[X,0x80000EBC] -> 0x8593
mem[X,0x80000EBE] -> 0x5045
[948] [M]: 0x80000EBC (0x50458593) addi a1, a1, 1284
x11 <- 0x0000B504


mem[X,0x80000EC0] -> 0x4633
mem[X,0x80000EC2] -> 0x02B5
[949] [M]: 0x80000EC0 (0x02B54633) div a2, a0, a1
x12 <- 0x00000000


mem[X,0x80000EC4] -> 0xAE23
mem[X,0x80000EC6] -> 0x22C0
[950] [M]: 0x80000EC4 (0x22C0AE23) sw a2, 572(ra)
mem[0x800054D4] <- 0x00000000


mem[X,0x80000EC8] -> 0x0513
mem[X,0x80000ECA] -> 0x0050
[951] [M]: 0x80000EC8 (0x00500513) addi a0, zero, 5
x10 <- 0x00000005


mem[X,0x80000ECC] -> 0x0593
mem[X,0x80000ECE] -> 0x0020
[952] [M]: 0x80000ECC (0x00200593) addi a1, zero, 2
x11 <- 0x00000002


mem[X,0x80000ED0] -> 0x4633
mem[X,0x80000ED2] -> 0x02B5
[953] [M]: 0x80000ED0 (0x02B54633) div a2, a0, a1
x12 <- 0x00000002


mem[X,0x80000ED4] -> 0xA023
mem[X,0x80000ED6] -> 0x24C0
[954] [M]: 0x80000ED4 (0x24C0A023) sw a2, 576(ra)
mem[0x800054D8] <- 0x00000002


mem[X,0x80000ED8] -> 0x0513
mem[X,0x80000EDA] -> 0x0050
[955] [M]: 0x80000ED8 (0x00500513) addi a0, zero, 5
x10 <- 0x00000005


mem[X,0x80000EDC] -> 0x55B7
mem[X,0x80000EDE] -> 0x5555
[956] [M]: 0x80000EDC (0x555555B7) lui a1, 349525
x11 <- 0x55555000


mem[X,0x80000EE0] -> 0x8593
mem[X,0x80000EE2] -> 0x5545
[957] [M]: 0x80000EE0 (0x55458593) addi a1, a1, 1364
x11 <- 0x55555554


mem[X,0x80000EE4] -> 0x4633
mem[X,0x80000EE6] -> 0x02B5
[958] [M]: 0x80000EE4 (0x02B54633) div a2, a0, a1
x12 <- 0x00000000


mem[X,0x80000EE8] -> 0xA223
mem[X,0x80000EEA] -> 0x24C0
[959] [M]: 0x80000EE8 (0x24C0A223) sw a2, 580(ra)
mem[0x800054DC] <- 0x00000000


mem[X,0x80000EEC] -> 0x0513
mem[X,0x80000EEE] -> 0x0050
[960] [M]: 0x80000EEC (0x00500513) addi a0, zero, 5
x10 <- 0x00000005


mem[X,0x80000EF0] -> 0x0593
mem[X,0x80000EF2] -> 0x0000
[961] [M]: 0x80000EF0 (0x00000593) addi a1, zero, 0
x11 <- 0x00000000


mem[X,0x80000EF4] -> 0x4633
mem[X,0x80000EF6] -> 0x02B5
[962] [M]: 0x80000EF4 (0x02B54633) div a2, a0, a1
x12 <- 0xFFFFFFFF


mem[X,0x80000EF8] -> 0xA423
mem[X,0x80000EFA] -> 0x24C0
[963] [M]: 0x80000EF8 (0x24C0A423) sw a2, 584(ra)
mem[0x800054E0] <- 0xFFFFFFFF


mem[X,0x80000EFC] -> 0x0513
mem[X,0x80000EFE] -> 0x0050
[964] [M]: 0x80000EFC (0x00500513) addi a0, zero, 5
x10 <- 0x00000005


mem[X,0x80000F00] -> 0x0593
mem[X,0x80000F02] -> 0x0040
[965] [M]: 0x80000F00 (0x00400593) addi a1, zero, 4
x11 <- 0x00000004


mem[X,0x80000F04] -> 0x4633
mem[X,0x80000F06] -> 0x02B5
[966] [M]: 0x80000F04 (0x02B54633) div a2, a0, a1
x12 <- 0x00000001


mem[X,0x80000F08] -> 0xA623
mem[X,0x80000F0A] -> 0x24C0
[967] [M]: 0x80000F08 (0x24C0A623) sw a2, 588(ra)
mem[0x800054E4] <- 0x00000001


mem[X,0x80000F0C] -> 0x0513
mem[X,0x80000F0E] -> 0x0050
[968] [M]: 0x80000F0C (0x00500513) addi a0, zero, 5
x10 <- 0x00000005


mem[X,0x80000F10] -> 0x35B7
mem[X,0x80000F12] -> 0x3333
[969] [M]: 0x80000F10 (0x333335B7) lui a1, 209715
x11 <- 0x33333000


mem[X,0x80000F14] -> 0x8593
mem[X,0x80000F16] -> 0x3325
[970] [M]: 0x80000F14 (0x33258593) addi a1, a1, 818
x11 <- 0x33333332


mem[X,0x80000F18] -> 0x4633
mem[X,0x80000F1A] -> 0x02B5
[971] [M]: 0x80000F18 (0x02B54633) div a2, a0, a1
x12 <- 0x00000000


mem[X,0x80000F1C] -> 0xA823
mem[X,0x80000F1E] -> 0x24C0
[972] [M]: 0x80000F1C (0x24C0A823) sw a2, 592(ra)
mem[0x800054E8] <- 0x00000000


mem[X,0x80000F20] -> 0x0513
mem[X,0x80000F22] -> 0x0050
[973] [M]: 0x80000F20 (0x00500513) addi a0, zero, 5
x10 <- 0x00000005


mem[X,0x80000F24] -> 0x65B7
mem[X,0x80000F26] -> 0x6666
[974] [M]: 0x80000F24 (0x666665B7) lui a1, 419430
x11 <- 0x66666000


mem[X,0x80000F28] -> 0x8593
mem[X,0x80000F2A] -> 0x6655
[975] [M]: 0x80000F28 (0x66558593) addi a1, a1, 1637
x11 <- 0x66666665


mem[X,0x80000F2C] -> 0x4633
mem[X,0x80000F2E] -> 0x02B5
[976] [M]: 0x80000F2C (0x02B54633) div a2, a0, a1
x12 <- 0x00000000


mem[X,0x80000F30] -> 0xAA23
mem[X,0x80000F32] -> 0x24C0
[977] [M]: 0x80000F30 (0x24C0AA23) sw a2, 596(ra)
mem[0x800054EC] <- 0x00000000


mem[X,0x80000F34] -> 0x0513
mem[X,0x80000F36] -> 0x0050
[978] [M]: 0x80000F34 (0x00500513) addi a0, zero, 5
x10 <- 0x00000005


mem[X,0x80000F38] -> 0xB5B7
mem[X,0x80000F3A] -> 0x0000
[979] [M]: 0x80000F38 (0x0000B5B7) lui a1, 11
x11 <- 0x0000B000


mem[X,0x80000F3C] -> 0x8593
mem[X,0x80000F3E] -> 0x5035
[980] [M]: 0x80000F3C (0x50358593) addi a1, a1, 1283
x11 <- 0x0000B503


mem[X,0x80000F40] -> 0x4633
mem[X,0x80000F42] -> 0x02B5
[981] [M]: 0x80000F40 (0x02B54633) div a2, a0, a1
x12 <- 0x00000000


mem[X,0x80000F44] -> 0xAC23
mem[X,0x80000F46] -> 0x24C0
[982] [M]: 0x80000F44 (0x24C0AC23) sw a2, 600(ra)
mem[0x800054F0] <- 0x00000000


mem[X,0x80000F48] -> 0x0513
mem[X,0x80000F4A] -> 0x0050
[983] [M]: 0x80000F48 (0x00500513) addi a0, zero, 5
x10 <- 0x00000005


mem[X,0x80000F4C] -> 0x55B7
mem[X,0x80000F4E] -> 0x5555
[984] [M]: 0x80000F4C (0x555555B7) lui a1, 349525
x11 <- 0x55555000


mem[X,0x80000F50] -> 0x8593
mem[X,0x80000F52] -> 0x5565
[985] [M]: 0x80000F50 (0x55658593) addi a1, a1, 1366
x11 <- 0x55555556


mem[X,0x80000F54] -> 0x4633
mem[X,0x80000F56] -> 0x02B5
[986] [M]: 0x80000F54 (0x02B54633) div a2, a0, a1
x12 <- 0x00000000


mem[X,0x80000F58] -> 0xAE23
mem[X,0x80000F5A] -> 0x24C0
[987] [M]: 0x80000F58 (0x24C0AE23) sw a2, 604(ra)
mem[0x800054F4] <- 0x00000000


mem[X,0x80000F5C] -> 0x0513
mem[X,0x80000F5E] -> 0x0050
[988] [M]: 0x80000F5C (0x00500513) addi a0, zero, 5
x10 <- 0x00000005


mem[X,0x80000F60] -> 0xB5B7
mem[X,0x80000F62] -> 0xAAAA
[989] [M]: 0x80000F60 (0xAAAAB5B7) lui a1, 699051
x11 <- 0xAAAAB000


mem[X,0x80000F64] -> 0x8593
mem[X,0x80000F66] -> 0xAAB5
[990] [M]: 0x80000F64 (0xAAB58593) addi a1, a1, 2731
x11 <- 0xAAAAAAAB


mem[X,0x80000F68] -> 0x4633
mem[X,0x80000F6A] -> 0x02B5
[991] [M]: 0x80000F68 (0x02B54633) div a2, a0, a1
x12 <- 0x00000000


mem[X,0x80000F6C] -> 0xA023
mem[X,0x80000F6E] -> 0x26C0
[992] [M]: 0x80000F6C (0x26C0A023) sw a2, 608(ra)
mem[0x800054F8] <- 0x00000000


mem[X,0x80000F70] -> 0x0513
mem[X,0x80000F72] -> 0x0050
[993] [M]: 0x80000F70 (0x00500513) addi a0, zero, 5
x10 <- 0x00000005


mem[X,0x80000F74] -> 0x0593
mem[X,0x80000F76] -> 0x0060
[994] [M]: 0x80000F74 (0x00600593) addi a1, zero, 6
x11 <- 0x00000006


mem[X,0x80000F78] -> 0x4633
mem[X,0x80000F7A] -> 0x02B5
[995] [M]: 0x80000F78 (0x02B54633) div a2, a0, a1
x12 <- 0x00000000


mem[X,0x80000F7C] -> 0xA223
mem[X,0x80000F7E] -> 0x26C0
[996] [M]: 0x80000F7C (0x26C0A223) sw a2, 612(ra)
mem[0x800054FC] <- 0x00000000


mem[X,0x80000F80] -> 0x0513
mem[X,0x80000F82] -> 0x0050
[997] [M]: 0x80000F80 (0x00500513) addi a0, zero, 5
x10 <- 0x00000005


mem[X,0x80000F84] -> 0x35B7
mem[X,0x80000F86] -> 0x3333
[998] [M]: 0x80000F84 (0x333335B7) lui a1, 209715
x11 <- 0x33333000


mem[X,0x80000F88] -> 0x8593
mem[X,0x80000F8A] -> 0x3345
[999] [M]: 0x80000F88 (0x33458593) addi a1, a1, 820
x11 <- 0x33333334


clint::tick mtime <- 0x000000000000000A
 clint timer pending at mtime 0x000000000000000A
htif::tick 0x0000000000000000
mem[X,0x80000F8C] -> 0x4633
mem[X,0x80000F8E] -> 0x02B5
[1000] [M]: 0x80000F8C (0x02B54633) div a2, a0, a1
x12 <- 0x00000000


mem[X,0x80000F90] -> 0xA423
mem[X,0x80000F92] -> 0x26C0
[1001] [M]: 0x80000F90 (0x26C0A423) sw a2, 616(ra)
mem[0x80005500] <- 0x00000000


mem[X,0x80000F94] -> 0x0513
mem[X,0x80000F96] -> 0x0050
[1002] [M]: 0x80000F94 (0x00500513) addi a0, zero, 5
x10 <- 0x00000005


mem[X,0x80000F98] -> 0x65B7
mem[X,0x80000F9A] -> 0x6666
[1003] [M]: 0x80000F98 (0x666665B7) lui a1, 419430
x11 <- 0x66666000


mem[X,0x80000F9C] -> 0x8593
mem[X,0x80000F9E] -> 0x6675
[1004] [M]: 0x80000F9C (0x66758593) addi a1, a1, 1639
x11 <- 0x66666667


mem[X,0x80000FA0] -> 0x4633
mem[X,0x80000FA2] -> 0x02B5
[1005] [M]: 0x80000FA0 (0x02B54633) div a2, a0, a1
x12 <- 0x00000000


mem[X,0x80000FA4] -> 0xA623
mem[X,0x80000FA6] -> 0x26C0
[1006] [M]: 0x80000FA4 (0x26C0A623) sw a2, 620(ra)
mem[0x80005504] <- 0x00000000


mem[X,0x80000FA8] -> 0x0513
mem[X,0x80000FAA] -> 0x0050
[1007] [M]: 0x80000FA8 (0x00500513) addi a0, zero, 5
x10 <- 0x00000005


mem[X,0x80000FAC] -> 0x55B7
mem[X,0x80000FAE] -> 0xFFFF
[1008] [M]: 0x80000FAC (0xFFFF55B7) lui a1, 1048565
x11 <- 0xFFFF5000


mem[X,0x80000FB0] -> 0x8593
mem[X,0x80000FB2] -> 0xAFD5
[1009] [M]: 0x80000FB0 (0xAFD58593) addi a1, a1, 2813
x11 <- 0xFFFF4AFD


mem[X,0x80000FB4] -> 0x4633
mem[X,0x80000FB6] -> 0x02B5
[1010] [M]: 0x80000FB4 (0x02B54633) div a2, a0, a1
x12 <- 0x00000000


mem[X,0x80000FB8] -> 0xA823
mem[X,0x80000FBA] -> 0x26C0
[1011] [M]: 0x80000FB8 (0x26C0A823) sw a2, 624(ra)
mem[0x80005508] <- 0x00000000


mem[X,0x80000FBC] -> 0x0513
mem[X,0x80000FBE] -> 0x0050
[1012] [M]: 0x80000FBC (0x00500513) addi a0, zero, 5
x10 <- 0x00000005


mem[X,0x80000FC0] -> 0xB5B7
mem[X,0x80000FC2] -> 0x0000
[1013] [M]: 0x80000FC0 (0x0000B5B7) lui a1, 11
x11 <- 0x0000B000


mem[X,0x80000FC4] -> 0x8593
mem[X,0x80000FC6] -> 0x5055
[1014] [M]: 0x80000FC4 (0x50558593) addi a1, a1, 1285
x11 <- 0x0000B505


mem[X,0x80000FC8] -> 0x4633
mem[X,0x80000FCA] -> 0x02B5
[1015] [M]: 0x80000FC8 (0x02B54633) div a2, a0, a1
x12 <- 0x00000000


mem[X,0x80000FCC] -> 0xAA23
mem[X,0x80000FCE] -> 0x26C0
[1016] [M]: 0x80000FCC (0x26C0AA23) sw a2, 628(ra)
mem[0x8000550C] <- 0x00000000


mem[X,0x80000FD0] -> 0x3537
mem[X,0x80000FD2] -> 0x3333
[1017] [M]: 0x80000FD0 (0x33333537) lui a0, 209715
x10 <- 0x33333000


mem[X,0x80000FD4] -> 0x0513
mem[X,0x80000FD6] -> 0x3335
[1018] [M]: 0x80000FD4 (0x33350513) addi a0, a0, 819
x10 <- 0x33333333


mem[X,0x80000FD8] -> 0x0593
mem[X,0x80000FDA] -> 0x0030
[1019] [M]: 0x80000FD8 (0x00300593) addi a1, zero, 3
x11 <- 0x00000003


mem[X,0x80000FDC] -> 0x4633
mem[X,0x80000FDE] -> 0x02B5
[1020] [M]: 0x80000FDC (0x02B54633) div a2, a0, a1
x12 <- 0x11111111


mem[X,0x80000FE0] -> 0xAC23
mem[X,0x80000FE2] -> 0x26C0
[1021] [M]: 0x80000FE0 (0x26C0AC23) sw a2, 632(ra)
mem[0x80005510] <- 0x11111111


mem[X,0x80000FE4] -> 0x3537
mem[X,0x80000FE6] -> 0x3333
[1022] [M]: 0x80000FE4 (0x33333537) lui a0, 209715
x10 <- 0x33333000


mem[X,0x80000FE8] -> 0x0513
mem[X,0x80000FEA] -> 0x3335
[1023] [M]: 0x80000FE8 (0x33350513) addi a0, a0, 819
x10 <- 0x33333333


mem[X,0x80000FEC] -> 0x55B7
mem[X,0x80000FEE] -> 0x5555
[1024] [M]: 0x80000FEC (0x555555B7) lui a1, 349525
x11 <- 0x55555000


mem[X,0x80000FF0] -> 0x8593
mem[X,0x80000FF2] -> 0x5555
[1025] [M]: 0x80000FF0 (0x55558593) addi a1, a1, 1365
x11 <- 0x55555555


mem[X,0x80000FF4] -> 0x4633
mem[X,0x80000FF6] -> 0x02B5
[1026] [M]: 0x80000FF4 (0x02B54633) div a2, a0, a1
x12 <- 0x00000000


mem[X,0x80000FF8] -> 0xAE23
mem[X,0x80000FFA] -> 0x26C0
[1027] [M]: 0x80000FF8 (0x26C0AE23) sw a2, 636(ra)
mem[0x80005514] <- 0x00000000


mem[X,0x80000FFC] -> 0x3537
mem[X,0x80000FFE] -> 0x3333
[1028] [M]: 0x80000FFC (0x33333537) lui a0, 209715
x10 <- 0x33333000


mem[X,0x80001000] -> 0x0513
mem[X,0x80001002] -> 0x3335
[1029] [M]: 0x80001000 (0x33350513) addi a0, a0, 819
x10 <- 0x33333333


mem[X,0x80001004] -> 0xB5B7
mem[X,0x80001006] -> 0xAAAA
[1030] [M]: 0x80001004 (0xAAAAB5B7) lui a1, 699051
x11 <- 0xAAAAB000


mem[X,0x80001008] -> 0x8593
mem[X,0x8000100A] -> 0xAAA5
[1031] [M]: 0x80001008 (0xAAA58593) addi a1, a1, 2730
x11 <- 0xAAAAAAAA


mem[X,0x8000100C] -> 0x4633
mem[X,0x8000100E] -> 0x02B5
[1032] [M]: 0x8000100C (0x02B54633) div a2, a0, a1
x12 <- 0x00000000


mem[X,0x80001010] -> 0xA023
mem[X,0x80001012] -> 0x28C0
[1033] [M]: 0x80001010 (0x28C0A023) sw a2, 640(ra)
mem[0x80005518] <- 0x00000000


mem[X,0x80001014] -> 0x3537
mem[X,0x80001016] -> 0x3333
[1034] [M]: 0x80001014 (0x33333537) lui a0, 209715
x10 <- 0x33333000


mem[X,0x80001018] -> 0x0513
mem[X,0x8000101A] -> 0x3335
[1035] [M]: 0x80001018 (0x33350513) addi a0, a0, 819
x10 <- 0x33333333


mem[X,0x8000101C] -> 0x0593
mem[X,0x8000101E] -> 0x0050
[1036] [M]: 0x8000101C (0x00500593) addi a1, zero, 5
x11 <- 0x00000005


mem[X,0x80001020] -> 0x4633
mem[X,0x80001022] -> 0x02B5
[1037] [M]: 0x80001020 (0x02B54633) div a2, a0, a1
x12 <- 0x0A3D70A3


mem[X,0x80001024] -> 0xA223
mem[X,0x80001026] -> 0x28C0
[1038] [M]: 0x80001024 (0x28C0A223) sw a2, 644(ra)
mem[0x8000551C] <- 0x0A3D70A3


mem[X,0x80001028] -> 0x3537
mem[X,0x8000102A] -> 0x3333
[1039] [M]: 0x80001028 (0x33333537) lui a0, 209715
x10 <- 0x33333000


mem[X,0x8000102C] -> 0x0513
mem[X,0x8000102E] -> 0x3335
[1040] [M]: 0x8000102C (0x33350513) addi a0, a0, 819
x10 <- 0x33333333


mem[X,0x80001030] -> 0x35B7
mem[X,0x80001032] -> 0x3333
[1041] [M]: 0x80001030 (0x333335B7) lui a1, 209715
x11 <- 0x33333000


mem[X,0x80001034] -> 0x8593
mem[X,0x80001036] -> 0x3335
[1042] [M]: 0x80001034 (0x33358593) addi a1, a1, 819
x11 <- 0x33333333


mem[X,0x80001038] -> 0x4633
mem[X,0x8000103A] -> 0x02B5
[1043] [M]: 0x80001038 (0x02B54633) div a2, a0, a1
x12 <- 0x00000001


mem[X,0x8000103C] -> 0xA423
mem[X,0x8000103E] -> 0x28C0
[1044] [M]: 0x8000103C (0x28C0A423) sw a2, 648(ra)
mem[0x80005520] <- 0x00000001


mem[X,0x80001040] -> 0x3537
mem[X,0x80001042] -> 0x3333
[1045] [M]: 0x80001040 (0x33333537) lui a0, 209715
x10 <- 0x33333000


mem[X,0x80001044] -> 0x0513
mem[X,0x80001046] -> 0x3335
[1046] [M]: 0x80001044 (0x33350513) addi a0, a0, 819
x10 <- 0x33333333


mem[X,0x80001048] -> 0x65B7
mem[X,0x8000104A] -> 0x6666
[1047] [M]: 0x80001048 (0x666665B7) lui a1, 419430
x11 <- 0x66666000


mem[X,0x8000104C] -> 0x8593
mem[X,0x8000104E] -> 0x6665
[1048] [M]: 0x8000104C (0x66658593) addi a1, a1, 1638
x11 <- 0x66666666


mem[X,0x80001050] -> 0x4633
mem[X,0x80001052] -> 0x02B5
[1049] [M]: 0x80001050 (0x02B54633) div a2, a0, a1
x12 <- 0x00000000


mem[X,0x80001054] -> 0xA623
mem[X,0x80001056] -> 0x28C0
[1050] [M]: 0x80001054 (0x28C0A623) sw a2, 652(ra)
mem[0x80005524] <- 0x00000000


mem[X,0x80001058] -> 0x3537
mem[X,0x8000105A] -> 0x3333
[1051] [M]: 0x80001058 (0x33333537) lui a0, 209715
x10 <- 0x33333000


mem[X,0x8000105C] -> 0x0513
mem[X,0x8000105E] -> 0x3335
[1052] [M]: 0x8000105C (0x33350513) addi a0, a0, 819
x10 <- 0x33333333


mem[X,0x80001060] -> 0x55B7
mem[X,0x80001062] -> 0xFFFF
[1053] [M]: 0x80001060 (0xFFFF55B7) lui a1, 1048565
x11 <- 0xFFFF5000


mem[X,0x80001064] -> 0x8593
mem[X,0x80001066] -> 0xAFC5
[1054] [M]: 0x80001064 (0xAFC58593) addi a1, a1, 2812
x11 <- 0xFFFF4AFC


mem[X,0x80001068] -> 0x4633
mem[X,0x8000106A] -> 0x02B5
[1055] [M]: 0x80001068 (0x02B54633) div a2, a0, a1
x12 <- 0xFFFFB798


mem[X,0x8000106C] -> 0xA823
mem[X,0x8000106E] -> 0x28C0
[1056] [M]: 0x8000106C (0x28C0A823) sw a2, 656(ra)
mem[0x80005528] <- 0xFFFFB798


mem[X,0x80001070] -> 0x3537
mem[X,0x80001072] -> 0x3333
[1057] [M]: 0x80001070 (0x33333537) lui a0, 209715
x10 <- 0x33333000


mem[X,0x80001074] -> 0x0513
mem[X,0x80001076] -> 0x3335
[1058] [M]: 0x80001074 (0x33350513) addi a0, a0, 819
x10 <- 0x33333333


mem[X,0x80001078] -> 0xB5B7
mem[X,0x8000107A] -> 0x0000
[1059] [M]: 0x80001078 (0x0000B5B7) lui a1, 11
x11 <- 0x0000B000


mem[X,0x8000107C] -> 0x8593
mem[X,0x8000107E] -> 0x5045
[1060] [M]: 0x8000107C (0x50458593) addi a1, a1, 1284
x11 <- 0x0000B504


mem[X,0x80001080] -> 0x4633
mem[X,0x80001082] -> 0x02B5
[1061] [M]: 0x80001080 (0x02B54633) div a2, a0, a1
x12 <- 0x00004868


mem[X,0x80001084] -> 0xAA23
mem[X,0x80001086] -> 0x28C0
[1062] [M]: 0x80001084 (0x28C0AA23) sw a2, 660(ra)
mem[0x8000552C] <- 0x00004868


mem[X,0x80001088] -> 0x3537
mem[X,0x8000108A] -> 0x3333
[1063] [M]: 0x80001088 (0x33333537) lui a0, 209715
x10 <- 0x33333000


mem[X,0x8000108C] -> 0x0513
mem[X,0x8000108E] -> 0x3335
[1064] [M]: 0x8000108C (0x33350513) addi a0, a0, 819
x10 <- 0x33333333


mem[X,0x80001090] -> 0x0593
mem[X,0x80001092] -> 0x0020
[1065] [M]: 0x80001090 (0x00200593) addi a1, zero, 2
x11 <- 0x00000002


mem[X,0x80001094] -> 0x4633
mem[X,0x80001096] -> 0x02B5
[1066] [M]: 0x80001094 (0x02B54633) div a2, a0, a1
x12 <- 0x19999999


mem[X,0x80001098] -> 0xAC23
mem[X,0x8000109A] -> 0x28C0
[1067] [M]: 0x80001098 (0x28C0AC23) sw a2, 664(ra)
mem[0x80005530] <- 0x19999999


mem[X,0x8000109C] -> 0x3537
mem[X,0x8000109E] -> 0x3333
[1068] [M]: 0x8000109C (0x33333537) lui a0, 209715
x10 <- 0x33333000


mem[X,0x800010A0] -> 0x0513
mem[X,0x800010A2] -> 0x3335
[1069] [M]: 0x800010A0 (0x33350513) addi a0, a0, 819
x10 <- 0x33333333


mem[X,0x800010A4] -> 0x55B7
mem[X,0x800010A6] -> 0x5555
[1070] [M]: 0x800010A4 (0x555555B7) lui a1, 349525
x11 <- 0x55555000


mem[X,0x800010A8] -> 0x8593
mem[X,0x800010AA] -> 0x5545
[1071] [M]: 0x800010A8 (0x55458593) addi a1, a1, 1364
x11 <- 0x55555554


mem[X,0x800010AC] -> 0x4633
mem[X,0x800010AE] -> 0x02B5
[1072] [M]: 0x800010AC (0x02B54633) div a2, a0, a1
x12 <- 0x00000000


mem[X,0x800010B0] -> 0xAE23
mem[X,0x800010B2] -> 0x28C0
[1073] [M]: 0x800010B0 (0x28C0AE23) sw a2, 668(ra)
mem[0x80005534] <- 0x00000000


mem[X,0x800010B4] -> 0x3537
mem[X,0x800010B6] -> 0x3333
[1074] [M]: 0x800010B4 (0x33333537) lui a0, 209715
x10 <- 0x33333000


mem[X,0x800010B8] -> 0x0513
mem[X,0x800010BA] -> 0x3335
[1075] [M]: 0x800010B8 (0x33350513) addi a0, a0, 819
x10 <- 0x33333333


mem[X,0x800010BC] -> 0x0593
mem[X,0x800010BE] -> 0x0000
[1076] [M]: 0x800010BC (0x00000593) addi a1, zero, 0
x11 <- 0x00000000


mem[X,0x800010C0] -> 0x4633
mem[X,0x800010C2] -> 0x02B5
[1077] [M]: 0x800010C0 (0x02B54633) div a2, a0, a1
x12 <- 0xFFFFFFFF


mem[X,0x800010C4] -> 0xA023
mem[X,0x800010C6] -> 0x2AC0
[1078] [M]: 0x800010C4 (0x2AC0A023) sw a2, 672(ra)
mem[0x80005538] <- 0xFFFFFFFF


mem[X,0x800010C8] -> 0x3537
mem[X,0x800010CA] -> 0x3333
[1079] [M]: 0x800010C8 (0x33333537) lui a0, 209715
x10 <- 0x33333000


mem[X,0x800010CC] -> 0x0513
mem[X,0x800010CE] -> 0x3335
[1080] [M]: 0x800010CC (0x33350513) addi a0, a0, 819
x10 <- 0x33333333


mem[X,0x800010D0] -> 0x0593
mem[X,0x800010D2] -> 0x0040
[1081] [M]: 0x800010D0 (0x00400593) addi a1, zero, 4
x11 <- 0x00000004


mem[X,0x800010D4] -> 0x4633
mem[X,0x800010D6] -> 0x02B5
[1082] [M]: 0x800010D4 (0x02B54633) div a2, a0, a1
x12 <- 0x0CCCCCCC


mem[X,0x800010D8] -> 0xA223
mem[X,0x800010DA] -> 0x2AC0
[1083] [M]: 0x800010D8 (0x2AC0A223) sw a2, 676(ra)
mem[0x8000553C] <- 0x0CCCCCCC


mem[X,0x800010DC] -> 0x3537
mem[X,0x800010DE] -> 0x3333
[1084] [M]: 0x800010DC (0x33333537) lui a0, 209715
x10 <- 0x33333000


mem[X,0x800010E0] -> 0x0513
mem[X,0x800010E2] -> 0x3335
[1085] [M]: 0x800010E0 (0x33350513) addi a0, a0, 819
x10 <- 0x33333333


mem[X,0x800010E4] -> 0x35B7
mem[X,0x800010E6] -> 0x3333
[1086] [M]: 0x800010E4 (0x333335B7) lui a1, 209715
x11 <- 0x33333000


mem[X,0x800010E8] -> 0x8593
mem[X,0x800010EA] -> 0x3325
[1087] [M]: 0x800010E8 (0x33258593) addi a1, a1, 818
x11 <- 0x33333332


mem[X,0x800010EC] -> 0x4633
mem[X,0x800010EE] -> 0x02B5
[1088] [M]: 0x800010EC (0x02B54633) div a2, a0, a1
x12 <- 0x00000001


mem[X,0x800010F0] -> 0xA423
mem[X,0x800010F2] -> 0x2AC0
[1089] [M]: 0x800010F0 (0x2AC0A423) sw a2, 680(ra)
mem[0x80005540] <- 0x00000001


mem[X,0x800010F4] -> 0x3537
mem[X,0x800010F6] -> 0x3333
[1090] [M]: 0x800010F4 (0x33333537) lui a0, 209715
x10 <- 0x33333000


mem[X,0x800010F8] -> 0x0513
mem[X,0x800010FA] -> 0x3335
[1091] [M]: 0x800010F8 (0x33350513) addi a0, a0, 819
x10 <- 0x33333333


mem[X,0x800010FC] -> 0x65B7
mem[X,0x800010FE] -> 0x6666
[1092] [M]: 0x800010FC (0x666665B7) lui a1, 419430
x11 <- 0x66666000


mem[X,0x80001100] -> 0x8593
mem[X,0x80001102] -> 0x6655
[1093] [M]: 0x80001100 (0x66558593) addi a1, a1, 1637
x11 <- 0x66666665


mem[X,0x80001104] -> 0x4633
mem[X,0x80001106] -> 0x02B5
[1094] [M]: 0x80001104 (0x02B54633) div a2, a0, a1
x12 <- 0x00000000


mem[X,0x80001108] -> 0xA623
mem[X,0x8000110A] -> 0x2AC0
[1095] [M]: 0x80001108 (0x2AC0A623) sw a2, 684(ra)
mem[0x80005544] <- 0x00000000


mem[X,0x8000110C] -> 0x3537
mem[X,0x8000110E] -> 0x3333
[1096] [M]: 0x8000110C (0x33333537) lui a0, 209715
x10 <- 0x33333000


mem[X,0x80001110] -> 0x0513
mem[X,0x80001112] -> 0x3335
[1097] [M]: 0x80001110 (0x33350513) addi a0, a0, 819
x10 <- 0x33333333


mem[X,0x80001114] -> 0xB5B7
mem[X,0x80001116] -> 0x0000
[1098] [M]: 0x80001114 (0x0000B5B7) lui a1, 11
x11 <- 0x0000B000


mem[X,0x80001118] -> 0x8593
mem[X,0x8000111A] -> 0x5035
[1099] [M]: 0x80001118 (0x50358593) addi a1, a1, 1283
x11 <- 0x0000B503


clint::tick mtime <- 0x000000000000000B
 clint timer pending at mtime 0x000000000000000B
htif::tick 0x0000000000000000
mem[X,0x8000111C] -> 0x4633
mem[X,0x8000111E] -> 0x02B5
[1100] [M]: 0x8000111C (0x02B54633) div a2, a0, a1
x12 <- 0x00004869


mem[X,0x80001120] -> 0xA823
mem[X,0x80001122] -> 0x2AC0
[1101] [M]: 0x80001120 (0x2AC0A823) sw a2, 688(ra)
mem[0x80005548] <- 0x00004869


mem[X,0x80001124] -> 0x3537
mem[X,0x80001126] -> 0x3333
[1102] [M]: 0x80001124 (0x33333537) lui a0, 209715
x10 <- 0x33333000


mem[X,0x80001128] -> 0x0513
mem[X,0x8000112A] -> 0x3335
[1103] [M]: 0x80001128 (0x33350513) addi a0, a0, 819
x10 <- 0x33333333


mem[X,0x8000112C] -> 0x55B7
mem[X,0x8000112E] -> 0x5555
[1104] [M]: 0x8000112C (0x555555B7) lui a1, 349525
x11 <- 0x55555000


mem[X,0x80001130] -> 0x8593
mem[X,0x80001132] -> 0x5565
[1105] [M]: 0x80001130 (0x55658593) addi a1, a1, 1366
x11 <- 0x55555556


mem[X,0x80001134] -> 0x4633
mem[X,0x80001136] -> 0x02B5
[1106] [M]: 0x80001134 (0x02B54633) div a2, a0, a1
x12 <- 0x00000000


mem[X,0x80001138] -> 0xAA23
mem[X,0x8000113A] -> 0x2AC0
[1107] [M]: 0x80001138 (0x2AC0AA23) sw a2, 692(ra)
mem[0x8000554C] <- 0x00000000


mem[X,0x8000113C] -> 0x3537
mem[X,0x8000113E] -> 0x3333
[1108] [M]: 0x8000113C (0x33333537) lui a0, 209715
x10 <- 0x33333000


mem[X,0x80001140] -> 0x0513
mem[X,0x80001142] -> 0x3335
[1109] [M]: 0x80001140 (0x33350513) addi a0, a0, 819
x10 <- 0x33333333


mem[X,0x80001144] -> 0xB5B7
mem[X,0x80001146] -> 0xAAAA
[1110] [M]: 0x80001144 (0xAAAAB5B7) lui a1, 699051
x11 <- 0xAAAAB000


mem[X,0x80001148] -> 0x8593
mem[X,0x8000114A] -> 0xAAB5
[1111] [M]: 0x80001148 (0xAAB58593) addi a1, a1, 2731
x11 <- 0xAAAAAAAB


mem[X,0x8000114C] -> 0x4633
mem[X,0x8000114E] -> 0x02B5
[1112] [M]: 0x8000114C (0x02B54633) div a2, a0, a1
x12 <- 0x00000000


mem[X,0x80001150] -> 0xAC23
mem[X,0x80001152] -> 0x2AC0
[1113] [M]: 0x80001150 (0x2AC0AC23) sw a2, 696(ra)
mem[0x80005550] <- 0x00000000


mem[X,0x80001154] -> 0x3537
mem[X,0x80001156] -> 0x3333
[1114] [M]: 0x80001154 (0x33333537) lui a0, 209715
x10 <- 0x33333000


mem[X,0x80001158] -> 0x0513
mem[X,0x8000115A] -> 0x3335
[1115] [M]: 0x80001158 (0x33350513) addi a0, a0, 819
x10 <- 0x33333333


mem[X,0x8000115C] -> 0x0593
mem[X,0x8000115E] -> 0x0060
[1116] [M]: 0x8000115C (0x00600593) addi a1, zero, 6
x11 <- 0x00000006


mem[X,0x80001160] -> 0x4633
mem[X,0x80001162] -> 0x02B5
[1117] [M]: 0x80001160 (0x02B54633) div a2, a0, a1
x12 <- 0x08888888


mem[X,0x80001164] -> 0xAE23
mem[X,0x80001166] -> 0x2AC0
[1118] [M]: 0x80001164 (0x2AC0AE23) sw a2, 700(ra)
mem[0x80005554] <- 0x08888888


mem[X,0x80001168] -> 0x3537
mem[X,0x8000116A] -> 0x3333
[1119] [M]: 0x80001168 (0x33333537) lui a0, 209715
x10 <- 0x33333000


mem[X,0x8000116C] -> 0x0513
mem[X,0x8000116E] -> 0x3335
[1120] [M]: 0x8000116C (0x33350513) addi a0, a0, 819
x10 <- 0x33333333


mem[X,0x80001170] -> 0x35B7
mem[X,0x80001172] -> 0x3333
[1121] [M]: 0x80001170 (0x333335B7) lui a1, 209715
x11 <- 0x33333000


mem[X,0x80001174] -> 0x8593
mem[X,0x80001176] -> 0x3345
[1122] [M]: 0x80001174 (0x33458593) addi a1, a1, 820
x11 <- 0x33333334


mem[X,0x80001178] -> 0x4633
mem[X,0x8000117A] -> 0x02B5
[1123] [M]: 0x80001178 (0x02B54633) div a2, a0, a1
x12 <- 0x00000000


mem[X,0x8000117C] -> 0xA023
mem[X,0x8000117E] -> 0x2CC0
[1124] [M]: 0x8000117C (0x2CC0A023) sw a2, 704(ra)
mem[0x80005558] <- 0x00000000


mem[X,0x80001180] -> 0x3537
mem[X,0x80001182] -> 0x3333
[1125] [M]: 0x80001180 (0x33333537) lui a0, 209715
x10 <- 0x33333000


mem[X,0x80001184] -> 0x0513
mem[X,0x80001186] -> 0x3335
[1126] [M]: 0x80001184 (0x33350513) addi a0, a0, 819
x10 <- 0x33333333


mem[X,0x80001188] -> 0x65B7
mem[X,0x8000118A] -> 0x6666
[1127] [M]: 0x80001188 (0x666665B7) lui a1, 419430
x11 <- 0x66666000


mem[X,0x8000118C] -> 0x8593
mem[X,0x8000118E] -> 0x6675
[1128] [M]: 0x8000118C (0x66758593) addi a1, a1, 1639
x11 <- 0x66666667


mem[X,0x80001190] -> 0x4633
mem[X,0x80001192] -> 0x02B5
[1129] [M]: 0x80001190 (0x02B54633) div a2, a0, a1
x12 <- 0x00000000


mem[X,0x80001194] -> 0xA223
mem[X,0x80001196] -> 0x2CC0
[1130] [M]: 0x80001194 (0x2CC0A223) sw a2, 708(ra)
mem[0x8000555C] <- 0x00000000


mem[X,0x80001198] -> 0x3537
mem[X,0x8000119A] -> 0x3333
[1131] [M]: 0x80001198 (0x33333537) lui a0, 209715
x10 <- 0x33333000


mem[X,0x8000119C] -> 0x0513
mem[X,0x8000119E] -> 0x3335
[1132] [M]: 0x8000119C (0x33350513) addi a0, a0, 819
x10 <- 0x33333333


mem[X,0x800011A0] -> 0x55B7
mem[X,0x800011A2] -> 0xFFFF
[1133] [M]: 0x800011A0 (0xFFFF55B7) lui a1, 1048565
x11 <- 0xFFFF5000


mem[X,0x800011A4] -> 0x8593
mem[X,0x800011A6] -> 0xAFD5
[1134] [M]: 0x800011A4 (0xAFD58593) addi a1, a1, 2813
x11 <- 0xFFFF4AFD


mem[X,0x800011A8] -> 0x4633
mem[X,0x800011AA] -> 0x02B5
[1135] [M]: 0x800011A8 (0x02B54633) div a2, a0, a1
x12 <- 0xFFFFB797


mem[X,0x800011AC] -> 0xA423
mem[X,0x800011AE] -> 0x2CC0
[1136] [M]: 0x800011AC (0x2CC0A423) sw a2, 712(ra)
mem[0x80005560] <- 0xFFFFB797


mem[X,0x800011B0] -> 0x3537
mem[X,0x800011B2] -> 0x3333
[1137] [M]: 0x800011B0 (0x33333537) lui a0, 209715
x10 <- 0x33333000


mem[X,0x800011B4] -> 0x0513
mem[X,0x800011B6] -> 0x3335
[1138] [M]: 0x800011B4 (0x33350513) addi a0, a0, 819
x10 <- 0x33333333


mem[X,0x800011B8] -> 0xB5B7
mem[X,0x800011BA] -> 0x0000
[1139] [M]: 0x800011B8 (0x0000B5B7) lui a1, 11
x11 <- 0x0000B000


mem[X,0x800011BC] -> 0x8593
mem[X,0x800011BE] -> 0x5055
[1140] [M]: 0x800011BC (0x50558593) addi a1, a1, 1285
x11 <- 0x0000B505


mem[X,0x800011C0] -> 0x4633
mem[X,0x800011C2] -> 0x02B5
[1141] [M]: 0x800011C0 (0x02B54633) div a2, a0, a1
x12 <- 0x00004868


mem[X,0x800011C4] -> 0xA623
mem[X,0x800011C6] -> 0x2CC0
[1142] [M]: 0x800011C4 (0x2CC0A623) sw a2, 716(ra)
mem[0x80005564] <- 0x00004868


mem[X,0x800011C8] -> 0x6537
mem[X,0x800011CA] -> 0x6666
[1143] [M]: 0x800011C8 (0x66666537) lui a0, 419430
x10 <- 0x66666000


mem[X,0x800011CC] -> 0x0513
mem[X,0x800011CE] -> 0x6665
[1144] [M]: 0x800011CC (0x66650513) addi a0, a0, 1638
x10 <- 0x66666666


mem[X,0x800011D0] -> 0x0593
mem[X,0x800011D2] -> 0x0030
[1145] [M]: 0x800011D0 (0x00300593) addi a1, zero, 3
x11 <- 0x00000003


mem[X,0x800011D4] -> 0x4633
mem[X,0x800011D6] -> 0x02B5
[1146] [M]: 0x800011D4 (0x02B54633) div a2, a0, a1
x12 <- 0x22222222


mem[X,0x800011D8] -> 0xA823
mem[X,0x800011DA] -> 0x2CC0
[1147] [M]: 0x800011D8 (0x2CC0A823) sw a2, 720(ra)
mem[0x80005568] <- 0x22222222


mem[X,0x800011DC] -> 0x6537
mem[X,0x800011DE] -> 0x6666
[1148] [M]: 0x800011DC (0x66666537) lui a0, 419430
x10 <- 0x66666000


mem[X,0x800011E0] -> 0x0513
mem[X,0x800011E2] -> 0x6665
[1149] [M]: 0x800011E0 (0x66650513) addi a0, a0, 1638
x10 <- 0x66666666


mem[X,0x800011E4] -> 0x55B7
mem[X,0x800011E6] -> 0x5555
[1150] [M]: 0x800011E4 (0x555555B7) lui a1, 349525
x11 <- 0x55555000


mem[X,0x800011E8] -> 0x8593
mem[X,0x800011EA] -> 0x5555
[1151] [M]: 0x800011E8 (0x55558593) addi a1, a1, 1365
x11 <- 0x55555555


mem[X,0x800011EC] -> 0x4633
mem[X,0x800011EE] -> 0x02B5
[1152] [M]: 0x800011EC (0x02B54633) div a2, a0, a1
x12 <- 0x00000001


mem[X,0x800011F0] -> 0xAA23
mem[X,0x800011F2] -> 0x2CC0
[1153] [M]: 0x800011F0 (0x2CC0AA23) sw a2, 724(ra)
mem[0x8000556C] <- 0x00000001


mem[X,0x800011F4] -> 0x6537
mem[X,0x800011F6] -> 0x6666
[1154] [M]: 0x800011F4 (0x66666537) lui a0, 419430
x10 <- 0x66666000


mem[X,0x800011F8] -> 0x0513
mem[X,0x800011FA] -> 0x6665
[1155] [M]: 0x800011F8 (0x66650513) addi a0, a0, 1638
x10 <- 0x66666666


mem[X,0x800011FC] -> 0xB5B7
mem[X,0x800011FE] -> 0xAAAA
[1156] [M]: 0x800011FC (0xAAAAB5B7) lui a1, 699051
x11 <- 0xAAAAB000


mem[X,0x80001200] -> 0x8593
mem[X,0x80001202] -> 0xAAA5
[1157] [M]: 0x80001200 (0xAAA58593) addi a1, a1, 2730
x11 <- 0xAAAAAAAA


mem[X,0x80001204] -> 0x4633
mem[X,0x80001206] -> 0x02B5
[1158] [M]: 0x80001204 (0x02B54633) div a2, a0, a1
x12 <- 0xFFFFFFFF


mem[X,0x80001208] -> 0xAC23
mem[X,0x8000120A] -> 0x2CC0
[1159] [M]: 0x80001208 (0x2CC0AC23) sw a2, 728(ra)
mem[0x80005570] <- 0xFFFFFFFF


mem[X,0x8000120C] -> 0x6537
mem[X,0x8000120E] -> 0x6666
[1160] [M]: 0x8000120C (0x66666537) lui a0, 419430
x10 <- 0x66666000


mem[X,0x80001210] -> 0x0513
mem[X,0x80001212] -> 0x6665
[1161] [M]: 0x80001210 (0x66650513) addi a0, a0, 1638
x10 <- 0x66666666


mem[X,0x80001214] -> 0x0593
mem[X,0x80001216] -> 0x0050
[1162] [M]: 0x80001214 (0x00500593) addi a1, zero, 5
x11 <- 0x00000005


mem[X,0x80001218] -> 0x4633
mem[X,0x8000121A] -> 0x02B5
[1163] [M]: 0x80001218 (0x02B54633) div a2, a0, a1
x12 <- 0x147AE147


mem[X,0x8000121C] -> 0xAE23
mem[X,0x8000121E] -> 0x2CC0
[1164] [M]: 0x8000121C (0x2CC0AE23) sw a2, 732(ra)
mem[0x80005574] <- 0x147AE147


mem[X,0x80001220] -> 0x6537
mem[X,0x80001222] -> 0x6666
[1165] [M]: 0x80001220 (0x66666537) lui a0, 419430
x10 <- 0x66666000


mem[X,0x80001224] -> 0x0513
mem[X,0x80001226] -> 0x6665
[1166] [M]: 0x80001224 (0x66650513) addi a0, a0, 1638
x10 <- 0x66666666


mem[X,0x80001228] -> 0x35B7
mem[X,0x8000122A] -> 0x3333
[1167] [M]: 0x80001228 (0x333335B7) lui a1, 209715
x11 <- 0x33333000


mem[X,0x8000122C] -> 0x8593
mem[X,0x8000122E] -> 0x3335
[1168] [M]: 0x8000122C (0x33358593) addi a1, a1, 819
x11 <- 0x33333333


mem[X,0x80001230] -> 0x4633
mem[X,0x80001232] -> 0x02B5
[1169] [M]: 0x80001230 (0x02B54633) div a2, a0, a1
x12 <- 0x00000002


mem[X,0x80001234] -> 0xA023
mem[X,0x80001236] -> 0x2EC0
[1170] [M]: 0x80001234 (0x2EC0A023) sw a2, 736(ra)
mem[0x80005578] <- 0x00000002


mem[X,0x80001238] -> 0x6537
mem[X,0x8000123A] -> 0x6666
[1171] [M]: 0x80001238 (0x66666537) lui a0, 419430
x10 <- 0x66666000


mem[X,0x8000123C] -> 0x0513
mem[X,0x8000123E] -> 0x6665
[1172] [M]: 0x8000123C (0x66650513) addi a0, a0, 1638
x10 <- 0x66666666


mem[X,0x80001240] -> 0x65B7
mem[X,0x80001242] -> 0x6666
[1173] [M]: 0x80001240 (0x666665B7) lui a1, 419430
x11 <- 0x66666000


mem[X,0x80001244] -> 0x8593
mem[X,0x80001246] -> 0x6665
[1174] [M]: 0x80001244 (0x66658593) addi a1, a1, 1638
x11 <- 0x66666666


mem[X,0x80001248] -> 0x4633
mem[X,0x8000124A] -> 0x02B5
[1175] [M]: 0x80001248 (0x02B54633) div a2, a0, a1
x12 <- 0x00000001


mem[X,0x8000124C] -> 0xA223
mem[X,0x8000124E] -> 0x2EC0
[1176] [M]: 0x8000124C (0x2EC0A223) sw a2, 740(ra)
mem[0x8000557C] <- 0x00000001


mem[X,0x80001250] -> 0x6537
mem[X,0x80001252] -> 0x6666
[1177] [M]: 0x80001250 (0x66666537) lui a0, 419430
x10 <- 0x66666000


mem[X,0x80001254] -> 0x0513
mem[X,0x80001256] -> 0x6665
[1178] [M]: 0x80001254 (0x66650513) addi a0, a0, 1638
x10 <- 0x66666666


mem[X,0x80001258] -> 0x55B7
mem[X,0x8000125A] -> 0xFFFF
[1179] [M]: 0x80001258 (0xFFFF55B7) lui a1, 1048565
x11 <- 0xFFFF5000


mem[X,0x8000125C] -> 0x8593
mem[X,0x8000125E] -> 0xAFC5
[1180] [M]: 0x8000125C (0xAFC58593) addi a1, a1, 2812
x11 <- 0xFFFF4AFC


mem[X,0x80001260] -> 0x4633
mem[X,0x80001262] -> 0x02B5
[1181] [M]: 0x80001260 (0x02B54633) div a2, a0, a1
x12 <- 0xFFFF6F2F


mem[X,0x80001264] -> 0xA423
mem[X,0x80001266] -> 0x2EC0
[1182] [M]: 0x80001264 (0x2EC0A423) sw a2, 744(ra)
mem[0x80005580] <- 0xFFFF6F2F


mem[X,0x80001268] -> 0x6537
mem[X,0x8000126A] -> 0x6666
[1183] [M]: 0x80001268 (0x66666537) lui a0, 419430
x10 <- 0x66666000


mem[X,0x8000126C] -> 0x0513
mem[X,0x8000126E] -> 0x6665
[1184] [M]: 0x8000126C (0x66650513) addi a0, a0, 1638
x10 <- 0x66666666


mem[X,0x80001270] -> 0xB5B7
mem[X,0x80001272] -> 0x0000
[1185] [M]: 0x80001270 (0x0000B5B7) lui a1, 11
x11 <- 0x0000B000


mem[X,0x80001274] -> 0x8593
mem[X,0x80001276] -> 0x5045
[1186] [M]: 0x80001274 (0x50458593) addi a1, a1, 1284
x11 <- 0x0000B504


mem[X,0x80001278] -> 0x4633
mem[X,0x8000127A] -> 0x02B5
[1187] [M]: 0x80001278 (0x02B54633) div a2, a0, a1
x12 <- 0x000090D1


mem[X,0x8000127C] -> 0xA623
mem[X,0x8000127E] -> 0x2EC0
[1188] [M]: 0x8000127C (0x2EC0A623) sw a2, 748(ra)
mem[0x80005584] <- 0x000090D1


mem[X,0x80001280] -> 0x6537
mem[X,0x80001282] -> 0x6666
[1189] [M]: 0x80001280 (0x66666537) lui a0, 419430
x10 <- 0x66666000


mem[X,0x80001284] -> 0x0513
mem[X,0x80001286] -> 0x6665
[1190] [M]: 0x80001284 (0x66650513) addi a0, a0, 1638
x10 <- 0x66666666


mem[X,0x80001288] -> 0x0593
mem[X,0x8000128A] -> 0x0020
[1191] [M]: 0x80001288 (0x00200593) addi a1, zero, 2
x11 <- 0x00000002


mem[X,0x8000128C] -> 0x4633
mem[X,0x8000128E] -> 0x02B5
[1192] [M]: 0x8000128C (0x02B54633) div a2, a0, a1
x12 <- 0x33333333


mem[X,0x80001290] -> 0xA823
mem[X,0x80001292] -> 0x2EC0
[1193] [M]: 0x80001290 (0x2EC0A823) sw a2, 752(ra)
mem[0x80005588] <- 0x33333333


mem[X,0x80001294] -> 0x6537
mem[X,0x80001296] -> 0x6666
[1194] [M]: 0x80001294 (0x66666537) lui a0, 419430
x10 <- 0x66666000


mem[X,0x80001298] -> 0x0513
mem[X,0x8000129A] -> 0x6665
[1195] [M]: 0x80001298 (0x66650513) addi a0, a0, 1638
x10 <- 0x66666666


mem[X,0x8000129C] -> 0x55B7
mem[X,0x8000129E] -> 0x5555
[1196] [M]: 0x8000129C (0x555555B7) lui a1, 349525
x11 <- 0x55555000


mem[X,0x800012A0] -> 0x8593
mem[X,0x800012A2] -> 0x5545
[1197] [M]: 0x800012A0 (0x55458593) addi a1, a1, 1364
x11 <- 0x55555554


mem[X,0x800012A4] -> 0x4633
mem[X,0x800012A6] -> 0x02B5
[1198] [M]: 0x800012A4 (0x02B54633) div a2, a0, a1
x12 <- 0x00000001


mem[X,0x800012A8] -> 0xAA23
mem[X,0x800012AA] -> 0x2EC0
[1199] [M]: 0x800012A8 (0x2EC0AA23) sw a2, 756(ra)
mem[0x8000558C] <- 0x00000001


clint::tick mtime <- 0x000000000000000C
 clint timer pending at mtime 0x000000000000000C
htif::tick 0x0000000000000000
mem[X,0x800012AC] -> 0x6537
mem[X,0x800012AE] -> 0x6666
[1200] [M]: 0x800012AC (0x66666537) lui a0, 419430
x10 <- 0x66666000


mem[X,0x800012B0] -> 0x0513
mem[X,0x800012B2] -> 0x6665
[1201] [M]: 0x800012B0 (0x66650513) addi a0, a0, 1638
x10 <- 0x66666666


mem[X,0x800012B4] -> 0x0593
mem[X,0x800012B6] -> 0x0000
[1202] [M]: 0x800012B4 (0x00000593) addi a1, zero, 0
x11 <- 0x00000000


mem[X,0x800012B8] -> 0x4633
mem[X,0x800012BA] -> 0x02B5
[1203] [M]: 0x800012B8 (0x02B54633) div a2, a0, a1
x12 <- 0xFFFFFFFF


mem[X,0x800012BC] -> 0xAC23
mem[X,0x800012BE] -> 0x2EC0
[1204] [M]: 0x800012BC (0x2EC0AC23) sw a2, 760(ra)
mem[0x80005590] <- 0xFFFFFFFF


mem[X,0x800012C0] -> 0x6537
mem[X,0x800012C2] -> 0x6666
[1205] [M]: 0x800012C0 (0x66666537) lui a0, 419430
x10 <- 0x66666000


mem[X,0x800012C4] -> 0x0513
mem[X,0x800012C6] -> 0x6665
[1206] [M]: 0x800012C4 (0x66650513) addi a0, a0, 1638
x10 <- 0x66666666


mem[X,0x800012C8] -> 0x0593
mem[X,0x800012CA] -> 0x0040
[1207] [M]: 0x800012C8 (0x00400593) addi a1, zero, 4
x11 <- 0x00000004


mem[X,0x800012CC] -> 0x4633
mem[X,0x800012CE] -> 0x02B5
[1208] [M]: 0x800012CC (0x02B54633) div a2, a0, a1
x12 <- 0x19999999


mem[X,0x800012D0] -> 0xAE23
mem[X,0x800012D2] -> 0x2EC0
[1209] [M]: 0x800012D0 (0x2EC0AE23) sw a2, 764(ra)
mem[0x80005594] <- 0x19999999


mem[X,0x800012D4] -> 0x6537
mem[X,0x800012D6] -> 0x6666
[1210] [M]: 0x800012D4 (0x66666537) lui a0, 419430
x10 <- 0x66666000


mem[X,0x800012D8] -> 0x0513
mem[X,0x800012DA] -> 0x6665
[1211] [M]: 0x800012D8 (0x66650513) addi a0, a0, 1638
x10 <- 0x66666666


mem[X,0x800012DC] -> 0x35B7
mem[X,0x800012DE] -> 0x3333
[1212] [M]: 0x800012DC (0x333335B7) lui a1, 209715
x11 <- 0x33333000


mem[X,0x800012E0] -> 0x8593
mem[X,0x800012E2] -> 0x3325
[1213] [M]: 0x800012E0 (0x33258593) addi a1, a1, 818
x11 <- 0x33333332


mem[X,0x800012E4] -> 0x4633
mem[X,0x800012E6] -> 0x02B5
[1214] [M]: 0x800012E4 (0x02B54633) div a2, a0, a1
x12 <- 0x00000002


mem[X,0x800012E8] -> 0xA023
mem[X,0x800012EA] -> 0x30C0
[1215] [M]: 0x800012E8 (0x30C0A023) sw a2, 768(ra)
mem[0x80005598] <- 0x00000002


mem[X,0x800012EC] -> 0x6537
mem[X,0x800012EE] -> 0x6666
[1216] [M]: 0x800012EC (0x66666537) lui a0, 419430
x10 <- 0x66666000


mem[X,0x800012F0] -> 0x0513
mem[X,0x800012F2] -> 0x6665
[1217] [M]: 0x800012F0 (0x66650513) addi a0, a0, 1638
x10 <- 0x66666666


mem[X,0x800012F4] -> 0x65B7
mem[X,0x800012F6] -> 0x6666
[1218] [M]: 0x800012F4 (0x666665B7) lui a1, 419430
x11 <- 0x66666000


mem[X,0x800012F8] -> 0x8593
mem[X,0x800012FA] -> 0x6655
[1219] [M]: 0x800012F8 (0x66558593) addi a1, a1, 1637
x11 <- 0x66666665


mem[X,0x800012FC] -> 0x4633
mem[X,0x800012FE] -> 0x02B5
[1220] [M]: 0x800012FC (0x02B54633) div a2, a0, a1
x12 <- 0x00000001


mem[X,0x80001300] -> 0xA223
mem[X,0x80001302] -> 0x30C0
[1221] [M]: 0x80001300 (0x30C0A223) sw a2, 772(ra)
mem[0x8000559C] <- 0x00000001


mem[X,0x80001304] -> 0x6537
mem[X,0x80001306] -> 0x6666
[1222] [M]: 0x80001304 (0x66666537) lui a0, 419430
x10 <- 0x66666000


mem[X,0x80001308] -> 0x0513
mem[X,0x8000130A] -> 0x6665
[1223] [M]: 0x80001308 (0x66650513) addi a0, a0, 1638
x10 <- 0x66666666


mem[X,0x8000130C] -> 0xB5B7
mem[X,0x8000130E] -> 0x0000
[1224] [M]: 0x8000130C (0x0000B5B7) lui a1, 11
x11 <- 0x0000B000


mem[X,0x80001310] -> 0x8593
mem[X,0x80001312] -> 0x5035
[1225] [M]: 0x80001310 (0x50358593) addi a1, a1, 1283
x11 <- 0x0000B503


mem[X,0x80001314] -> 0x4633
mem[X,0x80001316] -> 0x02B5
[1226] [M]: 0x80001314 (0x02B54633) div a2, a0, a1
x12 <- 0x000090D2


mem[X,0x80001318] -> 0xA423
mem[X,0x8000131A] -> 0x30C0
[1227] [M]: 0x80001318 (0x30C0A423) sw a2, 776(ra)
mem[0x800055A0] <- 0x000090D2


mem[X,0x8000131C] -> 0x6537
mem[X,0x8000131E] -> 0x6666
[1228] [M]: 0x8000131C (0x66666537) lui a0, 419430
x10 <- 0x66666000


mem[X,0x80001320] -> 0x0513
mem[X,0x80001322] -> 0x6665
[1229] [M]: 0x80001320 (0x66650513) addi a0, a0, 1638
x10 <- 0x66666666


mem[X,0x80001324] -> 0x55B7
mem[X,0x80001326] -> 0x5555
[1230] [M]: 0x80001324 (0x555555B7) lui a1, 349525
x11 <- 0x55555000


mem[X,0x80001328] -> 0x8593
mem[X,0x8000132A] -> 0x5565
[1231] [M]: 0x80001328 (0x55658593) addi a1, a1, 1366
x11 <- 0x55555556


mem[X,0x8000132C] -> 0x4633
mem[X,0x8000132E] -> 0x02B5
[1232] [M]: 0x8000132C (0x02B54633) div a2, a0, a1
x12 <- 0x00000001


mem[X,0x80001330] -> 0xA623
mem[X,0x80001332] -> 0x30C0
[1233] [M]: 0x80001330 (0x30C0A623) sw a2, 780(ra)
mem[0x800055A4] <- 0x00000001


mem[X,0x80001334] -> 0x6537
mem[X,0x80001336] -> 0x6666
[1234] [M]: 0x80001334 (0x66666537) lui a0, 419430
x10 <- 0x66666000


mem[X,0x80001338] -> 0x0513
mem[X,0x8000133A] -> 0x6665
[1235] [M]: 0x80001338 (0x66650513) addi a0, a0, 1638
x10 <- 0x66666666


mem[X,0x8000133C] -> 0xB5B7
mem[X,0x8000133E] -> 0xAAAA
[1236] [M]: 0x8000133C (0xAAAAB5B7) lui a1, 699051
x11 <- 0xAAAAB000


mem[X,0x80001340] -> 0x8593
mem[X,0x80001342] -> 0xAAB5
[1237] [M]: 0x80001340 (0xAAB58593) addi a1, a1, 2731
x11 <- 0xAAAAAAAB


mem[X,0x80001344] -> 0x4633
mem[X,0x80001346] -> 0x02B5
[1238] [M]: 0x80001344 (0x02B54633) div a2, a0, a1
x12 <- 0xFFFFFFFF


mem[X,0x80001348] -> 0xA823
mem[X,0x8000134A] -> 0x30C0
[1239] [M]: 0x80001348 (0x30C0A823) sw a2, 784(ra)
mem[0x800055A8] <- 0xFFFFFFFF


mem[X,0x8000134C] -> 0x6537
mem[X,0x8000134E] -> 0x6666
[1240] [M]: 0x8000134C (0x66666537) lui a0, 419430
x10 <- 0x66666000


mem[X,0x80001350] -> 0x0513
mem[X,0x80001352] -> 0x6665
[1241] [M]: 0x80001350 (0x66650513) addi a0, a0, 1638
x10 <- 0x66666666


mem[X,0x80001354] -> 0x0593
mem[X,0x80001356] -> 0x0060
[1242] [M]: 0x80001354 (0x00600593) addi a1, zero, 6
x11 <- 0x00000006


mem[X,0x80001358] -> 0x4633
mem[X,0x8000135A] -> 0x02B5
[1243] [M]: 0x80001358 (0x02B54633) div a2, a0, a1
x12 <- 0x11111111


mem[X,0x8000135C] -> 0xAA23
mem[X,0x8000135E] -> 0x30C0
[1244] [M]: 0x8000135C (0x30C0AA23) sw a2, 788(ra)
mem[0x800055AC] <- 0x11111111


mem[X,0x80001360] -> 0x6537
mem[X,0x80001362] -> 0x6666
[1245] [M]: 0x80001360 (0x66666537) lui a0, 419430
x10 <- 0x66666000


mem[X,0x80001364] -> 0x0513
mem[X,0x80001366] -> 0x6665
[1246] [M]: 0x80001364 (0x66650513) addi a0, a0, 1638
x10 <- 0x66666666


mem[X,0x80001368] -> 0x35B7
mem[X,0x8000136A] -> 0x3333
[1247] [M]: 0x80001368 (0x333335B7) lui a1, 209715
x11 <- 0x33333000


mem[X,0x8000136C] -> 0x8593
mem[X,0x8000136E] -> 0x3345
[1248] [M]: 0x8000136C (0x33458593) addi a1, a1, 820
x11 <- 0x33333334


mem[X,0x80001370] -> 0x4633
mem[X,0x80001372] -> 0x02B5
[1249] [M]: 0x80001370 (0x02B54633) div a2, a0, a1
x12 <- 0x00000001


mem[X,0x80001374] -> 0xAC23
mem[X,0x80001376] -> 0x30C0
[1250] [M]: 0x80001374 (0x30C0AC23) sw a2, 792(ra)
mem[0x800055B0] <- 0x00000001


mem[X,0x80001378] -> 0x6537
mem[X,0x8000137A] -> 0x6666
[1251] [M]: 0x80001378 (0x66666537) lui a0, 419430
x10 <- 0x66666000


mem[X,0x8000137C] -> 0x0513
mem[X,0x8000137E] -> 0x6665
[1252] [M]: 0x8000137C (0x66650513) addi a0, a0, 1638
x10 <- 0x66666666


mem[X,0x80001380] -> 0x65B7
mem[X,0x80001382] -> 0x6666
[1253] [M]: 0x80001380 (0x666665B7) lui a1, 419430
x11 <- 0x66666000


mem[X,0x80001384] -> 0x8593
mem[X,0x80001386] -> 0x6675
[1254] [M]: 0x80001384 (0x66758593) addi a1, a1, 1639
x11 <- 0x66666667


mem[X,0x80001388] -> 0x4633
mem[X,0x8000138A] -> 0x02B5
[1255] [M]: 0x80001388 (0x02B54633) div a2, a0, a1
x12 <- 0x00000000


mem[X,0x8000138C] -> 0xAE23
mem[X,0x8000138E] -> 0x30C0
[1256] [M]: 0x8000138C (0x30C0AE23) sw a2, 796(ra)
mem[0x800055B4] <- 0x00000000


mem[X,0x80001390] -> 0x6537
mem[X,0x80001392] -> 0x6666
[1257] [M]: 0x80001390 (0x66666537) lui a0, 419430
x10 <- 0x66666000


mem[X,0x80001394] -> 0x0513
mem[X,0x80001396] -> 0x6665
[1258] [M]: 0x80001394 (0x66650513) addi a0, a0, 1638
x10 <- 0x66666666


mem[X,0x80001398] -> 0x55B7
mem[X,0x8000139A] -> 0xFFFF
[1259] [M]: 0x80001398 (0xFFFF55B7) lui a1, 1048565
x11 <- 0xFFFF5000


mem[X,0x8000139C] -> 0x8593
mem[X,0x8000139E] -> 0xAFD5
[1260] [M]: 0x8000139C (0xAFD58593) addi a1, a1, 2813
x11 <- 0xFFFF4AFD


mem[X,0x800013A0] -> 0x4633
mem[X,0x800013A2] -> 0x02B5
[1261] [M]: 0x800013A0 (0x02B54633) div a2, a0, a1
x12 <- 0xFFFF6F2E


mem[X,0x800013A4] -> 0xA023
mem[X,0x800013A6] -> 0x32C0
[1262] [M]: 0x800013A4 (0x32C0A023) sw a2, 800(ra)
mem[0x800055B8] <- 0xFFFF6F2E


mem[X,0x800013A8] -> 0x6537
mem[X,0x800013AA] -> 0x6666
[1263] [M]: 0x800013A8 (0x66666537) lui a0, 419430
x10 <- 0x66666000


mem[X,0x800013AC] -> 0x0513
mem[X,0x800013AE] -> 0x6665
[1264] [M]: 0x800013AC (0x66650513) addi a0, a0, 1638
x10 <- 0x66666666


mem[X,0x800013B0] -> 0xB5B7
mem[X,0x800013B2] -> 0x0000
[1265] [M]: 0x800013B0 (0x0000B5B7) lui a1, 11
x11 <- 0x0000B000


mem[X,0x800013B4] -> 0x8593
mem[X,0x800013B6] -> 0x5055
[1266] [M]: 0x800013B4 (0x50558593) addi a1, a1, 1285
x11 <- 0x0000B505


mem[X,0x800013B8] -> 0x4633
mem[X,0x800013BA] -> 0x02B5
[1267] [M]: 0x800013B8 (0x02B54633) div a2, a0, a1
x12 <- 0x000090D0


mem[X,0x800013BC] -> 0xA223
mem[X,0x800013BE] -> 0x32C0
[1268] [M]: 0x800013BC (0x32C0A223) sw a2, 804(ra)
mem[0x800055BC] <- 0x000090D0


mem[X,0x800013C0] -> 0x5537
mem[X,0x800013C2] -> 0xFFFF
[1269] [M]: 0x800013C0 (0xFFFF5537) lui a0, 1048565
x10 <- 0xFFFF5000


mem[X,0x800013C4] -> 0x0513
mem[X,0x800013C6] -> 0xAFC5
[1270] [M]: 0x800013C4 (0xAFC50513) addi a0, a0, 2812
x10 <- 0xFFFF4AFC


mem[X,0x800013C8] -> 0x0593
mem[X,0x800013CA] -> 0x0030
[1271] [M]: 0x800013C8 (0x00300593) addi a1, zero, 3
x11 <- 0x00000003


mem[X,0x800013CC] -> 0x4633
mem[X,0x800013CE] -> 0x02B5
[1272] [M]: 0x800013CC (0x02B54633) div a2, a0, a1
x12 <- 0xFFFFC3AA


mem[X,0x800013D0] -> 0xA423
mem[X,0x800013D2] -> 0x32C0
[1273] [M]: 0x800013D0 (0x32C0A423) sw a2, 808(ra)
mem[0x800055C0] <- 0xFFFFC3AA


mem[X,0x800013D4] -> 0x5537
mem[X,0x800013D6] -> 0xFFFF
[1274] [M]: 0x800013D4 (0xFFFF5537) lui a0, 1048565
x10 <- 0xFFFF5000


mem[X,0x800013D8] -> 0x0513
mem[X,0x800013DA] -> 0xAFC5
[1275] [M]: 0x800013D8 (0xAFC50513) addi a0, a0, 2812
x10 <- 0xFFFF4AFC


mem[X,0x800013DC] -> 0x55B7
mem[X,0x800013DE] -> 0x5555
[1276] [M]: 0x800013DC (0x555555B7) lui a1, 349525
x11 <- 0x55555000


mem[X,0x800013E0] -> 0x8593
mem[X,0x800013E2] -> 0x5555
[1277] [M]: 0x800013E0 (0x55558593) addi a1, a1, 1365
x11 <- 0x55555555


mem[X,0x800013E4] -> 0x4633
mem[X,0x800013E6] -> 0x02B5
[1278] [M]: 0x800013E4 (0x02B54633) div a2, a0, a1
x12 <- 0x00000000


mem[X,0x800013E8] -> 0xA623
mem[X,0x800013EA] -> 0x32C0
[1279] [M]: 0x800013E8 (0x32C0A623) sw a2, 812(ra)
mem[0x800055C4] <- 0x00000000


mem[X,0x800013EC] -> 0x5537
mem[X,0x800013EE] -> 0xFFFF
[1280] [M]: 0x800013EC (0xFFFF5537) lui a0, 1048565
x10 <- 0xFFFF5000


mem[X,0x800013F0] -> 0x0513
mem[X,0x800013F2] -> 0xAFC5
[1281] [M]: 0x800013F0 (0xAFC50513) addi a0, a0, 2812
x10 <- 0xFFFF4AFC


mem[X,0x800013F4] -> 0xB5B7
mem[X,0x800013F6] -> 0xAAAA
[1282] [M]: 0x800013F4 (0xAAAAB5B7) lui a1, 699051
x11 <- 0xAAAAB000


mem[X,0x800013F8] -> 0x8593
mem[X,0x800013FA] -> 0xAAA5
[1283] [M]: 0x800013F8 (0xAAA58593) addi a1, a1, 2730
x11 <- 0xAAAAAAAA


mem[X,0x800013FC] -> 0x4633
mem[X,0x800013FE] -> 0x02B5
[1284] [M]: 0x800013FC (0x02B54633) div a2, a0, a1
x12 <- 0x00000000


mem[X,0x80001400] -> 0xA823
mem[X,0x80001402] -> 0x32C0
[1285] [M]: 0x80001400 (0x32C0A823) sw a2, 816(ra)
mem[0x800055C8] <- 0x00000000


mem[X,0x80001404] -> 0x5537
mem[X,0x80001406] -> 0xFFFF
[1286] [M]: 0x80001404 (0xFFFF5537) lui a0, 1048565
x10 <- 0xFFFF5000


mem[X,0x80001408] -> 0x0513
mem[X,0x8000140A] -> 0xAFC5
[1287] [M]: 0x80001408 (0xAFC50513) addi a0, a0, 2812
x10 <- 0xFFFF4AFC


mem[X,0x8000140C] -> 0x0593
mem[X,0x8000140E] -> 0x0050
[1288] [M]: 0x8000140C (0x00500593) addi a1, zero, 5
x11 <- 0x00000005


mem[X,0x80001410] -> 0x4633
mem[X,0x80001412] -> 0x02B5
[1289] [M]: 0x80001410 (0x02B54633) div a2, a0, a1
x12 <- 0xFFFFDBCC


mem[X,0x80001414] -> 0xAA23
mem[X,0x80001416] -> 0x32C0
[1290] [M]: 0x80001414 (0x32C0AA23) sw a2, 820(ra)
mem[0x800055CC] <- 0xFFFFDBCC


mem[X,0x80001418] -> 0x5537
mem[X,0x8000141A] -> 0xFFFF
[1291] [M]: 0x80001418 (0xFFFF5537) lui a0, 1048565
x10 <- 0xFFFF5000


mem[X,0x8000141C] -> 0x0513
mem[X,0x8000141E] -> 0xAFC5
[1292] [M]: 0x8000141C (0xAFC50513) addi a0, a0, 2812
x10 <- 0xFFFF4AFC


mem[X,0x80001420] -> 0x35B7
mem[X,0x80001422] -> 0x3333
[1293] [M]: 0x80001420 (0x333335B7) lui a1, 209715
x11 <- 0x33333000


mem[X,0x80001424] -> 0x8593
mem[X,0x80001426] -> 0x3335
[1294] [M]: 0x80001424 (0x33358593) addi a1, a1, 819
x11 <- 0x33333333


mem[X,0x80001428] -> 0x4633
mem[X,0x8000142A] -> 0x02B5
[1295] [M]: 0x80001428 (0x02B54633) div a2, a0, a1
x12 <- 0x00000000


mem[X,0x8000142C] -> 0xAC23
mem[X,0x8000142E] -> 0x32C0
[1296] [M]: 0x8000142C (0x32C0AC23) sw a2, 824(ra)
mem[0x800055D0] <- 0x00000000


mem[X,0x80001430] -> 0x5537
mem[X,0x80001432] -> 0xFFFF
[1297] [M]: 0x80001430 (0xFFFF5537) lui a0, 1048565
x10 <- 0xFFFF5000


mem[X,0x80001434] -> 0x0513
mem[X,0x80001436] -> 0xAFC5
[1298] [M]: 0x80001434 (0xAFC50513) addi a0, a0, 2812
x10 <- 0xFFFF4AFC


mem[X,0x80001438] -> 0x65B7
mem[X,0x8000143A] -> 0x6666
[1299] [M]: 0x80001438 (0x666665B7) lui a1, 419430
x11 <- 0x66666000


clint::tick mtime <- 0x000000000000000D
 clint timer pending at mtime 0x000000000000000D
htif::tick 0x0000000000000000
mem[X,0x8000143C] -> 0x8593
mem[X,0x8000143E] -> 0x6665
[1300] [M]: 0x8000143C (0x66658593) addi a1, a1, 1638
x11 <- 0x66666666


mem[X,0x80001440] -> 0x4633
mem[X,0x80001442] -> 0x02B5
[1301] [M]: 0x80001440 (0x02B54633) div a2, a0, a1
x12 <- 0x00000000


mem[X,0x80001444] -> 0xAE23
mem[X,0x80001446] -> 0x32C0
[1302] [M]: 0x80001444 (0x32C0AE23) sw a2, 828(ra)
mem[0x800055D4] <- 0x00000000


mem[X,0x80001448] -> 0x5537
mem[X,0x8000144A] -> 0xFFFF
[1303] [M]: 0x80001448 (0xFFFF5537) lui a0, 1048565
x10 <- 0xFFFF5000


mem[X,0x8000144C] -> 0x0513
mem[X,0x8000144E] -> 0xAFC5
[1304] [M]: 0x8000144C (0xAFC50513) addi a0, a0, 2812
x10 <- 0xFFFF4AFC


mem[X,0x80001450] -> 0x55B7
mem[X,0x80001452] -> 0xFFFF
[1305] [M]: 0x80001450 (0xFFFF55B7) lui a1, 1048565
x11 <- 0xFFFF5000


mem[X,0x80001454] -> 0x8593
mem[X,0x80001456] -> 0xAFC5
[1306] [M]: 0x80001454 (0xAFC58593) addi a1, a1, 2812
x11 <- 0xFFFF4AFC


mem[X,0x80001458] -> 0x4633
mem[X,0x8000145A] -> 0x02B5
[1307] [M]: 0x80001458 (0x02B54633) div a2, a0, a1
x12 <- 0x00000001


mem[X,0x8000145C] -> 0xA023
mem[X,0x8000145E] -> 0x34C0
[1308] [M]: 0x8000145C (0x34C0A023) sw a2, 832(ra)
mem[0x800055D8] <- 0x00000001


mem[X,0x80001460] -> 0x5537
mem[X,0x80001462] -> 0xFFFF
[1309] [M]: 0x80001460 (0xFFFF5537) lui a0, 1048565
x10 <- 0xFFFF5000


mem[X,0x80001464] -> 0x0513
mem[X,0x80001466] -> 0xAFC5
[1310] [M]: 0x80001464 (0xAFC50513) addi a0, a0, 2812
x10 <- 0xFFFF4AFC


mem[X,0x80001468] -> 0xB5B7
mem[X,0x8000146A] -> 0x0000
[1311] [M]: 0x80001468 (0x0000B5B7) lui a1, 11
x11 <- 0x0000B000


mem[X,0x8000146C] -> 0x8593
mem[X,0x8000146E] -> 0x5045
[1312] [M]: 0x8000146C (0x50458593) addi a1, a1, 1284
x11 <- 0x0000B504


mem[X,0x80001470] -> 0x4633
mem[X,0x80001472] -> 0x02B5
[1313] [M]: 0x80001470 (0x02B54633) div a2, a0, a1
x12 <- 0xFFFFFFFF


mem[X,0x80001474] -> 0xA223
mem[X,0x80001476] -> 0x34C0
[1314] [M]: 0x80001474 (0x34C0A223) sw a2, 836(ra)
mem[0x800055DC] <- 0xFFFFFFFF


mem[X,0x80001478] -> 0x5537
mem[X,0x8000147A] -> 0xFFFF
[1315] [M]: 0x80001478 (0xFFFF5537) lui a0, 1048565
x10 <- 0xFFFF5000


mem[X,0x8000147C] -> 0x0513
mem[X,0x8000147E] -> 0xAFC5
[1316] [M]: 0x8000147C (0xAFC50513) addi a0, a0, 2812
x10 <- 0xFFFF4AFC


mem[X,0x80001480] -> 0x0593
mem[X,0x80001482] -> 0x0020
[1317] [M]: 0x80001480 (0x00200593) addi a1, zero, 2
x11 <- 0x00000002


mem[X,0x80001484] -> 0x4633
mem[X,0x80001486] -> 0x02B5
[1318] [M]: 0x80001484 (0x02B54633) div a2, a0, a1
x12 <- 0xFFFFA57E


mem[X,0x80001488] -> 0xA423
mem[X,0x8000148A] -> 0x34C0
[1319] [M]: 0x80001488 (0x34C0A423) sw a2, 840(ra)
mem[0x800055E0] <- 0xFFFFA57E


mem[X,0x8000148C] -> 0x5537
mem[X,0x8000148E] -> 0xFFFF
[1320] [M]: 0x8000148C (0xFFFF5537) lui a0, 1048565
x10 <- 0xFFFF5000


mem[X,0x80001490] -> 0x0513
mem[X,0x80001492] -> 0xAFC5
[1321] [M]: 0x80001490 (0xAFC50513) addi a0, a0, 2812
x10 <- 0xFFFF4AFC


mem[X,0x80001494] -> 0x55B7
mem[X,0x80001496] -> 0x5555
[1322] [M]: 0x80001494 (0x555555B7) lui a1, 349525
x11 <- 0x55555000


mem[X,0x80001498] -> 0x8593
mem[X,0x8000149A] -> 0x5545
[1323] [M]: 0x80001498 (0x55458593) addi a1, a1, 1364
x11 <- 0x55555554


mem[X,0x8000149C] -> 0x4633
mem[X,0x8000149E] -> 0x02B5
[1324] [M]: 0x8000149C (0x02B54633) div a2, a0, a1
x12 <- 0x00000000


mem[X,0x800014A0] -> 0xA623
mem[X,0x800014A2] -> 0x34C0
[1325] [M]: 0x800014A0 (0x34C0A623) sw a2, 844(ra)
mem[0x800055E4] <- 0x00000000


mem[X,0x800014A4] -> 0x5537
mem[X,0x800014A6] -> 0xFFFF
[1326] [M]: 0x800014A4 (0xFFFF5537) lui a0, 1048565
x10 <- 0xFFFF5000


mem[X,0x800014A8] -> 0x0513
mem[X,0x800014AA] -> 0xAFC5
[1327] [M]: 0x800014A8 (0xAFC50513) addi a0, a0, 2812
x10 <- 0xFFFF4AFC


mem[X,0x800014AC] -> 0x0593
mem[X,0x800014AE] -> 0x0000
[1328] [M]: 0x800014AC (0x00000593) addi a1, zero, 0
x11 <- 0x00000000


mem[X,0x800014B0] -> 0x4633
mem[X,0x800014B2] -> 0x02B5
[1329] [M]: 0x800014B0 (0x02B54633) div a2, a0, a1
x12 <- 0xFFFFFFFF


mem[X,0x800014B4] -> 0xA823
mem[X,0x800014B6] -> 0x34C0
[1330] [M]: 0x800014B4 (0x34C0A823) sw a2, 848(ra)
mem[0x800055E8] <- 0xFFFFFFFF


mem[X,0x800014B8] -> 0x5537
mem[X,0x800014BA] -> 0xFFFF
[1331] [M]: 0x800014B8 (0xFFFF5537) lui a0, 1048565
x10 <- 0xFFFF5000


mem[X,0x800014BC] -> 0x0513
mem[X,0x800014BE] -> 0xAFC5
[1332] [M]: 0x800014BC (0xAFC50513) addi a0, a0, 2812
x10 <- 0xFFFF4AFC


mem[X,0x800014C0] -> 0x0593
mem[X,0x800014C2] -> 0x0040
[1333] [M]: 0x800014C0 (0x00400593) addi a1, zero, 4
x11 <- 0x00000004


mem[X,0x800014C4] -> 0x4633
mem[X,0x800014C6] -> 0x02B5
[1334] [M]: 0x800014C4 (0x02B54633) div a2, a0, a1
x12 <- 0xFFFFD2BF


mem[X,0x800014C8] -> 0xAA23
mem[X,0x800014CA] -> 0x34C0
[1335] [M]: 0x800014C8 (0x34C0AA23) sw a2, 852(ra)
mem[0x800055EC] <- 0xFFFFD2BF


mem[X,0x800014CC] -> 0x5537
mem[X,0x800014CE] -> 0xFFFF
[1336] [M]: 0x800014CC (0xFFFF5537) lui a0, 1048565
x10 <- 0xFFFF5000


mem[X,0x800014D0] -> 0x0513
mem[X,0x800014D2] -> 0xAFC5
[1337] [M]: 0x800014D0 (0xAFC50513) addi a0, a0, 2812
x10 <- 0xFFFF4AFC


mem[X,0x800014D4] -> 0x35B7
mem[X,0x800014D6] -> 0x3333
[1338] [M]: 0x800014D4 (0x333335B7) lui a1, 209715
x11 <- 0x33333000


mem[X,0x800014D8] -> 0x8593
mem[X,0x800014DA] -> 0x3325
[1339] [M]: 0x800014D8 (0x33258593) addi a1, a1, 818
x11 <- 0x33333332


mem[X,0x800014DC] -> 0x4633
mem[X,0x800014DE] -> 0x02B5
[1340] [M]: 0x800014DC (0x02B54633) div a2, a0, a1
x12 <- 0x00000000


mem[X,0x800014E0] -> 0xAC23
mem[X,0x800014E2] -> 0x34C0
[1341] [M]: 0x800014E0 (0x34C0AC23) sw a2, 856(ra)
mem[0x800055F0] <- 0x00000000


mem[X,0x800014E4] -> 0x5537
mem[X,0x800014E6] -> 0xFFFF
[1342] [M]: 0x800014E4 (0xFFFF5537) lui a0, 1048565
x10 <- 0xFFFF5000


mem[X,0x800014E8] -> 0x0513
mem[X,0x800014EA] -> 0xAFC5
[1343] [M]: 0x800014E8 (0xAFC50513) addi a0, a0, 2812
x10 <- 0xFFFF4AFC


mem[X,0x800014EC] -> 0x65B7
mem[X,0x800014EE] -> 0x6666
[1344] [M]: 0x800014EC (0x666665B7) lui a1, 419430
x11 <- 0x66666000


mem[X,0x800014F0] -> 0x8593
mem[X,0x800014F2] -> 0x6655
[1345] [M]: 0x800014F0 (0x66558593) addi a1, a1, 1637
x11 <- 0x66666665


mem[X,0x800014F4] -> 0x4633
mem[X,0x800014F6] -> 0x02B5
[1346] [M]: 0x800014F4 (0x02B54633) div a2, a0, a1
x12 <- 0x00000000


mem[X,0x800014F8] -> 0xAE23
mem[X,0x800014FA] -> 0x34C0
[1347] [M]: 0x800014F8 (0x34C0AE23) sw a2, 860(ra)
mem[0x800055F4] <- 0x00000000


mem[X,0x800014FC] -> 0x5537
mem[X,0x800014FE] -> 0xFFFF
[1348] [M]: 0x800014FC (0xFFFF5537) lui a0, 1048565
x10 <- 0xFFFF5000


mem[X,0x80001500] -> 0x0513
mem[X,0x80001502] -> 0xAFC5
[1349] [M]: 0x80001500 (0xAFC50513) addi a0, a0, 2812
x10 <- 0xFFFF4AFC


mem[X,0x80001504] -> 0xB5B7
mem[X,0x80001506] -> 0x0000
[1350] [M]: 0x80001504 (0x0000B5B7) lui a1, 11
x11 <- 0x0000B000


mem[X,0x80001508] -> 0x8593
mem[X,0x8000150A] -> 0x5035
[1351] [M]: 0x80001508 (0x50358593) addi a1, a1, 1283
x11 <- 0x0000B503


mem[X,0x8000150C] -> 0x4633
mem[X,0x8000150E] -> 0x02B5
[1352] [M]: 0x8000150C (0x02B54633) div a2, a0, a1
x12 <- 0xFFFFFFFF


mem[X,0x80001510] -> 0xA023
mem[X,0x80001512] -> 0x36C0
[1353] [M]: 0x80001510 (0x36C0A023) sw a2, 864(ra)
mem[0x800055F8] <- 0xFFFFFFFF


mem[X,0x80001514] -> 0x5537
mem[X,0x80001516] -> 0xFFFF
[1354] [M]: 0x80001514 (0xFFFF5537) lui a0, 1048565
x10 <- 0xFFFF5000


mem[X,0x80001518] -> 0x0513
mem[X,0x8000151A] -> 0xAFC5
[1355] [M]: 0x80001518 (0xAFC50513) addi a0, a0, 2812
x10 <- 0xFFFF4AFC


mem[X,0x8000151C] -> 0x55B7
mem[X,0x8000151E] -> 0x5555
[1356] [M]: 0x8000151C (0x555555B7) lui a1, 349525
x11 <- 0x55555000


mem[X,0x80001520] -> 0x8593
mem[X,0x80001522] -> 0x5565
[1357] [M]: 0x80001520 (0x55658593) addi a1, a1, 1366
x11 <- 0x55555556


mem[X,0x80001524] -> 0x4633
mem[X,0x80001526] -> 0x02B5
[1358] [M]: 0x80001524 (0x02B54633) div a2, a0, a1
x12 <- 0x00000000


mem[X,0x80001528] -> 0xA223
mem[X,0x8000152A] -> 0x36C0
[1359] [M]: 0x80001528 (0x36C0A223) sw a2, 868(ra)
mem[0x800055FC] <- 0x00000000


mem[X,0x8000152C] -> 0x5537
mem[X,0x8000152E] -> 0xFFFF
[1360] [M]: 0x8000152C (0xFFFF5537) lui a0, 1048565
x10 <- 0xFFFF5000


mem[X,0x80001530] -> 0x0513
mem[X,0x80001532] -> 0xAFC5
[1361] [M]: 0x80001530 (0xAFC50513) addi a0, a0, 2812
x10 <- 0xFFFF4AFC


mem[X,0x80001534] -> 0xB5B7
mem[X,0x80001536] -> 0xAAAA
[1362] [M]: 0x80001534 (0xAAAAB5B7) lui a1, 699051
x11 <- 0xAAAAB000


mem[X,0x80001538] -> 0x8593
mem[X,0x8000153A] -> 0xAAB5
[1363] [M]: 0x80001538 (0xAAB58593) addi a1, a1, 2731
x11 <- 0xAAAAAAAB


mem[X,0x8000153C] -> 0x4633
mem[X,0x8000153E] -> 0x02B5
[1364] [M]: 0x8000153C (0x02B54633) div a2, a0, a1
x12 <- 0x00000000


mem[X,0x80001540] -> 0xA423
mem[X,0x80001542] -> 0x36C0
[1365] [M]: 0x80001540 (0x36C0A423) sw a2, 872(ra)
mem[0x80005600] <- 0x00000000


mem[X,0x80001544] -> 0x5537
mem[X,0x80001546] -> 0xFFFF
[1366] [M]: 0x80001544 (0xFFFF5537) lui a0, 1048565
x10 <- 0xFFFF5000


mem[X,0x80001548] -> 0x0513
mem[X,0x8000154A] -> 0xAFC5
[1367] [M]: 0x80001548 (0xAFC50513) addi a0, a0, 2812
x10 <- 0xFFFF4AFC


mem[X,0x8000154C] -> 0x0593
mem[X,0x8000154E] -> 0x0060
[1368] [M]: 0x8000154C (0x00600593) addi a1, zero, 6
x11 <- 0x00000006


mem[X,0x80001550] -> 0x4633
mem[X,0x80001552] -> 0x02B5
[1369] [M]: 0x80001550 (0x02B54633) div a2, a0, a1
x12 <- 0xFFFFE1D5


mem[X,0x80001554] -> 0xA623
mem[X,0x80001556] -> 0x36C0
[1370] [M]: 0x80001554 (0x36C0A623) sw a2, 876(ra)
mem[0x80005604] <- 0xFFFFE1D5


mem[X,0x80001558] -> 0x5537
mem[X,0x8000155A] -> 0xFFFF
[1371] [M]: 0x80001558 (0xFFFF5537) lui a0, 1048565
x10 <- 0xFFFF5000


mem[X,0x8000155C] -> 0x0513
mem[X,0x8000155E] -> 0xAFC5
[1372] [M]: 0x8000155C (0xAFC50513) addi a0, a0, 2812
x10 <- 0xFFFF4AFC


mem[X,0x80001560] -> 0x35B7
mem[X,0x80001562] -> 0x3333
[1373] [M]: 0x80001560 (0x333335B7) lui a1, 209715
x11 <- 0x33333000


mem[X,0x80001564] -> 0x8593
mem[X,0x80001566] -> 0x3345
[1374] [M]: 0x80001564 (0x33458593) addi a1, a1, 820
x11 <- 0x33333334


mem[X,0x80001568] -> 0x4633
mem[X,0x8000156A] -> 0x02B5
[1375] [M]: 0x80001568 (0x02B54633) div a2, a0, a1
x12 <- 0x00000000


mem[X,0x8000156C] -> 0xA823
mem[X,0x8000156E] -> 0x36C0
[1376] [M]: 0x8000156C (0x36C0A823) sw a2, 880(ra)
mem[0x80005608] <- 0x00000000


mem[X,0x80001570] -> 0x5537
mem[X,0x80001572] -> 0xFFFF
[1377] [M]: 0x80001570 (0xFFFF5537) lui a0, 1048565
x10 <- 0xFFFF5000


mem[X,0x80001574] -> 0x0513
mem[X,0x80001576] -> 0xAFC5
[1378] [M]: 0x80001574 (0xAFC50513) addi a0, a0, 2812
x10 <- 0xFFFF4AFC


mem[X,0x80001578] -> 0x65B7
mem[X,0x8000157A] -> 0x6666
[1379] [M]: 0x80001578 (0x666665B7) lui a1, 419430
x11 <- 0x66666000


mem[X,0x8000157C] -> 0x8593
mem[X,0x8000157E] -> 0x6675
[1380] [M]: 0x8000157C (0x66758593) addi a1, a1, 1639
x11 <- 0x66666667


mem[X,0x80001580] -> 0x4633
mem[X,0x80001582] -> 0x02B5
[1381] [M]: 0x80001580 (0x02B54633) div a2, a0, a1
x12 <- 0x00000000


mem[X,0x80001584] -> 0xAA23
mem[X,0x80001586] -> 0x36C0
[1382] [M]: 0x80001584 (0x36C0AA23) sw a2, 884(ra)
mem[0x8000560C] <- 0x00000000


mem[X,0x80001588] -> 0x5537
mem[X,0x8000158A] -> 0xFFFF
[1383] [M]: 0x80001588 (0xFFFF5537) lui a0, 1048565
x10 <- 0xFFFF5000


mem[X,0x8000158C] -> 0x0513
mem[X,0x8000158E] -> 0xAFC5
[1384] [M]: 0x8000158C (0xAFC50513) addi a0, a0, 2812
x10 <- 0xFFFF4AFC


mem[X,0x80001590] -> 0x55B7
mem[X,0x80001592] -> 0xFFFF
[1385] [M]: 0x80001590 (0xFFFF55B7) lui a1, 1048565
x11 <- 0xFFFF5000


mem[X,0x80001594] -> 0x8593
mem[X,0x80001596] -> 0xAFD5
[1386] [M]: 0x80001594 (0xAFD58593) addi a1, a1, 2813
x11 <- 0xFFFF4AFD


mem[X,0x80001598] -> 0x4633
mem[X,0x8000159A] -> 0x02B5
[1387] [M]: 0x80001598 (0x02B54633) div a2, a0, a1
x12 <- 0x00000001


mem[X,0x8000159C] -> 0xAC23
mem[X,0x8000159E] -> 0x36C0
[1388] [M]: 0x8000159C (0x36C0AC23) sw a2, 888(ra)
mem[0x80005610] <- 0x00000001


mem[X,0x800015A0] -> 0x5537
mem[X,0x800015A2] -> 0xFFFF
[1389] [M]: 0x800015A0 (0xFFFF5537) lui a0, 1048565
x10 <- 0xFFFF5000


mem[X,0x800015A4] -> 0x0513
mem[X,0x800015A6] -> 0xAFC5
[1390] [M]: 0x800015A4 (0xAFC50513) addi a0, a0, 2812
x10 <- 0xFFFF4AFC


mem[X,0x800015A8] -> 0xB5B7
mem[X,0x800015AA] -> 0x0000
[1391] [M]: 0x800015A8 (0x0000B5B7) lui a1, 11
x11 <- 0x0000B000


mem[X,0x800015AC] -> 0x8593
mem[X,0x800015AE] -> 0x5055
[1392] [M]: 0x800015AC (0x50558593) addi a1, a1, 1285
x11 <- 0x0000B505


mem[X,0x800015B0] -> 0x4633
mem[X,0x800015B2] -> 0x02B5
[1393] [M]: 0x800015B0 (0x02B54633) div a2, a0, a1
x12 <- 0x00000000


mem[X,0x800015B4] -> 0xAE23
mem[X,0x800015B6] -> 0x36C0
[1394] [M]: 0x800015B4 (0x36C0AE23) sw a2, 892(ra)
mem[0x80005614] <- 0x00000000


mem[X,0x800015B8] -> 0xB537
mem[X,0x800015BA] -> 0x0000
[1395] [M]: 0x800015B8 (0x0000B537) lui a0, 11
x10 <- 0x0000B000


mem[X,0x800015BC] -> 0x0513
mem[X,0x800015BE] -> 0x5045
[1396] [M]: 0x800015BC (0x50450513) addi a0, a0, 1284
x10 <- 0x0000B504


mem[X,0x800015C0] -> 0x0593
mem[X,0x800015C2] -> 0x0030
[1397] [M]: 0x800015C0 (0x00300593) addi a1, zero, 3
x11 <- 0x00000003


mem[X,0x800015C4] -> 0x4633
mem[X,0x800015C6] -> 0x02B5
[1398] [M]: 0x800015C4 (0x02B54633) div a2, a0, a1
x12 <- 0x00003C56


mem[X,0x800015C8] -> 0xA023
mem[X,0x800015CA] -> 0x38C0
[1399] [M]: 0x800015C8 (0x38C0A023) sw a2, 896(ra)
mem[0x80005618] <- 0x00003C56


clint::tick mtime <- 0x000000000000000E
 clint timer pending at mtime 0x000000000000000E
htif::tick 0x0000000000000000
mem[X,0x800015CC] -> 0xB537
mem[X,0x800015CE] -> 0x0000
[1400] [M]: 0x800015CC (0x0000B537) lui a0, 11
x10 <- 0x0000B000


mem[X,0x800015D0] -> 0x0513
mem[X,0x800015D2] -> 0x5045
[1401] [M]: 0x800015D0 (0x50450513) addi a0, a0, 1284
x10 <- 0x0000B504


mem[X,0x800015D4] -> 0x55B7
mem[X,0x800015D6] -> 0x5555
[1402] [M]: 0x800015D4 (0x555555B7) lui a1, 349525
x11 <- 0x55555000


mem[X,0x800015D8] -> 0x8593
mem[X,0x800015DA] -> 0x5555
[1403] [M]: 0x800015D8 (0x55558593) addi a1, a1, 1365
x11 <- 0x55555555


mem[X,0x800015DC] -> 0x4633
mem[X,0x800015DE] -> 0x02B5
[1404] [M]: 0x800015DC (0x02B54633) div a2, a0, a1
x12 <- 0x00000000


mem[X,0x800015E0] -> 0xA223
mem[X,0x800015E2] -> 0x38C0
[1405] [M]: 0x800015E0 (0x38C0A223) sw a2, 900(ra)
mem[0x8000561C] <- 0x00000000


mem[X,0x800015E4] -> 0xB537
mem[X,0x800015E6] -> 0x0000
[1406] [M]: 0x800015E4 (0x0000B537) lui a0, 11
x10 <- 0x0000B000


mem[X,0x800015E8] -> 0x0513
mem[X,0x800015EA] -> 0x5045
[1407] [M]: 0x800015E8 (0x50450513) addi a0, a0, 1284
x10 <- 0x0000B504


mem[X,0x800015EC] -> 0xB5B7
mem[X,0x800015EE] -> 0xAAAA
[1408] [M]: 0x800015EC (0xAAAAB5B7) lui a1, 699051
x11 <- 0xAAAAB000


mem[X,0x800015F0] -> 0x8593
mem[X,0x800015F2] -> 0xAAA5
[1409] [M]: 0x800015F0 (0xAAA58593) addi a1, a1, 2730
x11 <- 0xAAAAAAAA


mem[X,0x800015F4] -> 0x4633
mem[X,0x800015F6] -> 0x02B5
[1410] [M]: 0x800015F4 (0x02B54633) div a2, a0, a1
x12 <- 0x00000000


mem[X,0x800015F8] -> 0xA423
mem[X,0x800015FA] -> 0x38C0
[1411] [M]: 0x800015F8 (0x38C0A423) sw a2, 904(ra)
mem[0x80005620] <- 0x00000000


mem[X,0x800015FC] -> 0xB537
mem[X,0x800015FE] -> 0x0000
[1412] [M]: 0x800015FC (0x0000B537) lui a0, 11
x10 <- 0x0000B000


mem[X,0x80001600] -> 0x0513
mem[X,0x80001602] -> 0x5045
[1413] [M]: 0x80001600 (0x50450513) addi a0, a0, 1284
x10 <- 0x0000B504


mem[X,0x80001604] -> 0x0593
mem[X,0x80001606] -> 0x0050
[1414] [M]: 0x80001604 (0x00500593) addi a1, zero, 5
x11 <- 0x00000005


mem[X,0x80001608] -> 0x4633
mem[X,0x8000160A] -> 0x02B5
[1415] [M]: 0x80001608 (0x02B54633) div a2, a0, a1
x12 <- 0x00002434


mem[X,0x8000160C] -> 0xA623
mem[X,0x8000160E] -> 0x38C0
[1416] [M]: 0x8000160C (0x38C0A623) sw a2, 908(ra)
mem[0x80005624] <- 0x00002434


mem[X,0x80001610] -> 0xB537
mem[X,0x80001612] -> 0x0000
[1417] [M]: 0x80001610 (0x0000B537) lui a0, 11
x10 <- 0x0000B000


mem[X,0x80001614] -> 0x0513
mem[X,0x80001616] -> 0x5045
[1418] [M]: 0x80001614 (0x50450513) addi a0, a0, 1284
x10 <- 0x0000B504


mem[X,0x80001618] -> 0x35B7
mem[X,0x8000161A] -> 0x3333
[1419] [M]: 0x80001618 (0x333335B7) lui a1, 209715
x11 <- 0x33333000


mem[X,0x8000161C] -> 0x8593
mem[X,0x8000161E] -> 0x3335
[1420] [M]: 0x8000161C (0x33358593) addi a1, a1, 819
x11 <- 0x33333333


mem[X,0x80001620] -> 0x4633
mem[X,0x80001622] -> 0x02B5
[1421] [M]: 0x80001620 (0x02B54633) div a2, a0, a1
x12 <- 0x00000000


mem[X,0x80001624] -> 0xA823
mem[X,0x80001626] -> 0x38C0
[1422] [M]: 0x80001624 (0x38C0A823) sw a2, 912(ra)
mem[0x80005628] <- 0x00000000


mem[X,0x80001628] -> 0xB537
mem[X,0x8000162A] -> 0x0000
[1423] [M]: 0x80001628 (0x0000B537) lui a0, 11
x10 <- 0x0000B000


mem[X,0x8000162C] -> 0x0513
mem[X,0x8000162E] -> 0x5045
[1424] [M]: 0x8000162C (0x50450513) addi a0, a0, 1284
x10 <- 0x0000B504


mem[X,0x80001630] -> 0x65B7
mem[X,0x80001632] -> 0x6666
[1425] [M]: 0x80001630 (0x666665B7) lui a1, 419430
x11 <- 0x66666000


mem[X,0x80001634] -> 0x8593
mem[X,0x80001636] -> 0x6665
[1426] [M]: 0x80001634 (0x66658593) addi a1, a1, 1638
x11 <- 0x66666666


mem[X,0x80001638] -> 0x4633
mem[X,0x8000163A] -> 0x02B5
[1427] [M]: 0x80001638 (0x02B54633) div a2, a0, a1
x12 <- 0x00000000


mem[X,0x8000163C] -> 0xAA23
mem[X,0x8000163E] -> 0x38C0
[1428] [M]: 0x8000163C (0x38C0AA23) sw a2, 916(ra)
mem[0x8000562C] <- 0x00000000


mem[X,0x80001640] -> 0xB537
mem[X,0x80001642] -> 0x0000
[1429] [M]: 0x80001640 (0x0000B537) lui a0, 11
x10 <- 0x0000B000


mem[X,0x80001644] -> 0x0513
mem[X,0x80001646] -> 0x5045
[1430] [M]: 0x80001644 (0x50450513) addi a0, a0, 1284
x10 <- 0x0000B504


mem[X,0x80001648] -> 0x55B7
mem[X,0x8000164A] -> 0xFFFF
[1431] [M]: 0x80001648 (0xFFFF55B7) lui a1, 1048565
x11 <- 0xFFFF5000


mem[X,0x8000164C] -> 0x8593
mem[X,0x8000164E] -> 0xAFC5
[1432] [M]: 0x8000164C (0xAFC58593) addi a1, a1, 2812
x11 <- 0xFFFF4AFC


mem[X,0x80001650] -> 0x4633
mem[X,0x80001652] -> 0x02B5
[1433] [M]: 0x80001650 (0x02B54633) div a2, a0, a1
x12 <- 0xFFFFFFFF


mem[X,0x80001654] -> 0xAC23
mem[X,0x80001656] -> 0x38C0
[1434] [M]: 0x80001654 (0x38C0AC23) sw a2, 920(ra)
mem[0x80005630] <- 0xFFFFFFFF


mem[X,0x80001658] -> 0xB537
mem[X,0x8000165A] -> 0x0000
[1435] [M]: 0x80001658 (0x0000B537) lui a0, 11
x10 <- 0x0000B000


mem[X,0x8000165C] -> 0x0513
mem[X,0x8000165E] -> 0x5045
[1436] [M]: 0x8000165C (0x50450513) addi a0, a0, 1284
x10 <- 0x0000B504


mem[X,0x80001660] -> 0xB5B7
mem[X,0x80001662] -> 0x0000
[1437] [M]: 0x80001660 (0x0000B5B7) lui a1, 11
x11 <- 0x0000B000


mem[X,0x80001664] -> 0x8593
mem[X,0x80001666] -> 0x5045
[1438] [M]: 0x80001664 (0x50458593) addi a1, a1, 1284
x11 <- 0x0000B504


mem[X,0x80001668] -> 0x4633
mem[X,0x8000166A] -> 0x02B5
[1439] [M]: 0x80001668 (0x02B54633) div a2, a0, a1
x12 <- 0x00000001


mem[X,0x8000166C] -> 0xAE23
mem[X,0x8000166E] -> 0x38C0
[1440] [M]: 0x8000166C (0x38C0AE23) sw a2, 924(ra)
mem[0x80005634] <- 0x00000001


mem[X,0x80001670] -> 0xB537
mem[X,0x80001672] -> 0x0000
[1441] [M]: 0x80001670 (0x0000B537) lui a0, 11
x10 <- 0x0000B000


mem[X,0x80001674] -> 0x0513
mem[X,0x80001676] -> 0x5045
[1442] [M]: 0x80001674 (0x50450513) addi a0, a0, 1284
x10 <- 0x0000B504


mem[X,0x80001678] -> 0x0593
mem[X,0x8000167A] -> 0x0020
[1443] [M]: 0x80001678 (0x00200593) addi a1, zero, 2
x11 <- 0x00000002


mem[X,0x8000167C] -> 0x4633
mem[X,0x8000167E] -> 0x02B5
[1444] [M]: 0x8000167C (0x02B54633) div a2, a0, a1
x12 <- 0x00005A82


mem[X,0x80001680] -> 0xA023
mem[X,0x80001682] -> 0x3AC0
[1445] [M]: 0x80001680 (0x3AC0A023) sw a2, 928(ra)
mem[0x80005638] <- 0x00005A82


mem[X,0x80001684] -> 0xB537
mem[X,0x80001686] -> 0x0000
[1446] [M]: 0x80001684 (0x0000B537) lui a0, 11
x10 <- 0x0000B000


mem[X,0x80001688] -> 0x0513
mem[X,0x8000168A] -> 0x5045
[1447] [M]: 0x80001688 (0x50450513) addi a0, a0, 1284
x10 <- 0x0000B504


mem[X,0x8000168C] -> 0x55B7
mem[X,0x8000168E] -> 0x5555
[1448] [M]: 0x8000168C (0x555555B7) lui a1, 349525
x11 <- 0x55555000


mem[X,0x80001690] -> 0x8593
mem[X,0x80001692] -> 0x5545
[1449] [M]: 0x80001690 (0x55458593) addi a1, a1, 1364
x11 <- 0x55555554


mem[X,0x80001694] -> 0x4633
mem[X,0x80001696] -> 0x02B5
[1450] [M]: 0x80001694 (0x02B54633) div a2, a0, a1
x12 <- 0x00000000


mem[X,0x80001698] -> 0xA223
mem[X,0x8000169A] -> 0x3AC0
[1451] [M]: 0x80001698 (0x3AC0A223) sw a2, 932(ra)
mem[0x8000563C] <- 0x00000000


mem[X,0x8000169C] -> 0xB537
mem[X,0x8000169E] -> 0x0000
[1452] [M]: 0x8000169C (0x0000B537) lui a0, 11
x10 <- 0x0000B000


mem[X,0x800016A0] -> 0x0513
mem[X,0x800016A2] -> 0x5045
[1453] [M]: 0x800016A0 (0x50450513) addi a0, a0, 1284
x10 <- 0x0000B504


mem[X,0x800016A4] -> 0x0593
mem[X,0x800016A6] -> 0x0000
[1454] [M]: 0x800016A4 (0x00000593) addi a1, zero, 0
x11 <- 0x00000000


mem[X,0x800016A8] -> 0x4633
mem[X,0x800016AA] -> 0x02B5
[1455] [M]: 0x800016A8 (0x02B54633) div a2, a0, a1
x12 <- 0xFFFFFFFF


mem[X,0x800016AC] -> 0xA423
mem[X,0x800016AE] -> 0x3AC0
[1456] [M]: 0x800016AC (0x3AC0A423) sw a2, 936(ra)
mem[0x80005640] <- 0xFFFFFFFF


mem[X,0x800016B0] -> 0xB537
mem[X,0x800016B2] -> 0x0000
[1457] [M]: 0x800016B0 (0x0000B537) lui a0, 11
x10 <- 0x0000B000


mem[X,0x800016B4] -> 0x0513
mem[X,0x800016B6] -> 0x5045
[1458] [M]: 0x800016B4 (0x50450513) addi a0, a0, 1284
x10 <- 0x0000B504


mem[X,0x800016B8] -> 0x0593
mem[X,0x800016BA] -> 0x0040
[1459] [M]: 0x800016B8 (0x00400593) addi a1, zero, 4
x11 <- 0x00000004


mem[X,0x800016BC] -> 0x4633
mem[X,0x800016BE] -> 0x02B5
[1460] [M]: 0x800016BC (0x02B54633) div a2, a0, a1
x12 <- 0x00002D41


mem[X,0x800016C0] -> 0xA623
mem[X,0x800016C2] -> 0x3AC0
[1461] [M]: 0x800016C0 (0x3AC0A623) sw a2, 940(ra)
mem[0x80005644] <- 0x00002D41


mem[X,0x800016C4] -> 0xB537
mem[X,0x800016C6] -> 0x0000
[1462] [M]: 0x800016C4 (0x0000B537) lui a0, 11
x10 <- 0x0000B000


mem[X,0x800016C8] -> 0x0513
mem[X,0x800016CA] -> 0x5045
[1463] [M]: 0x800016C8 (0x50450513) addi a0, a0, 1284
x10 <- 0x0000B504


mem[X,0x800016CC] -> 0x35B7
mem[X,0x800016CE] -> 0x3333
[1464] [M]: 0x800016CC (0x333335B7) lui a1, 209715
x11 <- 0x33333000


mem[X,0x800016D0] -> 0x8593
mem[X,0x800016D2] -> 0x3325
[1465] [M]: 0x800016D0 (0x33258593) addi a1, a1, 818
x11 <- 0x33333332


mem[X,0x800016D4] -> 0x4633
mem[X,0x800016D6] -> 0x02B5
[1466] [M]: 0x800016D4 (0x02B54633) div a2, a0, a1
x12 <- 0x00000000


mem[X,0x800016D8] -> 0xA823
mem[X,0x800016DA] -> 0x3AC0
[1467] [M]: 0x800016D8 (0x3AC0A823) sw a2, 944(ra)
mem[0x80005648] <- 0x00000000


mem[X,0x800016DC] -> 0xB537
mem[X,0x800016DE] -> 0x0000
[1468] [M]: 0x800016DC (0x0000B537) lui a0, 11
x10 <- 0x0000B000


mem[X,0x800016E0] -> 0x0513
mem[X,0x800016E2] -> 0x5045
[1469] [M]: 0x800016E0 (0x50450513) addi a0, a0, 1284
x10 <- 0x0000B504


mem[X,0x800016E4] -> 0x65B7
mem[X,0x800016E6] -> 0x6666
[1470] [M]: 0x800016E4 (0x666665B7) lui a1, 419430
x11 <- 0x66666000


mem[X,0x800016E8] -> 0x8593
mem[X,0x800016EA] -> 0x6655
[1471] [M]: 0x800016E8 (0x66558593) addi a1, a1, 1637
x11 <- 0x66666665


mem[X,0x800016EC] -> 0x4633
mem[X,0x800016EE] -> 0x02B5
[1472] [M]: 0x800016EC (0x02B54633) div a2, a0, a1
x12 <- 0x00000000


mem[X,0x800016F0] -> 0xAA23
mem[X,0x800016F2] -> 0x3AC0
[1473] [M]: 0x800016F0 (0x3AC0AA23) sw a2, 948(ra)
mem[0x8000564C] <- 0x00000000


mem[X,0x800016F4] -> 0xB537
mem[X,0x800016F6] -> 0x0000
[1474] [M]: 0x800016F4 (0x0000B537) lui a0, 11
x10 <- 0x0000B000


mem[X,0x800016F8] -> 0x0513
mem[X,0x800016FA] -> 0x5045
[1475] [M]: 0x800016F8 (0x50450513) addi a0, a0, 1284
x10 <- 0x0000B504


mem[X,0x800016FC] -> 0xB5B7
mem[X,0x800016FE] -> 0x0000
[1476] [M]: 0x800016FC (0x0000B5B7) lui a1, 11
x11 <- 0x0000B000


mem[X,0x80001700] -> 0x8593
mem[X,0x80001702] -> 0x5035
[1477] [M]: 0x80001700 (0x50358593) addi a1, a1, 1283
x11 <- 0x0000B503


mem[X,0x80001704] -> 0x4633
mem[X,0x80001706] -> 0x02B5
[1478] [M]: 0x80001704 (0x02B54633) div a2, a0, a1
x12 <- 0x00000001


mem[X,0x80001708] -> 0xAC23
mem[X,0x8000170A] -> 0x3AC0
[1479] [M]: 0x80001708 (0x3AC0AC23) sw a2, 952(ra)
mem[0x80005650] <- 0x00000001


mem[X,0x8000170C] -> 0xB537
mem[X,0x8000170E] -> 0x0000
[1480] [M]: 0x8000170C (0x0000B537) lui a0, 11
x10 <- 0x0000B000


mem[X,0x80001710] -> 0x0513
mem[X,0x80001712] -> 0x5045
[1481] [M]: 0x80001710 (0x50450513) addi a0, a0, 1284
x10 <- 0x0000B504


mem[X,0x80001714] -> 0x55B7
mem[X,0x80001716] -> 0x5555
[1482] [M]: 0x80001714 (0x555555B7) lui a1, 349525
x11 <- 0x55555000


mem[X,0x80001718] -> 0x8593
mem[X,0x8000171A] -> 0x5565
[1483] [M]: 0x80001718 (0x55658593) addi a1, a1, 1366
x11 <- 0x55555556


mem[X,0x8000171C] -> 0x4633
mem[X,0x8000171E] -> 0x02B5
[1484] [M]: 0x8000171C (0x02B54633) div a2, a0, a1
x12 <- 0x00000000


mem[X,0x80001720] -> 0xAE23
mem[X,0x80001722] -> 0x3AC0
[1485] [M]: 0x80001720 (0x3AC0AE23) sw a2, 956(ra)
mem[0x80005654] <- 0x00000000


mem[X,0x80001724] -> 0xB537
mem[X,0x80001726] -> 0x0000
[1486] [M]: 0x80001724 (0x0000B537) lui a0, 11
x10 <- 0x0000B000


mem[X,0x80001728] -> 0x0513
mem[X,0x8000172A] -> 0x5045
[1487] [M]: 0x80001728 (0x50450513) addi a0, a0, 1284
x10 <- 0x0000B504


mem[X,0x8000172C] -> 0xB5B7
mem[X,0x8000172E] -> 0xAAAA
[1488] [M]: 0x8000172C (0xAAAAB5B7) lui a1, 699051
x11 <- 0xAAAAB000


mem[X,0x80001730] -> 0x8593
mem[X,0x80001732] -> 0xAAB5
[1489] [M]: 0x80001730 (0xAAB58593) addi a1, a1, 2731
x11 <- 0xAAAAAAAB


mem[X,0x80001734] -> 0x4633
mem[X,0x80001736] -> 0x02B5
[1490] [M]: 0x80001734 (0x02B54633) div a2, a0, a1
x12 <- 0x00000000


mem[X,0x80001738] -> 0xA023
mem[X,0x8000173A] -> 0x3CC0
[1491] [M]: 0x80001738 (0x3CC0A023) sw a2, 960(ra)
mem[0x80005658] <- 0x00000000


mem[X,0x8000173C] -> 0xB537
mem[X,0x8000173E] -> 0x0000
[1492] [M]: 0x8000173C (0x0000B537) lui a0, 11
x10 <- 0x0000B000


mem[X,0x80001740] -> 0x0513
mem[X,0x80001742] -> 0x5045
[1493] [M]: 0x80001740 (0x50450513) addi a0, a0, 1284
x10 <- 0x0000B504


mem[X,0x80001744] -> 0x0593
mem[X,0x80001746] -> 0x0060
[1494] [M]: 0x80001744 (0x00600593) addi a1, zero, 6
x11 <- 0x00000006


mem[X,0x80001748] -> 0x4633
mem[X,0x8000174A] -> 0x02B5
[1495] [M]: 0x80001748 (0x02B54633) div a2, a0, a1
x12 <- 0x00001E2B


mem[X,0x8000174C] -> 0xA223
mem[X,0x8000174E] -> 0x3CC0
[1496] [M]: 0x8000174C (0x3CC0A223) sw a2, 964(ra)
mem[0x8000565C] <- 0x00001E2B


mem[X,0x80001750] -> 0xB537
mem[X,0x80001752] -> 0x0000
[1497] [M]: 0x80001750 (0x0000B537) lui a0, 11
x10 <- 0x0000B000


mem[X,0x80001754] -> 0x0513
mem[X,0x80001756] -> 0x5045
[1498] [M]: 0x80001754 (0x50450513) addi a0, a0, 1284
x10 <- 0x0000B504


mem[X,0x80001758] -> 0x35B7
mem[X,0x8000175A] -> 0x3333
[1499] [M]: 0x80001758 (0x333335B7) lui a1, 209715
x11 <- 0x33333000


clint::tick mtime <- 0x000000000000000F
 clint timer pending at mtime 0x000000000000000F
htif::tick 0x0000000000000000
mem[X,0x8000175C] -> 0x8593
mem[X,0x8000175E] -> 0x3345
[1500] [M]: 0x8000175C (0x33458593) addi a1, a1, 820
x11 <- 0x33333334


mem[X,0x80001760] -> 0x4633
mem[X,0x80001762] -> 0x02B5
[1501] [M]: 0x80001760 (0x02B54633) div a2, a0, a1
x12 <- 0x00000000


mem[X,0x80001764] -> 0xA423
mem[X,0x80001766] -> 0x3CC0
[1502] [M]: 0x80001764 (0x3CC0A423) sw a2, 968(ra)
mem[0x80005660] <- 0x00000000


mem[X,0x80001768] -> 0xB537
mem[X,0x8000176A] -> 0x0000
[1503] [M]: 0x80001768 (0x0000B537) lui a0, 11
x10 <- 0x0000B000


mem[X,0x8000176C] -> 0x0513
mem[X,0x8000176E] -> 0x5045
[1504] [M]: 0x8000176C (0x50450513) addi a0, a0, 1284
x10 <- 0x0000B504


mem[X,0x80001770] -> 0x65B7
mem[X,0x80001772] -> 0x6666
[1505] [M]: 0x80001770 (0x666665B7) lui a1, 419430
x11 <- 0x66666000


mem[X,0x80001774] -> 0x8593
mem[X,0x80001776] -> 0x6675
[1506] [M]: 0x80001774 (0x66758593) addi a1, a1, 1639
x11 <- 0x66666667


mem[X,0x80001778] -> 0x4633
mem[X,0x8000177A] -> 0x02B5
[1507] [M]: 0x80001778 (0x02B54633) div a2, a0, a1
x12 <- 0x00000000


mem[X,0x8000177C] -> 0xA623
mem[X,0x8000177E] -> 0x3CC0
[1508] [M]: 0x8000177C (0x3CC0A623) sw a2, 972(ra)
mem[0x80005664] <- 0x00000000


mem[X,0x80001780] -> 0xB537
mem[X,0x80001782] -> 0x0000
[1509] [M]: 0x80001780 (0x0000B537) lui a0, 11
x10 <- 0x0000B000


mem[X,0x80001784] -> 0x0513
mem[X,0x80001786] -> 0x5045
[1510] [M]: 0x80001784 (0x50450513) addi a0, a0, 1284
x10 <- 0x0000B504


mem[X,0x80001788] -> 0x55B7
mem[X,0x8000178A] -> 0xFFFF
[1511] [M]: 0x80001788 (0xFFFF55B7) lui a1, 1048565
x11 <- 0xFFFF5000


mem[X,0x8000178C] -> 0x8593
mem[X,0x8000178E] -> 0xAFD5
[1512] [M]: 0x8000178C (0xAFD58593) addi a1, a1, 2813
x11 <- 0xFFFF4AFD


mem[X,0x80001790] -> 0x4633
mem[X,0x80001792] -> 0x02B5
[1513] [M]: 0x80001790 (0x02B54633) div a2, a0, a1
x12 <- 0xFFFFFFFF


mem[X,0x80001794] -> 0xA823
mem[X,0x80001796] -> 0x3CC0
[1514] [M]: 0x80001794 (0x3CC0A823) sw a2, 976(ra)
mem[0x80005668] <- 0xFFFFFFFF


mem[X,0x80001798] -> 0xB537
mem[X,0x8000179A] -> 0x0000
[1515] [M]: 0x80001798 (0x0000B537) lui a0, 11
x10 <- 0x0000B000


mem[X,0x8000179C] -> 0x0513
mem[X,0x8000179E] -> 0x5045
[1516] [M]: 0x8000179C (0x50450513) addi a0, a0, 1284
x10 <- 0x0000B504


mem[X,0x800017A0] -> 0xB5B7
mem[X,0x800017A2] -> 0x0000
[1517] [M]: 0x800017A0 (0x0000B5B7) lui a1, 11
x11 <- 0x0000B000


mem[X,0x800017A4] -> 0x8593
mem[X,0x800017A6] -> 0x5055
[1518] [M]: 0x800017A4 (0x50558593) addi a1, a1, 1285
x11 <- 0x0000B505


mem[X,0x800017A8] -> 0x4633
mem[X,0x800017AA] -> 0x02B5
[1519] [M]: 0x800017A8 (0x02B54633) div a2, a0, a1
x12 <- 0x00000000


mem[X,0x800017AC] -> 0xAA23
mem[X,0x800017AE] -> 0x3CC0
[1520] [M]: 0x800017AC (0x3CC0AA23) sw a2, 980(ra)
mem[0x8000566C] <- 0x00000000


mem[X,0x800017B0] -> 0x0513
mem[X,0x800017B2] -> 0x0020
[1521] [M]: 0x800017B0 (0x00200513) addi a0, zero, 2
x10 <- 0x00000002


mem[X,0x800017B4] -> 0x0593
mem[X,0x800017B6] -> 0x0030
[1522] [M]: 0x800017B4 (0x00300593) addi a1, zero, 3
x11 <- 0x00000003


mem[X,0x800017B8] -> 0x4633
mem[X,0x800017BA] -> 0x02B5
[1523] [M]: 0x800017B8 (0x02B54633) div a2, a0, a1
x12 <- 0x00000000


mem[X,0x800017BC] -> 0xAC23
mem[X,0x800017BE] -> 0x3CC0
[1524] [M]: 0x800017BC (0x3CC0AC23) sw a2, 984(ra)
mem[0x80005670] <- 0x00000000


mem[X,0x800017C0] -> 0x0513
mem[X,0x800017C2] -> 0x0020
[1525] [M]: 0x800017C0 (0x00200513) addi a0, zero, 2
x10 <- 0x00000002


mem[X,0x800017C4] -> 0x55B7
mem[X,0x800017C6] -> 0x5555
[1526] [M]: 0x800017C4 (0x555555B7) lui a1, 349525
x11 <- 0x55555000


mem[X,0x800017C8] -> 0x8593
mem[X,0x800017CA] -> 0x5555
[1527] [M]: 0x800017C8 (0x55558593) addi a1, a1, 1365
x11 <- 0x55555555


mem[X,0x800017CC] -> 0x4633
mem[X,0x800017CE] -> 0x02B5
[1528] [M]: 0x800017CC (0x02B54633) div a2, a0, a1
x12 <- 0x00000000


mem[X,0x800017D0] -> 0xAE23
mem[X,0x800017D2] -> 0x3CC0
[1529] [M]: 0x800017D0 (0x3CC0AE23) sw a2, 988(ra)
mem[0x80005674] <- 0x00000000


mem[X,0x800017D4] -> 0x0513
mem[X,0x800017D6] -> 0x0020
[1530] [M]: 0x800017D4 (0x00200513) addi a0, zero, 2
x10 <- 0x00000002


mem[X,0x800017D8] -> 0xB5B7
mem[X,0x800017DA] -> 0xAAAA
[1531] [M]: 0x800017D8 (0xAAAAB5B7) lui a1, 699051
x11 <- 0xAAAAB000


mem[X,0x800017DC] -> 0x8593
mem[X,0x800017DE] -> 0xAAA5
[1532] [M]: 0x800017DC (0xAAA58593) addi a1, a1, 2730
x11 <- 0xAAAAAAAA


mem[X,0x800017E0] -> 0x4633
mem[X,0x800017E2] -> 0x02B5
[1533] [M]: 0x800017E0 (0x02B54633) div a2, a0, a1
x12 <- 0x00000000


mem[X,0x800017E4] -> 0xA023
mem[X,0x800017E6] -> 0x3EC0
[1534] [M]: 0x800017E4 (0x3EC0A023) sw a2, 992(ra)
mem[0x80005678] <- 0x00000000


mem[X,0x800017E8] -> 0x0513
mem[X,0x800017EA] -> 0x0020
[1535] [M]: 0x800017E8 (0x00200513) addi a0, zero, 2
x10 <- 0x00000002


mem[X,0x800017EC] -> 0x0593
mem[X,0x800017EE] -> 0x0050
[1536] [M]: 0x800017EC (0x00500593) addi a1, zero, 5
x11 <- 0x00000005


mem[X,0x800017F0] -> 0x4633
mem[X,0x800017F2] -> 0x02B5
[1537] [M]: 0x800017F0 (0x02B54633) div a2, a0, a1
x12 <- 0x00000000


mem[X,0x800017F4] -> 0xA223
mem[X,0x800017F6] -> 0x3EC0
[1538] [M]: 0x800017F4 (0x3EC0A223) sw a2, 996(ra)
mem[0x8000567C] <- 0x00000000


mem[X,0x800017F8] -> 0x0513
mem[X,0x800017FA] -> 0x0020
[1539] [M]: 0x800017F8 (0x00200513) addi a0, zero, 2
x10 <- 0x00000002


mem[X,0x800017FC] -> 0x35B7
mem[X,0x800017FE] -> 0x3333
[1540] [M]: 0x800017FC (0x333335B7) lui a1, 209715
x11 <- 0x33333000


mem[X,0x80001800] -> 0x8593
mem[X,0x80001802] -> 0x3335
[1541] [M]: 0x80001800 (0x33358593) addi a1, a1, 819
x11 <- 0x33333333


mem[X,0x80001804] -> 0x4633
mem[X,0x80001806] -> 0x02B5
[1542] [M]: 0x80001804 (0x02B54633) div a2, a0, a1
x12 <- 0x00000000


mem[X,0x80001808] -> 0xA423
mem[X,0x8000180A] -> 0x3EC0
[1543] [M]: 0x80001808 (0x3EC0A423) sw a2, 1000(ra)
mem[0x80005680] <- 0x00000000


mem[X,0x8000180C] -> 0x0513
mem[X,0x8000180E] -> 0x0020
[1544] [M]: 0x8000180C (0x00200513) addi a0, zero, 2
x10 <- 0x00000002


mem[X,0x80001810] -> 0x65B7
mem[X,0x80001812] -> 0x6666
[1545] [M]: 0x80001810 (0x666665B7) lui a1, 419430
x11 <- 0x66666000


mem[X,0x80001814] -> 0x8593
mem[X,0x80001816] -> 0x6665
[1546] [M]: 0x80001814 (0x66658593) addi a1, a1, 1638
x11 <- 0x66666666


mem[X,0x80001818] -> 0x4633
mem[X,0x8000181A] -> 0x02B5
[1547] [M]: 0x80001818 (0x02B54633) div a2, a0, a1
x12 <- 0x00000000


mem[X,0x8000181C] -> 0xA623
mem[X,0x8000181E] -> 0x3EC0
[1548] [M]: 0x8000181C (0x3EC0A623) sw a2, 1004(ra)
mem[0x80005684] <- 0x00000000


mem[X,0x80001820] -> 0x0513
mem[X,0x80001822] -> 0x0020
[1549] [M]: 0x80001820 (0x00200513) addi a0, zero, 2
x10 <- 0x00000002


mem[X,0x80001824] -> 0x55B7
mem[X,0x80001826] -> 0xFFFF
[1550] [M]: 0x80001824 (0xFFFF55B7) lui a1, 1048565
x11 <- 0xFFFF5000


mem[X,0x80001828] -> 0x8593
mem[X,0x8000182A] -> 0xAFC5
[1551] [M]: 0x80001828 (0xAFC58593) addi a1, a1, 2812
x11 <- 0xFFFF4AFC


mem[X,0x8000182C] -> 0x4633
mem[X,0x8000182E] -> 0x02B5
[1552] [M]: 0x8000182C (0x02B54633) div a2, a0, a1
x12 <- 0x00000000


mem[X,0x80001830] -> 0xA823
mem[X,0x80001832] -> 0x3EC0
[1553] [M]: 0x80001830 (0x3EC0A823) sw a2, 1008(ra)
mem[0x80005688] <- 0x00000000


mem[X,0x80001834] -> 0x0513
mem[X,0x80001836] -> 0x0020
[1554] [M]: 0x80001834 (0x00200513) addi a0, zero, 2
x10 <- 0x00000002


mem[X,0x80001838] -> 0xB5B7
mem[X,0x8000183A] -> 0x0000
[1555] [M]: 0x80001838 (0x0000B5B7) lui a1, 11
x11 <- 0x0000B000


mem[X,0x8000183C] -> 0x8593
mem[X,0x8000183E] -> 0x5045
[1556] [M]: 0x8000183C (0x50458593) addi a1, a1, 1284
x11 <- 0x0000B504


mem[X,0x80001840] -> 0x4633
mem[X,0x80001842] -> 0x02B5
[1557] [M]: 0x80001840 (0x02B54633) div a2, a0, a1
x12 <- 0x00000000


mem[X,0x80001844] -> 0xAA23
mem[X,0x80001846] -> 0x3EC0
[1558] [M]: 0x80001844 (0x3EC0AA23) sw a2, 1012(ra)
mem[0x8000568C] <- 0x00000000


mem[X,0x80001848] -> 0x0513
mem[X,0x8000184A] -> 0x0020
[1559] [M]: 0x80001848 (0x00200513) addi a0, zero, 2
x10 <- 0x00000002


mem[X,0x8000184C] -> 0x0593
mem[X,0x8000184E] -> 0x0020
[1560] [M]: 0x8000184C (0x00200593) addi a1, zero, 2
x11 <- 0x00000002


mem[X,0x80001850] -> 0x4633
mem[X,0x80001852] -> 0x02B5
[1561] [M]: 0x80001850 (0x02B54633) div a2, a0, a1
x12 <- 0x00000001


mem[X,0x80001854] -> 0xAC23
mem[X,0x80001856] -> 0x3EC0
[1562] [M]: 0x80001854 (0x3EC0AC23) sw a2, 1016(ra)
mem[0x80005690] <- 0x00000001


mem[X,0x80001858] -> 0x0513
mem[X,0x8000185A] -> 0x0020
[1563] [M]: 0x80001858 (0x00200513) addi a0, zero, 2
x10 <- 0x00000002


mem[X,0x8000185C] -> 0x55B7
mem[X,0x8000185E] -> 0x5555
[1564] [M]: 0x8000185C (0x555555B7) lui a1, 349525
x11 <- 0x55555000


mem[X,0x80001860] -> 0x8593
mem[X,0x80001862] -> 0x5545
[1565] [M]: 0x80001860 (0x55458593) addi a1, a1, 1364
x11 <- 0x55555554


mem[X,0x80001864] -> 0x4633
mem[X,0x80001866] -> 0x02B5
[1566] [M]: 0x80001864 (0x02B54633) div a2, a0, a1
x12 <- 0x00000000


mem[X,0x80001868] -> 0xAE23
mem[X,0x8000186A] -> 0x3EC0
[1567] [M]: 0x80001868 (0x3EC0AE23) sw a2, 1020(ra)
mem[0x80005694] <- 0x00000000


mem[X,0x8000186C] -> 0x0513
mem[X,0x8000186E] -> 0x0020
[1568] [M]: 0x8000186C (0x00200513) addi a0, zero, 2
x10 <- 0x00000002


mem[X,0x80001870] -> 0x0593
mem[X,0x80001872] -> 0x0000
[1569] [M]: 0x80001870 (0x00000593) addi a1, zero, 0
x11 <- 0x00000000


mem[X,0x80001874] -> 0x4633
mem[X,0x80001876] -> 0x02B5
[1570] [M]: 0x80001874 (0x02B54633) div a2, a0, a1
x12 <- 0xFFFFFFFF


mem[X,0x80001878] -> 0xA023
mem[X,0x8000187A] -> 0x40C0
[1571] [M]: 0x80001878 (0x40C0A023) sw a2, 1024(ra)
mem[0x80005698] <- 0xFFFFFFFF


mem[X,0x8000187C] -> 0x0513
mem[X,0x8000187E] -> 0x0020
[1572] [M]: 0x8000187C (0x00200513) addi a0, zero, 2
x10 <- 0x00000002


mem[X,0x80001880] -> 0x0593
mem[X,0x80001882] -> 0x0040
[1573] [M]: 0x80001880 (0x00400593) addi a1, zero, 4
x11 <- 0x00000004


mem[X,0x80001884] -> 0x4633
mem[X,0x80001886] -> 0x02B5
[1574] [M]: 0x80001884 (0x02B54633) div a2, a0, a1
x12 <- 0x00000000


mem[X,0x80001888] -> 0xA223
mem[X,0x8000188A] -> 0x40C0
[1575] [M]: 0x80001888 (0x40C0A223) sw a2, 1028(ra)
mem[0x8000569C] <- 0x00000000


mem[X,0x8000188C] -> 0x0513
mem[X,0x8000188E] -> 0x0020
[1576] [M]: 0x8000188C (0x00200513) addi a0, zero, 2
x10 <- 0x00000002


mem[X,0x80001890] -> 0x35B7
mem[X,0x80001892] -> 0x3333
[1577] [M]: 0x80001890 (0x333335B7) lui a1, 209715
x11 <- 0x33333000


mem[X,0x80001894] -> 0x8593
mem[X,0x80001896] -> 0x3325
[1578] [M]: 0x80001894 (0x33258593) addi a1, a1, 818
x11 <- 0x33333332


mem[X,0x80001898] -> 0x4633
mem[X,0x8000189A] -> 0x02B5
[1579] [M]: 0x80001898 (0x02B54633) div a2, a0, a1
x12 <- 0x00000000


mem[X,0x8000189C] -> 0xA423
mem[X,0x8000189E] -> 0x40C0
[1580] [M]: 0x8000189C (0x40C0A423) sw a2, 1032(ra)
mem[0x800056A0] <- 0x00000000


mem[X,0x800018A0] -> 0x0513
mem[X,0x800018A2] -> 0x0020
[1581] [M]: 0x800018A0 (0x00200513) addi a0, zero, 2
x10 <- 0x00000002


mem[X,0x800018A4] -> 0x65B7
mem[X,0x800018A6] -> 0x6666
[1582] [M]: 0x800018A4 (0x666665B7) lui a1, 419430
x11 <- 0x66666000


mem[X,0x800018A8] -> 0x8593
mem[X,0x800018AA] -> 0x6655
[1583] [M]: 0x800018A8 (0x66558593) addi a1, a1, 1637
x11 <- 0x66666665


mem[X,0x800018AC] -> 0x4633
mem[X,0x800018AE] -> 0x02B5
[1584] [M]: 0x800018AC (0x02B54633) div a2, a0, a1
x12 <- 0x00000000


mem[X,0x800018B0] -> 0xA623
mem[X,0x800018B2] -> 0x40C0
[1585] [M]: 0x800018B0 (0x40C0A623) sw a2, 1036(ra)
mem[0x800056A4] <- 0x00000000


mem[X,0x800018B4] -> 0x0513
mem[X,0x800018B6] -> 0x0020
[1586] [M]: 0x800018B4 (0x00200513) addi a0, zero, 2
x10 <- 0x00000002


mem[X,0x800018B8] -> 0xB5B7
mem[X,0x800018BA] -> 0x0000
[1587] [M]: 0x800018B8 (0x0000B5B7) lui a1, 11
x11 <- 0x0000B000


mem[X,0x800018BC] -> 0x8593
mem[X,0x800018BE] -> 0x5035
[1588] [M]: 0x800018BC (0x50358593) addi a1, a1, 1283
x11 <- 0x0000B503


mem[X,0x800018C0] -> 0x4633
mem[X,0x800018C2] -> 0x02B5
[1589] [M]: 0x800018C0 (0x02B54633) div a2, a0, a1
x12 <- 0x00000000


mem[X,0x800018C4] -> 0xA823
mem[X,0x800018C6] -> 0x40C0
[1590] [M]: 0x800018C4 (0x40C0A823) sw a2, 1040(ra)
mem[0x800056A8] <- 0x00000000


mem[X,0x800018C8] -> 0x0513
mem[X,0x800018CA] -> 0x0020
[1591] [M]: 0x800018C8 (0x00200513) addi a0, zero, 2
x10 <- 0x00000002


mem[X,0x800018CC] -> 0x55B7
mem[X,0x800018CE] -> 0x5555
[1592] [M]: 0x800018CC (0x555555B7) lui a1, 349525
x11 <- 0x55555000


mem[X,0x800018D0] -> 0x8593
mem[X,0x800018D2] -> 0x5565
[1593] [M]: 0x800018D0 (0x55658593) addi a1, a1, 1366
x11 <- 0x55555556


mem[X,0x800018D4] -> 0x4633
mem[X,0x800018D6] -> 0x02B5
[1594] [M]: 0x800018D4 (0x02B54633) div a2, a0, a1
x12 <- 0x00000000


mem[X,0x800018D8] -> 0xAA23
mem[X,0x800018DA] -> 0x40C0
[1595] [M]: 0x800018D8 (0x40C0AA23) sw a2, 1044(ra)
mem[0x800056AC] <- 0x00000000


mem[X,0x800018DC] -> 0x0513
mem[X,0x800018DE] -> 0x0020
[1596] [M]: 0x800018DC (0x00200513) addi a0, zero, 2
x10 <- 0x00000002


mem[X,0x800018E0] -> 0xB5B7
mem[X,0x800018E2] -> 0xAAAA
[1597] [M]: 0x800018E0 (0xAAAAB5B7) lui a1, 699051
x11 <- 0xAAAAB000


mem[X,0x800018E4] -> 0x8593
mem[X,0x800018E6] -> 0xAAB5
[1598] [M]: 0x800018E4 (0xAAB58593) addi a1, a1, 2731
x11 <- 0xAAAAAAAB


mem[X,0x800018E8] -> 0x4633
mem[X,0x800018EA] -> 0x02B5
[1599] [M]: 0x800018E8 (0x02B54633) div a2, a0, a1
x12 <- 0x00000000


clint::tick mtime <- 0x0000000000000010
 clint timer pending at mtime 0x0000000000000010
htif::tick 0x0000000000000000
mem[X,0x800018EC] -> 0xAC23
mem[X,0x800018EE] -> 0x40C0
[1600] [M]: 0x800018EC (0x40C0AC23) sw a2, 1048(ra)
mem[0x800056B0] <- 0x00000000


mem[X,0x800018F0] -> 0x0513
mem[X,0x800018F2] -> 0x0020
[1601] [M]: 0x800018F0 (0x00200513) addi a0, zero, 2
x10 <- 0x00000002


mem[X,0x800018F4] -> 0x0593
mem[X,0x800018F6] -> 0x0060
[1602] [M]: 0x800018F4 (0x00600593) addi a1, zero, 6
x11 <- 0x00000006


mem[X,0x800018F8] -> 0x4633
mem[X,0x800018FA] -> 0x02B5
[1603] [M]: 0x800018F8 (0x02B54633) div a2, a0, a1
x12 <- 0x00000000


mem[X,0x800018FC] -> 0xAE23
mem[X,0x800018FE] -> 0x40C0
[1604] [M]: 0x800018FC (0x40C0AE23) sw a2, 1052(ra)
mem[0x800056B4] <- 0x00000000


mem[X,0x80001900] -> 0x0513
mem[X,0x80001902] -> 0x0020
[1605] [M]: 0x80001900 (0x00200513) addi a0, zero, 2
x10 <- 0x00000002


mem[X,0x80001904] -> 0x35B7
mem[X,0x80001906] -> 0x3333
[1606] [M]: 0x80001904 (0x333335B7) lui a1, 209715
x11 <- 0x33333000


mem[X,0x80001908] -> 0x8593
mem[X,0x8000190A] -> 0x3345
[1607] [M]: 0x80001908 (0x33458593) addi a1, a1, 820
x11 <- 0x33333334


mem[X,0x8000190C] -> 0x4633
mem[X,0x8000190E] -> 0x02B5
[1608] [M]: 0x8000190C (0x02B54633) div a2, a0, a1
x12 <- 0x00000000


mem[X,0x80001910] -> 0xA023
mem[X,0x80001912] -> 0x42C0
[1609] [M]: 0x80001910 (0x42C0A023) sw a2, 1056(ra)
mem[0x800056B8] <- 0x00000000


mem[X,0x80001914] -> 0x0513
mem[X,0x80001916] -> 0x0020
[1610] [M]: 0x80001914 (0x00200513) addi a0, zero, 2
x10 <- 0x00000002


mem[X,0x80001918] -> 0x65B7
mem[X,0x8000191A] -> 0x6666
[1611] [M]: 0x80001918 (0x666665B7) lui a1, 419430
x11 <- 0x66666000


mem[X,0x8000191C] -> 0x8593
mem[X,0x8000191E] -> 0x6675
[1612] [M]: 0x8000191C (0x66758593) addi a1, a1, 1639
x11 <- 0x66666667


mem[X,0x80001920] -> 0x4633
mem[X,0x80001922] -> 0x02B5
[1613] [M]: 0x80001920 (0x02B54633) div a2, a0, a1
x12 <- 0x00000000


mem[X,0x80001924] -> 0xA223
mem[X,0x80001926] -> 0x42C0
[1614] [M]: 0x80001924 (0x42C0A223) sw a2, 1060(ra)
mem[0x800056BC] <- 0x00000000


mem[X,0x80001928] -> 0x0513
mem[X,0x8000192A] -> 0x0020
[1615] [M]: 0x80001928 (0x00200513) addi a0, zero, 2
x10 <- 0x00000002


mem[X,0x8000192C] -> 0x55B7
mem[X,0x8000192E] -> 0xFFFF
[1616] [M]: 0x8000192C (0xFFFF55B7) lui a1, 1048565
x11 <- 0xFFFF5000


mem[X,0x80001930] -> 0x8593
mem[X,0x80001932] -> 0xAFD5
[1617] [M]: 0x80001930 (0xAFD58593) addi a1, a1, 2813
x11 <- 0xFFFF4AFD


mem[X,0x80001934] -> 0x4633
mem[X,0x80001936] -> 0x02B5
[1618] [M]: 0x80001934 (0x02B54633) div a2, a0, a1
x12 <- 0x00000000


mem[X,0x80001938] -> 0xA423
mem[X,0x8000193A] -> 0x42C0
[1619] [M]: 0x80001938 (0x42C0A423) sw a2, 1064(ra)
mem[0x800056C0] <- 0x00000000


mem[X,0x8000193C] -> 0x0513
mem[X,0x8000193E] -> 0x0020
[1620] [M]: 0x8000193C (0x00200513) addi a0, zero, 2
x10 <- 0x00000002


mem[X,0x80001940] -> 0xB5B7
mem[X,0x80001942] -> 0x0000
[1621] [M]: 0x80001940 (0x0000B5B7) lui a1, 11
x11 <- 0x0000B000


mem[X,0x80001944] -> 0x8593
mem[X,0x80001946] -> 0x5055
[1622] [M]: 0x80001944 (0x50558593) addi a1, a1, 1285
x11 <- 0x0000B505


mem[X,0x80001948] -> 0x4633
mem[X,0x8000194A] -> 0x02B5
[1623] [M]: 0x80001948 (0x02B54633) div a2, a0, a1
x12 <- 0x00000000


mem[X,0x8000194C] -> 0xA623
mem[X,0x8000194E] -> 0x42C0
[1624] [M]: 0x8000194C (0x42C0A623) sw a2, 1068(ra)
mem[0x800056C4] <- 0x00000000


mem[X,0x80001950] -> 0x5537
mem[X,0x80001952] -> 0x5555
[1625] [M]: 0x80001950 (0x55555537) lui a0, 349525
x10 <- 0x55555000


mem[X,0x80001954] -> 0x0513
mem[X,0x80001956] -> 0x5545
[1626] [M]: 0x80001954 (0x55450513) addi a0, a0, 1364
x10 <- 0x55555554


mem[X,0x80001958] -> 0x0593
mem[X,0x8000195A] -> 0x0030
[1627] [M]: 0x80001958 (0x00300593) addi a1, zero, 3
x11 <- 0x00000003


mem[X,0x8000195C] -> 0x4633
mem[X,0x8000195E] -> 0x02B5
[1628] [M]: 0x8000195C (0x02B54633) div a2, a0, a1
x12 <- 0x1C71C71C


mem[X,0x80001960] -> 0xA823
mem[X,0x80001962] -> 0x42C0
[1629] [M]: 0x80001960 (0x42C0A823) sw a2, 1072(ra)
mem[0x800056C8] <- 0x1C71C71C


mem[X,0x80001964] -> 0x5537
mem[X,0x80001966] -> 0x5555
[1630] [M]: 0x80001964 (0x55555537) lui a0, 349525
x10 <- 0x55555000


mem[X,0x80001968] -> 0x0513
mem[X,0x8000196A] -> 0x5545
[1631] [M]: 0x80001968 (0x55450513) addi a0, a0, 1364
x10 <- 0x55555554


mem[X,0x8000196C] -> 0x55B7
mem[X,0x8000196E] -> 0x5555
[1632] [M]: 0x8000196C (0x555555B7) lui a1, 349525
x11 <- 0x55555000


mem[X,0x80001970] -> 0x8593
mem[X,0x80001972] -> 0x5555
[1633] [M]: 0x80001970 (0x55558593) addi a1, a1, 1365
x11 <- 0x55555555


mem[X,0x80001974] -> 0x4633
mem[X,0x80001976] -> 0x02B5
[1634] [M]: 0x80001974 (0x02B54633) div a2, a0, a1
x12 <- 0x00000000


mem[X,0x80001978] -> 0xAA23
mem[X,0x8000197A] -> 0x42C0
[1635] [M]: 0x80001978 (0x42C0AA23) sw a2, 1076(ra)
mem[0x800056CC] <- 0x00000000


mem[X,0x8000197C] -> 0x5537
mem[X,0x8000197E] -> 0x5555
[1636] [M]: 0x8000197C (0x55555537) lui a0, 349525
x10 <- 0x55555000


mem[X,0x80001980] -> 0x0513
mem[X,0x80001982] -> 0x5545
[1637] [M]: 0x80001980 (0x55450513) addi a0, a0, 1364
x10 <- 0x55555554


mem[X,0x80001984] -> 0xB5B7
mem[X,0x80001986] -> 0xAAAA
[1638] [M]: 0x80001984 (0xAAAAB5B7) lui a1, 699051
x11 <- 0xAAAAB000


mem[X,0x80001988] -> 0x8593
mem[X,0x8000198A] -> 0xAAA5
[1639] [M]: 0x80001988 (0xAAA58593) addi a1, a1, 2730
x11 <- 0xAAAAAAAA


mem[X,0x8000198C] -> 0x4633
mem[X,0x8000198E] -> 0x02B5
[1640] [M]: 0x8000198C (0x02B54633) div a2, a0, a1
x12 <- 0x00000000


mem[X,0x80001990] -> 0xAC23
mem[X,0x80001992] -> 0x42C0
[1641] [M]: 0x80001990 (0x42C0AC23) sw a2, 1080(ra)
mem[0x800056D0] <- 0x00000000


mem[X,0x80001994] -> 0x5537
mem[X,0x80001996] -> 0x5555
[1642] [M]: 0x80001994 (0x55555537) lui a0, 349525
x10 <- 0x55555000


mem[X,0x80001998] -> 0x0513
mem[X,0x8000199A] -> 0x5545
[1643] [M]: 0x80001998 (0x55450513) addi a0, a0, 1364
x10 <- 0x55555554


mem[X,0x8000199C] -> 0x0593
mem[X,0x8000199E] -> 0x0050
[1644] [M]: 0x8000199C (0x00500593) addi a1, zero, 5
x11 <- 0x00000005


mem[X,0x800019A0] -> 0x4633
mem[X,0x800019A2] -> 0x02B5
[1645] [M]: 0x800019A0 (0x02B54633) div a2, a0, a1
x12 <- 0x11111110


mem[X,0x800019A4] -> 0xAE23
mem[X,0x800019A6] -> 0x42C0
[1646] [M]: 0x800019A4 (0x42C0AE23) sw a2, 1084(ra)
mem[0x800056D4] <- 0x11111110


mem[X,0x800019A8] -> 0x5537
mem[X,0x800019AA] -> 0x5555
[1647] [M]: 0x800019A8 (0x55555537) lui a0, 349525
x10 <- 0x55555000


mem[X,0x800019AC] -> 0x0513
mem[X,0x800019AE] -> 0x5545
[1648] [M]: 0x800019AC (0x55450513) addi a0, a0, 1364
x10 <- 0x55555554


mem[X,0x800019B0] -> 0x35B7
mem[X,0x800019B2] -> 0x3333
[1649] [M]: 0x800019B0 (0x333335B7) lui a1, 209715
x11 <- 0x33333000


mem[X,0x800019B4] -> 0x8593
mem[X,0x800019B6] -> 0x3335
[1650] [M]: 0x800019B4 (0x33358593) addi a1, a1, 819
x11 <- 0x33333333


mem[X,0x800019B8] -> 0x4633
mem[X,0x800019BA] -> 0x02B5
[1651] [M]: 0x800019B8 (0x02B54633) div a2, a0, a1
x12 <- 0x00000001


mem[X,0x800019BC] -> 0xA023
mem[X,0x800019BE] -> 0x44C0
[1652] [M]: 0x800019BC (0x44C0A023) sw a2, 1088(ra)
mem[0x800056D8] <- 0x00000001


mem[X,0x800019C0] -> 0x5537
mem[X,0x800019C2] -> 0x5555
[1653] [M]: 0x800019C0 (0x55555537) lui a0, 349525
x10 <- 0x55555000


mem[X,0x800019C4] -> 0x0513
mem[X,0x800019C6] -> 0x5545
[1654] [M]: 0x800019C4 (0x55450513) addi a0, a0, 1364
x10 <- 0x55555554


mem[X,0x800019C8] -> 0x65B7
mem[X,0x800019CA] -> 0x6666
[1655] [M]: 0x800019C8 (0x666665B7) lui a1, 419430
x11 <- 0x66666000


mem[X,0x800019CC] -> 0x8593
mem[X,0x800019CE] -> 0x6665
[1656] [M]: 0x800019CC (0x66658593) addi a1, a1, 1638
x11 <- 0x66666666


mem[X,0x800019D0] -> 0x4633
mem[X,0x800019D2] -> 0x02B5
[1657] [M]: 0x800019D0 (0x02B54633) div a2, a0, a1
x12 <- 0x00000000


mem[X,0x800019D4] -> 0xA223
mem[X,0x800019D6] -> 0x44C0
[1658] [M]: 0x800019D4 (0x44C0A223) sw a2, 1092(ra)
mem[0x800056DC] <- 0x00000000


mem[X,0x800019D8] -> 0x5537
mem[X,0x800019DA] -> 0x5555
[1659] [M]: 0x800019D8 (0x55555537) lui a0, 349525
x10 <- 0x55555000


mem[X,0x800019DC] -> 0x0513
mem[X,0x800019DE] -> 0x5545
[1660] [M]: 0x800019DC (0x55450513) addi a0, a0, 1364
x10 <- 0x55555554


mem[X,0x800019E0] -> 0x55B7
mem[X,0x800019E2] -> 0xFFFF
[1661] [M]: 0x800019E0 (0xFFFF55B7) lui a1, 1048565
x11 <- 0xFFFF5000


mem[X,0x800019E4] -> 0x8593
mem[X,0x800019E6] -> 0xAFC5
[1662] [M]: 0x800019E4 (0xAFC58593) addi a1, a1, 2812
x11 <- 0xFFFF4AFC


mem[X,0x800019E8] -> 0x4633
mem[X,0x800019EA] -> 0x02B5
[1663] [M]: 0x800019E8 (0x02B54633) div a2, a0, a1
x12 <- 0xFFFF8752


mem[X,0x800019EC] -> 0xA423
mem[X,0x800019EE] -> 0x44C0
[1664] [M]: 0x800019EC (0x44C0A423) sw a2, 1096(ra)
mem[0x800056E0] <- 0xFFFF8752


mem[X,0x800019F0] -> 0x5537
mem[X,0x800019F2] -> 0x5555
[1665] [M]: 0x800019F0 (0x55555537) lui a0, 349525
x10 <- 0x55555000


mem[X,0x800019F4] -> 0x0513
mem[X,0x800019F6] -> 0x5545
[1666] [M]: 0x800019F4 (0x55450513) addi a0, a0, 1364
x10 <- 0x55555554


mem[X,0x800019F8] -> 0xB5B7
mem[X,0x800019FA] -> 0x0000
[1667] [M]: 0x800019F8 (0x0000B5B7) lui a1, 11
x11 <- 0x0000B000


mem[X,0x800019FC] -> 0x8593
mem[X,0x800019FE] -> 0x5045
[1668] [M]: 0x800019FC (0x50458593) addi a1, a1, 1284
x11 <- 0x0000B504


mem[X,0x80001A00] -> 0x4633
mem[X,0x80001A02] -> 0x02B5
[1669] [M]: 0x80001A00 (0x02B54633) div a2, a0, a1
x12 <- 0x000078AE


mem[X,0x80001A04] -> 0xA623
mem[X,0x80001A06] -> 0x44C0
[1670] [M]: 0x80001A04 (0x44C0A623) sw a2, 1100(ra)
mem[0x800056E4] <- 0x000078AE


mem[X,0x80001A08] -> 0x5537
mem[X,0x80001A0A] -> 0x5555
[1671] [M]: 0x80001A08 (0x55555537) lui a0, 349525
x10 <- 0x55555000


mem[X,0x80001A0C] -> 0x0513
mem[X,0x80001A0E] -> 0x5545
[1672] [M]: 0x80001A0C (0x55450513) addi a0, a0, 1364
x10 <- 0x55555554


mem[X,0x80001A10] -> 0x0593
mem[X,0x80001A12] -> 0x0020
[1673] [M]: 0x80001A10 (0x00200593) addi a1, zero, 2
x11 <- 0x00000002


mem[X,0x80001A14] -> 0x4633
mem[X,0x80001A16] -> 0x02B5
[1674] [M]: 0x80001A14 (0x02B54633) div a2, a0, a1
x12 <- 0x2AAAAAAA


mem[X,0x80001A18] -> 0xA823
mem[X,0x80001A1A] -> 0x44C0
[1675] [M]: 0x80001A18 (0x44C0A823) sw a2, 1104(ra)
mem[0x800056E8] <- 0x2AAAAAAA


mem[X,0x80001A1C] -> 0x5537
mem[X,0x80001A1E] -> 0x5555
[1676] [M]: 0x80001A1C (0x55555537) lui a0, 349525
x10 <- 0x55555000


mem[X,0x80001A20] -> 0x0513
mem[X,0x80001A22] -> 0x5545
[1677] [M]: 0x80001A20 (0x55450513) addi a0, a0, 1364
x10 <- 0x55555554


mem[X,0x80001A24] -> 0x55B7
mem[X,0x80001A26] -> 0x5555
[1678] [M]: 0x80001A24 (0x555555B7) lui a1, 349525
x11 <- 0x55555000


mem[X,0x80001A28] -> 0x8593
mem[X,0x80001A2A] -> 0x5545
[1679] [M]: 0x80001A28 (0x55458593) addi a1, a1, 1364
x11 <- 0x55555554


mem[X,0x80001A2C] -> 0x4633
mem[X,0x80001A2E] -> 0x02B5
[1680] [M]: 0x80001A2C (0x02B54633) div a2, a0, a1
x12 <- 0x00000001


mem[X,0x80001A30] -> 0xAA23
mem[X,0x80001A32] -> 0x44C0
[1681] [M]: 0x80001A30 (0x44C0AA23) sw a2, 1108(ra)
mem[0x800056EC] <- 0x00000001


mem[X,0x80001A34] -> 0x5537
mem[X,0x80001A36] -> 0x5555
[1682] [M]: 0x80001A34 (0x55555537) lui a0, 349525
x10 <- 0x55555000


mem[X,0x80001A38] -> 0x0513
mem[X,0x80001A3A] -> 0x5545
[1683] [M]: 0x80001A38 (0x55450513) addi a0, a0, 1364
x10 <- 0x55555554


mem[X,0x80001A3C] -> 0x0593
mem[X,0x80001A3E] -> 0x0000
[1684] [M]: 0x80001A3C (0x00000593) addi a1, zero, 0
x11 <- 0x00000000


mem[X,0x80001A40] -> 0x4633
mem[X,0x80001A42] -> 0x02B5
[1685] [M]: 0x80001A40 (0x02B54633) div a2, a0, a1
x12 <- 0xFFFFFFFF


mem[X,0x80001A44] -> 0xAC23
mem[X,0x80001A46] -> 0x44C0
[1686] [M]: 0x80001A44 (0x44C0AC23) sw a2, 1112(ra)
mem[0x800056F0] <- 0xFFFFFFFF


mem[X,0x80001A48] -> 0x5537
mem[X,0x80001A4A] -> 0x5555
[1687] [M]: 0x80001A48 (0x55555537) lui a0, 349525
x10 <- 0x55555000


mem[X,0x80001A4C] -> 0x0513
mem[X,0x80001A4E] -> 0x5545
[1688] [M]: 0x80001A4C (0x55450513) addi a0, a0, 1364
x10 <- 0x55555554


mem[X,0x80001A50] -> 0x0593
mem[X,0x80001A52] -> 0x0040
[1689] [M]: 0x80001A50 (0x00400593) addi a1, zero, 4
x11 <- 0x00000004


mem[X,0x80001A54] -> 0x4633
mem[X,0x80001A56] -> 0x02B5
[1690] [M]: 0x80001A54 (0x02B54633) div a2, a0, a1
x12 <- 0x15555555


mem[X,0x80001A58] -> 0xAE23
mem[X,0x80001A5A] -> 0x44C0
[1691] [M]: 0x80001A58 (0x44C0AE23) sw a2, 1116(ra)
mem[0x800056F4] <- 0x15555555


mem[X,0x80001A5C] -> 0x5537
mem[X,0x80001A5E] -> 0x5555
[1692] [M]: 0x80001A5C (0x55555537) lui a0, 349525
x10 <- 0x55555000


mem[X,0x80001A60] -> 0x0513
mem[X,0x80001A62] -> 0x5545
[1693] [M]: 0x80001A60 (0x55450513) addi a0, a0, 1364
x10 <- 0x55555554


mem[X,0x80001A64] -> 0x35B7
mem[X,0x80001A66] -> 0x3333
[1694] [M]: 0x80001A64 (0x333335B7) lui a1, 209715
x11 <- 0x33333000


mem[X,0x80001A68] -> 0x8593
mem[X,0x80001A6A] -> 0x3325
[1695] [M]: 0x80001A68 (0x33258593) addi a1, a1, 818
x11 <- 0x33333332


mem[X,0x80001A6C] -> 0x4633
mem[X,0x80001A6E] -> 0x02B5
[1696] [M]: 0x80001A6C (0x02B54633) div a2, a0, a1
x12 <- 0x00000001


mem[X,0x80001A70] -> 0xA023
mem[X,0x80001A72] -> 0x46C0
[1697] [M]: 0x80001A70 (0x46C0A023) sw a2, 1120(ra)
mem[0x800056F8] <- 0x00000001


mem[X,0x80001A74] -> 0x5537
mem[X,0x80001A76] -> 0x5555
[1698] [M]: 0x80001A74 (0x55555537) lui a0, 349525
x10 <- 0x55555000


mem[X,0x80001A78] -> 0x0513
mem[X,0x80001A7A] -> 0x5545
[1699] [M]: 0x80001A78 (0x55450513) addi a0, a0, 1364
x10 <- 0x55555554


clint::tick mtime <- 0x0000000000000011
 clint timer pending at mtime 0x0000000000000011
htif::tick 0x0000000000000000
mem[X,0x80001A7C] -> 0x65B7
mem[X,0x80001A7E] -> 0x6666
[1700] [M]: 0x80001A7C (0x666665B7) lui a1, 419430
x11 <- 0x66666000


mem[X,0x80001A80] -> 0x8593
mem[X,0x80001A82] -> 0x6655
[1701] [M]: 0x80001A80 (0x66558593) addi a1, a1, 1637
x11 <- 0x66666665


mem[X,0x80001A84] -> 0x4633
mem[X,0x80001A86] -> 0x02B5
[1702] [M]: 0x80001A84 (0x02B54633) div a2, a0, a1
x12 <- 0x00000000


mem[X,0x80001A88] -> 0xA223
mem[X,0x80001A8A] -> 0x46C0
[1703] [M]: 0x80001A88 (0x46C0A223) sw a2, 1124(ra)
mem[0x800056FC] <- 0x00000000


mem[X,0x80001A8C] -> 0x5537
mem[X,0x80001A8E] -> 0x5555
[1704] [M]: 0x80001A8C (0x55555537) lui a0, 349525
x10 <- 0x55555000


mem[X,0x80001A90] -> 0x0513
mem[X,0x80001A92] -> 0x5545
[1705] [M]: 0x80001A90 (0x55450513) addi a0, a0, 1364
x10 <- 0x55555554


mem[X,0x80001A94] -> 0xB5B7
mem[X,0x80001A96] -> 0x0000
[1706] [M]: 0x80001A94 (0x0000B5B7) lui a1, 11
x11 <- 0x0000B000


mem[X,0x80001A98] -> 0x8593
mem[X,0x80001A9A] -> 0x5035
[1707] [M]: 0x80001A98 (0x50358593) addi a1, a1, 1283
x11 <- 0x0000B503


mem[X,0x80001A9C] -> 0x4633
mem[X,0x80001A9E] -> 0x02B5
[1708] [M]: 0x80001A9C (0x02B54633) div a2, a0, a1
x12 <- 0x000078AF


mem[X,0x80001AA0] -> 0xA423
mem[X,0x80001AA2] -> 0x46C0
[1709] [M]: 0x80001AA0 (0x46C0A423) sw a2, 1128(ra)
mem[0x80005700] <- 0x000078AF


mem[X,0x80001AA4] -> 0x5537
mem[X,0x80001AA6] -> 0x5555
[1710] [M]: 0x80001AA4 (0x55555537) lui a0, 349525
x10 <- 0x55555000


mem[X,0x80001AA8] -> 0x0513
mem[X,0x80001AAA] -> 0x5545
[1711] [M]: 0x80001AA8 (0x55450513) addi a0, a0, 1364
x10 <- 0x55555554


mem[X,0x80001AAC] -> 0x55B7
mem[X,0x80001AAE] -> 0x5555
[1712] [M]: 0x80001AAC (0x555555B7) lui a1, 349525
x11 <- 0x55555000


mem[X,0x80001AB0] -> 0x8593
mem[X,0x80001AB2] -> 0x5565
[1713] [M]: 0x80001AB0 (0x55658593) addi a1, a1, 1366
x11 <- 0x55555556


mem[X,0x80001AB4] -> 0x4633
mem[X,0x80001AB6] -> 0x02B5
[1714] [M]: 0x80001AB4 (0x02B54633) div a2, a0, a1
x12 <- 0x00000000


mem[X,0x80001AB8] -> 0xA623
mem[X,0x80001ABA] -> 0x46C0
[1715] [M]: 0x80001AB8 (0x46C0A623) sw a2, 1132(ra)
mem[0x80005704] <- 0x00000000


mem[X,0x80001ABC] -> 0x5537
mem[X,0x80001ABE] -> 0x5555
[1716] [M]: 0x80001ABC (0x55555537) lui a0, 349525
x10 <- 0x55555000


mem[X,0x80001AC0] -> 0x0513
mem[X,0x80001AC2] -> 0x5545
[1717] [M]: 0x80001AC0 (0x55450513) addi a0, a0, 1364
x10 <- 0x55555554


mem[X,0x80001AC4] -> 0xB5B7
mem[X,0x80001AC6] -> 0xAAAA
[1718] [M]: 0x80001AC4 (0xAAAAB5B7) lui a1, 699051
x11 <- 0xAAAAB000


mem[X,0x80001AC8] -> 0x8593
mem[X,0x80001ACA] -> 0xAAB5
[1719] [M]: 0x80001AC8 (0xAAB58593) addi a1, a1, 2731
x11 <- 0xAAAAAAAB


mem[X,0x80001ACC] -> 0x4633
mem[X,0x80001ACE] -> 0x02B5
[1720] [M]: 0x80001ACC (0x02B54633) div a2, a0, a1
x12 <- 0x00000000


mem[X,0x80001AD0] -> 0xA823
mem[X,0x80001AD2] -> 0x46C0
[1721] [M]: 0x80001AD0 (0x46C0A823) sw a2, 1136(ra)
mem[0x80005708] <- 0x00000000


mem[X,0x80001AD4] -> 0x5537
mem[X,0x80001AD6] -> 0x5555
[1722] [M]: 0x80001AD4 (0x55555537) lui a0, 349525
x10 <- 0x55555000


mem[X,0x80001AD8] -> 0x0513
mem[X,0x80001ADA] -> 0x5545
[1723] [M]: 0x80001AD8 (0x55450513) addi a0, a0, 1364
x10 <- 0x55555554


mem[X,0x80001ADC] -> 0x0593
mem[X,0x80001ADE] -> 0x0060
[1724] [M]: 0x80001ADC (0x00600593) addi a1, zero, 6
x11 <- 0x00000006


mem[X,0x80001AE0] -> 0x4633
mem[X,0x80001AE2] -> 0x02B5
[1725] [M]: 0x80001AE0 (0x02B54633) div a2, a0, a1
x12 <- 0x0E38E38E


mem[X,0x80001AE4] -> 0xAA23
mem[X,0x80001AE6] -> 0x46C0
[1726] [M]: 0x80001AE4 (0x46C0AA23) sw a2, 1140(ra)
mem[0x8000570C] <- 0x0E38E38E


mem[X,0x80001AE8] -> 0x5537
mem[X,0x80001AEA] -> 0x5555
[1727] [M]: 0x80001AE8 (0x55555537) lui a0, 349525
x10 <- 0x55555000


mem[X,0x80001AEC] -> 0x0513
mem[X,0x80001AEE] -> 0x5545
[1728] [M]: 0x80001AEC (0x55450513) addi a0, a0, 1364
x10 <- 0x55555554


mem[X,0x80001AF0] -> 0x35B7
mem[X,0x80001AF2] -> 0x3333
[1729] [M]: 0x80001AF0 (0x333335B7) lui a1, 209715
x11 <- 0x33333000


mem[X,0x80001AF4] -> 0x8593
mem[X,0x80001AF6] -> 0x3345
[1730] [M]: 0x80001AF4 (0x33458593) addi a1, a1, 820
x11 <- 0x33333334


mem[X,0x80001AF8] -> 0x4633
mem[X,0x80001AFA] -> 0x02B5
[1731] [M]: 0x80001AF8 (0x02B54633) div a2, a0, a1
x12 <- 0x00000001


mem[X,0x80001AFC] -> 0xAC23
mem[X,0x80001AFE] -> 0x46C0
[1732] [M]: 0x80001AFC (0x46C0AC23) sw a2, 1144(ra)
mem[0x80005710] <- 0x00000001


mem[X,0x80001B00] -> 0x5537
mem[X,0x80001B02] -> 0x5555
[1733] [M]: 0x80001B00 (0x55555537) lui a0, 349525
x10 <- 0x55555000


mem[X,0x80001B04] -> 0x0513
mem[X,0x80001B06] -> 0x5545
[1734] [M]: 0x80001B04 (0x55450513) addi a0, a0, 1364
x10 <- 0x55555554


mem[X,0x80001B08] -> 0x65B7
mem[X,0x80001B0A] -> 0x6666
[1735] [M]: 0x80001B08 (0x666665B7) lui a1, 419430
x11 <- 0x66666000


mem[X,0x80001B0C] -> 0x8593
mem[X,0x80001B0E] -> 0x6675
[1736] [M]: 0x80001B0C (0x66758593) addi a1, a1, 1639
x11 <- 0x66666667


mem[X,0x80001B10] -> 0x4633
mem[X,0x80001B12] -> 0x02B5
[1737] [M]: 0x80001B10 (0x02B54633) div a2, a0, a1
x12 <- 0x00000000


mem[X,0x80001B14] -> 0xAE23
mem[X,0x80001B16] -> 0x46C0
[1738] [M]: 0x80001B14 (0x46C0AE23) sw a2, 1148(ra)
mem[0x80005714] <- 0x00000000


mem[X,0x80001B18] -> 0x5537
mem[X,0x80001B1A] -> 0x5555
[1739] [M]: 0x80001B18 (0x55555537) lui a0, 349525
x10 <- 0x55555000


mem[X,0x80001B1C] -> 0x0513
mem[X,0x80001B1E] -> 0x5545
[1740] [M]: 0x80001B1C (0x55450513) addi a0, a0, 1364
x10 <- 0x55555554


mem[X,0x80001B20] -> 0x55B7
mem[X,0x80001B22] -> 0xFFFF
[1741] [M]: 0x80001B20 (0xFFFF55B7) lui a1, 1048565
x11 <- 0xFFFF5000


mem[X,0x80001B24] -> 0x8593
mem[X,0x80001B26] -> 0xAFD5
[1742] [M]: 0x80001B24 (0xAFD58593) addi a1, a1, 2813
x11 <- 0xFFFF4AFD


mem[X,0x80001B28] -> 0x4633
mem[X,0x80001B2A] -> 0x02B5
[1743] [M]: 0x80001B28 (0x02B54633) div a2, a0, a1
x12 <- 0xFFFF8751


mem[X,0x80001B2C] -> 0xA023
mem[X,0x80001B2E] -> 0x48C0
[1744] [M]: 0x80001B2C (0x48C0A023) sw a2, 1152(ra)
mem[0x80005718] <- 0xFFFF8751


mem[X,0x80001B30] -> 0x5537
mem[X,0x80001B32] -> 0x5555
[1745] [M]: 0x80001B30 (0x55555537) lui a0, 349525
x10 <- 0x55555000


mem[X,0x80001B34] -> 0x0513
mem[X,0x80001B36] -> 0x5545
[1746] [M]: 0x80001B34 (0x55450513) addi a0, a0, 1364
x10 <- 0x55555554


mem[X,0x80001B38] -> 0xB5B7
mem[X,0x80001B3A] -> 0x0000
[1747] [M]: 0x80001B38 (0x0000B5B7) lui a1, 11
x11 <- 0x0000B000


mem[X,0x80001B3C] -> 0x8593
mem[X,0x80001B3E] -> 0x5055
[1748] [M]: 0x80001B3C (0x50558593) addi a1, a1, 1285
x11 <- 0x0000B505


mem[X,0x80001B40] -> 0x4633
mem[X,0x80001B42] -> 0x02B5
[1749] [M]: 0x80001B40 (0x02B54633) div a2, a0, a1
x12 <- 0x000078AD


mem[X,0x80001B44] -> 0xA223
mem[X,0x80001B46] -> 0x48C0
[1750] [M]: 0x80001B44 (0x48C0A223) sw a2, 1156(ra)
mem[0x8000571C] <- 0x000078AD


mem[X,0x80001B48] -> 0x0513
mem[X,0x80001B4A] -> 0x0000
[1751] [M]: 0x80001B48 (0x00000513) addi a0, zero, 0
x10 <- 0x00000000


mem[X,0x80001B4C] -> 0x0593
mem[X,0x80001B4E] -> 0x0030
[1752] [M]: 0x80001B4C (0x00300593) addi a1, zero, 3
x11 <- 0x00000003


mem[X,0x80001B50] -> 0x4633
mem[X,0x80001B52] -> 0x02B5
[1753] [M]: 0x80001B50 (0x02B54633) div a2, a0, a1
x12 <- 0x00000000


mem[X,0x80001B54] -> 0xA423
mem[X,0x80001B56] -> 0x48C0
[1754] [M]: 0x80001B54 (0x48C0A423) sw a2, 1160(ra)
mem[0x80005720] <- 0x00000000


mem[X,0x80001B58] -> 0x0513
mem[X,0x80001B5A] -> 0x0000
[1755] [M]: 0x80001B58 (0x00000513) addi a0, zero, 0
x10 <- 0x00000000


mem[X,0x80001B5C] -> 0x55B7
mem[X,0x80001B5E] -> 0x5555
[1756] [M]: 0x80001B5C (0x555555B7) lui a1, 349525
x11 <- 0x55555000


mem[X,0x80001B60] -> 0x8593
mem[X,0x80001B62] -> 0x5555
[1757] [M]: 0x80001B60 (0x55558593) addi a1, a1, 1365
x11 <- 0x55555555


mem[X,0x80001B64] -> 0x4633
mem[X,0x80001B66] -> 0x02B5
[1758] [M]: 0x80001B64 (0x02B54633) div a2, a0, a1
x12 <- 0x00000000


mem[X,0x80001B68] -> 0xA623
mem[X,0x80001B6A] -> 0x48C0
[1759] [M]: 0x80001B68 (0x48C0A623) sw a2, 1164(ra)
mem[0x80005724] <- 0x00000000


mem[X,0x80001B6C] -> 0x0513
mem[X,0x80001B6E] -> 0x0000
[1760] [M]: 0x80001B6C (0x00000513) addi a0, zero, 0
x10 <- 0x00000000


mem[X,0x80001B70] -> 0xB5B7
mem[X,0x80001B72] -> 0xAAAA
[1761] [M]: 0x80001B70 (0xAAAAB5B7) lui a1, 699051
x11 <- 0xAAAAB000


mem[X,0x80001B74] -> 0x8593
mem[X,0x80001B76] -> 0xAAA5
[1762] [M]: 0x80001B74 (0xAAA58593) addi a1, a1, 2730
x11 <- 0xAAAAAAAA


mem[X,0x80001B78] -> 0x4633
mem[X,0x80001B7A] -> 0x02B5
[1763] [M]: 0x80001B78 (0x02B54633) div a2, a0, a1
x12 <- 0x00000000


mem[X,0x80001B7C] -> 0xA823
mem[X,0x80001B7E] -> 0x48C0
[1764] [M]: 0x80001B7C (0x48C0A823) sw a2, 1168(ra)
mem[0x80005728] <- 0x00000000


mem[X,0x80001B80] -> 0x0513
mem[X,0x80001B82] -> 0x0000
[1765] [M]: 0x80001B80 (0x00000513) addi a0, zero, 0
x10 <- 0x00000000


mem[X,0x80001B84] -> 0x0593
mem[X,0x80001B86] -> 0x0050
[1766] [M]: 0x80001B84 (0x00500593) addi a1, zero, 5
x11 <- 0x00000005


mem[X,0x80001B88] -> 0x4633
mem[X,0x80001B8A] -> 0x02B5
[1767] [M]: 0x80001B88 (0x02B54633) div a2, a0, a1
x12 <- 0x00000000


mem[X,0x80001B8C] -> 0xAA23
mem[X,0x80001B8E] -> 0x48C0
[1768] [M]: 0x80001B8C (0x48C0AA23) sw a2, 1172(ra)
mem[0x8000572C] <- 0x00000000


mem[X,0x80001B90] -> 0x0513
mem[X,0x80001B92] -> 0x0000
[1769] [M]: 0x80001B90 (0x00000513) addi a0, zero, 0
x10 <- 0x00000000


mem[X,0x80001B94] -> 0x35B7
mem[X,0x80001B96] -> 0x3333
[1770] [M]: 0x80001B94 (0x333335B7) lui a1, 209715
x11 <- 0x33333000


mem[X,0x80001B98] -> 0x8593
mem[X,0x80001B9A] -> 0x3335
[1771] [M]: 0x80001B98 (0x33358593) addi a1, a1, 819
x11 <- 0x33333333


mem[X,0x80001B9C] -> 0x4633
mem[X,0x80001B9E] -> 0x02B5
[1772] [M]: 0x80001B9C (0x02B54633) div a2, a0, a1
x12 <- 0x00000000


mem[X,0x80001BA0] -> 0xAC23
mem[X,0x80001BA2] -> 0x48C0
[1773] [M]: 0x80001BA0 (0x48C0AC23) sw a2, 1176(ra)
mem[0x80005730] <- 0x00000000


mem[X,0x80001BA4] -> 0x0513
mem[X,0x80001BA6] -> 0x0000
[1774] [M]: 0x80001BA4 (0x00000513) addi a0, zero, 0
x10 <- 0x00000000


mem[X,0x80001BA8] -> 0x65B7
mem[X,0x80001BAA] -> 0x6666
[1775] [M]: 0x80001BA8 (0x666665B7) lui a1, 419430
x11 <- 0x66666000


mem[X,0x80001BAC] -> 0x8593
mem[X,0x80001BAE] -> 0x6665
[1776] [M]: 0x80001BAC (0x66658593) addi a1, a1, 1638
x11 <- 0x66666666


mem[X,0x80001BB0] -> 0x4633
mem[X,0x80001BB2] -> 0x02B5
[1777] [M]: 0x80001BB0 (0x02B54633) div a2, a0, a1
x12 <- 0x00000000


mem[X,0x80001BB4] -> 0xAE23
mem[X,0x80001BB6] -> 0x48C0
[1778] [M]: 0x80001BB4 (0x48C0AE23) sw a2, 1180(ra)
mem[0x80005734] <- 0x00000000


mem[X,0x80001BB8] -> 0x0513
mem[X,0x80001BBA] -> 0x0000
[1779] [M]: 0x80001BB8 (0x00000513) addi a0, zero, 0
x10 <- 0x00000000


mem[X,0x80001BBC] -> 0x55B7
mem[X,0x80001BBE] -> 0xFFFF
[1780] [M]: 0x80001BBC (0xFFFF55B7) lui a1, 1048565
x11 <- 0xFFFF5000


mem[X,0x80001BC0] -> 0x8593
mem[X,0x80001BC2] -> 0xAFC5
[1781] [M]: 0x80001BC0 (0xAFC58593) addi a1, a1, 2812
x11 <- 0xFFFF4AFC


mem[X,0x80001BC4] -> 0x4633
mem[X,0x80001BC6] -> 0x02B5
[1782] [M]: 0x80001BC4 (0x02B54633) div a2, a0, a1
x12 <- 0x00000000


mem[X,0x80001BC8] -> 0xA023
mem[X,0x80001BCA] -> 0x4AC0
[1783] [M]: 0x80001BC8 (0x4AC0A023) sw a2, 1184(ra)
mem[0x80005738] <- 0x00000000


mem[X,0x80001BCC] -> 0x0513
mem[X,0x80001BCE] -> 0x0000
[1784] [M]: 0x80001BCC (0x00000513) addi a0, zero, 0
x10 <- 0x00000000


mem[X,0x80001BD0] -> 0xB5B7
mem[X,0x80001BD2] -> 0x0000
[1785] [M]: 0x80001BD0 (0x0000B5B7) lui a1, 11
x11 <- 0x0000B000


mem[X,0x80001BD4] -> 0x8593
mem[X,0x80001BD6] -> 0x5045
[1786] [M]: 0x80001BD4 (0x50458593) addi a1, a1, 1284
x11 <- 0x0000B504


mem[X,0x80001BD8] -> 0x4633
mem[X,0x80001BDA] -> 0x02B5
[1787] [M]: 0x80001BD8 (0x02B54633) div a2, a0, a1
x12 <- 0x00000000


mem[X,0x80001BDC] -> 0xA223
mem[X,0x80001BDE] -> 0x4AC0
[1788] [M]: 0x80001BDC (0x4AC0A223) sw a2, 1188(ra)
mem[0x8000573C] <- 0x00000000


mem[X,0x80001BE0] -> 0x0513
mem[X,0x80001BE2] -> 0x0000
[1789] [M]: 0x80001BE0 (0x00000513) addi a0, zero, 0
x10 <- 0x00000000


mem[X,0x80001BE4] -> 0x0593
mem[X,0x80001BE6] -> 0x0020
[1790] [M]: 0x80001BE4 (0x00200593) addi a1, zero, 2
x11 <- 0x00000002


mem[X,0x80001BE8] -> 0x4633
mem[X,0x80001BEA] -> 0x02B5
[1791] [M]: 0x80001BE8 (0x02B54633) div a2, a0, a1
x12 <- 0x00000000


mem[X,0x80001BEC] -> 0xA423
mem[X,0x80001BEE] -> 0x4AC0
[1792] [M]: 0x80001BEC (0x4AC0A423) sw a2, 1192(ra)
mem[0x80005740] <- 0x00000000


mem[X,0x80001BF0] -> 0xB537
mem[X,0x80001BF2] -> 0xAAAA
[1793] [M]: 0x80001BF0 (0xAAAAB537) lui a0, 699051
x10 <- 0xAAAAB000


mem[X,0x80001BF4] -> 0x0513
mem[X,0x80001BF6] -> 0xAAB5
[1794] [M]: 0x80001BF4 (0xAAB50513) addi a0, a0, 2731
x10 <- 0xAAAAAAAB


mem[X,0x80001BF8] -> 0xB5B7
mem[X,0x80001BFA] -> 0xAAAA
[1795] [M]: 0x80001BF8 (0xAAAAB5B7) lui a1, 699051
x11 <- 0xAAAAB000


mem[X,0x80001BFC] -> 0x8593
mem[X,0x80001BFE] -> 0xAAB5
[1796] [M]: 0x80001BFC (0xAAB58593) addi a1, a1, 2731
x11 <- 0xAAAAAAAB


mem[X,0x80001C00] -> 0x4633
mem[X,0x80001C02] -> 0x02B5
[1797] [M]: 0x80001C00 (0x02B54633) div a2, a0, a1
x12 <- 0x00000001


mem[X,0x80001C04] -> 0xA623
mem[X,0x80001C06] -> 0x4AC0
[1798] [M]: 0x80001C04 (0x4AC0A623) sw a2, 1196(ra)
mem[0x80005744] <- 0x00000001


mem[X,0x80001C08] -> 0xB537
mem[X,0x80001C0A] -> 0xAAAA
[1799] [M]: 0x80001C08 (0xAAAAB537) lui a0, 699051
x10 <- 0xAAAAB000


clint::tick mtime <- 0x0000000000000012
 clint timer pending at mtime 0x0000000000000012
htif::tick 0x0000000000000000
mem[X,0x80001C0C] -> 0x0513
mem[X,0x80001C0E] -> 0xAAB5
[1800] [M]: 0x80001C0C (0xAAB50513) addi a0, a0, 2731
x10 <- 0xAAAAAAAB


mem[X,0x80001C10] -> 0x0593
mem[X,0x80001C12] -> 0x0060
[1801] [M]: 0x80001C10 (0x00600593) addi a1, zero, 6
x11 <- 0x00000006


mem[X,0x80001C14] -> 0x4633
mem[X,0x80001C16] -> 0x02B5
[1802] [M]: 0x80001C14 (0x02B54633) div a2, a0, a1
x12 <- 0xF1C71C72


mem[X,0x80001C18] -> 0xA823
mem[X,0x80001C1A] -> 0x4AC0
[1803] [M]: 0x80001C18 (0x4AC0A823) sw a2, 1200(ra)
mem[0x80005748] <- 0xF1C71C72


mem[X,0x80001C1C] -> 0xB537
mem[X,0x80001C1E] -> 0xAAAA
[1804] [M]: 0x80001C1C (0xAAAAB537) lui a0, 699051
x10 <- 0xAAAAB000


mem[X,0x80001C20] -> 0x0513
mem[X,0x80001C22] -> 0xAAB5
[1805] [M]: 0x80001C20 (0xAAB50513) addi a0, a0, 2731
x10 <- 0xAAAAAAAB


mem[X,0x80001C24] -> 0x35B7
mem[X,0x80001C26] -> 0x3333
[1806] [M]: 0x80001C24 (0x333335B7) lui a1, 209715
x11 <- 0x33333000


mem[X,0x80001C28] -> 0x8593
mem[X,0x80001C2A] -> 0x3345
[1807] [M]: 0x80001C28 (0x33458593) addi a1, a1, 820
x11 <- 0x33333334


mem[X,0x80001C2C] -> 0x4633
mem[X,0x80001C2E] -> 0x02B5
[1808] [M]: 0x80001C2C (0x02B54633) div a2, a0, a1
x12 <- 0xFFFFFFFF


mem[X,0x80001C30] -> 0xAA23
mem[X,0x80001C32] -> 0x4AC0
[1809] [M]: 0x80001C30 (0x4AC0AA23) sw a2, 1204(ra)
mem[0x8000574C] <- 0xFFFFFFFF


mem[X,0x80001C34] -> 0xB537
mem[X,0x80001C36] -> 0xAAAA
[1810] [M]: 0x80001C34 (0xAAAAB537) lui a0, 699051
x10 <- 0xAAAAB000


mem[X,0x80001C38] -> 0x0513
mem[X,0x80001C3A] -> 0xAAB5
[1811] [M]: 0x80001C38 (0xAAB50513) addi a0, a0, 2731
x10 <- 0xAAAAAAAB


mem[X,0x80001C3C] -> 0x65B7
mem[X,0x80001C3E] -> 0x6666
[1812] [M]: 0x80001C3C (0x666665B7) lui a1, 419430
x11 <- 0x66666000


mem[X,0x80001C40] -> 0x8593
mem[X,0x80001C42] -> 0x6675
[1813] [M]: 0x80001C40 (0x66758593) addi a1, a1, 1639
x11 <- 0x66666667


mem[X,0x80001C44] -> 0x4633
mem[X,0x80001C46] -> 0x02B5
[1814] [M]: 0x80001C44 (0x02B54633) div a2, a0, a1
x12 <- 0x00000000


mem[X,0x80001C48] -> 0xAC23
mem[X,0x80001C4A] -> 0x4AC0
[1815] [M]: 0x80001C48 (0x4AC0AC23) sw a2, 1208(ra)
mem[0x80005750] <- 0x00000000


mem[X,0x80001C4C] -> 0xB537
mem[X,0x80001C4E] -> 0xAAAA
[1816] [M]: 0x80001C4C (0xAAAAB537) lui a0, 699051
x10 <- 0xAAAAB000


mem[X,0x80001C50] -> 0x0513
mem[X,0x80001C52] -> 0xAAB5
[1817] [M]: 0x80001C50 (0xAAB50513) addi a0, a0, 2731
x10 <- 0xAAAAAAAB


mem[X,0x80001C54] -> 0x55B7
mem[X,0x80001C56] -> 0xFFFF
[1818] [M]: 0x80001C54 (0xFFFF55B7) lui a1, 1048565
x11 <- 0xFFFF5000


mem[X,0x80001C58] -> 0x8593
mem[X,0x80001C5A] -> 0xAFD5
[1819] [M]: 0x80001C58 (0xAFD58593) addi a1, a1, 2813
x11 <- 0xFFFF4AFD


mem[X,0x80001C5C] -> 0x4633
mem[X,0x80001C5E] -> 0x02B5
[1820] [M]: 0x80001C5C (0x02B54633) div a2, a0, a1
x12 <- 0x000078AF


mem[X,0x80001C60] -> 0xAE23
mem[X,0x80001C62] -> 0x4AC0
[1821] [M]: 0x80001C60 (0x4AC0AE23) sw a2, 1212(ra)
mem[0x80005754] <- 0x000078AF


mem[X,0x80001C64] -> 0xB537
mem[X,0x80001C66] -> 0xAAAA
[1822] [M]: 0x80001C64 (0xAAAAB537) lui a0, 699051
x10 <- 0xAAAAB000


mem[X,0x80001C68] -> 0x0513
mem[X,0x80001C6A] -> 0xAAB5
[1823] [M]: 0x80001C68 (0xAAB50513) addi a0, a0, 2731
x10 <- 0xAAAAAAAB


mem[X,0x80001C6C] -> 0xB5B7
mem[X,0x80001C6E] -> 0x0000
[1824] [M]: 0x80001C6C (0x0000B5B7) lui a1, 11
x11 <- 0x0000B000


mem[X,0x80001C70] -> 0x8593
mem[X,0x80001C72] -> 0x5055
[1825] [M]: 0x80001C70 (0x50558593) addi a1, a1, 1285
x11 <- 0x0000B505


mem[X,0x80001C74] -> 0x4633
mem[X,0x80001C76] -> 0x02B5
[1826] [M]: 0x80001C74 (0x02B54633) div a2, a0, a1
x12 <- 0xFFFF8753


mem[X,0x80001C78] -> 0xA023
mem[X,0x80001C7A] -> 0x4CC0
[1827] [M]: 0x80001C78 (0x4CC0A023) sw a2, 1216(ra)
mem[0x80005758] <- 0xFFFF8753


mem[X,0x80001C7C] -> 0x0513
mem[X,0x80001C7E] -> 0x0060
[1828] [M]: 0x80001C7C (0x00600513) addi a0, zero, 6
x10 <- 0x00000006


mem[X,0x80001C80] -> 0x0593
mem[X,0x80001C82] -> 0x0030
[1829] [M]: 0x80001C80 (0x00300593) addi a1, zero, 3
x11 <- 0x00000003


mem[X,0x80001C84] -> 0x4633
mem[X,0x80001C86] -> 0x02B5
[1830] [M]: 0x80001C84 (0x02B54633) div a2, a0, a1
x12 <- 0x00000002


mem[X,0x80001C88] -> 0xA223
mem[X,0x80001C8A] -> 0x4CC0
[1831] [M]: 0x80001C88 (0x4CC0A223) sw a2, 1220(ra)
mem[0x8000575C] <- 0x00000002


mem[X,0x80001C8C] -> 0x0513
mem[X,0x80001C8E] -> 0x0060
[1832] [M]: 0x80001C8C (0x00600513) addi a0, zero, 6
x10 <- 0x00000006


mem[X,0x80001C90] -> 0x55B7
mem[X,0x80001C92] -> 0x5555
[1833] [M]: 0x80001C90 (0x555555B7) lui a1, 349525
x11 <- 0x55555000


mem[X,0x80001C94] -> 0x8593
mem[X,0x80001C96] -> 0x5555
[1834] [M]: 0x80001C94 (0x55558593) addi a1, a1, 1365
x11 <- 0x55555555


mem[X,0x80001C98] -> 0x4633
mem[X,0x80001C9A] -> 0x02B5
[1835] [M]: 0x80001C98 (0x02B54633) div a2, a0, a1
x12 <- 0x00000000


mem[X,0x80001C9C] -> 0xA423
mem[X,0x80001C9E] -> 0x4CC0
[1836] [M]: 0x80001C9C (0x4CC0A423) sw a2, 1224(ra)
mem[0x80005760] <- 0x00000000


mem[X,0x80001CA0] -> 0x0513
mem[X,0x80001CA2] -> 0x0060
[1837] [M]: 0x80001CA0 (0x00600513) addi a0, zero, 6
x10 <- 0x00000006


mem[X,0x80001CA4] -> 0xB5B7
mem[X,0x80001CA6] -> 0xAAAA
[1838] [M]: 0x80001CA4 (0xAAAAB5B7) lui a1, 699051
x11 <- 0xAAAAB000


mem[X,0x80001CA8] -> 0x8593
mem[X,0x80001CAA] -> 0xAAA5
[1839] [M]: 0x80001CA8 (0xAAA58593) addi a1, a1, 2730
x11 <- 0xAAAAAAAA


mem[X,0x80001CAC] -> 0x4633
mem[X,0x80001CAE] -> 0x02B5
[1840] [M]: 0x80001CAC (0x02B54633) div a2, a0, a1
x12 <- 0x00000000


mem[X,0x80001CB0] -> 0xA623
mem[X,0x80001CB2] -> 0x4CC0
[1841] [M]: 0x80001CB0 (0x4CC0A623) sw a2, 1228(ra)
mem[0x80005764] <- 0x00000000


mem[X,0x80001CB4] -> 0x0513
mem[X,0x80001CB6] -> 0x0060
[1842] [M]: 0x80001CB4 (0x00600513) addi a0, zero, 6
x10 <- 0x00000006


mem[X,0x80001CB8] -> 0x0593
mem[X,0x80001CBA] -> 0x0050
[1843] [M]: 0x80001CB8 (0x00500593) addi a1, zero, 5
x11 <- 0x00000005


mem[X,0x80001CBC] -> 0x4633
mem[X,0x80001CBE] -> 0x02B5
[1844] [M]: 0x80001CBC (0x02B54633) div a2, a0, a1
x12 <- 0x00000001


mem[X,0x80001CC0] -> 0xA823
mem[X,0x80001CC2] -> 0x4CC0
[1845] [M]: 0x80001CC0 (0x4CC0A823) sw a2, 1232(ra)
mem[0x80005768] <- 0x00000001


mem[X,0x80001CC4] -> 0x0513
mem[X,0x80001CC6] -> 0x0060
[1846] [M]: 0x80001CC4 (0x00600513) addi a0, zero, 6
x10 <- 0x00000006


mem[X,0x80001CC8] -> 0x35B7
mem[X,0x80001CCA] -> 0x3333
[1847] [M]: 0x80001CC8 (0x333335B7) lui a1, 209715
x11 <- 0x33333000


mem[X,0x80001CCC] -> 0x8593
mem[X,0x80001CCE] -> 0x3335
[1848] [M]: 0x80001CCC (0x33358593) addi a1, a1, 819
x11 <- 0x33333333


mem[X,0x80001CD0] -> 0x4633
mem[X,0x80001CD2] -> 0x02B5
[1849] [M]: 0x80001CD0 (0x02B54633) div a2, a0, a1
x12 <- 0x00000000


mem[X,0x80001CD4] -> 0xAA23
mem[X,0x80001CD6] -> 0x4CC0
[1850] [M]: 0x80001CD4 (0x4CC0AA23) sw a2, 1236(ra)
mem[0x8000576C] <- 0x00000000


mem[X,0x80001CD8] -> 0x0513
mem[X,0x80001CDA] -> 0x0060
[1851] [M]: 0x80001CD8 (0x00600513) addi a0, zero, 6
x10 <- 0x00000006


mem[X,0x80001CDC] -> 0x65B7
mem[X,0x80001CDE] -> 0x6666
[1852] [M]: 0x80001CDC (0x666665B7) lui a1, 419430
x11 <- 0x66666000


mem[X,0x80001CE0] -> 0x8593
mem[X,0x80001CE2] -> 0x6665
[1853] [M]: 0x80001CE0 (0x66658593) addi a1, a1, 1638
x11 <- 0x66666666


mem[X,0x80001CE4] -> 0x4633
mem[X,0x80001CE6] -> 0x02B5
[1854] [M]: 0x80001CE4 (0x02B54633) div a2, a0, a1
x12 <- 0x00000000


mem[X,0x80001CE8] -> 0xAC23
mem[X,0x80001CEA] -> 0x4CC0
[1855] [M]: 0x80001CE8 (0x4CC0AC23) sw a2, 1240(ra)
mem[0x80005770] <- 0x00000000


mem[X,0x80001CEC] -> 0x0513
mem[X,0x80001CEE] -> 0x0060
[1856] [M]: 0x80001CEC (0x00600513) addi a0, zero, 6
x10 <- 0x00000006


mem[X,0x80001CF0] -> 0x55B7
mem[X,0x80001CF2] -> 0xFFFF
[1857] [M]: 0x80001CF0 (0xFFFF55B7) lui a1, 1048565
x11 <- 0xFFFF5000


mem[X,0x80001CF4] -> 0x8593
mem[X,0x80001CF6] -> 0xAFC5
[1858] [M]: 0x80001CF4 (0xAFC58593) addi a1, a1, 2812
x11 <- 0xFFFF4AFC


mem[X,0x80001CF8] -> 0x4633
mem[X,0x80001CFA] -> 0x02B5
[1859] [M]: 0x80001CF8 (0x02B54633) div a2, a0, a1
x12 <- 0x00000000


mem[X,0x80001CFC] -> 0xAE23
mem[X,0x80001CFE] -> 0x4CC0
[1860] [M]: 0x80001CFC (0x4CC0AE23) sw a2, 1244(ra)
mem[0x80005774] <- 0x00000000


mem[X,0x80001D00] -> 0x0513
mem[X,0x80001D02] -> 0x0060
[1861] [M]: 0x80001D00 (0x00600513) addi a0, zero, 6
x10 <- 0x00000006


mem[X,0x80001D04] -> 0xB5B7
mem[X,0x80001D06] -> 0x0000
[1862] [M]: 0x80001D04 (0x0000B5B7) lui a1, 11
x11 <- 0x0000B000


mem[X,0x80001D08] -> 0x8593
mem[X,0x80001D0A] -> 0x5045
[1863] [M]: 0x80001D08 (0x50458593) addi a1, a1, 1284
x11 <- 0x0000B504


mem[X,0x80001D0C] -> 0x4633
mem[X,0x80001D0E] -> 0x02B5
[1864] [M]: 0x80001D0C (0x02B54633) div a2, a0, a1
x12 <- 0x00000000


mem[X,0x80001D10] -> 0xA023
mem[X,0x80001D12] -> 0x4EC0
[1865] [M]: 0x80001D10 (0x4EC0A023) sw a2, 1248(ra)
mem[0x80005778] <- 0x00000000


mem[X,0x80001D14] -> 0x0513
mem[X,0x80001D16] -> 0x0060
[1866] [M]: 0x80001D14 (0x00600513) addi a0, zero, 6
x10 <- 0x00000006


mem[X,0x80001D18] -> 0x0593
mem[X,0x80001D1A] -> 0x0020
[1867] [M]: 0x80001D18 (0x00200593) addi a1, zero, 2
x11 <- 0x00000002


mem[X,0x80001D1C] -> 0x4633
mem[X,0x80001D1E] -> 0x02B5
[1868] [M]: 0x80001D1C (0x02B54633) div a2, a0, a1
x12 <- 0x00000003


mem[X,0x80001D20] -> 0xA223
mem[X,0x80001D22] -> 0x4EC0
[1869] [M]: 0x80001D20 (0x4EC0A223) sw a2, 1252(ra)
mem[0x8000577C] <- 0x00000003


mem[X,0x80001D24] -> 0x0513
mem[X,0x80001D26] -> 0x0060
[1870] [M]: 0x80001D24 (0x00600513) addi a0, zero, 6
x10 <- 0x00000006


mem[X,0x80001D28] -> 0x55B7
mem[X,0x80001D2A] -> 0x5555
[1871] [M]: 0x80001D28 (0x555555B7) lui a1, 349525
x11 <- 0x55555000


mem[X,0x80001D2C] -> 0x8593
mem[X,0x80001D2E] -> 0x5545
[1872] [M]: 0x80001D2C (0x55458593) addi a1, a1, 1364
x11 <- 0x55555554


mem[X,0x80001D30] -> 0x4633
mem[X,0x80001D32] -> 0x02B5
[1873] [M]: 0x80001D30 (0x02B54633) div a2, a0, a1
x12 <- 0x00000000


mem[X,0x80001D34] -> 0xA423
mem[X,0x80001D36] -> 0x4EC0
[1874] [M]: 0x80001D34 (0x4EC0A423) sw a2, 1256(ra)
mem[0x80005780] <- 0x00000000


mem[X,0x80001D38] -> 0x0513
mem[X,0x80001D3A] -> 0x0060
[1875] [M]: 0x80001D38 (0x00600513) addi a0, zero, 6
x10 <- 0x00000006


mem[X,0x80001D3C] -> 0x0593
mem[X,0x80001D3E] -> 0x0000
[1876] [M]: 0x80001D3C (0x00000593) addi a1, zero, 0
x11 <- 0x00000000


mem[X,0x80001D40] -> 0x4633
mem[X,0x80001D42] -> 0x02B5
[1877] [M]: 0x80001D40 (0x02B54633) div a2, a0, a1
x12 <- 0xFFFFFFFF


mem[X,0x80001D44] -> 0xA623
mem[X,0x80001D46] -> 0x4EC0
[1878] [M]: 0x80001D44 (0x4EC0A623) sw a2, 1260(ra)
mem[0x80005784] <- 0xFFFFFFFF


mem[X,0x80001D48] -> 0x0513
mem[X,0x80001D4A] -> 0x0060
[1879] [M]: 0x80001D48 (0x00600513) addi a0, zero, 6
x10 <- 0x00000006


mem[X,0x80001D4C] -> 0x0593
mem[X,0x80001D4E] -> 0x0040
[1880] [M]: 0x80001D4C (0x00400593) addi a1, zero, 4
x11 <- 0x00000004


mem[X,0x80001D50] -> 0x4633
mem[X,0x80001D52] -> 0x02B5
[1881] [M]: 0x80001D50 (0x02B54633) div a2, a0, a1
x12 <- 0x00000001


mem[X,0x80001D54] -> 0xA823
mem[X,0x80001D56] -> 0x4EC0
[1882] [M]: 0x80001D54 (0x4EC0A823) sw a2, 1264(ra)
mem[0x80005788] <- 0x00000001


mem[X,0x80001D58] -> 0x0513
mem[X,0x80001D5A] -> 0x0060
[1883] [M]: 0x80001D58 (0x00600513) addi a0, zero, 6
x10 <- 0x00000006


mem[X,0x80001D5C] -> 0x35B7
mem[X,0x80001D5E] -> 0x3333
[1884] [M]: 0x80001D5C (0x333335B7) lui a1, 209715
x11 <- 0x33333000


mem[X,0x80001D60] -> 0x8593
mem[X,0x80001D62] -> 0x3325
[1885] [M]: 0x80001D60 (0x33258593) addi a1, a1, 818
x11 <- 0x33333332


mem[X,0x80001D64] -> 0x4633
mem[X,0x80001D66] -> 0x02B5
[1886] [M]: 0x80001D64 (0x02B54633) div a2, a0, a1
x12 <- 0x00000000


mem[X,0x80001D68] -> 0xAA23
mem[X,0x80001D6A] -> 0x4EC0
[1887] [M]: 0x80001D68 (0x4EC0AA23) sw a2, 1268(ra)
mem[0x8000578C] <- 0x00000000


mem[X,0x80001D6C] -> 0x0513
mem[X,0x80001D6E] -> 0x0060
[1888] [M]: 0x80001D6C (0x00600513) addi a0, zero, 6
x10 <- 0x00000006


mem[X,0x80001D70] -> 0x65B7
mem[X,0x80001D72] -> 0x6666
[1889] [M]: 0x80001D70 (0x666665B7) lui a1, 419430
x11 <- 0x66666000


mem[X,0x80001D74] -> 0x8593
mem[X,0x80001D76] -> 0x6655
[1890] [M]: 0x80001D74 (0x66558593) addi a1, a1, 1637
x11 <- 0x66666665


mem[X,0x80001D78] -> 0x4633
mem[X,0x80001D7A] -> 0x02B5
[1891] [M]: 0x80001D78 (0x02B54633) div a2, a0, a1
x12 <- 0x00000000


mem[X,0x80001D7C] -> 0xAC23
mem[X,0x80001D7E] -> 0x4EC0
[1892] [M]: 0x80001D7C (0x4EC0AC23) sw a2, 1272(ra)
mem[0x80005790] <- 0x00000000


mem[X,0x80001D80] -> 0x0513
mem[X,0x80001D82] -> 0x0060
[1893] [M]: 0x80001D80 (0x00600513) addi a0, zero, 6
x10 <- 0x00000006


mem[X,0x80001D84] -> 0xB5B7
mem[X,0x80001D86] -> 0x0000
[1894] [M]: 0x80001D84 (0x0000B5B7) lui a1, 11
x11 <- 0x0000B000


mem[X,0x80001D88] -> 0x8593
mem[X,0x80001D8A] -> 0x5035
[1895] [M]: 0x80001D88 (0x50358593) addi a1, a1, 1283
x11 <- 0x0000B503


mem[X,0x80001D8C] -> 0x4633
mem[X,0x80001D8E] -> 0x02B5
[1896] [M]: 0x80001D8C (0x02B54633) div a2, a0, a1
x12 <- 0x00000000


mem[X,0x80001D90] -> 0xAE23
mem[X,0x80001D92] -> 0x4EC0
[1897] [M]: 0x80001D90 (0x4EC0AE23) sw a2, 1276(ra)
mem[0x80005794] <- 0x00000000


mem[X,0x80001D94] -> 0x0513
mem[X,0x80001D96] -> 0x0060
[1898] [M]: 0x80001D94 (0x00600513) addi a0, zero, 6
x10 <- 0x00000006


mem[X,0x80001D98] -> 0x55B7
mem[X,0x80001D9A] -> 0x5555
[1899] [M]: 0x80001D98 (0x555555B7) lui a1, 349525
x11 <- 0x55555000


clint::tick mtime <- 0x0000000000000013
 clint timer pending at mtime 0x0000000000000013
htif::tick 0x0000000000000000
mem[X,0x80001D9C] -> 0x8593
mem[X,0x80001D9E] -> 0x5565
[1900] [M]: 0x80001D9C (0x55658593) addi a1, a1, 1366
x11 <- 0x55555556


mem[X,0x80001DA0] -> 0x4633
mem[X,0x80001DA2] -> 0x02B5
[1901] [M]: 0x80001DA0 (0x02B54633) div a2, a0, a1
x12 <- 0x00000000


mem[X,0x80001DA4] -> 0xA023
mem[X,0x80001DA6] -> 0x50C0
[1902] [M]: 0x80001DA4 (0x50C0A023) sw a2, 1280(ra)
mem[0x80005798] <- 0x00000000


mem[X,0x80001DA8] -> 0x0513
mem[X,0x80001DAA] -> 0x0060
[1903] [M]: 0x80001DA8 (0x00600513) addi a0, zero, 6
x10 <- 0x00000006


mem[X,0x80001DAC] -> 0xB5B7
mem[X,0x80001DAE] -> 0xAAAA
[1904] [M]: 0x80001DAC (0xAAAAB5B7) lui a1, 699051
x11 <- 0xAAAAB000


mem[X,0x80001DB0] -> 0x8593
mem[X,0x80001DB2] -> 0xAAB5
[1905] [M]: 0x80001DB0 (0xAAB58593) addi a1, a1, 2731
x11 <- 0xAAAAAAAB


mem[X,0x80001DB4] -> 0x4633
mem[X,0x80001DB6] -> 0x02B5
[1906] [M]: 0x80001DB4 (0x02B54633) div a2, a0, a1
x12 <- 0x00000000


mem[X,0x80001DB8] -> 0xA223
mem[X,0x80001DBA] -> 0x50C0
[1907] [M]: 0x80001DB8 (0x50C0A223) sw a2, 1284(ra)
mem[0x8000579C] <- 0x00000000


mem[X,0x80001DBC] -> 0x0513
mem[X,0x80001DBE] -> 0x0060
[1908] [M]: 0x80001DBC (0x00600513) addi a0, zero, 6
x10 <- 0x00000006


mem[X,0x80001DC0] -> 0x0593
mem[X,0x80001DC2] -> 0x0060
[1909] [M]: 0x80001DC0 (0x00600593) addi a1, zero, 6
x11 <- 0x00000006


mem[X,0x80001DC4] -> 0x4633
mem[X,0x80001DC6] -> 0x02B5
[1910] [M]: 0x80001DC4 (0x02B54633) div a2, a0, a1
x12 <- 0x00000001


mem[X,0x80001DC8] -> 0xA423
mem[X,0x80001DCA] -> 0x50C0
[1911] [M]: 0x80001DC8 (0x50C0A423) sw a2, 1288(ra)
mem[0x800057A0] <- 0x00000001


mem[X,0x80001DCC] -> 0x0513
mem[X,0x80001DCE] -> 0x0060
[1912] [M]: 0x80001DCC (0x00600513) addi a0, zero, 6
x10 <- 0x00000006


mem[X,0x80001DD0] -> 0x35B7
mem[X,0x80001DD2] -> 0x3333
[1913] [M]: 0x80001DD0 (0x333335B7) lui a1, 209715
x11 <- 0x33333000


mem[X,0x80001DD4] -> 0x8593
mem[X,0x80001DD6] -> 0x3345
[1914] [M]: 0x80001DD4 (0x33458593) addi a1, a1, 820
x11 <- 0x33333334


mem[X,0x80001DD8] -> 0x4633
mem[X,0x80001DDA] -> 0x02B5
[1915] [M]: 0x80001DD8 (0x02B54633) div a2, a0, a1
x12 <- 0x00000000


mem[X,0x80001DDC] -> 0xA623
mem[X,0x80001DDE] -> 0x50C0
[1916] [M]: 0x80001DDC (0x50C0A623) sw a2, 1292(ra)
mem[0x800057A4] <- 0x00000000


mem[X,0x80001DE0] -> 0x0513
mem[X,0x80001DE2] -> 0x0060
[1917] [M]: 0x80001DE0 (0x00600513) addi a0, zero, 6
x10 <- 0x00000006


mem[X,0x80001DE4] -> 0x65B7
mem[X,0x80001DE6] -> 0x6666
[1918] [M]: 0x80001DE4 (0x666665B7) lui a1, 419430
x11 <- 0x66666000


mem[X,0x80001DE8] -> 0x8593
mem[X,0x80001DEA] -> 0x6675
[1919] [M]: 0x80001DE8 (0x66758593) addi a1, a1, 1639
x11 <- 0x66666667


mem[X,0x80001DEC] -> 0x4633
mem[X,0x80001DEE] -> 0x02B5
[1920] [M]: 0x80001DEC (0x02B54633) div a2, a0, a1
x12 <- 0x00000000


mem[X,0x80001DF0] -> 0xA823
mem[X,0x80001DF2] -> 0x50C0
[1921] [M]: 0x80001DF0 (0x50C0A823) sw a2, 1296(ra)
mem[0x800057A8] <- 0x00000000


mem[X,0x80001DF4] -> 0x0513
mem[X,0x80001DF6] -> 0x0060
[1922] [M]: 0x80001DF4 (0x00600513) addi a0, zero, 6
x10 <- 0x00000006


mem[X,0x80001DF8] -> 0x55B7
mem[X,0x80001DFA] -> 0xFFFF
[1923] [M]: 0x80001DF8 (0xFFFF55B7) lui a1, 1048565
x11 <- 0xFFFF5000


mem[X,0x80001DFC] -> 0x8593
mem[X,0x80001DFE] -> 0xAFD5
[1924] [M]: 0x80001DFC (0xAFD58593) addi a1, a1, 2813
x11 <- 0xFFFF4AFD


mem[X,0x80001E00] -> 0x4633
mem[X,0x80001E02] -> 0x02B5
[1925] [M]: 0x80001E00 (0x02B54633) div a2, a0, a1
x12 <- 0x00000000


mem[X,0x80001E04] -> 0xAA23
mem[X,0x80001E06] -> 0x50C0
[1926] [M]: 0x80001E04 (0x50C0AA23) sw a2, 1300(ra)
mem[0x800057AC] <- 0x00000000


mem[X,0x80001E08] -> 0x0513
mem[X,0x80001E0A] -> 0x0060
[1927] [M]: 0x80001E08 (0x00600513) addi a0, zero, 6
x10 <- 0x00000006


mem[X,0x80001E0C] -> 0xB5B7
mem[X,0x80001E0E] -> 0x0000
[1928] [M]: 0x80001E0C (0x0000B5B7) lui a1, 11
x11 <- 0x0000B000


mem[X,0x80001E10] -> 0x8593
mem[X,0x80001E12] -> 0x5055
[1929] [M]: 0x80001E10 (0x50558593) addi a1, a1, 1285
x11 <- 0x0000B505


mem[X,0x80001E14] -> 0x4633
mem[X,0x80001E16] -> 0x02B5
[1930] [M]: 0x80001E14 (0x02B54633) div a2, a0, a1
x12 <- 0x00000000


mem[X,0x80001E18] -> 0xAC23
mem[X,0x80001E1A] -> 0x50C0
[1931] [M]: 0x80001E18 (0x50C0AC23) sw a2, 1304(ra)
mem[0x800057B0] <- 0x00000000


mem[X,0x80001E1C] -> 0x3537
mem[X,0x80001E1E] -> 0x3333
[1932] [M]: 0x80001E1C (0x33333537) lui a0, 209715
x10 <- 0x33333000


mem[X,0x80001E20] -> 0x0513
mem[X,0x80001E22] -> 0x3345
[1933] [M]: 0x80001E20 (0x33450513) addi a0, a0, 820
x10 <- 0x33333334


mem[X,0x80001E24] -> 0x0593
mem[X,0x80001E26] -> 0x0030
[1934] [M]: 0x80001E24 (0x00300593) addi a1, zero, 3
x11 <- 0x00000003


mem[X,0x80001E28] -> 0x4633
mem[X,0x80001E2A] -> 0x02B5
[1935] [M]: 0x80001E28 (0x02B54633) div a2, a0, a1
x12 <- 0x11111111


mem[X,0x80001E2C] -> 0xAE23
mem[X,0x80001E2E] -> 0x50C0
[1936] [M]: 0x80001E2C (0x50C0AE23) sw a2, 1308(ra)
mem[0x800057B4] <- 0x11111111


mem[X,0x80001E30] -> 0x3537
mem[X,0x80001E32] -> 0x3333
[1937] [M]: 0x80001E30 (0x33333537) lui a0, 209715
x10 <- 0x33333000


mem[X,0x80001E34] -> 0x0513
mem[X,0x80001E36] -> 0x3345
[1938] [M]: 0x80001E34 (0x33450513) addi a0, a0, 820
x10 <- 0x33333334


mem[X,0x80001E38] -> 0x55B7
mem[X,0x80001E3A] -> 0x5555
[1939] [M]: 0x80001E38 (0x555555B7) lui a1, 349525
x11 <- 0x55555000


mem[X,0x80001E3C] -> 0x8593
mem[X,0x80001E3E] -> 0x5555
[1940] [M]: 0x80001E3C (0x55558593) addi a1, a1, 1365
x11 <- 0x55555555


mem[X,0x80001E40] -> 0x4633
mem[X,0x80001E42] -> 0x02B5
[1941] [M]: 0x80001E40 (0x02B54633) div a2, a0, a1
x12 <- 0x00000000


mem[X,0x80001E44] -> 0xA023
mem[X,0x80001E46] -> 0x52C0
[1942] [M]: 0x80001E44 (0x52C0A023) sw a2, 1312(ra)
mem[0x800057B8] <- 0x00000000


mem[X,0x80001E48] -> 0x3537
mem[X,0x80001E4A] -> 0x3333
[1943] [M]: 0x80001E48 (0x33333537) lui a0, 209715
x10 <- 0x33333000


mem[X,0x80001E4C] -> 0x0513
mem[X,0x80001E4E] -> 0x3345
[1944] [M]: 0x80001E4C (0x33450513) addi a0, a0, 820
x10 <- 0x33333334


mem[X,0x80001E50] -> 0xB5B7
mem[X,0x80001E52] -> 0xAAAA
[1945] [M]: 0x80001E50 (0xAAAAB5B7) lui a1, 699051
x11 <- 0xAAAAB000


mem[X,0x80001E54] -> 0x8593
mem[X,0x80001E56] -> 0xAAA5
[1946] [M]: 0x80001E54 (0xAAA58593) addi a1, a1, 2730
x11 <- 0xAAAAAAAA


mem[X,0x80001E58] -> 0x4633
mem[X,0x80001E5A] -> 0x02B5
[1947] [M]: 0x80001E58 (0x02B54633) div a2, a0, a1
x12 <- 0x00000000


mem[X,0x80001E5C] -> 0xA223
mem[X,0x80001E5E] -> 0x52C0
[1948] [M]: 0x80001E5C (0x52C0A223) sw a2, 1316(ra)
mem[0x800057BC] <- 0x00000000


mem[X,0x80001E60] -> 0x3537
mem[X,0x80001E62] -> 0x3333
[1949] [M]: 0x80001E60 (0x33333537) lui a0, 209715
x10 <- 0x33333000


mem[X,0x80001E64] -> 0x0513
mem[X,0x80001E66] -> 0x3345
[1950] [M]: 0x80001E64 (0x33450513) addi a0, a0, 820
x10 <- 0x33333334


mem[X,0x80001E68] -> 0x0593
mem[X,0x80001E6A] -> 0x0050
[1951] [M]: 0x80001E68 (0x00500593) addi a1, zero, 5
x11 <- 0x00000005


mem[X,0x80001E6C] -> 0x4633
mem[X,0x80001E6E] -> 0x02B5
[1952] [M]: 0x80001E6C (0x02B54633) div a2, a0, a1
x12 <- 0x0A3D70A4


mem[X,0x80001E70] -> 0xA423
mem[X,0x80001E72] -> 0x52C0
[1953] [M]: 0x80001E70 (0x52C0A423) sw a2, 1320(ra)
mem[0x800057C0] <- 0x0A3D70A4


mem[X,0x80001E74] -> 0x3537
mem[X,0x80001E76] -> 0x3333
[1954] [M]: 0x80001E74 (0x33333537) lui a0, 209715
x10 <- 0x33333000


mem[X,0x80001E78] -> 0x0513
mem[X,0x80001E7A] -> 0x3345
[1955] [M]: 0x80001E78 (0x33450513) addi a0, a0, 820
x10 <- 0x33333334


mem[X,0x80001E7C] -> 0x35B7
mem[X,0x80001E7E] -> 0x3333
[1956] [M]: 0x80001E7C (0x333335B7) lui a1, 209715
x11 <- 0x33333000


mem[X,0x80001E80] -> 0x8593
mem[X,0x80001E82] -> 0x3335
[1957] [M]: 0x80001E80 (0x33358593) addi a1, a1, 819
x11 <- 0x33333333


mem[X,0x80001E84] -> 0x4633
mem[X,0x80001E86] -> 0x02B5
[1958] [M]: 0x80001E84 (0x02B54633) div a2, a0, a1
x12 <- 0x00000001


mem[X,0x80001E88] -> 0xA623
mem[X,0x80001E8A] -> 0x52C0
[1959] [M]: 0x80001E88 (0x52C0A623) sw a2, 1324(ra)
mem[0x800057C4] <- 0x00000001


mem[X,0x80001E8C] -> 0x3537
mem[X,0x80001E8E] -> 0x3333
[1960] [M]: 0x80001E8C (0x33333537) lui a0, 209715
x10 <- 0x33333000


mem[X,0x80001E90] -> 0x0513
mem[X,0x80001E92] -> 0x3345
[1961] [M]: 0x80001E90 (0x33450513) addi a0, a0, 820
x10 <- 0x33333334


mem[X,0x80001E94] -> 0x65B7
mem[X,0x80001E96] -> 0x6666
[1962] [M]: 0x80001E94 (0x666665B7) lui a1, 419430
x11 <- 0x66666000


mem[X,0x80001E98] -> 0x8593
mem[X,0x80001E9A] -> 0x6665
[1963] [M]: 0x80001E98 (0x66658593) addi a1, a1, 1638
x11 <- 0x66666666


mem[X,0x80001E9C] -> 0x4633
mem[X,0x80001E9E] -> 0x02B5
[1964] [M]: 0x80001E9C (0x02B54633) div a2, a0, a1
x12 <- 0x00000000


mem[X,0x80001EA0] -> 0xA823
mem[X,0x80001EA2] -> 0x52C0
[1965] [M]: 0x80001EA0 (0x52C0A823) sw a2, 1328(ra)
mem[0x800057C8] <- 0x00000000


mem[X,0x80001EA4] -> 0x3537
mem[X,0x80001EA6] -> 0x3333
[1966] [M]: 0x80001EA4 (0x33333537) lui a0, 209715
x10 <- 0x33333000


mem[X,0x80001EA8] -> 0x0513
mem[X,0x80001EAA] -> 0x3345
[1967] [M]: 0x80001EA8 (0x33450513) addi a0, a0, 820
x10 <- 0x33333334


mem[X,0x80001EAC] -> 0x55B7
mem[X,0x80001EAE] -> 0xFFFF
[1968] [M]: 0x80001EAC (0xFFFF55B7) lui a1, 1048565
x11 <- 0xFFFF5000


mem[X,0x80001EB0] -> 0x8593
mem[X,0x80001EB2] -> 0xAFC5
[1969] [M]: 0x80001EB0 (0xAFC58593) addi a1, a1, 2812
x11 <- 0xFFFF4AFC


mem[X,0x80001EB4] -> 0x4633
mem[X,0x80001EB6] -> 0x02B5
[1970] [M]: 0x80001EB4 (0x02B54633) div a2, a0, a1
x12 <- 0xFFFFB798


mem[X,0x80001EB8] -> 0xAA23
mem[X,0x80001EBA] -> 0x52C0
[1971] [M]: 0x80001EB8 (0x52C0AA23) sw a2, 1332(ra)
mem[0x800057CC] <- 0xFFFFB798


mem[X,0x80001EBC] -> 0x3537
mem[X,0x80001EBE] -> 0x3333
[1972] [M]: 0x80001EBC (0x33333537) lui a0, 209715
x10 <- 0x33333000


mem[X,0x80001EC0] -> 0x0513
mem[X,0x80001EC2] -> 0x3345
[1973] [M]: 0x80001EC0 (0x33450513) addi a0, a0, 820
x10 <- 0x33333334


mem[X,0x80001EC4] -> 0xB5B7
mem[X,0x80001EC6] -> 0x0000
[1974] [M]: 0x80001EC4 (0x0000B5B7) lui a1, 11
x11 <- 0x0000B000


mem[X,0x80001EC8] -> 0x8593
mem[X,0x80001ECA] -> 0x5045
[1975] [M]: 0x80001EC8 (0x50458593) addi a1, a1, 1284
x11 <- 0x0000B504


mem[X,0x80001ECC] -> 0x4633
mem[X,0x80001ECE] -> 0x02B5
[1976] [M]: 0x80001ECC (0x02B54633) div a2, a0, a1
x12 <- 0x00004868


mem[X,0x80001ED0] -> 0xAC23
mem[X,0x80001ED2] -> 0x52C0
[1977] [M]: 0x80001ED0 (0x52C0AC23) sw a2, 1336(ra)
mem[0x800057D0] <- 0x00004868


mem[X,0x80001ED4] -> 0x3537
mem[X,0x80001ED6] -> 0x3333
[1978] [M]: 0x80001ED4 (0x33333537) lui a0, 209715
x10 <- 0x33333000


mem[X,0x80001ED8] -> 0x0513
mem[X,0x80001EDA] -> 0x3345
[1979] [M]: 0x80001ED8 (0x33450513) addi a0, a0, 820
x10 <- 0x33333334


mem[X,0x80001EDC] -> 0x0593
mem[X,0x80001EDE] -> 0x0020
[1980] [M]: 0x80001EDC (0x00200593) addi a1, zero, 2
x11 <- 0x00000002


mem[X,0x80001EE0] -> 0x4633
mem[X,0x80001EE2] -> 0x02B5
[1981] [M]: 0x80001EE0 (0x02B54633) div a2, a0, a1
x12 <- 0x1999999A


mem[X,0x80001EE4] -> 0xAE23
mem[X,0x80001EE6] -> 0x52C0
[1982] [M]: 0x80001EE4 (0x52C0AE23) sw a2, 1340(ra)
mem[0x800057D4] <- 0x1999999A


mem[X,0x80001EE8] -> 0x3537
mem[X,0x80001EEA] -> 0x3333
[1983] [M]: 0x80001EE8 (0x33333537) lui a0, 209715
x10 <- 0x33333000


mem[X,0x80001EEC] -> 0x0513
mem[X,0x80001EEE] -> 0x3345
[1984] [M]: 0x80001EEC (0x33450513) addi a0, a0, 820
x10 <- 0x33333334


mem[X,0x80001EF0] -> 0x55B7
mem[X,0x80001EF2] -> 0x5555
[1985] [M]: 0x80001EF0 (0x555555B7) lui a1, 349525
x11 <- 0x55555000


mem[X,0x80001EF4] -> 0x8593
mem[X,0x80001EF6] -> 0x5545
[1986] [M]: 0x80001EF4 (0x55458593) addi a1, a1, 1364
x11 <- 0x55555554


mem[X,0x80001EF8] -> 0x4633
mem[X,0x80001EFA] -> 0x02B5
[1987] [M]: 0x80001EF8 (0x02B54633) div a2, a0, a1
x12 <- 0x00000000


mem[X,0x80001EFC] -> 0xA023
mem[X,0x80001EFE] -> 0x54C0
[1988] [M]: 0x80001EFC (0x54C0A023) sw a2, 1344(ra)
mem[0x800057D8] <- 0x00000000


mem[X,0x80001F00] -> 0x3537
mem[X,0x80001F02] -> 0x3333
[1989] [M]: 0x80001F00 (0x33333537) lui a0, 209715
x10 <- 0x33333000


mem[X,0x80001F04] -> 0x0513
mem[X,0x80001F06] -> 0x3345
[1990] [M]: 0x80001F04 (0x33450513) addi a0, a0, 820
x10 <- 0x33333334


mem[X,0x80001F08] -> 0x0593
mem[X,0x80001F0A] -> 0x0000
[1991] [M]: 0x80001F08 (0x00000593) addi a1, zero, 0
x11 <- 0x00000000


mem[X,0x80001F0C] -> 0x4633
mem[X,0x80001F0E] -> 0x02B5
[1992] [M]: 0x80001F0C (0x02B54633) div a2, a0, a1
x12 <- 0xFFFFFFFF


mem[X,0x80001F10] -> 0xA223
mem[X,0x80001F12] -> 0x54C0
[1993] [M]: 0x80001F10 (0x54C0A223) sw a2, 1348(ra)
mem[0x800057DC] <- 0xFFFFFFFF


mem[X,0x80001F14] -> 0x3537
mem[X,0x80001F16] -> 0x3333
[1994] [M]: 0x80001F14 (0x33333537) lui a0, 209715
x10 <- 0x33333000


mem[X,0x80001F18] -> 0x0513
mem[X,0x80001F1A] -> 0x3345
[1995] [M]: 0x80001F18 (0x33450513) addi a0, a0, 820
x10 <- 0x33333334


mem[X,0x80001F1C] -> 0x0593
mem[X,0x80001F1E] -> 0x0040
[1996] [M]: 0x80001F1C (0x00400593) addi a1, zero, 4
x11 <- 0x00000004


mem[X,0x80001F20] -> 0x4633
mem[X,0x80001F22] -> 0x02B5
[1997] [M]: 0x80001F20 (0x02B54633) div a2, a0, a1
x12 <- 0x0CCCCCCD


mem[X,0x80001F24] -> 0xA423
mem[X,0x80001F26] -> 0x54C0
[1998] [M]: 0x80001F24 (0x54C0A423) sw a2, 1352(ra)
mem[0x800057E0] <- 0x0CCCCCCD


mem[X,0x80001F28] -> 0x3537
mem[X,0x80001F2A] -> 0x3333
[1999] [M]: 0x80001F28 (0x33333537) lui a0, 209715
x10 <- 0x33333000


clint::tick mtime <- 0x0000000000000014
 clint timer pending at mtime 0x0000000000000014
htif::tick 0x0000000000000000
mem[X,0x80001F2C] -> 0x0513
mem[X,0x80001F2E] -> 0x3345
[2000] [M]: 0x80001F2C (0x33450513) addi a0, a0, 820
x10 <- 0x33333334


mem[X,0x80001F30] -> 0x35B7
mem[X,0x80001F32] -> 0x3333
[2001] [M]: 0x80001F30 (0x333335B7) lui a1, 209715
x11 <- 0x33333000


mem[X,0x80001F34] -> 0x8593
mem[X,0x80001F36] -> 0x3325
[2002] [M]: 0x80001F34 (0x33258593) addi a1, a1, 818
x11 <- 0x33333332


mem[X,0x80001F38] -> 0x4633
mem[X,0x80001F3A] -> 0x02B5
[2003] [M]: 0x80001F38 (0x02B54633) div a2, a0, a1
x12 <- 0x00000001


mem[X,0x80001F3C] -> 0xA623
mem[X,0x80001F3E] -> 0x54C0
[2004] [M]: 0x80001F3C (0x54C0A623) sw a2, 1356(ra)
mem[0x800057E4] <- 0x00000001


mem[X,0x80001F40] -> 0x3537
mem[X,0x80001F42] -> 0x3333
[2005] [M]: 0x80001F40 (0x33333537) lui a0, 209715
x10 <- 0x33333000


mem[X,0x80001F44] -> 0x0513
mem[X,0x80001F46] -> 0x3345
[2006] [M]: 0x80001F44 (0x33450513) addi a0, a0, 820
x10 <- 0x33333334


mem[X,0x80001F48] -> 0x65B7
mem[X,0x80001F4A] -> 0x6666
[2007] [M]: 0x80001F48 (0x666665B7) lui a1, 419430
x11 <- 0x66666000


mem[X,0x80001F4C] -> 0x8593
mem[X,0x80001F4E] -> 0x6655
[2008] [M]: 0x80001F4C (0x66558593) addi a1, a1, 1637
x11 <- 0x66666665


mem[X,0x80001F50] -> 0x4633
mem[X,0x80001F52] -> 0x02B5
[2009] [M]: 0x80001F50 (0x02B54633) div a2, a0, a1
x12 <- 0x00000000


mem[X,0x80001F54] -> 0xA823
mem[X,0x80001F56] -> 0x54C0
[2010] [M]: 0x80001F54 (0x54C0A823) sw a2, 1360(ra)
mem[0x800057E8] <- 0x00000000


mem[X,0x80001F58] -> 0x3537
mem[X,0x80001F5A] -> 0x3333
[2011] [M]: 0x80001F58 (0x33333537) lui a0, 209715
x10 <- 0x33333000


mem[X,0x80001F5C] -> 0x0513
mem[X,0x80001F5E] -> 0x3345
[2012] [M]: 0x80001F5C (0x33450513) addi a0, a0, 820
x10 <- 0x33333334


mem[X,0x80001F60] -> 0xB5B7
mem[X,0x80001F62] -> 0x0000
[2013] [M]: 0x80001F60 (0x0000B5B7) lui a1, 11
x11 <- 0x0000B000


mem[X,0x80001F64] -> 0x8593
mem[X,0x80001F66] -> 0x5035
[2014] [M]: 0x80001F64 (0x50358593) addi a1, a1, 1283
x11 <- 0x0000B503


mem[X,0x80001F68] -> 0x4633
mem[X,0x80001F6A] -> 0x02B5
[2015] [M]: 0x80001F68 (0x02B54633) div a2, a0, a1
x12 <- 0x00004869


mem[X,0x80001F6C] -> 0xAA23
mem[X,0x80001F6E] -> 0x54C0
[2016] [M]: 0x80001F6C (0x54C0AA23) sw a2, 1364(ra)
mem[0x800057EC] <- 0x00004869


mem[X,0x80001F70] -> 0x3537
mem[X,0x80001F72] -> 0x3333
[2017] [M]: 0x80001F70 (0x33333537) lui a0, 209715
x10 <- 0x33333000


mem[X,0x80001F74] -> 0x0513
mem[X,0x80001F76] -> 0x3345
[2018] [M]: 0x80001F74 (0x33450513) addi a0, a0, 820
x10 <- 0x33333334


mem[X,0x80001F78] -> 0x55B7
mem[X,0x80001F7A] -> 0x5555
[2019] [M]: 0x80001F78 (0x555555B7) lui a1, 349525
x11 <- 0x55555000


mem[X,0x80001F7C] -> 0x8593
mem[X,0x80001F7E] -> 0x5565
[2020] [M]: 0x80001F7C (0x55658593) addi a1, a1, 1366
x11 <- 0x55555556


mem[X,0x80001F80] -> 0x4633
mem[X,0x80001F82] -> 0x02B5
[2021] [M]: 0x80001F80 (0x02B54633) div a2, a0, a1
x12 <- 0x00000000


mem[X,0x80001F84] -> 0xAC23
mem[X,0x80001F86] -> 0x54C0
[2022] [M]: 0x80001F84 (0x54C0AC23) sw a2, 1368(ra)
mem[0x800057F0] <- 0x00000000


mem[X,0x80001F88] -> 0x3537
mem[X,0x80001F8A] -> 0x3333
[2023] [M]: 0x80001F88 (0x33333537) lui a0, 209715
x10 <- 0x33333000


mem[X,0x80001F8C] -> 0x0513
mem[X,0x80001F8E] -> 0x3345
[2024] [M]: 0x80001F8C (0x33450513) addi a0, a0, 820
x10 <- 0x33333334


mem[X,0x80001F90] -> 0xB5B7
mem[X,0x80001F92] -> 0xAAAA
[2025] [M]: 0x80001F90 (0xAAAAB5B7) lui a1, 699051
x11 <- 0xAAAAB000


mem[X,0x80001F94] -> 0x8593
mem[X,0x80001F96] -> 0xAAB5
[2026] [M]: 0x80001F94 (0xAAB58593) addi a1, a1, 2731
x11 <- 0xAAAAAAAB


mem[X,0x80001F98] -> 0x4633
mem[X,0x80001F9A] -> 0x02B5
[2027] [M]: 0x80001F98 (0x02B54633) div a2, a0, a1
x12 <- 0x00000000


mem[X,0x80001F9C] -> 0xAE23
mem[X,0x80001F9E] -> 0x54C0
[2028] [M]: 0x80001F9C (0x54C0AE23) sw a2, 1372(ra)
mem[0x800057F4] <- 0x00000000


mem[X,0x80001FA0] -> 0x3537
mem[X,0x80001FA2] -> 0x3333
[2029] [M]: 0x80001FA0 (0x33333537) lui a0, 209715
x10 <- 0x33333000


mem[X,0x80001FA4] -> 0x0513
mem[X,0x80001FA6] -> 0x3345
[2030] [M]: 0x80001FA4 (0x33450513) addi a0, a0, 820
x10 <- 0x33333334


mem[X,0x80001FA8] -> 0x0593
mem[X,0x80001FAA] -> 0x0060
[2031] [M]: 0x80001FA8 (0x00600593) addi a1, zero, 6
x11 <- 0x00000006


mem[X,0x80001FAC] -> 0x4633
mem[X,0x80001FAE] -> 0x02B5
[2032] [M]: 0x80001FAC (0x02B54633) div a2, a0, a1
x12 <- 0x08888888


mem[X,0x80001FB0] -> 0xA023
mem[X,0x80001FB2] -> 0x56C0
[2033] [M]: 0x80001FB0 (0x56C0A023) sw a2, 1376(ra)
mem[0x800057F8] <- 0x08888888


mem[X,0x80001FB4] -> 0x3537
mem[X,0x80001FB6] -> 0x3333
[2034] [M]: 0x80001FB4 (0x33333537) lui a0, 209715
x10 <- 0x33333000


mem[X,0x80001FB8] -> 0x0513
mem[X,0x80001FBA] -> 0x3345
[2035] [M]: 0x80001FB8 (0x33450513) addi a0, a0, 820
x10 <- 0x33333334


mem[X,0x80001FBC] -> 0x35B7
mem[X,0x80001FBE] -> 0x3333
[2036] [M]: 0x80001FBC (0x333335B7) lui a1, 209715
x11 <- 0x33333000


mem[X,0x80001FC0] -> 0x8593
mem[X,0x80001FC2] -> 0x3345
[2037] [M]: 0x80001FC0 (0x33458593) addi a1, a1, 820
x11 <- 0x33333334


mem[X,0x80001FC4] -> 0x4633
mem[X,0x80001FC6] -> 0x02B5
[2038] [M]: 0x80001FC4 (0x02B54633) div a2, a0, a1
x12 <- 0x00000001


mem[X,0x80001FC8] -> 0xA223
mem[X,0x80001FCA] -> 0x56C0
[2039] [M]: 0x80001FC8 (0x56C0A223) sw a2, 1380(ra)
mem[0x800057FC] <- 0x00000001


mem[X,0x80001FCC] -> 0x3537
mem[X,0x80001FCE] -> 0x3333
[2040] [M]: 0x80001FCC (0x33333537) lui a0, 209715
x10 <- 0x33333000


mem[X,0x80001FD0] -> 0x0513
mem[X,0x80001FD2] -> 0x3345
[2041] [M]: 0x80001FD0 (0x33450513) addi a0, a0, 820
x10 <- 0x33333334


mem[X,0x80001FD4] -> 0x65B7
mem[X,0x80001FD6] -> 0x6666
[2042] [M]: 0x80001FD4 (0x666665B7) lui a1, 419430
x11 <- 0x66666000


mem[X,0x80001FD8] -> 0x8593
mem[X,0x80001FDA] -> 0x6675
[2043] [M]: 0x80001FD8 (0x66758593) addi a1, a1, 1639
x11 <- 0x66666667


mem[X,0x80001FDC] -> 0x4633
mem[X,0x80001FDE] -> 0x02B5
[2044] [M]: 0x80001FDC (0x02B54633) div a2, a0, a1
x12 <- 0x00000000


mem[X,0x80001FE0] -> 0xA423
mem[X,0x80001FE2] -> 0x56C0
[2045] [M]: 0x80001FE0 (0x56C0A423) sw a2, 1384(ra)
mem[0x80005800] <- 0x00000000


mem[X,0x80001FE4] -> 0x3537
mem[X,0x80001FE6] -> 0x3333
[2046] [M]: 0x80001FE4 (0x33333537) lui a0, 209715
x10 <- 0x33333000


mem[X,0x80001FE8] -> 0x0513
mem[X,0x80001FEA] -> 0x3345
[2047] [M]: 0x80001FE8 (0x33450513) addi a0, a0, 820
x10 <- 0x33333334


mem[X,0x80001FEC] -> 0x55B7
mem[X,0x80001FEE] -> 0xFFFF
[2048] [M]: 0x80001FEC (0xFFFF55B7) lui a1, 1048565
x11 <- 0xFFFF5000


mem[X,0x80001FF0] -> 0x8593
mem[X,0x80001FF2] -> 0xAFD5
[2049] [M]: 0x80001FF0 (0xAFD58593) addi a1, a1, 2813
x11 <- 0xFFFF4AFD


mem[X,0x80001FF4] -> 0x4633
mem[X,0x80001FF6] -> 0x02B5
[2050] [M]: 0x80001FF4 (0x02B54633) div a2, a0, a1
x12 <- 0xFFFFB797


mem[X,0x80001FF8] -> 0xA623
mem[X,0x80001FFA] -> 0x56C0
[2051] [M]: 0x80001FF8 (0x56C0A623) sw a2, 1388(ra)
mem[0x80005804] <- 0xFFFFB797


mem[X,0x80001FFC] -> 0x3537
mem[X,0x80001FFE] -> 0x3333
[2052] [M]: 0x80001FFC (0x33333537) lui a0, 209715
x10 <- 0x33333000


mem[X,0x80002000] -> 0x0513
mem[X,0x80002002] -> 0x3345
[2053] [M]: 0x80002000 (0x33450513) addi a0, a0, 820
x10 <- 0x33333334


mem[X,0x80002004] -> 0xB5B7
mem[X,0x80002006] -> 0x0000
[2054] [M]: 0x80002004 (0x0000B5B7) lui a1, 11
x11 <- 0x0000B000


mem[X,0x80002008] -> 0x8593
mem[X,0x8000200A] -> 0x5055
[2055] [M]: 0x80002008 (0x50558593) addi a1, a1, 1285
x11 <- 0x0000B505


mem[X,0x8000200C] -> 0x4633
mem[X,0x8000200E] -> 0x02B5
[2056] [M]: 0x8000200C (0x02B54633) div a2, a0, a1
x12 <- 0x00004868


mem[X,0x80002010] -> 0xA823
mem[X,0x80002012] -> 0x56C0
[2057] [M]: 0x80002010 (0x56C0A823) sw a2, 1392(ra)
mem[0x80005808] <- 0x00004868


mem[X,0x80002014] -> 0x6537
mem[X,0x80002016] -> 0x6666
[2058] [M]: 0x80002014 (0x66666537) lui a0, 419430
x10 <- 0x66666000


mem[X,0x80002018] -> 0x0513
mem[X,0x8000201A] -> 0x6675
[2059] [M]: 0x80002018 (0x66750513) addi a0, a0, 1639
x10 <- 0x66666667


mem[X,0x8000201C] -> 0x0593
mem[X,0x8000201E] -> 0x0030
[2060] [M]: 0x8000201C (0x00300593) addi a1, zero, 3
x11 <- 0x00000003


mem[X,0x80002020] -> 0x4633
mem[X,0x80002022] -> 0x02B5
[2061] [M]: 0x80002020 (0x02B54633) div a2, a0, a1
x12 <- 0x22222222


mem[X,0x80002024] -> 0xAA23
mem[X,0x80002026] -> 0x56C0
[2062] [M]: 0x80002024 (0x56C0AA23) sw a2, 1396(ra)
mem[0x8000580C] <- 0x22222222


mem[X,0x80002028] -> 0x6537
mem[X,0x8000202A] -> 0x6666
[2063] [M]: 0x80002028 (0x66666537) lui a0, 419430
x10 <- 0x66666000


mem[X,0x8000202C] -> 0x0513
mem[X,0x8000202E] -> 0x6675
[2064] [M]: 0x8000202C (0x66750513) addi a0, a0, 1639
x10 <- 0x66666667


mem[X,0x80002030] -> 0x55B7
mem[X,0x80002032] -> 0x5555
[2065] [M]: 0x80002030 (0x555555B7) lui a1, 349525
x11 <- 0x55555000


mem[X,0x80002034] -> 0x8593
mem[X,0x80002036] -> 0x5555
[2066] [M]: 0x80002034 (0x55558593) addi a1, a1, 1365
x11 <- 0x55555555


mem[X,0x80002038] -> 0x4633
mem[X,0x8000203A] -> 0x02B5
[2067] [M]: 0x80002038 (0x02B54633) div a2, a0, a1
x12 <- 0x00000001


mem[X,0x8000203C] -> 0xAC23
mem[X,0x8000203E] -> 0x56C0
[2068] [M]: 0x8000203C (0x56C0AC23) sw a2, 1400(ra)
mem[0x80005810] <- 0x00000001


mem[X,0x80002040] -> 0x6537
mem[X,0x80002042] -> 0x6666
[2069] [M]: 0x80002040 (0x66666537) lui a0, 419430
x10 <- 0x66666000


mem[X,0x80002044] -> 0x0513
mem[X,0x80002046] -> 0x6675
[2070] [M]: 0x80002044 (0x66750513) addi a0, a0, 1639
x10 <- 0x66666667


mem[X,0x80002048] -> 0xB5B7
mem[X,0x8000204A] -> 0xAAAA
[2071] [M]: 0x80002048 (0xAAAAB5B7) lui a1, 699051
x11 <- 0xAAAAB000


mem[X,0x8000204C] -> 0x8593
mem[X,0x8000204E] -> 0xAAA5
[2072] [M]: 0x8000204C (0xAAA58593) addi a1, a1, 2730
x11 <- 0xAAAAAAAA


mem[X,0x80002050] -> 0x4633
mem[X,0x80002052] -> 0x02B5
[2073] [M]: 0x80002050 (0x02B54633) div a2, a0, a1
x12 <- 0xFFFFFFFF


mem[X,0x80002054] -> 0xAE23
mem[X,0x80002056] -> 0x56C0
[2074] [M]: 0x80002054 (0x56C0AE23) sw a2, 1404(ra)
mem[0x80005814] <- 0xFFFFFFFF


mem[X,0x80002058] -> 0x6537
mem[X,0x8000205A] -> 0x6666
[2075] [M]: 0x80002058 (0x66666537) lui a0, 419430
x10 <- 0x66666000


mem[X,0x8000205C] -> 0x0513
mem[X,0x8000205E] -> 0x6675
[2076] [M]: 0x8000205C (0x66750513) addi a0, a0, 1639
x10 <- 0x66666667


mem[X,0x80002060] -> 0x0593
mem[X,0x80002062] -> 0x0050
[2077] [M]: 0x80002060 (0x00500593) addi a1, zero, 5
x11 <- 0x00000005


mem[X,0x80002064] -> 0x4633
mem[X,0x80002066] -> 0x02B5
[2078] [M]: 0x80002064 (0x02B54633) div a2, a0, a1
x12 <- 0x147AE147


mem[X,0x80002068] -> 0xA023
mem[X,0x8000206A] -> 0x58C0
[2079] [M]: 0x80002068 (0x58C0A023) sw a2, 1408(ra)
mem[0x80005818] <- 0x147AE147


mem[X,0x8000206C] -> 0x6537
mem[X,0x8000206E] -> 0x6666
[2080] [M]: 0x8000206C (0x66666537) lui a0, 419430
x10 <- 0x66666000


mem[X,0x80002070] -> 0x0513
mem[X,0x80002072] -> 0x6675
[2081] [M]: 0x80002070 (0x66750513) addi a0, a0, 1639
x10 <- 0x66666667


mem[X,0x80002074] -> 0x35B7
mem[X,0x80002076] -> 0x3333
[2082] [M]: 0x80002074 (0x333335B7) lui a1, 209715
x11 <- 0x33333000


mem[X,0x80002078] -> 0x8593
mem[X,0x8000207A] -> 0x3335
[2083] [M]: 0x80002078 (0x33358593) addi a1, a1, 819
x11 <- 0x33333333


mem[X,0x8000207C] -> 0x4633
mem[X,0x8000207E] -> 0x02B5
[2084] [M]: 0x8000207C (0x02B54633) div a2, a0, a1
x12 <- 0x00000002


mem[X,0x80002080] -> 0xA223
mem[X,0x80002082] -> 0x58C0
[2085] [M]: 0x80002080 (0x58C0A223) sw a2, 1412(ra)
mem[0x8000581C] <- 0x00000002


mem[X,0x80002084] -> 0x6537
mem[X,0x80002086] -> 0x6666
[2086] [M]: 0x80002084 (0x66666537) lui a0, 419430
x10 <- 0x66666000


mem[X,0x80002088] -> 0x0513
mem[X,0x8000208A] -> 0x6675
[2087] [M]: 0x80002088 (0x66750513) addi a0, a0, 1639
x10 <- 0x66666667


mem[X,0x8000208C] -> 0x65B7
mem[X,0x8000208E] -> 0x6666
[2088] [M]: 0x8000208C (0x666665B7) lui a1, 419430
x11 <- 0x66666000


mem[X,0x80002090] -> 0x8593
mem[X,0x80002092] -> 0x6665
[2089] [M]: 0x80002090 (0x66658593) addi a1, a1, 1638
x11 <- 0x66666666


mem[X,0x80002094] -> 0x4633
mem[X,0x80002096] -> 0x02B5
[2090] [M]: 0x80002094 (0x02B54633) div a2, a0, a1
x12 <- 0x00000001


mem[X,0x80002098] -> 0xA423
mem[X,0x8000209A] -> 0x58C0
[2091] [M]: 0x80002098 (0x58C0A423) sw a2, 1416(ra)
mem[0x80005820] <- 0x00000001


mem[X,0x8000209C] -> 0x6537
mem[X,0x8000209E] -> 0x6666
[2092] [M]: 0x8000209C (0x66666537) lui a0, 419430
x10 <- 0x66666000


mem[X,0x800020A0] -> 0x0513
mem[X,0x800020A2] -> 0x6675
[2093] [M]: 0x800020A0 (0x66750513) addi a0, a0, 1639
x10 <- 0x66666667


mem[X,0x800020A4] -> 0x55B7
mem[X,0x800020A6] -> 0xFFFF
[2094] [M]: 0x800020A4 (0xFFFF55B7) lui a1, 1048565
x11 <- 0xFFFF5000


mem[X,0x800020A8] -> 0x8593
mem[X,0x800020AA] -> 0xAFC5
[2095] [M]: 0x800020A8 (0xAFC58593) addi a1, a1, 2812
x11 <- 0xFFFF4AFC


mem[X,0x800020AC] -> 0x4633
mem[X,0x800020AE] -> 0x02B5
[2096] [M]: 0x800020AC (0x02B54633) div a2, a0, a1
x12 <- 0xFFFF6F2F


mem[X,0x800020B0] -> 0xA623
mem[X,0x800020B2] -> 0x58C0
[2097] [M]: 0x800020B0 (0x58C0A623) sw a2, 1420(ra)
mem[0x80005824] <- 0xFFFF6F2F


mem[X,0x800020B4] -> 0x6537
mem[X,0x800020B6] -> 0x6666
[2098] [M]: 0x800020B4 (0x66666537) lui a0, 419430
x10 <- 0x66666000


mem[X,0x800020B8] -> 0x0513
mem[X,0x800020BA] -> 0x6675
[2099] [M]: 0x800020B8 (0x66750513) addi a0, a0, 1639
x10 <- 0x66666667


clint::tick mtime <- 0x0000000000000015
 clint timer pending at mtime 0x0000000000000015
htif::tick 0x0000000000000000
mem[X,0x800020BC] -> 0xB5B7
mem[X,0x800020BE] -> 0x0000
[2100] [M]: 0x800020BC (0x0000B5B7) lui a1, 11
x11 <- 0x0000B000


mem[X,0x800020C0] -> 0x8593
mem[X,0x800020C2] -> 0x5045
[2101] [M]: 0x800020C0 (0x50458593) addi a1, a1, 1284
x11 <- 0x0000B504


mem[X,0x800020C4] -> 0x4633
mem[X,0x800020C6] -> 0x02B5
[2102] [M]: 0x800020C4 (0x02B54633) div a2, a0, a1
x12 <- 0x000090D1


mem[X,0x800020C8] -> 0xA823
mem[X,0x800020CA] -> 0x58C0
[2103] [M]: 0x800020C8 (0x58C0A823) sw a2, 1424(ra)
mem[0x80005828] <- 0x000090D1


mem[X,0x800020CC] -> 0x6537
mem[X,0x800020CE] -> 0x6666
[2104] [M]: 0x800020CC (0x66666537) lui a0, 419430
x10 <- 0x66666000


mem[X,0x800020D0] -> 0x0513
mem[X,0x800020D2] -> 0x6675
[2105] [M]: 0x800020D0 (0x66750513) addi a0, a0, 1639
x10 <- 0x66666667


mem[X,0x800020D4] -> 0x0593
mem[X,0x800020D6] -> 0x0020
[2106] [M]: 0x800020D4 (0x00200593) addi a1, zero, 2
x11 <- 0x00000002


mem[X,0x800020D8] -> 0x4633
mem[X,0x800020DA] -> 0x02B5
[2107] [M]: 0x800020D8 (0x02B54633) div a2, a0, a1
x12 <- 0x33333333


mem[X,0x800020DC] -> 0xAA23
mem[X,0x800020DE] -> 0x58C0
[2108] [M]: 0x800020DC (0x58C0AA23) sw a2, 1428(ra)
mem[0x8000582C] <- 0x33333333


mem[X,0x800020E0] -> 0x6537
mem[X,0x800020E2] -> 0x6666
[2109] [M]: 0x800020E0 (0x66666537) lui a0, 419430
x10 <- 0x66666000


mem[X,0x800020E4] -> 0x0513
mem[X,0x800020E6] -> 0x6675
[2110] [M]: 0x800020E4 (0x66750513) addi a0, a0, 1639
x10 <- 0x66666667


mem[X,0x800020E8] -> 0x55B7
mem[X,0x800020EA] -> 0x5555
[2111] [M]: 0x800020E8 (0x555555B7) lui a1, 349525
x11 <- 0x55555000


mem[X,0x800020EC] -> 0x8593
mem[X,0x800020EE] -> 0x5545
[2112] [M]: 0x800020EC (0x55458593) addi a1, a1, 1364
x11 <- 0x55555554


mem[X,0x800020F0] -> 0x4633
mem[X,0x800020F2] -> 0x02B5
[2113] [M]: 0x800020F0 (0x02B54633) div a2, a0, a1
x12 <- 0x00000001


mem[X,0x800020F4] -> 0xAC23
mem[X,0x800020F6] -> 0x58C0
[2114] [M]: 0x800020F4 (0x58C0AC23) sw a2, 1432(ra)
mem[0x80005830] <- 0x00000001


mem[X,0x800020F8] -> 0x6537
mem[X,0x800020FA] -> 0x6666
[2115] [M]: 0x800020F8 (0x66666537) lui a0, 419430
x10 <- 0x66666000


mem[X,0x800020FC] -> 0x0513
mem[X,0x800020FE] -> 0x6675
[2116] [M]: 0x800020FC (0x66750513) addi a0, a0, 1639
x10 <- 0x66666667


mem[X,0x80002100] -> 0x0593
mem[X,0x80002102] -> 0x0000
[2117] [M]: 0x80002100 (0x00000593) addi a1, zero, 0
x11 <- 0x00000000


mem[X,0x80002104] -> 0x4633
mem[X,0x80002106] -> 0x02B5
[2118] [M]: 0x80002104 (0x02B54633) div a2, a0, a1
x12 <- 0xFFFFFFFF


mem[X,0x80002108] -> 0xAE23
mem[X,0x8000210A] -> 0x58C0
[2119] [M]: 0x80002108 (0x58C0AE23) sw a2, 1436(ra)
mem[0x80005834] <- 0xFFFFFFFF


mem[X,0x8000210C] -> 0x6537
mem[X,0x8000210E] -> 0x6666
[2120] [M]: 0x8000210C (0x66666537) lui a0, 419430
x10 <- 0x66666000


mem[X,0x80002110] -> 0x0513
mem[X,0x80002112] -> 0x6675
[2121] [M]: 0x80002110 (0x66750513) addi a0, a0, 1639
x10 <- 0x66666667


mem[X,0x80002114] -> 0x0593
mem[X,0x80002116] -> 0x0040
[2122] [M]: 0x80002114 (0x00400593) addi a1, zero, 4
x11 <- 0x00000004


mem[X,0x80002118] -> 0x4633
mem[X,0x8000211A] -> 0x02B5
[2123] [M]: 0x80002118 (0x02B54633) div a2, a0, a1
x12 <- 0x19999999


mem[X,0x8000211C] -> 0xA023
mem[X,0x8000211E] -> 0x5AC0
[2124] [M]: 0x8000211C (0x5AC0A023) sw a2, 1440(ra)
mem[0x80005838] <- 0x19999999


mem[X,0x80002120] -> 0x6537
mem[X,0x80002122] -> 0x6666
[2125] [M]: 0x80002120 (0x66666537) lui a0, 419430
x10 <- 0x66666000


mem[X,0x80002124] -> 0x0513
mem[X,0x80002126] -> 0x6675
[2126] [M]: 0x80002124 (0x66750513) addi a0, a0, 1639
x10 <- 0x66666667


mem[X,0x80002128] -> 0x35B7
mem[X,0x8000212A] -> 0x3333
[2127] [M]: 0x80002128 (0x333335B7) lui a1, 209715
x11 <- 0x33333000


mem[X,0x8000212C] -> 0x8593
mem[X,0x8000212E] -> 0x3325
[2128] [M]: 0x8000212C (0x33258593) addi a1, a1, 818
x11 <- 0x33333332


mem[X,0x80002130] -> 0x4633
mem[X,0x80002132] -> 0x02B5
[2129] [M]: 0x80002130 (0x02B54633) div a2, a0, a1
x12 <- 0x00000002


mem[X,0x80002134] -> 0xA223
mem[X,0x80002136] -> 0x5AC0
[2130] [M]: 0x80002134 (0x5AC0A223) sw a2, 1444(ra)
mem[0x8000583C] <- 0x00000002


mem[X,0x80002138] -> 0x6537
mem[X,0x8000213A] -> 0x6666
[2131] [M]: 0x80002138 (0x66666537) lui a0, 419430
x10 <- 0x66666000


mem[X,0x8000213C] -> 0x0513
mem[X,0x8000213E] -> 0x6675
[2132] [M]: 0x8000213C (0x66750513) addi a0, a0, 1639
x10 <- 0x66666667


mem[X,0x80002140] -> 0x65B7
mem[X,0x80002142] -> 0x6666
[2133] [M]: 0x80002140 (0x666665B7) lui a1, 419430
x11 <- 0x66666000


mem[X,0x80002144] -> 0x8593
mem[X,0x80002146] -> 0x6655
[2134] [M]: 0x80002144 (0x66558593) addi a1, a1, 1637
x11 <- 0x66666665


mem[X,0x80002148] -> 0x4633
mem[X,0x8000214A] -> 0x02B5
[2135] [M]: 0x80002148 (0x02B54633) div a2, a0, a1
x12 <- 0x00000001


mem[X,0x8000214C] -> 0xA423
mem[X,0x8000214E] -> 0x5AC0
[2136] [M]: 0x8000214C (0x5AC0A423) sw a2, 1448(ra)
mem[0x80005840] <- 0x00000001


mem[X,0x80002150] -> 0x6537
mem[X,0x80002152] -> 0x6666
[2137] [M]: 0x80002150 (0x66666537) lui a0, 419430
x10 <- 0x66666000


mem[X,0x80002154] -> 0x0513
mem[X,0x80002156] -> 0x6675
[2138] [M]: 0x80002154 (0x66750513) addi a0, a0, 1639
x10 <- 0x66666667


mem[X,0x80002158] -> 0xB5B7
mem[X,0x8000215A] -> 0x0000
[2139] [M]: 0x80002158 (0x0000B5B7) lui a1, 11
x11 <- 0x0000B000


mem[X,0x8000215C] -> 0x8593
mem[X,0x8000215E] -> 0x5035
[2140] [M]: 0x8000215C (0x50358593) addi a1, a1, 1283
x11 <- 0x0000B503


mem[X,0x80002160] -> 0x4633
mem[X,0x80002162] -> 0x02B5
[2141] [M]: 0x80002160 (0x02B54633) div a2, a0, a1
x12 <- 0x000090D2


mem[X,0x80002164] -> 0xA623
mem[X,0x80002166] -> 0x5AC0
[2142] [M]: 0x80002164 (0x5AC0A623) sw a2, 1452(ra)
mem[0x80005844] <- 0x000090D2


mem[X,0x80002168] -> 0x6537
mem[X,0x8000216A] -> 0x6666
[2143] [M]: 0x80002168 (0x66666537) lui a0, 419430
x10 <- 0x66666000


mem[X,0x8000216C] -> 0x0513
mem[X,0x8000216E] -> 0x6675
[2144] [M]: 0x8000216C (0x66750513) addi a0, a0, 1639
x10 <- 0x66666667


mem[X,0x80002170] -> 0x55B7
mem[X,0x80002172] -> 0x5555
[2145] [M]: 0x80002170 (0x555555B7) lui a1, 349525
x11 <- 0x55555000


mem[X,0x80002174] -> 0x8593
mem[X,0x80002176] -> 0x5565
[2146] [M]: 0x80002174 (0x55658593) addi a1, a1, 1366
x11 <- 0x55555556


mem[X,0x80002178] -> 0x4633
mem[X,0x8000217A] -> 0x02B5
[2147] [M]: 0x80002178 (0x02B54633) div a2, a0, a1
x12 <- 0x00000001


mem[X,0x8000217C] -> 0xA823
mem[X,0x8000217E] -> 0x5AC0
[2148] [M]: 0x8000217C (0x5AC0A823) sw a2, 1456(ra)
mem[0x80005848] <- 0x00000001


mem[X,0x80002180] -> 0x6537
mem[X,0x80002182] -> 0x6666
[2149] [M]: 0x80002180 (0x66666537) lui a0, 419430
x10 <- 0x66666000


mem[X,0x80002184] -> 0x0513
mem[X,0x80002186] -> 0x6675
[2150] [M]: 0x80002184 (0x66750513) addi a0, a0, 1639
x10 <- 0x66666667


mem[X,0x80002188] -> 0xB5B7
mem[X,0x8000218A] -> 0xAAAA
[2151] [M]: 0x80002188 (0xAAAAB5B7) lui a1, 699051
x11 <- 0xAAAAB000


mem[X,0x8000218C] -> 0x8593
mem[X,0x8000218E] -> 0xAAB5
[2152] [M]: 0x8000218C (0xAAB58593) addi a1, a1, 2731
x11 <- 0xAAAAAAAB


mem[X,0x80002190] -> 0x4633
mem[X,0x80002192] -> 0x02B5
[2153] [M]: 0x80002190 (0x02B54633) div a2, a0, a1
x12 <- 0xFFFFFFFF


mem[X,0x80002194] -> 0xAA23
mem[X,0x80002196] -> 0x5AC0
[2154] [M]: 0x80002194 (0x5AC0AA23) sw a2, 1460(ra)
mem[0x8000584C] <- 0xFFFFFFFF


mem[X,0x80002198] -> 0x6537
mem[X,0x8000219A] -> 0x6666
[2155] [M]: 0x80002198 (0x66666537) lui a0, 419430
x10 <- 0x66666000


mem[X,0x8000219C] -> 0x0513
mem[X,0x8000219E] -> 0x6675
[2156] [M]: 0x8000219C (0x66750513) addi a0, a0, 1639
x10 <- 0x66666667


mem[X,0x800021A0] -> 0x0593
mem[X,0x800021A2] -> 0x0060
[2157] [M]: 0x800021A0 (0x00600593) addi a1, zero, 6
x11 <- 0x00000006


mem[X,0x800021A4] -> 0x4633
mem[X,0x800021A6] -> 0x02B5
[2158] [M]: 0x800021A4 (0x02B54633) div a2, a0, a1
x12 <- 0x11111111


mem[X,0x800021A8] -> 0xAC23
mem[X,0x800021AA] -> 0x5AC0
[2159] [M]: 0x800021A8 (0x5AC0AC23) sw a2, 1464(ra)
mem[0x80005850] <- 0x11111111


mem[X,0x800021AC] -> 0x6537
mem[X,0x800021AE] -> 0x6666
[2160] [M]: 0x800021AC (0x66666537) lui a0, 419430
x10 <- 0x66666000


mem[X,0x800021B0] -> 0x0513
mem[X,0x800021B2] -> 0x6675
[2161] [M]: 0x800021B0 (0x66750513) addi a0, a0, 1639
x10 <- 0x66666667


mem[X,0x800021B4] -> 0x35B7
mem[X,0x800021B6] -> 0x3333
[2162] [M]: 0x800021B4 (0x333335B7) lui a1, 209715
x11 <- 0x33333000


mem[X,0x800021B8] -> 0x8593
mem[X,0x800021BA] -> 0x3345
[2163] [M]: 0x800021B8 (0x33458593) addi a1, a1, 820
x11 <- 0x33333334


mem[X,0x800021BC] -> 0x4633
mem[X,0x800021BE] -> 0x02B5
[2164] [M]: 0x800021BC (0x02B54633) div a2, a0, a1
x12 <- 0x00000001


mem[X,0x800021C0] -> 0xAE23
mem[X,0x800021C2] -> 0x5AC0
[2165] [M]: 0x800021C0 (0x5AC0AE23) sw a2, 1468(ra)
mem[0x80005854] <- 0x00000001


mem[X,0x800021C4] -> 0x6537
mem[X,0x800021C6] -> 0x6666
[2166] [M]: 0x800021C4 (0x66666537) lui a0, 419430
x10 <- 0x66666000


mem[X,0x800021C8] -> 0x0513
mem[X,0x800021CA] -> 0x6675
[2167] [M]: 0x800021C8 (0x66750513) addi a0, a0, 1639
x10 <- 0x66666667


mem[X,0x800021CC] -> 0x65B7
mem[X,0x800021CE] -> 0x6666
[2168] [M]: 0x800021CC (0x666665B7) lui a1, 419430
x11 <- 0x66666000


mem[X,0x800021D0] -> 0x8593
mem[X,0x800021D2] -> 0x6675
[2169] [M]: 0x800021D0 (0x66758593) addi a1, a1, 1639
x11 <- 0x66666667


mem[X,0x800021D4] -> 0x4633
mem[X,0x800021D6] -> 0x02B5
[2170] [M]: 0x800021D4 (0x02B54633) div a2, a0, a1
x12 <- 0x00000001


mem[X,0x800021D8] -> 0xA023
mem[X,0x800021DA] -> 0x5CC0
[2171] [M]: 0x800021D8 (0x5CC0A023) sw a2, 1472(ra)
mem[0x80005858] <- 0x00000001


mem[X,0x800021DC] -> 0x6537
mem[X,0x800021DE] -> 0x6666
[2172] [M]: 0x800021DC (0x66666537) lui a0, 419430
x10 <- 0x66666000


mem[X,0x800021E0] -> 0x0513
mem[X,0x800021E2] -> 0x6675
[2173] [M]: 0x800021E0 (0x66750513) addi a0, a0, 1639
x10 <- 0x66666667


mem[X,0x800021E4] -> 0x55B7
mem[X,0x800021E6] -> 0xFFFF
[2174] [M]: 0x800021E4 (0xFFFF55B7) lui a1, 1048565
x11 <- 0xFFFF5000


mem[X,0x800021E8] -> 0x8593
mem[X,0x800021EA] -> 0xAFD5
[2175] [M]: 0x800021E8 (0xAFD58593) addi a1, a1, 2813
x11 <- 0xFFFF4AFD


mem[X,0x800021EC] -> 0x4633
mem[X,0x800021EE] -> 0x02B5
[2176] [M]: 0x800021EC (0x02B54633) div a2, a0, a1
x12 <- 0xFFFF6F2E


mem[X,0x800021F0] -> 0xA223
mem[X,0x800021F2] -> 0x5CC0
[2177] [M]: 0x800021F0 (0x5CC0A223) sw a2, 1476(ra)
mem[0x8000585C] <- 0xFFFF6F2E


mem[X,0x800021F4] -> 0x6537
mem[X,0x800021F6] -> 0x6666
[2178] [M]: 0x800021F4 (0x66666537) lui a0, 419430
x10 <- 0x66666000


mem[X,0x800021F8] -> 0x0513
mem[X,0x800021FA] -> 0x6675
[2179] [M]: 0x800021F8 (0x66750513) addi a0, a0, 1639
x10 <- 0x66666667


mem[X,0x800021FC] -> 0xB5B7
mem[X,0x800021FE] -> 0x0000
[2180] [M]: 0x800021FC (0x0000B5B7) lui a1, 11
x11 <- 0x0000B000


mem[X,0x80002200] -> 0x8593
mem[X,0x80002202] -> 0x5055
[2181] [M]: 0x80002200 (0x50558593) addi a1, a1, 1285
x11 <- 0x0000B505


mem[X,0x80002204] -> 0x4633
mem[X,0x80002206] -> 0x02B5
[2182] [M]: 0x80002204 (0x02B54633) div a2, a0, a1
x12 <- 0x000090D0


mem[X,0x80002208] -> 0xA423
mem[X,0x8000220A] -> 0x5CC0
[2183] [M]: 0x80002208 (0x5CC0A423) sw a2, 1480(ra)
mem[0x80005860] <- 0x000090D0


mem[X,0x8000220C] -> 0x5537
mem[X,0x8000220E] -> 0xFFFF
[2184] [M]: 0x8000220C (0xFFFF5537) lui a0, 1048565
x10 <- 0xFFFF5000


mem[X,0x80002210] -> 0x0513
mem[X,0x80002212] -> 0xAFD5
[2185] [M]: 0x80002210 (0xAFD50513) addi a0, a0, 2813
x10 <- 0xFFFF4AFD


mem[X,0x80002214] -> 0x0593
mem[X,0x80002216] -> 0x0030
[2186] [M]: 0x80002214 (0x00300593) addi a1, zero, 3
x11 <- 0x00000003


mem[X,0x80002218] -> 0x4633
mem[X,0x8000221A] -> 0x02B5
[2187] [M]: 0x80002218 (0x02B54633) div a2, a0, a1
x12 <- 0xFFFFC3AA


mem[X,0x8000221C] -> 0xA623
mem[X,0x8000221E] -> 0x5CC0
[2188] [M]: 0x8000221C (0x5CC0A623) sw a2, 1484(ra)
mem[0x80005864] <- 0xFFFFC3AA


mem[X,0x80002220] -> 0x5537
mem[X,0x80002222] -> 0xFFFF
[2189] [M]: 0x80002220 (0xFFFF5537) lui a0, 1048565
x10 <- 0xFFFF5000


mem[X,0x80002224] -> 0x0513
mem[X,0x80002226] -> 0xAFD5
[2190] [M]: 0x80002224 (0xAFD50513) addi a0, a0, 2813
x10 <- 0xFFFF4AFD


mem[X,0x80002228] -> 0x55B7
mem[X,0x8000222A] -> 0x5555
[2191] [M]: 0x80002228 (0x555555B7) lui a1, 349525
x11 <- 0x55555000


mem[X,0x8000222C] -> 0x8593
mem[X,0x8000222E] -> 0x5555
[2192] [M]: 0x8000222C (0x55558593) addi a1, a1, 1365
x11 <- 0x55555555


mem[X,0x80002230] -> 0x4633
mem[X,0x80002232] -> 0x02B5
[2193] [M]: 0x80002230 (0x02B54633) div a2, a0, a1
x12 <- 0x00000000


mem[X,0x80002234] -> 0xA823
mem[X,0x80002236] -> 0x5CC0
[2194] [M]: 0x80002234 (0x5CC0A823) sw a2, 1488(ra)
mem[0x80005868] <- 0x00000000


mem[X,0x80002238] -> 0x5537
mem[X,0x8000223A] -> 0xFFFF
[2195] [M]: 0x80002238 (0xFFFF5537) lui a0, 1048565
x10 <- 0xFFFF5000


mem[X,0x8000223C] -> 0x0513
mem[X,0x8000223E] -> 0xAFD5
[2196] [M]: 0x8000223C (0xAFD50513) addi a0, a0, 2813
x10 <- 0xFFFF4AFD


mem[X,0x80002240] -> 0xB5B7
mem[X,0x80002242] -> 0xAAAA
[2197] [M]: 0x80002240 (0xAAAAB5B7) lui a1, 699051
x11 <- 0xAAAAB000


mem[X,0x80002244] -> 0x8593
mem[X,0x80002246] -> 0xAAA5
[2198] [M]: 0x80002244 (0xAAA58593) addi a1, a1, 2730
x11 <- 0xAAAAAAAA


mem[X,0x80002248] -> 0x4633
mem[X,0x8000224A] -> 0x02B5
[2199] [M]: 0x80002248 (0x02B54633) div a2, a0, a1
x12 <- 0x00000000


clint::tick mtime <- 0x0000000000000016
 clint timer pending at mtime 0x0000000000000016
htif::tick 0x0000000000000000
mem[X,0x8000224C] -> 0xAA23
mem[X,0x8000224E] -> 0x5CC0
[2200] [M]: 0x8000224C (0x5CC0AA23) sw a2, 1492(ra)
mem[0x8000586C] <- 0x00000000


mem[X,0x80002250] -> 0x5537
mem[X,0x80002252] -> 0xFFFF
[2201] [M]: 0x80002250 (0xFFFF5537) lui a0, 1048565
x10 <- 0xFFFF5000


mem[X,0x80002254] -> 0x0513
mem[X,0x80002256] -> 0xAFD5
[2202] [M]: 0x80002254 (0xAFD50513) addi a0, a0, 2813
x10 <- 0xFFFF4AFD


mem[X,0x80002258] -> 0x0593
mem[X,0x8000225A] -> 0x0050
[2203] [M]: 0x80002258 (0x00500593) addi a1, zero, 5
x11 <- 0x00000005


mem[X,0x8000225C] -> 0x4633
mem[X,0x8000225E] -> 0x02B5
[2204] [M]: 0x8000225C (0x02B54633) div a2, a0, a1
x12 <- 0xFFFFDBCD


mem[X,0x80002260] -> 0xAC23
mem[X,0x80002262] -> 0x5CC0
[2205] [M]: 0x80002260 (0x5CC0AC23) sw a2, 1496(ra)
mem[0x80005870] <- 0xFFFFDBCD


mem[X,0x80002264] -> 0x5537
mem[X,0x80002266] -> 0xFFFF
[2206] [M]: 0x80002264 (0xFFFF5537) lui a0, 1048565
x10 <- 0xFFFF5000


mem[X,0x80002268] -> 0x0513
mem[X,0x8000226A] -> 0xAFD5
[2207] [M]: 0x80002268 (0xAFD50513) addi a0, a0, 2813
x10 <- 0xFFFF4AFD


mem[X,0x8000226C] -> 0x35B7
mem[X,0x8000226E] -> 0x3333
[2208] [M]: 0x8000226C (0x333335B7) lui a1, 209715
x11 <- 0x33333000


mem[X,0x80002270] -> 0x8593
mem[X,0x80002272] -> 0x3335
[2209] [M]: 0x80002270 (0x33358593) addi a1, a1, 819
x11 <- 0x33333333


mem[X,0x80002274] -> 0x4633
mem[X,0x80002276] -> 0x02B5
[2210] [M]: 0x80002274 (0x02B54633) div a2, a0, a1
x12 <- 0x00000000


mem[X,0x80002278] -> 0xAE23
mem[X,0x8000227A] -> 0x5CC0
[2211] [M]: 0x80002278 (0x5CC0AE23) sw a2, 1500(ra)
mem[0x80005874] <- 0x00000000


mem[X,0x8000227C] -> 0x5537
mem[X,0x8000227E] -> 0xFFFF
[2212] [M]: 0x8000227C (0xFFFF5537) lui a0, 1048565
x10 <- 0xFFFF5000


mem[X,0x80002280] -> 0x0513
mem[X,0x80002282] -> 0xAFD5
[2213] [M]: 0x80002280 (0xAFD50513) addi a0, a0, 2813
x10 <- 0xFFFF4AFD


mem[X,0x80002284] -> 0x65B7
mem[X,0x80002286] -> 0x6666
[2214] [M]: 0x80002284 (0x666665B7) lui a1, 419430
x11 <- 0x66666000


mem[X,0x80002288] -> 0x8593
mem[X,0x8000228A] -> 0x6665
[2215] [M]: 0x80002288 (0x66658593) addi a1, a1, 1638
x11 <- 0x66666666


mem[X,0x8000228C] -> 0x4633
mem[X,0x8000228E] -> 0x02B5
[2216] [M]: 0x8000228C (0x02B54633) div a2, a0, a1
x12 <- 0x00000000


mem[X,0x80002290] -> 0xA023
mem[X,0x80002292] -> 0x5EC0
[2217] [M]: 0x80002290 (0x5EC0A023) sw a2, 1504(ra)
mem[0x80005878] <- 0x00000000


mem[X,0x80002294] -> 0x5537
mem[X,0x80002296] -> 0xFFFF
[2218] [M]: 0x80002294 (0xFFFF5537) lui a0, 1048565
x10 <- 0xFFFF5000


mem[X,0x80002298] -> 0x0513
mem[X,0x8000229A] -> 0xAFD5
[2219] [M]: 0x80002298 (0xAFD50513) addi a0, a0, 2813
x10 <- 0xFFFF4AFD


mem[X,0x8000229C] -> 0x55B7
mem[X,0x8000229E] -> 0xFFFF
[2220] [M]: 0x8000229C (0xFFFF55B7) lui a1, 1048565
x11 <- 0xFFFF5000


mem[X,0x800022A0] -> 0x8593
mem[X,0x800022A2] -> 0xAFC5
[2221] [M]: 0x800022A0 (0xAFC58593) addi a1, a1, 2812
x11 <- 0xFFFF4AFC


mem[X,0x800022A4] -> 0x4633
mem[X,0x800022A6] -> 0x02B5
[2222] [M]: 0x800022A4 (0x02B54633) div a2, a0, a1
x12 <- 0x00000000


mem[X,0x800022A8] -> 0xA223
mem[X,0x800022AA] -> 0x5EC0
[2223] [M]: 0x800022A8 (0x5EC0A223) sw a2, 1508(ra)
mem[0x8000587C] <- 0x00000000


mem[X,0x800022AC] -> 0x5537
mem[X,0x800022AE] -> 0xFFFF
[2224] [M]: 0x800022AC (0xFFFF5537) lui a0, 1048565
x10 <- 0xFFFF5000


mem[X,0x800022B0] -> 0x0513
mem[X,0x800022B2] -> 0xAFD5
[2225] [M]: 0x800022B0 (0xAFD50513) addi a0, a0, 2813
x10 <- 0xFFFF4AFD


mem[X,0x800022B4] -> 0xB5B7
mem[X,0x800022B6] -> 0x0000
[2226] [M]: 0x800022B4 (0x0000B5B7) lui a1, 11
x11 <- 0x0000B000


mem[X,0x800022B8] -> 0x8593
mem[X,0x800022BA] -> 0x5045
[2227] [M]: 0x800022B8 (0x50458593) addi a1, a1, 1284
x11 <- 0x0000B504


mem[X,0x800022BC] -> 0x4633
mem[X,0x800022BE] -> 0x02B5
[2228] [M]: 0x800022BC (0x02B54633) div a2, a0, a1
x12 <- 0x00000000


mem[X,0x800022C0] -> 0xA423
mem[X,0x800022C2] -> 0x5EC0
[2229] [M]: 0x800022C0 (0x5EC0A423) sw a2, 1512(ra)
mem[0x80005880] <- 0x00000000


mem[X,0x800022C4] -> 0x5537
mem[X,0x800022C6] -> 0xFFFF
[2230] [M]: 0x800022C4 (0xFFFF5537) lui a0, 1048565
x10 <- 0xFFFF5000


mem[X,0x800022C8] -> 0x0513
mem[X,0x800022CA] -> 0xAFD5
[2231] [M]: 0x800022C8 (0xAFD50513) addi a0, a0, 2813
x10 <- 0xFFFF4AFD


mem[X,0x800022CC] -> 0x0593
mem[X,0x800022CE] -> 0x0020
[2232] [M]: 0x800022CC (0x00200593) addi a1, zero, 2
x11 <- 0x00000002


mem[X,0x800022D0] -> 0x4633
mem[X,0x800022D2] -> 0x02B5
[2233] [M]: 0x800022D0 (0x02B54633) div a2, a0, a1
x12 <- 0xFFFFA57F


mem[X,0x800022D4] -> 0xA623
mem[X,0x800022D6] -> 0x5EC0
[2234] [M]: 0x800022D4 (0x5EC0A623) sw a2, 1516(ra)
mem[0x80005884] <- 0xFFFFA57F


mem[X,0x800022D8] -> 0x5537
mem[X,0x800022DA] -> 0xFFFF
[2235] [M]: 0x800022D8 (0xFFFF5537) lui a0, 1048565
x10 <- 0xFFFF5000


mem[X,0x800022DC] -> 0x0513
mem[X,0x800022DE] -> 0xAFD5
[2236] [M]: 0x800022DC (0xAFD50513) addi a0, a0, 2813
x10 <- 0xFFFF4AFD


mem[X,0x800022E0] -> 0x55B7
mem[X,0x800022E2] -> 0x5555
[2237] [M]: 0x800022E0 (0x555555B7) lui a1, 349525
x11 <- 0x55555000


mem[X,0x800022E4] -> 0x8593
mem[X,0x800022E6] -> 0x5545
[2238] [M]: 0x800022E4 (0x55458593) addi a1, a1, 1364
x11 <- 0x55555554


mem[X,0x800022E8] -> 0x4633
mem[X,0x800022EA] -> 0x02B5
[2239] [M]: 0x800022E8 (0x02B54633) div a2, a0, a1
x12 <- 0x00000000


mem[X,0x800022EC] -> 0xA823
mem[X,0x800022EE] -> 0x5EC0
[2240] [M]: 0x800022EC (0x5EC0A823) sw a2, 1520(ra)
mem[0x80005888] <- 0x00000000


mem[X,0x800022F0] -> 0x5537
mem[X,0x800022F2] -> 0xFFFF
[2241] [M]: 0x800022F0 (0xFFFF5537) lui a0, 1048565
x10 <- 0xFFFF5000


mem[X,0x800022F4] -> 0x0513
mem[X,0x800022F6] -> 0xAFD5
[2242] [M]: 0x800022F4 (0xAFD50513) addi a0, a0, 2813
x10 <- 0xFFFF4AFD


mem[X,0x800022F8] -> 0x0593
mem[X,0x800022FA] -> 0x0000
[2243] [M]: 0x800022F8 (0x00000593) addi a1, zero, 0
x11 <- 0x00000000


mem[X,0x800022FC] -> 0x4633
mem[X,0x800022FE] -> 0x02B5
[2244] [M]: 0x800022FC (0x02B54633) div a2, a0, a1
x12 <- 0xFFFFFFFF


mem[X,0x80002300] -> 0xAA23
mem[X,0x80002302] -> 0x5EC0
[2245] [M]: 0x80002300 (0x5EC0AA23) sw a2, 1524(ra)
mem[0x8000588C] <- 0xFFFFFFFF


mem[X,0x80002304] -> 0x5537
mem[X,0x80002306] -> 0xFFFF
[2246] [M]: 0x80002304 (0xFFFF5537) lui a0, 1048565
x10 <- 0xFFFF5000


mem[X,0x80002308] -> 0x0513
mem[X,0x8000230A] -> 0xAFD5
[2247] [M]: 0x80002308 (0xAFD50513) addi a0, a0, 2813
x10 <- 0xFFFF4AFD


mem[X,0x8000230C] -> 0x0593
mem[X,0x8000230E] -> 0x0040
[2248] [M]: 0x8000230C (0x00400593) addi a1, zero, 4
x11 <- 0x00000004


mem[X,0x80002310] -> 0x4633
mem[X,0x80002312] -> 0x02B5
[2249] [M]: 0x80002310 (0x02B54633) div a2, a0, a1
x12 <- 0xFFFFD2C0


mem[X,0x80002314] -> 0xAC23
mem[X,0x80002316] -> 0x5EC0
[2250] [M]: 0x80002314 (0x5EC0AC23) sw a2, 1528(ra)
mem[0x80005890] <- 0xFFFFD2C0


mem[X,0x80002318] -> 0x5537
mem[X,0x8000231A] -> 0xFFFF
[2251] [M]: 0x80002318 (0xFFFF5537) lui a0, 1048565
x10 <- 0xFFFF5000


mem[X,0x8000231C] -> 0x0513
mem[X,0x8000231E] -> 0xAFD5
[2252] [M]: 0x8000231C (0xAFD50513) addi a0, a0, 2813
x10 <- 0xFFFF4AFD


mem[X,0x80002320] -> 0x35B7
mem[X,0x80002322] -> 0x3333
[2253] [M]: 0x80002320 (0x333335B7) lui a1, 209715
x11 <- 0x33333000


mem[X,0x80002324] -> 0x8593
mem[X,0x80002326] -> 0x3325
[2254] [M]: 0x80002324 (0x33258593) addi a1, a1, 818
x11 <- 0x33333332


mem[X,0x80002328] -> 0x4633
mem[X,0x8000232A] -> 0x02B5
[2255] [M]: 0x80002328 (0x02B54633) div a2, a0, a1
x12 <- 0x00000000


mem[X,0x8000232C] -> 0xAE23
mem[X,0x8000232E] -> 0x5EC0
[2256] [M]: 0x8000232C (0x5EC0AE23) sw a2, 1532(ra)
mem[0x80005894] <- 0x00000000


mem[X,0x80002330] -> 0x5537
mem[X,0x80002332] -> 0xFFFF
[2257] [M]: 0x80002330 (0xFFFF5537) lui a0, 1048565
x10 <- 0xFFFF5000


mem[X,0x80002334] -> 0x0513
mem[X,0x80002336] -> 0xAFD5
[2258] [M]: 0x80002334 (0xAFD50513) addi a0, a0, 2813
x10 <- 0xFFFF4AFD


mem[X,0x80002338] -> 0x65B7
mem[X,0x8000233A] -> 0x6666
[2259] [M]: 0x80002338 (0x666665B7) lui a1, 419430
x11 <- 0x66666000


mem[X,0x8000233C] -> 0x8593
mem[X,0x8000233E] -> 0x6655
[2260] [M]: 0x8000233C (0x66558593) addi a1, a1, 1637
x11 <- 0x66666665


mem[X,0x80002340] -> 0x4633
mem[X,0x80002342] -> 0x02B5
[2261] [M]: 0x80002340 (0x02B54633) div a2, a0, a1
x12 <- 0x00000000


mem[X,0x80002344] -> 0xA023
mem[X,0x80002346] -> 0x60C0
[2262] [M]: 0x80002344 (0x60C0A023) sw a2, 1536(ra)
mem[0x80005898] <- 0x00000000


mem[X,0x80002348] -> 0x5537
mem[X,0x8000234A] -> 0xFFFF
[2263] [M]: 0x80002348 (0xFFFF5537) lui a0, 1048565
x10 <- 0xFFFF5000


mem[X,0x8000234C] -> 0x0513
mem[X,0x8000234E] -> 0xAFD5
[2264] [M]: 0x8000234C (0xAFD50513) addi a0, a0, 2813
x10 <- 0xFFFF4AFD


mem[X,0x80002350] -> 0xB5B7
mem[X,0x80002352] -> 0x0000
[2265] [M]: 0x80002350 (0x0000B5B7) lui a1, 11
x11 <- 0x0000B000


mem[X,0x80002354] -> 0x8593
mem[X,0x80002356] -> 0x5035
[2266] [M]: 0x80002354 (0x50358593) addi a1, a1, 1283
x11 <- 0x0000B503


mem[X,0x80002358] -> 0x4633
mem[X,0x8000235A] -> 0x02B5
[2267] [M]: 0x80002358 (0x02B54633) div a2, a0, a1
x12 <- 0xFFFFFFFF


mem[X,0x8000235C] -> 0xA223
mem[X,0x8000235E] -> 0x60C0
[2268] [M]: 0x8000235C (0x60C0A223) sw a2, 1540(ra)
mem[0x8000589C] <- 0xFFFFFFFF


mem[X,0x80002360] -> 0x5537
mem[X,0x80002362] -> 0xFFFF
[2269] [M]: 0x80002360 (0xFFFF5537) lui a0, 1048565
x10 <- 0xFFFF5000


mem[X,0x80002364] -> 0x0513
mem[X,0x80002366] -> 0xAFD5
[2270] [M]: 0x80002364 (0xAFD50513) addi a0, a0, 2813
x10 <- 0xFFFF4AFD


mem[X,0x80002368] -> 0x55B7
mem[X,0x8000236A] -> 0x5555
[2271] [M]: 0x80002368 (0x555555B7) lui a1, 349525
x11 <- 0x55555000


mem[X,0x8000236C] -> 0x8593
mem[X,0x8000236E] -> 0x5565
[2272] [M]: 0x8000236C (0x55658593) addi a1, a1, 1366
x11 <- 0x55555556


mem[X,0x80002370] -> 0x4633
mem[X,0x80002372] -> 0x02B5
[2273] [M]: 0x80002370 (0x02B54633) div a2, a0, a1
x12 <- 0x00000000


mem[X,0x80002374] -> 0xA423
mem[X,0x80002376] -> 0x60C0
[2274] [M]: 0x80002374 (0x60C0A423) sw a2, 1544(ra)
mem[0x800058A0] <- 0x00000000


mem[X,0x80002378] -> 0x5537
mem[X,0x8000237A] -> 0xFFFF
[2275] [M]: 0x80002378 (0xFFFF5537) lui a0, 1048565
x10 <- 0xFFFF5000


mem[X,0x8000237C] -> 0x0513
mem[X,0x8000237E] -> 0xAFD5
[2276] [M]: 0x8000237C (0xAFD50513) addi a0, a0, 2813
x10 <- 0xFFFF4AFD


mem[X,0x80002380] -> 0xB5B7
mem[X,0x80002382] -> 0xAAAA
[2277] [M]: 0x80002380 (0xAAAAB5B7) lui a1, 699051
x11 <- 0xAAAAB000


mem[X,0x80002384] -> 0x8593
mem[X,0x80002386] -> 0xAAB5
[2278] [M]: 0x80002384 (0xAAB58593) addi a1, a1, 2731
x11 <- 0xAAAAAAAB


mem[X,0x80002388] -> 0x4633
mem[X,0x8000238A] -> 0x02B5
[2279] [M]: 0x80002388 (0x02B54633) div a2, a0, a1
x12 <- 0x00000000


mem[X,0x8000238C] -> 0xA623
mem[X,0x8000238E] -> 0x60C0
[2280] [M]: 0x8000238C (0x60C0A623) sw a2, 1548(ra)
mem[0x800058A4] <- 0x00000000


mem[X,0x80002390] -> 0x5537
mem[X,0x80002392] -> 0xFFFF
[2281] [M]: 0x80002390 (0xFFFF5537) lui a0, 1048565
x10 <- 0xFFFF5000


mem[X,0x80002394] -> 0x0513
mem[X,0x80002396] -> 0xAFD5
[2282] [M]: 0x80002394 (0xAFD50513) addi a0, a0, 2813
x10 <- 0xFFFF4AFD


mem[X,0x80002398] -> 0x0593
mem[X,0x8000239A] -> 0x0060
[2283] [M]: 0x80002398 (0x00600593) addi a1, zero, 6
x11 <- 0x00000006


mem[X,0x8000239C] -> 0x4633
mem[X,0x8000239E] -> 0x02B5
[2284] [M]: 0x8000239C (0x02B54633) div a2, a0, a1
x12 <- 0xFFFFE1D5


mem[X,0x800023A0] -> 0xA823
mem[X,0x800023A2] -> 0x60C0
[2285] [M]: 0x800023A0 (0x60C0A823) sw a2, 1552(ra)
mem[0x800058A8] <- 0xFFFFE1D5


mem[X,0x800023A4] -> 0x5537
mem[X,0x800023A6] -> 0xFFFF
[2286] [M]: 0x800023A4 (0xFFFF5537) lui a0, 1048565
x10 <- 0xFFFF5000


mem[X,0x800023A8] -> 0x0513
mem[X,0x800023AA] -> 0xAFD5
[2287] [M]: 0x800023A8 (0xAFD50513) addi a0, a0, 2813
x10 <- 0xFFFF4AFD


mem[X,0x800023AC] -> 0x35B7
mem[X,0x800023AE] -> 0x3333
[2288] [M]: 0x800023AC (0x333335B7) lui a1, 209715
x11 <- 0x33333000


mem[X,0x800023B0] -> 0x8593
mem[X,0x800023B2] -> 0x3345
[2289] [M]: 0x800023B0 (0x33458593) addi a1, a1, 820
x11 <- 0x33333334


mem[X,0x800023B4] -> 0x4633
mem[X,0x800023B6] -> 0x02B5
[2290] [M]: 0x800023B4 (0x02B54633) div a2, a0, a1
x12 <- 0x00000000


mem[X,0x800023B8] -> 0xAA23
mem[X,0x800023BA] -> 0x60C0
[2291] [M]: 0x800023B8 (0x60C0AA23) sw a2, 1556(ra)
mem[0x800058AC] <- 0x00000000


mem[X,0x800023BC] -> 0x5537
mem[X,0x800023BE] -> 0xFFFF
[2292] [M]: 0x800023BC (0xFFFF5537) lui a0, 1048565
x10 <- 0xFFFF5000


mem[X,0x800023C0] -> 0x0513
mem[X,0x800023C2] -> 0xAFD5
[2293] [M]: 0x800023C0 (0xAFD50513) addi a0, a0, 2813
x10 <- 0xFFFF4AFD


mem[X,0x800023C4] -> 0x65B7
mem[X,0x800023C6] -> 0x6666
[2294] [M]: 0x800023C4 (0x666665B7) lui a1, 419430
x11 <- 0x66666000


mem[X,0x800023C8] -> 0x8593
mem[X,0x800023CA] -> 0x6675
[2295] [M]: 0x800023C8 (0x66758593) addi a1, a1, 1639
x11 <- 0x66666667


mem[X,0x800023CC] -> 0x4633
mem[X,0x800023CE] -> 0x02B5
[2296] [M]: 0x800023CC (0x02B54633) div a2, a0, a1
x12 <- 0x00000000


mem[X,0x800023D0] -> 0xAC23
mem[X,0x800023D2] -> 0x60C0
[2297] [M]: 0x800023D0 (0x60C0AC23) sw a2, 1560(ra)
mem[0x800058B0] <- 0x00000000


mem[X,0x800023D4] -> 0x5537
mem[X,0x800023D6] -> 0xFFFF
[2298] [M]: 0x800023D4 (0xFFFF5537) lui a0, 1048565
x10 <- 0xFFFF5000


mem[X,0x800023D8] -> 0x0513
mem[X,0x800023DA] -> 0xAFD5
[2299] [M]: 0x800023D8 (0xAFD50513) addi a0, a0, 2813
x10 <- 0xFFFF4AFD


clint::tick mtime <- 0x0000000000000017
 clint timer pending at mtime 0x0000000000000017
htif::tick 0x0000000000000000
mem[X,0x800023DC] -> 0x55B7
mem[X,0x800023DE] -> 0xFFFF
[2300] [M]: 0x800023DC (0xFFFF55B7) lui a1, 1048565
x11 <- 0xFFFF5000


mem[X,0x800023E0] -> 0x8593
mem[X,0x800023E2] -> 0xAFD5
[2301] [M]: 0x800023E0 (0xAFD58593) addi a1, a1, 2813
x11 <- 0xFFFF4AFD


mem[X,0x800023E4] -> 0x4633
mem[X,0x800023E6] -> 0x02B5
[2302] [M]: 0x800023E4 (0x02B54633) div a2, a0, a1
x12 <- 0x00000001


mem[X,0x800023E8] -> 0xAE23
mem[X,0x800023EA] -> 0x60C0
[2303] [M]: 0x800023E8 (0x60C0AE23) sw a2, 1564(ra)
mem[0x800058B4] <- 0x00000001


mem[X,0x800023EC] -> 0x5537
mem[X,0x800023EE] -> 0xFFFF
[2304] [M]: 0x800023EC (0xFFFF5537) lui a0, 1048565
x10 <- 0xFFFF5000


mem[X,0x800023F0] -> 0x0513
mem[X,0x800023F2] -> 0xAFD5
[2305] [M]: 0x800023F0 (0xAFD50513) addi a0, a0, 2813
x10 <- 0xFFFF4AFD


mem[X,0x800023F4] -> 0xB5B7
mem[X,0x800023F6] -> 0x0000
[2306] [M]: 0x800023F4 (0x0000B5B7) lui a1, 11
x11 <- 0x0000B000


mem[X,0x800023F8] -> 0x8593
mem[X,0x800023FA] -> 0x5055
[2307] [M]: 0x800023F8 (0x50558593) addi a1, a1, 1285
x11 <- 0x0000B505


mem[X,0x800023FC] -> 0x4633
mem[X,0x800023FE] -> 0x02B5
[2308] [M]: 0x800023FC (0x02B54633) div a2, a0, a1
x12 <- 0x00000000


mem[X,0x80002400] -> 0xA023
mem[X,0x80002402] -> 0x62C0
[2309] [M]: 0x80002400 (0x62C0A023) sw a2, 1568(ra)
mem[0x800058B8] <- 0x00000000


mem[X,0x80002404] -> 0xB537
mem[X,0x80002406] -> 0x0000
[2310] [M]: 0x80002404 (0x0000B537) lui a0, 11
x10 <- 0x0000B000


mem[X,0x80002408] -> 0x0513
mem[X,0x8000240A] -> 0x5055
[2311] [M]: 0x80002408 (0x50550513) addi a0, a0, 1285
x10 <- 0x0000B505


mem[X,0x8000240C] -> 0x0593
mem[X,0x8000240E] -> 0x0030
[2312] [M]: 0x8000240C (0x00300593) addi a1, zero, 3
x11 <- 0x00000003


mem[X,0x80002410] -> 0x4633
mem[X,0x80002412] -> 0x02B5
[2313] [M]: 0x80002410 (0x02B54633) div a2, a0, a1
x12 <- 0x00003C57


mem[X,0x80002414] -> 0xA223
mem[X,0x80002416] -> 0x62C0
[2314] [M]: 0x80002414 (0x62C0A223) sw a2, 1572(ra)
mem[0x800058BC] <- 0x00003C57


mem[X,0x80002418] -> 0xB537
mem[X,0x8000241A] -> 0x0000
[2315] [M]: 0x80002418 (0x0000B537) lui a0, 11
x10 <- 0x0000B000


mem[X,0x8000241C] -> 0x0513
mem[X,0x8000241E] -> 0x5055
[2316] [M]: 0x8000241C (0x50550513) addi a0, a0, 1285
x10 <- 0x0000B505


mem[X,0x80002420] -> 0x55B7
mem[X,0x80002422] -> 0x5555
[2317] [M]: 0x80002420 (0x555555B7) lui a1, 349525
x11 <- 0x55555000


mem[X,0x80002424] -> 0x8593
mem[X,0x80002426] -> 0x5555
[2318] [M]: 0x80002424 (0x55558593) addi a1, a1, 1365
x11 <- 0x55555555


mem[X,0x80002428] -> 0x4633
mem[X,0x8000242A] -> 0x02B5
[2319] [M]: 0x80002428 (0x02B54633) div a2, a0, a1
x12 <- 0x00000000


mem[X,0x8000242C] -> 0xA423
mem[X,0x8000242E] -> 0x62C0
[2320] [M]: 0x8000242C (0x62C0A423) sw a2, 1576(ra)
mem[0x800058C0] <- 0x00000000


mem[X,0x80002430] -> 0xB537
mem[X,0x80002432] -> 0x0000
[2321] [M]: 0x80002430 (0x0000B537) lui a0, 11
x10 <- 0x0000B000


mem[X,0x80002434] -> 0x0513
mem[X,0x80002436] -> 0x5055
[2322] [M]: 0x80002434 (0x50550513) addi a0, a0, 1285
x10 <- 0x0000B505


mem[X,0x80002438] -> 0xB5B7
mem[X,0x8000243A] -> 0xAAAA
[2323] [M]: 0x80002438 (0xAAAAB5B7) lui a1, 699051
x11 <- 0xAAAAB000


mem[X,0x8000243C] -> 0x8593
mem[X,0x8000243E] -> 0xAAA5
[2324] [M]: 0x8000243C (0xAAA58593) addi a1, a1, 2730
x11 <- 0xAAAAAAAA


mem[X,0x80002440] -> 0x4633
mem[X,0x80002442] -> 0x02B5
[2325] [M]: 0x80002440 (0x02B54633) div a2, a0, a1
x12 <- 0x00000000


mem[X,0x80002444] -> 0xA623
mem[X,0x80002446] -> 0x62C0
[2326] [M]: 0x80002444 (0x62C0A623) sw a2, 1580(ra)
mem[0x800058C4] <- 0x00000000


mem[X,0x80002448] -> 0xB537
mem[X,0x8000244A] -> 0x0000
[2327] [M]: 0x80002448 (0x0000B537) lui a0, 11
x10 <- 0x0000B000


mem[X,0x8000244C] -> 0x0513
mem[X,0x8000244E] -> 0x5055
[2328] [M]: 0x8000244C (0x50550513) addi a0, a0, 1285
x10 <- 0x0000B505


mem[X,0x80002450] -> 0x0593
mem[X,0x80002452] -> 0x0050
[2329] [M]: 0x80002450 (0x00500593) addi a1, zero, 5
x11 <- 0x00000005


mem[X,0x80002454] -> 0x4633
mem[X,0x80002456] -> 0x02B5
[2330] [M]: 0x80002454 (0x02B54633) div a2, a0, a1
x12 <- 0x00002434


mem[X,0x80002458] -> 0xA823
mem[X,0x8000245A] -> 0x62C0
[2331] [M]: 0x80002458 (0x62C0A823) sw a2, 1584(ra)
mem[0x800058C8] <- 0x00002434


mem[X,0x8000245C] -> 0xB537
mem[X,0x8000245E] -> 0x0000
[2332] [M]: 0x8000245C (0x0000B537) lui a0, 11
x10 <- 0x0000B000


mem[X,0x80002460] -> 0x0513
mem[X,0x80002462] -> 0x5055
[2333] [M]: 0x80002460 (0x50550513) addi a0, a0, 1285
x10 <- 0x0000B505


mem[X,0x80002464] -> 0x35B7
mem[X,0x80002466] -> 0x3333
[2334] [M]: 0x80002464 (0x333335B7) lui a1, 209715
x11 <- 0x33333000


mem[X,0x80002468] -> 0x8593
mem[X,0x8000246A] -> 0x3335
[2335] [M]: 0x80002468 (0x33358593) addi a1, a1, 819
x11 <- 0x33333333


mem[X,0x8000246C] -> 0x4633
mem[X,0x8000246E] -> 0x02B5
[2336] [M]: 0x8000246C (0x02B54633) div a2, a0, a1
x12 <- 0x00000000


mem[X,0x80002470] -> 0xAA23
mem[X,0x80002472] -> 0x62C0
[2337] [M]: 0x80002470 (0x62C0AA23) sw a2, 1588(ra)
mem[0x800058CC] <- 0x00000000


mem[X,0x80002474] -> 0xB537
mem[X,0x80002476] -> 0x0000
[2338] [M]: 0x80002474 (0x0000B537) lui a0, 11
x10 <- 0x0000B000


mem[X,0x80002478] -> 0x0513
mem[X,0x8000247A] -> 0x5055
[2339] [M]: 0x80002478 (0x50550513) addi a0, a0, 1285
x10 <- 0x0000B505


mem[X,0x8000247C] -> 0x65B7
mem[X,0x8000247E] -> 0x6666
[2340] [M]: 0x8000247C (0x666665B7) lui a1, 419430
x11 <- 0x66666000


mem[X,0x80002480] -> 0x8593
mem[X,0x80002482] -> 0x6665
[2341] [M]: 0x80002480 (0x66658593) addi a1, a1, 1638
x11 <- 0x66666666


mem[X,0x80002484] -> 0x4633
mem[X,0x80002486] -> 0x02B5
[2342] [M]: 0x80002484 (0x02B54633) div a2, a0, a1
x12 <- 0x00000000


mem[X,0x80002488] -> 0xAC23
mem[X,0x8000248A] -> 0x62C0
[2343] [M]: 0x80002488 (0x62C0AC23) sw a2, 1592(ra)
mem[0x800058D0] <- 0x00000000


mem[X,0x8000248C] -> 0xB537
mem[X,0x8000248E] -> 0x0000
[2344] [M]: 0x8000248C (0x0000B537) lui a0, 11
x10 <- 0x0000B000


mem[X,0x80002490] -> 0x0513
mem[X,0x80002492] -> 0x5055
[2345] [M]: 0x80002490 (0x50550513) addi a0, a0, 1285
x10 <- 0x0000B505


mem[X,0x80002494] -> 0x55B7
mem[X,0x80002496] -> 0xFFFF
[2346] [M]: 0x80002494 (0xFFFF55B7) lui a1, 1048565
x11 <- 0xFFFF5000


mem[X,0x80002498] -> 0x8593
mem[X,0x8000249A] -> 0xAFC5
[2347] [M]: 0x80002498 (0xAFC58593) addi a1, a1, 2812
x11 <- 0xFFFF4AFC


mem[X,0x8000249C] -> 0x4633
mem[X,0x8000249E] -> 0x02B5
[2348] [M]: 0x8000249C (0x02B54633) div a2, a0, a1
x12 <- 0xFFFFFFFF


mem[X,0x800024A0] -> 0xAE23
mem[X,0x800024A2] -> 0x62C0
[2349] [M]: 0x800024A0 (0x62C0AE23) sw a2, 1596(ra)
mem[0x800058D4] <- 0xFFFFFFFF


mem[X,0x800024A4] -> 0xB537
mem[X,0x800024A6] -> 0x0000
[2350] [M]: 0x800024A4 (0x0000B537) lui a0, 11
x10 <- 0x0000B000


mem[X,0x800024A8] -> 0x0513
mem[X,0x800024AA] -> 0x5055
[2351] [M]: 0x800024A8 (0x50550513) addi a0, a0, 1285
x10 <- 0x0000B505


mem[X,0x800024AC] -> 0xB5B7
mem[X,0x800024AE] -> 0x0000
[2352] [M]: 0x800024AC (0x0000B5B7) lui a1, 11
x11 <- 0x0000B000


mem[X,0x800024B0] -> 0x8593
mem[X,0x800024B2] -> 0x5045
[2353] [M]: 0x800024B0 (0x50458593) addi a1, a1, 1284
x11 <- 0x0000B504


mem[X,0x800024B4] -> 0x4633
mem[X,0x800024B6] -> 0x02B5
[2354] [M]: 0x800024B4 (0x02B54633) div a2, a0, a1
x12 <- 0x00000001


mem[X,0x800024B8] -> 0xA023
mem[X,0x800024BA] -> 0x64C0
[2355] [M]: 0x800024B8 (0x64C0A023) sw a2, 1600(ra)
mem[0x800058D8] <- 0x00000001


mem[X,0x800024BC] -> 0xB537
mem[X,0x800024BE] -> 0x0000
[2356] [M]: 0x800024BC (0x0000B537) lui a0, 11
x10 <- 0x0000B000


mem[X,0x800024C0] -> 0x0513
mem[X,0x800024C2] -> 0x5055
[2357] [M]: 0x800024C0 (0x50550513) addi a0, a0, 1285
x10 <- 0x0000B505


mem[X,0x800024C4] -> 0x0593
mem[X,0x800024C6] -> 0x0020
[2358] [M]: 0x800024C4 (0x00200593) addi a1, zero, 2
x11 <- 0x00000002


mem[X,0x800024C8] -> 0x4633
mem[X,0x800024CA] -> 0x02B5
[2359] [M]: 0x800024C8 (0x02B54633) div a2, a0, a1
x12 <- 0x00005A82


mem[X,0x800024CC] -> 0xA223
mem[X,0x800024CE] -> 0x64C0
[2360] [M]: 0x800024CC (0x64C0A223) sw a2, 1604(ra)
mem[0x800058DC] <- 0x00005A82


mem[X,0x800024D0] -> 0xB537
mem[X,0x800024D2] -> 0x0000
[2361] [M]: 0x800024D0 (0x0000B537) lui a0, 11
x10 <- 0x0000B000


mem[X,0x800024D4] -> 0x0513
mem[X,0x800024D6] -> 0x5055
[2362] [M]: 0x800024D4 (0x50550513) addi a0, a0, 1285
x10 <- 0x0000B505


mem[X,0x800024D8] -> 0x55B7
mem[X,0x800024DA] -> 0x5555
[2363] [M]: 0x800024D8 (0x555555B7) lui a1, 349525
x11 <- 0x55555000


mem[X,0x800024DC] -> 0x8593
mem[X,0x800024DE] -> 0x5545
[2364] [M]: 0x800024DC (0x55458593) addi a1, a1, 1364
x11 <- 0x55555554


mem[X,0x800024E0] -> 0x4633
mem[X,0x800024E2] -> 0x02B5
[2365] [M]: 0x800024E0 (0x02B54633) div a2, a0, a1
x12 <- 0x00000000


mem[X,0x800024E4] -> 0xA423
mem[X,0x800024E6] -> 0x64C0
[2366] [M]: 0x800024E4 (0x64C0A423) sw a2, 1608(ra)
mem[0x800058E0] <- 0x00000000


mem[X,0x800024E8] -> 0xB537
mem[X,0x800024EA] -> 0x0000
[2367] [M]: 0x800024E8 (0x0000B537) lui a0, 11
x10 <- 0x0000B000


mem[X,0x800024EC] -> 0x0513
mem[X,0x800024EE] -> 0x5055
[2368] [M]: 0x800024EC (0x50550513) addi a0, a0, 1285
x10 <- 0x0000B505


mem[X,0x800024F0] -> 0x0593
mem[X,0x800024F2] -> 0x0000
[2369] [M]: 0x800024F0 (0x00000593) addi a1, zero, 0
x11 <- 0x00000000


mem[X,0x800024F4] -> 0x4633
mem[X,0x800024F6] -> 0x02B5
[2370] [M]: 0x800024F4 (0x02B54633) div a2, a0, a1
x12 <- 0xFFFFFFFF


mem[X,0x800024F8] -> 0xA623
mem[X,0x800024FA] -> 0x64C0
[2371] [M]: 0x800024F8 (0x64C0A623) sw a2, 1612(ra)
mem[0x800058E4] <- 0xFFFFFFFF


mem[X,0x800024FC] -> 0xB537
mem[X,0x800024FE] -> 0x0000
[2372] [M]: 0x800024FC (0x0000B537) lui a0, 11
x10 <- 0x0000B000


mem[X,0x80002500] -> 0x0513
mem[X,0x80002502] -> 0x5055
[2373] [M]: 0x80002500 (0x50550513) addi a0, a0, 1285
x10 <- 0x0000B505


mem[X,0x80002504] -> 0x0593
mem[X,0x80002506] -> 0x0040
[2374] [M]: 0x80002504 (0x00400593) addi a1, zero, 4
x11 <- 0x00000004


mem[X,0x80002508] -> 0x4633
mem[X,0x8000250A] -> 0x02B5
[2375] [M]: 0x80002508 (0x02B54633) div a2, a0, a1
x12 <- 0x00002D41


mem[X,0x8000250C] -> 0xA823
mem[X,0x8000250E] -> 0x64C0
[2376] [M]: 0x8000250C (0x64C0A823) sw a2, 1616(ra)
mem[0x800058E8] <- 0x00002D41


mem[X,0x80002510] -> 0xB537
mem[X,0x80002512] -> 0x0000
[2377] [M]: 0x80002510 (0x0000B537) lui a0, 11
x10 <- 0x0000B000


mem[X,0x80002514] -> 0x0513
mem[X,0x80002516] -> 0x5055
[2378] [M]: 0x80002514 (0x50550513) addi a0, a0, 1285
x10 <- 0x0000B505


mem[X,0x80002518] -> 0x35B7
mem[X,0x8000251A] -> 0x3333
[2379] [M]: 0x80002518 (0x333335B7) lui a1, 209715
x11 <- 0x33333000


mem[X,0x8000251C] -> 0x8593
mem[X,0x8000251E] -> 0x3325
[2380] [M]: 0x8000251C (0x33258593) addi a1, a1, 818
x11 <- 0x33333332


mem[X,0x80002520] -> 0x4633
mem[X,0x80002522] -> 0x02B5
[2381] [M]: 0x80002520 (0x02B54633) div a2, a0, a1
x12 <- 0x00000000


mem[X,0x80002524] -> 0xAA23
mem[X,0x80002526] -> 0x64C0
[2382] [M]: 0x80002524 (0x64C0AA23) sw a2, 1620(ra)
mem[0x800058EC] <- 0x00000000


mem[X,0x80002528] -> 0xB537
mem[X,0x8000252A] -> 0x0000
[2383] [M]: 0x80002528 (0x0000B537) lui a0, 11
x10 <- 0x0000B000


mem[X,0x8000252C] -> 0x0513
mem[X,0x8000252E] -> 0x5055
[2384] [M]: 0x8000252C (0x50550513) addi a0, a0, 1285
x10 <- 0x0000B505


mem[X,0x80002530] -> 0x65B7
mem[X,0x80002532] -> 0x6666
[2385] [M]: 0x80002530 (0x666665B7) lui a1, 419430
x11 <- 0x66666000


mem[X,0x80002534] -> 0x8593
mem[X,0x80002536] -> 0x6655
[2386] [M]: 0x80002534 (0x66558593) addi a1, a1, 1637
x11 <- 0x66666665


mem[X,0x80002538] -> 0x4633
mem[X,0x8000253A] -> 0x02B5
[2387] [M]: 0x80002538 (0x02B54633) div a2, a0, a1
x12 <- 0x00000000


mem[X,0x8000253C] -> 0xAC23
mem[X,0x8000253E] -> 0x64C0
[2388] [M]: 0x8000253C (0x64C0AC23) sw a2, 1624(ra)
mem[0x800058F0] <- 0x00000000


mem[X,0x80002540] -> 0xB537
mem[X,0x80002542] -> 0x0000
[2389] [M]: 0x80002540 (0x0000B537) lui a0, 11
x10 <- 0x0000B000


mem[X,0x80002544] -> 0x0513
mem[X,0x80002546] -> 0x5055
[2390] [M]: 0x80002544 (0x50550513) addi a0, a0, 1285
x10 <- 0x0000B505


mem[X,0x80002548] -> 0xB5B7
mem[X,0x8000254A] -> 0x0000
[2391] [M]: 0x80002548 (0x0000B5B7) lui a1, 11
x11 <- 0x0000B000


mem[X,0x8000254C] -> 0x8593
mem[X,0x8000254E] -> 0x5035
[2392] [M]: 0x8000254C (0x50358593) addi a1, a1, 1283
x11 <- 0x0000B503


mem[X,0x80002550] -> 0x4633
mem[X,0x80002552] -> 0x02B5
[2393] [M]: 0x80002550 (0x02B54633) div a2, a0, a1
x12 <- 0x00000001


mem[X,0x80002554] -> 0xAE23
mem[X,0x80002556] -> 0x64C0
[2394] [M]: 0x80002554 (0x64C0AE23) sw a2, 1628(ra)
mem[0x800058F4] <- 0x00000001


mem[X,0x80002558] -> 0xB537
mem[X,0x8000255A] -> 0x0000
[2395] [M]: 0x80002558 (0x0000B537) lui a0, 11
x10 <- 0x0000B000


mem[X,0x8000255C] -> 0x0513
mem[X,0x8000255E] -> 0x5055
[2396] [M]: 0x8000255C (0x50550513) addi a0, a0, 1285
x10 <- 0x0000B505


mem[X,0x80002560] -> 0x55B7
mem[X,0x80002562] -> 0x5555
[2397] [M]: 0x80002560 (0x555555B7) lui a1, 349525
x11 <- 0x55555000


mem[X,0x80002564] -> 0x8593
mem[X,0x80002566] -> 0x5565
[2398] [M]: 0x80002564 (0x55658593) addi a1, a1, 1366
x11 <- 0x55555556


mem[X,0x80002568] -> 0x4633
mem[X,0x8000256A] -> 0x02B5
[2399] [M]: 0x80002568 (0x02B54633) div a2, a0, a1
x12 <- 0x00000000


clint::tick mtime <- 0x0000000000000018
 clint timer pending at mtime 0x0000000000000018
htif::tick 0x0000000000000000
mem[X,0x8000256C] -> 0xA023
mem[X,0x8000256E] -> 0x66C0
[2400] [M]: 0x8000256C (0x66C0A023) sw a2, 1632(ra)
mem[0x800058F8] <- 0x00000000


mem[X,0x80002570] -> 0xB537
mem[X,0x80002572] -> 0x0000
[2401] [M]: 0x80002570 (0x0000B537) lui a0, 11
x10 <- 0x0000B000


mem[X,0x80002574] -> 0x0513
mem[X,0x80002576] -> 0x5055
[2402] [M]: 0x80002574 (0x50550513) addi a0, a0, 1285
x10 <- 0x0000B505


mem[X,0x80002578] -> 0xB5B7
mem[X,0x8000257A] -> 0xAAAA
[2403] [M]: 0x80002578 (0xAAAAB5B7) lui a1, 699051
x11 <- 0xAAAAB000


mem[X,0x8000257C] -> 0x8593
mem[X,0x8000257E] -> 0xAAB5
[2404] [M]: 0x8000257C (0xAAB58593) addi a1, a1, 2731
x11 <- 0xAAAAAAAB


mem[X,0x80002580] -> 0x4633
mem[X,0x80002582] -> 0x02B5
[2405] [M]: 0x80002580 (0x02B54633) div a2, a0, a1
x12 <- 0x00000000


mem[X,0x80002584] -> 0xA223
mem[X,0x80002586] -> 0x66C0
[2406] [M]: 0x80002584 (0x66C0A223) sw a2, 1636(ra)
mem[0x800058FC] <- 0x00000000


mem[X,0x80002588] -> 0xB537
mem[X,0x8000258A] -> 0x0000
[2407] [M]: 0x80002588 (0x0000B537) lui a0, 11
x10 <- 0x0000B000


mem[X,0x8000258C] -> 0x0513
mem[X,0x8000258E] -> 0x5055
[2408] [M]: 0x8000258C (0x50550513) addi a0, a0, 1285
x10 <- 0x0000B505


mem[X,0x80002590] -> 0x0593
mem[X,0x80002592] -> 0x0060
[2409] [M]: 0x80002590 (0x00600593) addi a1, zero, 6
x11 <- 0x00000006


mem[X,0x80002594] -> 0x4633
mem[X,0x80002596] -> 0x02B5
[2410] [M]: 0x80002594 (0x02B54633) div a2, a0, a1
x12 <- 0x00001E2B


mem[X,0x80002598] -> 0xA423
mem[X,0x8000259A] -> 0x66C0
[2411] [M]: 0x80002598 (0x66C0A423) sw a2, 1640(ra)
mem[0x80005900] <- 0x00001E2B


mem[X,0x8000259C] -> 0xB537
mem[X,0x8000259E] -> 0x0000
[2412] [M]: 0x8000259C (0x0000B537) lui a0, 11
x10 <- 0x0000B000


mem[X,0x800025A0] -> 0x0513
mem[X,0x800025A2] -> 0x5055
[2413] [M]: 0x800025A0 (0x50550513) addi a0, a0, 1285
x10 <- 0x0000B505


mem[X,0x800025A4] -> 0x35B7
mem[X,0x800025A6] -> 0x3333
[2414] [M]: 0x800025A4 (0x333335B7) lui a1, 209715
x11 <- 0x33333000


mem[X,0x800025A8] -> 0x8593
mem[X,0x800025AA] -> 0x3345
[2415] [M]: 0x800025A8 (0x33458593) addi a1, a1, 820
x11 <- 0x33333334


mem[X,0x800025AC] -> 0x4633
mem[X,0x800025AE] -> 0x02B5
[2416] [M]: 0x800025AC (0x02B54633) div a2, a0, a1
x12 <- 0x00000000


mem[X,0x800025B0] -> 0xA623
mem[X,0x800025B2] -> 0x66C0
[2417] [M]: 0x800025B0 (0x66C0A623) sw a2, 1644(ra)
mem[0x80005904] <- 0x00000000


mem[X,0x800025B4] -> 0xB537
mem[X,0x800025B6] -> 0x0000
[2418] [M]: 0x800025B4 (0x0000B537) lui a0, 11
x10 <- 0x0000B000


mem[X,0x800025B8] -> 0x0513
mem[X,0x800025BA] -> 0x5055
[2419] [M]: 0x800025B8 (0x50550513) addi a0, a0, 1285
x10 <- 0x0000B505


mem[X,0x800025BC] -> 0x65B7
mem[X,0x800025BE] -> 0x6666
[2420] [M]: 0x800025BC (0x666665B7) lui a1, 419430
x11 <- 0x66666000


mem[X,0x800025C0] -> 0x8593
mem[X,0x800025C2] -> 0x6675
[2421] [M]: 0x800025C0 (0x66758593) addi a1, a1, 1639
x11 <- 0x66666667


mem[X,0x800025C4] -> 0x4633
mem[X,0x800025C6] -> 0x02B5
[2422] [M]: 0x800025C4 (0x02B54633) div a2, a0, a1
x12 <- 0x00000000


mem[X,0x800025C8] -> 0xA823
mem[X,0x800025CA] -> 0x66C0
[2423] [M]: 0x800025C8 (0x66C0A823) sw a2, 1648(ra)
mem[0x80005908] <- 0x00000000


mem[X,0x800025CC] -> 0xB537
mem[X,0x800025CE] -> 0x0000
[2424] [M]: 0x800025CC (0x0000B537) lui a0, 11
x10 <- 0x0000B000


mem[X,0x800025D0] -> 0x0513
mem[X,0x800025D2] -> 0x5055
[2425] [M]: 0x800025D0 (0x50550513) addi a0, a0, 1285
x10 <- 0x0000B505


mem[X,0x800025D4] -> 0x55B7
mem[X,0x800025D6] -> 0xFFFF
[2426] [M]: 0x800025D4 (0xFFFF55B7) lui a1, 1048565
x11 <- 0xFFFF5000


mem[X,0x800025D8] -> 0x8593
mem[X,0x800025DA] -> 0xAFD5
[2427] [M]: 0x800025D8 (0xAFD58593) addi a1, a1, 2813
x11 <- 0xFFFF4AFD


mem[X,0x800025DC] -> 0x4633
mem[X,0x800025DE] -> 0x02B5
[2428] [M]: 0x800025DC (0x02B54633) div a2, a0, a1
x12 <- 0xFFFFFFFF


mem[X,0x800025E0] -> 0xAA23
mem[X,0x800025E2] -> 0x66C0
[2429] [M]: 0x800025E0 (0x66C0AA23) sw a2, 1652(ra)
mem[0x8000590C] <- 0xFFFFFFFF


mem[X,0x800025E4] -> 0xB537
mem[X,0x800025E6] -> 0x0000
[2430] [M]: 0x800025E4 (0x0000B537) lui a0, 11
x10 <- 0x0000B000


mem[X,0x800025E8] -> 0x0513
mem[X,0x800025EA] -> 0x5055
[2431] [M]: 0x800025E8 (0x50550513) addi a0, a0, 1285
x10 <- 0x0000B505


mem[X,0x800025EC] -> 0xB5B7
mem[X,0x800025EE] -> 0x0000
[2432] [M]: 0x800025EC (0x0000B5B7) lui a1, 11
x11 <- 0x0000B000


mem[X,0x800025F0] -> 0x8593
mem[X,0x800025F2] -> 0x5055
[2433] [M]: 0x800025F0 (0x50558593) addi a1, a1, 1285
x11 <- 0x0000B505


mem[X,0x800025F4] -> 0x4633
mem[X,0x800025F6] -> 0x02B5
[2434] [M]: 0x800025F4 (0x02B54633) div a2, a0, a1
x12 <- 0x00000001


mem[X,0x800025F8] -> 0xAC23
mem[X,0x800025FA] -> 0x66C0
[2435] [M]: 0x800025F8 (0x66C0AC23) sw a2, 1656(ra)
mem[0x80005910] <- 0x00000001


mem[X,0x800025FC] -> 0x0513
mem[X,0x800025FE] -> 0x0000
[2436] [M]: 0x800025FC (0x00000513) addi a0, zero, 0
x10 <- 0x00000000


mem[X,0x80002600] -> 0x55B7
mem[X,0x80002602] -> 0x5555
[2437] [M]: 0x80002600 (0x555555B7) lui a1, 349525
x11 <- 0x55555000


mem[X,0x80002604] -> 0x8593
mem[X,0x80002606] -> 0x5545
[2438] [M]: 0x80002604 (0x55458593) addi a1, a1, 1364
x11 <- 0x55555554


mem[X,0x80002608] -> 0x4633
mem[X,0x8000260A] -> 0x02B5
[2439] [M]: 0x80002608 (0x02B54633) div a2, a0, a1
x12 <- 0x00000000


mem[X,0x8000260C] -> 0xAE23
mem[X,0x8000260E] -> 0x66C0
[2440] [M]: 0x8000260C (0x66C0AE23) sw a2, 1660(ra)
mem[0x80005914] <- 0x00000000


mem[X,0x80002610] -> 0x0513
mem[X,0x80002612] -> 0x0000
[2441] [M]: 0x80002610 (0x00000513) addi a0, zero, 0
x10 <- 0x00000000


mem[X,0x80002614] -> 0x0593
mem[X,0x80002616] -> 0x0000
[2442] [M]: 0x80002614 (0x00000593) addi a1, zero, 0
x11 <- 0x00000000


mem[X,0x80002618] -> 0x4633
mem[X,0x8000261A] -> 0x02B5
[2443] [M]: 0x80002618 (0x02B54633) div a2, a0, a1
x12 <- 0xFFFFFFFF


mem[X,0x8000261C] -> 0xA023
mem[X,0x8000261E] -> 0x68C0
[2444] [M]: 0x8000261C (0x68C0A023) sw a2, 1664(ra)
mem[0x80005918] <- 0xFFFFFFFF


mem[X,0x80002620] -> 0x0513
mem[X,0x80002622] -> 0x0000
[2445] [M]: 0x80002620 (0x00000513) addi a0, zero, 0
x10 <- 0x00000000


mem[X,0x80002624] -> 0x0593
mem[X,0x80002626] -> 0x0040
[2446] [M]: 0x80002624 (0x00400593) addi a1, zero, 4
x11 <- 0x00000004


mem[X,0x80002628] -> 0x4633
mem[X,0x8000262A] -> 0x02B5
[2447] [M]: 0x80002628 (0x02B54633) div a2, a0, a1
x12 <- 0x00000000


mem[X,0x8000262C] -> 0xA223
mem[X,0x8000262E] -> 0x68C0
[2448] [M]: 0x8000262C (0x68C0A223) sw a2, 1668(ra)
mem[0x8000591C] <- 0x00000000


mem[X,0x80002630] -> 0x0513
mem[X,0x80002632] -> 0x0000
[2449] [M]: 0x80002630 (0x00000513) addi a0, zero, 0
x10 <- 0x00000000


mem[X,0x80002634] -> 0x35B7
mem[X,0x80002636] -> 0x3333
[2450] [M]: 0x80002634 (0x333335B7) lui a1, 209715
x11 <- 0x33333000


mem[X,0x80002638] -> 0x8593
mem[X,0x8000263A] -> 0x3325
[2451] [M]: 0x80002638 (0x33258593) addi a1, a1, 818
x11 <- 0x33333332


mem[X,0x8000263C] -> 0x4633
mem[X,0x8000263E] -> 0x02B5
[2452] [M]: 0x8000263C (0x02B54633) div a2, a0, a1
x12 <- 0x00000000


mem[X,0x80002640] -> 0xA423
mem[X,0x80002642] -> 0x68C0
[2453] [M]: 0x80002640 (0x68C0A423) sw a2, 1672(ra)
mem[0x80005920] <- 0x00000000


mem[X,0x80002644] -> 0x0513
mem[X,0x80002646] -> 0x0000
[2454] [M]: 0x80002644 (0x00000513) addi a0, zero, 0
x10 <- 0x00000000


mem[X,0x80002648] -> 0x65B7
mem[X,0x8000264A] -> 0x6666
[2455] [M]: 0x80002648 (0x666665B7) lui a1, 419430
x11 <- 0x66666000


mem[X,0x8000264C] -> 0x8593
mem[X,0x8000264E] -> 0x6655
[2456] [M]: 0x8000264C (0x66558593) addi a1, a1, 1637
x11 <- 0x66666665


mem[X,0x80002650] -> 0x4633
mem[X,0x80002652] -> 0x02B5
[2457] [M]: 0x80002650 (0x02B54633) div a2, a0, a1
x12 <- 0x00000000


mem[X,0x80002654] -> 0xA623
mem[X,0x80002656] -> 0x68C0
[2458] [M]: 0x80002654 (0x68C0A623) sw a2, 1676(ra)
mem[0x80005924] <- 0x00000000


mem[X,0x80002658] -> 0x0513
mem[X,0x8000265A] -> 0x0000
[2459] [M]: 0x80002658 (0x00000513) addi a0, zero, 0
x10 <- 0x00000000


mem[X,0x8000265C] -> 0xB5B7
mem[X,0x8000265E] -> 0x0000
[2460] [M]: 0x8000265C (0x0000B5B7) lui a1, 11
x11 <- 0x0000B000


mem[X,0x80002660] -> 0x8593
mem[X,0x80002662] -> 0x5035
[2461] [M]: 0x80002660 (0x50358593) addi a1, a1, 1283
x11 <- 0x0000B503


mem[X,0x80002664] -> 0x4633
mem[X,0x80002666] -> 0x02B5
[2462] [M]: 0x80002664 (0x02B54633) div a2, a0, a1
x12 <- 0x00000000


mem[X,0x80002668] -> 0xA823
mem[X,0x8000266A] -> 0x68C0
[2463] [M]: 0x80002668 (0x68C0A823) sw a2, 1680(ra)
mem[0x80005928] <- 0x00000000


mem[X,0x8000266C] -> 0x0513
mem[X,0x8000266E] -> 0x0000
[2464] [M]: 0x8000266C (0x00000513) addi a0, zero, 0
x10 <- 0x00000000


mem[X,0x80002670] -> 0x55B7
mem[X,0x80002672] -> 0x5555
[2465] [M]: 0x80002670 (0x555555B7) lui a1, 349525
x11 <- 0x55555000


mem[X,0x80002674] -> 0x8593
mem[X,0x80002676] -> 0x5565
[2466] [M]: 0x80002674 (0x55658593) addi a1, a1, 1366
x11 <- 0x55555556


mem[X,0x80002678] -> 0x4633
mem[X,0x8000267A] -> 0x02B5
[2467] [M]: 0x80002678 (0x02B54633) div a2, a0, a1
x12 <- 0x00000000


mem[X,0x8000267C] -> 0xAA23
mem[X,0x8000267E] -> 0x68C0
[2468] [M]: 0x8000267C (0x68C0AA23) sw a2, 1684(ra)
mem[0x8000592C] <- 0x00000000


mem[X,0x80002680] -> 0x0513
mem[X,0x80002682] -> 0x0000
[2469] [M]: 0x80002680 (0x00000513) addi a0, zero, 0
x10 <- 0x00000000


mem[X,0x80002684] -> 0xB5B7
mem[X,0x80002686] -> 0xAAAA
[2470] [M]: 0x80002684 (0xAAAAB5B7) lui a1, 699051
x11 <- 0xAAAAB000


mem[X,0x80002688] -> 0x8593
mem[X,0x8000268A] -> 0xAAB5
[2471] [M]: 0x80002688 (0xAAB58593) addi a1, a1, 2731
x11 <- 0xAAAAAAAB


mem[X,0x8000268C] -> 0x4633
mem[X,0x8000268E] -> 0x02B5
[2472] [M]: 0x8000268C (0x02B54633) div a2, a0, a1
x12 <- 0x00000000


mem[X,0x80002690] -> 0xAC23
mem[X,0x80002692] -> 0x68C0
[2473] [M]: 0x80002690 (0x68C0AC23) sw a2, 1688(ra)
mem[0x80005930] <- 0x00000000


mem[X,0x80002694] -> 0x0513
mem[X,0x80002696] -> 0x0000
[2474] [M]: 0x80002694 (0x00000513) addi a0, zero, 0
x10 <- 0x00000000


mem[X,0x80002698] -> 0x0593
mem[X,0x8000269A] -> 0x0060
[2475] [M]: 0x80002698 (0x00600593) addi a1, zero, 6
x11 <- 0x00000006


mem[X,0x8000269C] -> 0x4633
mem[X,0x8000269E] -> 0x02B5
[2476] [M]: 0x8000269C (0x02B54633) div a2, a0, a1
x12 <- 0x00000000


mem[X,0x800026A0] -> 0xAE23
mem[X,0x800026A2] -> 0x68C0
[2477] [M]: 0x800026A0 (0x68C0AE23) sw a2, 1692(ra)
mem[0x80005934] <- 0x00000000


mem[X,0x800026A4] -> 0x0513
mem[X,0x800026A6] -> 0x0000
[2478] [M]: 0x800026A4 (0x00000513) addi a0, zero, 0
x10 <- 0x00000000


mem[X,0x800026A8] -> 0x35B7
mem[X,0x800026AA] -> 0x3333
[2479] [M]: 0x800026A8 (0x333335B7) lui a1, 209715
x11 <- 0x33333000


mem[X,0x800026AC] -> 0x8593
mem[X,0x800026AE] -> 0x3345
[2480] [M]: 0x800026AC (0x33458593) addi a1, a1, 820
x11 <- 0x33333334


mem[X,0x800026B0] -> 0x4633
mem[X,0x800026B2] -> 0x02B5
[2481] [M]: 0x800026B0 (0x02B54633) div a2, a0, a1
x12 <- 0x00000000


mem[X,0x800026B4] -> 0xA023
mem[X,0x800026B6] -> 0x6AC0
[2482] [M]: 0x800026B4 (0x6AC0A023) sw a2, 1696(ra)
mem[0x80005938] <- 0x00000000


mem[X,0x800026B8] -> 0x0513
mem[X,0x800026BA] -> 0x0000
[2483] [M]: 0x800026B8 (0x00000513) addi a0, zero, 0
x10 <- 0x00000000


mem[X,0x800026BC] -> 0x65B7
mem[X,0x800026BE] -> 0x6666
[2484] [M]: 0x800026BC (0x666665B7) lui a1, 419430
x11 <- 0x66666000


mem[X,0x800026C0] -> 0x8593
mem[X,0x800026C2] -> 0x6675
[2485] [M]: 0x800026C0 (0x66758593) addi a1, a1, 1639
x11 <- 0x66666667


mem[X,0x800026C4] -> 0x4633
mem[X,0x800026C6] -> 0x02B5
[2486] [M]: 0x800026C4 (0x02B54633) div a2, a0, a1
x12 <- 0x00000000


mem[X,0x800026C8] -> 0xA223
mem[X,0x800026CA] -> 0x6AC0
[2487] [M]: 0x800026C8 (0x6AC0A223) sw a2, 1700(ra)
mem[0x8000593C] <- 0x00000000


mem[X,0x800026CC] -> 0x0513
mem[X,0x800026CE] -> 0x0000
[2488] [M]: 0x800026CC (0x00000513) addi a0, zero, 0
x10 <- 0x00000000


mem[X,0x800026D0] -> 0x55B7
mem[X,0x800026D2] -> 0xFFFF
[2489] [M]: 0x800026D0 (0xFFFF55B7) lui a1, 1048565
x11 <- 0xFFFF5000


mem[X,0x800026D4] -> 0x8593
mem[X,0x800026D6] -> 0xAFD5
[2490] [M]: 0x800026D4 (0xAFD58593) addi a1, a1, 2813
x11 <- 0xFFFF4AFD


mem[X,0x800026D8] -> 0x4633
mem[X,0x800026DA] -> 0x02B5
[2491] [M]: 0x800026D8 (0x02B54633) div a2, a0, a1
x12 <- 0x00000000


mem[X,0x800026DC] -> 0xA423
mem[X,0x800026DE] -> 0x6AC0
[2492] [M]: 0x800026DC (0x6AC0A423) sw a2, 1704(ra)
mem[0x80005940] <- 0x00000000


mem[X,0x800026E0] -> 0x0513
mem[X,0x800026E2] -> 0x0000
[2493] [M]: 0x800026E0 (0x00000513) addi a0, zero, 0
x10 <- 0x00000000


mem[X,0x800026E4] -> 0xB5B7
mem[X,0x800026E6] -> 0x0000
[2494] [M]: 0x800026E4 (0x0000B5B7) lui a1, 11
x11 <- 0x0000B000


mem[X,0x800026E8] -> 0x8593
mem[X,0x800026EA] -> 0x5055
[2495] [M]: 0x800026E8 (0x50558593) addi a1, a1, 1285
x11 <- 0x0000B505


mem[X,0x800026EC] -> 0x4633
mem[X,0x800026EE] -> 0x02B5
[2496] [M]: 0x800026EC (0x02B54633) div a2, a0, a1
x12 <- 0x00000000


mem[X,0x800026F0] -> 0xA623
mem[X,0x800026F2] -> 0x6AC0
[2497] [M]: 0x800026F0 (0x6AC0A623) sw a2, 1708(ra)
mem[0x80005944] <- 0x00000000


mem[X,0x800026F4] -> 0x0513
mem[X,0x800026F6] -> 0x0040
[2498] [M]: 0x800026F4 (0x00400513) addi a0, zero, 4
x10 <- 0x00000004


mem[X,0x800026F8] -> 0x0593
mem[X,0x800026FA] -> 0x0030
[2499] [M]: 0x800026F8 (0x00300593) addi a1, zero, 3
x11 <- 0x00000003


clint::tick mtime <- 0x0000000000000019
 clint timer pending at mtime 0x0000000000000019
htif::tick 0x0000000000000000
mem[X,0x800026FC] -> 0x4633
mem[X,0x800026FE] -> 0x02B5
[2500] [M]: 0x800026FC (0x02B54633) div a2, a0, a1
x12 <- 0x00000001


mem[X,0x80002700] -> 0xA823
mem[X,0x80002702] -> 0x6AC0
[2501] [M]: 0x80002700 (0x6AC0A823) sw a2, 1712(ra)
mem[0x80005948] <- 0x00000001


mem[X,0x80002704] -> 0x0513
mem[X,0x80002706] -> 0x0040
[2502] [M]: 0x80002704 (0x00400513) addi a0, zero, 4
x10 <- 0x00000004


mem[X,0x80002708] -> 0x55B7
mem[X,0x8000270A] -> 0x5555
[2503] [M]: 0x80002708 (0x555555B7) lui a1, 349525
x11 <- 0x55555000


mem[X,0x8000270C] -> 0x8593
mem[X,0x8000270E] -> 0x5555
[2504] [M]: 0x8000270C (0x55558593) addi a1, a1, 1365
x11 <- 0x55555555


mem[X,0x80002710] -> 0x4633
mem[X,0x80002712] -> 0x02B5
[2505] [M]: 0x80002710 (0x02B54633) div a2, a0, a1
x12 <- 0x00000000


mem[X,0x80002714] -> 0xAA23
mem[X,0x80002716] -> 0x6AC0
[2506] [M]: 0x80002714 (0x6AC0AA23) sw a2, 1716(ra)
mem[0x8000594C] <- 0x00000000


mem[X,0x80002718] -> 0x0513
mem[X,0x8000271A] -> 0x0040
[2507] [M]: 0x80002718 (0x00400513) addi a0, zero, 4
x10 <- 0x00000004


mem[X,0x8000271C] -> 0xB5B7
mem[X,0x8000271E] -> 0xAAAA
[2508] [M]: 0x8000271C (0xAAAAB5B7) lui a1, 699051
x11 <- 0xAAAAB000


mem[X,0x80002720] -> 0x8593
mem[X,0x80002722] -> 0xAAA5
[2509] [M]: 0x80002720 (0xAAA58593) addi a1, a1, 2730
x11 <- 0xAAAAAAAA


mem[X,0x80002724] -> 0x4633
mem[X,0x80002726] -> 0x02B5
[2510] [M]: 0x80002724 (0x02B54633) div a2, a0, a1
x12 <- 0x00000000


mem[X,0x80002728] -> 0xAC23
mem[X,0x8000272A] -> 0x6AC0
[2511] [M]: 0x80002728 (0x6AC0AC23) sw a2, 1720(ra)
mem[0x80005950] <- 0x00000000


mem[X,0x8000272C] -> 0x0513
mem[X,0x8000272E] -> 0x0040
[2512] [M]: 0x8000272C (0x00400513) addi a0, zero, 4
x10 <- 0x00000004


mem[X,0x80002730] -> 0x0593
mem[X,0x80002732] -> 0x0050
[2513] [M]: 0x80002730 (0x00500593) addi a1, zero, 5
x11 <- 0x00000005


mem[X,0x80002734] -> 0x4633
mem[X,0x80002736] -> 0x02B5
[2514] [M]: 0x80002734 (0x02B54633) div a2, a0, a1
x12 <- 0x00000000


mem[X,0x80002738] -> 0xAE23
mem[X,0x8000273A] -> 0x6AC0
[2515] [M]: 0x80002738 (0x6AC0AE23) sw a2, 1724(ra)
mem[0x80005954] <- 0x00000000


mem[X,0x8000273C] -> 0x0513
mem[X,0x8000273E] -> 0x0040
[2516] [M]: 0x8000273C (0x00400513) addi a0, zero, 4
x10 <- 0x00000004


mem[X,0x80002740] -> 0x35B7
mem[X,0x80002742] -> 0x3333
[2517] [M]: 0x80002740 (0x333335B7) lui a1, 209715
x11 <- 0x33333000


mem[X,0x80002744] -> 0x8593
mem[X,0x80002746] -> 0x3335
[2518] [M]: 0x80002744 (0x33358593) addi a1, a1, 819
x11 <- 0x33333333


mem[X,0x80002748] -> 0x4633
mem[X,0x8000274A] -> 0x02B5
[2519] [M]: 0x80002748 (0x02B54633) div a2, a0, a1
x12 <- 0x00000000


mem[X,0x8000274C] -> 0xA023
mem[X,0x8000274E] -> 0x6CC0
[2520] [M]: 0x8000274C (0x6CC0A023) sw a2, 1728(ra)
mem[0x80005958] <- 0x00000000


mem[X,0x80002750] -> 0x0513
mem[X,0x80002752] -> 0x0040
[2521] [M]: 0x80002750 (0x00400513) addi a0, zero, 4
x10 <- 0x00000004


mem[X,0x80002754] -> 0x65B7
mem[X,0x80002756] -> 0x6666
[2522] [M]: 0x80002754 (0x666665B7) lui a1, 419430
x11 <- 0x66666000


mem[X,0x80002758] -> 0x8593
mem[X,0x8000275A] -> 0x6665
[2523] [M]: 0x80002758 (0x66658593) addi a1, a1, 1638
x11 <- 0x66666666


mem[X,0x8000275C] -> 0x4633
mem[X,0x8000275E] -> 0x02B5
[2524] [M]: 0x8000275C (0x02B54633) div a2, a0, a1
x12 <- 0x00000000


mem[X,0x80002760] -> 0xA223
mem[X,0x80002762] -> 0x6CC0
[2525] [M]: 0x80002760 (0x6CC0A223) sw a2, 1732(ra)
mem[0x8000595C] <- 0x00000000


mem[X,0x80002764] -> 0x0513
mem[X,0x80002766] -> 0x0040
[2526] [M]: 0x80002764 (0x00400513) addi a0, zero, 4
x10 <- 0x00000004


mem[X,0x80002768] -> 0x55B7
mem[X,0x8000276A] -> 0xFFFF
[2527] [M]: 0x80002768 (0xFFFF55B7) lui a1, 1048565
x11 <- 0xFFFF5000


mem[X,0x8000276C] -> 0x8593
mem[X,0x8000276E] -> 0xAFC5
[2528] [M]: 0x8000276C (0xAFC58593) addi a1, a1, 2812
x11 <- 0xFFFF4AFC


mem[X,0x80002770] -> 0x4633
mem[X,0x80002772] -> 0x02B5
[2529] [M]: 0x80002770 (0x02B54633) div a2, a0, a1
x12 <- 0x00000000


mem[X,0x80002774] -> 0xA423
mem[X,0x80002776] -> 0x6CC0
[2530] [M]: 0x80002774 (0x6CC0A423) sw a2, 1736(ra)
mem[0x80005960] <- 0x00000000


mem[X,0x80002778] -> 0x0513
mem[X,0x8000277A] -> 0x0040
[2531] [M]: 0x80002778 (0x00400513) addi a0, zero, 4
x10 <- 0x00000004


mem[X,0x8000277C] -> 0xB5B7
mem[X,0x8000277E] -> 0x0000
[2532] [M]: 0x8000277C (0x0000B5B7) lui a1, 11
x11 <- 0x0000B000


mem[X,0x80002780] -> 0x8593
mem[X,0x80002782] -> 0x5045
[2533] [M]: 0x80002780 (0x50458593) addi a1, a1, 1284
x11 <- 0x0000B504


mem[X,0x80002784] -> 0x4633
mem[X,0x80002786] -> 0x02B5
[2534] [M]: 0x80002784 (0x02B54633) div a2, a0, a1
x12 <- 0x00000000


mem[X,0x80002788] -> 0xA623
mem[X,0x8000278A] -> 0x6CC0
[2535] [M]: 0x80002788 (0x6CC0A623) sw a2, 1740(ra)
mem[0x80005964] <- 0x00000000


mem[X,0x8000278C] -> 0x0513
mem[X,0x8000278E] -> 0x0040
[2536] [M]: 0x8000278C (0x00400513) addi a0, zero, 4
x10 <- 0x00000004


mem[X,0x80002790] -> 0x0593
mem[X,0x80002792] -> 0x0020
[2537] [M]: 0x80002790 (0x00200593) addi a1, zero, 2
x11 <- 0x00000002


mem[X,0x80002794] -> 0x4633
mem[X,0x80002796] -> 0x02B5
[2538] [M]: 0x80002794 (0x02B54633) div a2, a0, a1
x12 <- 0x00000002


mem[X,0x80002798] -> 0xA823
mem[X,0x8000279A] -> 0x6CC0
[2539] [M]: 0x80002798 (0x6CC0A823) sw a2, 1744(ra)
mem[0x80005968] <- 0x00000002


mem[X,0x8000279C] -> 0x0513
mem[X,0x8000279E] -> 0x0040
[2540] [M]: 0x8000279C (0x00400513) addi a0, zero, 4
x10 <- 0x00000004


mem[X,0x800027A0] -> 0x55B7
mem[X,0x800027A2] -> 0x5555
[2541] [M]: 0x800027A0 (0x555555B7) lui a1, 349525
x11 <- 0x55555000


mem[X,0x800027A4] -> 0x8593
mem[X,0x800027A6] -> 0x5545
[2542] [M]: 0x800027A4 (0x55458593) addi a1, a1, 1364
x11 <- 0x55555554


mem[X,0x800027A8] -> 0x4633
mem[X,0x800027AA] -> 0x02B5
[2543] [M]: 0x800027A8 (0x02B54633) div a2, a0, a1
x12 <- 0x00000000


mem[X,0x800027AC] -> 0xAA23
mem[X,0x800027AE] -> 0x6CC0
[2544] [M]: 0x800027AC (0x6CC0AA23) sw a2, 1748(ra)
mem[0x8000596C] <- 0x00000000


mem[X,0x800027B0] -> 0x0513
mem[X,0x800027B2] -> 0x0040
[2545] [M]: 0x800027B0 (0x00400513) addi a0, zero, 4
x10 <- 0x00000004


mem[X,0x800027B4] -> 0x0593
mem[X,0x800027B6] -> 0x0000
[2546] [M]: 0x800027B4 (0x00000593) addi a1, zero, 0
x11 <- 0x00000000


mem[X,0x800027B8] -> 0x4633
mem[X,0x800027BA] -> 0x02B5
[2547] [M]: 0x800027B8 (0x02B54633) div a2, a0, a1
x12 <- 0xFFFFFFFF


mem[X,0x800027BC] -> 0xAC23
mem[X,0x800027BE] -> 0x6CC0
[2548] [M]: 0x800027BC (0x6CC0AC23) sw a2, 1752(ra)
mem[0x80005970] <- 0xFFFFFFFF


mem[X,0x800027C0] -> 0x0513
mem[X,0x800027C2] -> 0x0040
[2549] [M]: 0x800027C0 (0x00400513) addi a0, zero, 4
x10 <- 0x00000004


mem[X,0x800027C4] -> 0x0593
mem[X,0x800027C6] -> 0x0040
[2550] [M]: 0x800027C4 (0x00400593) addi a1, zero, 4
x11 <- 0x00000004


mem[X,0x800027C8] -> 0x4633
mem[X,0x800027CA] -> 0x02B5
[2551] [M]: 0x800027C8 (0x02B54633) div a2, a0, a1
x12 <- 0x00000001


mem[X,0x800027CC] -> 0xAE23
mem[X,0x800027CE] -> 0x6CC0
[2552] [M]: 0x800027CC (0x6CC0AE23) sw a2, 1756(ra)
mem[0x80005974] <- 0x00000001


mem[X,0x800027D0] -> 0x0513
mem[X,0x800027D2] -> 0x0040
[2553] [M]: 0x800027D0 (0x00400513) addi a0, zero, 4
x10 <- 0x00000004


mem[X,0x800027D4] -> 0x35B7
mem[X,0x800027D6] -> 0x3333
[2554] [M]: 0x800027D4 (0x333335B7) lui a1, 209715
x11 <- 0x33333000


mem[X,0x800027D8] -> 0x8593
mem[X,0x800027DA] -> 0x3325
[2555] [M]: 0x800027D8 (0x33258593) addi a1, a1, 818
x11 <- 0x33333332


mem[X,0x800027DC] -> 0x4633
mem[X,0x800027DE] -> 0x02B5
[2556] [M]: 0x800027DC (0x02B54633) div a2, a0, a1
x12 <- 0x00000000


mem[X,0x800027E0] -> 0xA023
mem[X,0x800027E2] -> 0x6EC0
[2557] [M]: 0x800027E0 (0x6EC0A023) sw a2, 1760(ra)
mem[0x80005978] <- 0x00000000


mem[X,0x800027E4] -> 0x0513
mem[X,0x800027E6] -> 0x0040
[2558] [M]: 0x800027E4 (0x00400513) addi a0, zero, 4
x10 <- 0x00000004


mem[X,0x800027E8] -> 0x65B7
mem[X,0x800027EA] -> 0x6666
[2559] [M]: 0x800027E8 (0x666665B7) lui a1, 419430
x11 <- 0x66666000


mem[X,0x800027EC] -> 0x8593
mem[X,0x800027EE] -> 0x6655
[2560] [M]: 0x800027EC (0x66558593) addi a1, a1, 1637
x11 <- 0x66666665


mem[X,0x800027F0] -> 0x4633
mem[X,0x800027F2] -> 0x02B5
[2561] [M]: 0x800027F0 (0x02B54633) div a2, a0, a1
x12 <- 0x00000000


mem[X,0x800027F4] -> 0xA223
mem[X,0x800027F6] -> 0x6EC0
[2562] [M]: 0x800027F4 (0x6EC0A223) sw a2, 1764(ra)
mem[0x8000597C] <- 0x00000000


mem[X,0x800027F8] -> 0x0513
mem[X,0x800027FA] -> 0x0040
[2563] [M]: 0x800027F8 (0x00400513) addi a0, zero, 4
x10 <- 0x00000004


mem[X,0x800027FC] -> 0xB5B7
mem[X,0x800027FE] -> 0x0000
[2564] [M]: 0x800027FC (0x0000B5B7) lui a1, 11
x11 <- 0x0000B000


mem[X,0x80002800] -> 0x8593
mem[X,0x80002802] -> 0x5035
[2565] [M]: 0x80002800 (0x50358593) addi a1, a1, 1283
x11 <- 0x0000B503


mem[X,0x80002804] -> 0x4633
mem[X,0x80002806] -> 0x02B5
[2566] [M]: 0x80002804 (0x02B54633) div a2, a0, a1
x12 <- 0x00000000


mem[X,0x80002808] -> 0xA423
mem[X,0x8000280A] -> 0x6EC0
[2567] [M]: 0x80002808 (0x6EC0A423) sw a2, 1768(ra)
mem[0x80005980] <- 0x00000000


mem[X,0x8000280C] -> 0x0513
mem[X,0x8000280E] -> 0x0040
[2568] [M]: 0x8000280C (0x00400513) addi a0, zero, 4
x10 <- 0x00000004


mem[X,0x80002810] -> 0x55B7
mem[X,0x80002812] -> 0x5555
[2569] [M]: 0x80002810 (0x555555B7) lui a1, 349525
x11 <- 0x55555000


mem[X,0x80002814] -> 0x8593
mem[X,0x80002816] -> 0x5565
[2570] [M]: 0x80002814 (0x55658593) addi a1, a1, 1366
x11 <- 0x55555556


mem[X,0x80002818] -> 0x4633
mem[X,0x8000281A] -> 0x02B5
[2571] [M]: 0x80002818 (0x02B54633) div a2, a0, a1
x12 <- 0x00000000


mem[X,0x8000281C] -> 0xA623
mem[X,0x8000281E] -> 0x6EC0
[2572] [M]: 0x8000281C (0x6EC0A623) sw a2, 1772(ra)
mem[0x80005984] <- 0x00000000


mem[X,0x80002820] -> 0x0513
mem[X,0x80002822] -> 0x0040
[2573] [M]: 0x80002820 (0x00400513) addi a0, zero, 4
x10 <- 0x00000004


mem[X,0x80002824] -> 0xB5B7
mem[X,0x80002826] -> 0xAAAA
[2574] [M]: 0x80002824 (0xAAAAB5B7) lui a1, 699051
x11 <- 0xAAAAB000


mem[X,0x80002828] -> 0x8593
mem[X,0x8000282A] -> 0xAAB5
[2575] [M]: 0x80002828 (0xAAB58593) addi a1, a1, 2731
x11 <- 0xAAAAAAAB


mem[X,0x8000282C] -> 0x4633
mem[X,0x8000282E] -> 0x02B5
[2576] [M]: 0x8000282C (0x02B54633) div a2, a0, a1
x12 <- 0x00000000


mem[X,0x80002830] -> 0xA823
mem[X,0x80002832] -> 0x6EC0
[2577] [M]: 0x80002830 (0x6EC0A823) sw a2, 1776(ra)
mem[0x80005988] <- 0x00000000


mem[X,0x80002834] -> 0x0513
mem[X,0x80002836] -> 0x0040
[2578] [M]: 0x80002834 (0x00400513) addi a0, zero, 4
x10 <- 0x00000004


mem[X,0x80002838] -> 0x0593
mem[X,0x8000283A] -> 0x0060
[2579] [M]: 0x80002838 (0x00600593) addi a1, zero, 6
x11 <- 0x00000006


mem[X,0x8000283C] -> 0x4633
mem[X,0x8000283E] -> 0x02B5
[2580] [M]: 0x8000283C (0x02B54633) div a2, a0, a1
x12 <- 0x00000000


mem[X,0x80002840] -> 0xAA23
mem[X,0x80002842] -> 0x6EC0
[2581] [M]: 0x80002840 (0x6EC0AA23) sw a2, 1780(ra)
mem[0x8000598C] <- 0x00000000


mem[X,0x80002844] -> 0x0513
mem[X,0x80002846] -> 0x0040
[2582] [M]: 0x80002844 (0x00400513) addi a0, zero, 4
x10 <- 0x00000004


mem[X,0x80002848] -> 0x35B7
mem[X,0x8000284A] -> 0x3333
[2583] [M]: 0x80002848 (0x333335B7) lui a1, 209715
x11 <- 0x33333000


mem[X,0x8000284C] -> 0x8593
mem[X,0x8000284E] -> 0x3345
[2584] [M]: 0x8000284C (0x33458593) addi a1, a1, 820
x11 <- 0x33333334


mem[X,0x80002850] -> 0x4633
mem[X,0x80002852] -> 0x02B5
[2585] [M]: 0x80002850 (0x02B54633) div a2, a0, a1
x12 <- 0x00000000


mem[X,0x80002854] -> 0xAC23
mem[X,0x80002856] -> 0x6EC0
[2586] [M]: 0x80002854 (0x6EC0AC23) sw a2, 1784(ra)
mem[0x80005990] <- 0x00000000


mem[X,0x80002858] -> 0x0513
mem[X,0x8000285A] -> 0x0040
[2587] [M]: 0x80002858 (0x00400513) addi a0, zero, 4
x10 <- 0x00000004


mem[X,0x8000285C] -> 0x65B7
mem[X,0x8000285E] -> 0x6666
[2588] [M]: 0x8000285C (0x666665B7) lui a1, 419430
x11 <- 0x66666000


mem[X,0x80002860] -> 0x8593
mem[X,0x80002862] -> 0x6675
[2589] [M]: 0x80002860 (0x66758593) addi a1, a1, 1639
x11 <- 0x66666667


mem[X,0x80002864] -> 0x4633
mem[X,0x80002866] -> 0x02B5
[2590] [M]: 0x80002864 (0x02B54633) div a2, a0, a1
x12 <- 0x00000000


mem[X,0x80002868] -> 0xAE23
mem[X,0x8000286A] -> 0x6EC0
[2591] [M]: 0x80002868 (0x6EC0AE23) sw a2, 1788(ra)
mem[0x80005994] <- 0x00000000


mem[X,0x8000286C] -> 0x0513
mem[X,0x8000286E] -> 0x0040
[2592] [M]: 0x8000286C (0x00400513) addi a0, zero, 4
x10 <- 0x00000004


mem[X,0x80002870] -> 0x55B7
mem[X,0x80002872] -> 0xFFFF
[2593] [M]: 0x80002870 (0xFFFF55B7) lui a1, 1048565
x11 <- 0xFFFF5000


mem[X,0x80002874] -> 0x8593
mem[X,0x80002876] -> 0xAFD5
[2594] [M]: 0x80002874 (0xAFD58593) addi a1, a1, 2813
x11 <- 0xFFFF4AFD


mem[X,0x80002878] -> 0x4633
mem[X,0x8000287A] -> 0x02B5
[2595] [M]: 0x80002878 (0x02B54633) div a2, a0, a1
x12 <- 0x00000000


mem[X,0x8000287C] -> 0xA023
mem[X,0x8000287E] -> 0x70C0
[2596] [M]: 0x8000287C (0x70C0A023) sw a2, 1792(ra)
mem[0x80005998] <- 0x00000000


mem[X,0x80002880] -> 0x0513
mem[X,0x80002882] -> 0x0040
[2597] [M]: 0x80002880 (0x00400513) addi a0, zero, 4
x10 <- 0x00000004


mem[X,0x80002884] -> 0xB5B7
mem[X,0x80002886] -> 0x0000
[2598] [M]: 0x80002884 (0x0000B5B7) lui a1, 11
x11 <- 0x0000B000


mem[X,0x80002888] -> 0x8593
mem[X,0x8000288A] -> 0x5055
[2599] [M]: 0x80002888 (0x50558593) addi a1, a1, 1285
x11 <- 0x0000B505


clint::tick mtime <- 0x000000000000001A
 clint timer pending at mtime 0x000000000000001A
htif::tick 0x0000000000000000
mem[X,0x8000288C] -> 0x4633
mem[X,0x8000288E] -> 0x02B5
[2600] [M]: 0x8000288C (0x02B54633) div a2, a0, a1
x12 <- 0x00000000


mem[X,0x80002890] -> 0xA223
mem[X,0x80002892] -> 0x70C0
[2601] [M]: 0x80002890 (0x70C0A223) sw a2, 1796(ra)
mem[0x8000599C] <- 0x00000000


mem[X,0x80002894] -> 0x3537
mem[X,0x80002896] -> 0x3333
[2602] [M]: 0x80002894 (0x33333537) lui a0, 209715
x10 <- 0x33333000


mem[X,0x80002898] -> 0x0513
mem[X,0x8000289A] -> 0x3325
[2603] [M]: 0x80002898 (0x33250513) addi a0, a0, 818
x10 <- 0x33333332


mem[X,0x8000289C] -> 0x0593
mem[X,0x8000289E] -> 0x0030
[2604] [M]: 0x8000289C (0x00300593) addi a1, zero, 3
x11 <- 0x00000003


mem[X,0x800028A0] -> 0x4633
mem[X,0x800028A2] -> 0x02B5
[2605] [M]: 0x800028A0 (0x02B54633) div a2, a0, a1
x12 <- 0x11111110


mem[X,0x800028A4] -> 0xA423
mem[X,0x800028A6] -> 0x70C0
[2606] [M]: 0x800028A4 (0x70C0A423) sw a2, 1800(ra)
mem[0x800059A0] <- 0x11111110


mem[X,0x800028A8] -> 0x3537
mem[X,0x800028AA] -> 0x3333
[2607] [M]: 0x800028A8 (0x33333537) lui a0, 209715
x10 <- 0x33333000


mem[X,0x800028AC] -> 0x0513
mem[X,0x800028AE] -> 0x3325
[2608] [M]: 0x800028AC (0x33250513) addi a0, a0, 818
x10 <- 0x33333332


mem[X,0x800028B0] -> 0x55B7
mem[X,0x800028B2] -> 0x5555
[2609] [M]: 0x800028B0 (0x555555B7) lui a1, 349525
x11 <- 0x55555000


mem[X,0x800028B4] -> 0x8593
mem[X,0x800028B6] -> 0x5555
[2610] [M]: 0x800028B4 (0x55558593) addi a1, a1, 1365
x11 <- 0x55555555


mem[X,0x800028B8] -> 0x4633
mem[X,0x800028BA] -> 0x02B5
[2611] [M]: 0x800028B8 (0x02B54633) div a2, a0, a1
x12 <- 0x00000000


mem[X,0x800028BC] -> 0xA623
mem[X,0x800028BE] -> 0x70C0
[2612] [M]: 0x800028BC (0x70C0A623) sw a2, 1804(ra)
mem[0x800059A4] <- 0x00000000


mem[X,0x800028C0] -> 0x3537
mem[X,0x800028C2] -> 0x3333
[2613] [M]: 0x800028C0 (0x33333537) lui a0, 209715
x10 <- 0x33333000


mem[X,0x800028C4] -> 0x0513
mem[X,0x800028C6] -> 0x3325
[2614] [M]: 0x800028C4 (0x33250513) addi a0, a0, 818
x10 <- 0x33333332


mem[X,0x800028C8] -> 0xB5B7
mem[X,0x800028CA] -> 0xAAAA
[2615] [M]: 0x800028C8 (0xAAAAB5B7) lui a1, 699051
x11 <- 0xAAAAB000


mem[X,0x800028CC] -> 0x8593
mem[X,0x800028CE] -> 0xAAA5
[2616] [M]: 0x800028CC (0xAAA58593) addi a1, a1, 2730
x11 <- 0xAAAAAAAA


mem[X,0x800028D0] -> 0x4633
mem[X,0x800028D2] -> 0x02B5
[2617] [M]: 0x800028D0 (0x02B54633) div a2, a0, a1
x12 <- 0x00000000


mem[X,0x800028D4] -> 0xA823
mem[X,0x800028D6] -> 0x70C0
[2618] [M]: 0x800028D4 (0x70C0A823) sw a2, 1808(ra)
mem[0x800059A8] <- 0x00000000


mem[X,0x800028D8] -> 0x3537
mem[X,0x800028DA] -> 0x3333
[2619] [M]: 0x800028D8 (0x33333537) lui a0, 209715
x10 <- 0x33333000


mem[X,0x800028DC] -> 0x0513
mem[X,0x800028DE] -> 0x3325
[2620] [M]: 0x800028DC (0x33250513) addi a0, a0, 818
x10 <- 0x33333332


mem[X,0x800028E0] -> 0x0593
mem[X,0x800028E2] -> 0x0050
[2621] [M]: 0x800028E0 (0x00500593) addi a1, zero, 5
x11 <- 0x00000005


mem[X,0x800028E4] -> 0x4633
mem[X,0x800028E6] -> 0x02B5
[2622] [M]: 0x800028E4 (0x02B54633) div a2, a0, a1
x12 <- 0x0A3D70A3


mem[X,0x800028E8] -> 0xAA23
mem[X,0x800028EA] -> 0x70C0
[2623] [M]: 0x800028E8 (0x70C0AA23) sw a2, 1812(ra)
mem[0x800059AC] <- 0x0A3D70A3


mem[X,0x800028EC] -> 0x3537
mem[X,0x800028EE] -> 0x3333
[2624] [M]: 0x800028EC (0x33333537) lui a0, 209715
x10 <- 0x33333000


mem[X,0x800028F0] -> 0x0513
mem[X,0x800028F2] -> 0x3325
[2625] [M]: 0x800028F0 (0x33250513) addi a0, a0, 818
x10 <- 0x33333332


mem[X,0x800028F4] -> 0x35B7
mem[X,0x800028F6] -> 0x3333
[2626] [M]: 0x800028F4 (0x333335B7) lui a1, 209715
x11 <- 0x33333000


mem[X,0x800028F8] -> 0x8593
mem[X,0x800028FA] -> 0x3335
[2627] [M]: 0x800028F8 (0x33358593) addi a1, a1, 819
x11 <- 0x33333333


mem[X,0x800028FC] -> 0x4633
mem[X,0x800028FE] -> 0x02B5
[2628] [M]: 0x800028FC (0x02B54633) div a2, a0, a1
x12 <- 0x00000000


mem[X,0x80002900] -> 0xAC23
mem[X,0x80002902] -> 0x70C0
[2629] [M]: 0x80002900 (0x70C0AC23) sw a2, 1816(ra)
mem[0x800059B0] <- 0x00000000


mem[X,0x80002904] -> 0x3537
mem[X,0x80002906] -> 0x3333
[2630] [M]: 0x80002904 (0x33333537) lui a0, 209715
x10 <- 0x33333000


mem[X,0x80002908] -> 0x0513
mem[X,0x8000290A] -> 0x3325
[2631] [M]: 0x80002908 (0x33250513) addi a0, a0, 818
x10 <- 0x33333332


mem[X,0x8000290C] -> 0x65B7
mem[X,0x8000290E] -> 0x6666
[2632] [M]: 0x8000290C (0x666665B7) lui a1, 419430
x11 <- 0x66666000


mem[X,0x80002910] -> 0x8593
mem[X,0x80002912] -> 0x6665
[2633] [M]: 0x80002910 (0x66658593) addi a1, a1, 1638
x11 <- 0x66666666


mem[X,0x80002914] -> 0x4633
mem[X,0x80002916] -> 0x02B5
[2634] [M]: 0x80002914 (0x02B54633) div a2, a0, a1
x12 <- 0x00000000


mem[X,0x80002918] -> 0xAE23
mem[X,0x8000291A] -> 0x70C0
[2635] [M]: 0x80002918 (0x70C0AE23) sw a2, 1820(ra)
mem[0x800059B4] <- 0x00000000


mem[X,0x8000291C] -> 0x3537
mem[X,0x8000291E] -> 0x3333
[2636] [M]: 0x8000291C (0x33333537) lui a0, 209715
x10 <- 0x33333000


mem[X,0x80002920] -> 0x0513
mem[X,0x80002922] -> 0x3325
[2637] [M]: 0x80002920 (0x33250513) addi a0, a0, 818
x10 <- 0x33333332


mem[X,0x80002924] -> 0x55B7
mem[X,0x80002926] -> 0xFFFF
[2638] [M]: 0x80002924 (0xFFFF55B7) lui a1, 1048565
x11 <- 0xFFFF5000


mem[X,0x80002928] -> 0x8593
mem[X,0x8000292A] -> 0xAFC5
[2639] [M]: 0x80002928 (0xAFC58593) addi a1, a1, 2812
x11 <- 0xFFFF4AFC


mem[X,0x8000292C] -> 0x4633
mem[X,0x8000292E] -> 0x02B5
[2640] [M]: 0x8000292C (0x02B54633) div a2, a0, a1
x12 <- 0xFFFFB798


mem[X,0x80002930] -> 0xA023
mem[X,0x80002932] -> 0x72C0
[2641] [M]: 0x80002930 (0x72C0A023) sw a2, 1824(ra)
mem[0x800059B8] <- 0xFFFFB798


mem[X,0x80002934] -> 0x3537
mem[X,0x80002936] -> 0x3333
[2642] [M]: 0x80002934 (0x33333537) lui a0, 209715
x10 <- 0x33333000


mem[X,0x80002938] -> 0x0513
mem[X,0x8000293A] -> 0x3325
[2643] [M]: 0x80002938 (0x33250513) addi a0, a0, 818
x10 <- 0x33333332


mem[X,0x8000293C] -> 0xB5B7
mem[X,0x8000293E] -> 0x0000
[2644] [M]: 0x8000293C (0x0000B5B7) lui a1, 11
x11 <- 0x0000B000


mem[X,0x80002940] -> 0x8593
mem[X,0x80002942] -> 0x5045
[2645] [M]: 0x80002940 (0x50458593) addi a1, a1, 1284
x11 <- 0x0000B504


mem[X,0x80002944] -> 0x4633
mem[X,0x80002946] -> 0x02B5
[2646] [M]: 0x80002944 (0x02B54633) div a2, a0, a1
x12 <- 0x00004868


mem[X,0x80002948] -> 0xA223
mem[X,0x8000294A] -> 0x72C0
[2647] [M]: 0x80002948 (0x72C0A223) sw a2, 1828(ra)
mem[0x800059BC] <- 0x00004868


mem[X,0x8000294C] -> 0x3537
mem[X,0x8000294E] -> 0x3333
[2648] [M]: 0x8000294C (0x33333537) lui a0, 209715
x10 <- 0x33333000


mem[X,0x80002950] -> 0x0513
mem[X,0x80002952] -> 0x3325
[2649] [M]: 0x80002950 (0x33250513) addi a0, a0, 818
x10 <- 0x33333332


mem[X,0x80002954] -> 0x0593
mem[X,0x80002956] -> 0x0020
[2650] [M]: 0x80002954 (0x00200593) addi a1, zero, 2
x11 <- 0x00000002


mem[X,0x80002958] -> 0x4633
mem[X,0x8000295A] -> 0x02B5
[2651] [M]: 0x80002958 (0x02B54633) div a2, a0, a1
x12 <- 0x19999999


mem[X,0x8000295C] -> 0xA423
mem[X,0x8000295E] -> 0x72C0
[2652] [M]: 0x8000295C (0x72C0A423) sw a2, 1832(ra)
mem[0x800059C0] <- 0x19999999


mem[X,0x80002960] -> 0x3537
mem[X,0x80002962] -> 0x3333
[2653] [M]: 0x80002960 (0x33333537) lui a0, 209715
x10 <- 0x33333000


mem[X,0x80002964] -> 0x0513
mem[X,0x80002966] -> 0x3325
[2654] [M]: 0x80002964 (0x33250513) addi a0, a0, 818
x10 <- 0x33333332


mem[X,0x80002968] -> 0x55B7
mem[X,0x8000296A] -> 0x5555
[2655] [M]: 0x80002968 (0x555555B7) lui a1, 349525
x11 <- 0x55555000


mem[X,0x8000296C] -> 0x8593
mem[X,0x8000296E] -> 0x5545
[2656] [M]: 0x8000296C (0x55458593) addi a1, a1, 1364
x11 <- 0x55555554


mem[X,0x80002970] -> 0x4633
mem[X,0x80002972] -> 0x02B5
[2657] [M]: 0x80002970 (0x02B54633) div a2, a0, a1
x12 <- 0x00000000


mem[X,0x80002974] -> 0xA623
mem[X,0x80002976] -> 0x72C0
[2658] [M]: 0x80002974 (0x72C0A623) sw a2, 1836(ra)
mem[0x800059C4] <- 0x00000000


mem[X,0x80002978] -> 0x3537
mem[X,0x8000297A] -> 0x3333
[2659] [M]: 0x80002978 (0x33333537) lui a0, 209715
x10 <- 0x33333000


mem[X,0x8000297C] -> 0x0513
mem[X,0x8000297E] -> 0x3325
[2660] [M]: 0x8000297C (0x33250513) addi a0, a0, 818
x10 <- 0x33333332


mem[X,0x80002980] -> 0x0593
mem[X,0x80002982] -> 0x0000
[2661] [M]: 0x80002980 (0x00000593) addi a1, zero, 0
x11 <- 0x00000000


mem[X,0x80002984] -> 0x4633
mem[X,0x80002986] -> 0x02B5
[2662] [M]: 0x80002984 (0x02B54633) div a2, a0, a1
x12 <- 0xFFFFFFFF


mem[X,0x80002988] -> 0xA823
mem[X,0x8000298A] -> 0x72C0
[2663] [M]: 0x80002988 (0x72C0A823) sw a2, 1840(ra)
mem[0x800059C8] <- 0xFFFFFFFF


mem[X,0x8000298C] -> 0x3537
mem[X,0x8000298E] -> 0x3333
[2664] [M]: 0x8000298C (0x33333537) lui a0, 209715
x10 <- 0x33333000


mem[X,0x80002990] -> 0x0513
mem[X,0x80002992] -> 0x3325
[2665] [M]: 0x80002990 (0x33250513) addi a0, a0, 818
x10 <- 0x33333332


mem[X,0x80002994] -> 0x0593
mem[X,0x80002996] -> 0x0040
[2666] [M]: 0x80002994 (0x00400593) addi a1, zero, 4
x11 <- 0x00000004


mem[X,0x80002998] -> 0x4633
mem[X,0x8000299A] -> 0x02B5
[2667] [M]: 0x80002998 (0x02B54633) div a2, a0, a1
x12 <- 0x0CCCCCCC


mem[X,0x8000299C] -> 0xAA23
mem[X,0x8000299E] -> 0x72C0
[2668] [M]: 0x8000299C (0x72C0AA23) sw a2, 1844(ra)
mem[0x800059CC] <- 0x0CCCCCCC


mem[X,0x800029A0] -> 0x3537
mem[X,0x800029A2] -> 0x3333
[2669] [M]: 0x800029A0 (0x33333537) lui a0, 209715
x10 <- 0x33333000


mem[X,0x800029A4] -> 0x0513
mem[X,0x800029A6] -> 0x3325
[2670] [M]: 0x800029A4 (0x33250513) addi a0, a0, 818
x10 <- 0x33333332


mem[X,0x800029A8] -> 0x35B7
mem[X,0x800029AA] -> 0x3333
[2671] [M]: 0x800029A8 (0x333335B7) lui a1, 209715
x11 <- 0x33333000


mem[X,0x800029AC] -> 0x8593
mem[X,0x800029AE] -> 0x3325
[2672] [M]: 0x800029AC (0x33258593) addi a1, a1, 818
x11 <- 0x33333332


mem[X,0x800029B0] -> 0x4633
mem[X,0x800029B2] -> 0x02B5
[2673] [M]: 0x800029B0 (0x02B54633) div a2, a0, a1
x12 <- 0x00000001


mem[X,0x800029B4] -> 0xAC23
mem[X,0x800029B6] -> 0x72C0
[2674] [M]: 0x800029B4 (0x72C0AC23) sw a2, 1848(ra)
mem[0x800059D0] <- 0x00000001


mem[X,0x800029B8] -> 0x3537
mem[X,0x800029BA] -> 0x3333
[2675] [M]: 0x800029B8 (0x33333537) lui a0, 209715
x10 <- 0x33333000


mem[X,0x800029BC] -> 0x0513
mem[X,0x800029BE] -> 0x3325
[2676] [M]: 0x800029BC (0x33250513) addi a0, a0, 818
x10 <- 0x33333332


mem[X,0x800029C0] -> 0x65B7
mem[X,0x800029C2] -> 0x6666
[2677] [M]: 0x800029C0 (0x666665B7) lui a1, 419430
x11 <- 0x66666000


mem[X,0x800029C4] -> 0x8593
mem[X,0x800029C6] -> 0x6655
[2678] [M]: 0x800029C4 (0x66558593) addi a1, a1, 1637
x11 <- 0x66666665


mem[X,0x800029C8] -> 0x4633
mem[X,0x800029CA] -> 0x02B5
[2679] [M]: 0x800029C8 (0x02B54633) div a2, a0, a1
x12 <- 0x00000000


mem[X,0x800029CC] -> 0xAE23
mem[X,0x800029CE] -> 0x72C0
[2680] [M]: 0x800029CC (0x72C0AE23) sw a2, 1852(ra)
mem[0x800059D4] <- 0x00000000


mem[X,0x800029D0] -> 0x3537
mem[X,0x800029D2] -> 0x3333
[2681] [M]: 0x800029D0 (0x33333537) lui a0, 209715
x10 <- 0x33333000


mem[X,0x800029D4] -> 0x0513
mem[X,0x800029D6] -> 0x3325
[2682] [M]: 0x800029D4 (0x33250513) addi a0, a0, 818
x10 <- 0x33333332


mem[X,0x800029D8] -> 0xB5B7
mem[X,0x800029DA] -> 0x0000
[2683] [M]: 0x800029D8 (0x0000B5B7) lui a1, 11
x11 <- 0x0000B000


mem[X,0x800029DC] -> 0x8593
mem[X,0x800029DE] -> 0x5035
[2684] [M]: 0x800029DC (0x50358593) addi a1, a1, 1283
x11 <- 0x0000B503


mem[X,0x800029E0] -> 0x4633
mem[X,0x800029E2] -> 0x02B5
[2685] [M]: 0x800029E0 (0x02B54633) div a2, a0, a1
x12 <- 0x00004869


mem[X,0x800029E4] -> 0xA023
mem[X,0x800029E6] -> 0x74C0
[2686] [M]: 0x800029E4 (0x74C0A023) sw a2, 1856(ra)
mem[0x800059D8] <- 0x00004869


mem[X,0x800029E8] -> 0x3537
mem[X,0x800029EA] -> 0x3333
[2687] [M]: 0x800029E8 (0x33333537) lui a0, 209715
x10 <- 0x33333000


mem[X,0x800029EC] -> 0x0513
mem[X,0x800029EE] -> 0x3325
[2688] [M]: 0x800029EC (0x33250513) addi a0, a0, 818
x10 <- 0x33333332


mem[X,0x800029F0] -> 0x55B7
mem[X,0x800029F2] -> 0x5555
[2689] [M]: 0x800029F0 (0x555555B7) lui a1, 349525
x11 <- 0x55555000


mem[X,0x800029F4] -> 0x8593
mem[X,0x800029F6] -> 0x5565
[2690] [M]: 0x800029F4 (0x55658593) addi a1, a1, 1366
x11 <- 0x55555556


mem[X,0x800029F8] -> 0x4633
mem[X,0x800029FA] -> 0x02B5
[2691] [M]: 0x800029F8 (0x02B54633) div a2, a0, a1
x12 <- 0x00000000


mem[X,0x800029FC] -> 0xA223
mem[X,0x800029FE] -> 0x74C0
[2692] [M]: 0x800029FC (0x74C0A223) sw a2, 1860(ra)
mem[0x800059DC] <- 0x00000000


mem[X,0x80002A00] -> 0x3537
mem[X,0x80002A02] -> 0x3333
[2693] [M]: 0x80002A00 (0x33333537) lui a0, 209715
x10 <- 0x33333000


mem[X,0x80002A04] -> 0x0513
mem[X,0x80002A06] -> 0x3325
[2694] [M]: 0x80002A04 (0x33250513) addi a0, a0, 818
x10 <- 0x33333332


mem[X,0x80002A08] -> 0xB5B7
mem[X,0x80002A0A] -> 0xAAAA
[2695] [M]: 0x80002A08 (0xAAAAB5B7) lui a1, 699051
x11 <- 0xAAAAB000


mem[X,0x80002A0C] -> 0x8593
mem[X,0x80002A0E] -> 0xAAB5
[2696] [M]: 0x80002A0C (0xAAB58593) addi a1, a1, 2731
x11 <- 0xAAAAAAAB


mem[X,0x80002A10] -> 0x4633
mem[X,0x80002A12] -> 0x02B5
[2697] [M]: 0x80002A10 (0x02B54633) div a2, a0, a1
x12 <- 0x00000000


mem[X,0x80002A14] -> 0xA423
mem[X,0x80002A16] -> 0x74C0
[2698] [M]: 0x80002A14 (0x74C0A423) sw a2, 1864(ra)
mem[0x800059E0] <- 0x00000000


mem[X,0x80002A18] -> 0x3537
mem[X,0x80002A1A] -> 0x3333
[2699] [M]: 0x80002A18 (0x33333537) lui a0, 209715
x10 <- 0x33333000


clint::tick mtime <- 0x000000000000001B
 clint timer pending at mtime 0x000000000000001B
htif::tick 0x0000000000000000
mem[X,0x80002A1C] -> 0x0513
mem[X,0x80002A1E] -> 0x3325
[2700] [M]: 0x80002A1C (0x33250513) addi a0, a0, 818
x10 <- 0x33333332


mem[X,0x80002A20] -> 0x0593
mem[X,0x80002A22] -> 0x0060
[2701] [M]: 0x80002A20 (0x00600593) addi a1, zero, 6
x11 <- 0x00000006


mem[X,0x80002A24] -> 0x4633
mem[X,0x80002A26] -> 0x02B5
[2702] [M]: 0x80002A24 (0x02B54633) div a2, a0, a1
x12 <- 0x08888888


mem[X,0x80002A28] -> 0xA623
mem[X,0x80002A2A] -> 0x74C0
[2703] [M]: 0x80002A28 (0x74C0A623) sw a2, 1868(ra)
mem[0x800059E4] <- 0x08888888


mem[X,0x80002A2C] -> 0x3537
mem[X,0x80002A2E] -> 0x3333
[2704] [M]: 0x80002A2C (0x33333537) lui a0, 209715
x10 <- 0x33333000


mem[X,0x80002A30] -> 0x0513
mem[X,0x80002A32] -> 0x3325
[2705] [M]: 0x80002A30 (0x33250513) addi a0, a0, 818
x10 <- 0x33333332


mem[X,0x80002A34] -> 0x35B7
mem[X,0x80002A36] -> 0x3333
[2706] [M]: 0x80002A34 (0x333335B7) lui a1, 209715
x11 <- 0x33333000


mem[X,0x80002A38] -> 0x8593
mem[X,0x80002A3A] -> 0x3345
[2707] [M]: 0x80002A38 (0x33458593) addi a1, a1, 820
x11 <- 0x33333334


mem[X,0x80002A3C] -> 0x4633
mem[X,0x80002A3E] -> 0x02B5
[2708] [M]: 0x80002A3C (0x02B54633) div a2, a0, a1
x12 <- 0x00000000


mem[X,0x80002A40] -> 0xA823
mem[X,0x80002A42] -> 0x74C0
[2709] [M]: 0x80002A40 (0x74C0A823) sw a2, 1872(ra)
mem[0x800059E8] <- 0x00000000


mem[X,0x80002A44] -> 0x3537
mem[X,0x80002A46] -> 0x3333
[2710] [M]: 0x80002A44 (0x33333537) lui a0, 209715
x10 <- 0x33333000


mem[X,0x80002A48] -> 0x0513
mem[X,0x80002A4A] -> 0x3325
[2711] [M]: 0x80002A48 (0x33250513) addi a0, a0, 818
x10 <- 0x33333332


mem[X,0x80002A4C] -> 0x65B7
mem[X,0x80002A4E] -> 0x6666
[2712] [M]: 0x80002A4C (0x666665B7) lui a1, 419430
x11 <- 0x66666000


mem[X,0x80002A50] -> 0x8593
mem[X,0x80002A52] -> 0x6675
[2713] [M]: 0x80002A50 (0x66758593) addi a1, a1, 1639
x11 <- 0x66666667


mem[X,0x80002A54] -> 0x4633
mem[X,0x80002A56] -> 0x02B5
[2714] [M]: 0x80002A54 (0x02B54633) div a2, a0, a1
x12 <- 0x00000000


mem[X,0x80002A58] -> 0xAA23
mem[X,0x80002A5A] -> 0x74C0
[2715] [M]: 0x80002A58 (0x74C0AA23) sw a2, 1876(ra)
mem[0x800059EC] <- 0x00000000


mem[X,0x80002A5C] -> 0x3537
mem[X,0x80002A5E] -> 0x3333
[2716] [M]: 0x80002A5C (0x33333537) lui a0, 209715
x10 <- 0x33333000


mem[X,0x80002A60] -> 0x0513
mem[X,0x80002A62] -> 0x3325
[2717] [M]: 0x80002A60 (0x33250513) addi a0, a0, 818
x10 <- 0x33333332


mem[X,0x80002A64] -> 0x55B7
mem[X,0x80002A66] -> 0xFFFF
[2718] [M]: 0x80002A64 (0xFFFF55B7) lui a1, 1048565
x11 <- 0xFFFF5000


mem[X,0x80002A68] -> 0x8593
mem[X,0x80002A6A] -> 0xAFD5
[2719] [M]: 0x80002A68 (0xAFD58593) addi a1, a1, 2813
x11 <- 0xFFFF4AFD


mem[X,0x80002A6C] -> 0x4633
mem[X,0x80002A6E] -> 0x02B5
[2720] [M]: 0x80002A6C (0x02B54633) div a2, a0, a1
x12 <- 0xFFFFB797


mem[X,0x80002A70] -> 0xAC23
mem[X,0x80002A72] -> 0x74C0
[2721] [M]: 0x80002A70 (0x74C0AC23) sw a2, 1880(ra)
mem[0x800059F0] <- 0xFFFFB797


mem[X,0x80002A74] -> 0x3537
mem[X,0x80002A76] -> 0x3333
[2722] [M]: 0x80002A74 (0x33333537) lui a0, 209715
x10 <- 0x33333000


mem[X,0x80002A78] -> 0x0513
mem[X,0x80002A7A] -> 0x3325
[2723] [M]: 0x80002A78 (0x33250513) addi a0, a0, 818
x10 <- 0x33333332


mem[X,0x80002A7C] -> 0xB5B7
mem[X,0x80002A7E] -> 0x0000
[2724] [M]: 0x80002A7C (0x0000B5B7) lui a1, 11
x11 <- 0x0000B000


mem[X,0x80002A80] -> 0x8593
mem[X,0x80002A82] -> 0x5055
[2725] [M]: 0x80002A80 (0x50558593) addi a1, a1, 1285
x11 <- 0x0000B505


mem[X,0x80002A84] -> 0x4633
mem[X,0x80002A86] -> 0x02B5
[2726] [M]: 0x80002A84 (0x02B54633) div a2, a0, a1
x12 <- 0x00004868


mem[X,0x80002A88] -> 0xAE23
mem[X,0x80002A8A] -> 0x74C0
[2727] [M]: 0x80002A88 (0x74C0AE23) sw a2, 1884(ra)
mem[0x800059F4] <- 0x00004868


mem[X,0x80002A8C] -> 0x6537
mem[X,0x80002A8E] -> 0x6666
[2728] [M]: 0x80002A8C (0x66666537) lui a0, 419430
x10 <- 0x66666000


mem[X,0x80002A90] -> 0x0513
mem[X,0x80002A92] -> 0x6655
[2729] [M]: 0x80002A90 (0x66550513) addi a0, a0, 1637
x10 <- 0x66666665


mem[X,0x80002A94] -> 0x0593
mem[X,0x80002A96] -> 0x0030
[2730] [M]: 0x80002A94 (0x00300593) addi a1, zero, 3
x11 <- 0x00000003


mem[X,0x80002A98] -> 0x4633
mem[X,0x80002A9A] -> 0x02B5
[2731] [M]: 0x80002A98 (0x02B54633) div a2, a0, a1
x12 <- 0x22222221


mem[X,0x80002A9C] -> 0xA023
mem[X,0x80002A9E] -> 0x76C0
[2732] [M]: 0x80002A9C (0x76C0A023) sw a2, 1888(ra)
mem[0x800059F8] <- 0x22222221


mem[X,0x80002AA0] -> 0x6537
mem[X,0x80002AA2] -> 0x6666
[2733] [M]: 0x80002AA0 (0x66666537) lui a0, 419430
x10 <- 0x66666000


mem[X,0x80002AA4] -> 0x0513
mem[X,0x80002AA6] -> 0x6655
[2734] [M]: 0x80002AA4 (0x66550513) addi a0, a0, 1637
x10 <- 0x66666665


mem[X,0x80002AA8] -> 0x55B7
mem[X,0x80002AAA] -> 0x5555
[2735] [M]: 0x80002AA8 (0x555555B7) lui a1, 349525
x11 <- 0x55555000


mem[X,0x80002AAC] -> 0x8593
mem[X,0x80002AAE] -> 0x5555
[2736] [M]: 0x80002AAC (0x55558593) addi a1, a1, 1365
x11 <- 0x55555555


mem[X,0x80002AB0] -> 0x4633
mem[X,0x80002AB2] -> 0x02B5
[2737] [M]: 0x80002AB0 (0x02B54633) div a2, a0, a1
x12 <- 0x00000001


mem[X,0x80002AB4] -> 0xA223
mem[X,0x80002AB6] -> 0x76C0
[2738] [M]: 0x80002AB4 (0x76C0A223) sw a2, 1892(ra)
mem[0x800059FC] <- 0x00000001


mem[X,0x80002AB8] -> 0x6537
mem[X,0x80002ABA] -> 0x6666
[2739] [M]: 0x80002AB8 (0x66666537) lui a0, 419430
x10 <- 0x66666000


mem[X,0x80002ABC] -> 0x0513
mem[X,0x80002ABE] -> 0x6655
[2740] [M]: 0x80002ABC (0x66550513) addi a0, a0, 1637
x10 <- 0x66666665


mem[X,0x80002AC0] -> 0xB5B7
mem[X,0x80002AC2] -> 0xAAAA
[2741] [M]: 0x80002AC0 (0xAAAAB5B7) lui a1, 699051
x11 <- 0xAAAAB000


mem[X,0x80002AC4] -> 0x8593
mem[X,0x80002AC6] -> 0xAAA5
[2742] [M]: 0x80002AC4 (0xAAA58593) addi a1, a1, 2730
x11 <- 0xAAAAAAAA


mem[X,0x80002AC8] -> 0x4633
mem[X,0x80002ACA] -> 0x02B5
[2743] [M]: 0x80002AC8 (0x02B54633) div a2, a0, a1
x12 <- 0xFFFFFFFF


mem[X,0x80002ACC] -> 0xA423
mem[X,0x80002ACE] -> 0x76C0
[2744] [M]: 0x80002ACC (0x76C0A423) sw a2, 1896(ra)
mem[0x80005A00] <- 0xFFFFFFFF


mem[X,0x80002AD0] -> 0x6537
mem[X,0x80002AD2] -> 0x6666
[2745] [M]: 0x80002AD0 (0x66666537) lui a0, 419430
x10 <- 0x66666000


mem[X,0x80002AD4] -> 0x0513
mem[X,0x80002AD6] -> 0x6655
[2746] [M]: 0x80002AD4 (0x66550513) addi a0, a0, 1637
x10 <- 0x66666665


mem[X,0x80002AD8] -> 0x0593
mem[X,0x80002ADA] -> 0x0050
[2747] [M]: 0x80002AD8 (0x00500593) addi a1, zero, 5
x11 <- 0x00000005


mem[X,0x80002ADC] -> 0x4633
mem[X,0x80002ADE] -> 0x02B5
[2748] [M]: 0x80002ADC (0x02B54633) div a2, a0, a1
x12 <- 0x147AE147


mem[X,0x80002AE0] -> 0xA623
mem[X,0x80002AE2] -> 0x76C0
[2749] [M]: 0x80002AE0 (0x76C0A623) sw a2, 1900(ra)
mem[0x80005A04] <- 0x147AE147


mem[X,0x80002AE4] -> 0x6537
mem[X,0x80002AE6] -> 0x6666
[2750] [M]: 0x80002AE4 (0x66666537) lui a0, 419430
x10 <- 0x66666000


mem[X,0x80002AE8] -> 0x0513
mem[X,0x80002AEA] -> 0x6655
[2751] [M]: 0x80002AE8 (0x66550513) addi a0, a0, 1637
x10 <- 0x66666665


mem[X,0x80002AEC] -> 0x35B7
mem[X,0x80002AEE] -> 0x3333
[2752] [M]: 0x80002AEC (0x333335B7) lui a1, 209715
x11 <- 0x33333000


mem[X,0x80002AF0] -> 0x8593
mem[X,0x80002AF2] -> 0x3335
[2753] [M]: 0x80002AF0 (0x33358593) addi a1, a1, 819
x11 <- 0x33333333


mem[X,0x80002AF4] -> 0x4633
mem[X,0x80002AF6] -> 0x02B5
[2754] [M]: 0x80002AF4 (0x02B54633) div a2, a0, a1
x12 <- 0x00000001


mem[X,0x80002AF8] -> 0xA823
mem[X,0x80002AFA] -> 0x76C0
[2755] [M]: 0x80002AF8 (0x76C0A823) sw a2, 1904(ra)
mem[0x80005A08] <- 0x00000001


mem[X,0x80002AFC] -> 0x6537
mem[X,0x80002AFE] -> 0x6666
[2756] [M]: 0x80002AFC (0x66666537) lui a0, 419430
x10 <- 0x66666000


mem[X,0x80002B00] -> 0x0513
mem[X,0x80002B02] -> 0x6655
[2757] [M]: 0x80002B00 (0x66550513) addi a0, a0, 1637
x10 <- 0x66666665


mem[X,0x80002B04] -> 0x65B7
mem[X,0x80002B06] -> 0x6666
[2758] [M]: 0x80002B04 (0x666665B7) lui a1, 419430
x11 <- 0x66666000


mem[X,0x80002B08] -> 0x8593
mem[X,0x80002B0A] -> 0x6665
[2759] [M]: 0x80002B08 (0x66658593) addi a1, a1, 1638
x11 <- 0x66666666


mem[X,0x80002B0C] -> 0x4633
mem[X,0x80002B0E] -> 0x02B5
[2760] [M]: 0x80002B0C (0x02B54633) div a2, a0, a1
x12 <- 0x00000000


mem[X,0x80002B10] -> 0xAA23
mem[X,0x80002B12] -> 0x76C0
[2761] [M]: 0x80002B10 (0x76C0AA23) sw a2, 1908(ra)
mem[0x80005A0C] <- 0x00000000


mem[X,0x80002B14] -> 0x6537
mem[X,0x80002B16] -> 0x6666
[2762] [M]: 0x80002B14 (0x66666537) lui a0, 419430
x10 <- 0x66666000


mem[X,0x80002B18] -> 0x0513
mem[X,0x80002B1A] -> 0x6655
[2763] [M]: 0x80002B18 (0x66550513) addi a0, a0, 1637
x10 <- 0x66666665


mem[X,0x80002B1C] -> 0x55B7
mem[X,0x80002B1E] -> 0xFFFF
[2764] [M]: 0x80002B1C (0xFFFF55B7) lui a1, 1048565
x11 <- 0xFFFF5000


mem[X,0x80002B20] -> 0x8593
mem[X,0x80002B22] -> 0xAFC5
[2765] [M]: 0x80002B20 (0xAFC58593) addi a1, a1, 2812
x11 <- 0xFFFF4AFC


mem[X,0x80002B24] -> 0x4633
mem[X,0x80002B26] -> 0x02B5
[2766] [M]: 0x80002B24 (0x02B54633) div a2, a0, a1
x12 <- 0xFFFF6F2F


mem[X,0x80002B28] -> 0xAC23
mem[X,0x80002B2A] -> 0x76C0
[2767] [M]: 0x80002B28 (0x76C0AC23) sw a2, 1912(ra)
mem[0x80005A10] <- 0xFFFF6F2F


mem[X,0x80002B2C] -> 0x6537
mem[X,0x80002B2E] -> 0x6666
[2768] [M]: 0x80002B2C (0x66666537) lui a0, 419430
x10 <- 0x66666000


mem[X,0x80002B30] -> 0x0513
mem[X,0x80002B32] -> 0x6655
[2769] [M]: 0x80002B30 (0x66550513) addi a0, a0, 1637
x10 <- 0x66666665


mem[X,0x80002B34] -> 0xB5B7
mem[X,0x80002B36] -> 0x0000
[2770] [M]: 0x80002B34 (0x0000B5B7) lui a1, 11
x11 <- 0x0000B000


mem[X,0x80002B38] -> 0x8593
mem[X,0x80002B3A] -> 0x5045
[2771] [M]: 0x80002B38 (0x50458593) addi a1, a1, 1284
x11 <- 0x0000B504


mem[X,0x80002B3C] -> 0x4633
mem[X,0x80002B3E] -> 0x02B5
[2772] [M]: 0x80002B3C (0x02B54633) div a2, a0, a1
x12 <- 0x000090D1


mem[X,0x80002B40] -> 0xAE23
mem[X,0x80002B42] -> 0x76C0
[2773] [M]: 0x80002B40 (0x76C0AE23) sw a2, 1916(ra)
mem[0x80005A14] <- 0x000090D1


mem[X,0x80002B44] -> 0x6537
mem[X,0x80002B46] -> 0x6666
[2774] [M]: 0x80002B44 (0x66666537) lui a0, 419430
x10 <- 0x66666000


mem[X,0x80002B48] -> 0x0513
mem[X,0x80002B4A] -> 0x6655
[2775] [M]: 0x80002B48 (0x66550513) addi a0, a0, 1637
x10 <- 0x66666665


mem[X,0x80002B4C] -> 0x0593
mem[X,0x80002B4E] -> 0x0020
[2776] [M]: 0x80002B4C (0x00200593) addi a1, zero, 2
x11 <- 0x00000002


mem[X,0x80002B50] -> 0x4633
mem[X,0x80002B52] -> 0x02B5
[2777] [M]: 0x80002B50 (0x02B54633) div a2, a0, a1
x12 <- 0x33333332


mem[X,0x80002B54] -> 0xA023
mem[X,0x80002B56] -> 0x78C0
[2778] [M]: 0x80002B54 (0x78C0A023) sw a2, 1920(ra)
mem[0x80005A18] <- 0x33333332


mem[X,0x80002B58] -> 0x6537
mem[X,0x80002B5A] -> 0x6666
[2779] [M]: 0x80002B58 (0x66666537) lui a0, 419430
x10 <- 0x66666000


mem[X,0x80002B5C] -> 0x0513
mem[X,0x80002B5E] -> 0x6655
[2780] [M]: 0x80002B5C (0x66550513) addi a0, a0, 1637
x10 <- 0x66666665


mem[X,0x80002B60] -> 0x55B7
mem[X,0x80002B62] -> 0x5555
[2781] [M]: 0x80002B60 (0x555555B7) lui a1, 349525
x11 <- 0x55555000


mem[X,0x80002B64] -> 0x8593
mem[X,0x80002B66] -> 0x5545
[2782] [M]: 0x80002B64 (0x55458593) addi a1, a1, 1364
x11 <- 0x55555554


mem[X,0x80002B68] -> 0x4633
mem[X,0x80002B6A] -> 0x02B5
[2783] [M]: 0x80002B68 (0x02B54633) div a2, a0, a1
x12 <- 0x00000001


mem[X,0x80002B6C] -> 0xA223
mem[X,0x80002B6E] -> 0x78C0
[2784] [M]: 0x80002B6C (0x78C0A223) sw a2, 1924(ra)
mem[0x80005A1C] <- 0x00000001


mem[X,0x80002B70] -> 0x6537
mem[X,0x80002B72] -> 0x6666
[2785] [M]: 0x80002B70 (0x66666537) lui a0, 419430
x10 <- 0x66666000


mem[X,0x80002B74] -> 0x0513
mem[X,0x80002B76] -> 0x6655
[2786] [M]: 0x80002B74 (0x66550513) addi a0, a0, 1637
x10 <- 0x66666665


mem[X,0x80002B78] -> 0x0593
mem[X,0x80002B7A] -> 0x0000
[2787] [M]: 0x80002B78 (0x00000593) addi a1, zero, 0
x11 <- 0x00000000


mem[X,0x80002B7C] -> 0x4633
mem[X,0x80002B7E] -> 0x02B5
[2788] [M]: 0x80002B7C (0x02B54633) div a2, a0, a1
x12 <- 0xFFFFFFFF


mem[X,0x80002B80] -> 0xA423
mem[X,0x80002B82] -> 0x78C0
[2789] [M]: 0x80002B80 (0x78C0A423) sw a2, 1928(ra)
mem[0x80005A20] <- 0xFFFFFFFF


mem[X,0x80002B84] -> 0x6537
mem[X,0x80002B86] -> 0x6666
[2790] [M]: 0x80002B84 (0x66666537) lui a0, 419430
x10 <- 0x66666000


mem[X,0x80002B88] -> 0x0513
mem[X,0x80002B8A] -> 0x6655
[2791] [M]: 0x80002B88 (0x66550513) addi a0, a0, 1637
x10 <- 0x66666665


mem[X,0x80002B8C] -> 0x0593
mem[X,0x80002B8E] -> 0x0040
[2792] [M]: 0x80002B8C (0x00400593) addi a1, zero, 4
x11 <- 0x00000004


mem[X,0x80002B90] -> 0x4633
mem[X,0x80002B92] -> 0x02B5
[2793] [M]: 0x80002B90 (0x02B54633) div a2, a0, a1
x12 <- 0x19999999


mem[X,0x80002B94] -> 0xA623
mem[X,0x80002B96] -> 0x78C0
[2794] [M]: 0x80002B94 (0x78C0A623) sw a2, 1932(ra)
mem[0x80005A24] <- 0x19999999


mem[X,0x80002B98] -> 0x6537
mem[X,0x80002B9A] -> 0x6666
[2795] [M]: 0x80002B98 (0x66666537) lui a0, 419430
x10 <- 0x66666000


mem[X,0x80002B9C] -> 0x0513
mem[X,0x80002B9E] -> 0x6655
[2796] [M]: 0x80002B9C (0x66550513) addi a0, a0, 1637
x10 <- 0x66666665


mem[X,0x80002BA0] -> 0x35B7
mem[X,0x80002BA2] -> 0x3333
[2797] [M]: 0x80002BA0 (0x333335B7) lui a1, 209715
x11 <- 0x33333000


mem[X,0x80002BA4] -> 0x8593
mem[X,0x80002BA6] -> 0x3325
[2798] [M]: 0x80002BA4 (0x33258593) addi a1, a1, 818
x11 <- 0x33333332


mem[X,0x80002BA8] -> 0x4633
mem[X,0x80002BAA] -> 0x02B5
[2799] [M]: 0x80002BA8 (0x02B54633) div a2, a0, a1
x12 <- 0x00000002


clint::tick mtime <- 0x000000000000001C
 clint timer pending at mtime 0x000000000000001C
htif::tick 0x0000000000000000
mem[X,0x80002BAC] -> 0xA823
mem[X,0x80002BAE] -> 0x78C0
[2800] [M]: 0x80002BAC (0x78C0A823) sw a2, 1936(ra)
mem[0x80005A28] <- 0x00000002


mem[X,0x80002BB0] -> 0x6537
mem[X,0x80002BB2] -> 0x6666
[2801] [M]: 0x80002BB0 (0x66666537) lui a0, 419430
x10 <- 0x66666000


mem[X,0x80002BB4] -> 0x0513
mem[X,0x80002BB6] -> 0x6655
[2802] [M]: 0x80002BB4 (0x66550513) addi a0, a0, 1637
x10 <- 0x66666665


mem[X,0x80002BB8] -> 0x65B7
mem[X,0x80002BBA] -> 0x6666
[2803] [M]: 0x80002BB8 (0x666665B7) lui a1, 419430
x11 <- 0x66666000


mem[X,0x80002BBC] -> 0x8593
mem[X,0x80002BBE] -> 0x6655
[2804] [M]: 0x80002BBC (0x66558593) addi a1, a1, 1637
x11 <- 0x66666665


mem[X,0x80002BC0] -> 0x4633
mem[X,0x80002BC2] -> 0x02B5
[2805] [M]: 0x80002BC0 (0x02B54633) div a2, a0, a1
x12 <- 0x00000001


mem[X,0x80002BC4] -> 0xAA23
mem[X,0x80002BC6] -> 0x78C0
[2806] [M]: 0x80002BC4 (0x78C0AA23) sw a2, 1940(ra)
mem[0x80005A2C] <- 0x00000001


mem[X,0x80002BC8] -> 0x6537
mem[X,0x80002BCA] -> 0x6666
[2807] [M]: 0x80002BC8 (0x66666537) lui a0, 419430
x10 <- 0x66666000


mem[X,0x80002BCC] -> 0x0513
mem[X,0x80002BCE] -> 0x6655
[2808] [M]: 0x80002BCC (0x66550513) addi a0, a0, 1637
x10 <- 0x66666665


mem[X,0x80002BD0] -> 0xB5B7
mem[X,0x80002BD2] -> 0x0000
[2809] [M]: 0x80002BD0 (0x0000B5B7) lui a1, 11
x11 <- 0x0000B000


mem[X,0x80002BD4] -> 0x8593
mem[X,0x80002BD6] -> 0x5035
[2810] [M]: 0x80002BD4 (0x50358593) addi a1, a1, 1283
x11 <- 0x0000B503


mem[X,0x80002BD8] -> 0x4633
mem[X,0x80002BDA] -> 0x02B5
[2811] [M]: 0x80002BD8 (0x02B54633) div a2, a0, a1
x12 <- 0x000090D2


mem[X,0x80002BDC] -> 0xAC23
mem[X,0x80002BDE] -> 0x78C0
[2812] [M]: 0x80002BDC (0x78C0AC23) sw a2, 1944(ra)
mem[0x80005A30] <- 0x000090D2


mem[X,0x80002BE0] -> 0x6537
mem[X,0x80002BE2] -> 0x6666
[2813] [M]: 0x80002BE0 (0x66666537) lui a0, 419430
x10 <- 0x66666000


mem[X,0x80002BE4] -> 0x0513
mem[X,0x80002BE6] -> 0x6655
[2814] [M]: 0x80002BE4 (0x66550513) addi a0, a0, 1637
x10 <- 0x66666665


mem[X,0x80002BE8] -> 0x55B7
mem[X,0x80002BEA] -> 0x5555
[2815] [M]: 0x80002BE8 (0x555555B7) lui a1, 349525
x11 <- 0x55555000


mem[X,0x80002BEC] -> 0x8593
mem[X,0x80002BEE] -> 0x5565
[2816] [M]: 0x80002BEC (0x55658593) addi a1, a1, 1366
x11 <- 0x55555556


mem[X,0x80002BF0] -> 0x4633
mem[X,0x80002BF2] -> 0x02B5
[2817] [M]: 0x80002BF0 (0x02B54633) div a2, a0, a1
x12 <- 0x00000001


mem[X,0x80002BF4] -> 0xAE23
mem[X,0x80002BF6] -> 0x78C0
[2818] [M]: 0x80002BF4 (0x78C0AE23) sw a2, 1948(ra)
mem[0x80005A34] <- 0x00000001


mem[X,0x80002BF8] -> 0x6537
mem[X,0x80002BFA] -> 0x6666
[2819] [M]: 0x80002BF8 (0x66666537) lui a0, 419430
x10 <- 0x66666000


mem[X,0x80002BFC] -> 0x0513
mem[X,0x80002BFE] -> 0x6655
[2820] [M]: 0x80002BFC (0x66550513) addi a0, a0, 1637
x10 <- 0x66666665


mem[X,0x80002C00] -> 0xB5B7
mem[X,0x80002C02] -> 0xAAAA
[2821] [M]: 0x80002C00 (0xAAAAB5B7) lui a1, 699051
x11 <- 0xAAAAB000


mem[X,0x80002C04] -> 0x8593
mem[X,0x80002C06] -> 0xAAB5
[2822] [M]: 0x80002C04 (0xAAB58593) addi a1, a1, 2731
x11 <- 0xAAAAAAAB


mem[X,0x80002C08] -> 0x4633
mem[X,0x80002C0A] -> 0x02B5
[2823] [M]: 0x80002C08 (0x02B54633) div a2, a0, a1
x12 <- 0xFFFFFFFF


mem[X,0x80002C0C] -> 0xA023
mem[X,0x80002C0E] -> 0x7AC0
[2824] [M]: 0x80002C0C (0x7AC0A023) sw a2, 1952(ra)
mem[0x80005A38] <- 0xFFFFFFFF


mem[X,0x80002C10] -> 0x6537
mem[X,0x80002C12] -> 0x6666
[2825] [M]: 0x80002C10 (0x66666537) lui a0, 419430
x10 <- 0x66666000


mem[X,0x80002C14] -> 0x0513
mem[X,0x80002C16] -> 0x6655
[2826] [M]: 0x80002C14 (0x66550513) addi a0, a0, 1637
x10 <- 0x66666665


mem[X,0x80002C18] -> 0x0593
mem[X,0x80002C1A] -> 0x0060
[2827] [M]: 0x80002C18 (0x00600593) addi a1, zero, 6
x11 <- 0x00000006


mem[X,0x80002C1C] -> 0x4633
mem[X,0x80002C1E] -> 0x02B5
[2828] [M]: 0x80002C1C (0x02B54633) div a2, a0, a1
x12 <- 0x11111110


mem[X,0x80002C20] -> 0xA223
mem[X,0x80002C22] -> 0x7AC0
[2829] [M]: 0x80002C20 (0x7AC0A223) sw a2, 1956(ra)
mem[0x80005A3C] <- 0x11111110


mem[X,0x80002C24] -> 0x6537
mem[X,0x80002C26] -> 0x6666
[2830] [M]: 0x80002C24 (0x66666537) lui a0, 419430
x10 <- 0x66666000


mem[X,0x80002C28] -> 0x0513
mem[X,0x80002C2A] -> 0x6655
[2831] [M]: 0x80002C28 (0x66550513) addi a0, a0, 1637
x10 <- 0x66666665


mem[X,0x80002C2C] -> 0x35B7
mem[X,0x80002C2E] -> 0x3333
[2832] [M]: 0x80002C2C (0x333335B7) lui a1, 209715
x11 <- 0x33333000


mem[X,0x80002C30] -> 0x8593
mem[X,0x80002C32] -> 0x3345
[2833] [M]: 0x80002C30 (0x33458593) addi a1, a1, 820
x11 <- 0x33333334


mem[X,0x80002C34] -> 0x4633
mem[X,0x80002C36] -> 0x02B5
[2834] [M]: 0x80002C34 (0x02B54633) div a2, a0, a1
x12 <- 0x00000001


mem[X,0x80002C38] -> 0xA423
mem[X,0x80002C3A] -> 0x7AC0
[2835] [M]: 0x80002C38 (0x7AC0A423) sw a2, 1960(ra)
mem[0x80005A40] <- 0x00000001


mem[X,0x80002C3C] -> 0x6537
mem[X,0x80002C3E] -> 0x6666
[2836] [M]: 0x80002C3C (0x66666537) lui a0, 419430
x10 <- 0x66666000


mem[X,0x80002C40] -> 0x0513
mem[X,0x80002C42] -> 0x6655
[2837] [M]: 0x80002C40 (0x66550513) addi a0, a0, 1637
x10 <- 0x66666665


mem[X,0x80002C44] -> 0x65B7
mem[X,0x80002C46] -> 0x6666
[2838] [M]: 0x80002C44 (0x666665B7) lui a1, 419430
x11 <- 0x66666000


mem[X,0x80002C48] -> 0x8593
mem[X,0x80002C4A] -> 0x6675
[2839] [M]: 0x80002C48 (0x66758593) addi a1, a1, 1639
x11 <- 0x66666667


mem[X,0x80002C4C] -> 0x4633
mem[X,0x80002C4E] -> 0x02B5
[2840] [M]: 0x80002C4C (0x02B54633) div a2, a0, a1
x12 <- 0x00000000


mem[X,0x80002C50] -> 0xA623
mem[X,0x80002C52] -> 0x7AC0
[2841] [M]: 0x80002C50 (0x7AC0A623) sw a2, 1964(ra)
mem[0x80005A44] <- 0x00000000


mem[X,0x80002C54] -> 0x6537
mem[X,0x80002C56] -> 0x6666
[2842] [M]: 0x80002C54 (0x66666537) lui a0, 419430
x10 <- 0x66666000


mem[X,0x80002C58] -> 0x0513
mem[X,0x80002C5A] -> 0x6655
[2843] [M]: 0x80002C58 (0x66550513) addi a0, a0, 1637
x10 <- 0x66666665


mem[X,0x80002C5C] -> 0x55B7
mem[X,0x80002C5E] -> 0xFFFF
[2844] [M]: 0x80002C5C (0xFFFF55B7) lui a1, 1048565
x11 <- 0xFFFF5000


mem[X,0x80002C60] -> 0x8593
mem[X,0x80002C62] -> 0xAFD5
[2845] [M]: 0x80002C60 (0xAFD58593) addi a1, a1, 2813
x11 <- 0xFFFF4AFD


mem[X,0x80002C64] -> 0x4633
mem[X,0x80002C66] -> 0x02B5
[2846] [M]: 0x80002C64 (0x02B54633) div a2, a0, a1
x12 <- 0xFFFF6F2E


mem[X,0x80002C68] -> 0xA823
mem[X,0x80002C6A] -> 0x7AC0
[2847] [M]: 0x80002C68 (0x7AC0A823) sw a2, 1968(ra)
mem[0x80005A48] <- 0xFFFF6F2E


mem[X,0x80002C6C] -> 0x6537
mem[X,0x80002C6E] -> 0x6666
[2848] [M]: 0x80002C6C (0x66666537) lui a0, 419430
x10 <- 0x66666000


mem[X,0x80002C70] -> 0x0513
mem[X,0x80002C72] -> 0x6655
[2849] [M]: 0x80002C70 (0x66550513) addi a0, a0, 1637
x10 <- 0x66666665


mem[X,0x80002C74] -> 0xB5B7
mem[X,0x80002C76] -> 0x0000
[2850] [M]: 0x80002C74 (0x0000B5B7) lui a1, 11
x11 <- 0x0000B000


mem[X,0x80002C78] -> 0x8593
mem[X,0x80002C7A] -> 0x5055
[2851] [M]: 0x80002C78 (0x50558593) addi a1, a1, 1285
x11 <- 0x0000B505


mem[X,0x80002C7C] -> 0x4633
mem[X,0x80002C7E] -> 0x02B5
[2852] [M]: 0x80002C7C (0x02B54633) div a2, a0, a1
x12 <- 0x000090D0


mem[X,0x80002C80] -> 0xAA23
mem[X,0x80002C82] -> 0x7AC0
[2853] [M]: 0x80002C80 (0x7AC0AA23) sw a2, 1972(ra)
mem[0x80005A4C] <- 0x000090D0


mem[X,0x80002C84] -> 0xB537
mem[X,0x80002C86] -> 0x0000
[2854] [M]: 0x80002C84 (0x0000B537) lui a0, 11
x10 <- 0x0000B000


mem[X,0x80002C88] -> 0x0513
mem[X,0x80002C8A] -> 0x5035
[2855] [M]: 0x80002C88 (0x50350513) addi a0, a0, 1283
x10 <- 0x0000B503


mem[X,0x80002C8C] -> 0x0593
mem[X,0x80002C8E] -> 0x0030
[2856] [M]: 0x80002C8C (0x00300593) addi a1, zero, 3
x11 <- 0x00000003


mem[X,0x80002C90] -> 0x4633
mem[X,0x80002C92] -> 0x02B5
[2857] [M]: 0x80002C90 (0x02B54633) div a2, a0, a1
x12 <- 0x00003C56


mem[X,0x80002C94] -> 0xAC23
mem[X,0x80002C96] -> 0x7AC0
[2858] [M]: 0x80002C94 (0x7AC0AC23) sw a2, 1976(ra)
mem[0x80005A50] <- 0x00003C56


mem[X,0x80002C98] -> 0xB537
mem[X,0x80002C9A] -> 0x0000
[2859] [M]: 0x80002C98 (0x0000B537) lui a0, 11
x10 <- 0x0000B000


mem[X,0x80002C9C] -> 0x0513
mem[X,0x80002C9E] -> 0x5035
[2860] [M]: 0x80002C9C (0x50350513) addi a0, a0, 1283
x10 <- 0x0000B503


mem[X,0x80002CA0] -> 0x55B7
mem[X,0x80002CA2] -> 0x5555
[2861] [M]: 0x80002CA0 (0x555555B7) lui a1, 349525
x11 <- 0x55555000


mem[X,0x80002CA4] -> 0x8593
mem[X,0x80002CA6] -> 0x5555
[2862] [M]: 0x80002CA4 (0x55558593) addi a1, a1, 1365
x11 <- 0x55555555


mem[X,0x80002CA8] -> 0x4633
mem[X,0x80002CAA] -> 0x02B5
[2863] [M]: 0x80002CA8 (0x02B54633) div a2, a0, a1
x12 <- 0x00000000


mem[X,0x80002CAC] -> 0xAE23
mem[X,0x80002CAE] -> 0x7AC0
[2864] [M]: 0x80002CAC (0x7AC0AE23) sw a2, 1980(ra)
mem[0x80005A54] <- 0x00000000


mem[X,0x80002CB0] -> 0xB537
mem[X,0x80002CB2] -> 0x0000
[2865] [M]: 0x80002CB0 (0x0000B537) lui a0, 11
x10 <- 0x0000B000


mem[X,0x80002CB4] -> 0x0513
mem[X,0x80002CB6] -> 0x5035
[2866] [M]: 0x80002CB4 (0x50350513) addi a0, a0, 1283
x10 <- 0x0000B503


mem[X,0x80002CB8] -> 0xB5B7
mem[X,0x80002CBA] -> 0xAAAA
[2867] [M]: 0x80002CB8 (0xAAAAB5B7) lui a1, 699051
x11 <- 0xAAAAB000


mem[X,0x80002CBC] -> 0x8593
mem[X,0x80002CBE] -> 0xAAA5
[2868] [M]: 0x80002CBC (0xAAA58593) addi a1, a1, 2730
x11 <- 0xAAAAAAAA


mem[X,0x80002CC0] -> 0x4633
mem[X,0x80002CC2] -> 0x02B5
[2869] [M]: 0x80002CC0 (0x02B54633) div a2, a0, a1
x12 <- 0x00000000


mem[X,0x80002CC4] -> 0xA023
mem[X,0x80002CC6] -> 0x7CC0
[2870] [M]: 0x80002CC4 (0x7CC0A023) sw a2, 1984(ra)
mem[0x80005A58] <- 0x00000000


mem[X,0x80002CC8] -> 0xB537
mem[X,0x80002CCA] -> 0x0000
[2871] [M]: 0x80002CC8 (0x0000B537) lui a0, 11
x10 <- 0x0000B000


mem[X,0x80002CCC] -> 0x0513
mem[X,0x80002CCE] -> 0x5035
[2872] [M]: 0x80002CCC (0x50350513) addi a0, a0, 1283
x10 <- 0x0000B503


mem[X,0x80002CD0] -> 0x0593
mem[X,0x80002CD2] -> 0x0050
[2873] [M]: 0x80002CD0 (0x00500593) addi a1, zero, 5
x11 <- 0x00000005


mem[X,0x80002CD4] -> 0x4633
mem[X,0x80002CD6] -> 0x02B5
[2874] [M]: 0x80002CD4 (0x02B54633) div a2, a0, a1
x12 <- 0x00002433


mem[X,0x80002CD8] -> 0xA223
mem[X,0x80002CDA] -> 0x7CC0
[2875] [M]: 0x80002CD8 (0x7CC0A223) sw a2, 1988(ra)
mem[0x80005A5C] <- 0x00002433


mem[X,0x80002CDC] -> 0xB537
mem[X,0x80002CDE] -> 0x0000
[2876] [M]: 0x80002CDC (0x0000B537) lui a0, 11
x10 <- 0x0000B000


mem[X,0x80002CE0] -> 0x0513
mem[X,0x80002CE2] -> 0x5035
[2877] [M]: 0x80002CE0 (0x50350513) addi a0, a0, 1283
x10 <- 0x0000B503


mem[X,0x80002CE4] -> 0x35B7
mem[X,0x80002CE6] -> 0x3333
[2878] [M]: 0x80002CE4 (0x333335B7) lui a1, 209715
x11 <- 0x33333000


mem[X,0x80002CE8] -> 0x8593
mem[X,0x80002CEA] -> 0x3335
[2879] [M]: 0x80002CE8 (0x33358593) addi a1, a1, 819
x11 <- 0x33333333


mem[X,0x80002CEC] -> 0x4633
mem[X,0x80002CEE] -> 0x02B5
[2880] [M]: 0x80002CEC (0x02B54633) div a2, a0, a1
x12 <- 0x00000000


mem[X,0x80002CF0] -> 0xA423
mem[X,0x80002CF2] -> 0x7CC0
[2881] [M]: 0x80002CF0 (0x7CC0A423) sw a2, 1992(ra)
mem[0x80005A60] <- 0x00000000


mem[X,0x80002CF4] -> 0xB537
mem[X,0x80002CF6] -> 0x0000
[2882] [M]: 0x80002CF4 (0x0000B537) lui a0, 11
x10 <- 0x0000B000


mem[X,0x80002CF8] -> 0x0513
mem[X,0x80002CFA] -> 0x5035
[2883] [M]: 0x80002CF8 (0x50350513) addi a0, a0, 1283
x10 <- 0x0000B503


mem[X,0x80002CFC] -> 0x65B7
mem[X,0x80002CFE] -> 0x6666
[2884] [M]: 0x80002CFC (0x666665B7) lui a1, 419430
x11 <- 0x66666000


mem[X,0x80002D00] -> 0x8593
mem[X,0x80002D02] -> 0x6665
[2885] [M]: 0x80002D00 (0x66658593) addi a1, a1, 1638
x11 <- 0x66666666


mem[X,0x80002D04] -> 0x4633
mem[X,0x80002D06] -> 0x02B5
[2886] [M]: 0x80002D04 (0x02B54633) div a2, a0, a1
x12 <- 0x00000000


mem[X,0x80002D08] -> 0xA623
mem[X,0x80002D0A] -> 0x7CC0
[2887] [M]: 0x80002D08 (0x7CC0A623) sw a2, 1996(ra)
mem[0x80005A64] <- 0x00000000


mem[X,0x80002D0C] -> 0xB537
mem[X,0x80002D0E] -> 0x0000
[2888] [M]: 0x80002D0C (0x0000B537) lui a0, 11
x10 <- 0x0000B000


mem[X,0x80002D10] -> 0x0513
mem[X,0x80002D12] -> 0x5035
[2889] [M]: 0x80002D10 (0x50350513) addi a0, a0, 1283
x10 <- 0x0000B503


mem[X,0x80002D14] -> 0x55B7
mem[X,0x80002D16] -> 0xFFFF
[2890] [M]: 0x80002D14 (0xFFFF55B7) lui a1, 1048565
x11 <- 0xFFFF5000


mem[X,0x80002D18] -> 0x8593
mem[X,0x80002D1A] -> 0xAFC5
[2891] [M]: 0x80002D18 (0xAFC58593) addi a1, a1, 2812
x11 <- 0xFFFF4AFC


mem[X,0x80002D1C] -> 0x4633
mem[X,0x80002D1E] -> 0x02B5
[2892] [M]: 0x80002D1C (0x02B54633) div a2, a0, a1
x12 <- 0x00000000


mem[X,0x80002D20] -> 0xA823
mem[X,0x80002D22] -> 0x7CC0
[2893] [M]: 0x80002D20 (0x7CC0A823) sw a2, 2000(ra)
mem[0x80005A68] <- 0x00000000


mem[X,0x80002D24] -> 0xB537
mem[X,0x80002D26] -> 0x0000
[2894] [M]: 0x80002D24 (0x0000B537) lui a0, 11
x10 <- 0x0000B000


mem[X,0x80002D28] -> 0x0513
mem[X,0x80002D2A] -> 0x5035
[2895] [M]: 0x80002D28 (0x50350513) addi a0, a0, 1283
x10 <- 0x0000B503


mem[X,0x80002D2C] -> 0xB5B7
mem[X,0x80002D2E] -> 0x0000
[2896] [M]: 0x80002D2C (0x0000B5B7) lui a1, 11
x11 <- 0x0000B000


mem[X,0x80002D30] -> 0x8593
mem[X,0x80002D32] -> 0x5045
[2897] [M]: 0x80002D30 (0x50458593) addi a1, a1, 1284
x11 <- 0x0000B504


mem[X,0x80002D34] -> 0x4633
mem[X,0x80002D36] -> 0x02B5
[2898] [M]: 0x80002D34 (0x02B54633) div a2, a0, a1
x12 <- 0x00000000


mem[X,0x80002D38] -> 0xAA23
mem[X,0x80002D3A] -> 0x7CC0
[2899] [M]: 0x80002D38 (0x7CC0AA23) sw a2, 2004(ra)
mem[0x80005A6C] <- 0x00000000


clint::tick mtime <- 0x000000000000001D
 clint timer pending at mtime 0x000000000000001D
htif::tick 0x0000000000000000
mem[X,0x80002D3C] -> 0xB537
mem[X,0x80002D3E] -> 0x0000
[2900] [M]: 0x80002D3C (0x0000B537) lui a0, 11
x10 <- 0x0000B000


mem[X,0x80002D40] -> 0x0513
mem[X,0x80002D42] -> 0x5035
[2901] [M]: 0x80002D40 (0x50350513) addi a0, a0, 1283
x10 <- 0x0000B503


mem[X,0x80002D44] -> 0x0593
mem[X,0x80002D46] -> 0x0020
[2902] [M]: 0x80002D44 (0x00200593) addi a1, zero, 2
x11 <- 0x00000002


mem[X,0x80002D48] -> 0x4633
mem[X,0x80002D4A] -> 0x02B5
[2903] [M]: 0x80002D48 (0x02B54633) div a2, a0, a1
x12 <- 0x00005A81


mem[X,0x80002D4C] -> 0xAC23
mem[X,0x80002D4E] -> 0x7CC0
[2904] [M]: 0x80002D4C (0x7CC0AC23) sw a2, 2008(ra)
mem[0x80005A70] <- 0x00005A81


mem[X,0x80002D50] -> 0xB537
mem[X,0x80002D52] -> 0x0000
[2905] [M]: 0x80002D50 (0x0000B537) lui a0, 11
x10 <- 0x0000B000


mem[X,0x80002D54] -> 0x0513
mem[X,0x80002D56] -> 0x5035
[2906] [M]: 0x80002D54 (0x50350513) addi a0, a0, 1283
x10 <- 0x0000B503


mem[X,0x80002D58] -> 0x55B7
mem[X,0x80002D5A] -> 0x5555
[2907] [M]: 0x80002D58 (0x555555B7) lui a1, 349525
x11 <- 0x55555000


mem[X,0x80002D5C] -> 0x8593
mem[X,0x80002D5E] -> 0x5545
[2908] [M]: 0x80002D5C (0x55458593) addi a1, a1, 1364
x11 <- 0x55555554


mem[X,0x80002D60] -> 0x4633
mem[X,0x80002D62] -> 0x02B5
[2909] [M]: 0x80002D60 (0x02B54633) div a2, a0, a1
x12 <- 0x00000000


mem[X,0x80002D64] -> 0xAE23
mem[X,0x80002D66] -> 0x7CC0
[2910] [M]: 0x80002D64 (0x7CC0AE23) sw a2, 2012(ra)
mem[0x80005A74] <- 0x00000000


mem[X,0x80002D68] -> 0xB537
mem[X,0x80002D6A] -> 0x0000
[2911] [M]: 0x80002D68 (0x0000B537) lui a0, 11
x10 <- 0x0000B000


mem[X,0x80002D6C] -> 0x0513
mem[X,0x80002D6E] -> 0x5035
[2912] [M]: 0x80002D6C (0x50350513) addi a0, a0, 1283
x10 <- 0x0000B503


mem[X,0x80002D70] -> 0x0593
mem[X,0x80002D72] -> 0x0000
[2913] [M]: 0x80002D70 (0x00000593) addi a1, zero, 0
x11 <- 0x00000000


mem[X,0x80002D74] -> 0x4633
mem[X,0x80002D76] -> 0x02B5
[2914] [M]: 0x80002D74 (0x02B54633) div a2, a0, a1
x12 <- 0xFFFFFFFF


mem[X,0x80002D78] -> 0xA023
mem[X,0x80002D7A] -> 0x7EC0
[2915] [M]: 0x80002D78 (0x7EC0A023) sw a2, 2016(ra)
mem[0x80005A78] <- 0xFFFFFFFF


mem[X,0x80002D7C] -> 0xB537
mem[X,0x80002D7E] -> 0x0000
[2916] [M]: 0x80002D7C (0x0000B537) lui a0, 11
x10 <- 0x0000B000


mem[X,0x80002D80] -> 0x0513
mem[X,0x80002D82] -> 0x5035
[2917] [M]: 0x80002D80 (0x50350513) addi a0, a0, 1283
x10 <- 0x0000B503


mem[X,0x80002D84] -> 0x0593
mem[X,0x80002D86] -> 0x0040
[2918] [M]: 0x80002D84 (0x00400593) addi a1, zero, 4
x11 <- 0x00000004


mem[X,0x80002D88] -> 0x4633
mem[X,0x80002D8A] -> 0x02B5
[2919] [M]: 0x80002D88 (0x02B54633) div a2, a0, a1
x12 <- 0x00002D40


mem[X,0x80002D8C] -> 0xA223
mem[X,0x80002D8E] -> 0x7EC0
[2920] [M]: 0x80002D8C (0x7EC0A223) sw a2, 2020(ra)
mem[0x80005A7C] <- 0x00002D40


mem[X,0x80002D90] -> 0xB537
mem[X,0x80002D92] -> 0x0000
[2921] [M]: 0x80002D90 (0x0000B537) lui a0, 11
x10 <- 0x0000B000


mem[X,0x80002D94] -> 0x0513
mem[X,0x80002D96] -> 0x5035
[2922] [M]: 0x80002D94 (0x50350513) addi a0, a0, 1283
x10 <- 0x0000B503


mem[X,0x80002D98] -> 0x35B7
mem[X,0x80002D9A] -> 0x3333
[2923] [M]: 0x80002D98 (0x333335B7) lui a1, 209715
x11 <- 0x33333000


mem[X,0x80002D9C] -> 0x8593
mem[X,0x80002D9E] -> 0x3325
[2924] [M]: 0x80002D9C (0x33258593) addi a1, a1, 818
x11 <- 0x33333332


mem[X,0x80002DA0] -> 0x4633
mem[X,0x80002DA2] -> 0x02B5
[2925] [M]: 0x80002DA0 (0x02B54633) div a2, a0, a1
x12 <- 0x00000000


mem[X,0x80002DA4] -> 0xA423
mem[X,0x80002DA6] -> 0x7EC0
[2926] [M]: 0x80002DA4 (0x7EC0A423) sw a2, 2024(ra)
mem[0x80005A80] <- 0x00000000


mem[X,0x80002DA8] -> 0xB537
mem[X,0x80002DAA] -> 0x0000
[2927] [M]: 0x80002DA8 (0x0000B537) lui a0, 11
x10 <- 0x0000B000


mem[X,0x80002DAC] -> 0x0513
mem[X,0x80002DAE] -> 0x5035
[2928] [M]: 0x80002DAC (0x50350513) addi a0, a0, 1283
x10 <- 0x0000B503


mem[X,0x80002DB0] -> 0x65B7
mem[X,0x80002DB2] -> 0x6666
[2929] [M]: 0x80002DB0 (0x666665B7) lui a1, 419430
x11 <- 0x66666000


mem[X,0x80002DB4] -> 0x8593
mem[X,0x80002DB6] -> 0x6655
[2930] [M]: 0x80002DB4 (0x66558593) addi a1, a1, 1637
x11 <- 0x66666665


mem[X,0x80002DB8] -> 0x4633
mem[X,0x80002DBA] -> 0x02B5
[2931] [M]: 0x80002DB8 (0x02B54633) div a2, a0, a1
x12 <- 0x00000000


mem[X,0x80002DBC] -> 0xA623
mem[X,0x80002DBE] -> 0x7EC0
[2932] [M]: 0x80002DBC (0x7EC0A623) sw a2, 2028(ra)
mem[0x80005A84] <- 0x00000000


mem[X,0x80002DC0] -> 0xB537
mem[X,0x80002DC2] -> 0x0000
[2933] [M]: 0x80002DC0 (0x0000B537) lui a0, 11
x10 <- 0x0000B000


mem[X,0x80002DC4] -> 0x0513
mem[X,0x80002DC6] -> 0x5035
[2934] [M]: 0x80002DC4 (0x50350513) addi a0, a0, 1283
x10 <- 0x0000B503


mem[X,0x80002DC8] -> 0xB5B7
mem[X,0x80002DCA] -> 0x0000
[2935] [M]: 0x80002DC8 (0x0000B5B7) lui a1, 11
x11 <- 0x0000B000


mem[X,0x80002DCC] -> 0x8593
mem[X,0x80002DCE] -> 0x5035
[2936] [M]: 0x80002DCC (0x50358593) addi a1, a1, 1283
x11 <- 0x0000B503


mem[X,0x80002DD0] -> 0x4633
mem[X,0x80002DD2] -> 0x02B5
[2937] [M]: 0x80002DD0 (0x02B54633) div a2, a0, a1
x12 <- 0x00000001


mem[X,0x80002DD4] -> 0xA823
mem[X,0x80002DD6] -> 0x7EC0
[2938] [M]: 0x80002DD4 (0x7EC0A823) sw a2, 2032(ra)
mem[0x80005A88] <- 0x00000001


mem[X,0x80002DD8] -> 0xB537
mem[X,0x80002DDA] -> 0x0000
[2939] [M]: 0x80002DD8 (0x0000B537) lui a0, 11
x10 <- 0x0000B000


mem[X,0x80002DDC] -> 0x0513
mem[X,0x80002DDE] -> 0x5035
[2940] [M]: 0x80002DDC (0x50350513) addi a0, a0, 1283
x10 <- 0x0000B503


mem[X,0x80002DE0] -> 0x55B7
mem[X,0x80002DE2] -> 0x5555
[2941] [M]: 0x80002DE0 (0x555555B7) lui a1, 349525
x11 <- 0x55555000


mem[X,0x80002DE4] -> 0x8593
mem[X,0x80002DE6] -> 0x5565
[2942] [M]: 0x80002DE4 (0x55658593) addi a1, a1, 1366
x11 <- 0x55555556


mem[X,0x80002DE8] -> 0x4633
mem[X,0x80002DEA] -> 0x02B5
[2943] [M]: 0x80002DE8 (0x02B54633) div a2, a0, a1
x12 <- 0x00000000


mem[X,0x80002DEC] -> 0xAA23
mem[X,0x80002DEE] -> 0x7EC0
[2944] [M]: 0x80002DEC (0x7EC0AA23) sw a2, 2036(ra)
mem[0x80005A8C] <- 0x00000000


mem[X,0x80002DF0] -> 0xB537
mem[X,0x80002DF2] -> 0x0000
[2945] [M]: 0x80002DF0 (0x0000B537) lui a0, 11
x10 <- 0x0000B000


mem[X,0x80002DF4] -> 0x0513
mem[X,0x80002DF6] -> 0x5035
[2946] [M]: 0x80002DF4 (0x50350513) addi a0, a0, 1283
x10 <- 0x0000B503


mem[X,0x80002DF8] -> 0xB5B7
mem[X,0x80002DFA] -> 0xAAAA
[2947] [M]: 0x80002DF8 (0xAAAAB5B7) lui a1, 699051
x11 <- 0xAAAAB000


mem[X,0x80002DFC] -> 0x8593
mem[X,0x80002DFE] -> 0xAAB5
[2948] [M]: 0x80002DFC (0xAAB58593) addi a1, a1, 2731
x11 <- 0xAAAAAAAB


mem[X,0x80002E00] -> 0x4633
mem[X,0x80002E02] -> 0x02B5
[2949] [M]: 0x80002E00 (0x02B54633) div a2, a0, a1
x12 <- 0x00000000


mem[X,0x80002E04] -> 0xAC23
mem[X,0x80002E06] -> 0x7EC0
[2950] [M]: 0x80002E04 (0x7EC0AC23) sw a2, 2040(ra)
mem[0x80005A90] <- 0x00000000


mem[X,0x80002E08] -> 0xB537
mem[X,0x80002E0A] -> 0x0000
[2951] [M]: 0x80002E08 (0x0000B537) lui a0, 11
x10 <- 0x0000B000


mem[X,0x80002E0C] -> 0x0513
mem[X,0x80002E0E] -> 0x5035
[2952] [M]: 0x80002E0C (0x50350513) addi a0, a0, 1283
x10 <- 0x0000B503


mem[X,0x80002E10] -> 0x0593
mem[X,0x80002E12] -> 0x0060
[2953] [M]: 0x80002E10 (0x00600593) addi a1, zero, 6
x11 <- 0x00000006


mem[X,0x80002E14] -> 0x4633
mem[X,0x80002E16] -> 0x02B5
[2954] [M]: 0x80002E14 (0x02B54633) div a2, a0, a1
x12 <- 0x00001E2B


mem[X,0x80002E18] -> 0xAE23
mem[X,0x80002E1A] -> 0x7EC0
[2955] [M]: 0x80002E18 (0x7EC0AE23) sw a2, 2044(ra)
mem[0x80005A94] <- 0x00001E2B


mem[X,0x80002E1C] -> 0x3097
mem[X,0x80002E1E] -> 0x0000
[2956] [M]: 0x80002E1C (0x00003097) auipc ra, 3
x1 <- 0x80005E1C


mem[X,0x80002E20] -> 0x8093
mem[X,0x80002E22] -> 0xC7C0
[2957] [M]: 0x80002E20 (0xC7C08093) addi ra, ra, 3196
x1 <- 0x80005A98


mem[X,0x80002E24] -> 0xB537
mem[X,0x80002E26] -> 0x0000
[2958] [M]: 0x80002E24 (0x0000B537) lui a0, 11
x10 <- 0x0000B000


mem[X,0x80002E28] -> 0x0513
mem[X,0x80002E2A] -> 0x5035
[2959] [M]: 0x80002E28 (0x50350513) addi a0, a0, 1283
x10 <- 0x0000B503


mem[X,0x80002E2C] -> 0x35B7
mem[X,0x80002E2E] -> 0x3333
[2960] [M]: 0x80002E2C (0x333335B7) lui a1, 209715
x11 <- 0x33333000


mem[X,0x80002E30] -> 0x8593
mem[X,0x80002E32] -> 0x3345
[2961] [M]: 0x80002E30 (0x33458593) addi a1, a1, 820
x11 <- 0x33333334


mem[X,0x80002E34] -> 0x4633
mem[X,0x80002E36] -> 0x02B5
[2962] [M]: 0x80002E34 (0x02B54633) div a2, a0, a1
x12 <- 0x00000000


mem[X,0x80002E38] -> 0xA023
mem[X,0x80002E3A] -> 0x00C0
[2963] [M]: 0x80002E38 (0x00C0A023) sw a2, 0(ra)
mem[0x80005A98] <- 0x00000000


mem[X,0x80002E3C] -> 0xB537
mem[X,0x80002E3E] -> 0x0000
[2964] [M]: 0x80002E3C (0x0000B537) lui a0, 11
x10 <- 0x0000B000


mem[X,0x80002E40] -> 0x0513
mem[X,0x80002E42] -> 0x5035
[2965] [M]: 0x80002E40 (0x50350513) addi a0, a0, 1283
x10 <- 0x0000B503


mem[X,0x80002E44] -> 0x65B7
mem[X,0x80002E46] -> 0x6666
[2966] [M]: 0x80002E44 (0x666665B7) lui a1, 419430
x11 <- 0x66666000


mem[X,0x80002E48] -> 0x8593
mem[X,0x80002E4A] -> 0x6675
[2967] [M]: 0x80002E48 (0x66758593) addi a1, a1, 1639
x11 <- 0x66666667


mem[X,0x80002E4C] -> 0x4633
mem[X,0x80002E4E] -> 0x02B5
[2968] [M]: 0x80002E4C (0x02B54633) div a2, a0, a1
x12 <- 0x00000000


mem[X,0x80002E50] -> 0xA223
mem[X,0x80002E52] -> 0x00C0
[2969] [M]: 0x80002E50 (0x00C0A223) sw a2, 4(ra)
mem[0x80005A9C] <- 0x00000000


mem[X,0x80002E54] -> 0xB537
mem[X,0x80002E56] -> 0x0000
[2970] [M]: 0x80002E54 (0x0000B537) lui a0, 11
x10 <- 0x0000B000


mem[X,0x80002E58] -> 0x0513
mem[X,0x80002E5A] -> 0x5035
[2971] [M]: 0x80002E58 (0x50350513) addi a0, a0, 1283
x10 <- 0x0000B503


mem[X,0x80002E5C] -> 0x55B7
mem[X,0x80002E5E] -> 0xFFFF
[2972] [M]: 0x80002E5C (0xFFFF55B7) lui a1, 1048565
x11 <- 0xFFFF5000


mem[X,0x80002E60] -> 0x8593
mem[X,0x80002E62] -> 0xAFD5
[2973] [M]: 0x80002E60 (0xAFD58593) addi a1, a1, 2813
x11 <- 0xFFFF4AFD


mem[X,0x80002E64] -> 0x4633
mem[X,0x80002E66] -> 0x02B5
[2974] [M]: 0x80002E64 (0x02B54633) div a2, a0, a1
x12 <- 0xFFFFFFFF


mem[X,0x80002E68] -> 0xA423
mem[X,0x80002E6A] -> 0x00C0
[2975] [M]: 0x80002E68 (0x00C0A423) sw a2, 8(ra)
mem[0x80005AA0] <- 0xFFFFFFFF


mem[X,0x80002E6C] -> 0xB537
mem[X,0x80002E6E] -> 0x0000
[2976] [M]: 0x80002E6C (0x0000B537) lui a0, 11
x10 <- 0x0000B000


mem[X,0x80002E70] -> 0x0513
mem[X,0x80002E72] -> 0x5035
[2977] [M]: 0x80002E70 (0x50350513) addi a0, a0, 1283
x10 <- 0x0000B503


mem[X,0x80002E74] -> 0xB5B7
mem[X,0x80002E76] -> 0x0000
[2978] [M]: 0x80002E74 (0x0000B5B7) lui a1, 11
x11 <- 0x0000B000


mem[X,0x80002E78] -> 0x8593
mem[X,0x80002E7A] -> 0x5055
[2979] [M]: 0x80002E78 (0x50558593) addi a1, a1, 1285
x11 <- 0x0000B505


mem[X,0x80002E7C] -> 0x4633
mem[X,0x80002E7E] -> 0x02B5
[2980] [M]: 0x80002E7C (0x02B54633) div a2, a0, a1
x12 <- 0x00000000


mem[X,0x80002E80] -> 0xA623
mem[X,0x80002E82] -> 0x00C0
[2981] [M]: 0x80002E80 (0x00C0A623) sw a2, 12(ra)
mem[0x80005AA4] <- 0x00000000


mem[X,0x80002E84] -> 0x5537
mem[X,0x80002E86] -> 0x5555
[2982] [M]: 0x80002E84 (0x55555537) lui a0, 349525
x10 <- 0x55555000


mem[X,0x80002E88] -> 0x0513
mem[X,0x80002E8A] -> 0x5565
[2983] [M]: 0x80002E88 (0x55650513) addi a0, a0, 1366
x10 <- 0x55555556


mem[X,0x80002E8C] -> 0x0593
mem[X,0x80002E8E] -> 0x0030
[2984] [M]: 0x80002E8C (0x00300593) addi a1, zero, 3
x11 <- 0x00000003


mem[X,0x80002E90] -> 0x4633
mem[X,0x80002E92] -> 0x02B5
[2985] [M]: 0x80002E90 (0x02B54633) div a2, a0, a1
x12 <- 0x1C71C71C


mem[X,0x80002E94] -> 0xA823
mem[X,0x80002E96] -> 0x00C0
[2986] [M]: 0x80002E94 (0x00C0A823) sw a2, 16(ra)
mem[0x80005AA8] <- 0x1C71C71C


mem[X,0x80002E98] -> 0x5537
mem[X,0x80002E9A] -> 0x5555
[2987] [M]: 0x80002E98 (0x55555537) lui a0, 349525
x10 <- 0x55555000


mem[X,0x80002E9C] -> 0x0513
mem[X,0x80002E9E] -> 0x5565
[2988] [M]: 0x80002E9C (0x55650513) addi a0, a0, 1366
x10 <- 0x55555556


mem[X,0x80002EA0] -> 0x55B7
mem[X,0x80002EA2] -> 0x5555
[2989] [M]: 0x80002EA0 (0x555555B7) lui a1, 349525
x11 <- 0x55555000


mem[X,0x80002EA4] -> 0x8593
mem[X,0x80002EA6] -> 0x5555
[2990] [M]: 0x80002EA4 (0x55558593) addi a1, a1, 1365
x11 <- 0x55555555


mem[X,0x80002EA8] -> 0x4633
mem[X,0x80002EAA] -> 0x02B5
[2991] [M]: 0x80002EA8 (0x02B54633) div a2, a0, a1
x12 <- 0x00000001


mem[X,0x80002EAC] -> 0xAA23
mem[X,0x80002EAE] -> 0x00C0
[2992] [M]: 0x80002EAC (0x00C0AA23) sw a2, 20(ra)
mem[0x80005AAC] <- 0x00000001


mem[X,0x80002EB0] -> 0x5537
mem[X,0x80002EB2] -> 0x5555
[2993] [M]: 0x80002EB0 (0x55555537) lui a0, 349525
x10 <- 0x55555000


mem[X,0x80002EB4] -> 0x0513
mem[X,0x80002EB6] -> 0x5565
[2994] [M]: 0x80002EB4 (0x55650513) addi a0, a0, 1366
x10 <- 0x55555556


mem[X,0x80002EB8] -> 0xB5B7
mem[X,0x80002EBA] -> 0xAAAA
[2995] [M]: 0x80002EB8 (0xAAAAB5B7) lui a1, 699051
x11 <- 0xAAAAB000


mem[X,0x80002EBC] -> 0x8593
mem[X,0x80002EBE] -> 0xAAA5
[2996] [M]: 0x80002EBC (0xAAA58593) addi a1, a1, 2730
x11 <- 0xAAAAAAAA


mem[X,0x80002EC0] -> 0x4633
mem[X,0x80002EC2] -> 0x02B5
[2997] [M]: 0x80002EC0 (0x02B54633) div a2, a0, a1
x12 <- 0xFFFFFFFF


mem[X,0x80002EC4] -> 0xAC23
mem[X,0x80002EC6] -> 0x00C0
[2998] [M]: 0x80002EC4 (0x00C0AC23) sw a2, 24(ra)
mem[0x80005AB0] <- 0xFFFFFFFF


mem[X,0x80002EC8] -> 0x5537
mem[X,0x80002ECA] -> 0x5555
[2999] [M]: 0x80002EC8 (0x55555537) lui a0, 349525
x10 <- 0x55555000


clint::tick mtime <- 0x000000000000001E
 clint timer pending at mtime 0x000000000000001E
htif::tick 0x0000000000000000
mem[X,0x80002ECC] -> 0x0513
mem[X,0x80002ECE] -> 0x5565
[3000] [M]: 0x80002ECC (0x55650513) addi a0, a0, 1366
x10 <- 0x55555556


mem[X,0x80002ED0] -> 0x0593
mem[X,0x80002ED2] -> 0x0050
[3001] [M]: 0x80002ED0 (0x00500593) addi a1, zero, 5
x11 <- 0x00000005


mem[X,0x80002ED4] -> 0x4633
mem[X,0x80002ED6] -> 0x02B5
[3002] [M]: 0x80002ED4 (0x02B54633) div a2, a0, a1
x12 <- 0x11111111


mem[X,0x80002ED8] -> 0xAE23
mem[X,0x80002EDA] -> 0x00C0
[3003] [M]: 0x80002ED8 (0x00C0AE23) sw a2, 28(ra)
mem[0x80005AB4] <- 0x11111111


mem[X,0x80002EDC] -> 0x5537
mem[X,0x80002EDE] -> 0x5555
[3004] [M]: 0x80002EDC (0x55555537) lui a0, 349525
x10 <- 0x55555000


mem[X,0x80002EE0] -> 0x0513
mem[X,0x80002EE2] -> 0x5565
[3005] [M]: 0x80002EE0 (0x55650513) addi a0, a0, 1366
x10 <- 0x55555556


mem[X,0x80002EE4] -> 0x35B7
mem[X,0x80002EE6] -> 0x3333
[3006] [M]: 0x80002EE4 (0x333335B7) lui a1, 209715
x11 <- 0x33333000


mem[X,0x80002EE8] -> 0x8593
mem[X,0x80002EEA] -> 0x3335
[3007] [M]: 0x80002EE8 (0x33358593) addi a1, a1, 819
x11 <- 0x33333333


mem[X,0x80002EEC] -> 0x4633
mem[X,0x80002EEE] -> 0x02B5
[3008] [M]: 0x80002EEC (0x02B54633) div a2, a0, a1
x12 <- 0x00000001


mem[X,0x80002EF0] -> 0xA023
mem[X,0x80002EF2] -> 0x02C0
[3009] [M]: 0x80002EF0 (0x02C0A023) sw a2, 32(ra)
mem[0x80005AB8] <- 0x00000001


mem[X,0x80002EF4] -> 0x5537
mem[X,0x80002EF6] -> 0x5555
[3010] [M]: 0x80002EF4 (0x55555537) lui a0, 349525
x10 <- 0x55555000


mem[X,0x80002EF8] -> 0x0513
mem[X,0x80002EFA] -> 0x5565
[3011] [M]: 0x80002EF8 (0x55650513) addi a0, a0, 1366
x10 <- 0x55555556


mem[X,0x80002EFC] -> 0x65B7
mem[X,0x80002EFE] -> 0x6666
[3012] [M]: 0x80002EFC (0x666665B7) lui a1, 419430
x11 <- 0x66666000


mem[X,0x80002F00] -> 0x8593
mem[X,0x80002F02] -> 0x6665
[3013] [M]: 0x80002F00 (0x66658593) addi a1, a1, 1638
x11 <- 0x66666666


mem[X,0x80002F04] -> 0x4633
mem[X,0x80002F06] -> 0x02B5
[3014] [M]: 0x80002F04 (0x02B54633) div a2, a0, a1
x12 <- 0x00000000


mem[X,0x80002F08] -> 0xA223
mem[X,0x80002F0A] -> 0x02C0
[3015] [M]: 0x80002F08 (0x02C0A223) sw a2, 36(ra)
mem[0x80005ABC] <- 0x00000000


mem[X,0x80002F0C] -> 0x5537
mem[X,0x80002F0E] -> 0x5555
[3016] [M]: 0x80002F0C (0x55555537) lui a0, 349525
x10 <- 0x55555000


mem[X,0x80002F10] -> 0x0513
mem[X,0x80002F12] -> 0x5565
[3017] [M]: 0x80002F10 (0x55650513) addi a0, a0, 1366
x10 <- 0x55555556


mem[X,0x80002F14] -> 0x55B7
mem[X,0x80002F16] -> 0xFFFF
[3018] [M]: 0x80002F14 (0xFFFF55B7) lui a1, 1048565
x11 <- 0xFFFF5000


mem[X,0x80002F18] -> 0x8593
mem[X,0x80002F1A] -> 0xAFC5
[3019] [M]: 0x80002F18 (0xAFC58593) addi a1, a1, 2812
x11 <- 0xFFFF4AFC


mem[X,0x80002F1C] -> 0x4633
mem[X,0x80002F1E] -> 0x02B5
[3020] [M]: 0x80002F1C (0x02B54633) div a2, a0, a1
x12 <- 0xFFFF8752


mem[X,0x80002F20] -> 0xA423
mem[X,0x80002F22] -> 0x02C0
[3021] [M]: 0x80002F20 (0x02C0A423) sw a2, 40(ra)
mem[0x80005AC0] <- 0xFFFF8752


mem[X,0x80002F24] -> 0x5537
mem[X,0x80002F26] -> 0x5555
[3022] [M]: 0x80002F24 (0x55555537) lui a0, 349525
x10 <- 0x55555000


mem[X,0x80002F28] -> 0x0513
mem[X,0x80002F2A] -> 0x5565
[3023] [M]: 0x80002F28 (0x55650513) addi a0, a0, 1366
x10 <- 0x55555556


mem[X,0x80002F2C] -> 0xB5B7
mem[X,0x80002F2E] -> 0x0000
[3024] [M]: 0x80002F2C (0x0000B5B7) lui a1, 11
x11 <- 0x0000B000


mem[X,0x80002F30] -> 0x8593
mem[X,0x80002F32] -> 0x5045
[3025] [M]: 0x80002F30 (0x50458593) addi a1, a1, 1284
x11 <- 0x0000B504


mem[X,0x80002F34] -> 0x4633
mem[X,0x80002F36] -> 0x02B5
[3026] [M]: 0x80002F34 (0x02B54633) div a2, a0, a1
x12 <- 0x000078AE


mem[X,0x80002F38] -> 0xA623
mem[X,0x80002F3A] -> 0x02C0
[3027] [M]: 0x80002F38 (0x02C0A623) sw a2, 44(ra)
mem[0x80005AC4] <- 0x000078AE


mem[X,0x80002F3C] -> 0x5537
mem[X,0x80002F3E] -> 0x5555
[3028] [M]: 0x80002F3C (0x55555537) lui a0, 349525
x10 <- 0x55555000


mem[X,0x80002F40] -> 0x0513
mem[X,0x80002F42] -> 0x5565
[3029] [M]: 0x80002F40 (0x55650513) addi a0, a0, 1366
x10 <- 0x55555556


mem[X,0x80002F44] -> 0x0593
mem[X,0x80002F46] -> 0x0020
[3030] [M]: 0x80002F44 (0x00200593) addi a1, zero, 2
x11 <- 0x00000002


mem[X,0x80002F48] -> 0x4633
mem[X,0x80002F4A] -> 0x02B5
[3031] [M]: 0x80002F48 (0x02B54633) div a2, a0, a1
x12 <- 0x2AAAAAAB


mem[X,0x80002F4C] -> 0xA823
mem[X,0x80002F4E] -> 0x02C0
[3032] [M]: 0x80002F4C (0x02C0A823) sw a2, 48(ra)
mem[0x80005AC8] <- 0x2AAAAAAB


mem[X,0x80002F50] -> 0x5537
mem[X,0x80002F52] -> 0x5555
[3033] [M]: 0x80002F50 (0x55555537) lui a0, 349525
x10 <- 0x55555000


mem[X,0x80002F54] -> 0x0513
mem[X,0x80002F56] -> 0x5565
[3034] [M]: 0x80002F54 (0x55650513) addi a0, a0, 1366
x10 <- 0x55555556


mem[X,0x80002F58] -> 0x55B7
mem[X,0x80002F5A] -> 0x5555
[3035] [M]: 0x80002F58 (0x555555B7) lui a1, 349525
x11 <- 0x55555000


mem[X,0x80002F5C] -> 0x8593
mem[X,0x80002F5E] -> 0x5545
[3036] [M]: 0x80002F5C (0x55458593) addi a1, a1, 1364
x11 <- 0x55555554


mem[X,0x80002F60] -> 0x4633
mem[X,0x80002F62] -> 0x02B5
[3037] [M]: 0x80002F60 (0x02B54633) div a2, a0, a1
x12 <- 0x00000001


mem[X,0x80002F64] -> 0xAA23
mem[X,0x80002F66] -> 0x02C0
[3038] [M]: 0x80002F64 (0x02C0AA23) sw a2, 52(ra)
mem[0x80005ACC] <- 0x00000001


mem[X,0x80002F68] -> 0x5537
mem[X,0x80002F6A] -> 0x5555
[3039] [M]: 0x80002F68 (0x55555537) lui a0, 349525
x10 <- 0x55555000


mem[X,0x80002F6C] -> 0x0513
mem[X,0x80002F6E] -> 0x5565
[3040] [M]: 0x80002F6C (0x55650513) addi a0, a0, 1366
x10 <- 0x55555556


mem[X,0x80002F70] -> 0x0593
mem[X,0x80002F72] -> 0x0000
[3041] [M]: 0x80002F70 (0x00000593) addi a1, zero, 0
x11 <- 0x00000000


mem[X,0x80002F74] -> 0x4633
mem[X,0x80002F76] -> 0x02B5
[3042] [M]: 0x80002F74 (0x02B54633) div a2, a0, a1
x12 <- 0xFFFFFFFF


mem[X,0x80002F78] -> 0xAC23
mem[X,0x80002F7A] -> 0x02C0
[3043] [M]: 0x80002F78 (0x02C0AC23) sw a2, 56(ra)
mem[0x80005AD0] <- 0xFFFFFFFF


mem[X,0x80002F7C] -> 0x5537
mem[X,0x80002F7E] -> 0x5555
[3044] [M]: 0x80002F7C (0x55555537) lui a0, 349525
x10 <- 0x55555000


mem[X,0x80002F80] -> 0x0513
mem[X,0x80002F82] -> 0x5565
[3045] [M]: 0x80002F80 (0x55650513) addi a0, a0, 1366
x10 <- 0x55555556


mem[X,0x80002F84] -> 0x0593
mem[X,0x80002F86] -> 0x0040
[3046] [M]: 0x80002F84 (0x00400593) addi a1, zero, 4
x11 <- 0x00000004


mem[X,0x80002F88] -> 0x4633
mem[X,0x80002F8A] -> 0x02B5
[3047] [M]: 0x80002F88 (0x02B54633) div a2, a0, a1
x12 <- 0x15555555


mem[X,0x80002F8C] -> 0xAE23
mem[X,0x80002F8E] -> 0x02C0
[3048] [M]: 0x80002F8C (0x02C0AE23) sw a2, 60(ra)
mem[0x80005AD4] <- 0x15555555


mem[X,0x80002F90] -> 0x5537
mem[X,0x80002F92] -> 0x5555
[3049] [M]: 0x80002F90 (0x55555537) lui a0, 349525
x10 <- 0x55555000


mem[X,0x80002F94] -> 0x0513
mem[X,0x80002F96] -> 0x5565
[3050] [M]: 0x80002F94 (0x55650513) addi a0, a0, 1366
x10 <- 0x55555556


mem[X,0x80002F98] -> 0x35B7
mem[X,0x80002F9A] -> 0x3333
[3051] [M]: 0x80002F98 (0x333335B7) lui a1, 209715
x11 <- 0x33333000


mem[X,0x80002F9C] -> 0x8593
mem[X,0x80002F9E] -> 0x3325
[3052] [M]: 0x80002F9C (0x33258593) addi a1, a1, 818
x11 <- 0x33333332


mem[X,0x80002FA0] -> 0x4633
mem[X,0x80002FA2] -> 0x02B5
[3053] [M]: 0x80002FA0 (0x02B54633) div a2, a0, a1
x12 <- 0x00000001


mem[X,0x80002FA4] -> 0xA023
mem[X,0x80002FA6] -> 0x04C0
[3054] [M]: 0x80002FA4 (0x04C0A023) sw a2, 64(ra)
mem[0x80005AD8] <- 0x00000001


mem[X,0x80002FA8] -> 0x5537
mem[X,0x80002FAA] -> 0x5555
[3055] [M]: 0x80002FA8 (0x55555537) lui a0, 349525
x10 <- 0x55555000


mem[X,0x80002FAC] -> 0x0513
mem[X,0x80002FAE] -> 0x5565
[3056] [M]: 0x80002FAC (0x55650513) addi a0, a0, 1366
x10 <- 0x55555556


mem[X,0x80002FB0] -> 0x65B7
mem[X,0x80002FB2] -> 0x6666
[3057] [M]: 0x80002FB0 (0x666665B7) lui a1, 419430
x11 <- 0x66666000


mem[X,0x80002FB4] -> 0x8593
mem[X,0x80002FB6] -> 0x6655
[3058] [M]: 0x80002FB4 (0x66558593) addi a1, a1, 1637
x11 <- 0x66666665


mem[X,0x80002FB8] -> 0x4633
mem[X,0x80002FBA] -> 0x02B5
[3059] [M]: 0x80002FB8 (0x02B54633) div a2, a0, a1
x12 <- 0x00000000


mem[X,0x80002FBC] -> 0xA223
mem[X,0x80002FBE] -> 0x04C0
[3060] [M]: 0x80002FBC (0x04C0A223) sw a2, 68(ra)
mem[0x80005ADC] <- 0x00000000


mem[X,0x80002FC0] -> 0x5537
mem[X,0x80002FC2] -> 0x5555
[3061] [M]: 0x80002FC0 (0x55555537) lui a0, 349525
x10 <- 0x55555000


mem[X,0x80002FC4] -> 0x0513
mem[X,0x80002FC6] -> 0x5565
[3062] [M]: 0x80002FC4 (0x55650513) addi a0, a0, 1366
x10 <- 0x55555556


mem[X,0x80002FC8] -> 0xB5B7
mem[X,0x80002FCA] -> 0x0000
[3063] [M]: 0x80002FC8 (0x0000B5B7) lui a1, 11
x11 <- 0x0000B000


mem[X,0x80002FCC] -> 0x8593
mem[X,0x80002FCE] -> 0x5035
[3064] [M]: 0x80002FCC (0x50358593) addi a1, a1, 1283
x11 <- 0x0000B503


mem[X,0x80002FD0] -> 0x4633
mem[X,0x80002FD2] -> 0x02B5
[3065] [M]: 0x80002FD0 (0x02B54633) div a2, a0, a1
x12 <- 0x000078AF


mem[X,0x80002FD4] -> 0xA423
mem[X,0x80002FD6] -> 0x04C0
[3066] [M]: 0x80002FD4 (0x04C0A423) sw a2, 72(ra)
mem[0x80005AE0] <- 0x000078AF


mem[X,0x80002FD8] -> 0x5537
mem[X,0x80002FDA] -> 0x5555
[3067] [M]: 0x80002FD8 (0x55555537) lui a0, 349525
x10 <- 0x55555000


mem[X,0x80002FDC] -> 0x0513
mem[X,0x80002FDE] -> 0x5565
[3068] [M]: 0x80002FDC (0x55650513) addi a0, a0, 1366
x10 <- 0x55555556


mem[X,0x80002FE0] -> 0x55B7
mem[X,0x80002FE2] -> 0x5555
[3069] [M]: 0x80002FE0 (0x555555B7) lui a1, 349525
x11 <- 0x55555000


mem[X,0x80002FE4] -> 0x8593
mem[X,0x80002FE6] -> 0x5565
[3070] [M]: 0x80002FE4 (0x55658593) addi a1, a1, 1366
x11 <- 0x55555556


mem[X,0x80002FE8] -> 0x4633
mem[X,0x80002FEA] -> 0x02B5
[3071] [M]: 0x80002FE8 (0x02B54633) div a2, a0, a1
x12 <- 0x00000001


mem[X,0x80002FEC] -> 0xA623
mem[X,0x80002FEE] -> 0x04C0
[3072] [M]: 0x80002FEC (0x04C0A623) sw a2, 76(ra)
mem[0x80005AE4] <- 0x00000001


mem[X,0x80002FF0] -> 0x5537
mem[X,0x80002FF2] -> 0x5555
[3073] [M]: 0x80002FF0 (0x55555537) lui a0, 349525
x10 <- 0x55555000


mem[X,0x80002FF4] -> 0x0513
mem[X,0x80002FF6] -> 0x5565
[3074] [M]: 0x80002FF4 (0x55650513) addi a0, a0, 1366
x10 <- 0x55555556


mem[X,0x80002FF8] -> 0xB5B7
mem[X,0x80002FFA] -> 0xAAAA
[3075] [M]: 0x80002FF8 (0xAAAAB5B7) lui a1, 699051
x11 <- 0xAAAAB000


mem[X,0x80002FFC] -> 0x8593
mem[X,0x80002FFE] -> 0xAAB5
[3076] [M]: 0x80002FFC (0xAAB58593) addi a1, a1, 2731
x11 <- 0xAAAAAAAB


mem[X,0x80003000] -> 0x4633
mem[X,0x80003002] -> 0x02B5
[3077] [M]: 0x80003000 (0x02B54633) div a2, a0, a1
x12 <- 0xFFFFFFFF


mem[X,0x80003004] -> 0xA823
mem[X,0x80003006] -> 0x04C0
[3078] [M]: 0x80003004 (0x04C0A823) sw a2, 80(ra)
mem[0x80005AE8] <- 0xFFFFFFFF


mem[X,0x80003008] -> 0x5537
mem[X,0x8000300A] -> 0x5555
[3079] [M]: 0x80003008 (0x55555537) lui a0, 349525
x10 <- 0x55555000


mem[X,0x8000300C] -> 0x0513
mem[X,0x8000300E] -> 0x5565
[3080] [M]: 0x8000300C (0x55650513) addi a0, a0, 1366
x10 <- 0x55555556


mem[X,0x80003010] -> 0x0593
mem[X,0x80003012] -> 0x0060
[3081] [M]: 0x80003010 (0x00600593) addi a1, zero, 6
x11 <- 0x00000006


mem[X,0x80003014] -> 0x4633
mem[X,0x80003016] -> 0x02B5
[3082] [M]: 0x80003014 (0x02B54633) div a2, a0, a1
x12 <- 0x0E38E38E


mem[X,0x80003018] -> 0xAA23
mem[X,0x8000301A] -> 0x04C0
[3083] [M]: 0x80003018 (0x04C0AA23) sw a2, 84(ra)
mem[0x80005AEC] <- 0x0E38E38E


mem[X,0x8000301C] -> 0x5537
mem[X,0x8000301E] -> 0x5555
[3084] [M]: 0x8000301C (0x55555537) lui a0, 349525
x10 <- 0x55555000


mem[X,0x80003020] -> 0x0513
mem[X,0x80003022] -> 0x5565
[3085] [M]: 0x80003020 (0x55650513) addi a0, a0, 1366
x10 <- 0x55555556


mem[X,0x80003024] -> 0x35B7
mem[X,0x80003026] -> 0x3333
[3086] [M]: 0x80003024 (0x333335B7) lui a1, 209715
x11 <- 0x33333000


mem[X,0x80003028] -> 0x8593
mem[X,0x8000302A] -> 0x3345
[3087] [M]: 0x80003028 (0x33458593) addi a1, a1, 820
x11 <- 0x33333334


mem[X,0x8000302C] -> 0x4633
mem[X,0x8000302E] -> 0x02B5
[3088] [M]: 0x8000302C (0x02B54633) div a2, a0, a1
x12 <- 0x00000001


mem[X,0x80003030] -> 0xAC23
mem[X,0x80003032] -> 0x04C0
[3089] [M]: 0x80003030 (0x04C0AC23) sw a2, 88(ra)
mem[0x80005AF0] <- 0x00000001


mem[X,0x80003034] -> 0x5537
mem[X,0x80003036] -> 0x5555
[3090] [M]: 0x80003034 (0x55555537) lui a0, 349525
x10 <- 0x55555000


mem[X,0x80003038] -> 0x0513
mem[X,0x8000303A] -> 0x5565
[3091] [M]: 0x80003038 (0x55650513) addi a0, a0, 1366
x10 <- 0x55555556


mem[X,0x8000303C] -> 0x65B7
mem[X,0x8000303E] -> 0x6666
[3092] [M]: 0x8000303C (0x666665B7) lui a1, 419430
x11 <- 0x66666000


mem[X,0x80003040] -> 0x8593
mem[X,0x80003042] -> 0x6675
[3093] [M]: 0x80003040 (0x66758593) addi a1, a1, 1639
x11 <- 0x66666667


mem[X,0x80003044] -> 0x4633
mem[X,0x80003046] -> 0x02B5
[3094] [M]: 0x80003044 (0x02B54633) div a2, a0, a1
x12 <- 0x00000000


mem[X,0x80003048] -> 0xAE23
mem[X,0x8000304A] -> 0x04C0
[3095] [M]: 0x80003048 (0x04C0AE23) sw a2, 92(ra)
mem[0x80005AF4] <- 0x00000000


mem[X,0x8000304C] -> 0x5537
mem[X,0x8000304E] -> 0x5555
[3096] [M]: 0x8000304C (0x55555537) lui a0, 349525
x10 <- 0x55555000


mem[X,0x80003050] -> 0x0513
mem[X,0x80003052] -> 0x5565
[3097] [M]: 0x80003050 (0x55650513) addi a0, a0, 1366
x10 <- 0x55555556


mem[X,0x80003054] -> 0x55B7
mem[X,0x80003056] -> 0xFFFF
[3098] [M]: 0x80003054 (0xFFFF55B7) lui a1, 1048565
x11 <- 0xFFFF5000


mem[X,0x80003058] -> 0x8593
mem[X,0x8000305A] -> 0xAFD5
[3099] [M]: 0x80003058 (0xAFD58593) addi a1, a1, 2813
x11 <- 0xFFFF4AFD


clint::tick mtime <- 0x000000000000001F
 clint timer pending at mtime 0x000000000000001F
htif::tick 0x0000000000000000
mem[X,0x8000305C] -> 0x4633
mem[X,0x8000305E] -> 0x02B5
[3100] [M]: 0x8000305C (0x02B54633) div a2, a0, a1
x12 <- 0xFFFF8751


mem[X,0x80003060] -> 0xA023
mem[X,0x80003062] -> 0x06C0
[3101] [M]: 0x80003060 (0x06C0A023) sw a2, 96(ra)
mem[0x80005AF8] <- 0xFFFF8751


mem[X,0x80003064] -> 0x5537
mem[X,0x80003066] -> 0x5555
[3102] [M]: 0x80003064 (0x55555537) lui a0, 349525
x10 <- 0x55555000


mem[X,0x80003068] -> 0x0513
mem[X,0x8000306A] -> 0x5565
[3103] [M]: 0x80003068 (0x55650513) addi a0, a0, 1366
x10 <- 0x55555556


mem[X,0x8000306C] -> 0xB5B7
mem[X,0x8000306E] -> 0x0000
[3104] [M]: 0x8000306C (0x0000B5B7) lui a1, 11
x11 <- 0x0000B000


mem[X,0x80003070] -> 0x8593
mem[X,0x80003072] -> 0x5055
[3105] [M]: 0x80003070 (0x50558593) addi a1, a1, 1285
x11 <- 0x0000B505


mem[X,0x80003074] -> 0x4633
mem[X,0x80003076] -> 0x02B5
[3106] [M]: 0x80003074 (0x02B54633) div a2, a0, a1
x12 <- 0x000078AD


mem[X,0x80003078] -> 0xA223
mem[X,0x8000307A] -> 0x06C0
[3107] [M]: 0x80003078 (0x06C0A223) sw a2, 100(ra)
mem[0x80005AFC] <- 0x000078AD


mem[X,0x8000307C] -> 0xB537
mem[X,0x8000307E] -> 0xAAAA
[3108] [M]: 0x8000307C (0xAAAAB537) lui a0, 699051
x10 <- 0xAAAAB000


mem[X,0x80003080] -> 0x0513
mem[X,0x80003082] -> 0xAAB5
[3109] [M]: 0x80003080 (0xAAB50513) addi a0, a0, 2731
x10 <- 0xAAAAAAAB


mem[X,0x80003084] -> 0x0593
mem[X,0x80003086] -> 0x0030
[3110] [M]: 0x80003084 (0x00300593) addi a1, zero, 3
x11 <- 0x00000003


mem[X,0x80003088] -> 0x4633
mem[X,0x8000308A] -> 0x02B5
[3111] [M]: 0x80003088 (0x02B54633) div a2, a0, a1
x12 <- 0xE38E38E4


mem[X,0x8000308C] -> 0xA423
mem[X,0x8000308E] -> 0x06C0
[3112] [M]: 0x8000308C (0x06C0A423) sw a2, 104(ra)
mem[0x80005B00] <- 0xE38E38E4


mem[X,0x80003090] -> 0xB537
mem[X,0x80003092] -> 0xAAAA
[3113] [M]: 0x80003090 (0xAAAAB537) lui a0, 699051
x10 <- 0xAAAAB000


mem[X,0x80003094] -> 0x0513
mem[X,0x80003096] -> 0xAAB5
[3114] [M]: 0x80003094 (0xAAB50513) addi a0, a0, 2731
x10 <- 0xAAAAAAAB


mem[X,0x80003098] -> 0x55B7
mem[X,0x8000309A] -> 0x5555
[3115] [M]: 0x80003098 (0x555555B7) lui a1, 349525
x11 <- 0x55555000


mem[X,0x8000309C] -> 0x8593
mem[X,0x8000309E] -> 0x5555
[3116] [M]: 0x8000309C (0x55558593) addi a1, a1, 1365
x11 <- 0x55555555


mem[X,0x800030A0] -> 0x4633
mem[X,0x800030A2] -> 0x02B5
[3117] [M]: 0x800030A0 (0x02B54633) div a2, a0, a1
x12 <- 0xFFFFFFFF


mem[X,0x800030A4] -> 0xA623
mem[X,0x800030A6] -> 0x06C0
[3118] [M]: 0x800030A4 (0x06C0A623) sw a2, 108(ra)
mem[0x80005B04] <- 0xFFFFFFFF


mem[X,0x800030A8] -> 0xB537
mem[X,0x800030AA] -> 0xAAAA
[3119] [M]: 0x800030A8 (0xAAAAB537) lui a0, 699051
x10 <- 0xAAAAB000


mem[X,0x800030AC] -> 0x0513
mem[X,0x800030AE] -> 0xAAB5
[3120] [M]: 0x800030AC (0xAAB50513) addi a0, a0, 2731
x10 <- 0xAAAAAAAB


mem[X,0x800030B0] -> 0xB5B7
mem[X,0x800030B2] -> 0xAAAA
[3121] [M]: 0x800030B0 (0xAAAAB5B7) lui a1, 699051
x11 <- 0xAAAAB000


mem[X,0x800030B4] -> 0x8593
mem[X,0x800030B6] -> 0xAAA5
[3122] [M]: 0x800030B4 (0xAAA58593) addi a1, a1, 2730
x11 <- 0xAAAAAAAA


mem[X,0x800030B8] -> 0x4633
mem[X,0x800030BA] -> 0x02B5
[3123] [M]: 0x800030B8 (0x02B54633) div a2, a0, a1
x12 <- 0x00000000


mem[X,0x800030BC] -> 0xA823
mem[X,0x800030BE] -> 0x06C0
[3124] [M]: 0x800030BC (0x06C0A823) sw a2, 112(ra)
mem[0x80005B08] <- 0x00000000


mem[X,0x800030C0] -> 0xB537
mem[X,0x800030C2] -> 0xAAAA
[3125] [M]: 0x800030C0 (0xAAAAB537) lui a0, 699051
x10 <- 0xAAAAB000


mem[X,0x800030C4] -> 0x0513
mem[X,0x800030C6] -> 0xAAB5
[3126] [M]: 0x800030C4 (0xAAB50513) addi a0, a0, 2731
x10 <- 0xAAAAAAAB


mem[X,0x800030C8] -> 0x0593
mem[X,0x800030CA] -> 0x0050
[3127] [M]: 0x800030C8 (0x00500593) addi a1, zero, 5
x11 <- 0x00000005


mem[X,0x800030CC] -> 0x4633
mem[X,0x800030CE] -> 0x02B5
[3128] [M]: 0x800030CC (0x02B54633) div a2, a0, a1
x12 <- 0xEEEEEEEF


mem[X,0x800030D0] -> 0xAA23
mem[X,0x800030D2] -> 0x06C0
[3129] [M]: 0x800030D0 (0x06C0AA23) sw a2, 116(ra)
mem[0x80005B0C] <- 0xEEEEEEEF


mem[X,0x800030D4] -> 0xB537
mem[X,0x800030D6] -> 0xAAAA
[3130] [M]: 0x800030D4 (0xAAAAB537) lui a0, 699051
x10 <- 0xAAAAB000


mem[X,0x800030D8] -> 0x0513
mem[X,0x800030DA] -> 0xAAB5
[3131] [M]: 0x800030D8 (0xAAB50513) addi a0, a0, 2731
x10 <- 0xAAAAAAAB


mem[X,0x800030DC] -> 0x35B7
mem[X,0x800030DE] -> 0x3333
[3132] [M]: 0x800030DC (0x333335B7) lui a1, 209715
x11 <- 0x33333000


mem[X,0x800030E0] -> 0x8593
mem[X,0x800030E2] -> 0x3335
[3133] [M]: 0x800030E0 (0x33358593) addi a1, a1, 819
x11 <- 0x33333333


mem[X,0x800030E4] -> 0x4633
mem[X,0x800030E6] -> 0x02B5
[3134] [M]: 0x800030E4 (0x02B54633) div a2, a0, a1
x12 <- 0xFFFFFFFF


mem[X,0x800030E8] -> 0xAC23
mem[X,0x800030EA] -> 0x06C0
[3135] [M]: 0x800030E8 (0x06C0AC23) sw a2, 120(ra)
mem[0x80005B10] <- 0xFFFFFFFF


mem[X,0x800030EC] -> 0xB537
mem[X,0x800030EE] -> 0xAAAA
[3136] [M]: 0x800030EC (0xAAAAB537) lui a0, 699051
x10 <- 0xAAAAB000


mem[X,0x800030F0] -> 0x0513
mem[X,0x800030F2] -> 0xAAB5
[3137] [M]: 0x800030F0 (0xAAB50513) addi a0, a0, 2731
x10 <- 0xAAAAAAAB


mem[X,0x800030F4] -> 0x65B7
mem[X,0x800030F6] -> 0x6666
[3138] [M]: 0x800030F4 (0x666665B7) lui a1, 419430
x11 <- 0x66666000


mem[X,0x800030F8] -> 0x8593
mem[X,0x800030FA] -> 0x6665
[3139] [M]: 0x800030F8 (0x66658593) addi a1, a1, 1638
x11 <- 0x66666666


mem[X,0x800030FC] -> 0x4633
mem[X,0x800030FE] -> 0x02B5
[3140] [M]: 0x800030FC (0x02B54633) div a2, a0, a1
x12 <- 0x00000000


mem[X,0x80003100] -> 0xAE23
mem[X,0x80003102] -> 0x06C0
[3141] [M]: 0x80003100 (0x06C0AE23) sw a2, 124(ra)
mem[0x80005B14] <- 0x00000000


mem[X,0x80003104] -> 0xB537
mem[X,0x80003106] -> 0xAAAA
[3142] [M]: 0x80003104 (0xAAAAB537) lui a0, 699051
x10 <- 0xAAAAB000


mem[X,0x80003108] -> 0x0513
mem[X,0x8000310A] -> 0xAAB5
[3143] [M]: 0x80003108 (0xAAB50513) addi a0, a0, 2731
x10 <- 0xAAAAAAAB


mem[X,0x8000310C] -> 0x55B7
mem[X,0x8000310E] -> 0xFFFF
[3144] [M]: 0x8000310C (0xFFFF55B7) lui a1, 1048565
x11 <- 0xFFFF5000


mem[X,0x80003110] -> 0x8593
mem[X,0x80003112] -> 0xAFC5
[3145] [M]: 0x80003110 (0xAFC58593) addi a1, a1, 2812
x11 <- 0xFFFF4AFC


mem[X,0x80003114] -> 0x4633
mem[X,0x80003116] -> 0x02B5
[3146] [M]: 0x80003114 (0x02B54633) div a2, a0, a1
x12 <- 0x000078AE


mem[X,0x80003118] -> 0xA023
mem[X,0x8000311A] -> 0x08C0
[3147] [M]: 0x80003118 (0x08C0A023) sw a2, 128(ra)
mem[0x80005B18] <- 0x000078AE


mem[X,0x8000311C] -> 0xB537
mem[X,0x8000311E] -> 0xAAAA
[3148] [M]: 0x8000311C (0xAAAAB537) lui a0, 699051
x10 <- 0xAAAAB000


mem[X,0x80003120] -> 0x0513
mem[X,0x80003122] -> 0xAAB5
[3149] [M]: 0x80003120 (0xAAB50513) addi a0, a0, 2731
x10 <- 0xAAAAAAAB


mem[X,0x80003124] -> 0xB5B7
mem[X,0x80003126] -> 0x0000
[3150] [M]: 0x80003124 (0x0000B5B7) lui a1, 11
x11 <- 0x0000B000


mem[X,0x80003128] -> 0x8593
mem[X,0x8000312A] -> 0x5045
[3151] [M]: 0x80003128 (0x50458593) addi a1, a1, 1284
x11 <- 0x0000B504


mem[X,0x8000312C] -> 0x4633
mem[X,0x8000312E] -> 0x02B5
[3152] [M]: 0x8000312C (0x02B54633) div a2, a0, a1
x12 <- 0xFFFF8752


mem[X,0x80003130] -> 0xA223
mem[X,0x80003132] -> 0x08C0
[3153] [M]: 0x80003130 (0x08C0A223) sw a2, 132(ra)
mem[0x80005B1C] <- 0xFFFF8752


mem[X,0x80003134] -> 0xB537
mem[X,0x80003136] -> 0xAAAA
[3154] [M]: 0x80003134 (0xAAAAB537) lui a0, 699051
x10 <- 0xAAAAB000


mem[X,0x80003138] -> 0x0513
mem[X,0x8000313A] -> 0xAAB5
[3155] [M]: 0x80003138 (0xAAB50513) addi a0, a0, 2731
x10 <- 0xAAAAAAAB


mem[X,0x8000313C] -> 0x0593
mem[X,0x8000313E] -> 0x0020
[3156] [M]: 0x8000313C (0x00200593) addi a1, zero, 2
x11 <- 0x00000002


mem[X,0x80003140] -> 0x4633
mem[X,0x80003142] -> 0x02B5
[3157] [M]: 0x80003140 (0x02B54633) div a2, a0, a1
x12 <- 0xD5555556


mem[X,0x80003144] -> 0xA423
mem[X,0x80003146] -> 0x08C0
[3158] [M]: 0x80003144 (0x08C0A423) sw a2, 136(ra)
mem[0x80005B20] <- 0xD5555556


mem[X,0x80003148] -> 0xB537
mem[X,0x8000314A] -> 0xAAAA
[3159] [M]: 0x80003148 (0xAAAAB537) lui a0, 699051
x10 <- 0xAAAAB000


mem[X,0x8000314C] -> 0x0513
mem[X,0x8000314E] -> 0xAAB5
[3160] [M]: 0x8000314C (0xAAB50513) addi a0, a0, 2731
x10 <- 0xAAAAAAAB


mem[X,0x80003150] -> 0x55B7
mem[X,0x80003152] -> 0x5555
[3161] [M]: 0x80003150 (0x555555B7) lui a1, 349525
x11 <- 0x55555000


mem[X,0x80003154] -> 0x8593
mem[X,0x80003156] -> 0x5545
[3162] [M]: 0x80003154 (0x55458593) addi a1, a1, 1364
x11 <- 0x55555554


mem[X,0x80003158] -> 0x4633
mem[X,0x8000315A] -> 0x02B5
[3163] [M]: 0x80003158 (0x02B54633) div a2, a0, a1
x12 <- 0xFFFFFFFF


mem[X,0x8000315C] -> 0xA623
mem[X,0x8000315E] -> 0x08C0
[3164] [M]: 0x8000315C (0x08C0A623) sw a2, 140(ra)
mem[0x80005B24] <- 0xFFFFFFFF


mem[X,0x80003160] -> 0xB537
mem[X,0x80003162] -> 0xAAAA
[3165] [M]: 0x80003160 (0xAAAAB537) lui a0, 699051
x10 <- 0xAAAAB000


mem[X,0x80003164] -> 0x0513
mem[X,0x80003166] -> 0xAAB5
[3166] [M]: 0x80003164 (0xAAB50513) addi a0, a0, 2731
x10 <- 0xAAAAAAAB


mem[X,0x80003168] -> 0x0593
mem[X,0x8000316A] -> 0x0000
[3167] [M]: 0x80003168 (0x00000593) addi a1, zero, 0
x11 <- 0x00000000


mem[X,0x8000316C] -> 0x4633
mem[X,0x8000316E] -> 0x02B5
[3168] [M]: 0x8000316C (0x02B54633) div a2, a0, a1
x12 <- 0xFFFFFFFF


mem[X,0x80003170] -> 0xA823
mem[X,0x80003172] -> 0x08C0
[3169] [M]: 0x80003170 (0x08C0A823) sw a2, 144(ra)
mem[0x80005B28] <- 0xFFFFFFFF


mem[X,0x80003174] -> 0xB537
mem[X,0x80003176] -> 0xAAAA
[3170] [M]: 0x80003174 (0xAAAAB537) lui a0, 699051
x10 <- 0xAAAAB000


mem[X,0x80003178] -> 0x0513
mem[X,0x8000317A] -> 0xAAB5
[3171] [M]: 0x80003178 (0xAAB50513) addi a0, a0, 2731
x10 <- 0xAAAAAAAB


mem[X,0x8000317C] -> 0x0593
mem[X,0x8000317E] -> 0x0040
[3172] [M]: 0x8000317C (0x00400593) addi a1, zero, 4
x11 <- 0x00000004


mem[X,0x80003180] -> 0x4633
mem[X,0x80003182] -> 0x02B5
[3173] [M]: 0x80003180 (0x02B54633) div a2, a0, a1
x12 <- 0xEAAAAAAB


mem[X,0x80003184] -> 0xAA23
mem[X,0x80003186] -> 0x08C0
[3174] [M]: 0x80003184 (0x08C0AA23) sw a2, 148(ra)
mem[0x80005B2C] <- 0xEAAAAAAB


mem[X,0x80003188] -> 0xB537
mem[X,0x8000318A] -> 0xAAAA
[3175] [M]: 0x80003188 (0xAAAAB537) lui a0, 699051
x10 <- 0xAAAAB000


mem[X,0x8000318C] -> 0x0513
mem[X,0x8000318E] -> 0xAAB5
[3176] [M]: 0x8000318C (0xAAB50513) addi a0, a0, 2731
x10 <- 0xAAAAAAAB


mem[X,0x80003190] -> 0x35B7
mem[X,0x80003192] -> 0x3333
[3177] [M]: 0x80003190 (0x333335B7) lui a1, 209715
x11 <- 0x33333000


mem[X,0x80003194] -> 0x8593
mem[X,0x80003196] -> 0x3325
[3178] [M]: 0x80003194 (0x33258593) addi a1, a1, 818
x11 <- 0x33333332


mem[X,0x80003198] -> 0x4633
mem[X,0x8000319A] -> 0x02B5
[3179] [M]: 0x80003198 (0x02B54633) div a2, a0, a1
x12 <- 0xFFFFFFFF


mem[X,0x8000319C] -> 0xAC23
mem[X,0x8000319E] -> 0x08C0
[3180] [M]: 0x8000319C (0x08C0AC23) sw a2, 152(ra)
mem[0x80005B30] <- 0xFFFFFFFF


mem[X,0x800031A0] -> 0xB537
mem[X,0x800031A2] -> 0xAAAA
[3181] [M]: 0x800031A0 (0xAAAAB537) lui a0, 699051
x10 <- 0xAAAAB000


mem[X,0x800031A4] -> 0x0513
mem[X,0x800031A6] -> 0xAAB5
[3182] [M]: 0x800031A4 (0xAAB50513) addi a0, a0, 2731
x10 <- 0xAAAAAAAB


mem[X,0x800031A8] -> 0x65B7
mem[X,0x800031AA] -> 0x6666
[3183] [M]: 0x800031A8 (0x666665B7) lui a1, 419430
x11 <- 0x66666000


mem[X,0x800031AC] -> 0x8593
mem[X,0x800031AE] -> 0x6655
[3184] [M]: 0x800031AC (0x66558593) addi a1, a1, 1637
x11 <- 0x66666665


mem[X,0x800031B0] -> 0x4633
mem[X,0x800031B2] -> 0x02B5
[3185] [M]: 0x800031B0 (0x02B54633) div a2, a0, a1
x12 <- 0x00000000


mem[X,0x800031B4] -> 0xAE23
mem[X,0x800031B6] -> 0x08C0
[3186] [M]: 0x800031B4 (0x08C0AE23) sw a2, 156(ra)
mem[0x80005B34] <- 0x00000000


mem[X,0x800031B8] -> 0xB537
mem[X,0x800031BA] -> 0xAAAA
[3187] [M]: 0x800031B8 (0xAAAAB537) lui a0, 699051
x10 <- 0xAAAAB000


mem[X,0x800031BC] -> 0x0513
mem[X,0x800031BE] -> 0xAAB5
[3188] [M]: 0x800031BC (0xAAB50513) addi a0, a0, 2731
x10 <- 0xAAAAAAAB


mem[X,0x800031C0] -> 0xB5B7
mem[X,0x800031C2] -> 0x0000
[3189] [M]: 0x800031C0 (0x0000B5B7) lui a1, 11
x11 <- 0x0000B000


mem[X,0x800031C4] -> 0x8593
mem[X,0x800031C6] -> 0x5035
[3190] [M]: 0x800031C4 (0x50358593) addi a1, a1, 1283
x11 <- 0x0000B503


mem[X,0x800031C8] -> 0x4633
mem[X,0x800031CA] -> 0x02B5
[3191] [M]: 0x800031C8 (0x02B54633) div a2, a0, a1
x12 <- 0xFFFF8751


mem[X,0x800031CC] -> 0xA023
mem[X,0x800031CE] -> 0x0AC0
[3192] [M]: 0x800031CC (0x0AC0A023) sw a2, 160(ra)
mem[0x80005B38] <- 0xFFFF8751


mem[X,0x800031D0] -> 0xB537
mem[X,0x800031D2] -> 0xAAAA
[3193] [M]: 0x800031D0 (0xAAAAB537) lui a0, 699051
x10 <- 0xAAAAB000


mem[X,0x800031D4] -> 0x0513
mem[X,0x800031D6] -> 0xAAB5
[3194] [M]: 0x800031D4 (0xAAB50513) addi a0, a0, 2731
x10 <- 0xAAAAAAAB


mem[X,0x800031D8] -> 0x55B7
mem[X,0x800031DA] -> 0x5555
[3195] [M]: 0x800031D8 (0x555555B7) lui a1, 349525
x11 <- 0x55555000


mem[X,0x800031DC] -> 0x8593
mem[X,0x800031DE] -> 0x5565
[3196] [M]: 0x800031DC (0x55658593) addi a1, a1, 1366
x11 <- 0x55555556


mem[X,0x800031E0] -> 0x4633
mem[X,0x800031E2] -> 0x02B5
[3197] [M]: 0x800031E0 (0x02B54633) div a2, a0, a1
x12 <- 0x00000000


mem[X,0x800031E4] -> 0xA223
mem[X,0x800031E6] -> 0x0AC0
[3198] [M]: 0x800031E4 (0x0AC0A223) sw a2, 164(ra)
mem[0x80005B3C] <- 0x00000000


mem[X,0x800031E8] -> 0x0513
mem[X,0x800031EA] -> 0x0070
[3199] [M]: 0x800031E8 (0x00700513) addi a0, zero, 7
x10 <- 0x00000007


clint::tick mtime <- 0x0000000000000020
 clint timer pending at mtime 0x0000000000000020
htif::tick 0x0000000000000000
mem[X,0x800031EC] -> 0x05B7
mem[X,0x800031EE] -> 0x0004
[3200] [M]: 0x800031EC (0x000405B7) lui a1, 64
x11 <- 0x00040000


mem[X,0x800031F0] -> 0x4633
mem[X,0x800031F2] -> 0x02B5
[3201] [M]: 0x800031F0 (0x02B54633) div a2, a0, a1
x12 <- 0x00000000


mem[X,0x800031F4] -> 0xA423
mem[X,0x800031F6] -> 0x0AC0
[3202] [M]: 0x800031F4 (0x0AC0A423) sw a2, 168(ra)
mem[0x80005B40] <- 0x00000000


mem[X,0x800031F8] -> 0x0513
mem[X,0x800031FA] -> 0x1000
[3203] [M]: 0x800031F8 (0x10000513) addi a0, zero, 256
x10 <- 0x00000100


mem[X,0x800031FC] -> 0x0593
mem[X,0x800031FE] -> 0xFFD0
[3204] [M]: 0x800031FC (0xFFD00593) addi a1, zero, 4093
x11 <- 0xFFFFFFFD


mem[X,0x80003200] -> 0x4633
mem[X,0x80003202] -> 0x02B5
[3205] [M]: 0x80003200 (0x02B54633) div a2, a0, a1
x12 <- 0xFFFFFFAB


mem[X,0x80003204] -> 0xA623
mem[X,0x80003206] -> 0x0AC0
[3206] [M]: 0x80003204 (0x0AC0A623) sw a2, 172(ra)
mem[0x80005B44] <- 0xFFFFFFAB


mem[X,0x80003208] -> 0x0537
mem[X,0x8000320A] -> 0x0008
[3207] [M]: 0x80003208 (0x00080537) lui a0, 128
x10 <- 0x00080000


mem[X,0x8000320C] -> 0x05B7
mem[X,0x8000320E] -> 0x0008
[3208] [M]: 0x8000320C (0x000805B7) lui a1, 128
x11 <- 0x00080000


mem[X,0x80003210] -> 0x4633
mem[X,0x80003212] -> 0x02B5
[3209] [M]: 0x80003210 (0x02B54633) div a2, a0, a1
x12 <- 0x00000001


mem[X,0x80003214] -> 0xA823
mem[X,0x80003216] -> 0x0AC0
[3210] [M]: 0x80003214 (0x0AC0A823) sw a2, 176(ra)
mem[0x80005B48] <- 0x00000001


mem[X,0x80003218] -> 0x0013
mem[X,0x8000321A] -> 0x0000
[3211] [M]: 0x80003218 (0x00000013) addi zero, zero, 0


mem[X,0x8000321C] -> 0x0013
mem[X,0x8000321E] -> 0x0000
[3212] [M]: 0x8000321C (0x00000013) addi zero, zero, 0


mem[X,0x80003220] -> 0x0093
mem[X,0x80003222] -> 0x0010
[3213] [M]: 0x80003220 (0x00100093) addi ra, zero, 1
x1 <- 0x00000001


mem[X,0x80003224] -> 0x1F17
mem[X,0x80003226] -> 0x0000
[3214] [M]: 0x80003224 (0x00001F17) auipc t5, 1
x30 <- 0x80004224


mem[X,0x80003228] -> 0x2E23
mem[X,0x8000322A] -> 0xDC1F
[3215] [M]: 0x80003228 (0xDC1F2E23) sw ra, 3548(t5)
htif[0x80004000] <- 0x00000001


mem[X,0x8000322C] -> 0xF06F
mem[X,0x8000322E] -> 0xFF9F
[3216] [M]: 0x8000322C (0xFF9FF06F) jal zero, 2097144


mem[X,0x80003224] -> 0x1F17
mem[X,0x80003226] -> 0x0000
[3217] [M]: 0x80003224 (0x00001F17) auipc t5, 1
x30 <- 0x80004224


mem[X,0x80003228] -> 0x2E23
mem[X,0x8000322A] -> 0xDC1F
[3218] [M]: 0x80003228 (0xDC1F2E23) sw ra, 3548(t5)
htif[0x80004000] <- 0x00000001


mem[X,0x8000322C] -> 0xF06F
mem[X,0x8000322E] -> 0xFF9F
[3219] [M]: 0x8000322C (0xFF9FF06F) jal zero, 2097144


mem[X,0x80003224] -> 0x1F17
mem[X,0x80003226] -> 0x0000
[3220] [M]: 0x80003224 (0x00001F17) auipc t5, 1
x30 <- 0x80004224


mem[X,0x80003228] -> 0x2E23
mem[X,0x8000322A] -> 0xDC1F
[3221] [M]: 0x80003228 (0xDC1F2E23) sw ra, 3548(t5)
htif[0x80004000] <- 0x00000001
htif-syscall-proxy cmd: 0x000000000001

SUCCESS
